Taxa bit representation:
t1 10000000
t2 01000000
t3 00100000
t4 00010000
t5 00001000
t6 00000100
t7 00000010
t8 00000001
Clade List (<taxon members> = <clade name>): 

>Dataset_0
[0,F,0.0078125,11111100,0.78125,X]
[25,F,0.0644531,00000011,6.44531,X]
[26,F,0.115234,00000011,11.5234,X]
[27,F,0.286444,00000010,28.6444,X]
[28,F,0.335272,00000010,33.5272,X]
[29,F,0.359686,00000010,35.9686,X]
[19,F,0.383323,00001100,38.3323,X]
[1,F,0.414573,11110000,41.4573,X]
[37,F,0.442694,00000001,44.2694,X]
[30,F,0.471014,00000010,47.1014,X]
[31,F,0.490545,00000010,49.0545,X]
[38,F,0.50617,00000001,50.617,X]
[20,F,0.513206,00001100,51.3206,X]
[9,F,0.525153,00010000,52.5153,X]
[21,F,0.532738,00001100,53.2738,X]
[2,F,0.553473,11100000,55.3473,X]
[5,F,0.566695,00100000,56.6695,X]
[32,F,0.590155,00000010,59.0155,X]
[33,F,0.620428,00000010,62.0428,X]
[10,F,0.669684,00010000,66.9684,X]
[6,F,0.673141,00100000,67.3141,X]
[22,F,0.674339,00001100,67.4339,X]
[11,F,0.695075,00010000,69.5075,X]
[39,F,0.709295,00000001,70.9295,X]
[7,F,0.71025,00100000,71.025,X]
[12,F,0.714606,00010000,71.4606,X]
[40,F,0.716131,00000001,71.6131,X]
[13,F,0.769294,00010000,76.9294,X]
[34,F,0.771795,00000010,77.1795,X]
[41,F,0.797186,00000001,79.7186,X]
[35,F,0.810858,00000010,81.0858,X]
[8,F,0.830367,00100000,83.0367,X]
[14,F,0.8357,00010000,83.57,X]
[15,F,0.861091,00010000,86.1091,X]
[16,F,0.886481,00010000,88.6481,X]
[3,F,0.916305,11000000,91.6305,X]
[17,F,0.920661,00010000,92.0661,X]
[42,F,0.926092,00000001,92.6092,X]
[23,F,0.937612,00001000,93.7612,X]
[18,F,0.939216,00010000,93.9216,X]
[43,F,0.945623,00000001,94.5623,X]
[4,F,0.973981,10000000,97.3981,X]
[24,F,0.980581,00001000,98.0581,X]
[36,F,0.987616,00000010,98.7616,X]
GUIDE_TREE_PARTITION1=(((((t1:7.68,t2:7.68):36.92,t3:44.6):9.33,t4:53.93):13.89,(t5:7.02,t6:7.02):60.8):32.18,(t7:80.34,t8:80.34):19.66);
