Taxa bit representation:
t1 10000000
t2 01000000
t3 00100000
t4 00010000
t5 00001000
t6 00000100
t7 00000010
t8 00000001
Clade List (<taxon members> = <clade name>): 

>Dataset_0
[24,F,0.00488281,00001111,0.488281,X]
[0,F,0.0195312,11110000,1.95312,X]
[1,F,0.0644531,11110000,6.44531,X]
[25,F,0.0839844,00001111,8.39844,X]
[2,F,0.183594,11110000,18.3594,X]
[26,F,0.189453,00001111,18.9453,X]
[27,F,0.223633,00001111,22.3633,X]
[3,F,0.245117,11110000,24.5117,X]
[28,F,0.277344,00001111,27.7344,X]
[4,F,0.342773,11110000,34.2773,X]
[29,F,0.347656,00001111,34.7656,X]
[5,F,0.388672,11110000,38.8672,X]
[40,F,0.458645,00000011,45.8645,X]
[41,F,0.471341,00000011,47.1341,X]
[42,F,0.510403,00000011,51.0403,X]
[43,F,0.5397,00000011,53.97,X]
[44,F,0.547513,00000011,54.7513,X]
[30,F,0.609036,00001100,60.9036,X]
[31,F,0.629544,00001100,62.9544,X]
[45,F,0.642239,00000011,64.2239,X]
[32,F,0.643216,00001100,64.3216,X]
[46,F,0.648098,00000011,64.8098,X]
[16,F,0.661778,00110000,66.1778,X]
[47,F,0.6647,00000011,66.47,X]
[6,F,0.67252,11000000,67.252,X]
[33,F,0.675877,00001000,67.5877,X]
[17,F,0.721798,00100000,72.1798,X]
[18,F,0.756955,00100000,75.6955,X]
[48,F,0.768216,00000011,76.8216,X]
[34,F,0.77158,00001000,77.158,X]
[35,F,0.781345,00001000,78.1345,X]
[19,F,0.781369,00100000,78.1369,X]
[22,F,0.786252,00010000,78.6252,X]
[23,F,0.794064,00010000,79.4064,X]
[20,F,0.841916,00100000,84.1916,X]
[7,F,0.853858,10000000,85.3858,X]
[8,F,0.855811,10000000,85.5811,X]
[9,F,0.862647,10000000,86.2647,X]
[49,F,0.880206,00000010,88.0206,X]
[38,F,0.902439,00000100,90.2439,X]
[10,F,0.916358,10000000,91.6358,X]
[36,F,0.920994,00001000,92.0994,X]
[14,F,0.928077,01000000,92.8077,X]
[15,F,0.936866,01000000,93.6866,X]
[39,F,0.955173,00000100,95.5173,X]
[11,F,0.962256,10000000,96.2256,X]
[21,F,0.964962,00100000,96.4962,X]
[12,F,0.969092,10000000,96.9092,X]
[37,F,0.98447,00001000,98.447,X]
[13,F,0.984717,10000000,98.4717,X]
[50,F,0.990558,00000010,99.0558,X]
GUIDE_TREE_PARTITION1=(((t1:19.79,t2:19.79):15.79,(t3:32.41,t4:32.41):3.17):64.42,((t5:32.51,t6:32.51):26.02,(t7:12.37,t8:12.37):46.16):41.47);
