Taxa bit representation:
t1 10000000
t2 01000000
t3 00100000
t4 00010000
t5 00001000
t6 00000100
t7 00000010
t8 00000001
Clade List (<taxon members> = <clade name>): 

>Dataset_0
[0,F,0.00683594,11111110,0.683594,X]
[104,F,0.00683594,00000001,0.683594,X]
[105,F,0.0742187,00000001,7.42187,X]
[1,F,0.0771484,11111110,7.71484,X]
[106,F,0.0957031,00000001,9.57031,X]
[107,F,0.110352,00000001,11.0352,X]
[2,F,0.117187,11111110,11.7187,X]
[108,F,0.125,00000001,12.5,X]
[109,F,0.139648,00000001,13.9648,X]
[110,F,0.149414,00000001,14.9414,X]
[111,F,0.15332,00000001,15.332,X]
[112,F,0.158203,00000001,15.8203,X]
[3,F,0.179687,11111110,17.9687,X]
[113,F,0.186523,00000001,18.6523,X]
[4,F,0.200348,11111100,20.0348,X]
[114,F,0.204102,00000001,20.4102,X]
[83,F,0.205231,00000010,20.5231,X]
[115,F,0.216797,00000001,21.6797,X]
[84,F,0.233552,00000010,23.3552,X]
[85,F,0.237458,00000010,23.7458,X]
[86,F,0.337067,00000010,33.7067,X]
[5,F,0.345856,11111100,34.5856,X]
[87,F,0.348786,00000010,34.8786,X]
[70,F,0.395086,00000100,39.5086,X]
[88,F,0.399567,00000010,39.9567,X]
[89,F,0.400544,00000010,40.0544,X]
[116,F,0.44043,00000001,44.043,X]
[71,F,0.45075,00000100,45.075,X]
[6,F,0.451727,11111000,45.1727,X]
[7,F,0.458562,11111000,45.8562,X]
[72,F,0.460516,00000100,46.0516,X]
[90,F,0.46402,00000010,46.402,X]
[8,F,0.466375,11111000,46.6375,X]
[117,F,0.505859,00000001,50.5859,X]
[91,F,0.508942,00000010,50.8942,X]
[92,F,0.512848,00000010,51.2848,X]
[93,F,0.517731,00000010,51.7731,X]
[73,F,0.521062,00000100,52.1062,X]
[9,F,0.522039,11111000,52.2039,X]
[118,F,0.52832,00000001,52.832,X]
[10,F,0.531805,11111000,53.1805,X]
[11,F,0.539617,11111000,53.9617,X]
[74,F,0.555242,00000100,55.5242,X]
[94,F,0.56363,00000010,56.363,X]
[119,F,0.609375,00000001,60.9375,X]
[95,F,0.62027,00000010,62.027,X]
[12,F,0.629989,11110000,62.9989,X]
[96,F,0.633942,00000010,63.3942,X]
[97,F,0.650544,00000010,65.0544,X]
[120,F,0.65625,00000001,65.625,X]
[46,F,0.662448,00010000,66.2448,X]
[75,F,0.670477,00000100,67.0477,X]
[55,F,0.676864,00001000,67.6864,X]
[98,F,0.678864,00000010,67.8864,X]
[47,F,0.685886,00010000,68.5886,X]
[56,F,0.68663,00001000,68.663,X]
[99,F,0.690583,00000010,69.0583,X]
[121,F,0.695312,00000001,69.5312,X]
[122,F,0.701172,00000001,70.1172,X]
[13,F,0.704441,11100000,70.4441,X]
[48,F,0.70737,00010000,70.737,X]
[14,F,0.708347,11100000,70.8347,X]
[123,F,0.709961,00000001,70.9961,X]
[35,F,0.719542,00100000,71.9542,X]
[57,F,0.727645,00001000,72.7645,X]
[36,F,0.728331,00100000,72.8331,X]
[58,F,0.739364,00001000,73.9364,X]
[22,F,0.73993,01000000,73.993,X]
[59,F,0.744247,00001000,74.4247,X]
[23,F,0.76532,01000000,76.532,X]
[37,F,0.766417,00100000,76.6417,X]
[124,F,0.767578,00000001,76.7578,X]
[24,F,0.777039,01000000,77.7039,X]
[60,F,0.781356,00001000,78.1356,X]
[61,F,0.783309,00001000,78.3309,X]
[15,F,0.785828,10000000,78.5828,X]
[49,F,0.80112,00010000,80.112,X]
[100,F,0.806794,00000010,80.6794,X]
[125,F,0.808594,00000001,80.8594,X]
[16,F,0.812195,10000000,81.2195,X]
[25,F,0.823914,01000000,82.3914,X]
[101,F,0.831208,00000010,83.1208,X]
[26,F,0.831727,01000000,83.1727,X]
[27,F,0.839539,01000000,83.9539,X]
[50,F,0.843112,00010000,84.3112,X]
[126,F,0.844727,00000001,84.4727,X]
[51,F,0.847995,00010000,84.7995,X]
[28,F,0.853211,01000000,85.3211,X]
[17,F,0.853211,10000000,85.3211,X]
[127,F,0.860352,00000001,86.0352,X]
[76,F,0.861883,00000100,86.1883,X]
[38,F,0.866027,00100000,86.6027,X]
[128,F,0.868164,00000001,86.8164,X]
[39,F,0.873839,00100000,87.3839,X]
[77,F,0.882391,00000100,88.2391,X]
[29,F,0.882508,01000000,88.2508,X]
[62,F,0.885848,00001000,88.5848,X]
[18,F,0.889344,10000000,88.9344,X]
[63,F,0.893661,00001000,89.3661,X]
[78,F,0.898016,00000100,89.8016,X]
[102,F,0.902497,00000010,90.2497,X]
[129,F,0.905273,00000001,90.5273,X]
[79,F,0.905828,00000100,90.5828,X]
[30,F,0.907898,01000000,90.7898,X]
[80,F,0.912664,00000100,91.2664,X]
[64,F,0.914169,00001000,91.4169,X]
[65,F,0.918075,00001000,91.8075,X]
[31,F,0.918641,01000000,91.8641,X]
[130,F,0.922852,00000001,92.2852,X]
[40,F,0.923644,00100000,92.3644,X]
[131,F,0.928711,00000001,92.8711,X]
[52,F,0.93198,00010000,93.198,X]
[41,F,0.941222,00100000,94.1222,X]
[66,F,0.944442,00001000,94.4442,X]
[42,F,0.946105,00100000,94.6105,X]
[132,F,0.947266,00000001,94.7266,X]
[53,F,0.948581,00010000,94.8581,X]
[19,F,0.948914,10000000,94.8914,X]
[43,F,0.950011,00100000,95.0011,X]
[103,F,0.953278,00000010,95.3278,X]
[67,F,0.957137,00001000,95.7137,X]
[20,F,0.95868,10000000,95.868,X]
[133,F,0.958984,00000001,95.8984,X]
[81,F,0.959539,00000100,95.9539,X]
[54,F,0.96323,00010000,96.323,X]
[82,F,0.964422,00000100,96.4422,X]
[68,F,0.968856,00001000,96.8856,X]
[32,F,0.974305,01000000,97.4305,X]
[44,F,0.976378,00100000,97.6378,X]
[33,F,0.977234,01000000,97.7234,X]
[34,F,0.979187,01000000,97.9188,X]
[69,F,0.982528,00001000,98.2528,X]
[21,F,0.987977,10000000,98.7977,X]
[45,F,0.989073,00100000,98.9073,X]
GUIDE_TREE_PARTITION1=(((((((t1:26.3,t2:26.3):2.82,t3:29.12):6.1,t4:35.22):2.66,t5:37.88):26.42,t6:64.3):17.13,t7:81.43):18.57,t8:100);
