Taxa bit representation:
t1 10000000
t2 01000000
t3 00100000
t4 00010000
t5 00001000
t6 00000100
t7 00000010
t8 00000001
Clade List (<taxon members> = <clade name>): 

>Dataset_0
[11,F,0.0507812,00000001,5.07812,X]
[0,F,0.168362,11111100,16.8362,X]
[1,F,0.193753,11111100,19.3753,X]
[2,F,0.198636,11111100,19.8636,X]
[12,F,0.225586,00000001,22.5586,X]
[13,F,0.364258,00000001,36.4258,X]
[3,F,0.373172,11111000,37.3172,X]
[14,F,0.426758,00000001,42.6758,X]
[4,F,0.564713,11110000,56.4713,X]
[7,F,0.574478,00001000,57.4478,X]
[8,F,0.730728,00001000,73.0728,X]
[15,F,0.760742,00000001,76.0742,X]
[10,F,0.802152,00000010,80.2152,X]
[9,F,0.812759,00001000,81.2759,X]
[16,F,0.910156,00000001,91.0156,X]
[6,F,0.953794,00010000,95.3794,X]
[5,F,0.988189,10000000,98.8189,X]
GUIDE_TREE_PARTITION1=(((((((t1:2.06,t2:2.06):1.28,t3:3.34):19.64,t4:22.98):33.83,t5:56.81):13.49,t6:70.3):29.27,t7:99.57):0.43,t8:100);
