Taxa bit representation:
t1 10000000
t2 01000000
t3 00100000
t4 00010000
t5 00001000
t6 00000100
t7 00000010
t8 00000001
Clade List (<taxon members> = <clade name>): 

>Dataset_0
[0,F,0.00390625,11111100,0.390625,X]
[1,F,0.0234375,11111100,2.34375,X]
[44,F,0.0458984,00000011,4.58984,X]
[2,F,0.0546875,11111100,5.46875,X]
[45,F,0.110352,00000011,11.0352,X]
[46,F,0.111328,00000011,11.1328,X]
[47,F,0.155273,00000011,15.5273,X]
[48,F,0.160156,00000011,16.0156,X]
[49,F,0.162109,00000011,16.2109,X]
[50,F,0.188477,00000011,18.8477,X]
[51,F,0.189453,00000011,18.9453,X]
[52,F,0.217773,00000011,21.7773,X]
[53,F,0.230469,00000011,23.0469,X]
[3,F,0.241211,11111100,24.1211,X]
[4,F,0.249023,11111100,24.9023,X]
[54,F,0.254883,00000011,25.4883,X]
[5,F,0.262695,11111100,26.2695,X]
[55,F,0.268555,00000011,26.8555,X]
[6,F,0.280273,11111100,28.0273,X]
[7,F,0.310547,11111100,31.0547,X]
[8,F,0.322266,11111100,32.2266,X]
[56,F,0.345703,00000011,34.5703,X]
[57,F,0.350586,00000011,35.0586,X]
[9,F,0.369141,11111100,36.9141,X]
[10,F,0.387695,11111100,38.7695,X]
[58,F,0.402344,00000011,40.2344,X]
[59,F,0.436523,00000011,43.6523,X]
[11,F,0.443359,11111100,44.3359,X]
[60,F,0.443359,00000011,44.3359,X]
[12,F,0.458984,11111100,45.8984,X]
[13,F,0.460938,11111100,46.0938,X]
[61,F,0.466797,00000011,46.6797,X]
[14,F,0.519531,11111100,51.9531,X]
[62,F,0.532227,00000011,53.2227,X]
[63,F,0.542969,00000011,54.2969,X]
[15,F,0.558114,11110000,55.8114,X]
[16,F,0.566903,11110000,56.6903,X]
[64,F,0.572266,00000011,57.2266,X]
[37,F,0.581552,00001100,58.1552,X]
[38,F,0.588387,00001100,58.8387,X]
[39,F,0.606942,00001100,60.6942,X]
[17,F,0.613778,11110000,61.3778,X]
[18,F,0.621591,11110000,62.1591,X]
[40,F,0.644052,00001100,64.4052,X]
[41,F,0.650887,00001100,65.0887,X]
[71,F,0.662936,00000001,66.2936,X]
[65,F,0.68442,00000010,68.442,X]
[31,F,0.690789,00010000,69.0789,X]
[42,F,0.702645,00001100,70.2645,X]
[72,F,0.708834,00000001,70.8834,X]
[32,F,0.711297,00010000,71.1297,X]
[19,F,0.730828,11100000,73.0828,X]
[20,F,0.742547,11100000,74.2547,X]
[21,F,0.743523,11100000,74.3523,X]
[73,F,0.744967,00000001,74.4967,X]
[74,F,0.747897,00000001,74.7897,X]
[33,F,0.765008,00010000,76.5008,X]
[22,F,0.767937,11100000,76.7937,X]
[75,F,0.810397,00000001,81.0397,X]
[66,F,0.837741,00000010,83.7741,X]
[23,F,0.846062,11100000,84.6062,X]
[24,F,0.849969,11100000,84.9969,X]
[34,F,0.87243,00010000,87.243,X]
[76,F,0.878756,00000001,87.8756,X]
[77,F,0.884616,00000001,88.4616,X]
[78,F,0.885592,00000001,88.5592,X]
[35,F,0.887078,00010000,88.7078,X]
[25,F,0.887078,11100000,88.7078,X]
[67,F,0.9061,00000010,90.61,X]
[43,F,0.906366,00001000,90.6366,X]
[68,F,0.908053,00000010,90.8053,X]
[26,F,0.921403,11000000,92.1403,X]
[28,F,0.952666,01000000,95.2666,X]
[79,F,0.953952,00000001,95.3952,X]
[36,F,0.954461,00010000,95.4461,X]
[80,F,0.96567,00000001,96.567,X]
[29,F,0.967302,00100000,96.7302,X]
[27,F,0.97415,10000000,97.415,X]
[81,F,0.980319,00000001,98.0319,X]
[82,F,0.981295,00000001,98.1295,X]
[69,F,0.989108,00000010,98.9108,X]
[30,F,0.991716,00100000,99.1716,X]
[70,F,0.995944,00000010,99.5944,X]
GUIDE_TREE_PARTITION1=(((((t1:5.71,t2:5.71):5.47,t3:11.18):20.62,t4:31.8):14.83,(t5:16.59,t6:16.59):30.04):53.37,(t7:34.39,t8:34.39):65.61);
