Taxa bit representation:
t1 10000000
t2 01000000
t3 00100000
t4 00010000
t5 00001000
t6 00000100
t7 00000010
t8 00000001
Clade List (<taxon members> = <clade name>): 

>Dataset_0
[20,F,0.0317359,00000010,3.17359,X]
[0,F,0.0864234,11111100,8.64234,X]
[21,F,0.11865,00000010,11.865,X]
[22,F,0.155759,00000010,15.5759,X]
[1,F,0.179762,11110000,17.9763,X]
[23,F,0.198728,00000010,19.8728,X]
[2,F,0.217848,11110000,21.7848,X]
[11,F,0.230544,00001000,23.0544,X]
[16,F,0.239125,00000100,23.9125,X]
[17,F,0.243031,00000100,24.3031,X]
[18,F,0.256703,00000100,25.6703,X]
[3,F,0.317458,11110000,31.7458,X]
[31,F,0.334961,00000001,33.4961,X]
[24,F,0.3374,00000010,33.74,X]
[4,F,0.348314,11100000,34.8314,X]
[8,F,0.368822,00010000,36.8822,X]
[32,F,0.380859,00000001,38.0859,X]
[25,F,0.418455,00000010,41.8455,X]
[33,F,0.422852,00000001,42.2852,X]
[26,F,0.463377,00000010,46.3377,X]
[19,F,0.471547,00000100,47.1547,X]
[27,F,0.479002,00000010,47.9002,X]
[9,F,0.656908,00010000,65.6908,X]
[34,F,0.657227,00000001,65.7227,X]
[12,F,0.663161,00001000,66.3161,X]
[13,F,0.756911,00001000,75.6911,X]
[35,F,0.772461,00000001,77.2461,X]
[10,F,0.773119,00010000,77.3119,X]
[36,F,0.791992,00000001,79.1992,X]
[28,F,0.795408,00000010,79.5408,X]
[29,F,0.848142,00000010,84.8142,X]
[30,F,0.916502,00000010,91.6502,X]
[6,F,0.925487,00100000,92.5487,X]
[14,F,0.935622,00001000,93.5622,X]
[5,F,0.961312,01000000,96.1312,X]
[15,F,0.982497,00001000,98.2497,X]
[7,F,0.996777,00100000,99.6777,X]
GUIDE_TREE_PARTITION1=(((((((t1:17.15,t2:17.15):2.02,t3:19.17):48.44,t4:67.61):18.32,t5:85.93):4.22,t6:90.15):7.36,t7:97.51):2.49,t8:100);
