Taxa bit representation:
t1 10000000
t2 01000000
t3 00100000
t4 00010000
t5 00001000
t6 00000100
t7 00000010
t8 00000001
Clade List (<taxon members> = <clade name>): 

>Dataset_0
[0,F,0.208008,11111100,20.8008,X]
[13,F,0.316406,00000011,31.6406,X]
[14,F,0.368164,00000011,36.8164,X]
[15,F,0.399414,00000011,39.9414,X]
[16,F,0.401367,00000011,40.1367,X]
[1,F,0.523242,11100000,52.3242,X]
[10,F,0.53758,00001100,53.758,X]
[11,F,0.603986,00001100,60.3986,X]
[4,F,0.648783,00100000,64.8783,X]
[7,F,0.738086,00010000,73.8086,X]
[5,F,0.74058,00100000,74.058,X]
[8,F,0.741016,00010000,74.1016,X]
[17,F,0.828953,00000001,82.8953,X]
[6,F,0.829447,00100000,82.9447,X]
[12,F,0.832502,00001100,83.2502,X]
[18,F,0.88657,00000001,88.657,X]
[2,F,0.897003,10000000,89.7003,X]
[9,F,0.974414,00010000,97.4414,X]
[3,F,0.98587,01000000,98.587,X]
GUIDE_TREE_PARTITION1=(((((t1:19.87,t2:19.87):15.74,t3:35.61):13.14,t4:48.75):0.91,(t5:2.68,t6:2.68):46.98):50.34,(t7:42.3,t8:42.3):57.7);
