Taxa bit representation:
t1 10000000
t2 01000000
t3 00100000
t4 00010000
t5 00001000
t6 00000100
t7 00000010
t8 00000001
Clade List (<taxon members> = <clade name>): 

>Dataset_0
[0,F,0.0460953,11110000,4.60953,X]
[80,F,0.0556641,00000011,5.56641,X]
[1,F,0.0607437,11110000,6.07437,X]
[2,F,0.0685562,11110000,6.85562,X]
[59,F,0.0880875,00001100,8.80875,X]
[3,F,0.105666,11110000,10.5666,X]
[60,F,0.110548,00001100,11.0548,X]
[4,F,0.129103,11110000,12.9103,X]
[81,F,0.129883,00000011,12.9883,X]
[5,F,0.146681,11110000,14.6681,X]
[82,F,0.166016,00000011,16.6016,X]
[83,F,0.177734,00000011,17.7734,X]
[84,F,0.179688,00000011,17.9688,X]
[85,F,0.182617,00000011,18.2617,X]
[6,F,0.203322,11110000,20.3322,X]
[61,F,0.205275,00001100,20.5275,X]
[7,F,0.216017,11110000,21.6017,X]
[86,F,0.216797,00000011,21.6797,X]
[62,F,0.224806,00001100,22.4806,X]
[8,F,0.234572,11110000,23.4572,X]
[87,F,0.237305,00000011,23.7305,X]
[88,F,0.250977,00000011,25.0977,X]
[89,F,0.263672,00000011,26.3672,X]
[63,F,0.270705,00001100,27.0705,X]
[9,F,0.273634,11110000,27.3634,X]
[90,F,0.27832,00000011,27.832,X]
[64,F,0.309767,00001100,30.9767,X]
[91,F,0.313477,00000011,31.3477,X]
[65,F,0.313673,00001100,31.3673,X]
[92,F,0.355469,00000011,35.5469,X]
[10,F,0.369337,11110000,36.9337,X]
[93,F,0.370117,00000011,37.0117,X]
[66,F,0.370314,00001100,37.0314,X]
[94,F,0.375,00000011,37.5,X]
[95,F,0.380859,00000011,38.0859,X]
[67,F,0.392775,00001100,39.2775,X]
[43,F,0.398997,00010000,39.8997,X]
[68,F,0.4084,00001100,40.84,X]
[44,F,0.418528,00010000,41.8528,X]
[45,F,0.465403,00010000,46.5403,X]
[46,F,0.512278,00010000,51.2278,X]
[69,F,0.519728,00001100,51.9728,X]
[11,F,0.52595,11100000,52.595,X]
[12,F,0.584544,11100000,58.4544,X]
[47,F,0.59138,00010000,59.138,X]
[70,F,0.605666,00001100,60.5666,X]
[71,F,0.611525,00001100,61.1525,X]
[48,F,0.613841,00010000,61.3841,X]
[31,F,0.62432,00100000,62.432,X]
[72,F,0.633986,00001100,63.3986,X]
[73,F,0.642775,00001100,64.2775,X]
[96,F,0.658203,00000011,65.8203,X]
[13,F,0.663383,11000000,66.3383,X]
[49,F,0.663645,00010000,66.3645,X]
[32,F,0.669242,00100000,66.9242,X]
[14,F,0.682914,11000000,68.2914,X]
[97,F,0.686523,00000011,68.6523,X]
[98,F,0.692383,00000011,69.2383,X]
[15,F,0.692989,10000000,69.2989,X]
[50,F,0.707591,00010000,70.7591,X]
[16,F,0.707638,10000000,70.7638,X]
[99,F,0.711914,00000011,71.1914,X]
[17,F,0.728145,10000000,72.8145,X]
[18,F,0.730098,10000000,73.0098,X]
[33,F,0.732719,00100000,73.2719,X]
[25,F,0.741817,01000000,74.1817,X]
[19,F,0.744747,10000000,74.4747,X]
[34,F,0.756156,00100000,75.6156,X]
[51,F,0.757395,00010000,75.7395,X]
[100,F,0.759766,00000011,75.9766,X]
[52,F,0.764231,00010000,76.4231,X]
[101,F,0.765625,00000011,76.5625,X]
[102,F,0.769477,00000010,76.9477,X]
[26,F,0.775997,01000000,77.5997,X]
[53,F,0.779856,00010000,77.9856,X]
[35,F,0.785453,00100000,78.5453,X]
[103,F,0.788031,00000010,78.8031,X]
[78,F,0.801248,00000100,80.1248,X]
[20,F,0.811153,10000000,81.1153,X]
[36,F,0.81475,00100000,81.475,X]
[105,F,0.817328,00000001,81.7328,X]
[21,F,0.821895,10000000,82.1895,X]
[22,F,0.835567,10000000,83.5567,X]
[37,F,0.836234,00100000,83.6234,X]
[54,F,0.844309,00010000,84.4309,X]
[23,F,0.854122,10000000,85.4122,X]
[38,F,0.861625,00100000,86.1625,X]
[106,F,0.863227,00000001,86.3227,X]
[74,F,0.863748,00001000,86.3748,X]
[55,F,0.865794,00010000,86.5794,X]
[75,F,0.876444,00001000,87.6444,X]
[39,F,0.881156,00100000,88.1156,X]
[104,F,0.892523,00000010,89.2523,X]
[24,F,0.893184,10000000,89.3184,X]
[107,F,0.8935,00000001,89.35,X]
[27,F,0.90002,01000000,90.002,X]
[56,F,0.905833,00010000,90.5833,X]
[108,F,0.911078,00000001,91.1078,X]
[76,F,0.913553,00001000,91.3553,X]
[77,F,0.923319,00001000,92.3319,X]
[57,F,0.937083,00010000,93.7083,X]
[79,F,0.944803,00000100,94.4803,X]
[28,F,0.944942,01000000,94.4942,X]
[109,F,0.946234,00000001,94.6234,X]
[58,F,0.946848,00010000,94.6848,X]
[40,F,0.958305,00100000,95.8305,X]
[41,F,0.969047,00100000,96.9047,X]
[42,F,0.971977,00100000,97.1977,X]
[29,F,0.973263,01000000,97.3263,X]
[30,F,0.99963,01000000,99.963,X]
GUIDE_TREE_PARTITION1=(((((t1:31.58,t2:31.58):8.82,t3:40.4):22.63,t4:63.03):33.63,(t5:21.34,t6:21.34):75.32):3.34,(t7:23.15,t8:23.15):76.85);
