Taxa bit representation:
t1 10000000
t2 01000000
t3 00100000
t4 00010000
t5 00001000
t6 00000100
t7 00000010
t8 00000001
Clade List (<taxon members> = <clade name>): 

>Dataset_0
[0,F,0.0146484,11111100,1.46484,X]
[10,F,0.335938,00000011,33.5938,X]
[6,F,0.349784,00010000,34.9784,X]
[4,F,0.442983,00100000,44.2983,X]
[1,F,0.609975,11000000,60.9975,X]
[5,F,0.697866,00100000,69.7866,X]
[3,F,0.700025,01000000,70.0025,X]
[2,F,0.815259,10000000,81.5259,X]
[11,F,0.861106,00000010,86.1106,X]
[9,F,0.908945,00000100,90.8945,X]
[7,F,0.912284,00010000,91.2284,X]
[13,F,0.929466,00000001,92.9466,X]
[8,F,0.968925,00010000,96.8925,X]
[12,F,0.999778,00000010,99.9778,X]
GUIDE_TREE_PARTITION1=(((((t1:31.56,t2:31.56):30.88,t3:62.44):4.73,t4:67.17):7.36,(t5:63.5,t6:63.5):11.03):25.47,(t7:39.28,t8:39.28):60.72);
