Taxa bit representation:
t1 10000000
t2 01000000
t3 00100000
t4 00010000
t5 00001000
t6 00000100
t7 00000010
t8 00000001
Clade List (<taxon members> = <clade name>): 

>Dataset_0
[19,F,0.00878906,00000011,0.878906,X]
[20,F,0.0117188,00000011,1.17188,X]
[0,F,0.0292969,11111100,2.92969,X]
[21,F,0.12207,00000011,12.207,X]
[1,F,0.130859,11111100,13.0859,X]
[2,F,0.207031,11111100,20.7031,X]
[3,F,0.34082,11111100,34.082,X]
[22,F,0.368164,00000011,36.8164,X]
[12,F,0.459303,00001100,45.9303,X]
[13,F,0.58528,00001100,58.528,X]
[4,F,0.641117,11100000,64.1117,X]
[14,F,0.654495,00001000,65.4495,X]
[15,F,0.715042,00001000,71.5042,X]
[5,F,0.737797,11100000,73.7797,X]
[6,F,0.787231,10000000,78.7231,X]
[7,F,0.797973,10000000,79.7973,X]
[16,F,0.830277,00001000,83.0277,X]
[10,F,0.875311,00100000,87.5311,X]
[8,F,0.880981,01000000,88.0981,X]
[11,F,0.890936,00100000,89.0936,X]
[18,F,0.921097,00000100,92.1097,X]
[17,F,0.960159,00001000,96.0159,X]
[9,F,0.975708,01000000,97.5708,X]
GUIDE_TREE_PARTITION1=(((((t1:23.23,t2:23.23):0.86,t3:24.09):23.81,t4:47.9):9.49,(t5:35.82,t6:35.82):21.57):42.61,(t7:3.55,t8:3.55):96.45);
