Taxa bit representation:
t1 10000000
t2 01000000
t3 00100000
t4 00010000
t5 00001000
t6 00000100
t7 00000010
t8 00000001
Clade List (<taxon members> = <clade name>): 

>Dataset_0
[0,F,0.00488281,11111110,0.488281,X]
[82,F,0.00878906,00000001,0.878906,X]
[1,F,0.0507812,11111110,5.07812,X]
[2,F,0.0546875,11111110,5.46875,X]
[3,F,0.0576172,11111110,5.76172,X]
[4,F,0.0615234,11111110,6.15234,X]
[5,F,0.142578,11111110,14.2578,X]
[83,F,0.161133,00000001,16.1133,X]
[6,F,0.195312,11111110,19.5312,X]
[7,F,0.228516,11111110,22.8516,X]
[84,F,0.259766,00000001,25.9766,X]
[85,F,0.327148,00000001,32.7148,X]
[51,F,0.333436,00000100,33.3436,X]
[8,F,0.350038,11111000,35.0037,X]
[62,F,0.353947,00000010,35.3947,X]
[9,F,0.362733,11111000,36.2733,X]
[52,F,0.367616,00000100,36.7616,X]
[86,F,0.383789,00000001,38.3789,X]
[10,F,0.388123,11111000,38.8123,X]
[63,F,0.393009,00000010,39.3009,X]
[87,F,0.402344,00000001,40.2344,X]
[11,F,0.415467,11111000,41.5467,X]
[88,F,0.422852,00000001,42.2852,X]
[12,F,0.429139,11111000,42.9139,X]
[53,F,0.431092,00000100,43.1092,X]
[89,F,0.46875,00000001,46.875,X]
[64,F,0.487736,00000010,48.7736,X]
[65,F,0.501408,00000010,50.1408,X]
[66,F,0.506291,00000010,50.6291,X]
[67,F,0.50922,00000010,50.922,X]
[13,F,0.51117,11111000,51.117,X]
[54,F,0.521913,00000100,52.1912,X]
[68,F,0.536564,00000010,53.6564,X]
[69,F,0.537541,00000010,53.7541,X]
[70,F,0.541447,00000010,54.1447,X]
[14,F,0.571098,11110000,57.1098,X]
[90,F,0.574219,00000001,57.4219,X]
[55,F,0.577577,00000100,57.7577,X]
[38,F,0.581841,00001000,58.1841,X]
[39,F,0.589653,00001000,58.9653,X]
[71,F,0.592228,00000010,59.2228,X]
[91,F,0.59375,00000001,59.375,X]
[72,F,0.606877,00000010,60.6877,X]
[73,F,0.629337,00000010,62.9337,X]
[40,F,0.637505,00001000,63.7505,X]
[56,F,0.648866,00000100,64.8866,X]
[92,F,0.650391,00000001,65.0391,X]
[57,F,0.668397,00000100,66.8397,X]
[41,F,0.675591,00001000,67.5591,X]
[25,F,0.676042,00010000,67.6042,X]
[74,F,0.677189,00000010,67.7189,X]
[58,F,0.686952,00000100,68.6952,X]
[59,F,0.694764,00000100,69.4764,X]
[26,F,0.698503,00010000,69.8503,X]
[27,F,0.704363,00010000,70.4363,X]
[28,F,0.708269,00010000,70.8269,X]
[15,F,0.723836,11000000,72.3836,X]
[75,F,0.7309,00000010,73.09,X]
[42,F,0.731255,00001000,73.1255,X]
[76,F,0.752384,00000010,75.2384,X]
[77,F,0.766056,00000010,76.6056,X]
[93,F,0.768555,00000001,76.8555,X]
[20,F,0.771687,00100000,77.1688,X]
[29,F,0.785417,00010000,78.5417,X]
[78,F,0.804142,00000010,80.4142,X]
[94,F,0.816406,00000001,81.6406,X]
[60,F,0.830506,00000100,83.0506,X]
[43,F,0.843559,00001000,84.3559,X]
[21,F,0.843953,00100000,84.3953,X]
[44,F,0.844536,00001000,84.4536,X]
[95,F,0.847656,00000001,84.7656,X]
[30,F,0.847917,00010000,84.7917,X]
[31,F,0.85573,00010000,85.573,X]
[32,F,0.856706,00010000,85.6706,X]
[33,F,0.865495,00010000,86.5495,X]
[79,F,0.871525,00000010,87.1525,X]
[96,F,0.87207,00000001,87.207,X]
[34,F,0.876238,00010000,87.6238,X]
[16,F,0.880086,11000000,88.0086,X]
[45,F,0.911919,00001000,91.1919,X]
[97,F,0.916992,00000001,91.6992,X]
[46,F,0.92852,00001000,92.852,X]
[98,F,0.93457,00000001,93.457,X]
[80,F,0.935978,00000010,93.5978,X]
[47,F,0.938286,00001000,93.8286,X]
[99,F,0.943359,00000001,94.3359,X]
[81,F,0.94965,00000010,94.965,X]
[22,F,0.950398,00100000,95.0398,X]
[61,F,0.962342,00000100,96.2342,X]
[19,F,0.965491,01000000,96.5491,X]
[48,F,0.968559,00001000,96.8559,X]
[100,F,0.970703,00000001,97.0703,X]
[35,F,0.97487,00010000,97.487,X]
[101,F,0.980469,00000001,98.0469,X]
[36,F,0.981706,00010000,98.1706,X]
[17,F,0.982092,10000000,98.2092,X]
[23,F,0.985555,00100000,98.5555,X]
[49,F,0.99102,00001000,99.102,X]
[18,F,0.993811,10000000,99.3811,X]
[37,F,0.994402,00010000,99.4402,X]
[50,F,0.99688,00001000,99.688,X]
[24,F,0.99825,00100000,99.825,X]
GUIDE_TREE_PARTITION1=(((((((t1:5.99,t2:5.99):22.31,t3:28.3):5.17,t4:33.47):14.01,t5:47.48):19.86,t6:67.34):3.32,t7:70.66):29.34,t8:100);
