Taxa bit representation:
t1 10000000
t2 01000000
t3 00100000
t4 00010000
t5 00001000
t6 00000100
t7 00000010
t8 00000001
Clade List (<taxon members> = <clade name>): 

>Dataset_0
[0,F,0.0898438,11111110,8.98438,X]
[27,F,0.207031,00000001,20.7031,X]
[28,F,0.209961,00000001,20.9961,X]
[1,F,0.235352,11111110,23.5352,X]
[21,F,0.338914,00000010,33.8914,X]
[2,F,0.440477,11111100,44.0477,X]
[22,F,0.553758,00000010,55.3758,X]
[29,F,0.576172,00000001,57.6172,X]
[23,F,0.643602,00000010,64.3602,X]
[15,F,0.64825,00000100,64.825,X]
[13,F,0.674963,00001000,67.4963,X]
[16,F,0.727352,00000100,72.7352,X]
[3,F,0.729561,11000000,72.9561,X]
[30,F,0.739258,00000001,73.9258,X]
[9,F,0.739327,00100000,73.9327,X]
[17,F,0.740047,00000100,74.0047,X]
[18,F,0.742977,00000100,74.2977,X]
[12,F,0.756912,00010000,75.6912,X]
[31,F,0.761719,00000001,76.1719,X]
[32,F,0.765625,00000001,76.5625,X]
[24,F,0.770555,00000010,77.0555,X]
[4,F,0.779366,11000000,77.9366,X]
[25,F,0.788133,00000010,78.8133,X]
[5,F,0.795967,11000000,79.5967,X]
[26,F,0.815477,00000010,81.5477,X]
[10,F,0.815498,00100000,81.5498,X]
[11,F,0.83503,00100000,83.503,X]
[33,F,0.84668,00000001,84.668,X]
[6,F,0.868506,10000000,86.8506,X]
[19,F,0.899227,00000100,89.9227,X]
[20,F,0.907039,00000100,90.7039,X]
[14,F,0.9484,00001000,94.84,X]
[7,F,0.971045,10000000,97.1045,X]
[34,F,0.977539,00000001,97.7539,X]
[8,F,0.995459,10000000,99.5459,X]
GUIDE_TREE_PARTITION1=(((((((t1:19.79,t2:19.79):9.5,t3:29.29):2.05,t4:31.34):17.57,t5:48.91):1.89,t6:50.8):17.75,t7:68.55):31.45,t8:100);
