Taxa bit representation:
t1 10000000
t2 01000000
t3 00100000
t4 00010000
t5 00001000
t6 00000100
t7 00000010
t8 00000001
Clade List (<taxon members> = <clade name>): 

>Dataset_0
[16,F,0.0351562,00001111,3.51562,X]
[0,F,0.0839844,11110000,8.39844,X]
[1,F,0.0859375,11110000,8.59375,X]
[2,F,0.143555,11110000,14.3555,X]
[17,F,0.150391,00001111,15.0391,X]
[3,F,0.195312,11110000,19.5312,X]
[27,F,0.203755,00000011,20.3755,X]
[4,F,0.206055,11110000,20.6055,X]
[5,F,0.225586,11110000,22.5586,X]
[18,F,0.27602,00001100,27.602,X]
[19,F,0.285786,00001100,28.5786,X]
[28,F,0.325825,00000011,32.5825,X]
[20,F,0.383442,00001100,38.3442,X]
[6,F,0.40918,11110000,40.918,X]
[29,F,0.442036,00000011,44.2036,X]
[30,F,0.450825,00000011,45.0825,X]
[39,F,0.490689,00000001,49.0689,X]
[40,F,0.514127,00000001,51.4127,X]
[41,F,0.539517,00000001,53.9517,X]
[31,F,0.589322,00000010,58.9322,X]
[32,F,0.590298,00000010,59.0298,X]
[7,F,0.603516,11110000,60.3516,X]
[42,F,0.671353,00000001,67.1353,X]
[21,F,0.676411,00001100,67.6411,X]
[12,F,0.719833,00110000,71.9833,X]
[33,F,0.779752,00000010,77.9752,X]
[8,F,0.812606,11000000,81.2606,X]
[34,F,0.816861,00000010,81.6861,X]
[35,F,0.85397,00000010,85.397,X]
[36,F,0.868619,00000010,86.8619,X]
[22,F,0.874066,00001000,87.4066,X]
[9,F,0.886058,01000000,88.6058,X]
[23,F,0.890667,00001000,89.0667,X]
[24,F,0.89262,00001000,89.262,X]
[25,F,0.908245,00001000,90.8245,X]
[26,F,0.956097,00000100,95.6097,X]
[37,F,0.968228,00000010,96.8228,X]
[13,F,0.973989,00100000,97.3989,X]
[14,F,0.979848,00100000,97.9848,X]
[10,F,0.984691,01000000,98.4691,X]
[38,F,0.985806,00000010,98.5806,X]
[11,F,0.988597,01000000,98.8597,X]
[15,F,0.99645,00100000,99.645,X]
GUIDE_TREE_PARTITION1=(((t1:16.57,t2:16.57):15.06,(t3:22.23,t4:22.23):9.4):68.37,((t5:13.57,t6:13.57):67.91,(t7:51.81,t8:51.81):29.67):18.52);
