Taxa bit representation:
t1 10000000
t2 01000000
t3 00100000
t4 00010000
t5 00001000
t6 00000100
t7 00000010
t8 00000001
Clade List (<taxon members> = <clade name>): 

>Dataset_0
[37,F,0.00683594,00000001,0.683594,X]
[38,F,0.0966797,00000001,9.66797,X]
[0,F,0.118164,11111110,11.8164,X]
[39,F,0.124023,00000001,12.4023,X]
[1,F,0.19043,11111110,19.043,X]
[24,F,0.282959,00000010,28.2959,X]
[25,F,0.315186,00000010,31.5186,X]
[26,F,0.330811,00000010,33.0811,X]
[40,F,0.331055,00000001,33.1055,X]
[16,F,0.349267,00000100,34.9267,X]
[41,F,0.354492,00000001,35.4492,X]
[17,F,0.409814,00000100,40.9814,X]
[18,F,0.454736,00000100,45.4736,X]
[19,F,0.457666,00000100,45.7666,X]
[27,F,0.470459,00000010,47.0459,X]
[2,F,0.516259,11111000,51.6259,X]
[28,F,0.543702,00000010,54.3702,X]
[12,F,0.545702,00001000,54.5702,X]
[29,F,0.567139,00000010,56.7139,X]
[3,F,0.571092,11110000,57.1092,X]
[20,F,0.576806,00000100,57.6806,X]
[21,F,0.608056,00000100,60.8056,X]
[42,F,0.608398,00000001,60.8398,X]
[30,F,0.614991,00000010,61.4991,X]
[13,F,0.616014,00001000,61.6014,X]
[4,F,0.645355,11100000,64.5355,X]
[5,F,0.682464,11100000,68.2464,X]
[22,F,0.692041,00000100,69.2041,X]
[23,F,0.716455,00000100,71.6455,X]
[43,F,0.734375,00000001,73.4375,X]
[31,F,0.737061,00000010,73.7061,X]
[14,F,0.739061,00001000,73.9061,X]
[44,F,0.759766,00000001,75.9766,X]
[9,F,0.792159,00100000,79.2159,X]
[32,F,0.796631,00000010,79.6631,X]
[45,F,0.84375,00000001,84.375,X]
[10,F,0.856612,00100000,85.6612,X]
[15,F,0.865038,00001000,86.5037,X]
[33,F,0.869873,00000010,86.9873,X]
[6,F,0.871261,11000000,87.1261,X]
[46,F,0.87207,00000001,87.207,X]
[47,F,0.87793,00000001,87.793,X]
[48,F,0.881836,00000001,88.1836,X]
[34,F,0.887452,00000010,88.7452,X]
[35,F,0.895264,00000010,89.5264,X]
[36,F,0.914795,00000010,91.4795,X]
[7,F,0.924972,11000000,92.4972,X]
[11,F,0.985519,00100000,98.5519,X]
[8,F,0.996548,10000000,99.6548,X]
GUIDE_TREE_PARTITION1=(((((((t1:1.81,t2:1.81):25.81,t3:27.62):9.7,t4:37.32):9.77,t5:47.09):20.62,t6:67.71):4.58,t7:72.29):27.71,t8:100);
