Taxa bit representation:
t1 10000000
t2 01000000
t3 00100000
t4 00010000
t5 00001000
t6 00000100
t7 00000010
t8 00000001
Clade List (<taxon members> = <clade name>): 

>Dataset_0
[0,F,0.0341797,11110000,3.41797,X]
[17,F,0.0537109,00001111,5.37109,X]
[1,F,0.22168,11110000,22.168,X]
[18,F,0.293442,00001100,29.3442,X]
[2,F,0.293945,11110000,29.3945,X]
[19,F,0.341294,00001100,34.1294,X]
[20,F,0.37645,00001100,37.645,X]
[29,F,0.386216,00000011,38.6216,X]
[3,F,0.419922,11110000,41.9922,X]
[21,F,0.427231,00001100,42.7231,X]
[22,F,0.455552,00001100,45.5552,X]
[13,F,0.502453,00110000,50.2453,X]
[30,F,0.538559,00000011,53.8559,X]
[14,F,0.561047,00110000,56.1047,X]
[8,F,0.65307,01000000,65.307,X]
[23,F,0.670395,00001100,67.0395,X]
[24,F,0.676255,00001100,67.6255,X]
[4,F,0.676508,10000000,67.6508,X]
[31,F,0.706528,00000011,70.6528,X]
[9,F,0.706781,01000000,70.6781,X]
[10,F,0.72143,01000000,72.143,X]
[15,F,0.724133,00110000,72.4133,X]
[32,F,0.795395,00000011,79.5395,X]
[5,F,0.800531,10000000,80.0531,X]
[6,F,0.811273,10000000,81.1273,X]
[11,F,0.817133,01000000,81.7133,X]
[33,F,0.827622,00000011,82.7622,X]
[35,F,0.845342,00000001,84.5342,X]
[36,F,0.848272,00000001,84.8272,X]
[25,F,0.884262,00001100,88.4262,X]
[34,F,0.887334,00000010,88.7334,X]
[12,F,0.93432,01000000,93.432,X]
[26,F,0.968463,00001000,96.8462,X]
[16,F,0.986655,00100000,98.6655,X]
[27,F,0.987994,00001000,98.7994,X]
[28,F,0.992877,00000100,99.2877,X]
[7,F,0.99682,10000000,99.682,X]
GUIDE_TREE_PARTITION1=(((t1:46.9,t2:46.9):3.05,(t3:9.44,t4:9.44):40.51):50.05,((t5:7.06,t6:7.06):64.67,(t7:16.54,t8:16.54):55.19):28.27);
