Taxa bit representation:
t1 10000000
t2 01000000
t3 00100000
t4 00010000
t5 00001000
t6 00000100
t7 00000010
t8 00000001
Clade List (<taxon members> = <clade name>): 

>Dataset_0
[10,F,0.0253906,00000011,2.53906,X]
[0,F,0.118164,11111100,11.8164,X]
[11,F,0.134766,00000011,13.4766,X]
[5,F,0.312761,00001100,31.2761,X]
[12,F,0.322266,00000011,32.2266,X]
[13,F,0.356445,00000011,35.6445,X]
[1,F,0.513298,11100000,51.3298,X]
[14,F,0.582031,00000011,58.2031,X]
[6,F,0.587355,00000100,58.7355,X]
[7,F,0.624464,00000100,62.4464,X]
[8,F,0.672316,00000100,67.2316,X]
[15,F,0.730034,00000001,73.0034,X]
[16,F,0.731011,00000001,73.1011,X]
[4,F,0.863884,00010000,86.3884,X]
[9,F,0.8813,00000100,88.13,X]
[17,F,0.95562,00000001,95.562,X]
[3,F,0.967205,00100000,96.7205,X]
[2,F,0.986505,10000000,98.6505,X]
GUIDE_TREE_PARTITION1=(((((t1:25.08,t2:25.08):8.18,t3:33.26):20,t4:53.26):30.21,(t5:49.37,t6:49.37):34.1):16.53,(t7:32.27,t8:32.27):67.73);
