Taxa bit representation:
t1 10000000
t2 01000000
t3 00100000
t4 00010000
t5 00001000
t6 00000100
t7 00000010
t8 00000001
Clade List (<taxon members> = <clade name>): 

>Dataset_0
[82,F,0.0332031,00000001,3.32031,X]
[83,F,0.0478516,00000001,4.78516,X]
[0,F,0.0615234,11111110,6.15234,X]
[84,F,0.0654297,00000001,6.54297,X]
[1,F,0.0771484,11111110,7.71484,X]
[85,F,0.0771484,00000001,7.71484,X]
[86,F,0.0859375,00000001,8.59375,X]
[2,F,0.12207,11111110,12.207,X]
[87,F,0.130859,00000001,13.0859,X]
[3,F,0.140625,11111110,14.0625,X]
[88,F,0.169922,00000001,16.9922,X]
[4,F,0.19043,11111110,19.043,X]
[89,F,0.206055,00000001,20.6055,X]
[5,F,0.208008,11111110,20.8008,X]
[90,F,0.220703,00000001,22.0703,X]
[91,F,0.297852,00000001,29.7852,X]
[6,F,0.310944,11111100,31.0944,X]
[92,F,0.331055,00000001,33.1055,X]
[93,F,0.349609,00000001,34.9609,X]
[7,F,0.385163,11111100,38.5162,X]
[94,F,0.394531,00000001,39.4531,X]
[95,F,0.396484,00000001,39.6484,X]
[8,F,0.403717,11111100,40.3717,X]
[65,F,0.4086,00000010,40.86,X]
[96,F,0.449219,00000001,44.9219,X]
[97,F,0.452148,00000001,45.2148,X]
[51,F,0.454777,00000100,45.4777,X]
[66,F,0.457428,00000010,45.7428,X]
[98,F,0.47168,00000001,47.168,X]
[99,F,0.490234,00000001,49.0234,X]
[100,F,0.509766,00000001,50.9766,X]
[67,F,0.515045,00000010,51.5045,X]
[9,F,0.521183,11111000,52.1183,X]
[101,F,0.521484,00000001,52.1484,X]
[68,F,0.521881,00000010,52.1881,X]
[10,F,0.522159,11111000,52.2159,X]
[69,F,0.5336,00000010,53.36,X]
[52,F,0.542667,00000100,54.2667,X]
[11,F,0.549503,11111000,54.9503,X]
[39,F,0.567953,00001000,56.7953,X]
[40,F,0.575766,00001000,57.5766,X]
[102,F,0.576172,00000001,57.6172,X]
[41,F,0.578695,00001000,57.8695,X]
[12,F,0.579672,11110000,57.9672,X]
[53,F,0.579777,00000100,57.9777,X]
[103,F,0.586914,00000001,58.6914,X]
[54,F,0.590519,00000100,59.0519,X]
[70,F,0.598053,00000010,59.8053,X]
[71,F,0.612702,00000010,61.2702,X]
[72,F,0.618561,00000010,61.8561,X]
[73,F,0.626373,00000010,62.6373,X]
[74,F,0.634186,00000010,63.4186,X]
[42,F,0.640219,00001000,64.0219,X]
[43,F,0.643148,00001000,64.3148,X]
[104,F,0.652344,00000001,65.2344,X]
[105,F,0.658203,00000001,65.8203,X]
[106,F,0.663086,00000001,66.3086,X]
[44,F,0.689047,00001000,68.9047,X]
[33,F,0.690625,00010000,69.0625,X]
[45,F,0.692953,00001000,69.2953,X]
[55,F,0.704777,00000100,70.4777,X]
[107,F,0.707031,00000001,70.7031,X]
[75,F,0.715241,00000010,71.5241,X]
[76,F,0.727936,00000010,72.7936,X]
[56,F,0.731144,00000100,73.1144,X]
[13,F,0.738477,11100000,73.8477,X]
[57,F,0.740909,00000100,74.0909,X]
[108,F,0.75,00000001,75,X]
[34,F,0.76582,00010000,76.582,X]
[25,F,0.771338,00100000,77.1338,X]
[77,F,0.78067,00000010,78.067,X]
[58,F,0.782902,00000100,78.2902,X]
[46,F,0.792563,00001000,79.2563,X]
[26,F,0.802588,00100000,80.2588,X]
[59,F,0.805362,00000100,80.5362,X]
[109,F,0.807617,00000001,80.7617,X]
[60,F,0.812198,00000100,81.2198,X]
[27,F,0.819189,00100000,81.9189,X]
[28,F,0.820166,00100000,82.0166,X]
[29,F,0.822119,00100000,82.2119,X]
[21,F,0.825448,01000000,82.5448,X]
[61,F,0.832706,00000100,83.2706,X]
[47,F,0.838461,00001000,83.8461,X]
[35,F,0.840039,00010000,84.0039,X]
[14,F,0.846933,10000000,84.6933,X]
[22,F,0.849862,01000000,84.9862,X]
[62,F,0.852237,00000100,85.2237,X]
[78,F,0.866608,00000010,86.6608,X]
[110,F,0.867188,00000001,86.7188,X]
[48,F,0.882406,00001000,88.2406,X]
[36,F,0.892773,00010000,89.2773,X]
[30,F,0.900244,00100000,90.0244,X]
[63,F,0.903019,00000100,90.3019,X]
[37,F,0.903516,00010000,90.3516,X]
[23,F,0.903573,01000000,90.3573,X]
[15,F,0.911386,10000000,91.1386,X]
[16,F,0.916269,10000000,91.6269,X]
[17,F,0.920175,10000000,92.0175,X]
[49,F,0.927328,00001000,92.7328,X]
[38,F,0.92793,00010000,92.793,X]
[79,F,0.931061,00000010,93.1061,X]
[50,F,0.931234,00001000,93.1234,X]
[18,F,0.953378,10000000,95.3378,X]
[111,F,0.955078,00000001,95.5078,X]
[112,F,0.956055,00000001,95.6055,X]
[80,F,0.961334,00000010,96.1334,X]
[81,F,0.962311,00000010,96.2311,X]
[31,F,0.96958,00100000,96.958,X]
[19,F,0.970956,10000000,97.0956,X]
[32,F,0.988134,00100000,98.8134,X]
[20,F,0.990487,10000000,99.0487,X]
[24,F,0.99537,01000000,99.537,X]
[64,F,0.998722,00000100,99.8722,X]
GUIDE_TREE_PARTITION1=(((((((t1:18.92,t2:18.92):6.29,t3:25.21):7.29,t4:32.5):10.9,t5:43.4):11.22,t6:54.62):17.02,t7:71.64):28.36,t8:100);
