Taxa bit representation:
t1 10000000
t2 01000000
t3 00100000
t4 00010000
t5 00001000
t6 00000100
t7 00000010
t8 00000001
Clade List (<taxon members> = <clade name>): 

>Dataset_0
[0,F,0.0185547,11110000,1.85547,X]
[37,F,0.0239531,00110000,2.39531,X]
[76,F,0.0369297,00001100,3.69297,X]
[38,F,0.0766875,00110000,7.66875,X]
[101,F,0.0798984,00000011,7.98984,X]
[39,F,0.0884063,00110000,8.84063,X]
[102,F,0.0974766,00000011,9.74766,X]
[103,F,0.100406,00000011,10.0406,X]
[1,F,0.124539,11000000,12.4539,X]
[77,F,0.133609,00001100,13.3609,X]
[78,F,0.147281,00001100,14.7281,X]
[40,F,0.161648,00110000,16.1648,X]
[79,F,0.16193,00001100,16.193,X]
[41,F,0.168484,00110000,16.8484,X]
[80,F,0.173648,00001100,17.3648,X]
[2,F,0.176297,11000000,17.6297,X]
[104,F,0.181461,00000011,18.1461,X]
[81,F,0.18732,00001100,18.732,X]
[3,F,0.2095,11000000,20.95,X]
[105,F,0.229313,00000011,22.9312,X]
[42,F,0.231961,00110000,23.1961,X]
[82,F,0.232242,00001100,23.2242,X]
[4,F,0.242703,11000000,24.2703,X]
[106,F,0.248844,00000011,24.8844,X]
[43,F,0.265164,00110000,26.5164,X]
[83,F,0.273258,00001100,27.3258,X]
[84,F,0.28107,00001100,28.107,X]
[5,F,0.282742,11000000,28.2742,X]
[85,F,0.287906,00001100,28.7906,X]
[44,F,0.291531,00110000,29.1531,X]
[107,F,0.298648,00000011,29.8648,X]
[108,F,0.301578,00000011,30.1578,X]
[86,F,0.325016,00001100,32.5016,X]
[6,F,0.345242,11000000,34.5242,X]
[109,F,0.350406,00000011,35.0406,X]
[87,F,0.384586,00001100,38.4586,X]
[45,F,0.392117,00110000,39.2117,X]
[7,F,0.393113,10000000,39.3113,X]
[22,F,0.409714,01000000,40.9714,X]
[23,F,0.422409,01000000,42.2409,X]
[46,F,0.427273,00110000,42.7273,X]
[8,F,0.429245,10000000,42.9245,X]
[47,F,0.444852,00110000,44.4852,X]
[24,F,0.44487,01000000,44.487,X]
[25,F,0.451706,01000000,45.1706,X]
[9,F,0.455613,10000000,45.5613,X]
[10,F,0.457566,10000000,45.7566,X]
[88,F,0.459781,00001100,45.9781,X]
[11,F,0.460495,10000000,46.0495,X]
[48,F,0.477078,00110000,47.7078,X]
[49,F,0.486844,00110000,48.6844,X]
[50,F,0.495633,00110000,49.5633,X]
[89,F,0.509586,00001100,50.9586,X]
[110,F,0.509586,00000011,50.9586,X]
[26,F,0.530808,01000000,53.0808,X]
[90,F,0.532047,00001100,53.2047,X]
[111,F,0.532225,00000010,53.2225,X]
[12,F,0.534714,10000000,53.4714,X]
[13,F,0.565964,10000000,56.5964,X]
[91,F,0.570133,00001100,57.0133,X]
[112,F,0.581053,00000010,58.1053,X]
[64,F,0.58802,00010000,58.802,X]
[65,F,0.59095,00010000,59.095,X]
[14,F,0.597214,10000000,59.7214,X]
[51,F,0.609505,00100000,60.9505,X]
[66,F,0.611458,00010000,61.1458,X]
[92,F,0.617008,00001100,61.7008,X]
[113,F,0.628905,00000010,62.8905,X]
[93,F,0.642398,00001100,64.2398,X]
[114,F,0.64453,00000010,64.453,X]
[115,F,0.647459,00000010,64.7459,X]
[27,F,0.654831,01000000,65.4831,X]
[15,F,0.656784,10000000,65.6784,X]
[116,F,0.671873,00000010,67.1873,X]
[130,F,0.676756,00000001,67.6756,X]
[52,F,0.679817,00100000,67.9817,X]
[28,F,0.682175,01000000,68.2175,X]
[131,F,0.689452,00000001,68.9452,X]
[29,F,0.698777,01000000,69.8777,X]
[132,F,0.699217,00000001,69.9217,X]
[67,F,0.707161,00010000,70.7161,X]
[30,F,0.712448,01000000,71.2448,X]
[53,F,0.713997,00100000,71.3997,X]
[117,F,0.716795,00000010,71.6795,X]
[31,F,0.718308,01000000,71.8308,X]
[54,F,0.723762,00100000,72.3762,X]
[94,F,0.728336,00001100,72.8336,X]
[118,F,0.729491,00000010,72.9491,X]
[68,F,0.741341,00010000,74.1341,X]
[95,F,0.753727,00001100,75.3727,X]
[133,F,0.76367,00000001,76.367,X]
[32,F,0.772019,01000000,77.2019,X]
[119,F,0.790037,00000010,79.0037,X]
[69,F,0.793098,00010000,79.3098,X]
[16,F,0.795456,10000000,79.5456,X]
[134,F,0.79785,00000001,79.785,X]
[33,F,0.798386,01000000,79.8386,X]
[17,F,0.809128,10000000,80.9128,X]
[120,F,0.815428,00000010,81.5428,X]
[135,F,0.816405,00000001,81.6405,X]
[55,F,0.816536,00100000,81.6536,X]
[34,F,0.820847,01000000,82.0847,X]
[121,F,0.824217,00000010,82.4217,X]
[70,F,0.827278,00010000,82.7278,X]
[136,F,0.8291,00000001,82.91,X]
[122,F,0.83203,00000010,83.203,X]
[18,F,0.833542,10000000,83.3542,X]
[19,F,0.835495,10000000,83.5495,X]
[123,F,0.835936,00000010,83.5936,X]
[124,F,0.838866,00000010,83.8866,X]
[71,F,0.839973,00010000,83.9973,X]
[125,F,0.850584,00000010,85.0584,X]
[126,F,0.85742,00000010,85.742,X]
[56,F,0.859505,00100000,85.9505,X]
[127,F,0.862303,00000010,86.2303,X]
[128,F,0.866209,00000010,86.6209,X]
[96,F,0.870906,00001000,87.0906,X]
[72,F,0.8722,00010000,87.22,X]
[57,F,0.873177,00100000,87.3177,X]
[58,F,0.894661,00100000,89.4661,X]
[35,F,0.896042,01000000,89.6042,X]
[20,F,0.897995,10000000,89.7995,X]
[99,F,0.906062,00000100,90.6063,X]
[137,F,0.908202,00000001,90.8202,X]
[59,F,0.909309,00100000,90.9309,X]
[97,F,0.915828,00001000,91.5828,X]
[100,F,0.920711,00000100,92.0711,X]
[60,F,0.926887,00100000,92.6887,X]
[73,F,0.946419,00010000,94.6419,X]
[61,F,0.960091,00100000,96.0091,X]
[62,F,0.96302,00100000,96.302,X]
[21,F,0.968308,10000000,96.8308,X]
[74,F,0.96888,00010000,96.888,X]
[63,F,0.972786,00100000,97.2786,X]
[36,F,0.974167,01000000,97.4167,X]
[98,F,0.979305,00001000,97.9305,X]
[75,F,0.981575,00010000,98.1575,X]
[138,F,0.98828,00000001,98.828,X]
[129,F,0.989256,00000010,98.9256,X]
GUIDE_TREE_PARTITION1=(((t1:61.47,t2:61.47):36.33,(t3:44.03,t4:44.03):53.77):2.2,((t5:19.55,t6:19.55):77.05,(t7:48.34,t8:48.34):48.26):3.4);
