Taxa bit representation:
t1 10000000
t2 01000000
t3 00100000
t4 00010000
t5 00001000
t6 00000100
t7 00000010
t8 00000001
Clade List (<taxon members> = <clade name>): 

>Dataset_0
[15,F,0.0224609,00001111,2.24609,X]
[16,F,0.163086,00001111,16.3086,X]
[6,F,0.324183,00110000,32.4183,X]
[17,F,0.381756,00000100,38.1756,X]
[19,F,0.407078,00000011,40.7078,X]
[0,F,0.462855,11000000,46.2855,X]
[20,F,0.48325,00000011,48.325,X]
[1,F,0.531214,11000000,53.1214,X]
[21,F,0.594578,00000011,59.4578,X]
[2,F,0.668909,11000000,66.8909,X]
[11,F,0.689581,00010000,68.9581,X]
[22,F,0.724531,00000010,72.4531,X]
[7,F,0.745245,00100000,74.5245,X]
[12,F,0.788214,00010000,78.8214,X]
[18,F,0.811444,00000100,81.1444,X]
[8,F,0.8263,00100000,82.63,X]
[3,F,0.84002,10000000,84.002,X]
[5,F,0.850762,01000000,85.0763,X]
[13,F,0.8888,00010000,88.88,X]
[14,F,0.928839,00010000,92.8839,X]
[9,F,0.930792,00100000,93.0792,X]
[4,F,0.945489,10000000,94.5489,X]
[10,F,0.950323,00100000,95.0323,X]
GUIDE_TREE_PARTITION1=(((t1:25.08,t2:25.08):61.74,(t3:42.37,t4:42.37):44.45):13.18,((t5:71.59,t6:71.59):8.21,(t7:35.75,t8:35.75):44.05):20.2);
