Taxa bit representation:
t1 10000000
t2 01000000
t3 00100000
t4 00010000
t5 00001000
t6 00000100
t7 00000010
t8 00000001
Clade List (<taxon members> = <clade name>): 

>Dataset_0
[0,F,0.0869141,11111100,8.69141,X]
[54,F,0.0869141,00000011,8.69141,X]
[1,F,0.15332,11111100,15.332,X]
[2,F,0.22168,11111100,22.168,X]
[55,F,0.231445,00000011,23.1445,X]
[56,F,0.298828,00000011,29.8828,X]
[29,F,0.31363,00010000,31.363,X]
[57,F,0.330259,00000010,33.0259,X]
[18,F,0.334266,00100000,33.4266,X]
[3,F,0.337195,11000000,33.7195,X]
[19,F,0.343055,00100000,34.3055,X]
[30,F,0.362458,00010000,36.2458,X]
[4,F,0.388953,11000000,38.8953,X]
[66,F,0.390806,00000001,39.0806,X]
[32,F,0.399853,00001100,39.9853,X]
[58,F,0.401548,00000010,40.1548,X]
[67,F,0.404478,00000001,40.4478,X]
[5,F,0.423133,11000000,42.3133,X]
[68,F,0.443541,00000001,44.3541,X]
[33,F,0.443798,00001100,44.3798,X]
[59,F,0.450377,00000010,45.0377,X]
[34,F,0.455517,00001100,45.5517,X]
[69,F,0.470884,00000001,47.0884,X]
[60,F,0.48358,00000010,48.358,X]
[70,F,0.507994,00000001,50.7994,X]
[61,F,0.51483,00000010,51.483,X]
[71,F,0.520689,00000001,52.0689,X]
[62,F,0.54608,00000010,54.608,X]
[6,F,0.554969,11000000,55.4969,X]
[7,F,0.563758,11000000,56.3758,X]
[8,F,0.572547,11000000,57.2547,X]
[72,F,0.575377,00000001,57.5377,X]
[63,F,0.576353,00000010,57.6353,X]
[20,F,0.593055,00100000,59.3055,X]
[21,F,0.614539,00100000,61.4539,X]
[9,F,0.618445,11000000,61.8445,X]
[35,F,0.62935,00001000,62.935,X]
[73,F,0.631041,00000001,63.1041,X]
[22,F,0.631141,00100000,63.1141,X]
[74,F,0.641783,00000001,64.1783,X]
[42,F,0.650834,00000100,65.0834,X]
[36,F,0.651811,00001000,65.1811,X]
[75,F,0.680845,00000001,68.0845,X]
[43,F,0.684038,00000100,68.4038,X]
[23,F,0.685828,00100000,68.5828,X]
[44,F,0.69478,00000100,69.478,X]
[45,F,0.708452,00000100,70.8452,X]
[10,F,0.711219,11000000,71.1219,X]
[24,F,0.716102,00100000,71.6102,X]
[64,F,0.724791,00000010,72.4791,X]
[46,F,0.748491,00000100,74.8491,X]
[37,F,0.750444,00001000,75.0444,X]
[47,F,0.75728,00000100,75.728,X]
[38,F,0.771928,00001000,77.1928,X]
[76,F,0.772642,00000001,77.2642,X]
[15,F,0.775062,01000000,77.5062,X]
[31,F,0.784333,00010000,78.4333,X]
[16,F,0.790687,01000000,79.0687,X]
[11,F,0.805336,10000000,80.5336,X]
[48,F,0.812944,00000100,81.2944,X]
[25,F,0.826453,00100000,82.6453,X]
[77,F,0.82733,00000001,82.733,X]
[78,F,0.834166,00000001,83.4166,X]
[65,F,0.840025,00000010,84.0025,X]
[26,F,0.842078,00100000,84.2078,X]
[12,F,0.846352,10000000,84.6352,X]
[49,F,0.847123,00000100,84.7123,X]
[17,F,0.870766,01000000,87.0766,X]
[39,F,0.895952,00001000,89.5952,X]
[50,F,0.899858,00000100,89.9858,X]
[27,F,0.91825,00100000,91.825,X]
[40,F,0.932084,00001000,93.2084,X]
[41,F,0.937944,00001000,93.7944,X]
[13,F,0.944008,10000000,94.4008,X]
[28,F,0.944617,00100000,94.4617,X]
[51,F,0.948686,00000100,94.8686,X]
[14,F,0.980141,10000000,98.0141,X]
[52,F,0.988725,00000100,98.8725,X]
[53,F,0.995561,00000100,99.5561,X]
GUIDE_TREE_PARTITION1=(((((t1:26.4,t2:26.4):41.15,t3:67.55):1.38,t4:68.93):3.78,(t5:40.19,t6:40.19):32.52):27.29,(t7:67.56,t8:67.56):32.44);
