Taxa bit representation:
t1 10000000
t2 01000000
t3 00100000
t4 00010000
t5 00001000
t6 00000100
t7 00000010
t8 00000001
Clade List (<taxon members> = <clade name>): 

>Dataset_0
[43,F,0.107422,00000001,10.7422,X]
[44,F,0.115234,00000001,11.5234,X]
[45,F,0.279297,00000001,27.9297,X]
[46,F,0.352539,00000001,35.2539,X]
[30,F,0.394034,00000100,39.4034,X]
[0,F,0.404469,11110000,40.4469,X]
[31,F,0.414542,00000100,41.4542,X]
[12,F,0.422295,00010000,42.2295,X]
[24,F,0.424,00001000,42.4,X]
[32,F,0.429191,00000100,42.9191,X]
[13,F,0.431084,00010000,43.1084,X]
[33,F,0.438956,00000100,43.8956,X]
[8,F,0.471583,00100000,47.1583,X]
[47,F,0.47168,00000001,47.168,X]
[14,F,0.492608,00010000,49.2608,X]
[15,F,0.501397,00010000,50.1397,X]
[9,F,0.537989,00100000,53.7989,X]
[34,F,0.5557,00000010,55.57,X]
[10,F,0.562403,00100000,56.2403,X]
[1,F,0.567012,10000000,56.7012,X]
[16,F,0.581475,00010000,58.1475,X]
[35,F,0.58402,00000010,58.402,X]
[48,F,0.598633,00000001,59.8633,X]
[36,F,0.607458,00000010,60.7458,X]
[25,F,0.607594,00001000,60.7594,X]
[37,F,0.62113,00000010,62.113,X]
[17,F,0.626397,00010000,62.6397,X]
[26,F,0.628102,00001000,62.8102,X]
[2,F,0.637325,10000000,63.7325,X]
[3,F,0.677364,10000000,67.7364,X]
[49,F,0.682617,00000001,68.2617,X]
[18,F,0.684991,00010000,68.4991,X]
[27,F,0.700367,00001000,70.0367,X]
[4,F,0.725216,10000000,72.5216,X]
[19,F,0.731866,00010000,73.1866,X]
[38,F,0.773473,00000010,77.3473,X]
[50,F,0.789062,00000001,78.9062,X]
[20,F,0.816827,00010000,81.6827,X]
[6,F,0.841427,01000000,84.1427,X]
[21,F,0.863702,00010000,86.3702,X]
[39,F,0.86527,00000010,86.527,X]
[11,F,0.891505,00100000,89.1505,X]
[28,F,0.900562,00001000,90.0562,X]
[40,F,0.908239,00000010,90.8239,X]
[22,F,0.9096,00010000,90.96,X]
[41,F,0.910192,00000010,91.0192,X]
[23,F,0.933037,00010000,93.3037,X]
[51,F,0.946289,00000001,94.6289,X]
[29,F,0.954273,00001000,95.4273,X]
[7,F,0.957637,01000000,95.7637,X]
[5,F,0.960567,10000000,96.0567,X]
[42,F,0.991247,00000010,99.1247,X]
GUIDE_TREE_PARTITION1=(((((((t1:44.08,t2:44.08):9.25,t3:53.33):5.71,t4:59.04):4.81,t5:63.85):2.02,t6:65.87):16.06,t7:81.93):18.07,t8:100);
