Taxa bit representation:
t1 10000000
t2 01000000
t3 00100000
t4 00010000
t5 00001000
t6 00000100
t7 00000010
t8 00000001
Clade List (<taxon members> = <clade name>): 

>Dataset_0
[0,F,0.0195312,11111110,1.95312,X]
[1,F,0.0664062,11111110,6.64062,X]
[34,F,0.0703125,00000001,7.03125,X]
[2,F,0.0908203,11111110,9.08203,X]
[3,F,0.180664,11111110,18.0664,X]
[35,F,0.253906,00000001,25.3906,X]
[30,F,0.363873,00000010,36.3873,X]
[4,F,0.412702,11111100,41.2702,X]
[5,F,0.42735,11111100,42.735,X]
[36,F,0.443359,00000001,44.3359,X]
[23,F,0.453353,00000100,45.3353,X]
[6,F,0.476791,11111000,47.6791,X]
[7,F,0.498275,11111000,49.8275,X]
[8,F,0.53143,11110000,53.143,X]
[24,F,0.551009,00000100,55.1009,X]
[21,F,0.651547,00001000,65.1547,X]
[9,F,0.663266,11110000,66.3266,X]
[25,F,0.663314,00000100,66.3314,X]
[10,F,0.686703,11110000,68.6703,X]
[11,F,0.732602,11110000,73.2602,X]
[26,F,0.73265,00000100,73.265,X]
[37,F,0.736328,00000001,73.6328,X]
[38,F,0.739258,00000001,73.9258,X]
[27,F,0.767806,00000100,76.7806,X]
[28,F,0.769759,00000100,76.9759,X]
[12,F,0.770055,11000000,77.0055,X]
[19,F,0.777686,00010000,77.7686,X]
[15,F,0.783727,00100000,78.3727,X]
[31,F,0.800397,00000010,80.0397,X]
[16,F,0.802281,00100000,80.2281,X]
[13,F,0.809117,11000000,80.9117,X]
[32,F,0.815045,00000010,81.5045,X]
[17,F,0.864781,00100000,86.4781,X]
[22,F,0.86932,00001000,86.932,X]
[33,F,0.891217,00000010,89.1217,X]
[18,F,0.943883,00100000,94.3883,X]
[14,F,0.966337,01000000,96.6337,X]
[29,F,0.967025,00000100,96.7025,X]
[39,F,0.978516,00000001,97.8516,X]
[20,F,0.994483,00010000,99.4483,X]
GUIDE_TREE_PARTITION1=(((((((t1:11.96,t2:11.96):12.89,t3:24.85):1.19,t4:26.04):21.11,t5:47.15):7.71,t6:54.86):24.28,t7:79.14):20.86,t8:100);
