Taxa bit representation:
t1 10000000
t2 01000000
t3 00100000
t4 00010000
t5 00001000
t6 00000100
t7 00000010
t8 00000001
Clade List (<taxon members> = <clade name>): 

>Dataset_0
[0,F,0.03125,11111110,3.125,X]
[29,F,0.106445,00000001,10.6445,X]
[30,F,0.130859,00000001,13.0859,X]
[19,F,0.193995,00000010,19.3995,X]
[20,F,0.218409,00000010,21.8409,X]
[21,F,0.245753,00000010,24.5753,X]
[22,F,0.251613,00000010,25.1613,X]
[1,F,0.280909,11111100,28.0909,X]
[23,F,0.364894,00000010,36.4894,X]
[31,F,0.480469,00000001,48.0469,X]
[2,F,0.485695,11111000,48.5695,X]
[15,F,0.496438,00000100,49.6438,X]
[16,F,0.541359,00000100,54.1359,X]
[32,F,0.569336,00000001,56.9336,X]
[3,F,0.651711,11111000,65.1711,X]
[33,F,0.65332,00000001,65.332,X]
[34,F,0.68457,00000001,68.457,X]
[24,F,0.705714,00000010,70.5714,X]
[25,F,0.714503,00000010,71.4503,X]
[17,F,0.793313,00000100,79.3313,X]
[4,F,0.796044,11110000,79.6044,X]
[18,F,0.797219,00000100,79.7219,X]
[26,F,0.80923,00000010,80.923,X]
[27,F,0.832667,00000010,83.2667,X]
[5,F,0.846036,11000000,84.6036,X]
[13,F,0.858544,00001000,85.8544,X]
[8,F,0.866544,00100000,86.6544,X]
[6,F,0.892911,11000000,89.2911,X]
[28,F,0.907863,00000010,90.7862,X]
[10,F,0.924856,00010000,92.4856,X]
[11,F,0.930716,00010000,93.0716,X]
[9,F,0.951505,00100000,95.1505,X]
[14,F,0.952294,00001000,95.2294,X]
[35,F,0.961914,00000001,96.1914,X]
[7,F,0.963031,10000000,96.3031,X]
[12,F,0.991262,00010000,99.1262,X]
GUIDE_TREE_PARTITION1=(((((((t1:5.65,t2:5.65):10.43,t3:16.08):1.2,t4:17.28):5.85,t5:23.13):42.07,t6:65.2):29.17,t7:94.37):5.63,t8:100);
