Taxa bit representation:
t1 10000000
t2 01000000
t3 00100000
t4 00010000
t5 00001000
t6 00000100
t7 00000010
t8 00000001
Clade List (<taxon members> = <clade name>): 

>Dataset_0
[0,F,0.0361328,11111100,3.61328,X]
[1,F,0.0625,11111100,6.25,X]
[2,F,0.0634766,11111100,6.34766,X]
[43,F,0.0751953,00000011,7.51953,X]
[3,F,0.101562,11111100,10.1562,X]
[4,F,0.115234,11111100,11.5234,X]
[44,F,0.126953,00000011,12.6953,X]
[5,F,0.128906,11111100,12.8906,X]
[6,F,0.144531,11111100,14.4531,X]
[64,F,0.166306,00000001,16.6306,X]
[7,F,0.166992,11111100,16.6992,X]
[45,F,0.186814,00000010,18.6814,X]
[65,F,0.188767,00000001,18.8767,X]
[46,F,0.204392,00000010,20.4392,X]
[66,F,0.304978,00000001,30.4978,X]
[67,F,0.320603,00000001,32.0603,X]
[8,F,0.358398,11111100,35.8398,X]
[9,F,0.414062,11111100,41.4062,X]
[68,F,0.414353,00000001,41.4353,X]
[69,F,0.433884,00000001,43.3884,X]
[47,F,0.449509,00000010,44.9509,X]
[48,F,0.450486,00000010,45.0486,X]
[10,F,0.460938,11111100,46.0938,X]
[70,F,0.473923,00000001,47.3923,X]
[11,F,0.522461,11111100,52.2461,X]
[12,F,0.532836,11110000,53.2836,X]
[49,F,0.541306,00000010,54.1306,X]
[23,F,0.544555,00001100,54.4555,X]
[50,F,0.547166,00000010,54.7166,X]
[51,F,0.575486,00000010,57.5486,X]
[52,F,0.576462,00000010,57.6463,X]
[71,F,0.576462,00000001,57.6463,X]
[53,F,0.591111,00000010,59.1111,X]
[54,F,0.593064,00000010,59.3064,X]
[72,F,0.601853,00000001,60.1853,X]
[13,F,0.602172,11110000,60.2172,X]
[73,F,0.619431,00000001,61.9431,X]
[74,F,0.627244,00000001,62.7244,X]
[24,F,0.646117,00001100,64.6117,X]
[75,F,0.646775,00000001,64.6775,X]
[25,F,0.65393,00001100,65.393,X]
[26,F,0.659789,00001100,65.9789,X]
[27,F,0.681789,00001000,68.1789,X]
[14,F,0.701781,11110000,70.1781,X]
[55,F,0.709275,00000010,70.9275,X]
[28,F,0.739406,00001000,73.9406,X]
[29,F,0.747219,00001000,74.7219,X]
[30,F,0.751125,00001000,75.1125,X]
[56,F,0.752244,00000010,75.2244,X]
[38,F,0.764797,00000100,76.4797,X]
[15,F,0.767211,11110000,76.7211,X]
[16,F,0.781859,11110000,78.1859,X]
[76,F,0.782517,00000001,78.2517,X]
[31,F,0.784328,00001000,78.4328,X]
[77,F,0.796189,00000001,79.6189,X]
[39,F,0.803859,00000100,80.3859,X]
[78,F,0.816697,00000001,81.6697,X]
[40,F,0.82925,00000100,82.925,X]
[17,F,0.833617,11110000,83.3617,X]
[57,F,0.837205,00000010,83.7205,X]
[41,F,0.842922,00000100,84.2922,X]
[79,F,0.844041,00000001,84.4041,X]
[32,F,0.855617,00001000,85.5617,X]
[58,F,0.887986,00000010,88.7986,X]
[33,F,0.915188,00001000,91.5188,X]
[59,F,0.916306,00000010,91.6306,X]
[80,F,0.918259,00000001,91.8259,X]
[42,F,0.919094,00000100,91.9094,X]
[34,F,0.922023,00001000,92.2023,X]
[60,F,0.922166,00000010,92.2166,X]
[81,F,0.927048,00000001,92.7048,X]
[18,F,0.928483,11000000,92.8483,X]
[21,F,0.931142,00010000,93.1142,X]
[20,F,0.936295,00100000,93.6295,X]
[61,F,0.936814,00000010,93.6814,X]
[62,F,0.938767,00000010,93.8767,X]
[22,F,0.940908,00010000,94.0908,X]
[35,F,0.960109,00001000,96.0109,X]
[63,F,0.97197,00000010,97.197,X]
[36,F,0.977688,00001000,97.7688,X]
[19,F,0.978573,01000000,97.8573,X]
[37,F,0.979641,00001000,97.9641,X]
[82,F,0.983689,00000001,98.3689,X]
GUIDE_TREE_PARTITION1=(((((t1:5.17,t2:5.17):2.47,t3:7.64):0.32,t4:7.96):39.44,(t5:32.7,t6:32.7):14.7):52.6,(t7:83.76,t8:83.76):16.24);
