Taxa bit representation:
t1 10000000
t2 01000000
t3 00100000
t4 00010000
t5 00001000
t6 00000100
t7 00000010
t8 00000001
Clade List (<taxon members> = <clade name>): 

>Dataset_0
[11,F,0.153023,00000100,15.3023,X]
[7,F,0.259398,00001000,25.9398,X]
[0,F,0.275023,11110000,27.5023,X]
[1,F,0.284789,11110000,28.4789,X]
[8,F,0.30725,00001000,30.725,X]
[5,F,0.340575,00010000,34.0575,X]
[9,F,0.345336,00001000,34.5336,X]
[2,F,0.480784,11000000,48.0784,X]
[3,F,0.498362,11000000,49.8362,X]
[16,F,0.524414,00000001,52.4414,X]
[17,F,0.536133,00000001,53.6133,X]
[12,F,0.540719,00000100,54.0719,X]
[18,F,0.575195,00000001,57.5195,X]
[13,F,0.639352,00000100,63.9352,X]
[15,F,0.65002,00000010,65.002,X]
[14,F,0.660836,00000100,66.0836,X]
[6,F,0.761473,00010000,76.1473,X]
[19,F,0.857422,00000001,85.7422,X]
[10,F,0.927367,00001000,92.7367,X]
[20,F,0.927734,00000001,92.7734,X]
[4,F,0.958361,01000000,95.8361,X]
GUIDE_TREE_PARTITION1=(((((((t1:43.91,t2:43.91):10.16,t3:54.07):16.56,t4:70.63):8.02,t5:78.65):12.2,t6:90.85):3.23,t7:94.08):5.92,t8:100);
