Taxa bit representation:
t1 10000000
t2 01000000
t3 00100000
t4 00010000
t5 00001000
t6 00000100
t7 00000010
t8 00000001
Clade List (<taxon members> = <clade name>): 

>Dataset_0
[33,F,0.0131359,00001100,1.31359,X]
[85,F,0.0214844,00000011,2.14844,X]
[0,F,0.0229016,11110000,2.29016,X]
[1,F,0.0258313,11110000,2.58312,X]
[34,F,0.0365734,00001100,3.65734,X]
[35,F,0.0512219,00001100,5.12219,X]
[36,F,0.0570813,00001100,5.70812,X]
[2,F,0.0580578,11110000,5.80578,X]
[86,F,0.0644531,00000011,6.44531,X]
[37,F,0.0668469,00001100,6.68469,X]
[3,F,0.0678234,11110000,6.78234,X]
[38,F,0.0805188,00001100,8.05188,X]
[4,F,0.0951672,11110000,9.51672,X]
[39,F,0.119581,00001100,11.9581,X]
[5,F,0.147902,11110000,14.7902,X]
[40,F,0.153761,00001100,15.3761,X]
[87,F,0.155273,00000011,15.5273,X]
[6,F,0.157667,11110000,15.7667,X]
[7,F,0.206495,11110000,20.6495,X]
[41,F,0.213331,00001100,21.3331,X]
[8,F,0.217238,11110000,21.7237,X]
[42,F,0.241652,00001100,24.1652,X]
[9,F,0.243605,11110000,24.3605,X]
[43,F,0.247511,00001100,24.7511,X]
[10,F,0.275831,11110000,27.5831,X]
[44,F,0.279737,00001100,27.9737,X]
[88,F,0.291016,00000011,29.1016,X]
[89,F,0.318359,00000011,31.8359,X]
[11,F,0.334425,11110000,33.4425,X]
[12,F,0.342237,11110000,34.2237,X]
[90,F,0.361328,00000011,36.1328,X]
[69,F,0.384413,00000100,38.4413,X]
[45,F,0.423475,00001000,42.3475,X]
[70,F,0.443006,00000100,44.3006,X]
[13,F,0.455519,11110000,45.5519,X]
[71,F,0.458631,00000100,45.8631,X]
[91,F,0.458984,00000011,45.8984,X]
[46,F,0.469373,00001000,46.9373,X]
[14,F,0.47212,11110000,47.212,X]
[92,F,0.479492,00000011,47.9492,X]
[72,F,0.481092,00000100,48.1092,X]
[47,F,0.487928,00001000,48.7928,X]
[93,F,0.489258,00000011,48.9258,X]
[73,F,0.492811,00000100,49.2811,X]
[74,F,0.507459,00000100,50.7459,X]
[94,F,0.515625,00000011,51.5625,X]
[48,F,0.522108,00001000,52.2108,X]
[49,F,0.525038,00001000,52.5038,X]
[50,F,0.537733,00001000,53.7733,X]
[51,F,0.568983,00001000,56.8983,X]
[95,F,0.575195,00000011,57.5195,X]
[52,F,0.582655,00001000,58.2655,X]
[53,F,0.584608,00001000,58.4608,X]
[75,F,0.59242,00000100,59.242,X]
[76,F,0.618788,00000100,61.8788,X]
[96,F,0.623047,00000011,62.3047,X]
[54,F,0.641248,00001000,64.1248,X]
[77,F,0.646131,00000100,64.6131,X]
[78,F,0.679334,00000100,67.9334,X]
[30,F,0.684342,00010000,68.4342,X]
[55,F,0.691053,00001000,69.1053,X]
[15,F,0.693131,11100000,69.3131,X]
[79,F,0.705702,00000100,70.5702,X]
[97,F,0.709961,00000011,70.9961,X]
[80,F,0.722303,00000100,72.2303,X]
[16,F,0.724381,11100000,72.4381,X]
[56,F,0.730116,00001000,73.0116,X]
[17,F,0.731217,11100000,73.1217,X]
[57,F,0.737928,00001000,73.7928,X]
[81,F,0.737928,00000100,73.7928,X]
[18,F,0.770519,11000000,77.0519,X]
[58,F,0.792616,00001000,79.2616,X]
[31,F,0.797623,00010000,79.7623,X]
[59,F,0.804334,00001000,80.4334,X]
[60,F,0.818983,00001000,81.8983,X]
[61,F,0.825819,00001000,82.5819,X]
[25,F,0.829112,00100000,82.9112,X]
[98,F,0.830977,00000010,83.0977,X]
[99,F,0.83293,00000010,83.293,X]
[62,F,0.834608,00001000,83.4608,X]
[26,F,0.843761,00100000,84.3761,X]
[63,F,0.847303,00001000,84.7303,X]
[82,F,0.852186,00000100,85.2186,X]
[64,F,0.859022,00001000,85.9022,X]
[65,F,0.861952,00001000,86.1952,X]
[19,F,0.866222,11000000,86.6222,X]
[83,F,0.870741,00000100,87.0741,X]
[66,F,0.891248,00001000,89.1248,X]
[102,F,0.901289,00000001,90.1289,X]
[67,F,0.923475,00001000,92.3475,X]
[103,F,0.92375,00000001,92.375,X]
[20,F,0.927745,11000000,92.7745,X]
[68,F,0.929334,00001000,92.9334,X]
[27,F,0.929698,00100000,92.9698,X]
[21,F,0.940359,10000000,94.0359,X]
[28,F,0.94337,00100000,94.337,X]
[22,F,0.944266,10000000,94.4266,X]
[100,F,0.95793,00000010,95.793,X]
[24,F,0.96868,01000000,96.868,X]
[23,F,0.970633,10000000,97.0633,X]
[104,F,0.973555,00000001,97.3555,X]
[84,F,0.974256,00000100,97.4256,X]
[32,F,0.976334,00010000,97.6334,X]
[101,F,0.990156,00000010,99.0156,X]
[29,F,0.995128,00100000,99.5128,X]
[105,F,0.998945,00000001,99.8945,X]
GUIDE_TREE_PARTITION1=(((((t1:6.55,t2:6.55):17.57,t3:24.12):8.52,t4:32.64):66.73,(t5:62.34,t6:62.34):37.03):0.63,(t7:23.25,t8:23.25):76.75);
