Taxa bit representation:
t1 10000000
t2 01000000
t3 00100000
t4 00010000
t5 00001000
t6 00000100
t7 00000010
t8 00000001
Clade List (<taxon members> = <clade name>): 

>Dataset_0
[0,F,0.00292969,11111100,0.292969,X]
[1,F,0.0800781,11111100,8.00781,X]
[2,F,0.263297,11110000,26.3297,X]
[3,F,0.307242,11110000,30.7242,X]
[17,F,0.406055,00000001,40.6055,X]
[18,F,0.506641,00000001,50.6641,X]
[4,F,0.560406,11000000,56.0406,X]
[13,F,0.566211,00000010,56.6211,X]
[9,F,0.66857,00001100,66.857,X]
[5,F,0.679816,10000000,67.9816,X]
[14,F,0.685352,00000010,68.5352,X]
[10,F,0.70568,00001100,70.568,X]
[15,F,0.719531,00000010,71.9531,X]
[16,F,0.723437,00000010,72.3438,X]
[8,F,0.755361,00010000,75.5361,X]
[6,F,0.82923,10000000,82.923,X]
[19,F,0.85332,00000001,85.332,X]
[20,F,0.854297,00000001,85.4297,X]
[11,F,0.881461,00001100,88.1461,X]
[21,F,0.883594,00000001,88.3594,X]
[22,F,0.966602,00000001,96.6602,X]
[7,F,0.973492,00100000,97.3492,X]
[12,F,0.983059,00000100,98.3059,X]
GUIDE_TREE_PARTITION1=(((((t1:36.12,t2:36.12):20.73,t3:56.85):7.36,t4:64.21):12.39,(t5:8.53,t6:8.53):68.07):23.4,(t7:80,t8:80):20);
