Taxa bit representation:
t1 10000000
t2 01000000
t3 00100000
t4 00010000
t5 00001000
t6 00000100
t7 00000010
t8 00000001
Clade List (<taxon members> = <clade name>): 

>Dataset_0
[0,F,0.0214844,11111100,2.14844,X]
[1,F,0.0791016,11111100,7.91016,X]
[2,F,0.139648,11111100,13.9648,X]
[36,F,0.192383,00000011,19.2383,X]
[3,F,0.333008,11111100,33.3008,X]
[37,F,0.416992,00000011,41.6992,X]
[19,F,0.493795,00001100,49.3795,X]
[4,F,0.503561,11110000,50.3561,X]
[38,F,0.506836,00000011,50.6836,X]
[39,F,0.551758,00000011,55.1758,X]
[20,F,0.586477,00001000,58.6477,X]
[21,F,0.612844,00001000,61.2844,X]
[5,F,0.617819,11110000,61.7819,X]
[31,F,0.639211,00000100,63.9211,X]
[22,F,0.644094,00001000,64.4094,X]
[32,F,0.648977,00000100,64.8977,X]
[23,F,0.655813,00001000,65.5812,X]
[18,F,0.667778,00010000,66.7778,X]
[43,F,0.686895,00000001,68.6895,X]
[6,F,0.693502,11000000,69.3502,X]
[15,F,0.694478,00100000,69.4478,X]
[7,F,0.703267,11000000,70.3267,X]
[24,F,0.71343,00001000,71.343,X]
[33,F,0.716359,00000100,71.6359,X]
[25,F,0.736867,00001000,73.6867,X]
[8,F,0.762953,10000000,76.2953,X]
[9,F,0.767836,10000000,76.7836,X]
[26,F,0.771047,00001000,77.1047,X]
[34,F,0.791555,00000100,79.1555,X]
[40,F,0.794317,00000010,79.4317,X]
[11,F,0.798109,01000000,79.8109,X]
[27,F,0.814992,00001000,81.4992,X]
[28,F,0.822805,00001000,82.2805,X]
[35,F,0.86968,00000100,86.968,X]
[10,F,0.872328,10000000,87.2328,X]
[44,F,0.882208,00000001,88.2208,X]
[12,F,0.900648,01000000,90.0648,X]
[41,F,0.917364,00000010,91.7364,X]
[45,F,0.956427,00000001,95.6427,X]
[13,F,0.958266,01000000,95.8266,X]
[29,F,0.962453,00001000,96.2453,X]
[30,F,0.971242,00001000,97.1242,X]
[14,F,0.980727,01000000,98.0727,X]
[16,F,0.981587,00100000,98.1587,X]
[17,F,0.984517,00100000,98.4517,X]
[42,F,0.9867,00000010,98.67,X]
GUIDE_TREE_PARTITION1=(((((t1:23.9,t2:23.9):8.41,t3:32.31):2.67,t4:34.98):16.91,(t5:41.45,t6:41.45):10.44):48.11,(t7:38.83,t8:38.83):61.17);
