Taxa bit representation:
t1 10000000
t2 01000000
t3 00100000
t4 00010000
t5 00001000
t6 00000100
t7 00000010
t8 00000001
Clade List (<taxon members> = <clade name>): 

>Dataset_0
[36,F,0.000976562,00000001,0.0976562,X]
[37,F,0.00585937,00000001,0.585937,X]
[38,F,0.0380859,00000001,3.80859,X]
[39,F,0.0410156,00000001,4.10156,X]
[26,F,0.125083,00000010,12.5083,X]
[40,F,0.144531,00000001,14.4531,X]
[27,F,0.196372,00000010,19.6372,X]
[0,F,0.199302,11111100,19.9302,X]
[41,F,0.361328,00000001,36.1328,X]
[28,F,0.39852,00000010,39.852,X]
[29,F,0.472739,00000010,47.2739,X]
[23,F,0.545164,00000100,54.5164,X]
[30,F,0.556723,00000010,55.6723,X]
[31,F,0.574302,00000010,57.4302,X]
[42,F,0.586914,00000001,58.6914,X]
[17,F,0.636677,00001000,63.6677,X]
[32,F,0.646567,00000010,64.6567,X]
[1,F,0.692464,11100000,69.2464,X]
[18,F,0.702106,00001000,70.2106,X]
[2,F,0.707883,11000000,70.7883,X]
[12,F,0.718831,00010000,71.8831,X]
[19,F,0.719684,00001000,71.9684,X]
[13,F,0.72762,00010000,72.762,X]
[20,F,0.736286,00001000,73.6286,X]
[24,F,0.73657,00000100,73.657,X]
[3,F,0.76843,11000000,76.843,X]
[21,F,0.769489,00001000,76.9489,X]
[43,F,0.789062,00000001,78.9062,X]
[4,F,0.790891,11000000,79.0891,X]
[14,F,0.803792,00010000,80.3792,X]
[44,F,0.817383,00000001,81.7383,X]
[15,F,0.82723,00010000,82.723,X]
[10,F,0.836789,00100000,83.6789,X]
[33,F,0.851645,00000010,85.1645,X]
[5,F,0.858273,11000000,85.8273,X]
[45,F,0.858398,00000001,85.8398,X]
[25,F,0.866453,00000100,86.6453,X]
[6,F,0.876828,11000000,87.6828,X]
[7,F,0.884641,11000000,88.4641,X]
[22,F,0.891559,00001000,89.1559,X]
[34,F,0.897544,00000010,89.7544,X]
[8,F,0.923303,10000000,92.3303,X]
[11,F,0.946164,00100000,94.6164,X]
[9,F,0.977991,01000000,97.7991,X]
[16,F,0.981527,00010000,98.1527,X]
[35,F,0.990317,00000010,99.0317,X]
GUIDE_TREE_PARTITION1=(((((((t1:10.99,t2:10.99):18.71,t3:29.7):6.62,t4:36.32):12.61,t5:48.93):2.12,t6:51.05):36.93,t7:87.98):12.02,t8:100);
