Taxa bit representation:
t1 10000000
t2 01000000
t3 00100000
t4 00010000
t5 00001000
t6 00000100
t7 00000010
t8 00000001
Clade List (<taxon members> = <clade name>): 

>Dataset_0
[6,F,0.0449219,00000011,4.49219,X]
[12,F,0.258159,00000001,25.8159,X]
[0,F,0.535761,11110000,53.5761,X]
[1,F,0.644159,11110000,64.4159,X]
[13,F,0.676128,00000001,67.6128,X]
[7,F,0.683941,00000010,68.3941,X]
[8,F,0.68687,00000010,68.687,X]
[9,F,0.71812,00000010,71.812,X]
[2,F,0.743767,11100000,74.3767,X]
[10,F,0.769878,00000010,76.9878,X]
[3,F,0.782831,00001100,78.2831,X]
[4,F,0.829706,00001100,82.9706,X]
[14,F,0.890972,00000001,89.0972,X]
[5,F,0.968209,00001000,96.8209,X]
[11,F,0.975933,00000010,97.5933,X]
GUIDE_TREE_PARTITION1=(((((t1:20.73,t2:20.73):0.19,t3:20.92):7.34,t4:28.26):20.41,(t5:13.14,t6:13.14):35.53):51.33,(t7:74.77,t8:74.77):25.23);
