Taxa bit representation:
t1 10000000
t2 01000000
t3 00100000
t4 00010000
t5 00001000
t6 00000100
t7 00000010
t8 00000001
Clade List (<taxon members> = <clade name>): 

>Dataset_0
[38,F,0.00195312,00000001,0.195312,X]
[0,F,0.100586,11111110,10.0586,X]
[39,F,0.158203,00000001,15.8203,X]
[26,F,0.203377,00000100,20.3377,X]
[1,F,0.218025,11111000,21.8025,X]
[40,F,0.22168,00000001,22.168,X]
[27,F,0.260994,00000100,26.0994,X]
[2,F,0.314705,11111000,31.4705,X]
[28,F,0.396736,00000100,39.6736,X]
[35,F,0.399678,00000010,39.9678,X]
[29,F,0.525642,00000100,52.5642,X]
[21,F,0.567858,00001000,56.7858,X]
[18,F,0.627761,00010000,62.7761,X]
[36,F,0.631123,00000010,63.1123,X]
[3,F,0.63948,11100000,63.948,X]
[16,F,0.661272,00100000,66.1272,X]
[4,F,0.694475,11000000,69.4475,X]
[22,F,0.718248,00001000,71.8248,X]
[19,F,0.738113,00010000,73.8113,X]
[5,F,0.756975,11000000,75.6975,X]
[41,F,0.780273,00000001,78.0273,X]
[23,F,0.789537,00001000,78.9537,X]
[30,F,0.792244,00000100,79.2244,X]
[42,F,0.794922,00000001,79.4922,X]
[6,F,0.802873,11000000,80.2873,X]
[7,F,0.810686,11000000,81.0686,X]
[37,F,0.811787,00000010,81.1787,X]
[8,F,0.814592,11000000,81.4592,X]
[31,F,0.823494,00000100,82.3494,X]
[12,F,0.856195,01000000,85.6195,X]
[9,F,0.857172,10000000,85.7172,X]
[13,F,0.864984,01000000,86.4984,X]
[24,F,0.886217,00001000,88.6217,X]
[10,F,0.892328,10000000,89.2328,X]
[32,F,0.898689,00000100,89.8689,X]
[25,F,0.901842,00001000,90.1842,X]
[20,F,0.921706,00010000,92.1706,X]
[17,F,0.939592,00100000,93.9592,X]
[33,F,0.939705,00000100,93.9705,X]
[14,F,0.943109,01000000,94.3109,X]
[34,F,0.945564,00000100,94.5564,X]
[15,F,0.989008,01000000,98.9008,X]
[11,F,0.99975,10000000,99.975,X]
GUIDE_TREE_PARTITION1=(((((((t1:15.65,t2:15.65):19.59,t3:35.24):10.48,t4:45.72):2.67,t5:48.39):31.37,t6:79.76):7.03,t7:86.79):13.21,t8:100);
