Taxa bit representation:
t1 10000000
t2 01000000
t3 00100000
t4 00010000
t5 00001000
t6 00000100
t7 00000010
t8 00000001
Clade List (<taxon members> = <clade name>): 

>Dataset_0
[5,F,0.263672,00000011,26.3672,X]
[6,F,0.386719,00000011,38.6719,X]
[0,F,0.396484,11111100,39.6484,X]
[1,F,0.691406,11111100,69.1406,X]
[7,F,0.692383,00000011,69.2383,X]
[4,F,0.786791,00001100,78.6791,X]
[2,F,0.806325,11100000,80.6325,X]
[8,F,0.816406,00000011,81.6406,X]
[9,F,0.826172,00000011,82.6172,X]
[10,F,0.926758,00000011,92.6758,X]
[3,F,0.933044,11000000,93.3044,X]
GUIDE_TREE_PARTITION1=(((((t1:0.33,t2:0.33):15.35,t3:15.68):5.25,t4:20.93):2.93,(t5:5.74,t6:5.74):18.12):76.14,(t7:2.43,t8:2.43):97.57);
