Taxa bit representation:
t1 10000000
t2 01000000
t3 00100000
t4 00010000
t5 00001000
t6 00000100
t7 00000010
t8 00000001
Clade List (<taxon members> = <clade name>): 

>Dataset_0
[0,F,0.0205078,11111100,2.05078,X]
[1,F,0.0224609,11111100,2.24609,X]
[77,F,0.0224609,00000011,2.24609,X]
[78,F,0.0429688,00000011,4.29688,X]
[2,F,0.0449219,11111100,4.49219,X]
[79,F,0.0507812,00000011,5.07812,X]
[80,F,0.0595703,00000011,5.95703,X]
[3,F,0.0654297,11111100,6.54297,X]
[36,F,0.116595,00001100,11.6595,X]
[4,F,0.119525,11110000,11.9525,X]
[5,F,0.123431,11110000,12.3431,X]
[37,F,0.124408,00001100,12.4408,X]
[38,F,0.133197,00001100,13.3197,X]
[39,F,0.134173,00001100,13.4173,X]
[6,F,0.164447,11110000,16.4447,X]
[40,F,0.183002,00001100,18.3002,X]
[7,F,0.192767,11110000,19.2767,X]
[8,F,0.195697,11110000,19.5697,X]
[81,F,0.196289,00000011,19.6289,X]
[9,F,0.198627,11110000,19.8627,X]
[82,F,0.207031,00000011,20.7031,X]
[83,F,0.226562,00000011,22.6562,X]
[10,F,0.2289,11110000,22.89,X]
[84,F,0.250236,00000010,25.0236,X]
[106,F,0.251213,00000001,25.1212,X]
[41,F,0.26015,00001100,26.015,X]
[85,F,0.266838,00000010,26.6837,X]
[42,F,0.269916,00001100,26.9916,X]
[107,F,0.273673,00000001,27.3673,X]
[43,F,0.277728,00001100,27.7728,X]
[44,F,0.282611,00001100,28.2611,X]
[86,F,0.285392,00000010,28.5392,X]
[45,F,0.289447,00001100,28.9447,X]
[11,F,0.295306,11110000,29.5306,X]
[108,F,0.307853,00000001,30.7853,X]
[46,F,0.312884,00001100,31.2884,X]
[12,F,0.336322,11110000,33.6322,X]
[87,F,0.395744,00000010,39.5744,X]
[13,F,0.400775,11110000,40.0775,X]
[47,F,0.409564,00001100,40.9564,X]
[109,F,0.42797,00000001,42.797,X]
[14,F,0.435931,11110000,43.5931,X]
[48,F,0.442767,00001100,44.2767,X]
[110,F,0.457267,00000001,45.7267,X]
[49,F,0.476947,00001100,47.6947,X]
[15,F,0.505267,11110000,50.5267,X]
[50,F,0.506244,00001100,50.6244,X]
[88,F,0.509025,00000010,50.9025,X]
[51,F,0.509173,00001100,50.9173,X]
[52,F,0.520892,00001100,52.0892,X]
[111,F,0.52172,00000001,52.172,X]
[112,F,0.523673,00000001,52.3673,X]
[89,F,0.531486,00000010,53.1486,X]
[53,F,0.537494,00001100,53.7494,X]
[90,F,0.545158,00000010,54.5158,X]
[54,F,0.54893,00001000,54.893,X]
[113,F,0.551017,00000001,55.1017,X]
[91,F,0.55883,00000010,55.883,X]
[68,F,0.559672,00000100,55.9672,X]
[55,F,0.569438,00001000,56.9438,X]
[92,F,0.574455,00000010,57.4455,X]
[93,F,0.583244,00000010,58.3244,X]
[69,F,0.586039,00000100,58.6039,X]
[94,F,0.593986,00000010,59.3986,X]
[16,F,0.596087,11110000,59.6088,X]
[95,F,0.630119,00000010,63.0119,X]
[96,F,0.639884,00000010,63.9884,X]
[56,F,0.647563,00001000,64.7563,X]
[17,F,0.659564,11110000,65.9564,X]
[70,F,0.662211,00000100,66.2211,X]
[97,F,0.672111,00000010,67.2111,X]
[18,F,0.684955,11110000,68.4955,X]
[57,F,0.690531,00001000,69.0531,X]
[71,F,0.70518,00000100,70.518,X]
[72,F,0.721781,00000100,72.1781,X]
[98,F,0.750236,00000010,75.0236,X]
[114,F,0.752189,00000001,75.2189,X]
[58,F,0.755961,00001000,75.5961,X]
[115,F,0.761955,00000001,76.1955,X]
[19,F,0.766986,11110000,76.6986,X]
[59,F,0.769633,00001000,76.9633,X]
[20,F,0.772845,11110000,77.2845,X]
[99,F,0.780509,00000010,78.0509,X]
[60,F,0.784281,00001000,78.4281,X]
[116,F,0.787345,00000001,78.7345,X]
[61,F,0.796,00001000,79.6,X]
[21,F,0.800383,11100000,80.0383,X]
[62,F,0.803813,00001000,80.3813,X]
[28,F,0.805266,00010000,80.5266,X]
[22,F,0.822844,11100000,82.2844,X]
[23,F,0.82675,11100000,82.675,X]
[100,F,0.833244,00000010,83.3244,X]
[101,F,0.881095,00000010,88.1095,X]
[117,F,0.881095,00000001,88.1095,X]
[73,F,0.881938,00000100,88.1938,X]
[24,F,0.886242,11000000,88.6242,X]
[118,F,0.898673,00000001,89.8673,X]
[102,F,0.906486,00000010,90.6486,X]
[29,F,0.911711,00010000,91.1711,X]
[63,F,0.919047,00001000,91.9047,X]
[64,F,0.929789,00001000,92.9789,X]
[27,F,0.93032,01000000,93.032,X]
[65,F,0.930766,00001000,93.0766,X]
[30,F,0.932219,00010000,93.2219,X]
[31,F,0.935148,00010000,93.5148,X]
[119,F,0.936759,00000001,93.6759,X]
[120,F,0.940666,00000001,94.0666,X]
[74,F,0.944438,00000100,94.4438,X]
[66,F,0.946391,00001000,94.6391,X]
[32,F,0.950773,00010000,95.0773,X]
[25,F,0.951805,10000000,95.1805,X]
[121,F,0.953361,00000001,95.3361,X]
[33,F,0.957609,00010000,95.7609,X]
[122,F,0.964103,00000001,96.4103,X]
[34,F,0.965422,00010000,96.5422,X]
[26,F,0.968406,10000000,96.8406,X]
[75,F,0.970805,00000100,97.0805,X]
[67,F,0.972758,00001000,97.2758,X]
[103,F,0.974845,00000010,97.4845,X]
[104,F,0.980705,00000010,98.0705,X]
[105,F,0.992423,00000010,99.2423,X]
[76,F,0.995219,00000100,99.5219,X]
[35,F,0.995695,00010000,99.5695,X]
GUIDE_TREE_PARTITION1=(((((t1:9.8,t2:9.8):2.65,t3:12.45):8,t4:20.45):69.16,(t5:45.4,t6:45.4):44.21):10.39,(t7:75.66,t8:75.66):24.34);
