Taxa bit representation:
t1 10000000
t2 01000000
t3 00100000
t4 00010000
t5 00001000
t6 00000100
t7 00000010
t8 00000001
Clade List (<taxon members> = <clade name>): 

>Dataset_0
[0,F,0.0185547,11110000,1.85547,X]
[29,F,0.0332031,00001111,3.32031,X]
[1,F,0.0866641,11000000,8.66641,X]
[2,F,0.0915469,11000000,9.15469,X]
[3,F,0.118891,11000000,11.8891,X]
[12,F,0.168695,00110000,16.8695,X]
[4,F,0.199945,11000000,19.9945,X]
[30,F,0.206133,00001100,20.6133,X]
[31,F,0.22957,00001100,22.957,X]
[32,F,0.281328,00001100,28.1328,X]
[33,F,0.300859,00001100,30.0859,X]
[5,F,0.352289,11000000,35.2289,X]
[21,F,0.361641,00010000,36.1641,X]
[50,F,0.366189,00000001,36.6189,X]
[34,F,0.366289,00001100,36.6289,X]
[6,F,0.384516,11000000,38.4516,X]
[51,F,0.403298,00000001,40.3298,X]
[22,F,0.418281,00010000,41.8281,X]
[13,F,0.428047,00100000,42.8047,X]
[35,F,0.436602,00001100,43.6602,X]
[23,F,0.446602,00010000,44.6602,X]
[36,F,0.456133,00001100,45.6133,X]
[24,F,0.486641,00010000,48.6641,X]
[47,F,0.488259,00000010,48.8259,X]
[37,F,0.501055,00001100,50.1055,X]
[14,F,0.515937,00100000,51.5937,X]
[38,F,0.525469,00001100,52.5469,X]
[15,F,0.565742,00100000,56.5742,X]
[25,F,0.568672,00010000,56.8672,X]
[48,F,0.582009,00000010,58.2009,X]
[52,F,0.612283,00000001,61.2283,X]
[39,F,0.613359,00001100,61.3359,X]
[16,F,0.613594,00100000,61.3594,X]
[40,F,0.692461,00001100,69.2461,X]
[17,F,0.699531,00100000,69.9531,X]
[7,F,0.701898,11000000,70.1898,X]
[26,F,0.726875,00010000,72.6875,X]
[53,F,0.728494,00000001,72.8494,X]
[18,F,0.77082,00100000,77.082,X]
[41,F,0.776445,00001100,77.6445,X]
[54,F,0.780252,00000001,78.0252,X]
[8,F,0.794672,11000000,79.4672,X]
[55,F,0.806619,00000001,80.6619,X]
[42,F,0.811602,00001100,81.1602,X]
[27,F,0.813789,00010000,81.3789,X]
[19,F,0.845039,00100000,84.5039,X]
[49,F,0.846658,00000010,84.6658,X]
[43,F,0.852617,00001100,85.2617,X]
[44,F,0.855547,00001100,85.5547,X]
[45,F,0.878008,00001100,87.8008,X]
[56,F,0.903298,00000001,90.3298,X]
[46,F,0.913164,00001100,91.3164,X]
[57,F,0.915994,00000001,91.5994,X]
[58,F,0.937478,00000001,93.7478,X]
[20,F,0.962227,00100000,96.2227,X]
[9,F,0.964894,10000000,96.4894,X]
[28,F,0.968086,00010000,96.8086,X]
[10,F,0.985402,01000000,98.5402,X]
[11,F,0.987355,01000000,98.7355,X]
GUIDE_TREE_PARTITION1=(((t1:9.37,t2:9.37):87.53,(t3:75.75,t4:75.75):21.15):3.1,((t5:2.48,t6:2.48):80.52,(t7:70.51,t8:70.51):12.49):17);
