Taxa bit representation:
t1 10000000
t2 01000000
t3 00100000
t4 00010000
t5 00001000
t6 00000100
t7 00000010
t8 00000001
Clade List (<taxon members> = <clade name>): 

>Dataset_0
[0,F,0.0185547,11111110,1.85547,X]
[82,F,0.0449219,00000001,4.49219,X]
[1,F,0.0625,11111110,6.25,X]
[2,F,0.0634766,11111110,6.34766,X]
[83,F,0.0634766,00000001,6.34766,X]
[84,F,0.0927734,00000001,9.27734,X]
[85,F,0.133789,00000001,13.3789,X]
[3,F,0.154389,11111100,15.4389,X]
[4,F,0.160248,11111100,16.0248,X]
[86,F,0.166016,00000001,16.6016,X]
[61,F,0.187592,00000010,18.7592,X]
[87,F,0.194336,00000001,19.4336,X]
[5,F,0.250092,11111100,25.0092,X]
[6,F,0.268647,11111100,26.8647,X]
[88,F,0.279297,00000001,27.9297,X]
[89,F,0.290039,00000001,29.0039,X]
[7,F,0.291108,11111100,29.1108,X]
[90,F,0.303711,00000001,30.3711,X]
[8,F,0.312592,11111100,31.2592,X]
[62,F,0.316498,00000010,31.6498,X]
[91,F,0.344727,00000001,34.4727,X]
[92,F,0.34668,00000001,34.668,X]
[93,F,0.371094,00000001,37.1094,X]
[94,F,0.382812,00000001,38.2812,X]
[63,F,0.394623,00000010,39.4623,X]
[9,F,0.394623,11111100,39.4623,X]
[64,F,0.401459,00000010,40.1459,X]
[95,F,0.422852,00000001,42.2852,X]
[65,F,0.42978,00000010,42.978,X]
[10,F,0.433686,11111100,43.3686,X]
[66,F,0.444428,00000010,44.4428,X]
[11,F,0.471772,11111100,47.1772,X]
[67,F,0.478608,00000010,47.8608,X]
[96,F,0.49707,00000001,49.707,X]
[12,F,0.501069,11111100,50.1069,X]
[97,F,0.508789,00000001,50.8789,X]
[68,F,0.509858,00000010,50.9858,X]
[98,F,0.519531,00000001,51.9531,X]
[13,F,0.524506,11111100,52.4506,X]
[14,F,0.540131,11111100,54.0131,X]
[15,F,0.561859,11111000,56.1859,X]
[69,F,0.590912,00000010,59.0912,X]
[16,F,0.604828,11111000,60.4828,X]
[99,F,0.613281,00000001,61.3281,X]
[51,F,0.616547,00000100,61.6547,X]
[70,F,0.618256,00000010,61.8256,X]
[71,F,0.635834,00000010,63.5834,X]
[72,F,0.636811,00000010,63.6811,X]
[100,F,0.651367,00000001,65.1367,X]
[44,F,0.654819,00001000,65.4819,X]
[17,F,0.665561,11110000,66.5561,X]
[101,F,0.680664,00000001,68.0664,X]
[18,F,0.685092,11110000,68.5092,X]
[52,F,0.690766,00000100,69.0766,X]
[73,F,0.692475,00000010,69.2475,X]
[19,F,0.699741,11110000,69.9741,X]
[53,F,0.714203,00000100,71.4203,X]
[54,F,0.752289,00000100,75.2289,X]
[45,F,0.754428,00001000,75.4428,X]
[74,F,0.759858,00000010,75.9858,X]
[55,F,0.767914,00000100,76.7914,X]
[28,F,0.773608,00100000,77.3608,X]
[75,F,0.776459,00000010,77.6459,X]
[102,F,0.779297,00000001,77.9297,X]
[103,F,0.782227,00000001,78.2227,X]
[20,F,0.78728,11000000,78.728,X]
[76,F,0.788178,00000010,78.8178,X]
[46,F,0.789584,00001000,78.9584,X]
[47,F,0.795444,00001000,79.5444,X]
[104,F,0.805664,00000001,80.5664,X]
[33,F,0.807425,00010000,80.7425,X]
[29,F,0.807788,00100000,80.7788,X]
[56,F,0.812836,00000100,81.2836,X]
[34,F,0.821097,00010000,82.1097,X]
[105,F,0.825195,00000001,82.5195,X]
[106,F,0.837891,00000001,83.7891,X]
[77,F,0.856537,00000010,85.6538,X]
[35,F,0.861136,00010000,86.1136,X]
[30,F,0.866381,00100000,86.6381,X]
[57,F,0.878266,00000100,87.8266,X]
[36,F,0.881644,00010000,88.1644,X]
[78,F,0.882905,00000010,88.2905,X]
[21,F,0.889819,11000000,88.9819,X]
[37,F,0.890433,00010000,89.0433,X]
[38,F,0.894339,00010000,89.4339,X]
[48,F,0.897983,00001000,89.7983,X]
[39,F,0.901175,00010000,90.1175,X]
[49,F,0.920444,00001000,92.0444,X]
[23,F,0.925772,01000000,92.5772,X]
[107,F,0.925781,00000001,92.5781,X]
[50,F,0.92728,00001000,92.728,X]
[40,F,0.929495,00010000,92.9495,X]
[108,F,0.929688,00000001,92.9688,X]
[41,F,0.938284,00010000,93.8284,X]
[22,F,0.939444,10000000,93.9444,X]
[79,F,0.946381,00000010,94.6381,X]
[24,F,0.947256,01000000,94.7256,X]
[58,F,0.947602,00000100,94.7602,X]
[80,F,0.95517,00000010,95.517,X]
[81,F,0.96103,00000010,96.103,X]
[31,F,0.96892,00100000,96.892,X]
[42,F,0.972464,00010000,97.2464,X]
[43,F,0.981253,00010000,98.1253,X]
[32,F,0.982592,00100000,98.2592,X]
[25,F,0.984366,01000000,98.4366,X]
[59,F,0.985688,00000100,98.5688,X]
[26,F,0.995108,01000000,99.5108,X]
[27,F,0.996084,01000000,99.6084,X]
[60,F,0.998383,00000100,99.8383,X]
GUIDE_TREE_PARTITION1=(((((((t1:8.79,t2:8.79):15.9,t3:24.69):2.38,t4:27.07):8.62,t5:35.69):8.71,t6:44.4):41.04,t7:85.44):14.56,t8:100);
