Taxa bit representation:
t1 10000000
t2 01000000
t3 00100000
t4 00010000
t5 00001000
t6 00000100
t7 00000010
t8 00000001
Clade List (<taxon members> = <clade name>): 

>Dataset_0
[37,F,0.00195312,00000011,0.195312,X]
[0,F,0.0185547,11111100,1.85547,X]
[1,F,0.0283203,11111100,2.83203,X]
[2,F,0.03125,11111100,3.125,X]
[38,F,0.0676766,00000010,6.76766,X]
[3,F,0.205078,11111100,20.5078,X]
[4,F,0.228516,11111100,22.8516,X]
[52,F,0.312794,00000001,31.2794,X]
[53,F,0.343067,00000001,34.3067,X]
[15,F,0.385861,00100000,38.5861,X]
[39,F,0.389942,00000010,38.9942,X]
[54,F,0.400684,00000001,40.0684,X]
[16,F,0.402462,00100000,40.2462,X]
[24,F,0.409464,00010000,40.9464,X]
[5,F,0.421994,11000000,42.1994,X]
[40,F,0.430958,00000010,43.0958,X]
[6,F,0.435666,11000000,43.5666,X]
[55,F,0.461231,00000001,46.1231,X]
[56,F,0.47295,00000001,47.295,X]
[57,F,0.495411,00000001,49.5411,X]
[41,F,0.497364,00000010,49.7364,X]
[7,F,0.500119,11000000,50.0119,X]
[42,F,0.50713,00000010,50.713,X]
[8,F,0.510861,11000000,51.0861,X]
[17,F,0.535275,00100000,53.5275,X]
[58,F,0.553028,00000001,55.3028,X]
[43,F,0.56377,00000010,56.377,X]
[18,F,0.565548,00100000,56.5548,X]
[19,F,0.577267,00100000,57.7267,X]
[20,F,0.588986,00100000,58.8986,X]
[59,F,0.59502,00000001,59.502,X]
[29,F,0.598077,00001100,59.8077,X]
[60,F,0.624317,00000001,62.4317,X]
[25,F,0.626261,00010000,62.6261,X]
[44,F,0.628223,00000010,62.8223,X]
[61,F,0.630177,00000001,63.0177,X]
[45,F,0.666309,00000010,66.6309,X]
[9,F,0.677853,11000000,67.7853,X]
[26,F,0.685831,00010000,68.5831,X]
[21,F,0.689572,00100000,68.9572,X]
[46,F,0.697559,00000010,69.7559,X]
[62,F,0.698536,00000001,69.8536,X]
[63,F,0.699512,00000001,69.9512,X]
[30,F,0.714287,00001100,71.4287,X]
[31,F,0.733819,00001100,73.3819,X]
[47,F,0.765919,00000010,76.5919,X]
[32,F,0.769952,00001100,76.9952,X]
[22,F,0.773556,00100000,77.3556,X]
[48,F,0.787403,00000010,78.7403,X]
[10,F,0.788852,10000000,78.8852,X]
[49,F,0.798145,00000010,79.8145,X]
[11,F,0.808383,10000000,80.8383,X]
[27,F,0.838175,00010000,83.8175,X]
[13,F,0.852328,01000000,85.2328,X]
[33,F,0.855478,00001000,85.5478,X]
[34,F,0.864267,00001000,86.4267,X]
[23,F,0.872189,00100000,87.2189,X]
[14,F,0.896273,01000000,89.6273,X]
[35,F,0.902353,00001000,90.2353,X]
[64,F,0.925098,00000001,92.5098,X]
[65,F,0.927052,00000001,92.7052,X]
[28,F,0.937784,00010000,93.7784,X]
[36,F,0.946298,00000100,94.6298,X]
[50,F,0.955372,00000010,95.5372,X]
[51,F,0.973927,00000010,97.3927,X]
[12,F,0.989047,10000000,98.9047,X]
GUIDE_TREE_PARTITION1=(((((t1:25.9,t2:25.9):37.76,t3:63.66):0.96,t4:64.62):6.92,(t5:22.46,t6:22.46):49.08):28.46,(t7:93.33,t8:93.33):6.67);
