Taxa bit representation:
t1 10000000
t2 01000000
t3 00100000
t4 00010000
t5 00001000
t6 00000100
t7 00000010
t8 00000001
Clade List (<taxon members> = <clade name>): 

>Dataset_0
[57,F,0.0576172,00000001,5.76172,X]
[44,F,0.0713219,00000010,7.13219,X]
[58,F,0.161133,00000001,16.1133,X]
[0,F,0.161259,11111000,16.1259,X]
[59,F,0.173828,00000001,17.3828,X]
[1,F,0.176884,11111000,17.6884,X]
[37,F,0.209111,00000100,20.9111,X]
[38,F,0.238408,00000100,23.8408,X]
[21,F,0.253213,00010000,25.3212,X]
[2,F,0.259072,11100000,25.9072,X]
[22,F,0.268838,00010000,26.8837,X]
[28,F,0.284197,00001000,28.4197,X]
[29,F,0.299822,00001000,29.9822,X]
[45,F,0.308627,00000010,30.8627,X]
[23,F,0.34208,00010000,34.208,X]
[30,F,0.404314,00001000,40.4314,X]
[60,F,0.427734,00000001,42.7734,X]
[3,F,0.447548,11100000,44.7548,X]
[61,F,0.453125,00000001,45.3125,X]
[46,F,0.457064,00000010,45.7064,X]
[47,F,0.467806,00000010,46.7806,X]
[48,F,0.468783,00000010,46.8783,X]
[39,F,0.468877,00000100,46.8877,X]
[62,F,0.533203,00000001,53.3203,X]
[4,F,0.536298,11000000,53.6298,X]
[5,F,0.539228,11000000,53.9228,X]
[31,F,0.541033,00001000,54.1033,X]
[63,F,0.548828,00000001,54.8828,X]
[40,F,0.566533,00000100,56.6533,X]
[49,F,0.589877,00000010,58.9877,X]
[6,F,0.590986,11000000,59.0986,X]
[24,F,0.596962,00010000,59.6962,X]
[7,F,0.604658,11000000,60.4658,X]
[25,F,0.624306,00010000,62.4306,X]
[64,F,0.625977,00000001,62.5977,X]
[50,F,0.631869,00000010,63.1869,X]
[32,F,0.651384,00001000,65.1384,X]
[16,F,0.658369,00100000,65.8369,X]
[17,F,0.665205,00100000,66.5205,X]
[51,F,0.686556,00000010,68.6556,X]
[10,F,0.706236,01000000,70.6236,X]
[11,F,0.75897,01000000,75.897,X]
[41,F,0.772587,00000100,77.2587,X]
[18,F,0.777509,00100000,77.7509,X]
[33,F,0.78908,00001000,78.908,X]
[42,F,0.790166,00000100,79.0166,X]
[19,F,0.793134,00100000,79.3134,X]
[52,F,0.802767,00000010,80.2767,X]
[12,F,0.802916,01000000,80.2916,X]
[53,F,0.830111,00000010,83.0111,X]
[26,F,0.860634,00010000,86.0634,X]
[20,F,0.86247,00100000,86.247,X]
[34,F,0.864275,00001000,86.4275,X]
[8,F,0.864439,10000000,86.4439,X]
[13,F,0.884947,01000000,88.4947,X]
[54,F,0.924837,00000010,92.4837,X]
[55,F,0.942416,00000010,94.2416,X]
[14,F,0.942564,01000000,94.2564,X]
[9,F,0.962095,10000000,96.2095,X]
[35,F,0.968767,00001000,96.8767,X]
[56,F,0.983431,00000010,98.3431,X]
[43,F,0.987431,00000100,98.7431,X]
[27,F,0.989541,00010000,98.9541,X]
[15,F,0.996275,01000000,99.6275,X]
[36,F,0.999041,00001000,99.9041,X]
GUIDE_TREE_PARTITION1=(((((((t1:30.06,t2:30.06):20.9,t3:50.96):24.5,t4:75.46):5.3,t5:80.76):3.7,t6:84.46):12.9,t7:97.36):2.64,t8:100);
