Taxa bit representation:
t1 10000000
t2 01000000
t3 00100000
t4 00010000
t5 00001000
t6 00000100
t7 00000010
t8 00000001
Clade List (<taxon members> = <clade name>): 

>Dataset_0
[37,F,0.0470984,00000010,4.70984,X]
[29,F,0.0719531,00000100,7.19531,X]
[19,F,0.123036,00001000,12.3036,X]
[38,F,0.134012,00000010,13.4012,X]
[0,F,0.153309,11110000,15.3309,X]
[39,F,0.19163,00000010,19.163,X]
[40,F,0.217997,00000010,21.7997,X]
[41,F,0.233622,00000010,23.3622,X]
[42,F,0.266825,00000010,26.6825,X]
[43,F,0.294169,00000010,29.4169,X]
[51,F,0.322266,00000001,32.2266,X]
[1,F,0.362683,11100000,36.2683,X]
[20,F,0.408192,00001000,40.8192,X]
[21,F,0.432606,00001000,43.2606,X]
[13,F,0.449597,00010000,44.9597,X]
[2,F,0.456433,11100000,45.6433,X]
[52,F,0.461914,00000001,46.1914,X]
[30,F,0.486016,00000100,48.6016,X]
[14,F,0.495495,00010000,49.5495,X]
[22,F,0.505848,00001000,50.5848,X]
[23,F,0.533192,00001000,53.3192,X]
[31,F,0.547539,00000100,54.7539,X]
[3,F,0.548505,11000000,54.8505,X]
[15,F,0.589245,00010000,58.9245,X]
[4,F,0.605145,11000000,60.5145,X]
[44,F,0.611552,00000010,61.1552,X]
[5,F,0.613934,11000000,61.3934,X]
[24,F,0.620106,00001000,62.0106,X]
[45,F,0.636942,00000010,63.6942,X]
[53,F,0.666016,00000001,66.6016,X]
[16,F,0.6703,00010000,67.03,X]
[46,F,0.683817,00000010,68.3817,X]
[25,F,0.687489,00001000,68.7489,X]
[32,F,0.690117,00000100,69.0117,X]
[33,F,0.691094,00000100,69.1094,X]
[54,F,0.693359,00000001,69.3359,X]
[9,F,0.694013,00100000,69.4013,X]
[34,F,0.694023,00000100,69.4023,X]
[26,F,0.707997,00001000,70.7997,X]
[47,F,0.71702,00000010,71.702,X]
[17,F,0.736706,00010000,73.6706,X]
[55,F,0.766602,00000001,76.6602,X]
[10,F,0.843427,00100000,84.3427,X]
[6,F,0.848364,10000000,84.8364,X]
[48,F,0.864481,00000010,86.4481,X]
[11,F,0.865887,00100000,86.5887,X]
[56,F,0.868164,00000001,86.8164,X]
[18,F,0.868542,00010000,86.8542,X]
[12,F,0.900067,00100000,90.0067,X]
[35,F,0.904961,00000100,90.4961,X]
[49,F,0.915262,00000010,91.5262,X]
[27,F,0.927723,00001000,92.7723,X]
[36,F,0.933281,00000100,93.3281,X]
[7,F,0.938208,10000000,93.8208,X]
[8,F,0.942114,01000000,94.2114,X]
[50,F,0.961161,00000010,96.1161,X]
[28,F,0.977528,00001000,97.7528,X]
GUIDE_TREE_PARTITION1=(((((((t1:20.73,t2:20.73):29.4,t3:50.13):14.09,t4:64.22):24.16,t5:88.38):4.62,t6:93):6.88,t7:99.88):0.12,t8:100);
