Taxa bit representation:
t1 10000000
t2 01000000
t3 00100000
t4 00010000
t5 00001000
t6 00000100
t7 00000010
t8 00000001
Clade List (<taxon members> = <clade name>): 

>Dataset_0
[128,F,0.0244141,00000001,2.44141,X]
[0,F,0.0771484,11111110,7.71484,X]
[1,F,0.078125,11111110,7.8125,X]
[2,F,0.0859375,11111110,8.59375,X]
[129,F,0.123047,00000001,12.3047,X]
[3,F,0.145606,11111100,14.5606,X]
[108,F,0.151466,00000010,15.1466,X]
[4,F,0.166114,11111100,16.6114,X]
[86,F,0.171153,00000100,17.1153,X]
[68,F,0.173606,00001000,17.3606,X]
[5,F,0.175559,11110000,17.5559,X]
[69,F,0.177512,00001000,17.7512,X]
[70,F,0.189231,00001000,18.9231,X]
[6,F,0.192161,11110000,19.2161,X]
[130,F,0.193359,00000001,19.3359,X]
[71,F,0.202903,00001000,20.2903,X]
[72,F,0.204856,00001000,20.4856,X]
[109,F,0.208106,00000010,20.8106,X]
[87,F,0.211192,00000100,21.1192,X]
[110,F,0.217872,00000010,21.7872,X]
[111,F,0.218848,00000010,21.8848,X]
[7,F,0.236106,11110000,23.6106,X]
[112,F,0.257911,00000010,25.7911,X]
[73,F,0.26638,00001000,26.638,X]
[74,F,0.268333,00001000,26.8333,X]
[113,F,0.293067,00000010,29.3067,X]
[114,F,0.295997,00000010,29.5997,X]
[75,F,0.305442,00001000,30.5442,X]
[115,F,0.306739,00000010,30.6739,X]
[131,F,0.311523,00000001,31.1523,X]
[88,F,0.336192,00000100,33.6192,X]
[132,F,0.337891,00000001,33.7891,X]
[89,F,0.346934,00000100,34.6934,X]
[133,F,0.348633,00000001,34.8633,X]
[52,F,0.351461,00010000,35.1461,X]
[8,F,0.353414,11100000,35.3414,X]
[116,F,0.354591,00000010,35.4591,X]
[90,F,0.3567,00000100,35.67,X]
[53,F,0.35732,00010000,35.732,X]
[117,F,0.375098,00000010,37.5098,X]
[54,F,0.379781,00010000,37.9781,X]
[55,F,0.38857,00010000,38.857,X]
[118,F,0.38877,00000010,38.877,X]
[91,F,0.394786,00000100,39.4786,X]
[76,F,0.396262,00001000,39.6262,X]
[9,F,0.420797,11100000,42.0797,X]
[134,F,0.428711,00000001,42.8711,X]
[119,F,0.439552,00000010,43.9552,X]
[92,F,0.441661,00000100,44.1661,X]
[93,F,0.454356,00000100,45.4356,X]
[135,F,0.462891,00000001,46.2891,X]
[10,F,0.469625,11100000,46.9625,X]
[77,F,0.481223,00001000,48.1223,X]
[11,F,0.484273,11100000,48.4273,X]
[94,F,0.497325,00000100,49.7325,X]
[95,F,0.503184,00000100,50.3184,X]
[96,F,0.504161,00000100,50.4161,X]
[120,F,0.510841,00000010,51.0841,X]
[121,F,0.5167,00000010,51.67,X]
[78,F,0.520286,00001000,52.0286,X]
[79,F,0.527122,00001000,52.7122,X]
[56,F,0.527242,00010000,52.7242,X]
[136,F,0.545898,00000001,54.5898,X]
[97,F,0.557872,00000100,55.7872,X]
[32,F,0.569706,00100000,56.9706,X]
[33,F,0.573613,00100000,57.3613,X]
[34,F,0.579472,00100000,57.9472,X]
[57,F,0.590719,00010000,59.0719,X]
[35,F,0.612675,00100000,61.2675,X]
[36,F,0.613652,00100000,61.3652,X]
[122,F,0.639747,00000010,63.9747,X]
[58,F,0.640523,00010000,64.0523,X]
[59,F,0.646383,00010000,64.6383,X]
[37,F,0.657597,00100000,65.7597,X]
[38,F,0.664433,00100000,66.4433,X]
[12,F,0.671269,11000000,67.1269,X]
[123,F,0.67588,00000010,67.588,X]
[98,F,0.687755,00000100,68.7755,X]
[60,F,0.690328,00010000,69.0328,X]
[137,F,0.692383,00000001,69.2383,X]
[13,F,0.69373,11000000,69.373,X]
[14,F,0.709542,10000000,70.9542,X]
[80,F,0.733177,00001000,73.3177,X]
[39,F,0.734745,00100000,73.4745,X]
[124,F,0.748145,00000010,74.8145,X]
[81,F,0.753684,00001000,75.3684,X]
[40,F,0.75623,00100000,75.623,X]
[15,F,0.759347,10000000,75.9347,X]
[125,F,0.768653,00000010,76.8653,X]
[41,F,0.768925,00100000,76.8925,X]
[42,F,0.774784,00100000,77.4784,X]
[43,F,0.778691,00100000,77.8691,X]
[16,F,0.778878,10000000,77.8878,X]
[44,F,0.782597,00100000,78.2597,X]
[24,F,0.783761,01000000,78.3761,X]
[61,F,0.803609,00010000,80.3609,X]
[17,F,0.810128,10000000,81.0128,X]
[99,F,0.811778,00000100,81.1778,X]
[100,F,0.812755,00000100,81.2755,X]
[18,F,0.815011,10000000,81.5011,X]
[101,F,0.815684,00000100,81.5684,X]
[102,F,0.829356,00000100,82.9356,X]
[103,F,0.833263,00000100,83.3263,X]
[45,F,0.834355,00100000,83.4355,X]
[19,F,0.835519,10000000,83.5519,X]
[104,F,0.838145,00000100,83.8145,X]
[46,F,0.840214,00100000,84.0214,X]
[25,F,0.840402,01000000,84.0402,X]
[26,F,0.841378,01000000,84.1378,X]
[138,F,0.845703,00000001,84.5703,X]
[62,F,0.856344,00010000,85.6344,X]
[82,F,0.864036,00001000,86.4036,X]
[63,F,0.864156,00010000,86.4156,X]
[64,F,0.868062,00010000,86.8062,X]
[105,F,0.869395,00000100,86.9395,X]
[20,F,0.875558,10000000,87.5558,X]
[47,F,0.8783,00100000,87.83,X]
[65,F,0.88857,00010000,88.857,X]
[106,F,0.889903,00000100,88.9903,X]
[139,F,0.892578,00000001,89.2578,X]
[140,F,0.897461,00000001,89.7461,X]
[83,F,0.901145,00001000,90.1145,X]
[27,F,0.903878,01000000,90.3878,X]
[141,F,0.904297,00000001,90.4297,X]
[28,F,0.907784,01000000,90.7784,X]
[84,F,0.907981,00001000,90.7981,X]
[21,F,0.915597,10000000,91.5597,X]
[66,F,0.917867,00010000,91.7867,X]
[67,F,0.92275,00010000,92.275,X]
[22,F,0.924386,10000000,92.4386,X]
[23,F,0.928292,10000000,92.8292,X]
[142,F,0.93457,00000001,93.457,X]
[85,F,0.945091,00001000,94.5091,X]
[143,F,0.946289,00000001,94.6289,X]
[48,F,0.946659,00100000,94.6659,X]
[49,F,0.948613,00100000,94.8613,X]
[50,F,0.955448,00100000,95.5448,X]
[107,F,0.974864,00000100,97.4864,X]
[29,F,0.98005,01000000,98.005,X]
[126,F,0.98545,00000010,98.545,X]
[51,F,0.987675,00100000,98.7675,X]
[30,F,0.991769,01000000,99.1769,X]
[31,F,0.992745,01000000,99.2745,X]
[127,F,0.995216,00000010,99.5216,X]
GUIDE_TREE_PARTITION1=(((((((t1:30.12,t2:30.12):13.3,t3:43.42):23.68,t4:67.1):15.93,t5:83.03):0.05,t6:83.08):2.75,t7:85.83):14.17,t8:100);
