Taxa bit representation:
t1 10000000
t2 01000000
t3 00100000
t4 00010000
t5 00001000
t6 00000100
t7 00000010
t8 00000001
Clade List (<taxon members> = <clade name>): 

>Dataset_0
[31,F,0.0566406,00000001,5.66406,X]
[32,F,0.118164,00000001,11.8164,X]
[33,F,0.135742,00000001,13.5742,X]
[0,F,0.181341,11111000,18.1341,X]
[1,F,0.196553,11110000,19.6553,X]
[2,F,0.214131,11110000,21.4131,X]
[29,F,0.218584,00000010,21.8584,X]
[18,F,0.232686,00001000,23.2686,X]
[34,F,0.277344,00000001,27.7344,X]
[35,F,0.299805,00000001,29.9805,X]
[19,F,0.302998,00001000,30.2998,X]
[3,F,0.341892,11100000,34.1892,X]
[36,F,0.455078,00000001,45.5078,X]
[37,F,0.457031,00000001,45.7031,X]
[11,F,0.460056,00010000,46.0056,X]
[12,F,0.473728,00010000,47.3728,X]
[13,F,0.505955,00010000,50.5955,X]
[20,F,0.519795,00001000,51.9795,X]
[14,F,0.545994,00010000,54.5994,X]
[38,F,0.567383,00000001,56.7383,X]
[4,F,0.59265,11000000,59.265,X]
[5,F,0.603392,11000000,60.3392,X]
[8,F,0.615111,00100000,61.5111,X]
[30,F,0.642412,00000010,64.2412,X]
[9,F,0.688353,00100000,68.8353,X]
[15,F,0.710056,00010000,71.0056,X]
[16,F,0.712986,00010000,71.2986,X]
[10,F,0.718627,00100000,71.8627,X]
[17,F,0.748142,00010000,74.8142,X]
[24,F,0.788762,00000100,78.8762,X]
[39,F,0.797852,00000001,79.7852,X]
[25,F,0.830755,00000100,83.0755,X]
[26,F,0.834661,00000100,83.4661,X]
[27,F,0.87177,00000100,87.177,X]
[28,F,0.880559,00000100,88.0559,X]
[21,F,0.906514,00001000,90.6514,X]
[22,F,0.923116,00001000,92.3116,X]
[7,F,0.950795,01000000,95.0795,X]
[23,F,0.952412,00001000,95.2412,X]
[6,F,0.953725,10000000,95.3725,X]
GUIDE_TREE_PARTITION1=(((((((t1:31.19,t2:31.19):18.92,t3:50.11):19.9,t4:70.01):10.53,t5:80.54):13.24,t6:93.78):5.26,t7:99.04):0.96,t8:100);
