Taxa bit representation:
t1 10000000
t2 01000000
t3 00100000
t4 00010000
t5 00001000
t6 00000100
t7 00000010
t8 00000001
Clade List (<taxon members> = <clade name>): 

>Dataset_0
[0,F,0.0556641,11111100,5.56641,X]
[1,F,0.139648,11111100,13.9648,X]
[2,F,0.415039,11111100,41.5039,X]
[5,F,0.516261,00010000,51.6261,X]
[17,F,0.548209,00000001,54.8209,X]
[6,F,0.564113,00010000,56.4113,X]
[7,F,0.569972,00010000,56.9972,X]
[10,F,0.595806,00001000,59.5806,X]
[18,F,0.619498,00000001,61.9498,X]
[14,F,0.648795,00000010,64.8795,X]
[3,F,0.661769,11100000,66.1769,X]
[11,F,0.684673,00001000,68.4673,X]
[12,F,0.765728,00001000,76.5728,X]
[4,F,0.78925,00100000,78.925,X]
[13,F,0.81065,00000100,81.065,X]
[15,F,0.82067,00000010,82.067,X]
[8,F,0.857081,00010000,85.7081,X]
[9,F,0.890284,00010000,89.0284,X]
[16,F,0.968131,00000010,96.8131,X]
GUIDE_TREE_PARTITION1=(((((t1:5.2,t2:5.2):19,t3:24.2):32.67,t4:56.87):0.1,(t5:53.31,t6:53.31):3.66):43.03,(t7:61.39,t8:61.39):38.61);
