Taxa bit representation:
t1 10000000
t2 01000000
t3 00100000
t4 00010000
t5 00001000
t6 00000100
t7 00000010
t8 00000001
Clade List (<taxon members> = <clade name>): 

>Dataset_0
[13,F,0.0151484,00000010,1.51484,X]
[14,F,0.0366328,00000010,3.66328,X]
[15,F,0.0678828,00000010,6.78828,X]
[0,F,0.118164,11111100,11.8164,X]
[16,F,0.132336,00000010,13.2336,X]
[17,F,0.157727,00000010,15.7727,X]
[26,F,0.192883,00000001,19.2883,X]
[18,F,0.229016,00000010,22.9016,X]
[1,F,0.236328,11111100,23.6328,X]
[2,F,0.294922,11111100,29.4922,X]
[27,F,0.34132,00000001,34.132,X]
[3,F,0.368164,11111100,36.8164,X]
[19,F,0.377453,00000010,37.7453,X]
[20,F,0.40968,00000010,40.968,X]
[7,F,0.529759,00010000,52.9759,X]
[21,F,0.557141,00000010,55.7141,X]
[8,F,0.566869,00010000,56.6869,X]
[11,F,0.579272,00001100,57.9272,X]
[28,F,0.588391,00000001,58.8391,X]
[9,F,0.652806,00010000,65.2806,X]
[29,F,0.670422,00000001,67.0422,X]
[4,F,0.743627,11100000,74.3627,X]
[22,F,0.743664,00000010,74.3664,X]
[10,F,0.865697,00010000,86.5697,X]
[6,F,0.876891,00100000,87.6891,X]
[23,F,0.895031,00000010,89.5031,X]
[24,F,0.922375,00000010,92.2375,X]
[25,F,0.923352,00000010,92.3352,X]
[12,F,0.99407,00001000,99.407,X]
[5,F,0.997841,10000000,99.7841,X]
GUIDE_TREE_PARTITION1=(((((t1:18.38,t2:18.38):2.72,t3:21.1):26.51,t4:47.61):2.08,(t5:6.55,t6:6.55):43.14):50.31,(t7:99.95,t8:99.95):0.05);
