Taxa bit representation:
t1 10000000
t2 01000000
t3 00100000
t4 00010000
t5 00001000
t6 00000100
t7 00000010
t8 00000001
Clade List (<taxon members> = <clade name>): 

>Dataset_0
[79,F,0.00976562,00001111,0.976562,X]
[0,F,0.0244141,11110000,2.44141,X]
[80,F,0.0283203,00001111,2.83203,X]
[1,F,0.0429688,11110000,4.29688,X]
[2,F,0.0439453,11110000,4.39453,X]
[81,F,0.0703125,00001111,7.03125,X]
[3,F,0.0928063,11000000,9.28063,X]
[4,F,0.0967125,11000000,9.67125,X]
[82,F,0.109375,00001111,10.9375,X]
[5,F,0.11722,11000000,11.722,X]
[83,F,0.135742,00001111,13.5742,X]
[6,F,0.147494,11000000,14.7494,X]
[43,F,0.157259,00110000,15.7259,X]
[44,F,0.178744,00110000,17.8744,X]
[7,F,0.205111,11000000,20.5111,X]
[45,F,0.207064,00110000,20.7064,X]
[46,F,0.221713,00110000,22.1713,X]
[84,F,0.243164,00001111,24.3164,X]
[85,F,0.253906,00001111,25.3906,X]
[47,F,0.257845,00110000,25.7845,X]
[86,F,0.289242,00001100,28.9242,X]
[113,F,0.298031,00000011,29.8031,X]
[8,F,0.313509,11000000,31.3509,X]
[48,F,0.318392,00110000,31.8392,X]
[9,F,0.340853,11000000,34.0853,X]
[49,F,0.344759,00110000,34.4759,X]
[10,F,0.348666,11000000,34.8666,X]
[114,F,0.351742,00000011,35.1742,X]
[50,F,0.353548,00110000,35.3548,X]
[11,F,0.366244,11000000,36.6244,X]
[51,F,0.376986,00110000,37.6986,X]
[52,F,0.392611,00110000,39.2611,X]
[87,F,0.397641,00001100,39.7641,X]
[12,F,0.40433,11000000,40.433,X]
[53,F,0.412142,00110000,41.2142,X]
[13,F,0.413119,11000000,41.3119,X]
[88,F,0.416195,00001100,41.6195,X]
[14,F,0.431673,11000000,43.1673,X]
[89,F,0.438656,00001100,43.8656,X]
[115,F,0.452328,00000011,45.2328,X]
[54,F,0.473666,00110000,47.3666,X]
[15,F,0.47538,10000000,47.538,X]
[116,F,0.485531,00000011,48.5531,X]
[117,F,0.490414,00000011,49.0414,X]
[32,F,0.504677,01000000,50.4677,X]
[55,F,0.507845,00110000,50.7845,X]
[90,F,0.512875,00001100,51.2875,X]
[16,F,0.521278,10000000,52.1278,X]
[56,F,0.547884,00110000,54.7884,X]
[118,F,0.548031,00000011,54.8031,X]
[91,F,0.550961,00001100,55.0961,X]
[33,F,0.564247,01000000,56.4247,X]
[17,F,0.568153,10000000,56.8153,X]
[92,F,0.568539,00001100,56.8539,X]
[34,F,0.577919,01000000,57.7919,X]
[119,F,0.578305,00000011,57.8305,X]
[93,F,0.586117,00001100,58.6117,X]
[35,F,0.590614,01000000,59.0614,X]
[57,F,0.607455,00110000,60.7455,X]
[18,F,0.609169,10000000,60.9169,X]
[19,F,0.612098,10000000,61.2098,X]
[101,F,0.615367,00000100,61.5367,X]
[129,F,0.622616,00000001,62.2616,X]
[20,F,0.626747,10000000,62.6747,X]
[102,F,0.632945,00000100,63.2945,X]
[58,F,0.637728,00110000,63.7728,X]
[120,F,0.640194,00000010,64.0194,X]
[121,F,0.64117,00000010,64.117,X]
[21,F,0.647255,10000000,64.7255,X]
[59,F,0.656283,00110000,65.6283,X]
[103,F,0.673961,00000100,67.3961,X]
[130,F,0.687069,00000001,68.7069,X]
[104,F,0.691539,00000100,69.1539,X]
[22,F,0.692177,10000000,69.2177,X]
[122,F,0.693905,00000010,69.3905,X]
[60,F,0.696225,00100000,69.6225,X]
[36,F,0.697059,01000000,69.7059,X]
[61,F,0.705991,00100000,70.5991,X]
[72,F,0.716733,00010000,71.6733,X]
[62,F,0.720639,00100000,72.0639,X]
[123,F,0.733944,00000010,73.3944,X]
[23,F,0.7537,10000000,75.37,X]
[63,F,0.755795,00100000,75.5795,X]
[131,F,0.759334,00000001,75.9334,X]
[94,F,0.759898,00001000,75.9898,X]
[37,F,0.760536,01000000,76.0536,X]
[132,F,0.76617,00000001,76.617,X]
[105,F,0.769664,00000100,76.9664,X]
[24,F,0.771278,10000000,77.1278,X]
[95,F,0.77943,00001000,77.943,X]
[124,F,0.779842,00000010,77.9842,X]
[64,F,0.780209,00100000,78.0209,X]
[125,F,0.786678,00000010,78.6678,X]
[38,F,0.788856,01000000,78.8856,X]
[39,F,0.793739,01000000,79.3739,X]
[133,F,0.801327,00000001,80.1327,X]
[25,F,0.802528,10000000,80.2528,X]
[106,F,0.802867,00000100,80.2867,X]
[65,F,0.803647,00100000,80.3647,X]
[73,F,0.803647,00010000,80.3647,X]
[74,F,0.804623,00010000,80.4623,X]
[66,F,0.812436,00100000,81.2436,X]
[67,F,0.813412,00100000,81.3413,X]
[107,F,0.816539,00000100,81.6539,X]
[108,F,0.818492,00000100,81.8492,X]
[26,F,0.836708,10000000,83.6708,X]
[109,F,0.848766,00000100,84.8766,X]
[27,F,0.849403,10000000,84.9403,X]
[134,F,0.855038,00000001,85.5037,X]
[40,F,0.855263,01000000,85.5263,X]
[68,F,0.86517,00100000,86.517,X]
[41,F,0.866981,01000000,86.6981,X]
[110,F,0.871227,00000100,87.1227,X]
[96,F,0.871227,00001000,87.1227,X]
[135,F,0.871639,00000001,87.1639,X]
[69,F,0.873959,00100000,87.3959,X]
[75,F,0.877866,00010000,87.7866,X]
[28,F,0.883583,10000000,88.3583,X]
[136,F,0.885311,00000001,88.5311,X]
[137,F,0.886288,00000001,88.6287,X]
[138,F,0.888241,00000001,88.8241,X]
[139,F,0.900936,00000001,90.0936,X]
[126,F,0.903866,00000010,90.3866,X]
[70,F,0.914975,00100000,91.4975,X]
[127,F,0.919491,00000010,91.9491,X]
[76,F,0.921811,00010000,92.1811,X]
[97,F,0.93568,00001000,93.568,X]
[77,F,0.937436,00010000,93.7436,X]
[98,F,0.950328,00001000,95.0328,X]
[29,F,0.950966,10000000,95.0966,X]
[111,F,0.952281,00000100,95.2281,X]
[30,F,0.953895,10000000,95.3895,X]
[31,F,0.964638,10000000,96.4638,X]
[140,F,0.974178,00000001,97.4178,X]
[99,F,0.974742,00001000,97.4742,X]
[42,F,0.982216,01000000,98.2216,X]
[71,F,0.984311,00100000,98.4311,X]
[128,F,0.988827,00000010,98.8827,X]
[112,F,0.99232,00000100,99.232,X]
[78,F,0.99603,00010000,99.603,X]
[100,F,0.996227,00001000,99.6227,X]
GUIDE_TREE_PARTITION1=(((t1:55.88,t2:55.88):35.23,(t3:31.94,t4:31.94):59.17):8.89,((t5:41.1,t6:41.1):31.05,(t7:41.84,t8:41.84):30.31):27.85);
