Taxa bit representation:
t1 10000000
t2 01000000
t3 00100000
t4 00010000
t5 00001000
t6 00000100
t7 00000010
t8 00000001
Clade List (<taxon members> = <clade name>): 

>Dataset_0
[77,F,0.0439453,00000011,4.39453,X]
[78,F,0.0625,00000011,6.25,X]
[79,F,0.0644531,00000011,6.44531,X]
[80,F,0.112305,00000011,11.2305,X]
[0,F,0.149414,11111100,14.9414,X]
[1,F,0.170898,11111100,17.0898,X]
[2,F,0.195312,11111100,19.5312,X]
[57,F,0.197953,00001100,19.7953,X]
[3,F,0.206742,11110000,20.6742,X]
[81,F,0.220703,00000011,22.0703,X]
[58,F,0.225297,00001100,22.5297,X]
[4,F,0.22725,11110000,22.725,X]
[82,F,0.234375,00000011,23.4375,X]
[5,F,0.244828,11110000,24.4828,X]
[59,F,0.252641,00001100,25.2641,X]
[60,F,0.275102,00001100,27.5102,X]
[6,F,0.279984,11110000,27.9984,X]
[61,F,0.337602,00001100,33.7602,X]
[83,F,0.34668,00000011,34.668,X]
[84,F,0.350586,00000011,35.0586,X]
[62,F,0.362992,00001100,36.2992,X]
[63,F,0.381547,00001100,38.1547,X]
[7,F,0.394242,11110000,39.4242,X]
[85,F,0.418945,00000011,41.8945,X]
[64,F,0.421586,00001100,42.1586,X]
[86,F,0.428711,00000011,42.8711,X]
[87,F,0.433594,00000011,43.3594,X]
[65,F,0.439164,00001100,43.9164,X]
[8,F,0.441117,11110000,44.1117,X]
[88,F,0.441406,00000011,44.1406,X]
[89,F,0.455078,00000011,45.5078,X]
[101,F,0.534111,00000001,53.4111,X]
[90,F,0.554619,00000010,55.4619,X]
[45,F,0.562202,00010000,56.2202,X]
[18,F,0.571395,01000000,57.1395,X]
[66,F,0.578812,00001100,57.8812,X]
[9,F,0.584091,10000000,58.4091,X]
[46,F,0.588569,00010000,58.8569,X]
[102,F,0.589775,00000001,58.9775,X]
[47,F,0.590522,00010000,59.0522,X]
[103,F,0.593681,00000001,59.3681,X]
[34,F,0.594323,00100000,59.4323,X]
[48,F,0.596381,00010000,59.6381,X]
[104,F,0.60247,00000001,60.247,X]
[91,F,0.611259,00000010,61.1259,X]
[35,F,0.611902,00100000,61.1902,X]
[19,F,0.615341,01000000,61.5341,X]
[20,F,0.619247,01000000,61.9247,X]
[49,F,0.629584,00010000,62.9584,X]
[92,F,0.647392,00000010,64.7392,X]
[67,F,0.648148,00001100,64.8148,X]
[36,F,0.649988,00100000,64.9988,X]
[21,F,0.65538,01000000,65.538,X]
[22,F,0.658309,01000000,65.8309,X]
[23,F,0.671005,01000000,67.1005,X]
[24,F,0.688583,01000000,68.8583,X]
[105,F,0.693291,00000001,69.3291,X]
[37,F,0.693933,00100000,69.3933,X]
[25,F,0.698348,01000000,69.8348,X]
[93,F,0.70208,00000010,70.208,X]
[38,F,0.702722,00100000,70.2722,X]
[10,F,0.704208,10000000,70.4208,X]
[94,F,0.710869,00000010,71.0869,X]
[39,F,0.712488,00100000,71.2488,X]
[26,F,0.713973,01000000,71.3973,X]
[95,F,0.717705,00000010,71.7705,X]
[96,F,0.721611,00000010,72.1611,X]
[106,F,0.73333,00000001,73.333,X]
[40,F,0.739831,00100000,73.9831,X]
[41,F,0.747644,00100000,74.7644,X]
[50,F,0.748725,00010000,74.8725,X]
[68,F,0.770219,00001100,77.0219,X]
[69,F,0.771195,00001100,77.1195,X]
[70,F,0.777055,00001100,77.7055,X]
[97,F,0.781181,00000010,78.1181,X]
[42,F,0.808191,00100000,80.8191,X]
[71,F,0.810258,00001100,81.0258,X]
[27,F,0.810653,01000000,81.0653,X]
[28,F,0.816513,01000000,81.6513,X]
[72,F,0.825883,00001100,82.5883,X]
[43,F,0.827722,00100000,82.7722,X]
[29,F,0.828231,01000000,82.8231,X]
[30,F,0.832138,01000000,83.2138,X]
[51,F,0.834663,00010000,83.4663,X]
[31,F,0.838973,01000000,83.8973,X]
[73,F,0.850297,00001100,85.0297,X]
[11,F,0.853622,10000000,85.3622,X]
[12,F,0.863388,10000000,86.3388,X]
[52,F,0.874702,00010000,87.4702,X]
[32,F,0.882919,01000000,88.2919,X]
[107,F,0.885673,00000001,88.5673,X]
[74,F,0.88643,00001100,88.643,X]
[53,F,0.893256,00010000,89.3256,X]
[13,F,0.896591,10000000,89.6591,X]
[33,F,0.904403,01000000,90.4403,X]
[108,F,0.908134,00000001,90.8134,X]
[54,F,0.912788,00010000,91.2788,X]
[14,F,0.914169,10000000,91.4169,X]
[75,F,0.91475,00001100,91.475,X]
[15,F,0.916122,10000000,91.6122,X]
[109,F,0.916923,00000001,91.6923,X]
[16,F,0.924911,10000000,92.4911,X]
[110,F,0.935478,00000001,93.5478,X]
[76,F,0.942094,00001100,94.2094,X]
[98,F,0.945244,00000010,94.5244,X]
[99,F,0.956962,00000010,95.6962,X]
[55,F,0.958686,00010000,95.8686,X]
[44,F,0.964441,00100000,96.4441,X]
[56,F,0.967475,00010000,96.7475,X]
[17,F,0.975692,10000000,97.5692,X]
[100,F,0.981377,00000010,98.1377,X]
[111,F,0.987236,00000001,98.7236,X]
[112,F,0.991142,00000001,99.1142,X]
GUIDE_TREE_PARTITION1=(((((t1:44.13,t2:44.13):2.59,t3:46.72):4.97,t4:51.69):28.71,(t5:0.88,t6:0.88):79.52):19.6,(t7:51.96,t8:51.96):48.04);
