Taxa bit representation:
t1 10000000
t2 01000000
t3 00100000
t4 00010000
t5 00001000
t6 00000100
t7 00000010
t8 00000001
Clade List (<taxon members> = <clade name>): 

>Dataset_0
[38,F,0.135742,00000011,13.5742,X]
[39,F,0.137695,00000011,13.7695,X]
[22,F,0.258539,00001100,25.8539,X]
[0,F,0.300655,11100000,30.0655,X]
[23,F,0.30932,00001100,30.932,X]
[15,F,0.31335,00010000,31.335,X]
[16,F,0.315303,00010000,31.5303,X]
[1,F,0.330928,11100000,33.0928,X]
[40,F,0.363281,00000011,36.3281,X]
[2,F,0.374873,11100000,37.4873,X]
[24,F,0.404047,00001100,40.4047,X]
[41,F,0.428711,00000011,42.8711,X]
[3,F,0.496944,11100000,49.6944,X]
[25,F,0.506683,00001000,50.6683,X]
[17,F,0.53503,00010000,53.503,X]
[35,F,0.556487,00000100,55.6487,X]
[42,F,0.558594,00000011,55.8594,X]
[26,F,0.622894,00001000,62.2894,X]
[9,F,0.623258,00100000,62.3258,X]
[27,F,0.649261,00001000,64.9261,X]
[43,F,0.649414,00000011,64.9414,X]
[44,F,0.694336,00000011,69.4336,X]
[4,F,0.694547,11000000,69.4547,X]
[45,F,0.697266,00000011,69.7266,X]
[36,F,0.699066,00000100,69.9066,X]
[18,F,0.705928,00010000,70.5928,X]
[10,F,0.706266,00100000,70.6266,X]
[19,F,0.751827,00010000,75.1827,X]
[28,F,0.769378,00001000,76.9378,X]
[46,F,0.78418,00000011,78.418,X]
[29,F,0.787933,00001000,78.7933,X]
[11,F,0.796109,00100000,79.6109,X]
[37,F,0.801605,00000100,80.1605,X]
[30,F,0.821136,00001000,82.1136,X]
[12,F,0.836148,00100000,83.6148,X]
[31,F,0.877777,00001000,87.7777,X]
[6,F,0.893467,01000000,89.3467,X]
[13,F,0.898648,00100000,89.8648,X]
[47,F,0.907227,00000011,90.7227,X]
[14,F,0.913297,00100000,91.3297,X]
[48,F,0.917969,00000011,91.7969,X]
[32,F,0.926605,00001000,92.6605,X]
[49,F,0.945312,00000011,94.5312,X]
[7,F,0.956944,01000000,95.6944,X]
[20,F,0.964717,00010000,96.4717,X]
[33,F,0.971527,00001000,97.1527,X]
[5,F,0.983311,10000000,98.3311,X]
[34,F,0.993987,00001000,99.3987,X]
[21,F,0.99792,00010000,99.792,X]
[8,F,0.997959,01000000,99.7959,X]
GUIDE_TREE_PARTITION1=(((((t1:13.29,t2:13.29):29.56,t3:42.85):28.94,t4:71.79):6.36,(t5:49.82,t6:49.82):28.33):21.85,(t7:5.46,t8:5.46):94.54);
