Taxa bit representation:
t1 10000000
t2 01000000
t3 00100000
t4 00010000
t5 00001000
t6 00000100
t7 00000010
t8 00000001
Clade List (<taxon members> = <clade name>): 

>Dataset_0
[14,F,0.0955969,00000010,9.55969,X]
[15,F,0.144425,00000010,14.4425,X]
[18,F,0.199112,00000001,19.9112,X]
[19,F,0.226456,00000001,22.6456,X]
[0,F,0.28685,11110000,28.685,X]
[1,F,0.392442,11000000,39.2442,X]
[20,F,0.41005,00000001,41.005,X]
[10,F,0.432133,00000100,43.2133,X]
[6,F,0.455245,00010000,45.5245,X]
[11,F,0.562992,00000100,56.2992,X]
[2,F,0.581895,00100000,58.1895,X]
[16,F,0.591691,00000010,59.1691,X]
[17,F,0.620011,00000010,62.0011,X]
[12,F,0.630375,00000100,63.0375,X]
[3,F,0.649278,00100000,64.9278,X]
[21,F,0.681534,00000001,68.1534,X]
[13,F,0.693852,00000100,69.3852,X]
[9,F,0.697758,00001000,69.7758,X]
[4,F,0.702989,00100000,70.2989,X]
[5,F,0.740098,00100000,74.0098,X]
[7,F,0.764816,00010000,76.4816,X]
[8,F,0.937667,00010000,93.7667,X]
[22,F,0.978409,00000001,97.8409,X]
GUIDE_TREE_PARTITION1=(((((t1:25.76,t2:25.76):36.07,t3:61.83):3.29,t4:65.12):9.32,(t5:60.4,t6:60.4):14.04):25.56,(t7:93.37,t8:93.37):6.63);
