Taxa bit representation:
t1 10000000
t2 01000000
t3 00100000
t4 00010000
t5 00001000
t6 00000100
t7 00000010
t8 00000001
Clade List (<taxon members> = <clade name>): 

>Dataset_0
[9,F,0.149991,00001000,14.9991,X]
[15,F,0.229514,00000100,22.9514,X]
[0,F,0.276944,11110000,27.6944,X]
[10,F,0.285733,00001000,28.5733,X]
[22,F,0.396484,00000001,39.6484,X]
[20,F,0.405292,00000010,40.5292,X]
[16,F,0.427756,00000100,42.7756,X]
[11,F,0.481045,00001000,48.1045,X]
[21,F,0.487323,00000010,48.7323,X]
[1,F,0.518155,11110000,51.8155,X]
[2,F,0.561123,11110000,56.1123,X]
[12,F,0.604092,00001000,60.4092,X]
[17,F,0.67678,00000100,67.678,X]
[3,F,0.733975,11110000,73.3975,X]
[13,F,0.748623,00001000,74.8623,X]
[18,F,0.758811,00000100,75.8811,X]
[14,F,0.904873,00001000,90.4873,X]
[4,F,0.906759,01000000,90.6759,X]
[19,F,0.922873,00000100,92.2873,X]
[5,F,0.938986,01000000,93.8986,X]
[6,F,0.959063,00100000,95.9063,X]
[8,F,0.97228,00010000,97.228,X]
[23,F,0.973633,00000001,97.3633,X]
[7,F,0.9825,00100000,98.25,X]
GUIDE_TREE_PARTITION1=(((((((t1:16.16,t2:16.16):4.34,t3:20.5):4.44,t4:24.94):62.6,t5:87.54):4.45,t6:91.99):2.93,t7:94.92):5.08,t8:100);
