Taxa bit representation:
t1 10000000
t2 01000000
t3 00100000
t4 00010000
t5 00001000
t6 00000100
t7 00000010
t8 00000001
Clade List (<taxon members> = <clade name>): 

>Dataset_0
[0,F,0.0292969,11111110,2.92969,X]
[40,F,0.113281,00000001,11.3281,X]
[34,F,0.116614,00000010,11.6614,X]
[41,F,0.152344,00000001,15.2344,X]
[35,F,0.168372,00000010,16.8372,X]
[25,F,0.193706,00000100,19.3706,X]
[42,F,0.208008,00000001,20.8008,X]
[43,F,0.237305,00000001,23.7305,X]
[44,F,0.279297,00000001,27.9297,X]
[45,F,0.280273,00000001,28.0273,X]
[1,F,0.287456,11111000,28.7456,X]
[26,F,0.337261,00000100,33.7261,X]
[2,F,0.386541,11110000,38.6541,X]
[27,F,0.389019,00000100,38.9019,X]
[16,F,0.399236,00001000,39.9236,X]
[28,F,0.400737,00000100,40.0737,X]
[17,F,0.431462,00001000,43.1462,X]
[12,F,0.512394,00010000,51.2394,X]
[46,F,0.530273,00000001,53.0273,X]
[18,F,0.533025,00001000,53.3025,X]
[47,F,0.549805,00000001,54.9805,X]
[3,F,0.577823,11100000,57.7823,X]
[48,F,0.591797,00000001,59.1797,X]
[4,F,0.597355,11100000,59.7355,X]
[29,F,0.605816,00000100,60.5816,X]
[19,F,0.643377,00001000,64.3377,X]
[20,F,0.653142,00001000,65.3142,X]
[21,F,0.657048,00001000,65.7048,X]
[36,F,0.668372,00000010,66.8372,X]
[37,F,0.681067,00000010,68.1067,X]
[5,F,0.731431,11000000,73.1431,X]
[13,F,0.738956,00010000,73.8956,X]
[38,F,0.757239,00000010,75.7239,X]
[8,F,0.77147,00100000,77.147,X]
[49,F,0.771484,00000001,77.1484,X]
[9,F,0.784166,00100000,78.4166,X]
[50,F,0.791016,00000001,79.1016,X]
[51,F,0.802734,00000001,80.2734,X]
[30,F,0.808941,00000100,80.8941,X]
[31,F,0.81187,00000100,81.187,X]
[52,F,0.81543,00000001,81.543,X]
[22,F,0.827947,00001000,82.7947,X]
[53,F,0.869141,00000001,86.9141,X]
[39,F,0.881263,00000010,88.1262,X]
[54,F,0.889648,00000001,88.9648,X]
[10,F,0.891587,00100000,89.1587,X]
[14,F,0.895206,00010000,89.5206,X]
[55,F,0.897461,00000001,89.7461,X]
[56,F,0.912109,00000001,91.2109,X]
[15,F,0.930362,00010000,93.0362,X]
[11,F,0.935533,00100000,93.5533,X]
[6,F,0.939272,10000000,93.9272,X]
[57,F,0.94043,00000001,94.043,X]
[23,F,0.950017,00001000,95.0017,X]
[24,F,0.960759,00001000,96.0759,X]
[32,F,0.965191,00000100,96.5191,X]
[33,F,0.96812,00000100,96.812,X]
[7,F,0.994936,01000000,99.4936,X]
GUIDE_TREE_PARTITION1=(((((((t1:26.19,t2:26.19):8.87,t3:35.06):19.56,t4:54.62):12.39,t5:67.01):20.26,t6:87.27):3.51,t7:90.78):9.22,t8:100);
