Taxa bit representation:
t1 10000000
t2 01000000
t3 00100000
t4 00010000
t5 00001000
t6 00000100
t7 00000010
t8 00000001
Clade List (<taxon members> = <clade name>): 

>Dataset_0
[0,F,0.0107422,11111110,1.07422,X]
[116,F,0.0146484,00000001,1.46484,X]
[97,F,0.0247594,00000010,2.47594,X]
[1,F,0.0306188,11111100,3.06188,X]
[98,F,0.0638219,00000010,6.38219,X]
[2,F,0.0667516,11111100,6.67516,X]
[117,F,0.108398,00000001,10.8398,X]
[118,F,0.125977,00000001,12.5977,X]
[99,F,0.177103,00000010,17.7103,X]
[119,F,0.185547,00000001,18.5547,X]
[3,F,0.188428,11111000,18.8428,X]
[4,F,0.193311,11111000,19.3311,X]
[75,F,0.194288,00000100,19.4288,X]
[100,F,0.194681,00000010,19.4681,X]
[5,F,0.204053,11111000,20.4053,X]
[76,F,0.20503,00000100,20.503,X]
[6,F,0.244092,11111000,24.4092,X]
[77,F,0.255811,00000100,25.5811,X]
[120,F,0.265625,00000001,26.5625,X]
[121,F,0.27832,00000001,27.832,X]
[122,F,0.292969,00000001,29.2969,X]
[123,F,0.31543,00000001,31.543,X]
[7,F,0.316213,11110000,31.6212,X]
[55,F,0.319142,00001000,31.9142,X]
[56,F,0.323048,00001000,32.3048,X]
[44,F,0.336536,00010000,33.6536,X]
[45,F,0.340442,00010000,34.0442,X]
[46,F,0.345325,00010000,34.5325,X]
[101,F,0.349955,00000010,34.9955,X]
[57,F,0.353322,00001000,35.3322,X]
[58,F,0.375783,00001000,37.5783,X]
[8,F,0.385364,11100000,38.5364,X]
[78,F,0.398389,00000100,39.8389,X]
[27,F,0.401642,00100000,40.1642,X]
[9,F,0.401642,11000000,40.1642,X]
[10,F,0.403595,11000000,40.3595,X]
[11,F,0.423127,11000000,42.3127,X]
[28,F,0.428009,00100000,42.8009,X]
[102,F,0.431986,00000010,43.1986,X]
[79,F,0.450147,00000100,45.0147,X]
[12,F,0.454377,11000000,45.4377,X]
[47,F,0.476184,00010000,47.6184,X]
[48,F,0.481067,00010000,48.1067,X]
[80,F,0.487256,00000100,48.7256,X]
[13,F,0.488556,11000000,48.8556,X]
[81,F,0.491163,00000100,49.1163,X]
[49,F,0.491809,00010000,49.1809,X]
[124,F,0.492188,00000001,49.2188,X]
[59,F,0.493947,00001000,49.3947,X]
[82,F,0.503858,00000100,50.3858,X]
[60,F,0.509572,00001000,50.9572,X]
[50,F,0.518177,00010000,51.8177,X]
[29,F,0.523713,00100000,52.3713,X]
[14,F,0.526642,11000000,52.6642,X]
[30,F,0.536408,00100000,53.6408,X]
[61,F,0.536916,00001000,53.6916,X]
[62,F,0.537892,00001000,53.7892,X]
[15,F,0.538361,11000000,53.8361,X]
[83,F,0.544873,00000100,54.4873,X]
[63,F,0.551564,00001000,55.1564,X]
[16,F,0.576447,11000000,57.6447,X]
[84,F,0.578077,00000100,57.8077,X]
[31,F,0.5784,00100000,57.84,X]
[85,F,0.58003,00000100,58.003,X]
[86,F,0.582959,00000100,58.2959,X]
[103,F,0.588236,00000010,58.8236,X]
[32,F,0.591095,00100000,59.1095,X]
[125,F,0.591797,00000001,59.1797,X]
[126,F,0.59375,00000001,59.375,X]
[104,F,0.604838,00000010,60.4838,X]
[17,F,0.605744,11000000,60.5744,X]
[105,F,0.606791,00000010,60.6791,X]
[87,F,0.609327,00000100,60.9327,X]
[33,F,0.610627,00100000,61.0627,X]
[18,F,0.635041,11000000,63.5041,X]
[127,F,0.652344,00000001,65.2344,X]
[106,F,0.662455,00000010,66.2455,X]
[128,F,0.663086,00000001,66.3086,X]
[88,F,0.665967,00000100,66.5967,X]
[107,F,0.666361,00000010,66.6361,X]
[34,F,0.671173,00100000,67.1173,X]
[64,F,0.679494,00001000,67.9494,X]
[51,F,0.682239,00010000,68.2239,X]
[108,F,0.683939,00000010,68.3939,X]
[65,F,0.688283,00001000,68.8283,X]
[66,F,0.689259,00001000,68.9259,X]
[19,F,0.696564,11000000,69.6564,X]
[20,F,0.698517,11000000,69.8517,X]
[67,F,0.703908,00001000,70.3908,X]
[21,F,0.707306,11000000,70.7306,X]
[35,F,0.710236,00100000,71.0236,X]
[22,F,0.711213,11000000,71.1213,X]
[109,F,0.717142,00000010,71.7142,X]
[89,F,0.718702,00000100,71.8702,X]
[23,F,0.719025,11000000,71.9025,X]
[110,F,0.723978,00000010,72.3978,X]
[129,F,0.724609,00000001,72.4609,X]
[36,F,0.724884,00100000,72.4884,X]
[52,F,0.728137,00010000,72.8137,X]
[24,F,0.729767,11000000,72.9767,X]
[68,F,0.736134,00001000,73.6134,X]
[111,F,0.774759,00000010,77.4759,X]
[53,F,0.776966,00010000,77.6966,X]
[130,F,0.782227,00000001,78.2227,X]
[25,F,0.782502,11000000,78.2502,X]
[37,F,0.812775,00100000,81.2775,X]
[90,F,0.817334,00000100,81.7334,X]
[38,F,0.823517,00100000,82.3517,X]
[112,F,0.823588,00000010,82.3588,X]
[69,F,0.830861,00001000,83.0861,X]
[39,F,0.850861,00100000,85.0861,X]
[40,F,0.854767,00100000,85.4767,X]
[91,F,0.857373,00000100,85.7373,X]
[113,F,0.857767,00000010,85.7767,X]
[92,F,0.859327,00000100,85.9327,X]
[70,F,0.860158,00001000,86.0158,X]
[114,F,0.873392,00000010,87.3392,X]
[71,F,0.875783,00001000,87.5783,X]
[72,F,0.878713,00001000,87.8713,X]
[54,F,0.881458,00010000,88.1458,X]
[73,F,0.908009,00001000,90.8009,X]
[41,F,0.908478,00100000,90.8478,X]
[131,F,0.910156,00000001,91.0156,X]
[93,F,0.911084,00000100,91.1084,X]
[94,F,0.932569,00000100,93.2569,X]
[42,F,0.934845,00100000,93.4845,X]
[132,F,0.966797,00000001,96.6797,X]
[95,F,0.975537,00000100,97.5537,X]
[96,F,0.976514,00000100,97.6514,X]
[26,F,0.977831,01000000,97.7831,X]
[115,F,0.988627,00000010,98.8627,X]
[133,F,0.993164,00000001,99.3164,X]
[43,F,0.996369,00100000,99.6369,X]
[74,F,0.999806,00001000,99.9806,X]
GUIDE_TREE_PARTITION1=(((((((t1:4.17,t2:4.17):56.74,t3:60.91):6.12,t4:67.03):2.13,t5:69.16):23.13,t6:92.29):5.82,t7:98.11):1.89,t8:100);
