Taxa bit representation:
t1 10000000
t2 01000000
t3 00100000
t4 00010000
t5 00001000
t6 00000100
t7 00000010
t8 00000001
Clade List (<taxon members> = <clade name>): 

>Dataset_0
[12,F,0.0263672,00001111,2.63672,X]
[0,F,0.0429688,11110000,4.29688,X]
[1,F,0.291992,11110000,29.1992,X]
[2,F,0.351562,11110000,35.1562,X]
[3,F,0.361328,11110000,36.1328,X]
[13,F,0.375,00001111,37.5,X]
[14,F,0.37793,00001111,37.793,X]
[15,F,0.386719,00001111,38.6719,X]
[4,F,0.511719,11110000,51.1719,X]
[16,F,0.56543,00001111,56.543,X]
[17,F,0.642797,00001100,64.2797,X]
[21,F,0.654516,00000011,65.4516,X]
[5,F,0.693359,11110000,69.3359,X]
[22,F,0.693777,00000010,69.3777,X]
[23,F,0.698659,00000010,69.8659,X]
[6,F,0.709961,11110000,70.9961,X]
[18,F,0.750219,00001100,75.0219,X]
[25,F,0.808034,00000001,80.8034,X]
[7,F,0.846998,11000000,84.6998,X]
[8,F,0.868483,11000000,86.8483,X]
[26,F,0.897878,00000001,89.7878,X]
[19,F,0.924047,00001100,92.4047,X]
[10,F,0.944655,00110000,94.4655,X]
[11,F,0.95442,00110000,95.442,X]
[24,F,0.961355,00000010,96.1355,X]
[9,F,0.990553,11000000,99.0553,X]
[20,F,0.991603,00000100,99.1603,X]
GUIDE_TREE_PARTITION1=(((t1:0.02,t2:0.02):26.12,(t3:0.51,t4:0.51):25.63):73.86,((t5:4.16,t6:4.16):34.49,(t7:30.72,t8:30.72):7.93):61.35);
