Taxa bit representation:
t1 10000000
t2 01000000
t3 00100000
t4 00010000
t5 00001000
t6 00000100
t7 00000010
t8 00000001
Clade List (<taxon members> = <clade name>): 

>Dataset_0
[0,F,0.0332031,11111110,3.32031,X]
[94,F,0.0576172,00000001,5.76172,X]
[95,F,0.0615234,00000001,6.15234,X]
[96,F,0.0859375,00000001,8.59375,X]
[1,F,0.13072,11111100,13.072,X]
[2,F,0.139509,11111100,13.9509,X]
[3,F,0.143416,11111100,14.3416,X]
[71,F,0.153181,00000010,15.3181,X]
[97,F,0.178711,00000001,17.8711,X]
[72,F,0.183455,00000010,18.3455,X]
[73,F,0.194197,00000010,19.4197,X]
[98,F,0.206055,00000001,20.6055,X]
[4,F,0.207869,11111100,20.7869,X]
[5,F,0.208845,11111100,20.8845,X]
[74,F,0.219587,00000010,21.9587,X]
[6,F,0.221541,11111100,22.1541,X]
[99,F,0.244141,00000001,24.4141,X]
[75,F,0.247908,00000010,24.7908,X]
[100,F,0.253906,00000001,25.3906,X]
[76,F,0.278181,00000010,27.8181,X]
[7,F,0.299666,11111100,29.9666,X]
[8,F,0.300642,11111100,30.0642,X]
[101,F,0.301758,00000001,30.1758,X]
[102,F,0.317383,00000001,31.7383,X]
[77,F,0.32115,00000010,32.115,X]
[78,F,0.3524,00000010,35.24,X]
[9,F,0.358259,11111100,35.8259,X]
[103,F,0.366211,00000001,36.6211,X]
[79,F,0.378767,00000010,37.8767,X]
[10,F,0.38365,11111100,38.365,X]
[104,F,0.388672,00000001,38.8672,X]
[105,F,0.393555,00000001,39.3555,X]
[63,F,0.441248,00000100,44.1248,X]
[106,F,0.452148,00000001,45.2148,X]
[50,F,0.461448,00001000,46.1448,X]
[80,F,0.462752,00000010,46.2752,X]
[107,F,0.491211,00000001,49.1211,X]
[11,F,0.492867,11100000,49.2867,X]
[51,F,0.51223,00001000,51.223,X]
[52,F,0.528831,00001000,52.8831,X]
[108,F,0.529297,00000001,52.9297,X]
[109,F,0.536133,00000001,53.6133,X]
[81,F,0.540877,00000010,54.0877,X]
[110,F,0.553711,00000001,55.3711,X]
[64,F,0.556483,00000100,55.6483,X]
[111,F,0.557617,00000001,55.7617,X]
[82,F,0.563337,00000010,56.3337,X]
[40,F,0.565133,00010000,56.5133,X]
[12,F,0.575875,11100000,57.5875,X]
[65,F,0.57992,00000100,57.992,X]
[13,F,0.582711,11100000,58.2711,X]
[66,F,0.583827,00000100,58.3827,X]
[83,F,0.585798,00000010,58.5798,X]
[14,F,0.586617,11100000,58.6617,X]
[112,F,0.601562,00000001,60.1562,X]
[15,F,0.603553,11000000,60.3553,X]
[53,F,0.604027,00001000,60.4027,X]
[54,F,0.605003,00001000,60.5003,X]
[16,F,0.622108,11000000,62.2108,X]
[33,F,0.625037,00100000,62.5037,X]
[113,F,0.626953,00000001,62.6953,X]
[17,F,0.636756,11000000,63.6756,X]
[55,F,0.655784,00001000,65.5784,X]
[84,F,0.663923,00000010,66.3923,X]
[56,F,0.664573,00001000,66.4573,X]
[18,F,0.66703,11000000,66.703,X]
[34,F,0.680702,00100000,68.0702,X]
[85,F,0.682478,00000010,68.2478,X]
[19,F,0.686561,11000000,68.6561,X]
[114,F,0.689453,00000001,68.9453,X]
[41,F,0.691109,00010000,69.1109,X]
[57,F,0.695823,00001000,69.5823,X]
[67,F,0.70785,00000100,70.785,X]
[42,F,0.708687,00010000,70.8687,X]
[86,F,0.713728,00000010,71.3728,X]
[115,F,0.714844,00000001,71.4844,X]
[116,F,0.717773,00000001,71.7773,X]
[68,F,0.728358,00000100,72.8358,X]
[35,F,0.728553,00100000,72.8553,X]
[20,F,0.736366,11000000,73.6366,X]
[58,F,0.743675,00001000,74.3675,X]
[69,F,0.751795,00000100,75.1795,X]
[117,F,0.766602,00000001,76.6602,X]
[43,F,0.767281,00010000,76.7281,X]
[44,F,0.769234,00010000,76.9234,X]
[118,F,0.775391,00000001,77.5391,X]
[119,F,0.777344,00000001,77.7344,X]
[87,F,0.793806,00000010,79.3806,X]
[21,F,0.794959,11000000,79.4959,X]
[22,F,0.802772,11000000,80.2772,X]
[36,F,0.810584,00100000,81.0584,X]
[23,F,0.834998,11000000,83.4998,X]
[37,F,0.838905,00100000,83.8905,X]
[24,F,0.838905,11000000,83.8905,X]
[38,F,0.844764,00100000,84.4764,X]
[25,F,0.857459,11000000,85.7459,X]
[120,F,0.858398,00000001,85.8398,X]
[59,F,0.859886,00001000,85.9886,X]
[30,F,0.870642,01000000,87.0642,X]
[121,F,0.87207,00000001,87.207,X]
[45,F,0.874703,00010000,87.4703,X]
[122,F,0.875,00000001,87.5,X]
[46,F,0.878609,00010000,87.8609,X]
[88,F,0.882673,00000010,88.2673,X]
[89,F,0.88365,00000010,88.365,X]
[47,F,0.884469,00010000,88.4469,X]
[26,F,0.88822,10000000,88.822,X]
[90,F,0.890486,00000010,89.0486,X]
[39,F,0.891639,00100000,89.1639,X]
[60,F,0.903831,00001000,90.3831,X]
[27,F,0.905798,10000000,90.5798,X]
[31,F,0.939002,01000000,93.9002,X]
[91,F,0.948103,00000010,94.8103,X]
[32,F,0.952673,01000000,95.2673,X]
[92,F,0.953962,00000010,95.3962,X]
[123,F,0.954102,00000001,95.4102,X]
[70,F,0.95492,00000100,95.492,X]
[61,F,0.959495,00001000,95.9495,X]
[48,F,0.974312,00010000,97.4312,X]
[49,F,0.976266,00010000,97.6266,X]
[28,F,0.978064,10000000,97.8064,X]
[93,F,0.982283,00000010,98.2283,X]
[29,F,0.9849,10000000,98.49,X]
[124,F,0.990234,00000001,99.0234,X]
[62,F,0.990745,00001000,99.0745,X]
GUIDE_TREE_PARTITION1=(((((((t1:14.01,t2:14.01):25.83,t3:39.84):13.51,t4:53.35):1.97,t5:55.32):2.02,t6:57.34):32.42,t7:89.76):10.24,t8:100);
