Taxa bit representation:
t1 10000000
t2 01000000
t3 00100000
t4 00010000
t5 00001000
t6 00000100
t7 00000010
t8 00000001
Clade List (<taxon members> = <clade name>): 

>Dataset_0
[0,F,0.103516,11111100,10.3516,X]
[1,F,0.110352,11111100,11.0352,X]
[13,F,0.316406,00000011,31.6406,X]
[14,F,0.37793,00000011,37.793,X]
[10,F,0.401556,00001100,40.1556,X]
[2,F,0.436713,11110000,43.6713,X]
[11,F,0.505437,00000100,50.5437,X]
[15,F,0.517578,00000011,51.7578,X]
[3,F,0.540228,11110000,54.0228,X]
[8,F,0.637134,00010000,63.7134,X]
[5,F,0.68142,00100000,68.142,X]
[6,F,0.702905,00100000,70.2905,X]
[9,F,0.749439,00010000,74.9439,X]
[12,F,0.894109,00000100,89.4109,X]
[4,F,0.966566,10000000,96.6566,X]
[7,F,0.990014,00100000,99.0014,X]
GUIDE_TREE_PARTITION1=(((((t1:4.32,t2:4.32):36.62,t3:40.94):0.62,t4:41.56):46.8,(t5:51.8,t6:51.8):36.56):11.64,(t7:1.26,t8:1.26):98.74);
