Taxa bit representation:
t1 10000000
t2 01000000
t3 00100000
t4 00010000
t5 00001000
t6 00000100
t7 00000010
t8 00000001
Clade List (<taxon members> = <clade name>): 

>Dataset_0
[93,F,0.0234375,00000011,2.34375,X]
[94,F,0.0644531,00000011,6.44531,X]
[95,F,0.148438,00000011,14.8438,X]
[96,F,0.163086,00000011,16.3086,X]
[97,F,0.176758,00000011,17.6758,X]
[0,F,0.179216,11110000,17.9216,X]
[1,F,0.180192,11110000,18.0192,X]
[56,F,0.188005,00001100,18.8005,X]
[2,F,0.189958,11110000,18.9958,X]
[98,F,0.193359,00000011,19.3359,X]
[57,F,0.20363,00001100,20.363,X]
[99,F,0.205078,00000011,20.5078,X]
[58,F,0.216325,00001100,21.6325,X]
[100,F,0.225586,00000011,22.5586,X]
[3,F,0.226091,11110000,22.6091,X]
[4,F,0.23195,11110000,23.195,X]
[75,F,0.235666,00000100,23.5666,X]
[5,F,0.242692,11110000,24.2692,X]
[76,F,0.248361,00000100,24.8361,X]
[101,F,0.249023,00000011,24.9023,X]
[38,F,0.259995,00010000,25.9995,X]
[102,F,0.260742,00000011,26.0742,X]
[39,F,0.273667,00010000,27.3667,X]
[59,F,0.278634,00001000,27.8634,X]
[6,F,0.28148,11100000,28.148,X]
[7,F,0.284409,11100000,28.4409,X]
[103,F,0.288086,00000011,28.8086,X]
[77,F,0.295236,00000100,29.5236,X]
[60,F,0.301095,00001000,30.1095,X]
[8,F,0.314683,11100000,31.4683,X]
[61,F,0.315744,00001000,31.5744,X]
[78,F,0.320627,00000100,32.0627,X]
[79,F,0.321603,00000100,32.1603,X]
[121,F,0.328561,00000001,32.8561,X]
[40,F,0.332261,00010000,33.2261,X]
[62,F,0.345041,00001000,34.5041,X]
[41,F,0.347886,00010000,34.7886,X]
[80,F,0.35383,00000100,35.383,X]
[9,F,0.368394,11100000,36.8394,X]
[42,F,0.36937,00010000,36.937,X]
[10,F,0.374253,11100000,37.4253,X]
[63,F,0.374337,00001000,37.4337,X]
[122,F,0.378366,00000001,37.8366,X]
[64,F,0.37922,00001000,37.922,X]
[104,F,0.380319,00000010,38.0319,X]
[123,F,0.393991,00000001,39.3991,X]
[65,F,0.397775,00001000,39.7775,X]
[66,F,0.403634,00001000,40.3634,X]
[11,F,0.413316,11100000,41.3316,X]
[43,F,0.419175,00010000,41.9175,X]
[81,F,0.423166,00000100,42.3166,X]
[12,F,0.425034,11100000,42.5034,X]
[67,F,0.429025,00001000,42.9025,X]
[82,F,0.430002,00000100,43.0002,X]
[105,F,0.435983,00000010,43.5983,X]
[124,F,0.439889,00000001,43.9889,X]
[68,F,0.440744,00001000,44.0744,X]
[106,F,0.442819,00000010,44.2819,X]
[69,F,0.451486,00001000,45.1486,X]
[13,F,0.460191,11100000,46.0191,X]
[14,F,0.473863,11100000,47.3863,X]
[107,F,0.477975,00000010,47.7975,X]
[70,F,0.479806,00001000,47.9806,X]
[108,F,0.481881,00000010,48.1881,X]
[125,F,0.484811,00000001,48.4811,X]
[109,F,0.485787,00000010,48.5787,X]
[15,F,0.488511,11100000,48.8511,X]
[16,F,0.49437,11100000,49.437,X]
[126,F,0.494577,00000001,49.4577,X]
[71,F,0.503244,00001000,50.3244,X]
[110,F,0.503366,00000010,50.3366,X]
[127,F,0.503366,00000001,50.3366,X]
[111,F,0.536569,00000010,53.6569,X]
[44,F,0.542222,00010000,54.2222,X]
[128,F,0.550241,00000001,55.0241,X]
[129,F,0.567819,00000001,56.7819,X]
[112,F,0.569772,00000010,56.9772,X]
[83,F,0.582345,00000100,58.2345,X]
[84,F,0.583322,00000100,58.3322,X]
[130,F,0.583444,00000001,58.3444,X]
[131,F,0.59028,00000001,59.028,X]
[17,F,0.592027,11100000,59.2027,X]
[132,F,0.595163,00000001,59.5163,X]
[45,F,0.595933,00010000,59.5933,X]
[133,F,0.600045,00000001,60.0045,X]
[85,F,0.6009,00000100,60.09,X]
[86,F,0.608712,00000100,60.8712,X]
[87,F,0.610666,00000100,61.0666,X]
[113,F,0.612741,00000010,61.2741,X]
[18,F,0.615464,11100000,61.5464,X]
[19,F,0.6223,11100000,62.23,X]
[46,F,0.62523,00010000,62.523,X]
[20,F,0.646714,11100000,64.6714,X]
[47,F,0.65355,00010000,65.355,X]
[21,F,0.674058,11100000,67.4058,X]
[48,F,0.691636,00010000,69.1636,X]
[134,F,0.694772,00000001,69.4772,X]
[22,F,0.697495,11100000,69.7495,X]
[49,F,0.721909,00010000,72.1909,X]
[135,F,0.732858,00000001,73.2858,X]
[136,F,0.735788,00000001,73.5787,X]
[114,F,0.739694,00000010,73.9694,X]
[72,F,0.745431,00001000,74.5431,X]
[88,F,0.748361,00000100,74.8361,X]
[23,F,0.748908,11000000,74.8908,X]
[50,F,0.751206,00010000,75.1206,X]
[24,F,0.763556,11000000,76.3556,X]
[28,F,0.771369,00100000,77.1369,X]
[137,F,0.772897,00000001,77.2897,X]
[25,F,0.782111,11000000,78.2111,X]
[89,F,0.782541,00000100,78.2541,X]
[29,F,0.783088,00100000,78.3088,X]
[73,F,0.78547,00001000,78.547,X]
[30,F,0.7909,00100000,79.09,X]
[115,F,0.805123,00000010,80.5123,X]
[90,F,0.82258,00000100,82.258,X]
[116,F,0.839303,00000010,83.9303,X]
[26,F,0.85633,11000000,85.633,X]
[51,F,0.857652,00010000,85.7652,X]
[52,F,0.868394,00010000,86.8394,X]
[117,F,0.878366,00000010,87.8366,X]
[31,F,0.88758,00100000,88.758,X]
[91,F,0.896798,00000100,89.6798,X]
[32,F,0.902228,00100000,90.2228,X]
[53,F,0.902573,00010000,90.2573,X]
[118,F,0.904733,00000010,90.4733,X]
[33,F,0.905158,00100000,90.5158,X]
[138,F,0.910592,00000001,91.0592,X]
[34,F,0.91297,00100000,91.297,X]
[139,F,0.921334,00000001,92.1334,X]
[35,F,0.931525,00100000,93.1525,X]
[54,F,0.9348,00010000,93.48,X]
[92,F,0.940744,00000100,94.0744,X]
[36,F,0.94422,00100000,94.422,X]
[74,F,0.948556,00001000,94.8556,X]
[37,F,0.949103,00100000,94.9103,X]
[119,F,0.953561,00000010,95.3561,X]
[55,F,0.956284,00010000,95.6284,X]
[140,F,0.96235,00000001,96.235,X]
[120,F,0.970163,00000010,97.0162,X]
[141,F,0.970163,00000001,97.0162,X]
[27,F,0.983931,10000000,98.3931,X]
[142,F,0.995553,00000001,99.5553,X]
GUIDE_TREE_PARTITION1=(((((t1:9.81,t2:9.81):17.35,t3:27.16):48.11,t4:75.27):10.91,(t5:77.41,t6:77.41):8.77):13.82,(t7:69.39,t8:69.39):30.61);
