Taxa bit representation:
t1 10000000
t2 01000000
t3 00100000
t4 00010000
t5 00001000
t6 00000100
t7 00000010
t8 00000001
Clade List (<taxon members> = <clade name>): 

>Dataset_0
[24,F,0.0595703,00001111,5.95703,X]
[25,F,0.0839844,00001111,8.39844,X]
[26,F,0.162383,00001100,16.2383,X]
[18,F,0.272389,00010000,27.2389,X]
[0,F,0.300745,11000000,30.0745,X]
[1,F,0.301722,11000000,30.1722,X]
[7,F,0.319264,00100000,31.9264,X]
[27,F,0.331328,00001100,33.1328,X]
[2,F,0.334925,11000000,33.4925,X]
[8,F,0.337819,00100000,33.7819,X]
[3,F,0.397425,11000000,39.7425,X]
[37,F,0.408477,00000011,40.8477,X]
[9,F,0.412038,00100000,41.2037,X]
[10,F,0.460866,00100000,46.0866,X]
[19,F,0.499928,00010000,49.9928,X]
[28,F,0.510039,00001100,51.0039,X]
[11,F,0.512623,00100000,51.2623,X]
[29,F,0.56668,00001100,56.668,X]
[38,F,0.613589,00000010,61.3589,X]
[12,F,0.644459,00100000,64.4459,X]
[41,F,0.705386,00000001,70.5386,X]
[34,F,0.707927,00000100,70.7927,X]
[39,F,0.712222,00000010,71.2222,X]
[42,F,0.715152,00000001,71.5152,X]
[40,F,0.723941,00000010,72.3941,X]
[13,F,0.739186,00100000,73.9186,X]
[14,F,0.746022,00100000,74.6022,X]
[35,F,0.770427,00000100,77.0427,X]
[15,F,0.775319,00100000,77.5319,X]
[30,F,0.801677,00001000,80.1677,X]
[20,F,0.810475,00010000,81.0475,X]
[21,F,0.824147,00010000,82.4147,X]
[31,F,0.825114,00001000,82.5114,X]
[36,F,0.83195,00000100,83.195,X]
[16,F,0.862233,00100000,86.2233,X]
[5,F,0.900389,01000000,90.0389,X]
[17,F,0.904225,00100000,90.4225,X]
[22,F,0.909108,00010000,90.9108,X]
[6,F,0.909178,01000000,90.9178,X]
[23,F,0.913014,00010000,91.3014,X]
[4,F,0.921873,10000000,92.1873,X]
[32,F,0.923747,00001000,92.3747,X]
[43,F,0.924136,00000001,92.4136,X]
[33,F,0.92863,00001000,92.863,X]
[44,F,0.950503,00000001,95.0503,X]
GUIDE_TREE_PARTITION1=(((t1:35.84,t2:35.84):38.48,(t3:73.64,t4:73.64):0.68):25.68,((t5:32.43,t6:32.43):51.82,(t7:39.52,t8:39.52):44.73):15.75);
