Taxa bit representation:
t1 10000000
t2 01000000
t3 00100000
t4 00010000
t5 00001000
t6 00000100
t7 00000010
t8 00000001
Clade List (<taxon members> = <clade name>): 

>Dataset_0
[0,F,0.046875,11111100,4.6875,X]
[1,F,0.0566406,11111100,5.66406,X]
[2,F,0.0722656,11111100,7.22656,X]
[3,F,0.0791016,11111100,7.91016,X]
[68,F,0.120636,00000001,12.0636,X]
[69,F,0.129425,00000001,12.9425,X]
[4,F,0.138672,11111100,13.8672,X]
[56,F,0.147003,00000010,14.7003,X]
[57,F,0.152863,00000010,15.2863,X]
[58,F,0.159698,00000010,15.9698,X]
[5,F,0.164062,11111100,16.4062,X]
[70,F,0.17923,00000001,17.923,X]
[71,F,0.194855,00000001,19.4855,X]
[6,F,0.265537,11110000,26.5537,X]
[59,F,0.268097,00000010,26.8097,X]
[60,F,0.326691,00000010,32.6691,X]
[61,F,0.327667,00000010,32.7667,X]
[62,F,0.341339,00000010,34.1339,X]
[7,F,0.352563,11100000,35.2563,X]
[8,F,0.372106,11000000,37.2106,X]
[72,F,0.374542,00000001,37.4542,X]
[23,F,0.376989,00100000,37.6989,X]
[9,F,0.376989,11000000,37.6989,X]
[30,F,0.415062,00010000,41.5062,X]
[47,F,0.430973,00000100,43.0973,X]
[24,F,0.434606,00100000,43.4606,X]
[34,F,0.435856,00001000,43.5856,X]
[48,F,0.458317,00000100,45.8317,X]
[31,F,0.459008,00010000,45.9008,X]
[25,F,0.472692,00100000,47.2692,X]
[63,F,0.51712,00000010,51.712,X]
[49,F,0.519841,00000100,51.9841,X]
[10,F,0.54385,10000000,54.385,X]
[35,F,0.546208,00001000,54.6208,X]
[11,F,0.565334,10000000,56.5334,X]
[15,F,0.566311,01000000,56.6311,X]
[50,F,0.584294,00000100,58.4294,X]
[16,F,0.586819,01000000,58.6819,X]
[73,F,0.587433,00000001,58.7433,X]
[12,F,0.592678,10000000,59.2678,X]
[64,F,0.627472,00000010,62.7472,X]
[36,F,0.629216,00001000,62.9216,X]
[65,F,0.632355,00000010,63.2355,X]
[37,F,0.638005,00001000,63.8005,X]
[74,F,0.656769,00000001,65.6769,X]
[51,F,0.663395,00000100,66.3395,X]
[52,F,0.674137,00000100,67.4137,X]
[53,F,0.68488,00000100,68.488,X]
[13,F,0.695217,10000000,69.5217,X]
[26,F,0.697302,00100000,69.7302,X]
[38,F,0.704411,00001000,70.4411,X]
[39,F,0.71613,00001000,71.613,X]
[17,F,0.719631,01000000,71.9631,X]
[18,F,0.73135,01000000,73.135,X]
[75,F,0.746612,00000001,74.6612,X]
[40,F,0.74738,00001000,74.738,X]
[66,F,0.756378,00000010,75.6378,X]
[76,F,0.785675,00000001,78.5675,X]
[54,F,0.790348,00000100,79.0348,X]
[77,F,0.791534,00000001,79.1534,X]
[27,F,0.794958,00100000,79.4958,X]
[14,F,0.801662,10000000,80.1662,X]
[55,F,0.811833,00000100,81.1833,X]
[32,F,0.829125,00010000,82.9125,X]
[19,F,0.830959,01000000,83.0959,X]
[20,F,0.840725,01000000,84.0725,X]
[41,F,0.846989,00001000,84.6989,X]
[42,F,0.888005,00001000,88.8005,X]
[43,F,0.890934,00001000,89.0934,X]
[78,F,0.903839,00000001,90.3839,X]
[44,F,0.905583,00001000,90.5583,X]
[28,F,0.908239,00100000,90.8239,X]
[29,F,0.925817,00100000,92.5817,X]
[45,F,0.951481,00001000,95.1481,X]
[46,F,0.957341,00001000,95.7341,X]
[33,F,0.959984,00010000,95.9984,X]
[21,F,0.97842,01000000,97.842,X]
[67,F,0.987823,00000010,98.7823,X]
[22,F,0.994045,01000000,99.4045,X]
GUIDE_TREE_PARTITION1=(((((t1:48.74,t2:48.74):14.44,t3:63.18):5.47,t4:68.65):13.39,(t5:72.43,t6:72.43):9.61):17.96,(t7:88.62,t8:88.62):11.38);
