Taxa bit representation:
t1 10000000
t2 01000000
t3 00100000
t4 00010000
t5 00001000
t6 00000100
t7 00000010
t8 00000001
Clade List (<taxon members> = <clade name>): 

>Dataset_0
[79,F,0.00878906,00000011,0.878906,X]
[0,F,0.0634766,11111100,6.34766,X]
[1,F,0.078125,11111100,7.8125,X]
[80,F,0.118164,00000011,11.8164,X]
[81,F,0.129883,00000011,12.9883,X]
[82,F,0.150391,00000011,15.0391,X]
[2,F,0.180664,11111100,18.0664,X]
[3,F,0.283203,11111100,28.3203,X]
[4,F,0.293389,11110000,29.3389,X]
[55,F,0.297295,00001100,29.7295,X]
[83,F,0.298828,00000011,29.8828,X]
[5,F,0.308038,11110000,30.8038,X]
[6,F,0.310967,11110000,31.0967,X]
[7,F,0.338311,11110000,33.8311,X]
[56,F,0.343194,00001100,34.3194,X]
[8,F,0.34417,11110000,34.417,X]
[9,F,0.378466,11100000,37.8466,X]
[41,F,0.388231,00010000,38.8231,X]
[84,F,0.40332,00000011,40.332,X]
[85,F,0.411133,00000011,41.1133,X]
[86,F,0.414062,00000011,41.4062,X]
[10,F,0.416552,11100000,41.6552,X]
[11,F,0.438036,11100000,43.8036,X]
[57,F,0.458428,00001100,45.8428,X]
[12,F,0.467333,11100000,46.7333,X]
[87,F,0.467386,00000010,46.7386,X]
[13,F,0.472216,11100000,47.2216,X]
[14,F,0.487841,11100000,48.7841,X]
[98,F,0.487894,00000001,48.7894,X]
[58,F,0.498467,00001100,49.8467,X]
[88,F,0.502542,00000010,50.2542,X]
[15,F,0.509325,11100000,50.9325,X]
[59,F,0.520928,00001100,52.0928,X]
[16,F,0.534716,11100000,53.4716,X]
[42,F,0.537645,00010000,53.7645,X]
[43,F,0.540575,00010000,54.0575,X]
[44,F,0.542528,00010000,54.2528,X]
[99,F,0.556253,00000001,55.6253,X]
[17,F,0.569872,11100000,56.9872,X]
[100,F,0.573831,00000001,57.3831,X]
[60,F,0.5971,00001100,59.71,X]
[18,F,0.601122,11100000,60.1122,X]
[19,F,0.606005,11100000,60.6005,X]
[45,F,0.6187,00010000,61.87,X]
[46,F,0.627489,00010000,62.7489,X]
[61,F,0.634267,00001000,63.4267,X]
[20,F,0.638231,11100000,63.8231,X]
[101,F,0.641214,00000001,64.1214,X]
[89,F,0.65098,00000010,65.098,X]
[70,F,0.651845,00000100,65.1845,X]
[71,F,0.655752,00000100,65.5752,X]
[102,F,0.659769,00000001,65.9769,X]
[103,F,0.665628,00000001,66.5628,X]
[104,F,0.671488,00000001,67.1488,X]
[21,F,0.675613,11000000,67.5613,X]
[105,F,0.68223,00000001,68.223,X]
[33,F,0.683425,00100000,68.3425,X]
[47,F,0.687059,00010000,68.7059,X]
[48,F,0.710497,00010000,71.0497,X]
[72,F,0.721181,00000100,72.1181,X]
[62,F,0.726064,00001000,72.6064,X]
[22,F,0.726394,11000000,72.6394,X]
[34,F,0.726394,00100000,72.6394,X]
[106,F,0.727152,00000001,72.7152,X]
[90,F,0.7418,00000010,74.18,X]
[23,F,0.744948,11000000,74.4948,X]
[63,F,0.749502,00001000,74.9502,X]
[24,F,0.752761,11000000,75.2761,X]
[64,F,0.753408,00001000,75.3408,X]
[107,F,0.768167,00000001,76.8167,X]
[91,F,0.772073,00000010,77.2073,X]
[49,F,0.776903,00010000,77.6903,X]
[65,F,0.780752,00001000,78.0752,X]
[108,F,0.780863,00000001,78.0863,X]
[50,F,0.794481,00010000,79.4481,X]
[25,F,0.801469,10000000,80.1469,X]
[29,F,0.805375,01000000,80.5375,X]
[51,F,0.808153,00010000,80.8153,X]
[35,F,0.816238,00100000,81.6238,X]
[92,F,0.816995,00000010,81.6995,X]
[109,F,0.817972,00000001,81.7972,X]
[30,F,0.81807,01000000,81.807,X]
[52,F,0.819872,00010000,81.9872,X]
[93,F,0.819925,00000010,81.9925,X]
[26,F,0.822953,10000000,82.2953,X]
[73,F,0.830556,00000100,83.0556,X]
[94,F,0.836527,00000010,83.6527,X]
[27,F,0.837602,10000000,83.7602,X]
[36,F,0.843581,00100000,84.3581,X]
[66,F,0.847158,00001000,84.7158,X]
[95,F,0.853128,00000010,85.3128,X]
[110,F,0.861917,00000001,86.1917,X]
[74,F,0.868642,00000100,86.8642,X]
[37,F,0.869948,00100000,86.9948,X]
[38,F,0.876784,00100000,87.6784,X]
[75,F,0.913564,00000100,91.3564,X]
[67,F,0.918447,00001000,91.8447,X]
[76,F,0.9204,00000100,92.04,X]
[53,F,0.921434,00010000,92.1434,X]
[39,F,0.934402,00100000,93.4402,X]
[77,F,0.937978,00000100,93.7978,X]
[68,F,0.943837,00001000,94.3838,X]
[40,F,0.962722,00100000,96.2722,X]
[78,F,0.964345,00000100,96.4345,X]
[31,F,0.964555,01000000,96.4555,X]
[96,F,0.968363,00000010,96.8363,X]
[111,F,0.970316,00000001,97.0316,X]
[97,F,0.971292,00000010,97.1292,X]
[54,F,0.976122,00010000,97.6122,X]
[112,F,0.983011,00000001,98.3011,X]
[113,F,0.983988,00000001,98.3988,X]
[32,F,0.993852,01000000,99.3852,X]
[28,F,0.994828,10000000,99.4828,X]
[69,F,0.996572,00001000,99.6572,X]
GUIDE_TREE_PARTITION1=(((((t1:24.15,t2:24.15):9.07,t3:33.22):29.91,t4:63.13):8.41,(t5:39.21,t6:39.21):32.33):28.46,(t7:57.07,t8:57.07):42.93);
