Taxa bit representation:
t1 10000000
t2 01000000
t3 00100000
t4 00010000
t5 00001000
t6 00000100
t7 00000010
t8 00000001
Clade List (<taxon members> = <clade name>): 

>Dataset_0
[53,F,0.0870344,00000010,8.70344,X]
[23,F,0.0896156,00001000,8.96156,X]
[0,F,0.109147,11110000,10.9147,X]
[35,F,0.118966,00000100,11.8966,X]
[61,F,0.15625,00000001,15.625,X]
[36,F,0.175606,00000100,17.5606,X]
[62,F,0.186523,00000001,18.6523,X]
[54,F,0.249144,00000010,24.9144,X]
[37,F,0.255684,00000100,25.5684,X]
[1,F,0.266373,11110000,26.6373,X]
[24,F,0.285905,00001000,28.5905,X]
[63,F,0.296875,00000001,29.6875,X]
[2,F,0.310861,11100000,31.0861,X]
[17,F,0.326486,00010000,32.6486,X]
[55,F,0.328245,00000010,32.8245,X]
[18,F,0.331369,00010000,33.1369,X]
[25,F,0.336686,00001000,33.6686,X]
[26,F,0.340592,00001000,34.0592,X]
[38,F,0.357247,00000100,35.7247,X]
[27,F,0.374772,00001000,37.4772,X]
[28,F,0.378678,00001000,37.8678,X]
[56,F,0.396605,00000010,39.6605,X]
[39,F,0.407052,00000100,40.7052,X]
[64,F,0.420898,00000001,42.0898,X]
[19,F,0.421212,00010000,42.1212,X]
[29,F,0.434342,00001000,43.4342,X]
[40,F,0.438302,00000100,43.8302,X]
[41,F,0.45002,00000100,45.002,X]
[65,F,0.460937,00000001,46.0937,X]
[9,F,0.491091,00100000,49.1091,X]
[30,F,0.508561,00001000,50.8561,X]
[42,F,0.528145,00000100,52.8145,X]
[43,F,0.529122,00000100,52.9122,X]
[3,F,0.537966,11000000,53.7966,X]
[31,F,0.553483,00001000,55.3483,X]
[4,F,0.599489,11000000,59.9489,X]
[20,F,0.659494,00010000,65.9494,X]
[32,F,0.660905,00001000,66.0905,X]
[66,F,0.670898,00000001,67.0898,X]
[10,F,0.688356,00100000,68.8356,X]
[57,F,0.692503,00000010,69.2503,X]
[21,F,0.706369,00010000,70.6369,X]
[33,F,0.711686,00001000,71.1686,X]
[34,F,0.712662,00001000,71.2662,X]
[67,F,0.716797,00000001,71.6797,X]
[68,F,0.723633,00000001,72.3633,X]
[5,F,0.731325,11000000,73.1325,X]
[69,F,0.736328,00000001,73.6328,X]
[44,F,0.747872,00000100,74.7872,X]
[45,F,0.753731,00000100,75.3731,X]
[46,F,0.755684,00000100,75.5684,X]
[58,F,0.767698,00000010,76.7698,X]
[47,F,0.772286,00000100,77.2286,X]
[11,F,0.773317,00100000,77.3317,X]
[6,F,0.78113,11000000,78.113,X]
[22,F,0.782541,00010000,78.2541,X]
[12,F,0.786012,00100000,78.6012,X]
[13,F,0.792848,00100000,79.2848,X]
[14,F,0.794802,00100000,79.4802,X]
[48,F,0.834786,00000100,83.4786,X]
[15,F,0.845583,00100000,84.5583,X]
[7,F,0.864137,11000000,86.4137,X]
[8,F,0.869997,11000000,86.9997,X]
[49,F,0.888497,00000100,88.8497,X]
[59,F,0.897581,00000010,89.7581,X]
[50,F,0.909981,00000100,90.9981,X]
[16,F,0.923708,00100000,92.3708,X]
[60,F,0.934691,00000010,93.4691,X]
[51,F,0.979317,00000100,97.9317,X]
[52,F,0.991036,00000100,99.1036,X]
GUIDE_TREE_PARTITION1=(((((((t1:2.79,t2:2.79):56.89,t3:59.68):11.48,t4:71.16):23.98,t5:95.14):0.19,t6:95.33):1.24,t7:96.57):3.43,t8:100);
