Taxa bit representation:
t1 10000000
t2 01000000
t3 00100000
t4 00010000
t5 00001000
t6 00000100
t7 00000010
t8 00000001
Clade List (<taxon members> = <clade name>): 

>Dataset_0
[0,F,0.0078125,11111110,0.78125,X]
[43,F,0.0322266,00000001,3.22266,X]
[44,F,0.0488281,00000001,4.88281,X]
[45,F,0.0576172,00000001,5.76172,X]
[46,F,0.185547,00000001,18.5547,X]
[47,F,0.289062,00000001,28.9062,X]
[33,F,0.341055,00000010,34.1055,X]
[48,F,0.352539,00000001,35.2539,X]
[34,F,0.374258,00000010,37.4258,X]
[1,F,0.379141,11111100,37.9141,X]
[49,F,0.384766,00000001,38.4766,X]
[2,F,0.421133,11111100,42.1133,X]
[50,F,0.462891,00000001,46.2891,X]
[3,F,0.52732,11111000,52.732,X]
[35,F,0.578359,00000010,57.8359,X]
[29,F,0.588844,00000100,58.8844,X]
[36,F,0.591055,00000010,59.1055,X]
[19,F,0.610114,00001000,61.0114,X]
[20,F,0.61402,00001000,61.402,X]
[21,F,0.649177,00001000,64.9177,X]
[22,F,0.650153,00001000,65.0153,X]
[11,F,0.680486,00100000,68.0486,X]
[12,F,0.683416,00100000,68.3416,X]
[13,F,0.686345,00100000,68.6345,X]
[23,F,0.689216,00001000,68.9216,X]
[37,F,0.710195,00000010,71.0195,X]
[14,F,0.715642,00100000,71.5642,X]
[24,F,0.720466,00001000,72.0466,X]
[15,F,0.720525,00100000,72.0525,X]
[17,F,0.722673,00010000,72.2673,X]
[18,F,0.731463,00010000,73.1462,X]
[30,F,0.749,00000100,74.9,X]
[51,F,0.783203,00000001,78.3203,X]
[31,F,0.796852,00000100,79.6852,X]
[52,F,0.798828,00000001,79.8828,X]
[38,F,0.833242,00000010,83.3242,X]
[4,F,0.850408,11000000,85.0408,X]
[39,F,0.85082,00000010,85.082,X]
[40,F,0.871328,00000010,87.1328,X]
[25,F,0.880622,00001000,88.0622,X]
[26,F,0.885505,00001000,88.5505,X]
[7,F,0.905244,01000000,90.5244,X]
[8,F,0.90622,01000000,90.622,X]
[5,F,0.91208,10000000,91.208,X]
[16,F,0.914861,00100000,91.4861,X]
[9,F,0.921845,01000000,92.1845,X]
[10,F,0.928681,01000000,92.8681,X]
[41,F,0.968008,00000010,96.8008,X]
[32,F,0.983375,00000100,98.3375,X]
[42,F,0.990469,00000010,99.0469,X]
[6,F,0.991181,10000000,99.1181,X]
[27,F,0.998786,00001000,99.8786,X]
[28,F,0.999762,00001000,99.9762,X]
GUIDE_TREE_PARTITION1=(((((((t1:12.21,t2:12.21):23.55,t3:35.76):1.25,t4:37.01):4.42,t5:41.43):8.67,t6:50.1):17.65,t7:67.75):32.25,t8:100);
