Taxa bit representation:
t1 10000000
t2 01000000
t3 00100000
t4 00010000
t5 00001000
t6 00000100
t7 00000010
t8 00000001
Clade List (<taxon members> = <clade name>): 

>Dataset_0
[0,F,0.00195312,11110000,0.195312,X]
[54,F,0.00488281,00001111,0.488281,X]
[55,F,0.0253906,00001111,2.53906,X]
[1,F,0.0537109,11110000,5.37109,X]
[56,F,0.0673828,00001111,6.73828,X]
[2,F,0.0703125,11110000,7.03125,X]
[3,F,0.0791016,11110000,7.91016,X]
[57,F,0.0859375,00001111,8.59375,X]
[58,F,0.117187,00001111,11.7187,X]
[59,F,0.133789,00001111,13.3789,X]
[99,F,0.184161,00000011,18.4161,X]
[100,F,0.199786,00000011,19.9786,X]
[4,F,0.208008,11110000,20.8008,X]
[5,F,0.208984,11110000,20.8984,X]
[60,F,0.21253,00001000,21.253,X]
[61,F,0.234014,00001000,23.4014,X]
[6,F,0.235352,11110000,23.5352,X]
[7,F,0.25293,11110000,25.293,X]
[78,F,0.30335,00000100,30.335,X]
[62,F,0.324834,00001000,32.4834,X]
[8,F,0.325692,11000000,32.5692,X]
[101,F,0.338458,00000011,33.8458,X]
[63,F,0.342412,00001000,34.2412,X]
[79,F,0.347295,00000100,34.7295,X]
[9,F,0.350106,11000000,35.0106,X]
[80,F,0.359014,00000100,35.9014,X]
[29,F,0.361825,00110000,36.1825,X]
[81,F,0.366827,00000100,36.6827,X]
[82,F,0.36878,00000100,36.878,X]
[102,F,0.386309,00000011,38.6309,X]
[103,F,0.390216,00000011,39.0216,X]
[10,F,0.400887,11000000,40.0887,X]
[83,F,0.420537,00000100,42.0537,X]
[104,F,0.446856,00000011,44.6856,X]
[11,F,0.469247,11000000,46.9247,X]
[105,F,0.498614,00000011,49.8614,X]
[12,F,0.501473,11000000,50.1473,X]
[84,F,0.502569,00000100,50.2569,X]
[30,F,0.504403,00110000,50.4403,X]
[31,F,0.510262,00110000,51.0262,X]
[64,F,0.535772,00001000,53.5772,X]
[85,F,0.540655,00000100,54.0655,X]
[65,F,0.551397,00001000,55.1397,X]
[66,F,0.557256,00001000,55.7256,X]
[67,F,0.573858,00001000,57.3858,X]
[86,F,0.579717,00000100,57.9717,X]
[32,F,0.582697,00100000,58.2697,X]
[33,F,0.598322,00100000,59.8322,X]
[13,F,0.59913,11000000,59.913,X]
[14,F,0.602059,11000000,60.2059,X]
[68,F,0.604131,00001000,60.4131,X]
[45,F,0.606134,00010000,60.6134,X]
[15,F,0.606942,11000000,60.6942,X]
[34,F,0.6159,00100000,61.59,X]
[46,F,0.61883,00010000,61.883,X]
[69,F,0.626592,00001000,62.6592,X]
[70,F,0.631475,00001000,63.1475,X]
[47,F,0.632502,00010000,63.2502,X]
[106,F,0.644122,00000011,64.4122,X]
[48,F,0.658869,00010000,65.8869,X]
[71,F,0.667608,00001000,66.7608,X]
[107,F,0.670489,00000011,67.0489,X]
[35,F,0.67547,00100000,67.547,X]
[16,F,0.676278,11000000,67.6278,X]
[49,F,0.677423,00010000,67.7423,X]
[17,F,0.695809,11000000,69.5809,X]
[108,F,0.702716,00000011,70.2716,X]
[18,F,0.703622,11000000,70.3622,X]
[87,F,0.711553,00000100,71.1553,X]
[88,F,0.713506,00000100,71.3506,X]
[89,F,0.717412,00000100,71.7412,X]
[90,F,0.752569,00000100,75.2569,X]
[91,F,0.756475,00000100,75.6475,X]
[109,F,0.766192,00000011,76.6192,X]
[36,F,0.766291,00100000,76.6291,X]
[50,F,0.767267,00010000,76.7267,X]
[92,F,0.774053,00000100,77.4053,X]
[37,F,0.782892,00100000,78.2892,X]
[93,F,0.785772,00000100,78.5772,X]
[110,F,0.787677,00000011,78.7677,X]
[94,F,0.791631,00000100,79.1631,X]
[51,F,0.794611,00010000,79.4611,X]
[111,F,0.797442,00000011,79.7442,X]
[72,F,0.801397,00001000,80.1397,X]
[19,F,0.807137,11000000,80.7137,X]
[38,F,0.810236,00100000,81.0236,X]
[112,F,0.813067,00000011,81.3067,X]
[95,F,0.816045,00000100,81.6045,X]
[20,F,0.818856,11000000,81.8856,X]
[21,F,0.820809,11000000,82.0809,X]
[52,F,0.820978,00010000,82.0978,X]
[39,F,0.821955,00100000,82.1955,X]
[73,F,0.823858,00001000,82.3858,X]
[40,F,0.833673,00100000,83.3673,X]
[74,F,0.846319,00001000,84.6319,X]
[96,F,0.852178,00000100,85.2178,X]
[26,F,0.853497,01000000,85.3497,X]
[41,F,0.861994,00100000,86.1994,X]
[113,F,0.863848,00000011,86.3848,X]
[22,F,0.867169,10000000,86.7169,X]
[27,F,0.875958,01000000,87.5958,X]
[75,F,0.884405,00001000,88.4405,X]
[23,F,0.891583,10000000,89.1583,X]
[97,F,0.893194,00000100,89.3194,X]
[98,F,0.901006,00000100,90.1006,X]
[114,F,0.910723,00000011,91.0723,X]
[24,F,0.916973,10000000,91.6973,X]
[53,F,0.927423,00010000,92.7423,X]
[42,F,0.929377,00100000,92.9377,X]
[115,F,0.936114,00000011,93.6114,X]
[43,F,0.945002,00100000,94.5002,X]
[44,F,0.945978,00100000,94.5978,X]
[76,F,0.966436,00001000,96.6436,X]
[116,F,0.969317,00000011,96.9317,X]
[77,F,0.981084,00001000,98.1084,X]
[118,F,0.988825,00000001,98.8825,X]
[25,F,0.991192,10000000,99.1192,X]
[117,F,0.991755,00000010,99.1755,X]
[28,F,0.993145,01000000,99.3145,X]
GUIDE_TREE_PARTITION1=(((t1:17.58,t2:17.58):54.05,(t3:44.66,t4:44.66):26.97):28.37,((t5:79.04,t6:79.04):4.79,(t7:2.68,t8:2.68):81.15):16.17);
