Taxa bit representation:
t1 10000000
t2 01000000
t3 00100000
t4 00010000
t5 00001000
t6 00000100
t7 00000010
t8 00000001
Clade List (<taxon members> = <clade name>): 

>Dataset_0
[0,F,0.00488281,11111100,0.488281,X]
[12,F,0.17485,00001100,17.485,X]
[13,F,0.357467,00001100,35.7467,X]
[3,F,0.38657,00100000,38.657,X]
[9,F,0.389619,00010000,38.9619,X]
[1,F,0.390477,11000000,39.0477,X]
[2,F,0.42368,11000000,42.368,X]
[4,F,0.48032,00100000,48.032,X]
[14,F,0.54692,00001100,54.692,X]
[5,F,0.571141,00100000,57.1141,X]
[10,F,0.577119,00010000,57.7119,X]
[6,F,0.57993,00100000,57.993,X]
[15,F,0.602584,00001100,60.2584,X]
[7,F,0.644383,00100000,64.4383,X]
[18,F,0.660662,00000001,66.0662,X]
[19,F,0.730975,00000001,73.0975,X]
[20,F,0.825702,00000001,82.5702,X]
[11,F,0.840791,00010000,84.0791,X]
[17,F,0.869647,00000010,86.9647,X]
[21,F,0.906756,00000001,90.6756,X]
[8,F,0.974461,00100000,97.4461,X]
[16,F,0.974736,00001000,97.4736,X]
GUIDE_TREE_PARTITION1=(((((t1:48.48,t2:48.48):37.57,t3:86.05):7.41,t4:93.46):4.68,(t5:34.46,t6:34.46):63.68):1.86,(t7:37.84,t8:37.84):62.16);
