Taxa bit representation:
t1 10000000
t2 01000000
t3 00100000
t4 00010000
t5 00001000
t6 00000100
t7 00000010
t8 00000001
Clade List (<taxon members> = <clade name>): 

>Dataset_0
[0,F,0.0273438,11111100,2.73438,X]
[61,F,0.0348422,00000010,3.48422,X]
[85,F,0.0514438,00000001,5.14438,X]
[1,F,0.0585938,11111100,5.85938,X]
[2,F,0.0673828,11111100,6.73828,X]
[86,F,0.0680453,00000001,6.80453,X]
[3,F,0.0996094,11111100,9.96094,X]
[87,F,0.124686,00000001,12.4686,X]
[62,F,0.140311,00000010,14.0311,X]
[4,F,0.15332,11111100,15.332,X]
[5,F,0.163086,11111100,16.3086,X]
[88,F,0.163748,00000001,16.3748,X]
[63,F,0.168631,00000010,16.8631,X]
[89,F,0.181327,00000001,18.1327,X]
[90,F,0.195975,00000001,19.5975,X]
[64,F,0.198905,00000010,19.8905,X]
[6,F,0.226562,11111100,22.6562,X]
[65,F,0.285819,00000010,28.5819,X]
[66,F,0.293631,00000010,29.3631,X]
[67,F,0.3366,00000010,33.66,X]
[68,F,0.338553,00000010,33.8553,X]
[7,F,0.342773,11111100,34.2773,X]
[69,F,0.386405,00000010,38.6405,X]
[8,F,0.387695,11111100,38.7695,X]
[9,F,0.410156,11111100,41.0156,X]
[70,F,0.418631,00000010,41.8631,X]
[91,F,0.445975,00000001,44.5975,X]
[71,F,0.449881,00000010,44.9881,X]
[10,F,0.479492,11111100,47.9492,X]
[11,F,0.482677,11110000,48.2677,X]
[12,F,0.499278,11110000,49.9278,X]
[13,F,0.51588,11110000,51.588,X]
[43,F,0.519786,00001100,51.9786,X]
[92,F,0.52703,00000001,52.703,X]
[44,F,0.527598,00001100,52.7598,X]
[14,F,0.534434,11110000,53.4434,X]
[93,F,0.542655,00000001,54.2655,X]
[72,F,0.544608,00000010,54.4608,X]
[15,F,0.546153,11110000,54.6153,X]
[94,F,0.549491,00000001,54.9491,X]
[45,F,0.556895,00001100,55.6895,X]
[73,F,0.559256,00000010,55.9256,X]
[74,F,0.561209,00000010,56.1209,X]
[95,F,0.569022,00000001,56.9022,X]
[75,F,0.609061,00000010,60.9061,X]
[46,F,0.613536,00001100,61.3536,X]
[16,F,0.648692,11110000,64.8692,X]
[96,F,0.653983,00000001,65.3983,X]
[76,F,0.659842,00000010,65.9842,X]
[97,F,0.660819,00000001,66.0819,X]
[98,F,0.667655,00000001,66.7655,X]
[17,F,0.668223,11110000,66.8223,X]
[99,F,0.679373,00000001,67.9373,X]
[47,F,0.681895,00001100,68.1895,X]
[77,F,0.682303,00000010,68.2303,X]
[100,F,0.68328,00000001,68.328,X]
[78,F,0.684256,00000010,68.4256,X]
[48,F,0.690684,00001100,69.0684,X]
[18,F,0.695253,11100000,69.5253,X]
[19,F,0.748533,11000000,74.8533,X]
[101,F,0.748709,00000001,74.8709,X]
[33,F,0.75287,00010000,75.287,X]
[34,F,0.777284,00010000,77.7284,X]
[49,F,0.783659,00001000,78.3659,X]
[52,F,0.784636,00000100,78.4636,X]
[29,F,0.811033,00100000,81.1033,X]
[102,F,0.817069,00000001,81.7069,X]
[103,F,0.822928,00000001,82.2928,X]
[104,F,0.825858,00000001,82.5858,X]
[20,F,0.84033,11000000,84.033,X]
[21,F,0.845213,11000000,84.5213,X]
[30,F,0.845213,00100000,84.5213,X]
[105,F,0.848319,00000001,84.8319,X]
[35,F,0.84955,00010000,84.955,X]
[79,F,0.850272,00000010,85.0272,X]
[53,F,0.853972,00000100,85.3972,X]
[54,F,0.857878,00000100,85.7878,X]
[106,F,0.858084,00000001,85.8084,X]
[55,F,0.876433,00000100,87.6433,X]
[36,F,0.884706,00010000,88.4706,X]
[80,F,0.886405,00000010,88.6405,X]
[22,F,0.887205,11000000,88.7205,X]
[56,F,0.89987,00000100,89.987,X]
[81,F,0.909842,00000010,90.9842,X]
[24,F,0.926089,01000000,92.6089,X]
[25,F,0.933902,01000000,93.3902,X]
[57,F,0.937956,00000100,93.7956,X]
[37,F,0.939394,00010000,93.9394,X]
[82,F,0.940116,00000010,94.0116,X]
[26,F,0.940738,01000000,94.0738,X]
[31,F,0.949705,00100000,94.9705,X]
[27,F,0.956363,01000000,95.6363,X]
[58,F,0.956511,00000100,95.6511,X]
[38,F,0.957948,00010000,95.7948,X]
[32,F,0.961423,00100000,96.1423,X]
[39,F,0.963808,00010000,96.3808,X]
[83,F,0.96453,00000010,96.453,X]
[23,F,0.966128,10000000,96.6128,X]
[50,F,0.976042,00001000,97.6042,X]
[107,F,0.979178,00000001,97.9178,X]
[84,F,0.981131,00000010,98.1131,X]
[59,F,0.981902,00000100,98.1902,X]
[40,F,0.983339,00010000,98.3339,X]
[28,F,0.989566,01000000,98.9566,X]
[60,F,0.992644,00000100,99.2644,X]
[41,F,0.993105,00010000,99.3105,X]
[108,F,0.993827,00000001,99.3827,X]
[42,F,0.995058,00010000,99.5058,X]
[51,F,0.99655,00001000,99.655,X]
GUIDE_TREE_PARTITION1=(((((t1:8.27,t2:8.27):20.49,t3:28.76):1.91,t4:30.67):21.16,(t5:22.22,t6:22.22):29.61):48.17,(t7:97.59,t8:97.59):2.41);
