Taxa bit representation:
t1 10000000
t2 01000000
t3 00100000
t4 00010000
t5 00001000
t6 00000100
t7 00000010
t8 00000001
Clade List (<taxon members> = <clade name>): 

>Dataset_0
[0,F,0.00390625,11110000,0.390625,X]
[1,F,0.015625,11110000,1.5625,X]
[2,F,0.0234375,11110000,2.34375,X]
[3,F,0.0332031,11110000,3.32031,X]
[57,F,0.0361328,00001111,3.61328,X]
[58,F,0.0598187,00001100,5.98187,X]
[59,F,0.0656781,00001100,6.56781,X]
[60,F,0.0832563,00001100,8.32563,X]
[4,F,0.126284,11000000,12.6284,X]
[61,F,0.132084,00001100,13.2084,X]
[5,F,0.151675,11000000,15.1675,X]
[62,F,0.158452,00001100,15.8452,X]
[87,F,0.171147,00000011,17.1147,X]
[29,F,0.171206,00110000,17.1206,X]
[63,F,0.218998,00001100,21.8998,X]
[30,F,0.257144,00110000,25.7144,X]
[6,F,0.257144,11000000,25.7144,X]
[7,F,0.25812,11000000,25.812,X]
[88,F,0.291264,00000011,29.1264,X]
[64,F,0.294194,00001100,29.4194,X]
[8,F,0.29523,11000000,29.523,X]
[31,F,0.307925,00110000,30.7925,X]
[9,F,0.333316,11000000,33.3316,X]
[32,F,0.348941,00110000,34.8941,X]
[10,F,0.355777,11000000,35.5777,X]
[65,F,0.364506,00001100,36.4506,X]
[11,F,0.370425,11000000,37.0425,X]
[33,F,0.38898,00110000,38.898,X]
[66,F,0.404545,00001100,40.4545,X]
[34,F,0.409488,00110000,40.9488,X]
[67,F,0.412358,00001100,41.2358,X]
[68,F,0.439702,00001100,43.9702,X]
[69,F,0.458256,00001100,45.8256,X]
[12,F,0.468081,11000000,46.8081,X]
[89,F,0.493412,00000011,49.3412,X]
[90,F,0.504155,00000011,50.4155,X]
[91,F,0.506108,00000011,50.6108,X]
[13,F,0.519839,11000000,51.9839,X]
[92,F,0.522709,00000011,52.2709,X]
[35,F,0.523745,00110000,52.3745,X]
[36,F,0.531558,00110000,53.1558,X]
[70,F,0.537358,00001100,53.7358,X]
[14,F,0.547183,11000000,54.7183,X]
[37,F,0.552066,00110000,55.2066,X]
[93,F,0.578373,00000011,57.8373,X]
[38,F,0.58273,00100000,58.273,X]
[94,F,0.584233,00000011,58.4233,X]
[39,F,0.587613,00100000,58.7613,X]
[71,F,0.588139,00001100,58.8139,X]
[72,F,0.598881,00001100,59.8881,X]
[95,F,0.602788,00000011,60.2788,X]
[40,F,0.61105,00100000,61.105,X]
[51,F,0.612027,00010000,61.2027,X]
[41,F,0.620816,00100000,62.0816,X]
[42,F,0.626675,00100000,62.6675,X]
[43,F,0.644253,00100000,64.4253,X]
[15,F,0.676089,11000000,67.6089,X]
[44,F,0.681363,00100000,68.1363,X]
[16,F,0.685855,11000000,68.5855,X]
[73,F,0.702397,00001100,70.2397,X]
[17,F,0.706363,11000000,70.6363,X]
[52,F,0.70773,00010000,70.773,X]
[74,F,0.712163,00001100,71.2163,X]
[106,F,0.723678,00000001,72.3678,X]
[45,F,0.729214,00100000,72.9214,X]
[96,F,0.729538,00000010,72.9537,X]
[18,F,0.73273,11000000,73.273,X]
[97,F,0.735397,00000010,73.5397,X]
[75,F,0.748295,00001100,74.8295,X]
[76,F,0.751225,00001100,75.1225,X]
[19,F,0.754214,11000000,75.4214,X]
[98,F,0.766647,00000010,76.6647,X]
[46,F,0.776089,00100000,77.6089,X]
[107,F,0.778366,00000001,77.8366,X]
[20,F,0.786441,11000000,78.6441,X]
[77,F,0.794194,00001100,79.4194,X]
[47,F,0.811245,00100000,81.1245,X]
[99,F,0.811569,00000010,81.1569,X]
[53,F,0.812222,00010000,81.2222,X]
[54,F,0.821011,00010000,82.1011,X]
[108,F,0.821334,00000001,82.1334,X]
[55,F,0.823941,00010000,82.3941,X]
[109,F,0.830123,00000001,83.0123,X]
[21,F,0.833316,11000000,83.3316,X]
[48,F,0.833706,00100000,83.3706,X]
[22,F,0.836245,11000000,83.6245,X]
[23,F,0.842105,11000000,84.2105,X]
[100,F,0.846725,00000010,84.6725,X]
[24,F,0.850894,11000000,85.0894,X]
[110,F,0.85942,00000001,85.942,X]
[27,F,0.863712,01000000,86.3713,X]
[84,F,0.866872,00000100,86.6872,X]
[111,F,0.867233,00000001,86.7233,X]
[101,F,0.869186,00000010,86.9186,X]
[78,F,0.874684,00001000,87.4684,X]
[56,F,0.899136,00010000,89.9136,X]
[49,F,0.909878,00100000,90.9878,X]
[79,F,0.9157,00001000,91.57,X]
[80,F,0.928395,00001000,92.8395,X]
[85,F,0.932302,00000100,93.2302,X]
[28,F,0.933048,01000000,93.3048,X]
[102,F,0.933639,00000010,93.3639,X]
[25,F,0.935002,10000000,93.5002,X]
[81,F,0.941091,00001000,94.1091,X]
[50,F,0.941128,00100000,94.1128,X]
[103,F,0.943405,00000010,94.3405,X]
[104,F,0.9561,00000010,95.61,X]
[82,F,0.961598,00001000,96.1598,X]
[86,F,0.976247,00000100,97.6247,X]
[105,F,0.982467,00000010,98.2467,X]
[26,F,0.98383,10000000,98.383,X]
[83,F,0.986989,00001000,98.6989,X]
[112,F,0.994186,00000001,99.4186,X]
[113,F,0.995163,00000001,99.5162,X]
[114,F,0.997116,00000001,99.7116,X]
GUIDE_TREE_PARTITION1=(((t1:14.41,t2:14.41):75.11,(t3:42.02,t4:42.02):47.5):10.48,((t5:14.68,t6:14.68):80.51,(t7:29.39,t8:29.39):65.8):4.81);
