Taxa bit representation:
t1 10000000
t2 01000000
t3 00100000
t4 00010000
t5 00001000
t6 00000100
t7 00000010
t8 00000001
Clade List (<taxon members> = <clade name>): 

>Dataset_0
[15,F,0.0234375,00001111,2.34375,X]
[0,F,0.0869141,11110000,8.69141,X]
[16,F,0.21582,00001111,21.582,X]
[17,F,0.248047,00001111,24.8047,X]
[18,F,0.250977,00001111,25.0977,X]
[19,F,0.462233,00000010,46.2233,X]
[1,F,0.478016,10000000,47.8016,X]
[20,F,0.57942,00000010,57.942,X]
[6,F,0.615711,01000000,61.5711,X]
[7,F,0.622547,01000000,62.2547,X]
[2,F,0.667469,10000000,66.7469,X]
[21,F,0.669264,00000010,66.9264,X]
[8,F,0.706531,01000000,70.6531,X]
[11,F,0.714163,00010000,71.4163,X]
[3,F,0.717273,10000000,71.7273,X]
[22,F,0.77278,00000010,77.278,X]
[10,F,0.786428,00100000,78.6428,X]
[12,F,0.794241,00010000,79.4241,X]
[9,F,0.807117,01000000,80.7117,X]
[4,F,0.808094,10000000,80.8094,X]
[23,F,0.840163,00000001,84.0162,X]
[24,F,0.858717,00000001,85.8717,X]
[13,F,0.868459,00010000,86.8459,X]
[5,F,0.895984,10000000,89.5984,X]
[25,F,0.907545,00000001,90.7545,X]
[14,F,0.995413,00010000,99.5413,X]
GUIDE_TREE_PARTITION1=(((t1:87.55,t2:87.55):3.14,(t3:82.49,t4:82.49):8.2):9.31,((t5:4.74,t6:4.74):65.1,(t7:57.39,t8:57.39):12.45):30.16);
