Taxa bit representation:
t1 10000000
t2 01000000
t3 00100000
t4 00010000
t5 00001000
t6 00000100
t7 00000010
t8 00000001
Clade List (<taxon members> = <clade name>): 

>Dataset_0
[16,F,0.0478516,00000011,4.78516,X]
[0,F,0.0595703,11111100,5.95703,X]
[1,F,0.0800781,11111100,8.00781,X]
[2,F,0.181641,11111100,18.1641,X]
[3,F,0.245117,11111100,24.5117,X]
[17,F,0.416752,00000010,41.6752,X]
[4,F,0.473633,11111100,47.3633,X]
[18,F,0.58765,00000010,58.765,X]
[26,F,0.656986,00000001,65.6986,X]
[19,F,0.675541,00000010,67.5541,X]
[20,F,0.67847,00000010,67.847,X]
[5,F,0.706375,11110000,70.6375,X]
[8,F,0.710281,00001100,71.0281,X]
[9,F,0.739578,00001100,73.9578,X]
[10,F,0.754227,00001100,75.4227,X]
[27,F,0.756595,00000001,75.6595,X]
[21,F,0.768314,00000010,76.8314,X]
[22,F,0.793705,00000010,79.3705,X]
[23,F,0.838627,00000010,83.8627,X]
[11,F,0.865938,00001000,86.5938,X]
[6,F,0.90183,11100000,90.183,X]
[14,F,0.905,00000100,90.5,X]
[15,F,0.911836,00000100,91.1836,X]
[12,F,0.934297,00001000,93.4297,X]
[24,F,0.953861,00000010,95.3861,X]
[13,F,0.958711,00001000,95.8711,X]
[25,F,0.992923,00000010,99.2923,X]
[7,F,0.996556,00010000,99.6556,X]
GUIDE_TREE_PARTITION1=(((((t1:1.63,t2:1.63):6.09,t3:7.72):8.64,t4:16.36):17.69,(t5:15.75,t6:15.75):18.3):65.95,(t7:63.11,t8:63.11):36.89);
