Taxa bit representation:
t1 10000000
t2 01000000
t3 00100000
t4 00010000
t5 00001000
t6 00000100
t7 00000010
t8 00000001
Clade List (<taxon members> = <clade name>): 

>Dataset_0
[0,F,0.0078125,11110000,0.78125,X]
[1,F,0.134766,11110000,13.4766,X]
[2,F,0.193731,11000000,19.3731,X]
[14,F,0.227911,00110000,22.7911,X]
[31,F,0.254883,00001111,25.4883,X]
[32,F,0.261719,00001111,26.1719,X]
[33,F,0.286133,00001111,28.6133,X]
[34,F,0.295898,00001111,29.5898,X]
[15,F,0.340716,00100000,34.0716,X]
[3,F,0.356817,11000000,35.6817,X]
[16,F,0.389544,00100000,38.9544,X]
[35,F,0.419922,00001111,41.9922,X]
[17,F,0.447161,00100000,44.7161,X]
[18,F,0.452044,00100000,45.2044,X]
[19,F,0.476458,00100000,47.6458,X]
[20,F,0.482317,00100000,48.2317,X]
[36,F,0.485245,00001100,48.5245,X]
[21,F,0.491106,00100000,49.1106,X]
[28,F,0.497942,00010000,49.7942,X]
[22,F,0.520403,00100000,52.0403,X]
[4,F,0.538653,10000000,53.8653,X]
[23,F,0.54677,00100000,54.677,X]
[24,F,0.589739,00100000,58.9739,X]
[37,F,0.612198,00001100,61.2198,X]
[7,F,0.635333,01000000,63.5333,X]
[8,F,0.637286,01000000,63.7286,X]
[9,F,0.656817,01000000,65.6817,X]
[10,F,0.66463,01000000,66.463,X]
[38,F,0.677628,00001100,67.7628,X]
[25,F,0.67763,00100000,67.763,X]
[48,F,0.715405,00000010,71.5405,X]
[39,F,0.736222,00001100,73.6222,X]
[40,F,0.744034,00001100,74.4034,X]
[29,F,0.761614,00010000,76.1614,X]
[41,F,0.773331,00001100,77.3331,X]
[11,F,0.778887,01000000,77.8888,X]
[42,F,0.779191,00001100,77.9191,X]
[49,F,0.786694,00000001,78.6694,X]
[12,F,0.806231,01000000,80.6231,X]
[26,F,0.807512,00100000,80.7512,X]
[27,F,0.814348,00100000,81.4348,X]
[43,F,0.836253,00001000,83.6253,X]
[5,F,0.839434,10000000,83.9434,X]
[45,F,0.854808,00000100,85.4808,X]
[44,F,0.871409,00001000,87.1409,X]
[46,F,0.89973,00000100,89.973,X]
[50,F,0.902905,00000001,90.2905,X]
[47,F,0.907542,00000100,90.7542,X]
[30,F,0.929583,00010000,92.9583,X]
[6,F,0.930255,10000000,93.0255,X]
[51,F,0.94978,00000001,94.978,X]
[13,F,0.956622,01000000,95.6622,X]
GUIDE_TREE_PARTITION1=(((t1:52.58,t2:52.58):30,(t3:70.03,t4:70.03):12.55):17.42,((t5:16.57,t6:16.57):39.3,(t7:33.44,t8:33.44):22.43):44.13);
