Taxa bit representation:
t1 10000000
t2 01000000
t3 00100000
t4 00010000
t5 00001000
t6 00000100
t7 00000010
t8 00000001
Clade List (<taxon members> = <clade name>): 

>Dataset_0
[29,F,0.0410156,00000001,4.10156,X]
[24,F,0.0490922,00000010,4.90922,X]
[0,F,0.0718797,11111000,7.18797,X]
[25,F,0.104756,00000010,10.4756,X]
[18,F,0.141216,00000100,14.1216,X]
[26,F,0.152608,00000010,15.2608,X]
[19,F,0.161723,00000100,16.1723,X]
[1,F,0.164653,11111000,16.4653,X]
[20,F,0.178325,00000100,17.8325,X]
[21,F,0.189067,00000100,18.9067,X]
[2,F,0.319777,11100000,31.9777,X]
[17,F,0.329355,00001000,32.9355,X]
[8,F,0.331495,00010000,33.1495,X]
[27,F,0.361592,00000010,36.1592,X]
[9,F,0.456495,00010000,45.6495,X]
[6,F,0.47657,00100000,47.657,X]
[30,F,0.485352,00000001,48.5352,X]
[7,F,0.554695,00100000,55.4695,X]
[10,F,0.591261,00010000,59.1261,X]
[11,F,0.609816,00010000,60.9816,X]
[28,F,0.6321,00000010,63.21,X]
[12,F,0.658644,00010000,65.8644,X]
[13,F,0.663527,00010000,66.3527,X]
[22,F,0.680278,00000100,68.0278,X]
[5,F,0.70982,01000000,70.982,X]
[3,F,0.720563,10000000,72.0563,X]
[4,F,0.735211,10000000,73.5211,X]
[31,F,0.75293,00000001,75.293,X]
[14,F,0.769972,00010000,76.9972,X]
[15,F,0.823683,00010000,82.3683,X]
[32,F,0.833984,00000001,83.3984,X]
[16,F,0.960402,00010000,96.0402,X]
[23,F,0.979106,00000100,97.9106,X]
GUIDE_TREE_PARTITION1=(((((((t1:31.85,t2:31.85):26.45,t3:58.3):9.82,t4:68.12):7.05,t5:75.17):21.06,t6:96.23):3.06,t7:99.29):0.71,t8:100);
