Taxa bit representation:
t1 10000000
t2 01000000
t3 00100000
t4 00010000
t5 00001000
t6 00000100
t7 00000010
t8 00000001
Clade List (<taxon members> = <clade name>): 

>Dataset_0
[29,F,0.000976562,00000011,0.0976562,X]
[30,F,0.0498047,00000011,4.98047,X]
[0,F,0.0693359,11111100,6.93359,X]
[31,F,0.0888672,00000011,8.88672,X]
[32,F,0.132812,00000011,13.2812,X]
[1,F,0.174805,11111100,17.4805,X]
[2,F,0.229492,11111100,22.9492,X]
[33,F,0.294922,00000011,29.4922,X]
[34,F,0.30957,00000011,30.957,X]
[18,F,0.320113,00001100,32.0113,X]
[3,F,0.335738,11110000,33.5738,X]
[35,F,0.355469,00000011,35.5469,X]
[36,F,0.364258,00000011,36.4258,X]
[4,F,0.37773,11110000,37.773,X]
[19,F,0.383589,00001100,38.3589,X]
[5,F,0.386519,11110000,38.6519,X]
[20,F,0.392378,00001100,39.2378,X]
[37,F,0.394531,00000011,39.4531,X]
[21,F,0.404097,00001100,40.4097,X]
[6,F,0.422652,11110000,42.2652,X]
[38,F,0.44043,00000011,44.043,X]
[7,F,0.451948,11110000,45.1948,X]
[39,F,0.46582,00000011,46.582,X]
[8,F,0.470503,11110000,47.0503,X]
[9,F,0.480269,11110000,48.0269,X]
[22,F,0.491011,00001100,49.1011,X]
[40,F,0.598895,00000010,59.8895,X]
[10,F,0.622517,11100000,62.2517,X]
[41,F,0.639911,00000010,63.9911,X]
[11,F,0.654744,11100000,65.4744,X]
[13,F,0.685017,00010000,68.5017,X]
[46,F,0.688739,00000001,68.8739,X]
[23,F,0.692183,00001100,69.2183,X]
[24,F,0.693159,00001100,69.3159,X]
[42,F,0.7112,00000010,71.12,X]
[25,F,0.731245,00001100,73.1245,X]
[14,F,0.737752,00010000,73.7752,X]
[26,F,0.744917,00001100,74.4917,X]
[43,F,0.784442,00000010,78.4442,X]
[44,F,0.793231,00000010,79.3231,X]
[45,F,0.825458,00000010,82.5458,X]
[27,F,0.839802,00001000,83.9802,X]
[15,F,0.866658,00010000,86.6658,X]
[16,F,0.873494,00010000,87.3494,X]
[47,F,0.878192,00000001,87.8192,X]
[28,F,0.890583,00001000,89.0583,X]
[12,F,0.900305,11000000,90.0305,X]
[17,F,0.916462,00010000,91.6462,X]
[48,F,0.922137,00000001,92.2137,X]
[49,F,0.928973,00000001,92.8973,X]
GUIDE_TREE_PARTITION1=(((((t1:8.75,t2:8.75):12.45,t3:21.2):28.56,t4:49.76):19.01,(t5:17.68,t6:17.68):51.09):31.23,(t7:47.63,t8:47.63):52.37);
