Taxa bit representation:
t1 10000000
t2 01000000
t3 00100000
t4 00010000
t5 00001000
t6 00000100
t7 00000010
t8 00000001
Clade List (<taxon members> = <clade name>): 

>Dataset_0
[11,F,0.0332031,00000001,3.32031,X]
[0,F,0.306777,11111100,30.6777,X]
[10,F,0.332167,00000010,33.2167,X]
[1,F,0.424709,11000000,42.4709,X]
[5,F,0.523342,00100000,52.3342,X]
[7,F,0.664403,00010000,66.4403,X]
[8,F,0.671239,00010000,67.1239,X]
[9,F,0.786805,00001000,78.6805,X]
[2,F,0.854028,10000000,85.4028,X]
[4,F,0.860864,01000000,86.0864,X]
[12,F,0.928711,00000001,92.8711,X]
[6,F,0.937405,00100000,93.7405,X]
[3,F,0.990747,10000000,99.0747,X]
GUIDE_TREE_PARTITION1=(((((((t1:25.73,t2:25.73):35.51,t3:61.24):0.64,t4:61.88):1.92,t5:63.8):2.1,t6:65.9):9.77,t7:75.67):24.33,t8:100);
