Taxa bit representation:
t1 10000000
t2 01000000
t3 00100000
t4 00010000
t5 00001000
t6 00000100
t7 00000010
t8 00000001
Clade List (<taxon members> = <clade name>): 

>Dataset_0
[32,F,0.0224609,00001111,2.24609,X]
[0,F,0.0273438,11110000,2.73438,X]
[1,F,0.0380859,11110000,3.80859,X]
[2,F,0.0517578,11110000,5.17578,X]
[33,F,0.0625,00001111,6.25,X]
[3,F,0.0898438,11110000,8.98438,X]
[34,F,0.101562,00001111,10.1562,X]
[4,F,0.279297,11110000,27.9297,X]
[5,F,0.294922,11110000,29.4922,X]
[6,F,0.304688,11110000,30.4688,X]
[35,F,0.314453,00001111,31.4453,X]
[7,F,0.375398,11000000,37.5398,X]
[36,F,0.419655,00001100,41.9655,X]
[8,F,0.42618,11000000,42.618,X]
[9,F,0.434969,11000000,43.4969,X]
[20,F,0.439852,00110000,43.9852,X]
[37,F,0.484108,00001100,48.4108,X]
[10,F,0.529695,11000000,52.9695,X]
[21,F,0.540586,00100000,54.0586,X]
[26,F,0.556211,00010000,55.6211,X]
[11,F,0.63907,11000000,63.907,X]
[46,F,0.652856,00000001,65.2856,X]
[22,F,0.664609,00100000,66.4609,X]
[27,F,0.700742,00010000,70.0742,X]
[47,F,0.701684,00000001,70.1684,X]
[15,F,0.734559,01000000,73.4559,X]
[28,F,0.734922,00010000,73.4922,X]
[38,F,0.735084,00001100,73.5084,X]
[12,F,0.735536,10000000,73.5536,X]
[43,F,0.748559,00000010,74.8559,X]
[48,F,0.785669,00000001,78.5669,X]
[44,F,0.792505,00000010,79.2505,X]
[16,F,0.812684,01000000,81.2684,X]
[49,F,0.838403,00000001,83.8403,X]
[13,F,0.841005,10000000,84.1005,X]
[39,F,0.843483,00001100,84.3483,X]
[29,F,0.854062,00010000,85.4062,X]
[23,F,0.861875,00100000,86.1875,X]
[45,F,0.885278,00000010,88.5278,X]
[17,F,0.885927,01000000,88.5927,X]
[18,F,0.888856,01000000,88.8856,X]
[24,F,0.917539,00100000,91.7539,X]
[40,F,0.921608,00001100,92.1608,X]
[50,F,0.926294,00000001,92.6294,X]
[14,F,0.939637,10000000,93.9637,X]
[41,F,0.943092,00001100,94.3092,X]
[30,F,0.948789,00010000,94.8789,X]
[31,F,0.952695,00010000,95.2695,X]
[25,F,0.991758,00100000,99.1758,X]
[19,F,0.993348,01000000,99.3348,X]
[42,F,0.996834,00000100,99.6834,X]
GUIDE_TREE_PARTITION1=(((t1:33.38,t2:33.38):33.67,(t3:56,t4:56):11.05):32.95,((t5:5.59,t6:5.59):60.55,(t7:44.48,t8:44.48):21.66):33.86);
