Taxa bit representation:
t1 10000000
t2 01000000
t3 00100000
t4 00010000
t5 00001000
t6 00000100
t7 00000010
t8 00000001
Clade List (<taxon members> = <clade name>): 

>Dataset_0
[59,F,0.0166016,00001111,1.66016,X]
[0,F,0.0263672,11110000,2.63672,X]
[1,F,0.0693359,11110000,6.93359,X]
[2,F,0.101562,11110000,10.1562,X]
[3,F,0.111328,11110000,11.1328,X]
[4,F,0.116211,11110000,11.6211,X]
[5,F,0.123047,11110000,12.3047,X]
[60,F,0.148438,00001111,14.8438,X]
[61,F,0.163086,00001111,16.3086,X]
[6,F,0.192383,11110000,19.2383,X]
[62,F,0.193359,00001111,19.3359,X]
[7,F,0.229492,11110000,22.9492,X]
[63,F,0.260742,00001111,26.0742,X]
[8,F,0.264161,11000000,26.4161,X]
[41,F,0.321778,00110000,32.1778,X]
[42,F,0.328614,00110000,32.8614,X]
[43,F,0.354981,00110000,35.4981,X]
[90,F,0.358903,00000011,35.8903,X]
[44,F,0.3667,00110000,36.67,X]
[9,F,0.382325,11000000,38.2325,X]
[91,F,0.3882,00000011,38.82,X]
[92,F,0.390153,00000011,39.0153,X]
[10,F,0.39795,11000000,39.795,X]
[93,F,0.414567,00000011,41.4567,X]
[64,F,0.41945,00001100,41.945,X]
[45,F,0.428223,00110000,42.8223,X]
[94,F,0.428239,00000011,42.8239,X]
[95,F,0.476091,00000011,47.6091,X]
[11,F,0.48877,11000000,48.877,X]
[12,F,0.49463,11000000,49.463,X]
[65,F,0.501481,00001100,50.1481,X]
[96,F,0.512223,00000011,51.2223,X]
[97,F,0.523942,00000011,52.3942,X]
[46,F,0.546388,00110000,54.6388,X]
[13,F,0.552247,11000000,55.2247,X]
[14,F,0.566895,11000000,56.6895,X]
[15,F,0.569825,11000000,56.9825,X]
[98,F,0.574723,00000011,57.4723,X]
[66,F,0.585566,00001000,58.5566,X]
[67,F,0.595331,00001000,59.5331,X]
[47,F,0.597169,00110000,59.7169,X]
[99,F,0.610856,00000011,61.0856,X]
[16,F,0.620606,11000000,62.0606,X]
[17,F,0.621583,11000000,62.1583,X]
[18,F,0.635255,11000000,63.5255,X]
[48,F,0.652833,00110000,65.2833,X]
[100,F,0.655778,00000011,65.5778,X]
[68,F,0.656855,00001000,65.6855,X]
[101,F,0.658708,00000011,65.8708,X]
[19,F,0.665528,11000000,66.5528,X]
[69,F,0.668573,00001000,66.8573,X]
[82,F,0.675409,00000100,67.5409,X]
[83,F,0.677362,00000100,67.7362,X]
[20,F,0.693848,11000000,69.3848,X]
[84,F,0.699823,00000100,69.9823,X]
[70,F,0.701777,00001000,70.1777,X]
[21,F,0.706544,11000000,70.6544,X]
[22,F,0.71045,11000000,71.045,X]
[71,F,0.712519,00001000,71.2519,X]
[102,F,0.719255,00000011,71.9255,X]
[49,F,0.726075,00110000,72.6075,X]
[103,F,0.72902,00000011,72.902,X]
[28,F,0.746325,01000000,74.6325,X]
[50,F,0.750489,00110000,75.0489,X]
[104,F,0.753434,00000011,75.3434,X]
[29,F,0.756091,01000000,75.6091,X]
[23,F,0.757067,10000000,75.7067,X]
[85,F,0.759394,00000100,75.9394,X]
[24,F,0.76195,10000000,76.195,X]
[72,F,0.779902,00001000,77.9902,X]
[73,F,0.782831,00001000,78.2831,X]
[105,F,0.783708,00000011,78.3708,X]
[25,F,0.788317,10000000,78.8317,X]
[30,F,0.79027,01000000,79.027,X]
[31,F,0.809802,01000000,80.9802,X]
[32,F,0.82152,01000000,82.152,X]
[86,F,0.831659,00000100,83.1659,X]
[74,F,0.832636,00001000,83.2636,X]
[75,F,0.833612,00001000,83.3612,X]
[76,F,0.841425,00001000,84.1425,X]
[33,F,0.843981,01000000,84.3981,X]
[77,F,0.851191,00001000,85.1191,X]
[78,F,0.856073,00001000,85.6073,X]
[34,F,0.865466,01000000,86.5466,X]
[51,F,0.874634,00010000,87.4634,X]
[52,F,0.876588,00010000,87.6588,X]
[106,F,0.877458,00000011,87.7458,X]
[53,F,0.880494,00010000,88.0494,X]
[54,F,0.88147,00010000,88.147,X]
[87,F,0.8883,00000100,88.83,X]
[79,F,0.893183,00001000,89.3183,X]
[55,F,0.893189,00010000,89.3189,X]
[88,F,0.900019,00000100,90.0019,X]
[56,F,0.901002,00010000,90.1002,X]
[89,F,0.901972,00000100,90.1972,X]
[35,F,0.907458,01000000,90.7458,X]
[107,F,0.915977,00000010,91.5977,X]
[108,F,0.920859,00000001,92.0859,X]
[36,F,0.923083,01000000,92.3083,X]
[37,F,0.928942,01000000,92.8942,X]
[80,F,0.934198,00001000,93.4198,X]
[57,F,0.936158,00010000,93.6158,X]
[26,F,0.947497,10000000,94.7497,X]
[109,F,0.951133,00000001,95.1133,X]
[27,F,0.951403,10000000,95.1403,X]
[81,F,0.967402,00001000,96.7402,X]
[38,F,0.968981,01000000,96.8981,X]
[110,F,0.969688,00000001,96.9688,X]
[39,F,0.984606,01000000,98.4606,X]
[58,F,0.986939,00010000,98.6939,X]
[111,F,0.990195,00000001,99.0195,X]
[112,F,0.994102,00000001,99.4102,X]
[40,F,0.997302,01000000,99.7302,X]
GUIDE_TREE_PARTITION1=(((t1:26.93,t2:26.93):48.9,(t3:24.06,t4:24.06):51.77):24.17,((t5:42.42,t6:42.42):31.26,(t7:8.5,t8:8.5):65.18):26.32);
