Taxa bit representation:
t1 10000000
t2 01000000
t3 00100000
t4 00010000
t5 00001000
t6 00000100
t7 00000010
t8 00000001
Clade List (<taxon members> = <clade name>): 

>Dataset_0
[0,F,0.0283203,11111100,2.83203,X]
[1,F,0.0351562,11111100,3.51562,X]
[2,F,0.0361328,11111100,3.61328,X]
[40,F,0.0527344,00000011,5.27344,X]
[41,F,0.0664062,00000011,6.64062,X]
[28,F,0.163739,00001100,16.3739,X]
[42,F,0.21582,00000011,21.582,X]
[29,F,0.224286,00001100,22.4286,X]
[3,F,0.28507,11100000,28.507,X]
[18,F,0.294836,00010000,29.4836,X]
[30,F,0.297528,00001100,29.7528,X]
[31,F,0.306317,00001100,30.6317,X]
[43,F,0.371534,00000010,37.1534,X]
[36,F,0.392289,00000100,39.2289,X]
[19,F,0.424719,00010000,42.4719,X]
[4,F,0.430578,11100000,43.0578,X]
[5,F,0.439367,11100000,43.9367,X]
[44,F,0.445753,00000010,44.5753,X]
[6,F,0.461828,11100000,46.1828,X]
[32,F,0.484086,00001000,48.4086,X]
[37,F,0.487016,00000100,48.7016,X]
[49,F,0.497511,00000001,49.7511,X]
[38,F,0.566117,00000100,56.6117,X]
[45,F,0.599073,00000010,59.9073,X]
[46,F,0.608839,00000010,60.8839,X]
[20,F,0.627844,00010000,62.7844,X]
[39,F,0.672562,00000100,67.2562,X]
[33,F,0.686234,00001000,68.6234,X]
[21,F,0.69425,00010000,69.425,X]
[50,F,0.72798,00000001,72.798,X]
[14,F,0.730716,00100000,73.0716,X]
[10,F,0.74003,01000000,74.003,X]
[47,F,0.7563,00000010,75.63,X]
[34,F,0.757523,00001000,75.7523,X]
[7,F,0.760537,10000000,76.0537,X]
[22,F,0.775305,00010000,77.5305,X]
[8,F,0.851358,10000000,85.1358,X]
[11,F,0.868936,01000000,86.8936,X]
[15,F,0.87427,00100000,87.427,X]
[16,F,0.878177,00100000,87.8177,X]
[9,F,0.883584,10000000,88.3584,X]
[12,F,0.894327,01000000,89.4327,X]
[35,F,0.898148,00001000,89.8148,X]
[17,F,0.90552,00100000,90.552,X]
[23,F,0.909094,00010000,90.9094,X]
[24,F,0.925695,00010000,92.5695,X]
[13,F,0.928506,01000000,92.8506,X]
[25,F,0.938391,00010000,93.8391,X]
[51,F,0.942823,00000001,94.2823,X]
[48,F,0.94673,00000010,94.673,X]
[26,F,0.962805,00010000,96.2805,X]
[27,F,0.983313,00010000,98.3312,X]
GUIDE_TREE_PARTITION1=(((((t1:26.29,t2:26.29):10.99,t3:37.28):40.17,t4:77.45):16.43,(t5:61.65,t6:61.65):32.23):6.12,(t7:74.37,t8:74.37):25.63);
