Taxa bit representation:
t1 10000000
t2 01000000
t3 00100000
t4 00010000
t5 00001000
t6 00000100
t7 00000010
t8 00000001
Clade List (<taxon members> = <clade name>): 

>Dataset_0
[9,F,0.111684,00100000,11.1684,X]
[16,F,0.116211,00000011,11.6211,X]
[0,F,0.120473,11000000,12.0473,X]
[10,F,0.18102,00100000,18.102,X]
[1,F,0.210317,11000000,21.0317,X]
[12,F,0.229025,00001100,22.9025,X]
[17,F,0.3125,00000011,31.25,X]
[18,F,0.341797,00000011,34.1797,X]
[19,F,0.345703,00000011,34.5703,X]
[13,F,0.359884,00001100,35.9884,X]
[20,F,0.362305,00000011,36.2305,X]
[2,F,0.388052,11000000,38.8052,X]
[14,F,0.396017,00001100,39.6017,X]
[15,F,0.475119,00001100,47.5119,X]
[3,F,0.651723,11000000,65.1723,X]
[4,F,0.663442,11000000,66.3442,X]
[5,F,0.717153,11000000,71.7153,X]
[6,F,0.741567,11000000,74.1567,X]
[21,F,0.83405,00000010,83.405,X]
[7,F,0.87438,11000000,87.438,X]
[23,F,0.916081,00000001,91.6081,X]
[22,F,0.920964,00000010,92.0964,X]
[24,F,0.937566,00000001,93.7566,X]
[11,F,0.977895,00100000,97.7895,X]
[8,F,0.995091,01000000,99.5091,X]
GUIDE_TREE_PARTITION1=(((((t1:3.03,t2:3.03):87.95,t3:90.98):0.03,t4:91.01):0.15,(t5:10.64,t6:10.64):80.52):8.84,(t7:32.22,t8:32.22):67.78);
