Taxa bit representation:
t1 10000000
t2 01000000
t3 00100000
t4 00010000
t5 00001000
t6 00000100
t7 00000010
t8 00000001
Clade List (<taxon members> = <clade name>): 

>Dataset_0
[3,F,0.220337,00110000,22.0337,X]
[15,F,0.305845,00000011,30.5845,X]
[9,F,0.316588,00001100,31.6588,X]
[4,F,0.327759,00110000,32.7759,X]
[16,F,0.349791,00000011,34.9791,X]
[17,F,0.382017,00000011,38.2017,X]
[0,F,0.41565,11000000,41.565,X]
[18,F,0.481627,00000011,48.1627,X]
[10,F,0.525572,00001100,52.5572,X]
[7,F,0.528584,00010000,52.8584,X]
[8,F,0.66042,00010000,66.042,X]
[19,F,0.666197,00000011,66.6197,X]
[12,F,0.730691,00000100,73.0691,X]
[5,F,0.832295,00100000,83.2295,X]
[13,F,0.851784,00000100,85.1784,X]
[14,F,0.862527,00000100,86.2527,X]
[20,F,0.867369,00000011,86.7369,X]
[1,F,0.937506,01000000,93.7506,X]
[11,F,0.967019,00001000,96.7019,X]
[6,F,0.968037,00100000,96.8037,X]
[2,F,0.99317,01000000,99.317,X]
GUIDE_TREE_PARTITION1=(((t1:6.64,t2:6.64):79.92,(t3:55.54,t4:55.54):31.02):13.44,((t5:29.47,t6:29.47):50.59,(t7:11.75,t8:11.75):68.31):19.94);
