Taxa bit representation:
t1 10000000
t2 01000000
t3 00100000
t4 00010000
t5 00001000
t6 00000100
t7 00000010
t8 00000001
Clade List (<taxon members> = <clade name>): 

>Dataset_0
[9,F,0.0292969,00001111,2.92969,X]
[0,F,0.0878906,11110000,8.78906,X]
[10,F,0.101562,00001111,10.1562,X]
[11,F,0.384766,00001111,38.4766,X]
[1,F,0.453494,10000000,45.3494,X]
[7,F,0.563308,00110000,56.3308,X]
[16,F,0.564039,00000011,56.4039,X]
[2,F,0.566775,10000000,56.6775,X]
[17,F,0.566969,00000011,56.6969,X]
[18,F,0.655836,00000011,65.5836,X]
[12,F,0.685242,00001000,68.5242,X]
[3,F,0.70447,10000000,70.447,X]
[14,F,0.714539,00000100,71.4539,X]
[19,F,0.718336,00000011,71.8336,X]
[20,F,0.756406,00000010,75.6406,X]
[21,F,0.790586,00000001,79.0586,X]
[22,F,0.878477,00000001,87.8477,X]
[5,F,0.880252,01000000,88.0252,X]
[8,F,0.887066,00010000,88.7066,X]
[4,F,0.895877,10000000,89.5877,X]
[15,F,0.899109,00000100,89.9109,X]
[6,F,0.952517,01000000,95.2517,X]
[13,F,0.98993,00001000,98.993,X]
GUIDE_TREE_PARTITION1=(((t1:60.51,t2:60.51):10.21,(t3:18.52,t4:18.52):52.2):29.28,((t5:45.05,t6:45.05):2.55,(t7:24.75,t8:24.75):22.85):52.4);
