Taxa bit representation:
t1 10000000
t2 01000000
t3 00100000
t4 00010000
t5 00001000
t6 00000100
t7 00000010
t8 00000001
Clade List (<taxon members> = <clade name>): 

>Dataset_0
[101,F,0.00292969,00000011,0.292969,X]
[0,F,0.0107422,11111100,1.07422,X]
[102,F,0.0771484,00000011,7.71484,X]
[103,F,0.0810547,00000011,8.10547,X]
[1,F,0.0820312,11111100,8.20312,X]
[2,F,0.111061,11110000,11.1061,X]
[66,F,0.124733,00001100,12.4733,X]
[104,F,0.132812,00000011,13.2812,X]
[105,F,0.151367,00000011,15.1367,X]
[106,F,0.160156,00000011,16.0156,X]
[107,F,0.168945,00000011,16.8945,X]
[108,F,0.194336,00000011,19.4336,X]
[109,F,0.202148,00000011,20.2148,X]
[3,F,0.206944,11100000,20.6944,X]
[110,F,0.208984,00000011,20.8984,X]
[39,F,0.209873,00010000,20.9873,X]
[40,F,0.21085,00010000,21.085,X]
[111,F,0.242188,00000011,24.2188,X]
[4,F,0.243077,11100000,24.3077,X]
[41,F,0.251866,00010000,25.1866,X]
[112,F,0.251953,00000011,25.1953,X]
[113,F,0.25293,00000011,25.293,X]
[42,F,0.281162,00010000,28.1162,X]
[67,F,0.291725,00001100,29.1725,X]
[43,F,0.299717,00010000,29.9717,X]
[114,F,0.301758,00000011,30.1758,X]
[44,F,0.319248,00010000,31.9248,X]
[68,F,0.327858,00001100,32.7858,X]
[45,F,0.328037,00010000,32.8038,X]
[115,F,0.330078,00000011,33.0078,X]
[46,F,0.331944,00010000,33.1944,X]
[47,F,0.358311,00010000,35.8311,X]
[116,F,0.362353,00000010,36.2353,X]
[48,F,0.374912,00010000,37.4913,X]
[69,F,0.385475,00001100,38.5475,X]
[5,F,0.388584,11100000,38.8584,X]
[6,F,0.403233,11100000,40.3233,X]
[70,F,0.414772,00001100,41.4772,X]
[71,F,0.423561,00001100,42.3561,X]
[49,F,0.435459,00010000,43.5459,X]
[128,F,0.439502,00000001,43.9502,X]
[72,F,0.456764,00001100,45.6764,X]
[129,F,0.459033,00000001,45.9033,X]
[73,F,0.479225,00001100,47.9225,X]
[117,F,0.48247,00000010,48.247,X]
[7,F,0.491123,11100000,49.1123,X]
[130,F,0.491259,00000001,49.1259,X]
[50,F,0.499912,00010000,49.9913,X]
[118,F,0.518603,00000010,51.8603,X]
[131,F,0.529345,00000001,52.9345,X]
[8,F,0.531162,11100000,53.1163,X]
[9,F,0.532139,11100000,53.2139,X]
[74,F,0.539772,00001100,53.9772,X]
[119,F,0.542041,00000010,54.2041,X]
[75,F,0.546608,00001100,54.6608,X]
[10,F,0.5546,11100000,55.46,X]
[11,F,0.559483,11100000,55.9483,X]
[132,F,0.571338,00000001,57.1338,X]
[133,F,0.574267,00000001,57.4267,X]
[134,F,0.575244,00000001,57.5244,X]
[51,F,0.579014,00010000,57.9014,X]
[52,F,0.58292,00010000,58.292,X]
[76,F,0.59153,00001100,59.153,X]
[53,F,0.594639,00010000,59.4639,X]
[28,F,0.60052,00100000,60.052,X]
[135,F,0.617236,00000001,61.7236,X]
[136,F,0.631884,00000001,63.1884,X]
[137,F,0.640673,00000001,64.0673,X]
[77,F,0.640983,00001000,64.0983,X]
[88,F,0.644889,00000100,64.4889,X]
[54,F,0.64835,00010000,64.835,X]
[55,F,0.657139,00010000,65.7139,X]
[56,F,0.661045,00010000,66.1045,X]
[57,F,0.664952,00010000,66.4952,X]
[138,F,0.668017,00000001,66.8017,X]
[29,F,0.671809,00100000,67.1809,X]
[89,F,0.679069,00000100,67.9069,X]
[120,F,0.688525,00000010,68.8525,X]
[30,F,0.698177,00100000,69.8177,X]
[90,F,0.699577,00000100,69.9577,X]
[121,F,0.70415,00000010,70.415,X]
[19,F,0.705408,01000000,70.5408,X]
[31,F,0.716731,00100000,71.6731,X]
[91,F,0.72692,00000100,72.692,X]
[122,F,0.728564,00000010,72.8564,X]
[92,F,0.735709,00000100,73.5709,X]
[78,F,0.736686,00001000,73.6686,X]
[32,F,0.738216,00100000,73.8216,X]
[139,F,0.740283,00000001,74.0283,X]
[140,F,0.745166,00000001,74.5166,X]
[79,F,0.753287,00001000,75.3287,X]
[141,F,0.756884,00000001,75.6884,X]
[58,F,0.757725,00010000,75.7725,X]
[93,F,0.760123,00000100,76.0123,X]
[33,F,0.763606,00100000,76.3606,X]
[80,F,0.766959,00001000,76.6959,X]
[123,F,0.768603,00000010,76.8603,X]
[94,F,0.770866,00000100,77.0866,X]
[81,F,0.774772,00001000,77.4772,X]
[95,F,0.778678,00000100,77.8678,X]
[34,F,0.789973,00100000,78.9973,X]
[20,F,0.795252,01000000,79.5252,X]
[96,F,0.796256,00000100,79.6256,X]
[59,F,0.811436,00010000,81.1436,X]
[35,F,0.827083,00100000,82.7083,X]
[21,F,0.829431,01000000,82.9431,X]
[12,F,0.830408,10000000,83.0408,X]
[13,F,0.831384,10000000,83.1384,X]
[60,F,0.83292,00010000,83.292,X]
[142,F,0.840869,00000001,84.0869,X]
[143,F,0.841845,00000001,84.1845,X]
[36,F,0.85638,00100000,85.638,X]
[82,F,0.859733,00001000,85.9733,X]
[22,F,0.860681,01000000,86.0681,X]
[61,F,0.863194,00010000,86.3194,X]
[62,F,0.869053,00010000,86.9053,X]
[83,F,0.873405,00001000,87.3405,X]
[63,F,0.873936,00010000,87.3936,X]
[97,F,0.882194,00000100,88.2194,X]
[64,F,0.887608,00010000,88.7608,X]
[84,F,0.888053,00001000,88.8053,X]
[14,F,0.890955,10000000,89.0955,X]
[23,F,0.895838,01000000,89.5838,X]
[65,F,0.902256,00010000,90.2256,X]
[98,F,0.903678,00000100,90.3678,X]
[144,F,0.909228,00000001,90.9228,X]
[24,F,0.909509,01000000,90.9509,X]
[15,F,0.917322,10000000,91.7322,X]
[99,F,0.91735,00000100,91.735,X]
[37,F,0.91888,00100000,91.888,X]
[124,F,0.920947,00000010,92.0947,X]
[16,F,0.926111,10000000,92.6111,X]
[85,F,0.927116,00001000,92.7116,X]
[145,F,0.935595,00000001,93.5595,X]
[25,F,0.936853,01000000,93.6853,X]
[17,F,0.941736,10000000,94.1736,X]
[26,F,0.944666,01000000,94.4666,X]
[146,F,0.950244,00000001,95.0244,X]
[147,F,0.960009,00000001,96.0009,X]
[18,F,0.964197,10000000,96.4197,X]
[125,F,0.965869,00000010,96.5869,X]
[148,F,0.967822,00000001,96.7822,X]
[126,F,0.968798,00000010,96.8798,X]
[100,F,0.973014,00000100,97.3014,X]
[86,F,0.973991,00001000,97.3991,X]
[127,F,0.983447,00000010,98.3447,X]
[149,F,0.983447,00000001,98.3447,X]
[27,F,0.984705,01000000,98.4705,X]
[38,F,0.994075,00100000,99.4075,X]
[87,F,0.997428,00001000,99.7428,X]
GUIDE_TREE_PARTITION1=(((((t1:37.76,t2:37.76):5.02,t3:42.78):39.26,t4:82.04):9.1,(t5:36.39,t6:36.39):54.75):8.86,(t7:63.96,t8:63.96):36.04);
