Taxa bit representation:
t1 10000000
t2 01000000
t3 00100000
t4 00010000
t5 00001000
t6 00000100
t7 00000010
t8 00000001
Clade List (<taxon members> = <clade name>): 

>Dataset_0
[22,F,0.0429688,00001111,4.29688,X]
[23,F,0.0664062,00001111,6.64062,X]
[8,F,0.199717,00110000,19.9717,X]
[9,F,0.225108,00110000,22.5108,X]
[0,F,0.29835,11000000,29.835,X]
[1,F,0.337413,11000000,33.7413,X]
[10,F,0.340342,00110000,34.0342,X]
[11,F,0.380381,00110000,38.0381,X]
[33,F,0.403492,00000011,40.3492,X]
[34,F,0.468922,00000011,46.8922,X]
[24,F,0.472828,00001100,47.2828,X]
[15,F,0.516548,00010000,51.6548,X]
[25,F,0.518727,00001100,51.8727,X]
[26,F,0.549977,00001100,54.9977,X]
[12,F,0.553658,00100000,55.3658,X]
[16,F,0.56147,00010000,56.147,X]
[27,F,0.576344,00001100,57.6344,X]
[40,F,0.599308,00000001,59.9308,X]
[41,F,0.615909,00000001,61.5909,X]
[6,F,0.657016,01000000,65.7016,X]
[35,F,0.660831,00000010,66.0831,X]
[36,F,0.678409,00000010,67.8409,X]
[13,F,0.680611,00100000,68.0611,X]
[42,F,0.683292,00000001,68.3292,X]
[17,F,0.690377,00010000,69.0377,X]
[2,F,0.707797,10000000,70.7797,X]
[3,F,0.759555,10000000,75.9555,X]
[18,F,0.761666,00010000,76.1666,X]
[4,F,0.793734,10000000,79.3734,X]
[43,F,0.809269,00000001,80.9269,X]
[44,F,0.818058,00000001,81.8058,X]
[37,F,0.826847,00000010,82.6847,X]
[19,F,0.830025,00010000,83.0025,X]
[14,F,0.831978,00100000,83.1978,X]
[28,F,0.8615,00001100,86.15,X]
[29,F,0.883961,00001100,88.3961,X]
[30,F,0.884937,00001100,88.4937,X]
[31,F,0.900562,00001100,90.0562,X]
[32,F,0.909352,00001100,90.9352,X]
[20,F,0.917916,00010000,91.7916,X]
[45,F,0.920597,00000001,92.0597,X]
[38,F,0.937198,00000010,93.7198,X]
[21,F,0.971627,00010000,97.1627,X]
[39,F,0.979191,00000010,97.9191,X]
[5,F,0.989047,10000000,98.9047,X]
[7,F,0.989047,01000000,98.9047,X]
[46,F,0.996769,00000001,99.6769,X]
GUIDE_TREE_PARTITION1=(((t1:44.65,t2:44.65):41.14,(t3:49.81,t4:49.81):35.98):14.21,((t5:3.65,t6:3.65):60.2,(t7:48.37,t8:48.37):15.48):36.15);
