Taxa bit representation:
t1 10000000
t2 01000000
t3 00100000
t4 00010000
t5 00001000
t6 00000100
t7 00000010
t8 00000001
Clade List (<taxon members> = <clade name>): 

>Dataset_0
[0,F,0.145508,11111110,14.5508,X]
[11,F,0.36722,00000100,36.722,X]
[19,F,0.418945,00000001,41.8945,X]
[14,F,0.419606,00000010,41.9606,X]
[20,F,0.429688,00000001,42.9688,X]
[15,F,0.44695,00000010,44.695,X]
[1,F,0.621206,11100000,62.1206,X]
[21,F,0.643555,00000001,64.3555,X]
[16,F,0.648122,00000010,64.8122,X]
[2,F,0.649527,11100000,64.9527,X]
[17,F,0.695973,00000010,69.5973,X]
[12,F,0.717806,00000100,71.7806,X]
[18,F,0.718434,00000010,71.8434,X]
[8,F,0.73937,00010000,73.937,X]
[3,F,0.750147,11000000,75.0147,X]
[9,F,0.766714,00010000,76.6714,X]
[10,F,0.791992,00001000,79.1992,X]
[5,F,0.807764,00100000,80.7764,X]
[22,F,0.848633,00000001,84.8633,X]
[23,F,0.866211,00000001,86.6211,X]
[4,F,0.887842,11000000,88.7842,X]
[13,F,0.916048,00000100,91.6048,X]
[6,F,0.926905,00100000,92.6905,X]
[7,F,0.932764,00100000,93.2764,X]
GUIDE_TREE_PARTITION1=(((((((t1:7.15,t2:7.15):23.89,t3:31.04):7.23,t4:38.27):5.48,t5:43.75):34.86,t6:78.61):4.82,t7:83.43):16.57,t8:100);
