Taxa bit representation:
t1 10000000
t2 01000000
t3 00100000
t4 00010000
t5 00001000
t6 00000100
t7 00000010
t8 00000001
Clade List (<taxon members> = <clade name>): 

>Dataset_0
[62,F,0.0224594,00001100,2.24594,X]
[0,F,0.0351547,11110000,3.51547,X]
[63,F,0.0654281,00001100,6.54281,X]
[105,F,0.0693359,00000011,6.93359,X]
[40,F,0.0709031,00010000,7.09031,X]
[106,F,0.0947266,00000011,9.47266,X]
[107,F,0.105469,00000011,10.5469,X]
[108,F,0.107422,00000011,10.7422,X]
[1,F,0.126658,11000000,12.6658,X]
[30,F,0.127634,00100000,12.7634,X]
[109,F,0.137695,00000011,13.7695,X]
[2,F,0.148142,11000000,14.8142,X]
[64,F,0.158202,00001100,15.8202,X]
[110,F,0.163086,00000011,16.3086,X]
[111,F,0.185547,00000011,18.5547,X]
[65,F,0.190428,00001100,19.0428,X]
[112,F,0.204102,00000011,20.4102,X]
[89,F,0.206253,00000100,20.6253,X]
[3,F,0.206736,11000000,20.6736,X]
[31,F,0.213572,00100000,21.3572,X]
[41,F,0.2252,00010000,22.52,X]
[4,F,0.235056,11000000,23.5056,X]
[42,F,0.235942,00010000,23.5942,X]
[5,F,0.241892,11000000,24.1892,X]
[43,F,0.249614,00010000,24.9614,X]
[66,F,0.267777,00001000,26.7777,X]
[67,F,0.26973,00001000,26.973,X]
[113,F,0.271484,00000011,27.1484,X]
[32,F,0.276072,00100000,27.6072,X]
[114,F,0.276367,00000011,27.6367,X]
[6,F,0.285837,11000000,28.5837,X]
[90,F,0.294144,00000100,29.4144,X]
[44,F,0.296489,00010000,29.6489,X]
[91,F,0.305863,00000100,30.5863,X]
[68,F,0.344925,00001000,34.4925,X]
[45,F,0.354106,00010000,35.4106,X]
[115,F,0.358398,00000011,35.8398,X]
[69,F,0.364456,00001000,36.4456,X]
[92,F,0.365433,00000100,36.5433,X]
[70,F,0.366409,00001000,36.6409,X]
[116,F,0.367188,00000011,36.7188,X]
[46,F,0.37852,00010000,37.852,X]
[71,F,0.381058,00001000,38.1058,X]
[117,F,0.383789,00000011,38.3789,X]
[118,F,0.389648,00000011,38.9648,X]
[72,F,0.3918,00001000,39.18,X]
[119,F,0.396484,00000011,39.6484,X]
[47,F,0.400005,00010000,40.0005,X]
[7,F,0.407908,11000000,40.7908,X]
[33,F,0.417673,00100000,41.7673,X]
[73,F,0.419144,00001000,41.9144,X]
[74,F,0.428909,00001000,42.8909,X]
[75,F,0.440628,00001000,44.0628,X]
[48,F,0.44688,00010000,44.688,X]
[49,F,0.456645,00010000,45.6645,X]
[34,F,0.460642,00100000,46.0642,X]
[8,F,0.461619,11000000,46.1619,X]
[76,F,0.463089,00001000,46.3089,X]
[120,F,0.481445,00000011,48.1445,X]
[93,F,0.48555,00000100,48.555,X]
[35,F,0.488962,00100000,48.8962,X]
[9,F,0.492869,11000000,49.2869,X]
[10,F,0.494822,11000000,49.4822,X]
[50,F,0.522075,00010000,52.2075,X]
[11,F,0.525095,11000000,52.5095,X]
[12,F,0.537791,11000000,53.7791,X]
[121,F,0.541016,00000011,54.1016,X]
[51,F,0.544536,00010000,54.4536,X]
[77,F,0.547073,00001000,54.7073,X]
[13,F,0.555369,11000000,55.5369,X]
[122,F,0.560547,00000011,56.0547,X]
[78,F,0.567581,00001000,56.7581,X]
[94,F,0.574417,00000100,57.4417,X]
[52,F,0.578716,00010000,57.8716,X]
[134,F,0.592795,00000001,59.2795,X]
[79,F,0.603714,00001000,60.3714,X]
[135,F,0.604514,00000001,60.4514,X]
[14,F,0.613962,11000000,61.3962,X]
[15,F,0.615916,11000000,61.5916,X]
[53,F,0.618755,00010000,61.8755,X]
[136,F,0.646506,00000001,64.6506,X]
[80,F,0.648636,00001000,64.8636,X]
[81,F,0.649613,00001000,64.9613,X]
[95,F,0.653519,00000100,65.3519,X]
[96,F,0.655472,00000100,65.5472,X]
[137,F,0.656272,00000001,65.6272,X]
[123,F,0.660178,00000010,66.0178,X]
[82,F,0.661331,00001000,66.1331,X]
[36,F,0.66865,00100000,66.865,X]
[54,F,0.676372,00010000,67.6372,X]
[83,F,0.680863,00001000,68.0863,X]
[16,F,0.684275,11000000,68.4275,X]
[55,F,0.691997,00010000,69.1997,X]
[84,F,0.700394,00001000,70.0394,X]
[56,F,0.702739,00010000,70.2739,X]
[97,F,0.7043,00000100,70.43,X]
[124,F,0.7051,00000010,70.51,X]
[17,F,0.705759,11000000,70.5759,X]
[138,F,0.711936,00000001,71.1936,X]
[57,F,0.712505,00010000,71.2505,X]
[125,F,0.719748,00000010,71.9748,X]
[139,F,0.722678,00000001,72.2678,X]
[24,F,0.727484,01000000,72.7484,X]
[85,F,0.728714,00001000,72.8714,X]
[58,F,0.739848,00010000,73.9848,X]
[86,F,0.746292,00001000,74.6292,X]
[126,F,0.747092,00000010,74.7092,X]
[98,F,0.755081,00000100,75.5081,X]
[99,F,0.757034,00000100,75.7034,X]
[59,F,0.775981,00010000,77.5981,X]
[25,F,0.789008,01000000,78.9008,X]
[100,F,0.792191,00000100,79.2191,X]
[101,F,0.794144,00000100,79.4144,X]
[140,F,0.79592,00000001,79.592,X]
[37,F,0.801462,00100000,80.1462,X]
[26,F,0.80268,01000000,80.268,X]
[18,F,0.811469,10000000,81.1469,X]
[27,F,0.823187,01000000,82.3187,X]
[127,F,0.839866,00000010,83.9866,X]
[128,F,0.852561,00000010,85.2561,X]
[19,F,0.855414,10000000,85.5414,X]
[141,F,0.85842,00000001,85.842,X]
[129,F,0.859397,00000010,85.9397,X]
[130,F,0.870139,00000010,87.0139,X]
[38,F,0.878611,00100000,87.8611,X]
[102,F,0.885941,00000100,88.5941,X]
[87,F,0.8918,00001000,89.18,X]
[142,F,0.909202,00000001,90.9202,X]
[60,F,0.90977,00010000,90.977,X]
[103,F,0.913284,00000100,91.3284,X]
[20,F,0.92475,10000000,92.475,X]
[131,F,0.924827,00000010,92.4827,X]
[21,F,0.928656,10000000,92.8656,X]
[28,F,0.952094,01000000,95.2094,X]
[61,F,0.965434,00010000,96.5434,X]
[29,F,0.970648,01000000,97.0648,X]
[132,F,0.973655,00000010,97.3655,X]
[133,F,0.980491,00000010,98.0491,X]
[104,F,0.989456,00000100,98.9456,X]
[22,F,0.99018,10000000,99.018,X]
[88,F,0.991409,00001000,99.1409,X]
[39,F,0.991892,00100000,99.1892,X]
[23,F,0.995062,10000000,99.5062,X]
GUIDE_TREE_PARTITION1=(((((t1:29.4,t2:29.4):63.11,t3:92.51):3.72,t4:96.23):2.11,(t5:79.57,t6:79.57):18.77):1.66,(t7:41.99,t8:41.99):58.01);
