Taxa bit representation:
t1 10000000
t2 01000000
t3 00100000
t4 00010000
t5 00001000
t6 00000100
t7 00000010
t8 00000001
Clade List (<taxon members> = <clade name>): 

>Dataset_0
[76,F,0.0126953,00000001,1.26953,X]
[0,F,0.0234375,11111110,2.34375,X]
[77,F,0.0351562,00000001,3.51562,X]
[1,F,0.0380859,11111110,3.80859,X]
[2,F,0.0839844,11111110,8.39844,X]
[3,F,0.0869141,11111110,8.69141,X]
[4,F,0.0898438,11111110,8.98438,X]
[5,F,0.0966797,11111110,9.66797,X]
[6,F,0.107422,11111110,10.7422,X]
[7,F,0.125977,11111110,12.5977,X]
[8,F,0.137695,11111110,13.7695,X]
[9,F,0.160156,11111110,16.0156,X]
[10,F,0.209961,11111110,20.9961,X]
[11,F,0.22168,11111110,22.168,X]
[78,F,0.228516,00000001,22.8516,X]
[12,F,0.273438,11111110,27.3438,X]
[13,F,0.279297,11111110,27.9297,X]
[14,F,0.323242,11111110,32.3242,X]
[79,F,0.390625,00000001,39.0625,X]
[80,F,0.415039,00000001,41.5039,X]
[50,F,0.432125,00000100,43.2125,X]
[15,F,0.438961,11111000,43.8961,X]
[16,F,0.446773,11111000,44.6773,X]
[81,F,0.450195,00000001,45.0195,X]
[51,F,0.45068,00000100,45.068,X]
[82,F,0.462891,00000001,46.2891,X]
[17,F,0.464352,11111000,46.4352,X]
[62,F,0.481683,00000010,48.1683,X]
[63,F,0.487542,00000010,48.7542,X]
[83,F,0.50293,00000001,50.293,X]
[52,F,0.516109,00000100,51.6109,X]
[53,F,0.522945,00000100,52.2945,X]
[84,F,0.523438,00000001,52.3438,X]
[85,F,0.541016,00000001,54.1016,X]
[18,F,0.567312,11110000,56.7313,X]
[64,F,0.578363,00000010,57.8362,X]
[37,F,0.59368,00001000,59.368,X]
[86,F,0.594727,00000001,59.4727,X]
[54,F,0.598141,00000100,59.8141,X]
[38,F,0.598562,00001000,59.8563,X]
[19,F,0.599539,11110000,59.9539,X]
[87,F,0.614258,00000001,61.4258,X]
[20,F,0.617117,11110000,61.7117,X]
[21,F,0.61907,11110000,61.907,X]
[65,F,0.620355,00000010,62.0355,X]
[22,F,0.622977,11110000,62.2977,X]
[88,F,0.625,00000001,62.5,X]
[89,F,0.62793,00000001,62.793,X]
[66,F,0.635003,00000010,63.5003,X]
[39,F,0.638602,00001000,63.8602,X]
[40,F,0.640555,00001000,64.0555,X]
[41,F,0.645437,00001000,64.5438,X]
[42,F,0.648367,00001000,64.8367,X]
[67,F,0.650628,00000010,65.0628,X]
[43,F,0.688406,00001000,68.8406,X]
[44,F,0.697195,00001000,69.7195,X]
[55,F,0.699703,00000100,69.9703,X]
[45,F,0.704031,00001000,70.4031,X]
[90,F,0.707031,00000001,70.7031,X]
[91,F,0.713867,00000001,71.3867,X]
[68,F,0.717034,00000010,71.7034,X]
[69,F,0.732659,00000010,73.2659,X]
[70,F,0.742425,00000010,74.2425,X]
[46,F,0.755789,00001000,75.5789,X]
[56,F,0.76025,00000100,76.025,X]
[47,F,0.760672,00001000,76.0672,X]
[57,F,0.775875,00000100,77.5875,X]
[23,F,0.779227,11110000,77.9227,X]
[24,F,0.780203,11110000,78.0203,X]
[92,F,0.825195,00000001,82.5195,X]
[93,F,0.831055,00000001,83.1055,X]
[71,F,0.838128,00000010,83.8128,X]
[25,F,0.845633,11110000,84.5633,X]
[58,F,0.858883,00000100,85.8883,X]
[72,F,0.866448,00000010,86.6448,X]
[48,F,0.86907,00001000,86.907,X]
[34,F,0.870602,00010000,87.0602,X]
[49,F,0.871023,00001000,87.1023,X]
[73,F,0.88305,00000010,88.305,X]
[59,F,0.884273,00000100,88.4273,X]
[60,F,0.894039,00000100,89.4039,X]
[26,F,0.905206,11000000,90.5206,X]
[61,F,0.937008,00000100,93.7008,X]
[29,F,0.940555,01000000,94.0555,X]
[74,F,0.940667,00000010,94.0667,X]
[35,F,0.946773,00010000,94.6773,X]
[32,F,0.949152,00100000,94.9152,X]
[94,F,0.958984,00000001,95.8984,X]
[30,F,0.959109,01000000,95.9109,X]
[33,F,0.962823,00100000,96.2823,X]
[27,F,0.974734,10000000,97.4734,X]
[75,F,0.975823,00000010,97.5823,X]
[36,F,0.986812,00010000,98.6812,X]
[31,F,0.98743,01000000,98.743,X]
[28,F,0.990359,10000000,99.0359,X]
GUIDE_TREE_PARTITION1=(((((((t1:7.8,t2:7.8):2.07,t3:9.87):4.73,t4:14.6):29.45,t5:44.05):14.3,t6:58.35):0.22,t7:58.57):41.43,t8:100);
