Taxa bit representation:
t1 10000000
t2 01000000
t3 00100000
t4 00010000
t5 00001000
t6 00000100
t7 00000010
t8 00000001
Clade List (<taxon members> = <clade name>): 

>Dataset_0
[0,F,0.177734,11110000,17.7734,X]
[1,F,0.408259,11000000,40.8259,X]
[10,F,0.419975,00000011,41.9975,X]
[2,F,0.433155,10000000,43.3155,X]
[15,F,0.489155,00000001,48.9155,X]
[11,F,0.510639,00000010,51.0639,X]
[3,F,0.579695,00010000,57.9695,X]
[5,F,0.622781,00001000,62.2781,X]
[16,F,0.714741,00000001,71.4741,X]
[12,F,0.799702,00000010,79.9702,X]
[6,F,0.822,00000100,82.2,X]
[7,F,0.85325,00000100,85.325,X]
[8,F,0.878641,00000100,87.8641,X]
[4,F,0.922469,00010000,92.2469,X]
[13,F,0.940327,00000010,94.0327,X]
[9,F,0.97532,00000100,97.532,X]
[14,F,0.994038,00000010,99.4038,X]
GUIDE_TREE_PARTITION1=(((t1:58.54,t2:58.54):1.22,(t3:43.3,t4:43.3):16.46):40.24,((t5:80.3,t6:80.3):1.14,(t7:52.94,t8:52.94):28.5):18.56);
