Taxa bit representation:
t1 10000000
t2 01000000
t3 00100000
t4 00010000
t5 00001000
t6 00000100
t7 00000010
t8 00000001
Clade List (<taxon members> = <clade name>): 

>Dataset_0
[0,F,0.170636,11000000,17.0636,X]
[3,F,0.296613,00110000,29.6612,X]
[7,F,0.485187,00001100,48.5187,X]
[1,F,0.502667,11000000,50.2667,X]
[12,F,0.525833,00000001,52.5833,X]
[10,F,0.623489,00000010,62.3489,X]
[2,F,0.724347,11000000,72.4347,X]
[8,F,0.741047,00001100,74.1047,X]
[6,F,0.834342,00010000,83.4342,X]
[4,F,0.840202,00100000,84.0202,X]
[5,F,0.845084,00100000,84.5084,X]
[11,F,0.89302,00000010,89.302,X]
[9,F,0.949831,00001000,94.9831,X]
GUIDE_TREE_PARTITION1=(((t1:4.29,t2:4.29):85.58,(t3:48.89,t4:48.89):40.98):10.13,((t5:19.47,t6:19.47):56.23,(t7:57.28,t8:57.28):18.42):24.3);
