Taxa bit representation:
t1 10000000
t2 01000000
t3 00100000
t4 00010000
t5 00001000
t6 00000100
t7 00000010
t8 00000001
Clade List (<taxon members> = <clade name>): 

>Dataset_0
[27,F,0.0185547,00000011,1.85547,X]
[0,F,0.0556641,11111100,5.56641,X]
[1,F,0.185361,11110000,18.5361,X]
[33,F,0.192528,00000001,19.2528,X]
[34,F,0.213036,00000001,21.3036,X]
[22,F,0.303525,00001100,30.3525,X]
[35,F,0.430809,00000001,43.0809,X]
[2,F,0.443161,11100000,44.3161,X]
[3,F,0.446091,11100000,44.6091,X]
[12,F,0.460695,00100000,46.0695,X]
[28,F,0.471825,00000010,47.1825,X]
[36,F,0.494286,00000001,49.4286,X]
[4,F,0.499758,11000000,49.9758,X]
[13,F,0.527102,00100000,52.7102,X]
[16,F,0.566208,00010000,56.6208,X]
[17,F,0.581833,00010000,58.1833,X]
[29,F,0.620262,00000010,62.0262,X]
[30,F,0.644677,00000010,64.4677,X]
[18,F,0.647262,00010000,64.7262,X]
[19,F,0.662887,00010000,66.2887,X]
[31,F,0.704247,00000010,70.4247,X]
[5,F,0.707117,10000000,70.7117,X]
[23,F,0.737119,00001100,73.7119,X]
[9,F,0.739344,01000000,73.9344,X]
[10,F,0.748133,01000000,74.8133,X]
[14,F,0.776125,00100000,77.6125,X]
[37,F,0.783348,00000001,78.3348,X]
[32,F,0.786278,00000010,78.6278,X]
[20,F,0.822067,00010000,82.2067,X]
[38,F,0.8312,00000001,83.12,X]
[24,F,0.852353,00001100,85.2353,X]
[21,F,0.89238,00010000,89.238,X]
[26,F,0.903497,00000100,90.3497,X]
[11,F,0.904383,01000000,90.4383,X]
[25,F,0.90838,00001000,90.838,X]
[6,F,0.911219,10000000,91.1219,X]
[39,F,0.926903,00000001,92.6903,X]
[7,F,0.936609,10000000,93.6609,X]
[40,F,0.979637,00000001,97.9637,X]
[15,F,0.984133,00100000,98.4133,X]
[8,F,0.99325,10000000,99.325,X]
GUIDE_TREE_PARTITION1=(((((t1:41.3,t2:41.3):13.9,t3:55.2):2.73,t4:57.93):32.03,(t5:12.58,t6:12.58):77.38):10.04,(t7:85.63,t8:85.63):14.37);
