Taxa bit representation:
t1 10000000
t2 01000000
t3 00100000
t4 00010000
t5 00001000
t6 00000100
t7 00000010
t8 00000001
Clade List (<taxon members> = <clade name>): 

>Dataset_0
[10,F,0.0191547,00000010,1.91547,X]
[15,F,0.078125,00000001,7.8125,X]
[0,F,0.106069,11111100,10.6069,X]
[1,F,0.108998,11111100,10.8998,X]
[16,F,0.126953,00000001,12.6953,X]
[11,F,0.145131,00000010,14.5131,X]
[2,F,0.169545,11111100,16.9545,X]
[6,F,0.284767,00000100,28.4767,X]
[7,F,0.326759,00000100,32.6759,X]
[12,F,0.340444,00000010,34.0444,X]
[17,F,0.448242,00000001,44.8242,X]
[8,F,0.460548,00000100,46.0548,X]
[5,F,0.704178,00001000,70.4178,X]
[3,F,0.806583,11000000,80.6583,X]
[13,F,0.820913,00000010,82.0913,X]
[9,F,0.879494,00000100,87.9494,X]
[14,F,0.894155,00000010,89.4155,X]
[18,F,0.939453,00000001,93.9453,X]
[4,F,0.974552,00100000,97.4552,X]
GUIDE_TREE_PARTITION1=(((((((t1:4.29,t2:4.29):28.04,t3:32.33):10.35,t4:42.68):26.16,t5:68.84):11.57,t6:80.41):19.53,t7:99.94):0.06,t8:100);
