Taxa bit representation:
t1 10000000
t2 01000000
t3 00100000
t4 00010000
t5 00001000
t6 00000100
t7 00000010
t8 00000001
Clade List (<taxon members> = <clade name>): 

>Dataset_0
[19,F,0.100586,00000001,10.0586,X]
[20,F,0.125,00000001,12.5,X]
[21,F,0.130859,00000001,13.0859,X]
[15,F,0.245714,00000010,24.5714,X]
[11,F,0.328737,00001000,32.8737,X]
[16,F,0.433214,00000010,43.3214,X]
[13,F,0.449039,00000100,44.9039,X]
[0,F,0.469362,11110000,46.9362,X]
[1,F,0.507448,11110000,50.7448,X]
[2,F,0.567019,11110000,56.7019,X]
[17,F,0.608019,00000010,60.8019,X]
[3,F,0.673062,11100000,67.3062,X]
[14,F,0.688297,00000100,68.8297,X]
[4,F,0.737516,11100000,73.7516,X]
[6,F,0.809127,00100000,80.9127,X]
[12,F,0.8678,00001000,86.78,X]
[18,F,0.876573,00000010,87.6573,X]
[7,F,0.90483,00100000,90.483,X]
[8,F,0.973189,00100000,97.3189,X]
[5,F,0.976727,01000000,97.6727,X]
[10,F,0.983609,00010000,98.3609,X]
[9,F,0.996627,00100000,99.6627,X]
GUIDE_TREE_PARTITION1=(((((((t1:11.8,t2:11.8):10.51,t3:22.31):14.29,t4:36.6):39.12,t5:75.72):2.13,t6:77.85):12.52,t7:90.37):9.63,t8:100);
