Taxa bit representation:
t1 10000000
t2 01000000
t3 00100000
t4 00010000
t5 00001000
t6 00000100
t7 00000010
t8 00000001
Clade List (<taxon members> = <clade name>): 

>Dataset_0
[76,F,0.000976562,00001111,0.0976562,X]
[0,F,0.0208594,11000000,2.08594,X]
[1,F,0.0247656,11000000,2.47656,X]
[77,F,0.0371094,00001111,3.71094,X]
[78,F,0.121094,00001111,12.1094,X]
[79,F,0.132812,00001111,13.2812,X]
[2,F,0.155625,11000000,15.5625,X]
[3,F,0.164414,11000000,16.4414,X]
[38,F,0.175814,00100000,17.5814,X]
[39,F,0.193392,00100000,19.3392,X]
[55,F,0.196322,00010000,19.6322,X]
[80,F,0.219727,00001111,21.9727,X]
[40,F,0.221712,00100000,22.1712,X]
[81,F,0.227539,00001111,22.7539,X]
[82,F,0.243164,00001111,24.3164,X]
[83,F,0.244141,00001111,24.4141,X]
[56,F,0.244173,00010000,24.4173,X]
[57,F,0.255892,00010000,25.5892,X]
[4,F,0.265,11000000,26.5,X]
[84,F,0.291016,00001111,29.1016,X]
[5,F,0.292344,11000000,29.2344,X]
[85,F,0.292969,00001111,29.2969,X]
[41,F,0.311556,00100000,31.1556,X]
[58,F,0.322298,00010000,32.2298,X]
[59,F,0.339877,00010000,33.9877,X]
[103,F,0.341244,00000011,34.1244,X]
[60,F,0.347689,00010000,34.7689,X]
[86,F,0.349056,00001100,34.9056,X]
[6,F,0.364442,10000000,36.4442,X]
[20,F,0.368348,01000000,36.8348,X]
[42,F,0.37308,00100000,37.308,X]
[87,F,0.395931,00001100,39.5931,X]
[61,F,0.4014,00010000,40.14,X]
[21,F,0.401552,01000000,40.1552,X]
[22,F,0.414247,01000000,41.4247,X]
[23,F,0.415223,01000000,41.5223,X]
[24,F,0.423036,01000000,42.3036,X]
[7,F,0.427919,10000000,42.7919,X]
[104,F,0.431088,00000011,43.1088,X]
[62,F,0.442416,00010000,44.2416,X]
[8,F,0.463075,10000000,46.3075,X]
[63,F,0.4639,00010000,46.39,X]
[64,F,0.472689,00010000,47.2689,X]
[25,F,0.477723,01000000,47.7723,X]
[65,F,0.478548,00010000,47.8548,X]
[105,F,0.479916,00000011,47.9916,X]
[88,F,0.491634,00001100,49.1634,X]
[43,F,0.49515,00100000,49.515,X]
[44,F,0.49808,00100000,49.808,X]
[89,F,0.517025,00001100,51.7025,X]
[9,F,0.526552,10000000,52.6552,X]
[45,F,0.537142,00100000,53.7142,X]
[10,F,0.547059,10000000,54.7059,X]
[106,F,0.567806,00000011,56.7806,X]
[90,F,0.571713,00001100,57.1713,X]
[66,F,0.575228,00010000,57.5228,X]
[26,F,0.578309,01000000,57.8309,X]
[67,F,0.580111,00010000,58.0111,X]
[91,F,0.583431,00001100,58.3431,X]
[46,F,0.584994,00100000,58.4994,X]
[27,F,0.591981,01000000,59.1981,X]
[68,F,0.610384,00010000,61.0384,X]
[69,F,0.613314,00010000,61.3314,X]
[70,F,0.616244,00010000,61.6244,X]
[28,F,0.618348,01000000,61.8348,X]
[11,F,0.621278,10000000,62.1278,X]
[12,F,0.622255,10000000,62.2255,X]
[71,F,0.630892,00010000,63.0892,X]
[29,F,0.633973,01000000,63.3973,X]
[13,F,0.63495,10000000,63.495,X]
[92,F,0.658627,00001100,65.8627,X]
[107,F,0.661556,00000011,66.1556,X]
[30,F,0.677919,01000000,67.7919,X]
[93,F,0.680111,00001100,68.0111,X]
[14,F,0.681825,10000000,68.1825,X]
[108,F,0.682064,00000011,68.2064,X]
[109,F,0.692806,00000011,69.2806,X]
[72,F,0.700228,00010000,70.0228,X]
[110,F,0.709408,00000011,70.9408,X]
[47,F,0.712923,00100000,71.2923,X]
[48,F,0.717806,00100000,71.7806,X]
[73,F,0.722689,00010000,72.2689,X]
[74,F,0.727572,00010000,72.7572,X]
[49,F,0.737337,00100000,73.7338,X]
[50,F,0.738314,00100000,73.8314,X]
[111,F,0.744564,00000011,74.4564,X]
[112,F,0.757259,00000011,75.7259,X]
[31,F,0.786317,01000000,78.6317,X]
[51,F,0.811556,00100000,81.1556,X]
[113,F,0.815853,00000011,81.5853,X]
[32,F,0.818544,01000000,81.8544,X]
[97,F,0.827109,00000100,82.7109,X]
[33,F,0.836122,01000000,83.6122,X]
[75,F,0.839877,00010000,83.9877,X]
[34,F,0.840028,01000000,84.0028,X]
[94,F,0.846641,00001000,84.6641,X]
[114,F,0.866706,00000010,86.6706,X]
[115,F,0.867683,00000010,86.7683,X]
[98,F,0.868125,00000100,86.8125,X]
[95,F,0.88375,00001000,88.375,X]
[15,F,0.888856,10000000,88.8856,X]
[16,F,0.893739,10000000,89.3739,X]
[96,F,0.894492,00001000,89.4492,X]
[116,F,0.897956,00000010,89.7956,X]
[119,F,0.903816,00000001,90.3816,X]
[99,F,0.908164,00000100,90.8164,X]
[117,F,0.914558,00000010,91.4558,X]
[35,F,0.9162,01000000,91.62,X]
[17,F,0.920106,10000000,92.0106,X]
[18,F,0.926942,10000000,92.6942,X]
[52,F,0.928744,00100000,92.8744,X]
[19,F,0.941591,10000000,94.1591,X]
[100,F,0.942344,00000100,94.2344,X]
[53,F,0.946322,00100000,94.6322,X]
[36,F,0.957216,01000000,95.7216,X]
[120,F,0.957527,00000001,95.7527,X]
[54,F,0.974642,00100000,97.4642,X]
[118,F,0.982917,00000010,98.2917,X]
[101,F,0.986289,00000100,98.6289,X]
[121,F,0.989753,00000001,98.9753,X]
[37,F,0.994325,01000000,99.4325,X]
[102,F,0.996055,00000100,99.6055,X]
GUIDE_TREE_PARTITION1=(((t1:64.63,t2:64.63):33.87,(t3:91.11,t4:91.11):7.39):1.5,((t5:21,t6:21):47.61,(t7:13.72,t8:13.72):54.89):31.39);
