Taxa bit representation:
t1 10000000
t2 01000000
t3 00100000
t4 00010000
t5 00001000
t6 00000100
t7 00000010
t8 00000001
Clade List (<taxon members> = <clade name>): 

>Dataset_0
[111,F,0.0185547,00000001,1.85547,X]
[0,F,0.0215484,11111100,2.15484,X]
[112,F,0.0380859,00000001,3.80859,X]
[113,F,0.0400391,00000001,4.00391,X]
[1,F,0.0459625,11111100,4.59625,X]
[114,F,0.0488281,00000001,4.88281,X]
[2,F,0.0713531,11111100,7.13531,X]
[3,F,0.104556,11111100,10.4556,X]
[94,F,0.106509,00000010,10.6509,X]
[4,F,0.124087,11111100,12.4087,X]
[95,F,0.130923,00000010,13.0923,X]
[115,F,0.140625,00000001,14.0625,X]
[116,F,0.149414,00000001,14.9414,X]
[5,F,0.152408,11111100,15.2408,X]
[117,F,0.180664,00000001,18.0664,X]
[96,F,0.183658,00000010,18.3658,X]
[118,F,0.18457,00000001,18.457,X]
[97,F,0.192447,00000010,19.2447,X]
[119,F,0.202148,00000001,20.2148,X]
[120,F,0.222656,00000001,22.2656,X]
[71,F,0.237159,00000100,23.7159,X]
[121,F,0.238281,00000001,23.8281,X]
[6,F,0.240089,11111000,24.0089,X]
[122,F,0.25,00000001,25,X]
[98,F,0.252994,00000010,25.2994,X]
[7,F,0.255714,11111000,25.5714,X]
[8,F,0.261573,11111000,26.1573,X]
[72,F,0.280128,00000100,28.0128,X]
[99,F,0.282291,00000010,28.2291,X]
[123,F,0.285156,00000001,28.5156,X]
[73,F,0.285987,00000100,28.5987,X]
[74,F,0.294777,00000100,29.4777,X]
[124,F,0.295898,00000001,29.5898,X]
[125,F,0.314453,00000001,31.4453,X]
[58,F,0.322406,00001000,32.2406,X]
[59,F,0.323383,00001000,32.3383,X]
[100,F,0.334048,00000010,33.4048,X]
[41,F,0.343731,00010000,34.3731,X]
[101,F,0.352603,00000010,35.2603,X]
[42,F,0.371075,00010000,37.1075,X]
[9,F,0.406231,11100000,40.6231,X]
[75,F,0.408058,00000100,40.8058,X]
[102,F,0.435611,00000010,43.5611,X]
[43,F,0.461895,00010000,46.1895,X]
[76,F,0.472511,00000100,47.2511,X]
[10,F,0.501934,11100000,50.1934,X]
[77,F,0.50962,00000100,50.962,X]
[103,F,0.514712,00000010,51.4712,X]
[126,F,0.516602,00000001,51.6602,X]
[60,F,0.516742,00001000,51.6742,X]
[78,F,0.542823,00000100,54.2823,X]
[104,F,0.550845,00000010,55.0845,X]
[11,F,0.554669,11100000,55.4669,X]
[127,F,0.555664,00000001,55.5664,X]
[128,F,0.560547,00000001,56.0547,X]
[129,F,0.572266,00000001,57.2266,X]
[12,F,0.575177,11100000,57.5177,X]
[44,F,0.581036,00010000,58.1036,X]
[79,F,0.581886,00000100,58.1886,X]
[105,F,0.583072,00000010,58.3072,X]
[106,F,0.586978,00000010,58.6978,X]
[130,F,0.592773,00000001,59.2773,X]
[61,F,0.592914,00001000,59.2914,X]
[13,F,0.595684,11100000,59.5684,X]
[80,F,0.597511,00000100,59.7511,X]
[62,F,0.600727,00001000,60.0727,X]
[45,F,0.60252,00010000,60.252,X]
[31,F,0.608906,00100000,60.8906,X]
[46,F,0.617169,00010000,61.7169,X]
[131,F,0.617187,00000001,61.7187,X]
[81,F,0.632667,00000100,63.2667,X]
[47,F,0.6367,00010000,63.67,X]
[63,F,0.641742,00001000,64.1742,X]
[32,F,0.643086,00100000,64.3086,X]
[82,F,0.657081,00000100,65.7081,X]
[19,F,0.664622,01000000,66.4622,X]
[132,F,0.666016,00000001,66.6016,X]
[33,F,0.669453,00100000,66.9453,X]
[34,F,0.672383,00100000,67.2383,X]
[133,F,0.679687,00000001,67.9687,X]
[83,F,0.684425,00000100,68.4425,X]
[20,F,0.695872,01000000,69.5872,X]
[64,F,0.705219,00001000,70.5219,X]
[84,F,0.709816,00000100,70.9816,X]
[65,F,0.714008,00001000,71.4008,X]
[35,F,0.714375,00100000,71.4375,X]
[85,F,0.715675,00000100,71.5675,X]
[66,F,0.718891,00001000,71.8891,X]
[36,F,0.726094,00100000,72.6094,X]
[48,F,0.72752,00010000,72.752,X]
[21,F,0.729075,01000000,72.9075,X]
[134,F,0.735352,00000001,73.5352,X]
[49,F,0.747052,00010000,74.7052,X]
[22,F,0.757395,01000000,75.7395,X]
[50,F,0.760723,00010000,76.0723,X]
[107,F,0.764712,00000010,76.4712,X]
[51,F,0.775372,00010000,77.5372,X]
[135,F,0.775391,00000001,77.5391,X]
[136,F,0.78125,00000001,78.125,X]
[86,F,0.797706,00000100,79.7706,X]
[67,F,0.805805,00001000,80.5805,X]
[137,F,0.807617,00000001,80.7617,X]
[23,F,0.809153,01000000,80.9153,X]
[138,F,0.810547,00000001,81.0547,X]
[52,F,0.816387,00010000,81.6387,X]
[24,F,0.816966,01000000,81.6966,X]
[53,F,0.819317,00010000,81.9317,X]
[87,F,0.823097,00000100,82.3097,X]
[139,F,0.823242,00000001,82.3242,X]
[37,F,0.832539,00100000,83.2539,X]
[14,F,0.832591,10000000,83.2591,X]
[54,F,0.835919,00010000,83.5919,X]
[88,F,0.842628,00000100,84.2628,X]
[25,F,0.846262,01000000,84.6262,X]
[15,F,0.848216,10000000,84.8216,X]
[108,F,0.849673,00000010,84.9673,X]
[140,F,0.856445,00000001,85.6445,X]
[16,F,0.863841,10000000,86.3841,X]
[38,F,0.869648,00100000,86.9648,X]
[26,F,0.8697,01000000,86.97,X]
[141,F,0.870117,00000001,87.0117,X]
[27,F,0.877512,01000000,87.7512,X]
[55,F,0.877911,00010000,87.7911,X]
[142,F,0.87793,00000001,87.793,X]
[89,F,0.89048,00000100,89.048,X]
[28,F,0.892161,01000000,89.2161,X]
[56,F,0.895489,00010000,89.5489,X]
[57,F,0.896466,00010000,89.6466,X]
[68,F,0.896625,00001000,89.6625,X]
[90,F,0.902198,00000100,90.2198,X]
[17,F,0.904856,10000000,90.4856,X]
[109,F,0.907291,00000010,90.7291,X]
[143,F,0.917969,00000001,91.7969,X]
[91,F,0.920753,00000100,92.0753,X]
[144,F,0.924805,00000001,92.4805,X]
[69,F,0.930805,00001000,93.0805,X]
[29,F,0.9322,01000000,93.22,X]
[92,F,0.936378,00000100,93.6378,X]
[39,F,0.938984,00100000,93.8984,X]
[145,F,0.943359,00000001,94.3359,X]
[40,F,0.961445,00100000,96.1445,X]
[93,F,0.971534,00000100,97.1534,X]
[18,F,0.972239,10000000,97.2239,X]
[30,F,0.979075,01000000,97.9075,X]
[146,F,0.983398,00000001,98.3398,X]
[70,F,0.995258,00001000,99.5258,X]
[110,F,0.996158,00000010,99.6158,X]
GUIDE_TREE_PARTITION1=(((((((t1:38.03,t2:38.03):1.47,t3:39.5):28.08,t4:67.58):0.57,t5:68.15):8.72,t6:76.87):22.44,t7:99.31):0.69,t8:100);
