Taxa bit representation:
t1 10000000
t2 01000000
t3 00100000
t4 00010000
t5 00001000
t6 00000100
t7 00000010
t8 00000001
Clade List (<taxon members> = <clade name>): 

>Dataset_0
[10,F,0.140625,00001111,14.0625,X]
[7,F,0.164452,00110000,16.4452,X]
[8,F,0.18203,00110000,18.203,X]
[11,F,0.206055,00001111,20.6055,X]
[3,F,0.207805,01000000,20.7805,X]
[0,F,0.309367,10000000,30.9367,X]
[4,F,0.56132,01000000,56.132,X]
[1,F,0.566203,10000000,56.6203,X]
[5,F,0.56718,01000000,56.718,X]
[9,F,0.714256,00110000,71.4256,X]
[16,F,0.774561,00000001,77.4561,X]
[17,F,0.788233,00000001,78.8233,X]
[15,F,0.824366,00000010,82.4366,X]
[6,F,0.901164,01000000,90.1164,X]
[13,F,0.916869,00000100,91.6869,X]
[14,F,0.958861,00000100,95.8861,X]
[2,F,0.990031,10000000,99.0031,X]
[12,F,0.996947,00001000,99.6947,X]
GUIDE_TREE_PARTITION1=(((t1:84.2,t2:84.2):4.14,(t3:2.11,t4:2.11):86.23):11.66,((t5:37.61,t6:37.61):4.97,(t7:37.29,t8:37.29):5.29):57.42);
