Taxa bit representation:
t1 10000000
t2 01000000
t3 00100000
t4 00010000
t5 00001000
t6 00000100
t7 00000010
t8 00000001
Clade List (<taxon members> = <clade name>): 

>Dataset_0
[0,F,0.00683594,11111110,0.683594,X]
[1,F,0.0166016,11111110,1.66016,X]
[2,F,0.0390625,11111110,3.90625,X]
[84,F,0.046875,00000001,4.6875,X]
[3,F,0.0771484,11111110,7.71484,X]
[4,F,0.0800781,11111110,8.00781,X]
[5,F,0.117188,11111110,11.7188,X]
[85,F,0.144531,00000001,14.4531,X]
[86,F,0.170898,00000001,17.0898,X]
[87,F,0.181641,00000001,18.1641,X]
[6,F,0.200742,11111000,20.0742,X]
[54,F,0.202695,00000100,20.2695,X]
[7,F,0.208555,11111000,20.8555,X]
[55,F,0.225156,00000100,22.5156,X]
[71,F,0.23045,00000010,23.045,X]
[8,F,0.259336,11111000,25.9336,X]
[9,F,0.271055,11111000,27.1055,X]
[72,F,0.299786,00000010,29.9786,X]
[88,F,0.321289,00000001,32.1289,X]
[56,F,0.322813,00000100,32.2812,X]
[57,F,0.334531,00000100,33.4531,X]
[73,F,0.356427,00000010,35.6427,X]
[58,F,0.356992,00000100,35.6992,X]
[10,F,0.356992,11111000,35.6992,X]
[11,F,0.363828,11111000,36.3828,X]
[89,F,0.391602,00000001,39.1602,X]
[74,F,0.399395,00000010,39.9395,X]
[90,F,0.405273,00000001,40.5273,X]
[59,F,0.40582,00000100,40.582,X]
[75,F,0.430645,00000010,43.0645,X]
[39,F,0.432077,00001000,43.2077,X]
[60,F,0.447813,00000100,44.7812,X]
[91,F,0.463867,00000001,46.3867,X]
[61,F,0.482969,00000100,48.2969,X]
[40,F,0.500436,00001000,50.0436,X]
[41,F,0.501413,00001000,50.1413,X]
[62,F,0.512266,00000100,51.2266,X]
[76,F,0.517559,00000010,51.7559,X]
[42,F,0.531686,00001000,53.1686,X]
[63,F,0.542539,00000100,54.2539,X]
[64,F,0.548398,00000100,54.8398,X]
[77,F,0.548809,00000010,54.8809,X]
[43,F,0.550241,00001000,55.0241,X]
[92,F,0.554688,00000001,55.4688,X]
[44,F,0.558053,00001000,55.8053,X]
[93,F,0.580078,00000001,58.0078,X]
[94,F,0.611328,00000001,61.1328,X]
[95,F,0.616211,00000001,61.6211,X]
[96,F,0.628906,00000001,62.8906,X]
[97,F,0.637695,00000001,63.7695,X]
[65,F,0.640195,00000100,64.0195,X]
[45,F,0.645944,00001000,64.5944,X]
[66,F,0.646055,00000100,64.6055,X]
[78,F,0.649395,00000010,64.9395,X]
[79,F,0.676739,00000010,67.6739,X]
[67,F,0.683164,00000100,68.3164,X]
[98,F,0.700195,00000001,70.0195,X]
[99,F,0.705078,00000001,70.5078,X]
[12,F,0.716256,11110000,71.6256,X]
[46,F,0.728952,00001000,72.8952,X]
[80,F,0.755841,00000010,75.5841,X]
[31,F,0.763922,00010000,76.3922,X]
[100,F,0.775391,00000001,77.5391,X]
[32,F,0.777594,00010000,77.7594,X]
[68,F,0.784727,00000100,78.4727,X]
[33,F,0.786383,00010000,78.6383,X]
[47,F,0.792428,00001000,79.2428,X]
[34,F,0.81275,00010000,81.275,X]
[13,F,0.816453,11000000,81.6453,X]
[81,F,0.832013,00000010,83.2013,X]
[14,F,0.837937,11000000,83.7937,X]
[82,F,0.839825,00000010,83.9825,X]
[25,F,0.840867,00100000,84.0867,X]
[48,F,0.841256,00001000,84.1256,X]
[101,F,0.845703,00000001,84.5703,X]
[102,F,0.847656,00000001,84.7656,X]
[26,F,0.84868,00100000,84.868,X]
[103,F,0.851562,00000001,85.1562,X]
[49,F,0.855905,00001000,85.5905,X]
[104,F,0.857422,00000001,85.7422,X]
[15,F,0.862142,10000000,86.2142,X]
[16,F,0.872884,10000000,87.2884,X]
[35,F,0.87818,00010000,87.818,X]
[36,F,0.883062,00010000,88.3062,X]
[50,F,0.890084,00001000,89.0084,X]
[20,F,0.899252,01000000,89.9252,X]
[17,F,0.905111,10000000,90.5111,X]
[83,F,0.914044,00000010,91.4044,X]
[37,F,0.916266,00010000,91.6266,X]
[21,F,0.91683,01000000,91.683,X]
[69,F,0.921445,00000100,92.1445,X]
[38,F,0.927984,00010000,92.7984,X]
[27,F,0.931687,00100000,93.1687,X]
[28,F,0.934617,00100000,93.4617,X]
[22,F,0.939291,01000000,93.9291,X]
[29,F,0.9395,00100000,93.95,X]
[51,F,0.940866,00001000,94.0866,X]
[18,F,0.955892,10000000,95.5892,X]
[30,F,0.957078,00100000,95.7078,X]
[105,F,0.959961,00000001,95.9961,X]
[23,F,0.962728,01000000,96.2728,X]
[70,F,0.967344,00000100,96.7344,X]
[19,F,0.972494,10000000,97.2494,X]
[52,F,0.982858,00001000,98.2858,X]
[24,F,0.988119,01000000,98.8119,X]
[53,F,0.99653,00001000,99.653,X]
GUIDE_TREE_PARTITION1=(((((((t1:14.86,t2:14.86):3.69,t3:18.55):9.55,t4:28.1):35.04,t5:63.14):17.86,t6:81):5.33,t7:86.33):13.67,t8:100);
