Taxa bit representation:
t1 10000000
t2 01000000
t3 00100000
t4 00010000
t5 00001000
t6 00000100
t7 00000010
t8 00000001
Clade List (<taxon members> = <clade name>): 

>Dataset_0
[0,F,0.0166016,11111110,1.66016,X]
[1,F,0.0224609,11111110,2.24609,X]
[2,F,0.11502,11111100,11.502,X]
[34,F,0.21463,00000010,21.463,X]
[25,F,0.3044,00000100,30.44,X]
[3,F,0.304994,11110000,30.4994,X]
[35,F,0.314239,00000010,31.4239,X]
[20,F,0.351869,00001000,35.1869,X]
[26,F,0.359088,00000100,35.9087,X]
[4,F,0.373353,11110000,37.3353,X]
[41,F,0.375,00000001,37.5,X]
[16,F,0.413789,00010000,41.3789,X]
[42,F,0.419922,00000001,41.9922,X]
[17,F,0.43332,00010000,43.332,X]
[18,F,0.468477,00010000,46.8477,X]
[27,F,0.537798,00000100,53.7798,X]
[28,F,0.547564,00000100,54.7564,X]
[19,F,0.562227,00010000,56.2227,X]
[5,F,0.592286,11000000,59.2286,X]
[29,F,0.598345,00000100,59.8345,X]
[43,F,0.609375,00000001,60.9375,X]
[6,F,0.625489,11000000,62.5489,X]
[30,F,0.637408,00000100,63.7408,X]
[36,F,0.661895,00000010,66.1895,X]
[7,F,0.667481,11000000,66.7481,X]
[8,F,0.688966,11000000,68.8966,X]
[44,F,0.698242,00000001,69.8242,X]
[31,F,0.717486,00000100,71.7486,X]
[37,F,0.718536,00000010,71.8536,X]
[11,F,0.722169,00100000,72.2169,X]
[12,F,0.751466,00100000,75.1466,X]
[13,F,0.766114,00100000,76.6114,X]
[9,F,0.768067,11000000,76.8067,X]
[38,F,0.791778,00000010,79.1778,X]
[21,F,0.797181,00001000,79.7181,X]
[22,F,0.826478,00001000,82.6478,X]
[23,F,0.84015,00001000,84.015,X]
[32,F,0.845416,00000100,84.5416,X]
[14,F,0.848145,00100000,84.8145,X]
[10,F,0.885255,11000000,88.5255,X]
[24,F,0.892884,00001000,89.2884,X]
[39,F,0.897247,00000010,89.7247,X]
[45,F,0.916992,00000001,91.6992,X]
[15,F,0.989747,00100000,98.9747,X]
[40,F,0.990997,00000010,99.0997,X]
[33,F,0.996783,00000100,99.6783,X]
GUIDE_TREE_PARTITION1=(((((((t1:3.41,t2:3.41):41.17,t3:44.58):14.92,t4:59.5):15.86,t5:75.36):6.7,t6:82.06):15.52,t7:97.58):2.42,t8:100);
