Taxa bit representation:
t1 10000000
t2 01000000
t3 00100000
t4 00010000
t5 00001000
t6 00000100
t7 00000010
t8 00000001
Clade List (<taxon members> = <clade name>): 

>Dataset_0
[20,F,0.00390625,00001111,0.390625,X]
[0,F,0.0078125,11110000,0.78125,X]
[33,F,0.0606719,00000011,6.06719,X]
[1,F,0.0888672,11110000,8.88672,X]
[34,F,0.118289,00000011,11.8289,X]
[2,F,0.212891,11110000,21.2891,X]
[35,F,0.219852,00000011,21.9852,X]
[3,F,0.269531,11110000,26.9531,X]
[36,F,0.269656,00000011,26.9656,X]
[21,F,0.277469,00001100,27.7469,X]
[37,F,0.303836,00000011,30.3836,X]
[38,F,0.35657,00000011,35.657,X]
[4,F,0.398438,11110000,39.8438,X]
[39,F,0.402469,00000011,40.2469,X]
[22,F,0.433719,00001100,43.3719,X]
[44,F,0.470877,00000001,47.0877,X]
[45,F,0.484548,00000001,48.4548,X]
[23,F,0.508914,00001100,50.8914,X]
[15,F,0.548227,00110000,54.8227,X]
[40,F,0.556814,00000010,55.6814,X]
[16,F,0.559945,00110000,55.9945,X]
[17,F,0.562875,00110000,56.2875,X]
[46,F,0.564627,00000001,56.4627,X]
[41,F,0.569509,00000010,56.9509,X]
[24,F,0.626866,00001000,62.6866,X]
[42,F,0.635916,00000010,63.5916,X]
[5,F,0.682992,11000000,68.2992,X]
[25,F,0.685459,00001000,68.5459,X]
[27,F,0.696202,00000100,69.6202,X]
[28,F,0.698155,00000100,69.8155,X]
[29,F,0.77042,00000100,77.042,X]
[10,F,0.822322,01000000,82.2322,X]
[6,F,0.831111,10000000,83.1111,X]
[43,F,0.834158,00000010,83.4158,X]
[11,F,0.851619,01000000,85.1619,X]
[18,F,0.864633,00110000,86.4633,X]
[47,F,0.865408,00000001,86.5408,X]
[26,F,0.869053,00001000,86.9053,X]
[12,F,0.90533,01000000,90.533,X]
[48,F,0.923025,00000001,92.3025,X]
[7,F,0.925838,10000000,92.5838,X]
[8,F,0.942439,10000000,94.2439,X]
[13,F,0.944392,01000000,94.4392,X]
[14,F,0.946345,01000000,94.6345,X]
[19,F,0.946664,00110000,94.6664,X]
[30,F,0.96085,00000100,96.085,X]
[9,F,0.963923,10000000,96.3923,X]
[31,F,0.975498,00000100,97.5498,X]
[32,F,0.998936,00000100,99.8936,X]
GUIDE_TREE_PARTITION1=(((t1:22.26,t2:22.26):32.39,(t3:0.74,t4:0.74):53.91):45.35,((t5:44.54,t6:44.54):50.76,(t7:59.26,t8:59.26):36.04):4.7);
