Taxa bit representation:
t1 10000000
t2 01000000
t3 00100000
t4 00010000
t5 00001000
t6 00000100
t7 00000010
t8 00000001
Clade List (<taxon members> = <clade name>): 

>Dataset_0
[0,F,0.0126953,11111110,1.26953,X]
[12,F,0.124663,00000010,12.4663,X]
[13,F,0.200834,00000010,20.0834,X]
[14,F,0.295561,00000010,29.5561,X]
[8,F,0.301053,00000100,30.1053,X]
[15,F,0.348295,00000010,34.8295,X]
[9,F,0.386991,00000100,38.6991,X]
[16,F,0.475248,00000010,47.5248,X]
[1,F,0.527783,11100000,52.7783,X]
[22,F,0.547852,00000001,54.7852,X]
[17,F,0.593413,00000010,59.3413,X]
[3,F,0.673291,00010000,67.3291,X]
[18,F,0.758452,00000010,75.8452,X]
[2,F,0.761697,10000000,76.1697,X]
[19,F,0.788725,00000010,78.8725,X]
[23,F,0.808594,00000001,80.8594,X]
[4,F,0.848095,00010000,84.8095,X]
[20,F,0.862944,00000010,86.2944,X]
[10,F,0.863553,00000100,86.3553,X]
[11,F,0.869412,00000100,86.9412,X]
[6,F,0.896262,00001000,89.6262,X]
[5,F,0.927197,00010000,92.7197,X]
[21,F,0.978178,00000010,97.8178,X]
[7,F,0.983177,00001000,98.3177,X]
GUIDE_TREE_PARTITION1=(((((((t1:26.76,t2:26.76):0.54,t3:27.3):26.66,t4:53.96):16.57,t5:70.53):12.06,t6:82.59):8.85,t7:91.44):8.56,t8:100);
