Taxa bit representation:
t1 10000000
t2 01000000
t3 00100000
t4 00010000
t5 00001000
t6 00000100
t7 00000010
t8 00000001
Clade List (<taxon members> = <clade name>): 

>Dataset_0
[0,F,0.0185547,11111110,1.85547,X]
[44,F,0.0205078,00000001,2.05078,X]
[1,F,0.143989,11111100,14.3989,X]
[2,F,0.186958,11111100,18.6958,X]
[45,F,0.195312,00000001,19.5312,X]
[3,F,0.223091,11111100,22.3091,X]
[46,F,0.229492,00000001,22.9492,X]
[4,F,0.315867,11111000,31.5867,X]
[5,F,0.316844,11111000,31.6844,X]
[31,F,0.344187,00000100,34.4187,X]
[6,F,0.360789,11111000,36.0789,X]
[32,F,0.398875,00000100,39.8875,X]
[7,F,0.399852,11111000,39.9852,X]
[33,F,0.403758,00000100,40.3758,X]
[8,F,0.405711,11111000,40.5711,X]
[34,F,0.408641,00000100,40.8641,X]
[9,F,0.435984,11111000,43.5984,X]
[29,F,0.478455,00001000,47.8455,X]
[22,F,0.498683,00010000,49.8683,X]
[23,F,0.505519,00010000,50.5519,X]
[10,F,0.510402,11100000,51.0402,X]
[35,F,0.541453,00000100,54.1453,X]
[11,F,0.545583,11000000,54.5583,X]
[40,F,0.563911,00000010,56.3911,X]
[19,F,0.602223,00100000,60.2223,X]
[47,F,0.604492,00000001,60.4492,X]
[24,F,0.606105,00010000,60.6105,X]
[20,F,0.611012,00100000,61.1012,X]
[48,F,0.618164,00000001,61.8164,X]
[30,F,0.629822,00001000,62.9822,X]
[25,F,0.668605,00010000,66.8605,X]
[26,F,0.68423,00010000,68.423,X]
[12,F,0.744508,10000000,74.4508,X]
[36,F,0.768992,00000100,76.8992,X]
[13,F,0.792359,10000000,79.2359,X]
[21,F,0.792653,00100000,79.2653,X]
[27,F,0.8063,00010000,80.63,X]
[17,F,0.831422,01000000,83.1422,X]
[41,F,0.838325,00000010,83.8325,X]
[42,F,0.845161,00000010,84.5161,X]
[37,F,0.847117,00000100,84.7117,X]
[38,F,0.850047,00000100,85.0047,X]
[28,F,0.86587,00010000,86.587,X]
[14,F,0.904664,10000000,90.4664,X]
[18,F,0.922242,01000000,92.2242,X]
[15,F,0.927125,10000000,92.7125,X]
[43,F,0.943794,00000010,94.3794,X]
[16,F,0.962281,10000000,96.2281,X]
[39,F,0.97407,00000100,97.407,X]
GUIDE_TREE_PARTITION1=(((((((t1:27.6,t2:27.6):18.33,t3:45.93):4.69,t4:50.62):3.39,t5:54.01):23.29,t6:77.3):9.18,t7:86.48):13.52,t8:100);
