Taxa bit representation:
t1 10000000
t2 01000000
t3 00100000
t4 00010000
t5 00001000
t6 00000100
t7 00000010
t8 00000001
Clade List (<taxon members> = <clade name>): 

>Dataset_0
[47,F,0.0283203,00000001,2.83203,X]
[48,F,0.0390625,00000001,3.90625,X]
[49,F,0.0576172,00000001,5.76172,X]
[0,F,0.0839844,11111110,8.39844,X]
[50,F,0.209961,00000001,20.9961,X]
[1,F,0.211503,11111100,21.1503,X]
[51,F,0.214844,00000001,21.4844,X]
[52,F,0.229492,00000001,22.9492,X]
[37,F,0.247636,00000010,24.7636,X]
[38,F,0.333573,00000010,33.3573,X]
[2,F,0.336503,11111100,33.6503,X]
[39,F,0.338456,00000010,33.8456,X]
[30,F,0.34193,00000100,34.193,X]
[40,F,0.361894,00000010,36.1894,X]
[14,F,0.368783,00010000,36.8783,X]
[15,F,0.376595,00010000,37.6595,X]
[16,F,0.391244,00010000,39.1244,X]
[17,F,0.432259,00010000,43.2259,X]
[20,F,0.433225,00001000,43.3225,X]
[41,F,0.436113,00000010,43.6112,X]
[7,F,0.452647,00100000,45.2647,X]
[3,F,0.458506,11000000,45.8506,X]
[8,F,0.465342,00100000,46.5342,X]
[18,F,0.475228,00010000,47.5228,X]
[21,F,0.485959,00001000,48.5959,X]
[42,F,0.498613,00000010,49.8612,X]
[43,F,0.501542,00000010,50.1542,X]
[22,F,0.506467,00001000,50.6467,X]
[9,F,0.512217,00100000,51.2217,X]
[4,F,0.523936,11000000,52.3936,X]
[10,F,0.524912,00100000,52.4912,X]
[31,F,0.5265,00000100,52.65,X]
[11,F,0.542491,00100000,54.2491,X]
[53,F,0.564453,00000001,56.4453,X]
[23,F,0.567991,00001000,56.7991,X]
[32,F,0.573375,00000100,57.3375,X]
[12,F,0.580577,00100000,58.0577,X]
[44,F,0.605058,00000010,60.5058,X]
[24,F,0.606077,00001000,60.6077,X]
[25,F,0.666623,00001000,66.6623,X]
[5,F,0.692881,11000000,69.2881,X]
[26,F,0.706662,00001000,70.6662,X]
[27,F,0.732053,00001000,73.2053,X]
[33,F,0.739391,00000100,73.9391,X]
[34,F,0.755992,00000100,75.5992,X]
[35,F,0.763805,00000100,76.3805,X]
[13,F,0.7671,00100000,76.71,X]
[28,F,0.777952,00001000,77.7952,X]
[54,F,0.820312,00000001,82.0312,X]
[19,F,0.842416,00010000,84.2416,X]
[45,F,0.850175,00000010,85.0175,X]
[55,F,0.900391,00000001,90.0391,X]
[36,F,0.900523,00000100,90.0523,X]
[29,F,0.906858,00001000,90.6858,X]
[56,F,0.921875,00000001,92.1875,X]
[46,F,0.980058,00000010,98.0058,X]
[6,F,0.986883,01000000,98.6883,X]
[57,F,0.998047,00000001,99.8047,X]
GUIDE_TREE_PARTITION1=(((((((t1:1.8,t2:1.8):58.99,t3:60.79):2.82,t4:63.61):0.88,t5:64.49):1.61,t6:66.1):16.07,t7:82.17):17.83,t8:100);
