Taxa bit representation:
t1 10000000
t2 01000000
t3 00100000
t4 00010000
t5 00001000
t6 00000100
t7 00000010
t8 00000001
Clade List (<taxon members> = <clade name>): 

>Dataset_0
[11,F,0.24707,00001111,24.707,X]
[12,F,0.319336,00001111,31.9336,X]
[0,F,0.383789,11110000,38.3789,X]
[1,F,0.388672,11110000,38.8672,X]
[2,F,0.421242,11000000,42.1242,X]
[9,F,0.496437,00110000,49.6437,X]
[4,F,0.618859,01000000,61.8859,X]
[13,F,0.643555,00001111,64.3555,X]
[5,F,0.699914,01000000,69.9914,X]
[6,F,0.704797,01000000,70.4797,X]
[14,F,0.742188,00001111,74.2188,X]
[3,F,0.751672,10000000,75.1672,X]
[15,F,0.761719,00001111,76.1719,X]
[7,F,0.775109,01000000,77.5109,X]
[16,F,0.838197,00001100,83.8197,X]
[8,F,0.873742,01000000,87.3742,X]
[10,F,0.87632,00110000,87.632,X]
[17,F,0.888978,00000011,88.8978,X]
[18,F,0.974902,00000010,97.4902,X]
GUIDE_TREE_PARTITION1=(((t1:51.2,t2:51.2):7.75,(t3:7.56,t4:7.56):51.39):41.05,((t5:2.74,t6:2.74):16.37,(t7:4.17,t8:4.17):14.94):80.89);
