Taxa bit representation:
t1 10000000
t2 01000000
t3 00100000
t4 00010000
t5 00001000
t6 00000100
t7 00000010
t8 00000001
Clade List (<taxon members> = <clade name>): 

>Dataset_0
[58,F,0.00683594,00000001,0.683594,X]
[0,F,0.00878906,11111110,0.878906,X]
[1,F,0.0498047,11111110,4.98047,X]
[59,F,0.0654297,00000001,6.54297,X]
[60,F,0.0761719,00000001,7.61719,X]
[2,F,0.0849609,11111110,8.49609,X]
[3,F,0.0869141,11111110,8.69141,X]
[4,F,0.09375,11111110,9.375,X]
[61,F,0.09375,00000001,9.375,X]
[62,F,0.114258,00000001,11.4258,X]
[63,F,0.125,00000001,12.5,X]
[5,F,0.138672,11111110,13.8672,X]
[6,F,0.148438,11111110,14.8438,X]
[64,F,0.173828,00000001,17.3828,X]
[7,F,0.19043,11111110,19.043,X]
[65,F,0.203125,00000001,20.3125,X]
[8,F,0.223633,11111110,22.3633,X]
[9,F,0.224609,11111110,22.4609,X]
[10,F,0.229492,11111110,22.9492,X]
[66,F,0.250977,00000001,25.0977,X]
[67,F,0.270508,00000001,27.0508,X]
[11,F,0.323242,11111110,32.3242,X]
[68,F,0.347656,00000001,34.7656,X]
[12,F,0.387695,11111110,38.7695,X]
[69,F,0.393555,00000001,39.3555,X]
[70,F,0.400391,00000001,40.0391,X]
[13,F,0.408203,11111110,40.8203,X]
[14,F,0.417969,11111110,41.7969,X]
[71,F,0.439453,00000001,43.9453,X]
[15,F,0.442383,11111110,44.2383,X]
[16,F,0.453125,11111110,45.3125,X]
[17,F,0.469727,11111110,46.9727,X]
[18,F,0.477539,11111110,47.7539,X]
[72,F,0.477539,00000001,47.7539,X]
[73,F,0.479492,00000001,47.9492,X]
[19,F,0.518555,11111110,51.8555,X]
[74,F,0.548828,00000001,54.8828,X]
[20,F,0.558594,11111110,55.8594,X]
[51,F,0.621916,00000010,62.1916,X]
[75,F,0.637695,00000001,63.7695,X]
[52,F,0.64633,00000010,64.633,X]
[53,F,0.647306,00000010,64.7306,X]
[21,F,0.651213,11111100,65.1213,X]
[76,F,0.654297,00000001,65.4297,X]
[54,F,0.657072,00000010,65.7072,X]
[55,F,0.660978,00000010,66.0978,X]
[77,F,0.667969,00000001,66.7969,X]
[22,F,0.721525,11111100,72.1525,X]
[78,F,0.753906,00000001,75.3906,X]
[23,F,0.773586,11111000,77.3586,X]
[44,F,0.774563,00000100,77.4563,X]
[79,F,0.794922,00000001,79.4922,X]
[80,F,0.799805,00000001,79.9805,X]
[45,F,0.801906,00000100,80.1906,X]
[81,F,0.803711,00000001,80.3711,X]
[82,F,0.819336,00000001,81.9336,X]
[46,F,0.83218,00000100,83.218,X]
[47,F,0.834133,00000100,83.4133,X]
[56,F,0.839689,00000010,83.9689,X]
[83,F,0.848633,00000001,84.8633,X]
[24,F,0.851083,11100000,85.1083,X]
[84,F,0.853516,00000001,85.3516,X]
[85,F,0.859375,00000001,85.9375,X]
[25,F,0.859872,11100000,85.9872,X]
[41,F,0.864411,00001000,86.4411,X]
[48,F,0.880031,00000100,88.0031,X]
[86,F,0.882812,00000001,88.2812,X]
[36,F,0.890145,00010000,89.0145,X]
[49,F,0.89468,00000100,89.468,X]
[26,F,0.905472,11000000,90.5472,X]
[50,F,0.916164,00000100,91.6164,X]
[37,F,0.917489,00010000,91.7489,X]
[33,F,0.92598,00100000,92.598,X]
[38,F,0.927255,00010000,92.7255,X]
[57,F,0.929533,00000010,92.9533,X]
[29,F,0.947491,01000000,94.7491,X]
[30,F,0.958233,01000000,95.8233,X]
[27,F,0.966045,10000000,96.6045,X]
[34,F,0.967972,00100000,96.7972,X]
[39,F,0.96827,00010000,96.827,X]
[35,F,0.971878,00100000,97.1878,X]
[42,F,0.980622,00001000,98.0622,X]
[28,F,0.980694,10000000,98.0694,X]
[31,F,0.991436,01000000,99.1436,X]
[40,F,0.992684,00010000,99.2684,X]
[32,F,0.998272,01000000,99.8272,X]
[43,F,0.999177,00001000,99.9177,X]
GUIDE_TREE_PARTITION1=(((((((t1:7.79,t2:7.79):3.03,t3:10.82):4.56,t4:15.38):3.55,t5:18.93):7.52,t6:26.45):15.46,t7:41.91):58.09,t8:100);
