Taxa bit representation:
t1 10000000
t2 01000000
t3 00100000
t4 00010000
t5 00001000
t6 00000100
t7 00000010
t8 00000001
Clade List (<taxon members> = <clade name>): 

>Dataset_0
[0,F,0.00585938,11111110,0.585938,X]
[96,F,0.0146484,00000001,1.46484,X]
[1,F,0.0478516,11111110,4.78516,X]
[97,F,0.0527344,00000001,5.27344,X]
[2,F,0.0830078,11111110,8.30078,X]
[98,F,0.0908203,00000001,9.08203,X]
[3,F,0.124023,11111110,12.4023,X]
[4,F,0.130859,11111110,13.0859,X]
[5,F,0.136483,11111100,13.6483,X]
[99,F,0.165039,00000001,16.5039,X]
[72,F,0.178475,00000010,17.8475,X]
[6,F,0.19117,11111100,19.117,X]
[100,F,0.194336,00000001,19.4336,X]
[101,F,0.201172,00000001,20.1172,X]
[102,F,0.204102,00000001,20.4102,X]
[7,F,0.204942,11111000,20.4942,X]
[103,F,0.21875,00000001,21.875,X]
[52,F,0.220567,00000100,22.0567,X]
[73,F,0.233162,00000010,23.3163,X]
[104,F,0.234375,00000001,23.4375,X]
[74,F,0.246834,00000010,24.6834,X]
[75,F,0.261483,00000010,26.1483,X]
[105,F,0.268555,00000001,26.8555,X]
[53,F,0.275255,00000100,27.5255,X]
[76,F,0.277108,00000010,27.7108,X]
[106,F,0.294922,00000001,29.4922,X]
[77,F,0.299569,00000010,29.9569,X]
[8,F,0.301622,11111000,30.1622,X]
[78,F,0.32203,00000010,32.203,X]
[107,F,0.327148,00000001,32.7148,X]
[54,F,0.333848,00000100,33.3848,X]
[55,F,0.339708,00000100,33.9708,X]
[9,F,0.344572,11110000,34.4572,X]
[39,F,0.354337,00001000,35.4337,X]
[79,F,0.361092,00000010,36.1092,X]
[40,F,0.368986,00001000,36.8986,X]
[80,F,0.376717,00000010,37.6717,X]
[81,F,0.383553,00000010,38.3553,X]
[82,F,0.388436,00000010,38.8436,X]
[83,F,0.393319,00000010,39.3319,X]
[56,F,0.395372,00000100,39.5372,X]
[108,F,0.402344,00000001,40.2344,X]
[57,F,0.404161,00000100,40.4161,X]
[58,F,0.405137,00000100,40.5138,X]
[84,F,0.408944,00000010,40.8944,X]
[85,F,0.420662,00000010,42.0662,X]
[59,F,0.421739,00000100,42.1739,X]
[10,F,0.444181,11110000,44.4181,X]
[109,F,0.462891,00000001,46.2891,X]
[110,F,0.464844,00000001,46.4844,X]
[41,F,0.482267,00001000,48.2267,X]
[86,F,0.485116,00000010,48.5116,X]
[87,F,0.488045,00000010,48.8045,X]
[60,F,0.489122,00000100,48.9122,X]
[11,F,0.500822,11110000,50.0822,X]
[61,F,0.502794,00000100,50.2794,X]
[62,F,0.518419,00000100,51.8419,X]
[111,F,0.540039,00000001,54.0039,X]
[42,F,0.540861,00001000,54.0861,X]
[12,F,0.544767,11110000,54.4767,X]
[13,F,0.54672,11110000,54.672,X]
[43,F,0.572111,00001000,57.2111,X]
[14,F,0.579923,11110000,57.9923,X]
[88,F,0.587655,00000010,58.7655,X]
[63,F,0.59752,00000100,59.752,X]
[44,F,0.61508,00001000,61.508,X]
[64,F,0.657091,00000100,65.7091,X]
[65,F,0.672716,00000100,67.2716,X]
[89,F,0.674569,00000010,67.4569,X]
[15,F,0.678556,11110000,67.8556,X]
[16,F,0.682462,11110000,68.2463,X]
[17,F,0.688322,11110000,68.8322,X]
[112,F,0.706055,00000001,70.6055,X]
[113,F,0.707031,00000001,70.7031,X]
[30,F,0.708919,00010000,70.8919,X]
[31,F,0.715755,00010000,71.5755,X]
[90,F,0.732186,00000010,73.2186,X]
[18,F,0.738216,11100000,73.8216,X]
[66,F,0.750841,00000100,75.0841,X]
[67,F,0.751817,00000100,75.1817,X]
[91,F,0.761483,00000010,76.1483,X]
[19,F,0.76263,11100000,76.263,X]
[68,F,0.763536,00000100,76.3536,X]
[32,F,0.775325,00010000,77.5325,X]
[33,F,0.776302,00010000,77.6302,X]
[34,F,0.784114,00010000,78.4114,X]
[45,F,0.789884,00001000,78.9884,X]
[114,F,0.797852,00000001,79.7852,X]
[92,F,0.799569,00000010,79.9569,X]
[69,F,0.811387,00000100,81.1387,X]
[70,F,0.813341,00000100,81.3341,X]
[46,F,0.814298,00001000,81.4298,X]
[35,F,0.816341,00010000,81.6341,X]
[20,F,0.832983,11000000,83.2983,X]
[36,F,0.837825,00010000,83.7825,X]
[115,F,0.841797,00000001,84.1797,X]
[21,F,0.843725,11000000,84.3725,X]
[22,F,0.845678,11000000,84.5678,X]
[37,F,0.851497,00010000,85.1497,X]
[23,F,0.851538,11000000,85.1538,X]
[24,F,0.869116,11000000,86.9116,X]
[25,F,0.870092,11000000,87.0092,X]
[47,F,0.870939,00001000,87.0939,X]
[116,F,0.891602,00000001,89.1602,X]
[93,F,0.906014,00000010,90.6014,X]
[117,F,0.930664,00000001,93.0664,X]
[28,F,0.931091,01000000,93.1091,X]
[48,F,0.948087,00001000,94.8088,X]
[49,F,0.95297,00001000,95.297,X]
[50,F,0.960783,00001000,96.0783,X]
[94,F,0.964608,00000010,96.4608,X]
[51,F,0.966642,00001000,96.6642,X]
[71,F,0.968614,00000100,96.8614,X]
[118,F,0.970703,00000001,97.0703,X]
[26,F,0.974059,10000000,97.4059,X]
[95,F,0.977303,00000010,97.7303,X]
[29,F,0.986755,01000000,98.6755,X]
[38,F,0.994075,00010000,99.4075,X]
[27,F,0.99652,10000000,99.652,X]
GUIDE_TREE_PARTITION1=(((((((t1:9.43,t2:9.43):7.76,t3:17.19):13.09,t4:30.28):36.63,t5:66.91):13.67,t6:80.58):6.26,t7:86.84):13.16,t8:100);
