Taxa bit representation:
t1 10000000
t2 01000000
t3 00100000
t4 00010000
t5 00001000
t6 00000100
t7 00000010
t8 00000001
Clade List (<taxon members> = <clade name>): 

>Dataset_0
[0,F,0.00390625,11111100,0.390625,X]
[90,F,0.0117188,00000011,1.17188,X]
[1,F,0.0400391,11111100,4.00391,X]
[2,F,0.0419922,11111100,4.19922,X]
[91,F,0.0673828,00000011,6.73828,X]
[3,F,0.0940828,11110000,9.40828,X]
[51,F,0.105802,00001100,10.5802,X]
[52,F,0.109708,00001100,10.9708,X]
[92,F,0.125,00000011,12.5,X]
[4,F,0.126309,11110000,12.6309,X]
[53,F,0.139005,00001100,13.9005,X]
[93,F,0.152344,00000011,15.2344,X]
[54,F,0.179044,00001100,17.9044,X]
[94,F,0.180519,00000010,18.0519,X]
[112,F,0.224464,00000001,22.4464,X]
[95,F,0.233253,00000010,23.3253,X]
[96,F,0.254738,00000010,25.4737,X]
[113,F,0.256691,00000001,25.6691,X]
[5,F,0.259122,11110000,25.9122,X]
[55,F,0.264981,00001100,26.4981,X]
[6,F,0.265958,11110000,26.5958,X]
[7,F,0.292325,11110000,29.2325,X]
[56,F,0.293066,00001000,29.3066,X]
[114,F,0.297706,00000001,29.7706,X]
[57,F,0.324316,00001000,32.4316,X]
[97,F,0.354347,00000010,35.4347,X]
[115,F,0.377784,00000001,37.7784,X]
[74,F,0.379003,00000100,37.9003,X]
[8,F,0.4017,11110000,40.17,X]
[9,F,0.412442,11110000,41.2442,X]
[116,F,0.416847,00000001,41.6847,X]
[58,F,0.421972,00001000,42.1972,X]
[98,F,0.428566,00000010,42.8566,X]
[59,F,0.455175,00001000,45.5175,X]
[117,F,0.474464,00000001,47.4464,X]
[75,F,0.474706,00000100,47.4706,X]
[60,F,0.479589,00001000,47.9589,X]
[10,F,0.49838,11110000,49.838,X]
[99,F,0.498878,00000010,49.8878,X]
[118,F,0.498878,00000001,49.8878,X]
[11,F,0.507169,11110000,50.7169,X]
[61,F,0.521581,00001000,52.1581,X]
[38,F,0.525748,00010000,52.5748,X]
[100,F,0.526222,00000010,52.6222,X]
[62,F,0.526464,00001000,52.6464,X]
[12,F,0.532584,11100000,53.2584,X]
[63,F,0.535253,00001000,53.5253,X]
[64,F,0.543066,00001000,54.3066,X]
[39,F,0.543327,00010000,54.3327,X]
[65,F,0.545995,00001000,54.5995,X]
[66,F,0.553808,00001000,55.3808,X]
[76,F,0.554784,00000100,55.4784,X]
[119,F,0.566261,00000001,56.6261,X]
[120,F,0.569191,00000001,56.9191,X]
[77,F,0.580175,00000100,58.0175,X]
[40,F,0.586295,00010000,58.6295,X]
[78,F,0.588964,00000100,58.8964,X]
[13,F,0.593131,11100000,59.3131,X]
[41,F,0.595084,00010000,59.5084,X]
[14,F,0.597037,11100000,59.7037,X]
[101,F,0.600441,00000010,60.0441,X]
[79,F,0.604589,00000100,60.4589,X]
[42,F,0.609733,00010000,60.9733,X]
[102,F,0.615089,00000010,61.5089,X]
[15,F,0.619498,11100000,61.9498,X]
[103,F,0.620948,00000010,62.0948,X]
[43,F,0.625358,00010000,62.5358,X]
[80,F,0.630956,00000100,63.0956,X]
[121,F,0.632667,00000001,63.2667,X]
[16,F,0.638053,11100000,63.8053,X]
[17,F,0.640006,11100000,64.0006,X]
[18,F,0.668327,11100000,66.8327,X]
[122,F,0.67173,00000001,67.173,X]
[104,F,0.691261,00000010,69.1261,X]
[44,F,0.693717,00010000,69.3717,X]
[81,F,0.695409,00000100,69.5409,X]
[67,F,0.700292,00001000,70.0292,X]
[31,F,0.700638,00100000,70.0637,X]
[68,F,0.701269,00001000,70.1269,X]
[45,F,0.709342,00010000,70.9342,X]
[23,F,0.722859,01000000,72.2859,X]
[19,F,0.727742,10000000,72.7742,X]
[32,F,0.734817,00100000,73.4817,X]
[123,F,0.738136,00000001,73.8136,X]
[82,F,0.746191,00000100,74.6191,X]
[83,F,0.747167,00000100,74.7167,X]
[69,F,0.763769,00001000,76.3769,X]
[46,F,0.765006,00010000,76.5006,X]
[70,F,0.773534,00001000,77.3534,X]
[105,F,0.776222,00000010,77.6222,X]
[106,F,0.777198,00000010,77.7198,X]
[20,F,0.788289,10000000,78.8289,X]
[84,F,0.794042,00000100,79.4042,X]
[33,F,0.796341,00100000,79.6341,X]
[71,F,0.798925,00001000,79.8925,X]
[24,F,0.799031,01000000,79.9031,X]
[85,F,0.806737,00000100,80.6737,X]
[21,F,0.812703,10000000,81.2703,X]
[25,F,0.827352,01000000,82.7352,X]
[124,F,0.82798,00000001,82.798,X]
[86,F,0.837987,00000100,83.7987,X]
[125,F,0.839698,00000001,83.9698,X]
[47,F,0.840202,00010000,84.0202,X]
[72,F,0.855566,00001000,85.5566,X]
[26,F,0.855672,01000000,85.5672,X]
[87,F,0.856542,00000100,85.6542,X]
[107,F,0.864113,00000010,86.4113,X]
[34,F,0.866653,00100000,86.6653,X]
[108,F,0.868995,00000010,86.8995,X]
[48,F,0.873405,00010000,87.3405,X]
[126,F,0.879738,00000001,87.9738,X]
[27,F,0.893758,01000000,89.3758,X]
[49,F,0.895866,00010000,89.5866,X]
[35,F,0.903763,00100000,90.3762,X]
[109,F,0.910988,00000010,91.0988,X]
[127,F,0.911964,00000001,91.1964,X]
[28,F,0.921102,01000000,92.1102,X]
[73,F,0.928808,00001000,92.8808,X]
[88,F,0.931737,00000100,93.1737,X]
[36,F,0.947708,00100000,94.7708,X]
[128,F,0.948097,00000001,94.8097,X]
[22,F,0.948445,10000000,94.8445,X]
[110,F,0.95005,00000010,95.005,X]
[129,F,0.95298,00000001,95.298,X]
[130,F,0.968605,00000001,96.8605,X]
[37,F,0.970169,00100000,97.0169,X]
[29,F,0.970906,01000000,97.0906,X]
[111,F,0.976417,00000010,97.6417,X]
[50,F,0.984733,00010000,98.4733,X]
[30,F,0.985555,01000000,98.5555,X]
[89,F,0.986425,00000100,98.6425,X]
GUIDE_TREE_PARTITION1=(((((t1:28.3,t2:28.3):3.98,t3:32.28):16.61,t4:48.89):42.19,(t5:71.67,t6:71.67):19.41):8.92,(t7:83.12,t8:83.12):16.88);
