Taxa bit representation:
t1 10000000
t2 01000000
t3 00100000
t4 00010000
t5 00001000
t6 00000100
t7 00000010
t8 00000001
Clade List (<taxon members> = <clade name>): 

>Dataset_0
[0,F,0.0205078,11111110,2.05078,X]
[6,F,0.616816,00000100,61.6816,X]
[2,F,0.697381,00010000,69.7381,X]
[7,F,0.753534,00000100,75.3534,X]
[8,F,0.773066,00000100,77.3066,X]
[9,F,0.821289,00000001,82.1289,X]
[3,F,0.9084,00001000,90.84,X]
[1,F,0.927489,11000000,92.7489,X]
[4,F,0.957228,00001000,95.7228,X]
[5,F,0.998244,00001000,99.8244,X]
GUIDE_TREE_PARTITION1=(((((((t1:5.56,t2:5.56):21.32,t3:26.88):8.46,t4:35.34):5.07,t5:40.41):20.76,t6:61.17):14.12,t7:75.29):24.71,t8:100);
