Taxa bit representation:
t1 10000000
t2 01000000
t3 00100000
t4 00010000
t5 00001000
t6 00000100
t7 00000010
t8 00000001
Clade List (<taxon members> = <clade name>): 

>Dataset_0
[31,F,0.125598,00000011,12.5598,X]
[0,F,0.158203,11110000,15.8203,X]
[1,F,0.195312,11110000,19.5312,X]
[18,F,0.20763,00001100,20.763,X]
[2,F,0.223633,11110000,22.3633,X]
[32,F,0.239856,00000011,23.9856,X]
[19,F,0.244739,00001100,24.4739,X]
[33,F,0.245716,00000011,24.5716,X]
[20,F,0.268177,00001100,26.8177,X]
[3,F,0.285156,11110000,28.5156,X]
[21,F,0.330677,00001100,33.0677,X]
[34,F,0.33263,00000011,33.263,X]
[35,F,0.401966,00000011,40.1966,X]
[4,F,0.416992,11110000,41.6992,X]
[36,F,0.459583,00000011,45.9583,X]
[5,F,0.496333,11000000,49.6333,X]
[12,F,0.504145,00110000,50.4145,X]
[26,F,0.563686,00000100,56.3686,X]
[37,F,0.566028,00000011,56.6028,X]
[27,F,0.59103,00000100,59.103,X]
[22,F,0.603725,00001000,60.3725,X]
[28,F,0.604702,00000100,60.4702,X]
[43,F,0.6366,00000001,63.66,X]
[23,F,0.688686,00001000,68.8686,X]
[38,F,0.739139,00000010,73.9139,X]
[44,F,0.744022,00000001,74.4022,X]
[6,F,0.74438,11000000,74.438,X]
[45,F,0.767459,00000001,76.7459,X]
[29,F,0.786342,00000100,78.6342,X]
[24,F,0.80978,00001000,80.978,X]
[30,F,0.821498,00000100,82.1498,X]
[8,F,0.824538,01000000,82.4538,X]
[25,F,0.827358,00001000,82.7358,X]
[13,F,0.837484,00100000,83.7484,X]
[7,F,0.838209,10000000,83.8209,X]
[46,F,0.845584,00000001,84.5584,X]
[14,F,0.868734,00100000,86.8734,X]
[9,F,0.879225,01000000,87.9225,X]
[39,F,0.903202,00000010,90.3202,X]
[15,F,0.908773,00100000,90.8773,X]
[16,F,0.918539,00010000,91.8539,X]
[40,F,0.933475,00000010,93.3475,X]
[47,F,0.934452,00000001,93.4452,X]
[17,F,0.936117,00010000,93.6117,X]
[10,F,0.948561,01000000,94.8561,X]
[41,F,0.959842,00000010,95.9842,X]
[48,F,0.964725,00000001,96.4725,X]
[42,F,0.984256,00000010,98.4256,X]
[11,F,0.995436,01000000,99.5436,X]
GUIDE_TREE_PARTITION1=(((t1:19.89,t2:19.89):34.09,(t3:24.65,t4:24.65):29.33):46.02,((t5:66.19,t6:66.19):32.09,(t7:42.59,t8:42.59):55.69):1.72);
