Taxa bit representation:
t1 10000000
t2 01000000
t3 00100000
t4 00010000
t5 00001000
t6 00000100
t7 00000010
t8 00000001
Clade List (<taxon members> = <clade name>): 

>Dataset_0
[0,F,0.0136719,11110000,1.36719,X]
[97,F,0.0171766,00000011,1.71766,X]
[61,F,0.0269422,00001100,2.69422,X]
[1,F,0.0273438,11110000,2.73438,X]
[62,F,0.0454969,00001100,4.54969,X]
[2,F,0.0634766,11110000,6.34766,X]
[63,F,0.0640516,00001100,6.40516,X]
[3,F,0.0644531,11110000,6.44531,X]
[98,F,0.0650281,00000011,6.50281,X]
[99,F,0.0796766,00000011,7.96766,X]
[64,F,0.0806531,00001100,8.06531,X]
[100,F,0.0806531,00000011,8.06531,X]
[101,F,0.101161,00000011,10.1161,X]
[4,F,0.108398,11110000,10.8398,X]
[5,F,0.109375,11110000,10.9375,X]
[117,F,0.123113,00000001,12.3113,X]
[118,F,0.140691,00000001,14.0691,X]
[65,F,0.143153,00001100,14.3153,X]
[6,F,0.161133,11110000,16.1133,X]
[66,F,0.17245,00001100,17.245,X]
[7,F,0.172852,11110000,17.2852,X]
[119,F,0.203191,00000001,20.3191,X]
[67,F,0.214442,00001100,21.4442,X]
[8,F,0.216797,11110000,21.6797,X]
[102,F,0.227605,00000010,22.7605,X]
[68,F,0.23202,00001100,23.202,X]
[120,F,0.244206,00000001,24.4206,X]
[103,F,0.247136,00000010,24.7136,X]
[9,F,0.261719,11110000,26.1719,X]
[10,F,0.268555,11110000,26.8555,X]
[11,F,0.289062,11110000,28.9062,X]
[12,F,0.294922,11110000,29.4922,X]
[104,F,0.298894,00000010,29.8894,X]
[121,F,0.301823,00000001,30.1823,X]
[69,F,0.311122,00001100,31.1122,X]
[122,F,0.320378,00000001,32.0378,X]
[105,F,0.321355,00000010,32.1355,X]
[13,F,0.322266,11110000,32.2266,X]
[70,F,0.333583,00001100,33.3583,X]
[123,F,0.33698,00000001,33.698,X]
[71,F,0.361903,00001100,36.1903,X]
[106,F,0.36237,00000010,36.237,X]
[72,F,0.376552,00001100,37.6552,X]
[14,F,0.415039,11110000,41.5039,X]
[124,F,0.425847,00000001,42.5847,X]
[107,F,0.43073,00000010,43.073,X]
[15,F,0.432617,11110000,43.2617,X]
[73,F,0.473231,00001100,47.3231,X]
[74,F,0.475184,00001100,47.5184,X]
[108,F,0.477605,00000010,47.7605,X]
[75,F,0.48202,00001100,48.202,X]
[16,F,0.489258,11110000,48.9258,X]
[76,F,0.496669,00001100,49.6669,X]
[125,F,0.498113,00000001,49.8113,X]
[77,F,0.498622,00001100,49.8622,X]
[39,F,0.510642,00110000,51.0642,X]
[78,F,0.517177,00001100,51.7177,X]
[40,F,0.518455,00110000,51.8455,X]
[126,F,0.51862,00000001,51.862,X]
[17,F,0.530173,11000000,53.0173,X]
[18,F,0.534506,10000000,53.4506,X]
[19,F,0.538412,10000000,53.8412,X]
[28,F,0.545248,01000000,54.5248,X]
[29,F,0.551108,01000000,55.1108,X]
[109,F,0.554753,00000010,55.4753,X]
[20,F,0.567709,10000000,56.7709,X]
[41,F,0.577048,00110000,57.7048,X]
[79,F,0.582606,00001100,58.2606,X]
[110,F,0.594792,00000010,59.4792,X]
[30,F,0.595053,01000000,59.5053,X]
[42,F,0.597556,00110000,59.7556,X]
[21,F,0.599936,10000000,59.9936,X]
[80,F,0.601161,00001100,60.1161,X]
[31,F,0.602866,01000000,60.2866,X]
[22,F,0.617514,10000000,61.7514,X]
[127,F,0.621159,00000001,62.1159,X]
[43,F,0.625877,00110000,62.5877,X]
[111,F,0.628972,00000010,62.8972,X]
[81,F,0.634364,00001100,63.4364,X]
[23,F,0.656577,10000000,65.6577,X]
[128,F,0.659245,00000001,65.9245,X]
[44,F,0.663963,00110000,66.3962,X]
[82,F,0.671473,00001100,67.1473,X]
[24,F,0.687827,10000000,68.7827,X]
[45,F,0.700095,00110000,70.0095,X]
[32,F,0.704428,01000000,70.4428,X]
[112,F,0.71198,00000010,71.198,X]
[25,F,0.713217,10000000,71.3217,X]
[113,F,0.716862,00000010,71.6863,X]
[46,F,0.727439,00110000,72.7439,X]
[83,F,0.729091,00001100,72.9091,X]
[26,F,0.731772,10000000,73.1772,X]
[84,F,0.73788,00001100,73.788,X]
[47,F,0.739158,00110000,73.9158,X]
[27,F,0.743491,10000000,74.3491,X]
[129,F,0.747136,00000001,74.7136,X]
[85,F,0.748622,00001100,74.8622,X]
[33,F,0.75228,01000000,75.228,X]
[114,F,0.754948,00000010,75.4948,X]
[48,F,0.763572,00110000,76.3572,X]
[130,F,0.779362,00000001,77.9363,X]
[115,F,0.788152,00000010,78.8152,X]
[54,F,0.792978,00010000,79.2978,X]
[131,F,0.801823,00000001,80.1823,X]
[55,F,0.80372,00010000,80.372,X]
[86,F,0.804286,00001100,80.4286,X]
[49,F,0.80665,00100000,80.665,X]
[50,F,0.814463,00100000,81.4463,X]
[56,F,0.820322,00010000,82.0322,X]
[132,F,0.825261,00000001,82.5261,X]
[92,F,0.851802,00000100,85.1802,X]
[34,F,0.860678,01000000,86.0678,X]
[51,F,0.870127,00100000,87.0127,X]
[133,F,0.878972,00000001,87.8972,X]
[35,F,0.880209,01000000,88.0209,X]
[93,F,0.887934,00000100,88.7934,X]
[94,F,0.891841,00000100,89.1841,X]
[87,F,0.892817,00001000,89.2817,X]
[134,F,0.89948,00000001,89.948,X]
[36,F,0.900717,01000000,90.0717,X]
[135,F,0.901433,00000001,90.1433,X]
[52,F,0.908213,00100000,90.8213,X]
[88,F,0.908442,00001000,90.8442,X]
[37,F,0.909506,01000000,90.9506,X]
[116,F,0.911198,00000010,91.1198,X]
[57,F,0.913095,00010000,91.3095,X]
[89,F,0.921138,00001000,92.1138,X]
[95,F,0.925044,00000100,92.5044,X]
[136,F,0.926823,00000001,92.6823,X]
[90,F,0.932856,00001000,93.2856,X]
[58,F,0.938486,00010000,93.8486,X]
[137,F,0.938542,00000001,93.8542,X]
[59,F,0.941416,00010000,94.1416,X]
[138,F,0.954167,00000001,95.4167,X]
[38,F,0.967123,01000000,96.7123,X]
[96,F,0.968013,00000100,96.8013,X]
[53,F,0.968759,00100000,96.8759,X]
[91,F,0.972895,00001000,97.2895,X]
[60,F,0.987314,00010000,98.7314,X]
[139,F,0.992253,00000001,99.2253,X]
GUIDE_TREE_PARTITION1=(((t1:46.94,t2:46.94):3.07,(t3:22.46,t4:22.46):27.55):49.99,((t5:16.48,t6:16.48):81.9,(t7:88.47,t8:88.47):9.91):1.62);
