Taxa bit representation:
t1 10000000
t2 01000000
t3 00100000
t4 00010000
t5 00001000
t6 00000100
t7 00000010
t8 00000001
Clade List (<taxon members> = <clade name>): 

>Dataset_0
[89,F,0.000976562,00000011,0.0976562,X]
[90,F,0.0146484,00000011,1.46484,X]
[91,F,0.0224609,00000011,2.24609,X]
[92,F,0.101562,00000011,10.1562,X]
[93,F,0.113281,00000011,11.3281,X]
[0,F,0.114258,11111100,11.4258,X]
[1,F,0.131836,11111100,13.1836,X]
[2,F,0.137695,11111100,13.7695,X]
[94,F,0.166016,00000011,16.6016,X]
[3,F,0.204102,11111100,20.4102,X]
[95,F,0.240234,00000011,24.0234,X]
[96,F,0.25,00000011,25,X]
[97,F,0.260742,00000011,26.0742,X]
[4,F,0.266602,11111100,26.6602,X]
[53,F,0.304314,00001100,30.4314,X]
[54,F,0.310173,00001100,31.0173,X]
[5,F,0.313103,11110000,31.3103,X]
[6,F,0.31408,11110000,31.408,X]
[98,F,0.314753,00000010,31.4753,X]
[7,F,0.320916,11110000,32.0916,X]
[55,F,0.34533,00001100,34.533,X]
[8,F,0.360955,11110000,36.0955,X]
[99,F,0.362605,00000010,36.2605,X]
[56,F,0.363884,00001100,36.3884,X]
[9,F,0.374627,11110000,37.4627,X]
[100,F,0.377253,00000010,37.7253,X]
[10,F,0.378533,11110000,37.8533,X]
[11,F,0.381462,11110000,38.1462,X]
[12,F,0.391228,11110000,39.1228,X]
[101,F,0.400691,00000010,40.0691,X]
[57,F,0.4049,00001100,40.49,X]
[58,F,0.408806,00001100,40.8806,X]
[13,F,0.420525,11110000,42.0525,X]
[39,F,0.472103,00010000,47.2103,X]
[14,F,0.474056,11100000,47.4056,X]
[119,F,0.476863,00000001,47.6863,X]
[40,F,0.481869,00010000,48.1869,X]
[120,F,0.494441,00000001,49.4441,X]
[121,F,0.49737,00000001,49.737,X]
[41,F,0.49847,00010000,49.847,X]
[72,F,0.522256,00000100,52.2256,X]
[59,F,0.527139,00001000,52.7139,X]
[73,F,0.54667,00000100,54.667,X]
[102,F,0.56573,00000010,56.573,X]
[15,F,0.571712,11100000,57.1712,X]
[103,F,0.573542,00000010,57.3542,X]
[104,F,0.579402,00000010,57.9402,X]
[105,F,0.583308,00000010,58.3308,X]
[74,F,0.588662,00000100,58.8663,X]
[16,F,0.593197,11100000,59.3197,X]
[75,F,0.597452,00000100,59.7452,X]
[106,F,0.598933,00000010,59.8933,X]
[60,F,0.604287,00001000,60.4288,X]
[76,F,0.610147,00000100,61.0147,X]
[61,F,0.613077,00001000,61.3077,X]
[107,F,0.613581,00000010,61.3581,X]
[122,F,0.614558,00000001,61.4558,X]
[17,F,0.621517,11100000,62.1517,X]
[77,F,0.623819,00000100,62.3819,X]
[62,F,0.630655,00001000,63.0655,X]
[63,F,0.633584,00001000,63.3584,X]
[42,F,0.637142,00010000,63.7142,X]
[108,F,0.637995,00000010,63.7995,X]
[43,F,0.639095,00010000,63.9095,X]
[44,F,0.647884,00010000,64.7884,X]
[78,F,0.659952,00000100,65.9952,X]
[45,F,0.664486,00010000,66.4486,X]
[64,F,0.667764,00001000,66.7764,X]
[46,F,0.672298,00010000,67.2298,X]
[65,F,0.673623,00001000,67.3623,X]
[18,F,0.687923,11100000,68.7923,X]
[123,F,0.688777,00000001,68.8777,X]
[109,F,0.699519,00000010,69.9519,X]
[110,F,0.700495,00000010,70.0495,X]
[19,F,0.706483,11000000,70.6483,X]
[79,F,0.70878,00000100,70.878,X]
[111,F,0.710261,00000010,71.0261,X]
[80,F,0.722452,00000100,72.2452,X]
[124,F,0.728816,00000001,72.8816,X]
[125,F,0.741511,00000001,74.1511,X]
[66,F,0.745889,00001000,74.5889,X]
[126,F,0.748347,00000001,74.8347,X]
[20,F,0.748475,11000000,74.8475,X]
[127,F,0.751277,00000001,75.1277,X]
[81,F,0.758584,00000100,75.8584,X]
[47,F,0.767025,00010000,76.7025,X]
[21,F,0.768983,11000000,76.8983,X]
[48,F,0.78265,00010000,78.265,X]
[67,F,0.788858,00001000,78.8858,X]
[22,F,0.794373,11000000,79.4373,X]
[112,F,0.796198,00000010,79.6198,X]
[35,F,0.814881,00100000,81.4881,X]
[23,F,0.818787,11000000,81.8787,X]
[113,F,0.820612,00000010,82.0613,X]
[114,F,0.822566,00000010,82.2566,X]
[128,F,0.825495,00000001,82.5495,X]
[68,F,0.826944,00001000,82.6944,X]
[82,F,0.828897,00000100,82.8897,X]
[129,F,0.830378,00000001,83.0378,X]
[24,F,0.832459,11000000,83.2459,X]
[36,F,0.839295,00100000,83.9295,X]
[25,F,0.842225,11000000,84.2225,X]
[130,F,0.84405,00000001,84.405,X]
[49,F,0.84515,00010000,84.515,X]
[26,F,0.847108,11000000,84.7108,X]
[37,F,0.851991,00100000,85.1991,X]
[50,F,0.857845,00010000,85.7845,X]
[83,F,0.858194,00000100,85.8194,X]
[27,F,0.858827,11000000,85.8827,X]
[69,F,0.861123,00001000,86.1123,X]
[51,F,0.865658,00010000,86.5658,X]
[131,F,0.869441,00000001,86.9441,X]
[115,F,0.879206,00000010,87.9206,X]
[28,F,0.879334,11000000,87.9334,X]
[29,F,0.888123,11000000,88.8123,X]
[116,F,0.895808,00000010,89.5808,X]
[117,F,0.90362,00000010,90.362,X]
[52,F,0.903744,00010000,90.3744,X]
[84,F,0.908975,00000100,90.8975,X]
[85,F,0.910928,00000100,91.0928,X]
[132,F,0.917292,00000001,91.7292,X]
[30,F,0.918755,10000000,91.8755,X]
[118,F,0.923152,00000010,92.3152,X]
[33,F,0.935356,01000000,93.5356,X]
[70,F,0.938272,00001000,93.8272,X]
[38,F,0.952577,00100000,95.2577,X]
[71,F,0.953897,00001000,95.3897,X]
[31,F,0.955864,10000000,95.5864,X]
[86,F,0.968545,00000100,96.8545,X]
[32,F,0.968559,10000000,96.8559,X]
[87,F,0.978311,00000100,97.8311,X]
[34,F,0.978325,01000000,97.8325,X]
[88,F,0.985147,00000100,98.5147,X]
[133,F,0.990534,00000001,99.0534,X]
GUIDE_TREE_PARTITION1=(((((t1:9.98,t2:9.98):19.86,t3:29.84):26.27,t4:56.11):15.9,(t5:51.29,t6:51.29):20.72):27.99,(t7:68.72,t8:68.72):31.28);
