Taxa bit representation:
t1 10000000
t2 01000000
t3 00100000
t4 00010000
t5 00001000
t6 00000100
t7 00000010
t8 00000001
Clade List (<taxon members> = <clade name>): 

>Dataset_0
[31,F,0.00292969,00001111,0.292969,X]
[32,F,0.0810547,00001111,8.10547,X]
[0,F,0.100928,11000000,10.0928,X]
[15,F,0.164405,00110000,16.4405,X]
[33,F,0.179688,00001111,17.9688,X]
[16,F,0.224952,00110000,22.4952,X]
[17,F,0.232764,00110000,23.2764,X]
[1,F,0.2396,11000000,23.96,X]
[34,F,0.241211,00001111,24.1211,X]
[18,F,0.311866,00110000,31.1866,X]
[19,F,0.334327,00110000,33.4327,X]
[2,F,0.342139,11000000,34.2139,X]
[20,F,0.372412,00110000,37.2413,X]
[21,F,0.405616,00110000,40.5616,X]
[41,F,0.480361,00000011,48.0361,X]
[42,F,0.482314,00000011,48.2314,X]
[3,F,0.49253,11000000,49.253,X]
[43,F,0.508681,00000011,50.8681,X]
[22,F,0.544288,00110000,54.4288,X]
[23,F,0.558936,00110000,55.8936,X]
[44,F,0.594619,00000011,59.4619,X]
[35,F,0.599242,00001000,59.9242,X]
[24,F,0.615577,00110000,61.5577,X]
[25,F,0.629495,00010000,62.9495,X]
[4,F,0.638653,10000000,63.8653,X]
[45,F,0.663955,00000011,66.3955,X]
[10,F,0.671856,01000000,67.1856,X]
[26,F,0.699808,00010000,69.9808,X]
[39,F,0.707641,00000100,70.7641,X]
[46,F,0.731337,00000011,73.1337,X]
[40,F,0.74768,00000100,74.768,X]
[47,F,0.752822,00000011,75.2822,X]
[36,F,0.758422,00001000,75.8422,X]
[11,F,0.770489,01000000,77.0489,X]
[12,F,0.818341,01000000,81.8341,X]
[5,F,0.834942,10000000,83.4942,X]
[6,F,0.847638,10000000,84.7638,X]
[37,F,0.859984,00001000,85.9984,X]
[27,F,0.864847,00010000,86.4847,X]
[7,F,0.882794,10000000,88.2794,X]
[13,F,0.913067,01000000,91.3067,X]
[8,F,0.914044,10000000,91.4044,X]
[28,F,0.930277,00010000,93.0277,X]
[29,F,0.947855,00010000,94.7855,X]
[48,F,0.948958,00000010,94.8958,X]
[9,F,0.957989,10000000,95.7989,X]
[38,F,0.958617,00001000,95.8617,X]
[30,F,0.966409,00010000,96.6409,X]
[49,F,0.978255,00000010,97.8255,X]
[50,F,0.979231,00000001,97.9231,X]
[14,F,0.994122,01000000,99.4122,X]
GUIDE_TREE_PARTITION1=(((t1:36.33,t2:36.33):58.46,(t3:38.32,t4:38.32):56.47):5.21,((t5:47.4,t6:47.4):13.06,(t7:16.53,t8:16.53):43.93):39.54);
