Taxa bit representation:
t1 10000000
t2 01000000
t3 00100000
t4 00010000
t5 00001000
t6 00000100
t7 00000010
t8 00000001
Clade List (<taxon members> = <clade name>): 

>Dataset_0
[42,F,0.0107422,00001111,1.07422,X]
[43,F,0.0371094,00001111,3.71094,X]
[0,F,0.0585938,11110000,5.85938,X]
[1,F,0.0664062,11110000,6.64062,X]
[2,F,0.0732422,11110000,7.32422,X]
[3,F,0.0839844,11110000,8.39844,X]
[44,F,0.0888672,00001111,8.88672,X]
[45,F,0.111328,00001111,11.1328,X]
[4,F,0.120117,11110000,12.0117,X]
[5,F,0.138672,11110000,13.8672,X]
[46,F,0.142578,00001111,14.2578,X]
[47,F,0.163086,00001111,16.3086,X]
[48,F,0.172852,00001111,17.2852,X]
[6,F,0.273438,11110000,27.3438,X]
[49,F,0.273438,00001111,27.3438,X]
[50,F,0.294922,00001111,29.4922,X]
[7,F,0.296875,11110000,29.6875,X]
[51,F,0.300781,00001111,30.0781,X]
[52,F,0.308594,00001111,30.8594,X]
[53,F,0.334961,00001111,33.4961,X]
[54,F,0.356445,00001111,35.6445,X]
[55,F,0.370117,00001111,37.0117,X]
[8,F,0.390625,11110000,39.0625,X]
[56,F,0.397461,00001111,39.7461,X]
[9,F,0.400391,11110000,40.0391,X]
[57,F,0.420898,00001111,42.0898,X]
[10,F,0.446289,11110000,44.6289,X]
[11,F,0.447266,11110000,44.7266,X]
[58,F,0.455078,00001111,45.5078,X]
[12,F,0.476562,11110000,47.6562,X]
[59,F,0.485352,00001111,48.5352,X]
[60,F,0.502495,00001100,50.2495,X]
[13,F,0.508295,11000000,50.8295,X]
[73,F,0.508355,00000011,50.8355,X]
[74,F,0.530816,00000011,53.0816,X]
[75,F,0.533745,00000011,53.3745,X]
[33,F,0.560053,00110000,56.0053,X]
[76,F,0.589409,00000011,58.9409,X]
[14,F,0.593256,11000000,59.3256,X]
[61,F,0.600152,00001100,60.0152,X]
[77,F,0.629448,00000011,62.9448,X]
[34,F,0.634272,00110000,63.4272,X]
[62,F,0.648003,00001100,64.8003,X]
[78,F,0.653863,00000011,65.3863,X]
[35,F,0.661616,00110000,66.1616,X]
[63,F,0.664605,00001100,66.4605,X]
[15,F,0.684077,11000000,68.4077,X]
[16,F,0.692866,11000000,69.2866,X]
[64,F,0.695855,00001100,69.5855,X]
[84,F,0.698269,00000001,69.8269,X]
[85,F,0.703152,00000001,70.3152,X]
[17,F,0.721186,11000000,72.1186,X]
[65,F,0.73687,00001100,73.687,X]
[86,F,0.739284,00000001,73.9284,X]
[66,F,0.744683,00001100,74.4683,X]
[26,F,0.751437,01000000,75.1437,X]
[18,F,0.769016,10000000,76.9016,X]
[79,F,0.773464,00000010,77.3464,X]
[36,F,0.780756,00110000,78.0756,X]
[67,F,0.783806,00001000,78.3806,X]
[68,F,0.785759,00001000,78.5759,X]
[37,F,0.788569,00110000,78.8569,X]
[87,F,0.789089,00000001,78.9089,X]
[38,F,0.800288,00110000,80.0288,X]
[39,F,0.809077,00110000,80.9077,X]
[27,F,0.819797,01000000,81.9797,X]
[80,F,0.822292,00000010,82.2292,X]
[40,F,0.840327,00110000,84.0327,X]
[28,F,0.848117,01000000,84.8117,X]
[29,F,0.849094,01000000,84.9094,X]
[70,F,0.855095,00000100,85.5095,X]
[19,F,0.858859,10000000,85.8859,X]
[30,F,0.864719,01000000,86.4719,X]
[20,F,0.868625,10000000,86.8625,X]
[71,F,0.872673,00000100,87.2673,X]
[21,F,0.873508,10000000,87.3508,X]
[31,F,0.878391,01000000,87.8391,X]
[88,F,0.878933,00000001,87.8933,X]
[22,F,0.885227,10000000,88.5227,X]
[23,F,0.889133,10000000,88.9133,X]
[69,F,0.90197,00001000,90.197,X]
[81,F,0.915066,00000010,91.5066,X]
[72,F,0.941033,00000100,94.1033,X]
[89,F,0.949245,00000001,94.9245,X]
[82,F,0.954128,00000010,95.4128,X]
[41,F,0.967898,00010000,96.7898,X]
[24,F,0.97507,10000000,97.507,X]
[32,F,0.995578,01000000,99.5578,X]
[83,F,0.997097,00000010,99.7097,X]
[25,F,0.999484,10000000,99.9484,X]
GUIDE_TREE_PARTITION1=(((t1:27.2,t2:27.2):23.24,(t3:7.8,t4:7.8):42.64):49.56,((t5:22.01,t6:22.01):29.01,(t7:34.47,t8:34.47):16.55):48.98);
