Taxa bit representation:
t1 10000000
t2 01000000
t3 00100000
t4 00010000
t5 00001000
t6 00000100
t7 00000010
t8 00000001
Clade List (<taxon members> = <clade name>): 

>Dataset_0
[0,F,0.00878906,11111110,0.878906,X]
[1,F,0.0185547,11111110,1.85547,X]
[141,F,0.0195312,00000001,1.95312,X]
[2,F,0.0361328,11111110,3.61328,X]
[142,F,0.0556641,00000001,5.56641,X]
[143,F,0.0761719,00000001,7.61719,X]
[3,F,0.078125,11111110,7.8125,X]
[4,F,0.0791016,11111110,7.91016,X]
[5,F,0.0882766,11111100,8.82766,X]
[6,F,0.0931594,11111100,9.31594,X]
[7,F,0.0960891,11111100,9.60891,X]
[8,F,0.102925,11111100,10.2925,X]
[117,F,0.108784,00000010,10.8784,X]
[9,F,0.12148,11111100,12.148,X]
[144,F,0.15625,00000001,15.625,X]
[118,F,0.164448,00000010,16.4448,X]
[145,F,0.183594,00000001,18.3594,X]
[10,F,0.197652,11111100,19.7652,X]
[11,F,0.2123,11111100,21.23,X]
[119,F,0.220112,00000010,22.0113,X]
[120,F,0.225972,00000010,22.5972,X]
[121,F,0.228902,00000010,22.8902,X]
[146,F,0.253906,00000001,25.3906,X]
[122,F,0.257222,00000010,25.7222,X]
[147,F,0.270508,00000001,27.0508,X]
[123,F,0.286519,00000010,28.6519,X]
[124,F,0.292378,00000010,29.2378,X]
[148,F,0.293945,00000001,29.3945,X]
[149,F,0.298828,00000001,29.8828,X]
[12,F,0.308003,11111100,30.8003,X]
[13,F,0.30898,11111100,30.898,X]
[125,F,0.315816,00000010,31.5816,X]
[126,F,0.329487,00000010,32.9487,X]
[150,F,0.330078,00000001,33.0078,X]
[151,F,0.354492,00000001,35.4492,X]
[14,F,0.361714,11111100,36.1714,X]
[95,F,0.386236,00000100,38.6236,X]
[152,F,0.40918,00000001,40.918,X]
[81,F,0.425916,00001000,42.5916,X]
[127,F,0.43105,00000010,43.105,X]
[128,F,0.432027,00000010,43.2027,X]
[82,F,0.445447,00001000,44.5447,X]
[96,F,0.446783,00000100,44.6783,X]
[129,F,0.455464,00000010,45.5464,X]
[97,F,0.462408,00000100,46.2408,X]
[63,F,0.463044,00010000,46.3044,X]
[15,F,0.464337,11000000,46.4337,X]
[98,F,0.471197,00000100,47.1197,X]
[16,F,0.481916,11000000,48.1916,X]
[99,F,0.486822,00000100,48.6822,X]
[100,F,0.488775,00000100,48.8775,X]
[83,F,0.491345,00001000,49.1345,X]
[101,F,0.495611,00000100,49.5611,X]
[64,F,0.509919,00010000,50.9919,X]
[102,F,0.511236,00000100,51.1236,X]
[130,F,0.513081,00000010,51.3081,X]
[44,F,0.53172,00100000,53.172,X]
[45,F,0.53465,00100000,53.465,X]
[84,F,0.537244,00001000,53.7244,X]
[153,F,0.540039,00000001,54.0039,X]
[65,F,0.547028,00010000,54.7028,X]
[154,F,0.547852,00000001,54.7852,X]
[46,F,0.548322,00100000,54.8322,X]
[155,F,0.555664,00000001,55.5664,X]
[66,F,0.5607,00010000,56.07,X]
[85,F,0.561658,00001000,56.1658,X]
[67,F,0.575348,00010000,57.5348,X]
[68,F,0.576325,00010000,57.6325,X]
[131,F,0.586323,00000010,58.6323,X]
[17,F,0.592267,11000000,59.2267,X]
[18,F,0.593244,11000000,59.3244,X]
[19,F,0.59422,11000000,59.422,X]
[86,F,0.594861,00001000,59.4861,X]
[69,F,0.59488,00010000,59.488,X]
[132,F,0.600972,00000010,60.0972,X]
[103,F,0.602056,00000100,60.2056,X]
[156,F,0.602539,00000001,60.2539,X]
[104,F,0.605962,00000100,60.5962,X]
[157,F,0.609375,00000001,60.9375,X]
[70,F,0.615387,00010000,61.5388,X]
[71,F,0.618317,00010000,61.8317,X]
[47,F,0.618634,00100000,61.8634,X]
[105,F,0.619634,00000100,61.9634,X]
[106,F,0.621587,00000100,62.1587,X]
[133,F,0.622456,00000010,62.2456,X]
[107,F,0.634283,00000100,63.4283,X]
[158,F,0.639648,00000001,63.9648,X]
[134,F,0.640034,00000010,64.0034,X]
[48,F,0.641095,00100000,64.1095,X]
[20,F,0.641319,10000000,64.1319,X]
[29,F,0.643272,01000000,64.3272,X]
[30,F,0.650108,01000000,65.0108,X]
[31,F,0.651084,01000000,65.1084,X]
[49,F,0.653791,00100000,65.3791,X]
[32,F,0.659873,01000000,65.9873,X]
[50,F,0.670392,00100000,67.0392,X]
[33,F,0.671592,01000000,67.1592,X]
[51,F,0.679181,00100000,67.9181,X]
[34,F,0.682334,01000000,68.2334,X]
[35,F,0.687217,01000000,68.7217,X]
[52,F,0.691877,00100000,69.1877,X]
[135,F,0.693745,00000010,69.3745,X]
[21,F,0.69503,10000000,69.503,X]
[108,F,0.695806,00000100,69.5806,X]
[109,F,0.696783,00000100,69.6783,X]
[36,F,0.698936,01000000,69.8936,X]
[37,F,0.700889,01000000,70.0889,X]
[110,F,0.703619,00000100,70.3619,X]
[38,F,0.705772,01000000,70.5772,X]
[72,F,0.713044,00010000,71.3044,X]
[39,F,0.713584,01000000,71.3584,X]
[40,F,0.714561,01000000,71.4561,X]
[53,F,0.726056,00100000,72.6056,X]
[159,F,0.731445,00000001,73.1445,X]
[54,F,0.735822,00100000,73.5822,X]
[22,F,0.738975,10000000,73.8975,X]
[111,F,0.748541,00000100,74.8541,X]
[55,F,0.762189,00100000,76.2189,X]
[136,F,0.766011,00000010,76.6011,X]
[87,F,0.774548,00001000,77.4548,X]
[160,F,0.787109,00000001,78.7109,X]
[88,F,0.789197,00001000,78.9197,X]
[41,F,0.792686,01000000,79.2686,X]
[23,F,0.795616,10000000,79.5616,X]
[112,F,0.805181,00000100,80.5181,X]
[161,F,0.8125,00000001,81.25,X]
[89,F,0.812634,00001000,81.2634,X]
[24,F,0.81417,10000000,81.417,X]
[162,F,0.822266,00000001,82.2266,X]
[73,F,0.831208,00010000,83.1208,X]
[90,F,0.837048,00001000,83.7048,X]
[113,F,0.837408,00000100,83.7408,X]
[137,F,0.849019,00000010,84.9019,X]
[114,F,0.850103,00000100,85.0103,X]
[25,F,0.852256,10000000,85.2256,X]
[56,F,0.853009,00100000,85.3009,X]
[115,F,0.854009,00000100,85.4009,X]
[26,F,0.860069,10000000,86.0069,X]
[57,F,0.867658,00100000,86.7658,X]
[116,F,0.871587,00000100,87.1587,X]
[74,F,0.881012,00010000,88.1012,X]
[58,F,0.887189,00100000,88.7189,X]
[138,F,0.894917,00000010,89.4917,X]
[163,F,0.898438,00000001,89.8438,X]
[164,F,0.899414,00000001,89.9414,X]
[165,F,0.900391,00000001,90.0391,X]
[75,F,0.905427,00010000,90.5427,X]
[76,F,0.910309,00010000,91.0309,X]
[77,F,0.913239,00010000,91.3239,X]
[139,F,0.913472,00000010,91.3472,X]
[91,F,0.925916,00001000,92.5916,X]
[42,F,0.933311,01000000,93.3311,X]
[59,F,0.935041,00100000,93.5041,X]
[27,F,0.940147,10000000,94.0147,X]
[78,F,0.943512,00010000,94.3512,X]
[79,F,0.949372,00010000,94.9372,X]
[80,F,0.954255,00010000,95.4255,X]
[92,F,0.958142,00001000,95.8142,X]
[93,F,0.960095,00001000,96.0095,X]
[60,F,0.966291,00100000,96.6291,X]
[43,F,0.967491,01000000,96.7491,X]
[166,F,0.975586,00000001,97.5586,X]
[167,F,0.984375,00000001,98.4375,X]
[61,F,0.985822,00100000,98.5822,X]
[140,F,0.988667,00000010,98.8667,X]
[94,F,0.997205,00001000,99.7205,X]
[62,F,0.998517,00100000,99.8517,X]
[28,F,0.999717,10000000,99.9717,X]
GUIDE_TREE_PARTITION1=(((((((t1:37.04,t2:37.04):18.87,t3:55.91):0.52,t4:56.43):5.08,t5:61.51):0.55,t6:62.06):29.21,t7:91.27):8.73,t8:100);
