Taxa bit representation:
t1 10000000
t2 01000000
t3 00100000
t4 00010000
t5 00001000
t6 00000100
t7 00000010
t8 00000001
Clade List (<taxon members> = <clade name>): 

>Dataset_0
[0,F,0.000976562,11110000,0.0976562,X]
[1,F,0.0166016,11110000,1.66016,X]
[57,F,0.0273438,00001111,2.73438,X]
[58,F,0.0361328,00001111,3.61328,X]
[2,F,0.0410156,11110000,4.10156,X]
[59,F,0.0410156,00001111,4.10156,X]
[60,F,0.0576172,00001111,5.76172,X]
[61,F,0.0585938,00001111,5.85938,X]
[62,F,0.0683594,00001111,6.83594,X]
[3,F,0.0693359,11110000,6.93359,X]
[63,F,0.0712891,00001111,7.12891,X]
[64,F,0.0742188,00001111,7.42188,X]
[4,F,0.0771484,11110000,7.71484,X]
[5,F,0.0986328,11110000,9.86328,X]
[90,F,0.100972,00000011,10.0972,X]
[91,F,0.117573,00000011,11.7573,X]
[6,F,0.120117,11110000,12.0117,X]
[65,F,0.126362,00001100,12.6362,X]
[7,F,0.179688,11110000,17.9688,X]
[66,F,0.203511,00001100,20.3511,X]
[92,F,0.226948,00000011,22.6948,X]
[8,F,0.233398,11110000,23.3398,X]
[9,F,0.240234,11110000,24.0234,X]
[10,F,0.264736,11000000,26.4736,X]
[93,F,0.276753,00000011,27.6753,X]
[11,F,0.290127,11000000,29.0127,X]
[36,F,0.298916,00110000,29.8916,X]
[12,F,0.300869,11000000,30.0869,X]
[94,F,0.30605,00000011,30.605,X]
[95,F,0.314839,00000011,31.4839,X]
[67,F,0.317769,00001100,31.7769,X]
[37,F,0.333095,00110000,33.3095,X]
[13,F,0.353603,11000000,35.3603,X]
[68,F,0.356831,00001100,35.6831,X]
[96,F,0.360737,00000011,36.0737,X]
[38,F,0.366298,00110000,36.6298,X]
[14,F,0.373134,11000000,37.3134,X]
[15,F,0.41122,11000000,41.122,X]
[97,F,0.411519,00000011,41.1519,X]
[16,F,0.413173,11000000,41.3173,X]
[17,F,0.439541,11000000,43.9541,X]
[98,F,0.439839,00000011,43.9839,X]
[18,F,0.447353,11000000,44.7353,X]
[69,F,0.45937,00001100,45.937,X]
[39,F,0.460048,00110000,46.0048,X]
[19,F,0.489345,11000000,48.9345,X]
[70,F,0.500386,00001100,50.0386,X]
[99,F,0.503316,00000011,50.3316,X]
[20,F,0.521572,11000000,52.1572,X]
[40,F,0.522548,00110000,52.2548,X]
[71,F,0.523823,00001100,52.3823,X]
[21,F,0.534267,11000000,53.4267,X]
[41,F,0.54208,00110000,54.208,X]
[22,F,0.562588,11000000,56.2587,X]
[42,F,0.566494,00110000,56.6494,X]
[110,F,0.572694,00000001,57.2694,X]
[23,F,0.575283,11000000,57.5283,X]
[24,F,0.587002,11000000,58.7002,X]
[72,F,0.599019,00001100,59.9019,X]
[43,F,0.60458,00110000,60.458,X]
[73,F,0.623433,00001100,62.3433,X]
[100,F,0.634217,00000010,63.4217,X]
[44,F,0.637091,00100000,63.7091,X]
[111,F,0.643983,00000001,64.3983,X]
[74,F,0.650777,00001100,65.0777,X]
[75,F,0.660542,00001100,66.0542,X]
[112,F,0.664491,00000001,66.4491,X]
[76,F,0.676167,00001100,67.6167,X]
[101,F,0.681092,00000010,68.1092,X]
[113,F,0.692811,00000001,69.2811,X]
[102,F,0.713319,00000010,71.3319,X]
[82,F,0.716953,00000100,71.6953,X]
[83,F,0.718906,00000100,71.8906,X]
[50,F,0.721075,00010000,72.1075,X]
[103,F,0.726991,00000010,72.6991,X]
[77,F,0.739414,00001000,73.9414,X]
[45,F,0.751348,00100000,75.1348,X]
[114,F,0.757264,00000001,75.7264,X]
[104,F,0.782655,00000010,78.2655,X]
[115,F,0.791444,00000001,79.1444,X]
[116,F,0.794373,00000001,79.4373,X]
[25,F,0.796963,11000000,79.6963,X]
[51,F,0.797247,00010000,79.7247,X]
[26,F,0.804775,11000000,80.4775,X]
[27,F,0.805752,11000000,80.5752,X]
[117,F,0.810975,00000001,81.0975,X]
[84,F,0.815586,00000100,81.5586,X]
[28,F,0.81747,11000000,81.747,X]
[52,F,0.817755,00010000,81.7755,X]
[53,F,0.822638,00010000,82.2638,X]
[54,F,0.828497,00010000,82.8497,X]
[78,F,0.831211,00001000,83.1211,X]
[105,F,0.832459,00000010,83.2459,X]
[106,F,0.833436,00000010,83.3436,X]
[29,F,0.839931,11000000,83.9931,X]
[118,F,0.847108,00000001,84.7108,X]
[55,F,0.852911,00010000,85.2911,X]
[79,F,0.853672,00001000,85.3672,X]
[30,F,0.855556,11000000,85.5556,X]
[119,F,0.856873,00000001,85.6873,X]
[46,F,0.857794,00100000,85.7794,X]
[85,F,0.865391,00000100,86.5391,X]
[86,F,0.879062,00000100,87.9062,X]
[87,F,0.881992,00000100,88.1992,X]
[56,F,0.885138,00010000,88.5138,X]
[120,F,0.891053,00000001,89.1053,X]
[31,F,0.931125,10000000,93.1125,X]
[47,F,0.946661,00100000,94.6661,X]
[107,F,0.950623,00000010,95.0623,X]
[32,F,0.952609,10000000,95.2609,X]
[88,F,0.953281,00000100,95.3281,X]
[121,F,0.960389,00000001,96.0389,X]
[80,F,0.963047,00001000,96.3047,X]
[122,F,0.963319,00000001,96.3319,X]
[33,F,0.969211,10000000,96.9211,X]
[123,F,0.971131,00000001,97.1131,X]
[108,F,0.973084,00000010,97.3084,X]
[48,F,0.974005,00100000,97.4005,X]
[49,F,0.976934,00100000,97.6934,X]
[35,F,0.977023,01000000,97.7023,X]
[34,F,0.981906,10000000,98.1906,X]
[89,F,0.988437,00000100,98.8438,X]
[124,F,0.989686,00000001,98.9686,X]
[81,F,0.994297,00001000,99.4297,X]
[125,F,0.996522,00000001,99.6522,X]
[109,F,0.997498,00000010,99.7498,X]
GUIDE_TREE_PARTITION1=(((t1:8.45,t2:8.45):65.76,(t3:38.83,t4:38.83):35.38):25.79,((t5:28.5,t6:28.5):62.77,(t7:48.59,t8:48.59):42.68):8.73);
