Taxa bit representation:
t1 10000000
t2 01000000
t3 00100000
t4 00010000
t5 00001000
t6 00000100
t7 00000010
t8 00000001
Clade List (<taxon members> = <clade name>): 

>Dataset_0
[14,F,0.0419922,00001111,4.19922,X]
[15,F,0.0971719,00001100,9.71719,X]
[16,F,0.136234,00001100,13.6234,X]
[0,F,0.334175,11000000,33.4175,X]
[1,F,0.420112,11000000,42.0112,X]
[9,F,0.567573,00110000,56.7573,X]
[2,F,0.589172,10000000,58.9172,X]
[3,F,0.601867,10000000,60.1867,X]
[11,F,0.604661,00010000,60.4661,X]
[20,F,0.619633,00000011,61.9633,X]
[12,F,0.632981,00010000,63.2981,X]
[17,F,0.687916,00001000,68.7916,X]
[5,F,0.689758,01000000,68.9758,X]
[18,F,0.693775,00001000,69.3775,X]
[6,F,0.735656,01000000,73.5656,X]
[7,F,0.746398,01000000,74.6398,X]
[19,F,0.756275,00001000,75.6275,X]
[8,F,0.770812,01000000,77.0812,X]
[21,F,0.771977,00000011,77.1977,X]
[13,F,0.879075,00010000,87.9075,X]
[22,F,0.897887,00000001,89.7887,X]
[23,F,0.941833,00000001,94.1833,X]
[4,F,0.971008,10000000,97.1008,X]
[10,F,0.99138,00100000,99.138,X]
GUIDE_TREE_PARTITION1=(((t1:42.45,t2:42.45):41.32,(t3:41.78,t4:41.78):41.99):16.23,((t5:60.31,t6:60.31):31.34,(t7:21.93,t8:21.93):69.72):8.35);
