Taxa bit representation:
t1 10000000
t2 01000000
t3 00100000
t4 00010000
t5 00001000
t6 00000100
t7 00000010
t8 00000001
Clade List (<taxon members> = <clade name>): 

>Dataset_0
[0,F,0.0224609,11111100,2.24609,X]
[49,F,0.128702,00000001,12.8702,X]
[41,F,0.186319,00000010,18.6319,X]
[42,F,0.203897,00000010,20.3897,X]
[22,F,0.208855,00010000,20.8855,X]
[23,F,0.230339,00010000,23.0339,X]
[1,F,0.352881,10000000,35.2881,X]
[7,F,0.353858,01000000,35.3858,X]
[24,F,0.358269,00010000,35.8269,X]
[13,F,0.425072,00100000,42.5072,X]
[8,F,0.426123,01000000,42.6123,X]
[25,F,0.438347,00010000,43.8347,X]
[26,F,0.439323,00010000,43.9323,X]
[14,F,0.43972,00100000,43.972,X]
[2,F,0.494483,10000000,49.4483,X]
[27,F,0.49987,00010000,49.987,X]
[15,F,0.500267,00100000,50.0267,X]
[16,F,0.510033,00100000,51.0033,X]
[17,F,0.522728,00100000,52.2728,X]
[50,F,0.526162,00000001,52.6162,X]
[51,F,0.54667,00000001,54.667,X]
[3,F,0.547217,10000000,54.7217,X]
[43,F,0.571084,00000010,57.1084,X]
[28,F,0.577019,00010000,57.7019,X]
[44,F,0.586709,00000010,58.6709,X]
[52,F,0.593545,00000001,59.3545,X]
[53,F,0.602334,00000001,60.2334,X]
[9,F,0.602881,01000000,60.2881,X]
[29,F,0.612175,00010000,61.2175,X]
[18,F,0.616478,00100000,61.6478,X]
[30,F,0.625847,00010000,62.5847,X]
[45,F,0.634561,00000010,63.4561,X]
[19,F,0.637962,00100000,63.7962,X]
[4,F,0.64292,10000000,64.292,X]
[46,F,0.663858,00000010,66.3858,X]
[54,F,0.667764,00000001,66.7764,X]
[33,F,0.673278,00001000,67.3278,X]
[38,F,0.68988,00000100,68.988,X]
[34,F,0.694763,00001000,69.4763,X]
[20,F,0.696556,00100000,69.6556,X]
[21,F,0.699486,00100000,69.9486,X]
[10,F,0.703467,01000000,70.3467,X]
[11,F,0.725928,01000000,72.5928,X]
[55,F,0.729287,00000001,72.9287,X]
[5,F,0.761084,10000000,76.1084,X]
[47,F,0.774209,00000010,77.4209,X]
[31,F,0.835808,00010000,83.5808,X]
[39,F,0.847106,00000100,84.7106,X]
[35,F,0.863708,00001000,86.3708,X]
[56,F,0.864053,00000001,86.4053,X]
[36,F,0.900817,00001000,90.0817,X]
[6,F,0.919287,10000000,91.9287,X]
[57,F,0.933389,00000001,93.3389,X]
[37,F,0.940856,00001000,94.0856,X]
[58,F,0.943155,00000001,94.3155,X]
[40,F,0.943786,00000100,94.3786,X]
[32,F,0.944206,00010000,94.4206,X]
[12,F,0.991553,01000000,99.1553,X]
[48,F,0.996866,00000010,99.6866,X]
GUIDE_TREE_PARTITION1=(((((t1:76.04,t2:76.04):1.57,t3:77.61):3.36,t4:80.97):9.81,(t5:59.43,t6:59.43):31.35):9.22,(t7:88.79,t8:88.79):11.21);
