Taxa bit representation:
t1 10000000
t2 01000000
t3 00100000
t4 00010000
t5 00001000
t6 00000100
t7 00000010
t8 00000001
Clade List (<taxon members> = <clade name>): 

>Dataset_0
[82,F,0.0166016,00000011,1.66016,X]
[83,F,0.0332031,00000011,3.32031,X]
[0,F,0.0449219,11111100,4.49219,X]
[84,F,0.046875,00000011,4.6875,X]
[85,F,0.0742188,00000011,7.42188,X]
[86,F,0.0751953,00000011,7.51953,X]
[1,F,0.108398,11111100,10.8398,X]
[87,F,0.162109,00000011,16.2109,X]
[88,F,0.209961,00000011,20.9961,X]
[89,F,0.24707,00000011,24.707,X]
[2,F,0.28538,11110000,28.538,X]
[49,F,0.290263,00001100,29.0263,X]
[90,F,0.291016,00000011,29.1016,X]
[50,F,0.309794,00001100,30.9794,X]
[51,F,0.315653,00001100,31.5653,X]
[91,F,0.317383,00000011,31.7383,X]
[92,F,0.326172,00000011,32.6172,X]
[52,F,0.327372,00001100,32.7372,X]
[3,F,0.339091,11110000,33.9091,X]
[93,F,0.37207,00000011,37.207,X]
[94,F,0.375977,00000011,37.5977,X]
[4,F,0.406473,11110000,40.6473,X]
[95,F,0.427734,00000011,42.7734,X]
[96,F,0.428711,00000011,42.8711,X]
[97,F,0.44043,00000011,44.043,X]
[53,F,0.442606,00001100,44.2606,X]
[98,F,0.453125,00000011,45.3125,X]
[5,F,0.453348,11110000,45.3348,X]
[54,F,0.480692,00001100,48.0692,X]
[6,F,0.483622,11110000,48.3622,X]
[7,F,0.507059,11110000,50.7059,X]
[8,F,0.511942,11110000,51.1942,X]
[99,F,0.515625,00000011,51.5625,X]
[9,F,0.524638,11110000,52.4638,X]
[55,F,0.546122,00001100,54.6122,X]
[10,F,0.558817,11110000,55.8817,X]
[11,F,0.56077,11110000,56.077,X]
[100,F,0.571289,00000011,57.1289,X]
[56,F,0.572489,00001100,57.2489,X]
[57,F,0.574442,00001100,57.4442,X]
[101,F,0.616211,00000011,61.6211,X]
[33,F,0.629161,00010000,62.9161,X]
[58,F,0.638895,00001100,63.8895,X]
[102,F,0.649414,00000011,64.9414,X]
[59,F,0.668884,00001000,66.8884,X]
[34,F,0.671153,00010000,67.1153,X]
[35,F,0.676036,00010000,67.6036,X]
[70,F,0.685486,00000100,68.5486,X]
[60,F,0.688416,00001000,68.8416,X]
[71,F,0.694275,00000100,69.4275,X]
[103,F,0.713867,00000011,71.3867,X]
[61,F,0.719666,00001000,71.9666,X]
[36,F,0.719981,00010000,71.9981,X]
[62,F,0.732361,00001000,73.2361,X]
[104,F,0.735352,00000011,73.5352,X]
[37,F,0.745372,00010000,74.5372,X]
[38,F,0.751231,00010000,75.1231,X]
[72,F,0.753845,00000100,75.3845,X]
[27,F,0.755042,00100000,75.5042,X]
[12,F,0.755042,11000000,75.5042,X]
[105,F,0.756836,00000011,75.6836,X]
[13,F,0.756995,11000000,75.6995,X]
[106,F,0.757812,00000011,75.7812,X]
[63,F,0.776306,00001000,77.6306,X]
[73,F,0.777283,00000100,77.7283,X]
[39,F,0.781505,00010000,78.1505,X]
[107,F,0.781553,00000010,78.1553,X]
[40,F,0.783458,00010000,78.3458,X]
[74,F,0.787048,00000100,78.7048,X]
[28,F,0.788245,00100000,78.8245,X]
[108,F,0.792295,00000010,79.2295,X]
[64,F,0.792908,00001000,79.2908,X]
[14,F,0.805823,11000000,80.5823,X]
[75,F,0.818298,00000100,81.8298,X]
[15,F,0.818519,11000000,81.8519,X]
[109,F,0.820616,00000010,82.0616,X]
[110,F,0.823545,00000010,82.3545,X]
[29,F,0.828284,00100000,82.8284,X]
[111,F,0.843077,00000010,84.3077,X]
[76,F,0.845642,00000100,84.5642,X]
[16,F,0.852698,11000000,85.2698,X]
[65,F,0.858337,00001000,85.8337,X]
[66,F,0.860291,00001000,86.0291,X]
[114,F,0.868467,00000001,86.8467,X]
[30,F,0.871253,00100000,87.1253,X]
[115,F,0.872373,00000001,87.2373,X]
[77,F,0.873962,00000100,87.3962,X]
[17,F,0.874183,11000000,87.4183,X]
[116,F,0.878233,00000001,87.8233,X]
[78,F,0.878845,00000100,87.8845,X]
[18,F,0.880042,11000000,88.0042,X]
[67,F,0.885681,00001000,88.5681,X]
[19,F,0.886878,11000000,88.6878,X]
[79,F,0.889587,00000100,88.9587,X]
[41,F,0.893809,00010000,89.3809,X]
[42,F,0.894786,00010000,89.4786,X]
[43,F,0.897716,00010000,89.7716,X]
[20,F,0.900412,10000000,90.0412,X]
[44,F,0.902598,00010000,90.2598,X]
[80,F,0.903259,00000100,90.3259,X]
[117,F,0.909483,00000001,90.9483,X]
[23,F,0.914084,01000000,91.4084,X]
[118,F,0.916319,00000001,91.6319,X]
[21,F,0.921897,10000000,92.1897,X]
[68,F,0.92865,00001000,92.865,X]
[22,F,0.928733,10000000,92.8733,X]
[31,F,0.936683,00100000,93.6683,X]
[24,F,0.937522,01000000,93.7522,X]
[45,F,0.941661,00010000,94.1661,X]
[112,F,0.941709,00000010,94.1709,X]
[81,F,0.955994,00000100,95.5994,X]
[46,F,0.960216,00010000,96.0216,X]
[25,F,0.970725,01000000,97.0725,X]
[69,F,0.973572,00001000,97.3572,X]
[32,F,0.981605,00100000,98.1605,X]
[47,F,0.9817,00010000,98.17,X]
[48,F,0.985606,00010000,98.5606,X]
[113,F,0.987608,00000010,98.7608,X]
[26,F,0.999045,01000000,99.9045,X]
GUIDE_TREE_PARTITION1=(((((t1:10.74,t2:10.74):14.83,t3:25.57):13.76,t4:39.33):35.55,(t5:35.26,t6:35.26):39.62):25.12,(t7:22.04,t8:22.04):77.96);
