Taxa bit representation:
t1 10000000
t2 01000000
t3 00100000
t4 00010000
t5 00001000
t6 00000100
t7 00000010
t8 00000001
Clade List (<taxon members> = <clade name>): 

>Dataset_0
[0,F,0.163502,11000000,16.3502,X]
[9,F,0.34375,00001111,34.375,X]
[4,F,0.392017,00110000,39.2017,X]
[10,F,0.458008,00001111,45.8008,X]
[11,F,0.475586,00001111,47.5586,X]
[1,F,0.504322,11000000,50.4322,X]
[2,F,0.515064,11000000,51.5064,X]
[12,F,0.529212,00001100,52.9213,X]
[13,F,0.531166,00001100,53.1166,X]
[5,F,0.55315,00110000,55.315,X]
[14,F,0.697956,00001000,69.7956,X]
[6,F,0.716348,00100000,71.6348,X]
[7,F,0.719278,00010000,71.9278,X]
[15,F,0.719441,00001000,71.9441,X]
[8,F,0.737833,00010000,73.7833,X]
[16,F,0.799519,00001000,79.9519,X]
[3,F,0.949892,10000000,94.9892,X]
GUIDE_TREE_PARTITION1=(((t1:46.71,t2:46.71):51.1,(t3:29.83,t4:29.83):67.98):2.19,((t5:33.72,t6:33.72):14.14,(t7:16.83,t8:16.83):31.03):52.14);
