Taxa bit representation:
t1 10000000
t2 01000000
t3 00100000
t4 00010000
t5 00001000
t6 00000100
t7 00000010
t8 00000001
Clade List (<taxon members> = <clade name>): 

>Dataset_0
[80,F,0.00390625,00000011,0.390625,X]
[81,F,0.0292969,00000011,2.92969,X]
[0,F,0.0371094,11111100,3.71094,X]
[1,F,0.0439453,11111100,4.39453,X]
[2,F,0.0449219,11111100,4.49219,X]
[3,F,0.0585937,11111100,5.85937,X]
[4,F,0.0869141,11111100,8.69141,X]
[5,F,0.0927734,11111100,9.27734,X]
[6,F,0.115234,11111100,11.5234,X]
[7,F,0.173828,11111100,17.3828,X]
[8,F,0.19043,11111100,19.043,X]
[96,F,0.206559,00000001,20.6559,X]
[9,F,0.21875,11111100,21.875,X]
[10,F,0.223633,11111100,22.3633,X]
[82,F,0.22902,00000010,22.902,X]
[97,F,0.235856,00000001,23.5856,X]
[83,F,0.262223,00000010,26.2223,X]
[84,F,0.269059,00000010,26.9059,X]
[85,F,0.274919,00000010,27.4919,X]
[98,F,0.314958,00000001,31.4958,X]
[99,F,0.32277,00000001,32.277,X]
[86,F,0.327653,00000010,32.7653,X]
[100,F,0.333512,00000001,33.3512,X]
[87,F,0.339372,00000010,33.9372,X]
[88,F,0.378434,00000010,37.8434,X]
[101,F,0.407731,00000001,40.7731,X]
[102,F,0.408708,00000001,40.8708,X]
[103,F,0.411637,00000001,41.1637,X]
[104,F,0.415544,00000001,41.5544,X]
[11,F,0.492031,11110000,49.2031,X]
[54,F,0.499844,00001100,49.9844,X]
[89,F,0.51613,00000010,51.613,X]
[105,F,0.517106,00000001,51.7106,X]
[90,F,0.522966,00000010,52.2966,X]
[55,F,0.525234,00001100,52.5234,X]
[106,F,0.529802,00000001,52.9802,X]
[91,F,0.535661,00000010,53.5661,X]
[12,F,0.539344,11100000,53.9344,X]
[13,F,0.553992,11100000,55.3992,X]
[14,F,0.573523,11100000,57.3523,X]
[56,F,0.574063,00001100,57.4062,X]
[43,F,0.576453,00010000,57.6453,X]
[57,F,0.577969,00001100,57.7969,X]
[15,F,0.586219,11100000,58.6219,X]
[44,F,0.596961,00010000,59.6961,X]
[16,F,0.603797,11100000,60.3797,X]
[45,F,0.611609,00010000,61.1609,X]
[107,F,0.611833,00000001,61.1833,X]
[108,F,0.617692,00000001,61.7692,X]
[35,F,0.624859,00100000,62.4859,X]
[36,F,0.628766,00100000,62.8766,X]
[58,F,0.645352,00001100,64.5352,X]
[17,F,0.657086,11000000,65.7086,X]
[46,F,0.662391,00010000,66.2391,X]
[92,F,0.662614,00000010,66.2614,X]
[109,F,0.668473,00000001,66.8473,X]
[65,F,0.672819,00000100,67.2819,X]
[110,F,0.677262,00000001,67.7262,X]
[18,F,0.688336,11000000,68.8336,X]
[19,F,0.689313,11000000,68.9313,X]
[66,F,0.702116,00000100,70.2116,X]
[20,F,0.702984,11000000,70.2984,X]
[21,F,0.707867,11000000,70.7867,X]
[22,F,0.721539,11000000,72.1539,X]
[37,F,0.722516,00100000,72.2516,X]
[38,F,0.726422,00100000,72.6422,X]
[67,F,0.733366,00000100,73.3366,X]
[111,F,0.745622,00000001,74.5622,X]
[112,F,0.746598,00000001,74.6598,X]
[68,F,0.748014,00000100,74.8014,X]
[47,F,0.756141,00010000,75.6141,X]
[69,F,0.765592,00000100,76.5592,X]
[113,F,0.782731,00000001,78.2731,X]
[48,F,0.785438,00010000,78.5438,X]
[39,F,0.785992,00100000,78.5992,X]
[70,F,0.794889,00000100,79.4889,X]
[114,F,0.796403,00000001,79.6403,X]
[93,F,0.79738,00000010,79.738,X]
[59,F,0.806608,00001000,80.6608,X]
[28,F,0.816361,01000000,81.6361,X]
[115,F,0.818864,00000001,81.8864,X]
[94,F,0.823747,00000010,82.3747,X]
[71,F,0.839811,00000100,83.9811,X]
[72,F,0.840788,00000100,84.0787,X]
[60,F,0.846647,00001000,84.6647,X]
[49,F,0.847938,00010000,84.7938,X]
[29,F,0.848588,01000000,84.8588,X]
[61,F,0.849577,00001000,84.9577,X]
[116,F,0.850114,00000001,85.0114,X]
[73,F,0.856413,00000100,85.6412,X]
[117,F,0.858903,00000001,85.8903,X]
[30,F,0.860306,01000000,86.0306,X]
[31,F,0.862259,01000000,86.2259,X]
[32,F,0.863236,01000000,86.3236,X]
[40,F,0.865094,00100000,86.5094,X]
[50,F,0.865516,00010000,86.5516,X]
[23,F,0.875931,10000000,87.5931,X]
[62,F,0.881803,00001000,88.1803,X]
[74,F,0.886686,00000100,88.6686,X]
[95,F,0.89113,00000010,89.113,X]
[33,F,0.893509,01000000,89.3509,X]
[75,F,0.893522,00000100,89.3522,X]
[118,F,0.903825,00000001,90.3825,X]
[63,F,0.9111,00001000,91.11,X]
[24,F,0.916947,10000000,91.6947,X]
[51,F,0.91825,00010000,91.825,X]
[25,F,0.919877,10000000,91.9877,X]
[41,F,0.927594,00100000,92.7594,X]
[34,F,0.930619,01000000,93.0619,X]
[64,F,0.940397,00001000,94.0397,X]
[76,F,0.946256,00000100,94.6256,X]
[52,F,0.948523,00010000,94.8523,X]
[53,F,0.95243,00010000,95.243,X]
[119,F,0.961442,00000001,96.1442,X]
[120,F,0.962419,00000001,96.2419,X]
[77,F,0.964811,00000100,96.4811,X]
[26,F,0.967728,10000000,96.7728,X]
[78,F,0.968717,00000100,96.8717,X]
[79,F,0.97653,00000100,97.653,X]
[121,F,0.977067,00000001,97.7067,X]
[27,F,0.977494,10000000,97.7494,X]
[42,F,0.985211,00100000,98.5211,X]
GUIDE_TREE_PARTITION1=(((((t1:20.61,t2:20.61):17.49,t3:38.1):10.7,t4:48.8):10.2,(t5:33.89,t6:33.89):25.11):41,(t7:79.93,t8:79.93):20.07);
