Taxa bit representation:
t1 10000000
t2 01000000
t3 00100000
t4 00010000
t5 00001000
t6 00000100
t7 00000010
t8 00000001
Clade List (<taxon members> = <clade name>): 

>Dataset_0
[55,F,0.0214844,00001111,2.14844,X]
[0,F,0.0263672,11110000,2.63672,X]
[1,F,0.0292969,11110000,2.92969,X]
[56,F,0.0693359,00001111,6.93359,X]
[57,F,0.0898438,00001111,8.98438,X]
[2,F,0.135742,11110000,13.5742,X]
[58,F,0.163086,00001111,16.3086,X]
[59,F,0.211914,00001111,21.1914,X]
[3,F,0.223633,11110000,22.3633,X]
[60,F,0.228516,00001111,22.8516,X]
[4,F,0.235352,11110000,23.5352,X]
[5,F,0.267578,11110000,26.7578,X]
[61,F,0.276367,00001111,27.6367,X]
[62,F,0.298008,00001100,29.8008,X]
[92,F,0.298984,00000011,29.8984,X]
[36,F,0.309591,00110000,30.9591,X]
[93,F,0.317539,00000011,31.7539,X]
[94,F,0.321445,00000011,32.1445,X]
[37,F,0.322286,00110000,32.2286,X]
[6,F,0.355489,11000000,35.5489,X]
[38,F,0.366231,00110000,36.6231,X]
[39,F,0.375997,00110000,37.5997,X]
[7,F,0.382833,11000000,38.2833,X]
[63,F,0.390781,00001100,39.0781,X]
[95,F,0.412266,00000011,41.2266,X]
[8,F,0.413106,11000000,41.3106,X]
[111,F,0.419553,00000001,41.9553,X]
[96,F,0.438108,00000010,43.8108,X]
[64,F,0.443516,00001100,44.3516,X]
[97,F,0.444944,00000010,44.4944,X]
[9,F,0.450216,11000000,45.0216,X]
[10,F,0.455098,11000000,45.5098,X]
[11,F,0.458028,11000000,45.8028,X]
[65,F,0.46793,00001100,46.793,X]
[66,F,0.468906,00001100,46.8906,X]
[67,F,0.470859,00001100,47.0859,X]
[40,F,0.47463,00110000,47.463,X]
[98,F,0.488889,00000010,48.8889,X]
[12,F,0.489278,11000000,48.9278,X]
[112,F,0.489866,00000001,48.9866,X]
[13,F,0.490255,11000000,49.0255,X]
[41,F,0.493184,00110000,49.3184,X]
[68,F,0.502109,00001100,50.2109,X]
[69,F,0.505039,00001100,50.5039,X]
[99,F,0.506467,00000010,50.6467,X]
[113,F,0.515256,00000001,51.5256,X]
[100,F,0.523069,00000010,52.3069,X]
[70,F,0.525547,00001100,52.5547,X]
[101,F,0.527952,00000010,52.7952,X]
[14,F,0.53127,11000000,53.127,X]
[42,F,0.535177,00110000,53.5177,X]
[114,F,0.536741,00000001,53.6741,X]
[71,F,0.539219,00001100,53.9219,X]
[72,F,0.548008,00001100,54.8008,X]
[73,F,0.549961,00001100,54.9961,X]
[74,F,0.551914,00001100,55.1914,X]
[15,F,0.564473,11000000,56.4473,X]
[75,F,0.603672,00001100,60.3672,X]
[76,F,0.611484,00001100,61.1484,X]
[102,F,0.613889,00000010,61.3889,X]
[49,F,0.625414,00010000,62.5414,X]
[16,F,0.62795,11000000,62.795,X]
[77,F,0.637852,00001100,63.7852,X]
[43,F,0.641039,00100000,64.1039,X]
[115,F,0.657834,00000001,65.7834,X]
[44,F,0.675219,00100000,67.5219,X]
[50,F,0.677172,00010000,67.7172,X]
[116,F,0.680295,00000001,68.0295,X]
[103,F,0.682248,00000010,68.2248,X]
[78,F,0.68375,00001100,68.375,X]
[104,F,0.685178,00000010,68.5178,X]
[117,F,0.692014,00000001,69.2014,X]
[79,F,0.696445,00001100,69.6445,X]
[105,F,0.699827,00000010,69.9827,X]
[17,F,0.705098,11000000,70.5098,X]
[118,F,0.714475,00000001,71.4475,X]
[45,F,0.721117,00100000,72.1117,X]
[25,F,0.729348,01000000,72.9348,X]
[119,F,0.735959,00000001,73.5959,X]
[106,F,0.738889,00000010,73.8889,X]
[107,F,0.746702,00000010,74.6702,X]
[120,F,0.751584,00000001,75.1584,X]
[26,F,0.752786,01000000,75.2786,X]
[121,F,0.76428,00000001,76.428,X]
[51,F,0.767016,00010000,76.7016,X]
[52,F,0.770922,00010000,77.0922,X]
[108,F,0.771116,00000010,77.1116,X]
[27,F,0.775247,01000000,77.5247,X]
[18,F,0.783059,10000000,78.3059,X]
[80,F,0.784336,00001100,78.4336,X]
[28,F,0.788919,01000000,78.8919,X]
[81,F,0.795078,00001100,79.5078,X]
[29,F,0.806497,01000000,80.6497,X]
[122,F,0.813108,00000001,81.3108,X]
[30,F,0.821145,01000000,82.1145,X]
[31,F,0.825052,01000000,82.5052,X]
[53,F,0.827562,00010000,82.7562,X]
[87,F,0.839153,00000100,83.9153,X]
[88,F,0.848919,00000100,84.8919,X]
[89,F,0.850872,00000100,85.0872,X]
[19,F,0.853372,10000000,85.3372,X]
[20,F,0.857278,10000000,85.7278,X]
[21,F,0.864114,10000000,86.4114,X]
[32,F,0.87095,01000000,87.095,X]
[90,F,0.876262,00000100,87.6262,X]
[54,F,0.888109,00010000,88.8109,X]
[22,F,0.890481,10000000,89.0481,X]
[123,F,0.896116,00000001,89.6116,X]
[23,F,0.900247,10000000,90.0247,X]
[33,F,0.901223,01000000,90.1223,X]
[46,F,0.905687,00100000,90.5687,X]
[91,F,0.908489,00000100,90.8489,X]
[124,F,0.911741,00000001,91.1741,X]
[82,F,0.914348,00001000,91.4348,X]
[34,F,0.916848,01000000,91.6848,X]
[47,F,0.921312,00100000,92.1312,X]
[83,F,0.934856,00001000,93.4856,X]
[84,F,0.937786,00001000,93.7786,X]
[24,F,0.938333,10000000,93.8333,X]
[125,F,0.953733,00000001,95.3733,X]
[109,F,0.955686,00000010,95.5686,X]
[85,F,0.967083,00001000,96.7083,X]
[48,F,0.971117,00100000,97.1117,X]
[110,F,0.987912,00000010,98.7912,X]
[35,F,0.988138,01000000,98.8137,X]
[86,F,0.988567,00001000,98.8567,X]
[126,F,0.996702,00000001,99.6702,X]
GUIDE_TREE_PARTITION1=(((t1:28.53,t2:28.53):43.05,(t3:39.9,t4:39.9):31.68):28.42,((t5:16.28,t6:16.28):55.97,(t7:58.24,t8:58.24):14.01):27.75);
