Taxa bit representation:
t1 10000000
t2 01000000
t3 00100000
t4 00010000
t5 00001000
t6 00000100
t7 00000010
t8 00000001
Clade List (<taxon members> = <clade name>): 

>Dataset_0
[0,F,0.0192016,11111100,1.92016,X]
[1,F,0.0309203,11111100,3.09203,X]
[2,F,0.0318969,11111100,3.18969,X]
[3,F,0.0397094,11111100,3.97094,X]
[70,F,0.0875609,00000010,8.75609,X]
[94,F,0.107422,00000001,10.7422,X]
[71,F,0.118811,00000010,11.8811,X]
[4,F,0.128577,11111100,12.8577,X]
[95,F,0.131836,00000001,13.1836,X]
[72,F,0.143225,00000010,14.3225,X]
[5,F,0.170677,11111000,17.0677,X]
[96,F,0.192383,00000001,19.2383,X]
[6,F,0.218528,11111000,21.8528,X]
[54,F,0.220481,00000100,22.0481,X]
[55,F,0.223411,00000100,22.3411,X]
[73,F,0.235022,00000010,23.5022,X]
[97,F,0.241211,00000001,24.1211,X]
[74,F,0.247717,00000010,24.7717,X]
[75,F,0.251623,00000010,25.1623,X]
[7,F,0.257591,11111000,25.7591,X]
[98,F,0.257812,00000001,25.7812,X]
[56,F,0.278098,00000100,27.8098,X]
[76,F,0.287756,00000010,28.7756,X]
[77,F,0.313147,00000010,31.3147,X]
[78,F,0.317053,00000010,31.7053,X]
[39,F,0.323644,00001000,32.3644,X]
[40,F,0.32462,00001000,32.462,X]
[57,F,0.331809,00000100,33.1809,X]
[79,F,0.363928,00000010,36.3928,X]
[41,F,0.365636,00001000,36.5636,X]
[99,F,0.37207,00000001,37.207,X]
[58,F,0.374778,00000100,37.4778,X]
[80,F,0.379553,00000010,37.9553,X]
[8,F,0.382237,11110000,38.2237,X]
[59,F,0.386497,00000100,38.6497,X]
[81,F,0.392248,00000010,39.2248,X]
[100,F,0.397461,00000001,39.7461,X]
[42,F,0.433019,00001000,43.3019,X]
[43,F,0.451573,00001000,45.1573,X]
[101,F,0.46875,00000001,46.875,X]
[44,F,0.472081,00001000,47.2081,X]
[60,F,0.473411,00000100,47.3411,X]
[45,F,0.474034,00001000,47.4034,X]
[9,F,0.505284,11110000,50.5284,X]
[102,F,0.505859,00000001,50.5859,X]
[61,F,0.506614,00000100,50.6614,X]
[10,F,0.516353,11100000,51.6353,X]
[11,F,0.518306,11100000,51.8306,X]
[46,F,0.538487,00001000,53.8487,X]
[82,F,0.540686,00000010,54.0686,X]
[31,F,0.54272,00010000,54.272,X]
[47,F,0.54337,00001000,54.337,X]
[83,F,0.552405,00000010,55.2405,X]
[32,F,0.555416,00010000,55.5416,X]
[103,F,0.558594,00000001,55.8594,X]
[12,F,0.567134,11100000,56.7134,X]
[13,F,0.57397,11100000,57.397,X]
[62,F,0.576927,00000100,57.6927,X]
[33,F,0.583736,00010000,58.3736,X]
[84,F,0.598303,00000010,59.8303,X]
[85,F,0.59928,00000010,59.928,X]
[104,F,0.606445,00000001,60.6445,X]
[63,F,0.615012,00000100,61.5012,X]
[64,F,0.624778,00000100,62.4778,X]
[14,F,0.631587,11100000,63.1587,X]
[105,F,0.639648,00000001,63.9648,X]
[86,F,0.648108,00000010,64.8108,X]
[87,F,0.666663,00000010,66.6663,X]
[106,F,0.666992,00000001,66.6992,X]
[15,F,0.671253,11000000,67.1253,X]
[21,F,0.680042,00100000,68.0042,X]
[107,F,0.682617,00000001,68.2617,X]
[108,F,0.68457,00000001,68.457,X]
[48,F,0.690831,00001000,69.0831,X]
[109,F,0.698242,00000001,69.8242,X]
[49,F,0.700597,00001000,70.0597,X]
[34,F,0.700923,00010000,70.0923,X]
[50,F,0.711339,00001000,71.1339,X]
[65,F,0.716575,00000100,71.6575,X]
[88,F,0.72135,00000010,72.135,X]
[22,F,0.741566,00100000,74.1566,X]
[89,F,0.743811,00000010,74.3811,X]
[90,F,0.74967,00000010,74.967,X]
[16,F,0.753284,11000000,75.3284,X]
[110,F,0.753906,00000001,75.3906,X]
[51,F,0.759191,00001000,75.9191,X]
[91,F,0.760413,00000010,76.0413,X]
[23,F,0.793323,00100000,79.3323,X]
[111,F,0.799805,00000001,79.9805,X]
[66,F,0.809348,00000100,80.9348,X]
[24,F,0.814808,00100000,81.4808,X]
[112,F,0.817383,00000001,81.7383,X]
[17,F,0.819691,11000000,81.9691,X]
[25,F,0.823597,00100000,82.3597,X]
[52,F,0.823644,00001000,82.3644,X]
[26,F,0.827503,00100000,82.7503,X]
[18,F,0.830433,11000000,83.0433,X]
[35,F,0.835689,00010000,83.5689,X]
[92,F,0.851233,00000010,85.1233,X]
[27,F,0.861683,00100000,86.1683,X]
[67,F,0.875755,00000100,87.5755,X]
[113,F,0.917969,00000001,91.7969,X]
[36,F,0.926509,00010000,92.6509,X]
[28,F,0.949573,00100000,94.9573,X]
[68,F,0.95095,00000100,95.095,X]
[19,F,0.954642,01000000,95.4642,X]
[29,F,0.967152,00100000,96.7152,X]
[93,F,0.972327,00000010,97.2327,X]
[30,F,0.9818,00100000,98.18,X]
[37,F,0.989986,00010000,98.9986,X]
[20,F,0.993705,01000000,99.3705,X]
[53,F,0.997472,00001000,99.7472,X]
[69,F,0.998802,00000100,99.8802,X]
[38,F,0.999752,00010000,99.9752,X]
GUIDE_TREE_PARTITION1=(((((((t1:11.86,t2:11.86):21.21,t3:33.07):15.49,t4:48.56):21.81,t5:70.37):12.66,t6:83.03):16.71,t7:99.74):0.26,t8:100);
