Taxa bit representation:
t1 10000000
t2 01000000
t3 00100000
t4 00010000
t5 00001000
t6 00000100
t7 00000010
t8 00000001
Clade List (<taxon members> = <clade name>): 

>Dataset_0
[97,F,0.00976562,00000011,0.976562,X]
[98,F,0.0371094,00000011,3.71094,X]
[0,F,0.04005,11110000,4.005,X]
[99,F,0.0429688,00000011,4.29688,X]
[100,F,0.0537109,00000011,5.37109,X]
[1,F,0.0605578,11110000,6.05578,X]
[64,F,0.0673938,00001100,6.73937,X]
[65,F,0.0791125,00001100,7.91125,X]
[101,F,0.102539,00000011,10.2539,X]
[66,F,0.131847,00001100,13.1847,X]
[2,F,0.140636,11110000,14.0636,X]
[67,F,0.146495,00001100,14.6495,X]
[102,F,0.152344,00000011,15.2344,X]
[3,F,0.156261,11110000,15.6261,X]
[4,F,0.169933,11110000,16.9933,X]
[103,F,0.172852,00000011,17.2852,X]
[5,F,0.190441,11110000,19.0441,X]
[104,F,0.238281,00000011,23.8281,X]
[6,F,0.264659,11110000,26.4659,X]
[7,F,0.270519,11110000,27.0519,X]
[105,F,0.273438,00000011,27.3438,X]
[68,F,0.285167,00001100,28.5167,X]
[69,F,0.288097,00001100,28.8097,X]
[70,F,0.292003,00001100,29.2003,X]
[8,F,0.302745,11110000,30.2745,X]
[9,F,0.307628,11110000,30.7628,X]
[10,F,0.320323,11110000,32.0323,X]
[11,F,0.330089,11110000,33.0089,X]
[71,F,0.360362,00001100,36.0362,X]
[72,F,0.370128,00001100,37.0128,X]
[12,F,0.379386,11100000,37.9386,X]
[13,F,0.387198,11100000,38.7198,X]
[14,F,0.393058,11100000,39.3058,X]
[73,F,0.397472,00001100,39.7472,X]
[47,F,0.412589,00010000,41.2589,X]
[106,F,0.426758,00000011,42.6758,X]
[48,F,0.438956,00010000,43.8956,X]
[49,F,0.468253,00010000,46.8253,X]
[85,F,0.471625,00000100,47.1625,X]
[15,F,0.481941,11000000,48.1941,X]
[74,F,0.482367,00001000,48.2367,X]
[107,F,0.487305,00000011,48.7305,X]
[108,F,0.50293,00000011,50.293,X]
[16,F,0.507331,11000000,50.7331,X]
[17,F,0.509284,11000000,50.9284,X]
[109,F,0.515625,00000011,51.5625,X]
[75,F,0.520453,00001000,52.0453,X]
[110,F,0.523438,00000011,52.3438,X]
[86,F,0.524359,00000100,52.4359,X]
[50,F,0.530753,00010000,53.0753,X]
[87,F,0.531195,00000100,53.1195,X]
[76,F,0.539008,00001000,53.9008,X]
[38,F,0.55323,00100000,55.323,X]
[51,F,0.574698,00010000,57.4698,X]
[52,F,0.590323,00010000,59.0323,X]
[39,F,0.601081,00100000,60.1081,X]
[18,F,0.602058,11000000,60.2058,X]
[111,F,0.605469,00000011,60.5469,X]
[88,F,0.617133,00000100,61.7133,X]
[40,F,0.618659,00100000,61.8659,X]
[89,F,0.622016,00000100,62.2016,X]
[53,F,0.626456,00010000,62.6456,X]
[77,F,0.635687,00001000,63.5687,X]
[54,F,0.646964,00010000,64.6964,X]
[55,F,0.651847,00010000,65.1847,X]
[112,F,0.656489,00000010,65.6489,X]
[41,F,0.666511,00100000,66.6511,X]
[90,F,0.669867,00000100,66.9867,X]
[119,F,0.672114,00000001,67.2114,X]
[91,F,0.673773,00000100,67.3773,X]
[120,F,0.67895,00000001,67.895,X]
[92,F,0.683539,00000100,68.3539,X]
[42,F,0.687019,00100000,68.7019,X]
[19,F,0.693855,11000000,69.3855,X]
[29,F,0.705653,01000000,70.5653,X]
[121,F,0.718012,00000001,71.8012,X]
[30,F,0.718348,01000000,71.8348,X]
[56,F,0.723136,00010000,72.3136,X]
[113,F,0.727778,00000010,72.7778,X]
[20,F,0.736903,10000000,73.6903,X]
[78,F,0.73725,00001000,73.725,X]
[21,F,0.755458,10000000,75.5458,X]
[22,F,0.757411,10000000,75.7411,X]
[31,F,0.757411,01000000,75.7411,X]
[114,F,0.758052,00000010,75.8052,X]
[43,F,0.771003,00100000,77.1003,X]
[32,F,0.803309,01000000,80.3309,X]
[33,F,0.812098,01000000,81.2098,X]
[44,F,0.813972,00100000,81.3972,X]
[93,F,0.818305,00000100,81.8305,X]
[23,F,0.820887,10000000,82.0887,X]
[34,F,0.841395,01000000,84.1395,X]
[122,F,0.845942,00000001,84.5942,X]
[35,F,0.848231,01000000,84.8231,X]
[36,F,0.853114,01000000,85.3114,X]
[123,F,0.854731,00000001,85.4731,X]
[94,F,0.864203,00000100,86.4203,X]
[95,F,0.867133,00000100,86.7133,X]
[79,F,0.880805,00001000,88.0805,X]
[80,F,0.882758,00001000,88.2758,X]
[24,F,0.886317,10000000,88.6317,X]
[45,F,0.887214,00100000,88.7214,X]
[57,F,0.890128,00010000,89.0128,X]
[115,F,0.890864,00000010,89.0864,X]
[58,F,0.905753,00010000,90.5753,X]
[81,F,0.911078,00001000,91.1078,X]
[37,F,0.912684,01000000,91.2684,X]
[59,F,0.914542,00010000,91.4542,X]
[82,F,0.914984,00001000,91.4984,X]
[116,F,0.918208,00000010,91.8208,X]
[60,F,0.918448,00010000,91.8448,X]
[117,F,0.923091,00000010,92.3091,X]
[61,F,0.925284,00010000,92.5284,X]
[25,F,0.92538,10000000,92.538,X]
[62,F,0.928214,00010000,92.8214,X]
[124,F,0.930903,00000001,93.0903,X]
[96,F,0.936469,00000100,93.6469,X]
[125,F,0.948481,00000001,94.8481,X]
[46,F,0.950691,00100000,95.0691,X]
[63,F,0.952628,00010000,95.2628,X]
[83,F,0.963812,00001000,96.3812,X]
[84,F,0.971625,00001000,97.1625,X]
[26,F,0.973231,10000000,97.3231,X]
[27,F,0.980067,10000000,98.0067,X]
[118,F,0.99438,00000010,99.438,X]
[28,F,0.995692,10000000,99.5692,X]
GUIDE_TREE_PARTITION1=(((((t1:29.63,t2:29.63):27.84,t3:57.47):8.4,t4:65.87):33.25,(t5:54.4,t6:54.4):44.72):0.88,(t7:35.23,t8:35.23):64.77);
