Taxa bit representation:
t1 10000000
t2 01000000
t3 00100000
t4 00010000
t5 00001000
t6 00000100
t7 00000010
t8 00000001
Clade List (<taxon members> = <clade name>): 

>Dataset_0
[0,F,0.00390625,11111110,0.390625,X]
[43,F,0.0371094,00000001,3.71094,X]
[1,F,0.0517578,11111110,5.17578,X]
[36,F,0.127152,00000010,12.7152,X]
[2,F,0.150589,11111100,15.0589,X]
[37,F,0.246292,00000010,24.6292,X]
[3,F,0.288877,11111000,28.8877,X]
[28,F,0.312314,00000100,31.2314,X]
[44,F,0.348633,00000001,34.8633,X]
[45,F,0.359375,00000001,35.9375,X]
[4,F,0.443173,11111000,44.3173,X]
[5,F,0.499481,11110000,49.9481,X]
[29,F,0.517392,00000100,51.7392,X]
[30,F,0.564267,00000100,56.4267,X]
[46,F,0.572266,00000001,57.2266,X]
[22,F,0.584442,00001000,58.4442,X]
[6,F,0.584442,11110000,58.4442,X]
[31,F,0.60333,00000100,60.333,X]
[23,F,0.675262,00001000,67.5263,X]
[38,F,0.684769,00000010,68.4769,X]
[32,F,0.690244,00000100,69.0244,X]
[7,F,0.723873,11100000,72.3873,X]
[17,F,0.742428,00010000,74.2428,X]
[39,F,0.753128,00000010,75.3128,X]
[40,F,0.758988,00000010,75.8988,X]
[24,F,0.76413,00001000,76.413,X]
[47,F,0.785156,00000001,78.5156,X]
[18,F,0.793209,00010000,79.3209,X]
[8,F,0.808602,11000000,80.8602,X]
[15,F,0.816414,00100000,81.6414,X]
[25,F,0.827606,00001000,82.7606,X]
[19,F,0.833248,00010000,83.3248,X]
[26,F,0.838348,00001000,83.8348,X]
[41,F,0.841019,00000010,84.1019,X]
[9,F,0.861336,11000000,86.1336,X]
[33,F,0.880673,00000100,88.0673,X]
[34,F,0.893369,00000100,89.3369,X]
[10,F,0.893562,11000000,89.3562,X]
[48,F,0.897461,00000001,89.7461,X]
[27,F,0.912567,00001000,91.2567,X]
[20,F,0.919186,00010000,91.9186,X]
[16,F,0.928719,00100000,92.8719,X]
[11,F,0.931648,11000000,93.1648,X]
[49,F,0.935547,00000001,93.5547,X]
[12,F,0.935555,11000000,93.5555,X]
[35,F,0.948056,00000100,94.8056,X]
[13,F,0.956062,11000000,95.6062,X]
[21,F,0.960202,00010000,96.0202,X]
[42,F,0.966019,00000010,96.6019,X]
[14,F,0.988677,01000000,98.8677,X]
GUIDE_TREE_PARTITION1=(((((((t1:1.23,t2:1.23):25.82,t3:27.05):3.59,t4:30.64):24.49,t5:55.13):16.08,t6:71.21):20.86,t7:92.07):7.93,t8:100);
