Taxa bit representation:
t1 10000000
t2 01000000
t3 00100000
t4 00010000
t5 00001000
t6 00000100
t7 00000010
t8 00000001
Clade List (<taxon members> = <clade name>): 

>Dataset_0
[0,F,0.0826109,11111100,8.26109,X]
[48,F,0.0927734,00000001,9.27734,X]
[41,F,0.12558,00000010,12.558,X]
[42,F,0.15097,00000010,15.097,X]
[49,F,0.177734,00000001,17.7734,X]
[50,F,0.209961,00000001,20.9961,X]
[28,F,0.261412,00000100,26.1412,X]
[1,F,0.28192,11111000,28.192,X]
[29,F,0.283873,00000100,28.3873,X]
[51,F,0.28418,00000001,28.418,X]
[52,F,0.331055,00000001,33.1055,X]
[30,F,0.361022,00000100,36.1022,X]
[53,F,0.374023,00000001,37.4023,X]
[54,F,0.379883,00000001,37.9883,X]
[2,F,0.382506,11111000,38.2506,X]
[3,F,0.424498,11111000,42.4498,X]
[31,F,0.433287,00000100,43.3287,X]
[43,F,0.441986,00000010,44.1986,X]
[44,F,0.460541,00000010,46.0541,X]
[15,F,0.541159,00010000,54.1159,X]
[21,F,0.542197,00001000,54.2197,X]
[4,F,0.546042,11100000,54.6042,X]
[5,F,0.587058,11100000,58.7058,X]
[22,F,0.591025,00001000,59.1025,X]
[16,F,0.614402,00010000,61.4402,X]
[32,F,0.617858,00000100,61.7858,X]
[55,F,0.631836,00000001,63.1836,X]
[33,F,0.633483,00000100,63.3483,X]
[45,F,0.649017,00000010,64.9017,X]
[34,F,0.650084,00000100,65.0084,X]
[6,F,0.65737,11100000,65.737,X]
[17,F,0.664206,00010000,66.4206,X]
[35,F,0.671569,00000100,67.1569,X]
[18,F,0.683737,00010000,68.3737,X]
[46,F,0.689056,00000010,68.9056,X]
[23,F,0.698447,00001000,69.8447,X]
[56,F,0.700195,00000001,70.0195,X]
[47,F,0.7164,00000010,71.64,X]
[19,F,0.718894,00010000,71.8894,X]
[57,F,0.727539,00000001,72.7539,X]
[11,F,0.734986,00100000,73.4986,X]
[24,F,0.735556,00001000,73.5556,X]
[58,F,0.794922,00000001,79.4922,X]
[25,F,0.800986,00001000,80.0986,X]
[36,F,0.811217,00000100,81.1217,X]
[12,F,0.816041,00100000,81.6041,X]
[13,F,0.828736,00100000,82.8736,X]
[14,F,0.833619,00100000,83.3619,X]
[7,F,0.899416,10000000,89.9416,X]
[37,F,0.903014,00000100,90.3014,X]
[20,F,0.930808,00010000,93.0808,X]
[8,F,0.936525,10000000,93.6525,X]
[26,F,0.936728,00001000,93.6728,X]
[59,F,0.94043,00000001,94.043,X]
[27,F,0.945517,00001000,94.5517,X]
[38,F,0.964537,00000100,96.4537,X]
[9,F,0.991212,10000000,99.1212,X]
[39,F,0.992858,00000100,99.2858,X]
[10,F,0.996095,01000000,99.6095,X]
[40,F,0.998717,00000100,99.8717,X]
GUIDE_TREE_PARTITION1=(((((((t1:14.16,t2:14.16):16.15,t3:30.31):16.16,t4:46.47):2.24,t5:48.71):25.93,t6:74.64):22.47,t7:97.11):2.89,t8:100);
