Taxa bit representation:
t1 10000000
t2 01000000
t3 00100000
t4 00010000
t5 00001000
t6 00000100
t7 00000010
t8 00000001
Clade List (<taxon members> = <clade name>): 

>Dataset_0
[0,F,0.112305,11110000,11.2305,X]
[9,F,0.141602,00001111,14.1602,X]
[1,F,0.169922,11110000,16.9922,X]
[10,F,0.211914,00001111,21.1914,X]
[2,F,0.311964,11000000,31.1964,X]
[3,F,0.41255,11000000,41.255,X]
[8,F,0.427198,00110000,42.7198,X]
[4,F,0.60477,10000000,60.477,X]
[6,F,0.642856,01000000,64.2856,X]
[5,F,0.768833,10000000,76.8833,X]
[7,F,0.819614,01000000,81.9614,X]
[11,F,0.928467,00000001,92.8467,X]
GUIDE_TREE_PARTITION1=(((t1:45.48,t2:45.48):28.89,(t3:12.85,t4:12.85):61.52):25.63,((t5:7.11,t6:7.11):3.89,(t7:9.79,t8:9.79):1.21):89);
