Taxa bit representation:
t1 10000000
t2 01000000
t3 00100000
t4 00010000
t5 00001000
t6 00000100
t7 00000010
t8 00000001
Clade List (<taxon members> = <clade name>): 

>Dataset_0
[104,F,0.000976562,00000001,0.0976562,X]
[0,F,0.0107422,11111110,1.07422,X]
[105,F,0.0107422,00000001,1.07422,X]
[1,F,0.0136719,11111110,1.36719,X]
[2,F,0.0244141,11111110,2.44141,X]
[3,F,0.0341797,11111110,3.41797,X]
[4,F,0.0380859,11111110,3.80859,X]
[68,F,0.0747437,00000010,7.47437,X]
[69,F,0.0766969,00000010,7.66969,X]
[70,F,0.0776734,00000010,7.76734,X]
[106,F,0.09375,00000001,9.375,X]
[107,F,0.100586,00000001,10.0586,X]
[71,F,0.101111,00000010,10.1111,X]
[108,F,0.114258,00000001,11.4258,X]
[72,F,0.114783,00000010,11.4783,X]
[73,F,0.127478,00000010,12.7478,X]
[5,F,0.143103,11111100,14.3103,X]
[74,F,0.147009,00000010,14.7009,X]
[6,F,0.154822,11111100,15.4822,X]
[7,F,0.168494,11111100,16.8494,X]
[8,F,0.171423,11111100,17.1423,X]
[109,F,0.175781,00000001,17.5781,X]
[75,F,0.176306,00000010,17.6306,X]
[76,F,0.192908,00000010,19.2908,X]
[9,F,0.210486,11111100,21.0486,X]
[77,F,0.211462,00000010,21.1462,X]
[10,F,0.249548,11111100,24.9548,X]
[78,F,0.258337,00000010,25.8337,X]
[79,F,0.260291,00000010,26.0291,X]
[55,F,0.261877,00000100,26.1877,X]
[11,F,0.277502,11111000,27.7502,X]
[80,F,0.279822,00000010,27.9822,X]
[56,F,0.28922,00000100,28.922,X]
[12,F,0.297033,11111000,29.7033,X]
[57,F,0.302892,00000100,30.2892,X]
[13,F,0.311681,11111000,31.1681,X]
[110,F,0.316406,00000001,31.6406,X]
[81,F,0.319861,00000010,31.9861,X]
[58,F,0.321447,00000100,32.1447,X]
[82,F,0.323767,00000010,32.3767,X]
[111,F,0.326172,00000001,32.6172,X]
[59,F,0.327306,00000100,32.7306,X]
[60,F,0.330236,00000100,33.0236,X]
[83,F,0.353064,00000010,35.3064,X]
[61,F,0.404455,00000100,40.4455,X]
[84,F,0.413611,00000010,41.3611,X]
[112,F,0.417969,00000001,41.7969,X]
[85,F,0.426306,00000010,42.6306,X]
[86,F,0.435095,00000010,43.5095,X]
[113,F,0.442383,00000001,44.2383,X]
[14,F,0.467636,11110000,46.7636,X]
[87,F,0.482947,00000010,48.2947,X]
[45,F,0.486191,00001000,48.6191,X]
[62,F,0.512853,00000100,51.2853,X]
[88,F,0.520056,00000010,52.0056,X]
[89,F,0.522009,00000010,52.2009,X]
[15,F,0.52623,11110000,52.623,X]
[16,F,0.530136,11110000,53.0136,X]
[63,F,0.530431,00000100,53.0431,X]
[17,F,0.533066,11110000,53.3066,X]
[90,F,0.541541,00000010,54.1541,X]
[114,F,0.541992,00000001,54.1992,X]
[91,F,0.5474,00000010,54.74,X]
[18,F,0.562363,11110000,56.2363,X]
[92,F,0.594275,00000010,59.4275,X]
[46,F,0.605331,00001000,60.5331,X]
[93,F,0.613806,00000010,61.3806,X]
[19,F,0.630722,11110000,63.0722,X]
[20,F,0.634628,11110000,63.4628,X]
[115,F,0.639648,00000001,63.9648,X]
[94,F,0.64408,00000010,64.408,X]
[21,F,0.652206,11110000,65.2206,X]
[22,F,0.656113,11110000,65.6113,X]
[116,F,0.662109,00000001,66.2109,X]
[64,F,0.678869,00000100,67.8869,X]
[34,F,0.684142,00010000,68.4142,X]
[117,F,0.6875,00000001,68.75,X]
[95,F,0.689978,00000010,68.9978,X]
[118,F,0.693359,00000001,69.3359,X]
[47,F,0.702988,00001000,70.2988,X]
[96,F,0.70658,00000010,70.658,X]
[48,F,0.709823,00001000,70.9823,X]
[28,F,0.717386,00100000,71.7386,X]
[29,F,0.720316,00100000,72.0316,X]
[30,F,0.728128,00100000,72.8128,X]
[49,F,0.728378,00001000,72.8378,X]
[65,F,0.754064,00000100,75.4064,X]
[35,F,0.756408,00010000,75.6408,X]
[50,F,0.758652,00001000,75.8652,X]
[119,F,0.758789,00000001,75.8789,X]
[36,F,0.76715,00010000,76.715,X]
[120,F,0.770508,00000001,77.0508,X]
[37,F,0.776916,00010000,77.6916,X]
[23,F,0.785745,11000000,78.5745,X]
[51,F,0.795761,00001000,79.5761,X]
[97,F,0.829627,00000010,82.9627,X]
[98,F,0.832556,00000010,83.2556,X]
[121,F,0.838867,00000001,83.8867,X]
[24,F,0.841409,11000000,84.1409,X]
[122,F,0.842773,00000001,84.2773,X]
[31,F,0.849222,00100000,84.9222,X]
[123,F,0.860352,00000001,86.0352,X]
[52,F,0.866073,00001000,86.6073,X]
[32,F,0.868753,00100000,86.8753,X]
[99,F,0.878455,00000010,87.8455,X]
[53,F,0.883652,00001000,88.3652,X]
[38,F,0.890197,00010000,89.0197,X]
[54,F,0.896347,00001000,89.6347,X]
[33,F,0.897073,00100000,89.7073,X]
[124,F,0.897461,00000001,89.7461,X]
[39,F,0.898009,00010000,89.8009,X]
[25,F,0.901956,11000000,90.1956,X]
[40,F,0.903869,00010000,90.3869,X]
[41,F,0.915588,00010000,91.5588,X]
[100,F,0.921423,00000010,92.1423,X]
[26,F,0.933206,11000000,93.3206,X]
[42,F,0.935119,00010000,93.5119,X]
[43,F,0.940002,00010000,94.0002,X]
[125,F,0.946289,00000001,94.6289,X]
[66,F,0.949377,00000100,94.9377,X]
[101,F,0.955603,00000010,95.5603,X]
[44,F,0.956603,00010000,95.6603,X]
[126,F,0.957031,00000001,95.7031,X]
[102,F,0.965369,00000010,96.5369,X]
[67,F,0.966955,00000100,96.6955,X]
[103,F,0.972205,00000010,97.2205,X]
[27,F,0.991255,01000000,99.1255,X]
GUIDE_TREE_PARTITION1=(((((((t1:2.73,t2:2.73):29.34,t3:32.07):0.59,t4:32.66):21.26,t5:53.92):19.99,t6:73.91):21.35,t7:95.26):4.74,t8:100);
