Taxa bit representation:
t1 10000000
t2 01000000
t3 00100000
t4 00010000
t5 00001000
t6 00000100
t7 00000010
t8 00000001
Clade List (<taxon members> = <clade name>): 

>Dataset_0
[31,F,0.0458984,00000001,4.58984,X]
[0,F,0.0761719,11111110,7.61719,X]
[1,F,0.219727,11111110,21.9727,X]
[2,F,0.236328,11111110,23.6328,X]
[3,F,0.310547,11111110,31.0547,X]
[32,F,0.356445,00000001,35.6445,X]
[33,F,0.399414,00000001,39.9414,X]
[34,F,0.416016,00000001,41.6016,X]
[24,F,0.517659,00000010,51.7659,X]
[25,F,0.561605,00000010,56.1605,X]
[26,F,0.582113,00000010,58.2113,X]
[35,F,0.602539,00000001,60.2539,X]
[27,F,0.627034,00000010,62.7034,X]
[36,F,0.642578,00000001,64.2578,X]
[4,F,0.650472,11111100,65.0472,X]
[5,F,0.667073,11111100,66.7073,X]
[15,F,0.71535,00001000,71.535,X]
[16,F,0.729022,00001000,72.9022,X]
[37,F,0.729492,00000001,72.9492,X]
[28,F,0.797933,00000010,79.7933,X]
[6,F,0.800994,11000000,80.0994,X]
[17,F,0.813006,00001000,81.3006,X]
[9,F,0.817595,00100000,81.7595,X]
[21,F,0.818408,00000100,81.8408,X]
[18,F,0.820819,00001000,82.0819,X]
[29,F,0.834066,00000010,83.4066,X]
[19,F,0.853045,00001000,85.3045,X]
[38,F,0.881836,00000001,88.1836,X]
[12,F,0.904336,00010000,90.4336,X]
[30,F,0.908284,00000010,90.8284,X]
[39,F,0.911133,00000001,91.1133,X]
[40,F,0.930664,00000001,93.0664,X]
[20,F,0.936053,00001000,93.6053,X]
[41,F,0.942383,00000001,94.2383,X]
[10,F,0.945525,00100000,94.5525,X]
[22,F,0.946338,00000100,94.6338,X]
[23,F,0.981494,00000100,98.1494,X]
[7,F,0.982039,10000000,98.2039,X]
[11,F,0.982634,00100000,98.2634,X]
[13,F,0.983438,00010000,98.3438,X]
[8,F,0.988875,01000000,98.8875,X]
[14,F,0.996133,00010000,99.6133,X]
GUIDE_TREE_PARTITION1=(((((((t1:5.8,t2:5.8):19.96,t3:25.76):3.24,t4:29):2.59,t5:31.59):1.12,t6:32.71):34.86,t7:67.57):32.43,t8:100);
