Taxa bit representation:
t1 10000000
t2 01000000
t3 00100000
t4 00010000
t5 00001000
t6 00000100
t7 00000010
t8 00000001
Clade List (<taxon members> = <clade name>): 

>Dataset_0
[0,F,0.0117188,11111110,1.17188,X]
[69,F,0.0371094,00000001,3.71094,X]
[1,F,0.046875,11111110,4.6875,X]
[2,F,0.0498047,11111110,4.98047,X]
[70,F,0.0625,00000001,6.25,X]
[71,F,0.0712891,00000001,7.12891,X]
[3,F,0.0722656,11111110,7.22656,X]
[4,F,0.0927734,11111110,9.27734,X]
[5,F,0.101562,11111110,10.1562,X]
[72,F,0.163086,00000001,16.3086,X]
[73,F,0.176758,00000001,17.6758,X]
[6,F,0.185547,11111110,18.5547,X]
[74,F,0.226562,00000001,22.6562,X]
[75,F,0.283203,00000001,28.3203,X]
[76,F,0.299805,00000001,29.9805,X]
[7,F,0.310547,11111110,31.0547,X]
[8,F,0.313477,11111110,31.3477,X]
[9,F,0.318359,11111110,31.8359,X]
[10,F,0.344727,11111110,34.4727,X]
[77,F,0.344727,00000001,34.4727,X]
[11,F,0.400391,11111110,40.0391,X]
[78,F,0.427734,00000001,42.7734,X]
[79,F,0.4375,00000001,43.75,X]
[80,F,0.444336,00000001,44.4336,X]
[60,F,0.502853,00000010,50.2853,X]
[61,F,0.508713,00000010,50.8713,X]
[81,F,0.513672,00000001,51.3672,X]
[82,F,0.539062,00000001,53.9062,X]
[62,F,0.556564,00000010,55.6564,X]
[83,F,0.563477,00000001,56.3477,X]
[84,F,0.568359,00000001,56.8359,X]
[12,F,0.572248,11111000,57.2248,X]
[85,F,0.575195,00000001,57.5195,X]
[86,F,0.59375,00000001,59.375,X]
[48,F,0.602522,00000100,60.2522,X]
[49,F,0.6201,00000100,62.01,X]
[87,F,0.626953,00000001,62.6953,X]
[63,F,0.637619,00000010,63.7619,X]
[64,F,0.640548,00000010,64.0548,X]
[13,F,0.641506,11110000,64.1506,X]
[50,F,0.655256,00000100,65.5256,X]
[88,F,0.65625,00000001,65.625,X]
[89,F,0.682617,00000001,68.2617,X]
[38,F,0.684475,00001000,68.4475,X]
[51,F,0.689436,00000100,68.9436,X]
[90,F,0.694336,00000001,69.4336,X]
[91,F,0.699219,00000001,69.9219,X]
[33,F,0.709889,00010000,70.9889,X]
[52,F,0.71092,00000100,71.092,X]
[14,F,0.715748,11100000,71.5748,X]
[34,F,0.716725,00010000,71.6725,X]
[39,F,0.723538,00001000,72.3538,X]
[40,F,0.724514,00001000,72.4514,X]
[53,F,0.732405,00000100,73.2405,X]
[65,F,0.736252,00000010,73.6252,X]
[92,F,0.740234,00000001,74.0234,X]
[15,F,0.744069,11100000,74.4069,X]
[54,F,0.744123,00000100,74.4123,X]
[55,F,0.749983,00000100,74.9983,X]
[56,F,0.754866,00000100,75.4866,X]
[93,F,0.754883,00000001,75.4883,X]
[35,F,0.76067,00010000,76.067,X]
[41,F,0.761623,00001000,76.1623,X]
[94,F,0.768555,00000001,76.8555,X]
[26,F,0.78228,00100000,78.228,X]
[57,F,0.783186,00000100,78.3186,X]
[95,F,0.78418,00000001,78.418,X]
[58,F,0.790998,00000100,79.0998,X]
[96,F,0.796875,00000001,79.6875,X]
[27,F,0.799858,00100000,79.9858,X]
[16,F,0.812553,11000000,81.2553,X]
[17,F,0.816459,11000000,81.6459,X]
[42,F,0.827053,00001000,82.7053,X]
[18,F,0.828178,11000000,82.8178,X]
[59,F,0.829084,00000100,82.9084,X]
[36,F,0.830983,00010000,83.0983,X]
[43,F,0.844631,00001000,84.4631,X]
[19,F,0.846733,11000000,84.6733,X]
[20,F,0.849662,11000000,84.9663,X]
[21,F,0.857475,11000000,85.7475,X]
[66,F,0.858322,00000010,85.8322,X]
[67,F,0.863205,00000010,86.3205,X]
[68,F,0.864181,00000010,86.4181,X]
[97,F,0.864258,00000001,86.4258,X]
[98,F,0.866211,00000001,86.6211,X]
[28,F,0.868217,00100000,86.8217,X]
[22,F,0.868217,11000000,86.8217,X]
[29,F,0.878959,00100000,87.8959,X]
[44,F,0.89053,00001000,89.053,X]
[99,F,0.902344,00000001,90.2344,X]
[100,F,0.90625,00000001,90.625,X]
[101,F,0.929688,00000001,92.9688,X]
[30,F,0.943412,00100000,94.3413,X]
[25,F,0.944512,01000000,94.4513,X]
[102,F,0.949219,00000001,94.9219,X]
[45,F,0.95303,00001000,95.303,X]
[31,F,0.954155,00100000,95.4155,X]
[37,F,0.961842,00010000,96.1842,X]
[46,F,0.965725,00001000,96.5725,X]
[103,F,0.96582,00000001,96.582,X]
[23,F,0.966973,10000000,96.6973,X]
[47,F,0.971584,00001000,97.1584,X]
[32,F,0.978569,00100000,97.8569,X]
[104,F,0.985352,00000001,98.5352,X]
[105,F,0.999023,00000001,99.9023,X]
[24,F,0.9992,10000000,99.92,X]
GUIDE_TREE_PARTITION1=(((((((t1:6.33,t2:6.33):18.86,t3:25.19):4.7,t4:29.89):6.35,t5:36.24):8,t6:44.24):11.92,t7:56.16):43.84,t8:100);
