Taxa bit representation:
t1 10000000
t2 01000000
t3 00100000
t4 00010000
t5 00001000
t6 00000100
t7 00000010
t8 00000001
Clade List (<taxon members> = <clade name>): 

>Dataset_0
[0,F,0.106445,11111110,10.6445,X]
[1,F,0.129883,11111110,12.9883,X]
[2,F,0.251938,11111000,25.1938,X]
[16,F,0.363281,00000001,36.3281,X]
[9,F,0.364242,00000100,36.4242,X]
[17,F,0.375977,00000001,37.5977,X]
[14,F,0.386909,00000010,38.6909,X]
[10,F,0.427719,00000100,42.7719,X]
[18,F,0.446289,00000001,44.6289,X]
[3,F,0.561625,11110000,56.1625,X]
[11,F,0.584945,00000100,58.4945,X]
[15,F,0.604683,00000010,60.4683,X]
[19,F,0.645508,00000001,64.5508,X]
[4,F,0.678813,11110000,67.8813,X]
[12,F,0.717758,00000100,71.7758,X]
[20,F,0.828125,00000001,82.8125,X]
[7,F,0.934672,00001000,93.4672,X]
[5,F,0.95365,00010000,95.365,X]
[13,F,0.958969,00000100,95.8969,X]
[8,F,0.961039,00001000,96.1039,X]
[6,F,0.990759,00010000,99.0759,X]
GUIDE_TREE_PARTITION1=(((((((t1:8.27,t2:8.27):5.12,t3:13.39):13.12,t4:26.51):31.39,t5:57.9):25.5,t6:83.4):0.37,t7:83.77):16.23,t8:100);
