Taxa bit representation:
t1 10000000
t2 01000000
t3 00100000
t4 00010000
t5 00001000
t6 00000100
t7 00000010
t8 00000001
Clade List (<taxon members> = <clade name>): 

>Dataset_0
[0,F,0.0595703,11111100,5.95703,X]
[45,F,0.110456,00000001,11.0456,X]
[11,F,0.116202,00010000,11.6202,X]
[35,F,0.121198,00000010,12.1198,X]
[1,F,0.192373,11100000,19.2373,X]
[12,F,0.217764,00010000,21.7764,X]
[36,F,0.244245,00000010,24.4245,X]
[13,F,0.247061,00010000,24.7061,X]
[22,F,0.269194,00001100,26.9194,X]
[23,F,0.274077,00001100,27.4077,X]
[24,F,0.281889,00001100,28.1889,X]
[46,F,0.362409,00000001,36.2409,X]
[47,F,0.367292,00000001,36.7292,X]
[48,F,0.379011,00000001,37.9011,X]
[14,F,0.398428,00010000,39.8428,X]
[37,F,0.472761,00000010,47.2761,X]
[25,F,0.48892,00001100,48.892,X]
[38,F,0.498152,00000010,49.8152,X]
[2,F,0.499991,11100000,49.9991,X]
[3,F,0.514639,11100000,51.4639,X]
[49,F,0.522566,00000001,52.2566,X]
[39,F,0.533308,00000010,53.3308,X]
[40,F,0.551863,00000010,55.1863,X]
[26,F,0.553373,00001100,55.3373,X]
[41,F,0.557722,00000010,55.7722,X]
[4,F,0.596242,11000000,59.6242,X]
[15,F,0.626944,00010000,62.6944,X]
[50,F,0.643659,00000001,64.3659,X]
[51,F,0.644636,00000001,64.4636,X]
[5,F,0.660695,11000000,66.0695,X]
[9,F,0.680227,00100000,68.0227,X]
[16,F,0.695303,00010000,69.5303,X]
[52,F,0.701277,00000001,70.1277,X]
[17,F,0.705069,00010000,70.5069,X]
[18,F,0.715811,00010000,71.5811,X]
[27,F,0.748047,00001000,74.8047,X]
[34,F,0.780273,00000100,78.0273,X]
[19,F,0.785147,00010000,78.5147,X]
[20,F,0.799795,00010000,79.9795,X]
[6,F,0.800344,11000000,80.0344,X]
[28,F,0.804688,00001000,80.4688,X]
[21,F,0.805655,00010000,80.5655,X]
[10,F,0.819875,00100000,81.9875,X]
[42,F,0.82237,00000010,82.237,X]
[7,F,0.824758,11000000,82.4758,X]
[29,F,0.830078,00001000,83.0078,X]
[30,F,0.835938,00001000,83.5938,X]
[43,F,0.85948,00000010,85.948,X]
[31,F,0.873047,00001000,87.3047,X]
[8,F,0.917531,11000000,91.7531,X]
[32,F,0.918945,00001000,91.8945,X]
[53,F,0.926863,00000001,92.6863,X]
[33,F,0.96875,00001000,96.875,X]
[44,F,0.977644,00000010,97.7644,X]
GUIDE_TREE_PARTITION1=(((((t1:5.22,t2:5.22):36.23,t3:41.45):48.59,t4:90.04):1.4,(t5:43.75,t6:43.75):47.69):8.56,(t7:98.72,t8:98.72):1.28);
