Taxa bit representation:
t1 10000000
t2 01000000
t3 00100000
t4 00010000
t5 00001000
t6 00000100
t7 00000010
t8 00000001
Clade List (<taxon members> = <clade name>): 

>Dataset_0
[36,F,0.00488281,00001111,0.488281,X]
[37,F,0.0166016,00001111,1.66016,X]
[38,F,0.0185547,00001111,1.85547,X]
[0,F,0.0361328,11110000,3.61328,X]
[1,F,0.0498047,11110000,4.98047,X]
[2,F,0.0791016,11110000,7.91016,X]
[3,F,0.0810547,11110000,8.10547,X]
[4,F,0.0830078,11110000,8.30078,X]
[5,F,0.0947266,11110000,9.47266,X]
[78,F,0.122259,00000011,12.2259,X]
[79,F,0.134955,00000011,13.4955,X]
[39,F,0.154094,00001000,15.4094,X]
[40,F,0.181438,00001000,18.1438,X]
[80,F,0.185736,00000011,18.5736,X]
[81,F,0.191595,00000011,19.1595,X]
[6,F,0.202148,11110000,20.2148,X]
[56,F,0.215617,00000100,21.5617,X]
[57,F,0.218547,00000100,21.8547,X]
[41,F,0.287883,00001000,28.7883,X]
[82,F,0.294936,00000010,29.4936,X]
[42,F,0.309367,00001000,30.9367,X]
[58,F,0.310344,00000100,31.0344,X]
[43,F,0.313273,00001000,31.3273,X]
[59,F,0.316203,00000100,31.6203,X]
[60,F,0.330852,00000100,33.0852,X]
[7,F,0.334961,11110000,33.4961,X]
[8,F,0.337891,11110000,33.7891,X]
[9,F,0.348633,11110000,34.8633,X]
[83,F,0.3506,00000010,35.06,X]
[110,F,0.352553,00000001,35.2553,X]
[111,F,0.390639,00000001,39.0639,X]
[84,F,0.394545,00000010,39.4545,X]
[44,F,0.406047,00001000,40.6047,X]
[61,F,0.408,00000100,40.8,X]
[85,F,0.411147,00000010,41.1147,X]
[86,F,0.412123,00000010,41.2123,X]
[10,F,0.436523,11110000,43.6523,X]
[11,F,0.4375,11110000,43.75,X]
[45,F,0.438273,00001000,43.8273,X]
[87,F,0.44142,00000010,44.142,X]
[62,F,0.44218,00000100,44.218,X]
[88,F,0.44435,00000010,44.435,X]
[89,F,0.464858,00000010,46.4858,X]
[12,F,0.469727,11110000,46.9727,X]
[63,F,0.471477,00000100,47.1477,X]
[46,F,0.484172,00001000,48.4172,X]
[47,F,0.488078,00001000,48.8078,X]
[64,F,0.488078,00000100,48.8078,X]
[65,F,0.494914,00000100,49.4914,X]
[13,F,0.503906,11110000,50.3906,X]
[66,F,0.509563,00000100,50.9563,X]
[112,F,0.54103,00000001,54.103,X]
[113,F,0.546889,00000001,54.6889,X]
[90,F,0.547866,00000010,54.7866,X]
[48,F,0.549602,00001000,54.9602,X]
[67,F,0.557414,00000100,55.7414,X]
[114,F,0.565444,00000001,56.5444,X]
[14,F,0.567383,11110000,56.7383,X]
[115,F,0.567397,00000001,56.7397,X]
[15,F,0.587891,11110000,58.7891,X]
[91,F,0.596694,00000010,59.6694,X]
[116,F,0.596694,00000001,59.6694,X]
[16,F,0.601562,11110000,60.1562,X]
[117,F,0.611342,00000001,61.1342,X]
[118,F,0.612319,00000001,61.2319,X]
[92,F,0.614272,00000010,61.4272,X]
[93,F,0.62892,00000010,62.892,X]
[94,F,0.63478,00000010,63.478,X]
[68,F,0.646281,00000100,64.6281,X]
[69,F,0.658,00000100,65.8,X]
[95,F,0.667006,00000010,66.7006,X]
[49,F,0.671672,00001000,67.1672,X]
[50,F,0.674602,00001000,67.4602,X]
[70,F,0.685344,00000100,68.5344,X]
[119,F,0.690444,00000001,69.0444,X]
[51,F,0.696086,00001000,69.6086,X]
[96,F,0.720717,00000010,72.0717,X]
[97,F,0.726577,00000010,72.6577,X]
[21,F,0.727455,00110000,72.7455,X]
[22,F,0.733314,00110000,73.3314,X]
[98,F,0.740248,00000010,74.0248,X]
[71,F,0.743938,00000100,74.3937,X]
[99,F,0.755873,00000010,75.5873,X]
[72,F,0.758586,00000100,75.8586,X]
[100,F,0.763686,00000010,76.3686,X]
[101,F,0.766616,00000010,76.6616,X]
[23,F,0.767494,00110000,76.7494,X]
[102,F,0.770522,00000010,77.0522,X]
[103,F,0.773452,00000010,77.3452,X]
[104,F,0.777358,00000010,77.7358,X]
[73,F,0.783,00000100,78.3,X]
[24,F,0.789955,00110000,78.9955,X]
[25,F,0.797767,00110000,79.7767,X]
[17,F,0.822181,11000000,82.2181,X]
[18,F,0.829017,11000000,82.9017,X]
[26,F,0.831947,00110000,83.1947,X]
[52,F,0.836711,00001000,83.6711,X]
[105,F,0.849623,00000010,84.9623,X]
[27,F,0.858314,00110000,85.8314,X]
[120,F,0.866225,00000001,86.6225,X]
[28,F,0.867103,00110000,86.7103,X]
[74,F,0.874797,00000100,87.4797,X]
[29,F,0.874916,00110000,87.4916,X]
[75,F,0.875773,00000100,87.5773,X]
[53,F,0.881633,00001000,88.1633,X]
[19,F,0.895423,11000000,89.5423,X]
[121,F,0.898452,00000001,89.8452,X]
[30,F,0.89933,00110000,89.933,X]
[31,F,0.900306,00110000,90.0306,X]
[106,F,0.904311,00000010,90.4311,X]
[76,F,0.909953,00000100,90.9953,X]
[107,F,0.927748,00000010,92.7748,X]
[77,F,0.928508,00000100,92.8508,X]
[54,F,0.949992,00001000,94.9992,X]
[32,F,0.954689,00100000,95.4689,X]
[33,F,0.968361,00100000,96.8361,X]
[108,F,0.969741,00000010,96.9741,X]
[34,F,0.98008,00100000,98.008,X]
[55,F,0.986125,00001000,98.6125,X]
[35,F,0.986916,00010000,98.6916,X]
[122,F,0.993178,00000001,99.3178,X]
[20,F,0.995033,11000000,99.5033,X]
[109,F,0.995131,00000010,99.5131,X]
GUIDE_TREE_PARTITION1=(((t1:0.44,t2:0.44):28.67,(t3:5.41,t4:5.41):23.7):70.89,((t5:90.45,t6:90.45):4.16,(t7:71.19,t8:71.19):23.42):5.39);
