Taxa bit representation:
t1 10000000
t2 01000000
t3 00100000
t4 00010000
t5 00001000
t6 00000100
t7 00000010
t8 00000001
Clade List (<taxon members> = <clade name>): 

>Dataset_0
[34,F,0.125,00001111,12.5,X]
[0,F,0.125977,11110000,12.5977,X]
[1,F,0.178711,11110000,17.8711,X]
[35,F,0.181641,00001111,18.1641,X]
[14,F,0.187153,00110000,18.7153,X]
[15,F,0.249927,00100000,24.9927,X]
[16,F,0.264575,00100000,26.4575,X]
[27,F,0.320239,00010000,32.0239,X]
[2,F,0.322895,11000000,32.2895,X]
[17,F,0.327075,00100000,32.7075,X]
[43,F,0.349269,00000011,34.9269,X]
[3,F,0.378559,11000000,37.8559,X]
[18,F,0.394458,00100000,39.4458,X]
[19,F,0.432544,00100000,43.2544,X]
[20,F,0.457934,00100000,45.7934,X]
[44,F,0.461573,00000011,46.1573,X]
[28,F,0.493091,00010000,49.3091,X]
[36,F,0.5315,00001000,53.15,X]
[4,F,0.539766,10000000,53.9766,X]
[37,F,0.541266,00001000,54.1266,X]
[10,F,0.543672,01000000,54.3672,X]
[29,F,0.551684,00010000,55.1684,X]
[38,F,0.566656,00001000,56.6656,X]
[5,F,0.572969,10000000,57.2969,X]
[39,F,0.575445,00000100,57.5445,X]
[30,F,0.577075,00010000,57.7075,X]
[6,F,0.609102,10000000,60.9102,X]
[21,F,0.639575,00100000,63.9575,X]
[31,F,0.6552,00010000,65.52,X]
[40,F,0.679937,00000100,67.9937,X]
[41,F,0.689703,00000100,68.9703,X]
[22,F,0.736255,00100000,73.6255,X]
[11,F,0.739961,01000000,73.9961,X]
[45,F,0.74673,00000011,74.673,X]
[7,F,0.798555,10000000,79.8555,X]
[23,F,0.81438,00100000,81.438,X]
[24,F,0.815356,00100000,81.5356,X]
[32,F,0.820239,00010000,82.0239,X]
[46,F,0.84048,00000011,84.048,X]
[8,F,0.87082,10000000,87.082,X]
[12,F,0.87082,01000000,87.082,X]
[25,F,0.871997,00100000,87.1997,X]
[26,F,0.899341,00100000,89.9341,X]
[9,F,0.909883,10000000,90.9883,X]
[33,F,0.919848,00010000,91.9848,X]
[50,F,0.922391,00000001,92.2391,X]
[13,F,0.947969,01000000,94.7969,X]
[47,F,0.951688,00000010,95.1688,X]
[48,F,0.966336,00000010,96.6336,X]
[49,F,0.967313,00000010,96.7313,X]
[42,F,0.987555,00000100,98.7555,X]
GUIDE_TREE_PARTITION1=(((t1:47,t2:47):34.48,(t3:78.23,t4:78.23):3.25):18.52,((t5:59.35,t6:59.35):16.27,(t7:10.3,t8:10.3):65.32):24.38);
