Taxa bit representation:
t1 10000000
t2 01000000
t3 00100000
t4 00010000
t5 00001000
t6 00000100
t7 00000010
t8 00000001
Clade List (<taxon members> = <clade name>): 

>Dataset_0
[0,F,0.163086,11111110,16.3086,X]
[32,F,0.169922,00000001,16.9922,X]
[1,F,0.1875,11111110,18.75,X]
[2,F,0.201172,11111110,20.1172,X]
[3,F,0.208008,11111110,20.8008,X]
[33,F,0.212891,00000001,21.2891,X]
[4,F,0.296875,11111110,29.6875,X]
[5,F,0.319336,11111110,31.9336,X]
[34,F,0.359375,00000001,35.9375,X]
[35,F,0.366211,00000001,36.6211,X]
[6,F,0.440662,11111100,44.0662,X]
[36,F,0.520508,00000001,52.0508,X]
[19,F,0.617012,00001000,61.7012,X]
[23,F,0.630214,00000100,63.0214,X]
[37,F,0.657227,00000001,65.7227,X]
[7,F,0.667528,11100000,66.7528,X]
[28,F,0.668202,00000010,66.8202,X]
[13,F,0.675341,00010000,67.5341,X]
[8,F,0.699755,11100000,69.9755,X]
[14,F,0.707567,00010000,70.7567,X]
[38,F,0.728516,00000001,72.8516,X]
[39,F,0.733398,00000001,73.3398,X]
[29,F,0.758045,00000010,75.8045,X]
[20,F,0.760567,00001000,76.0567,X]
[24,F,0.76205,00000100,76.205,X]
[9,F,0.766161,11100000,76.6161,X]
[30,F,0.769764,00000010,76.9764,X]
[25,F,0.784511,00000100,78.4511,X]
[26,F,0.801113,00000100,80.1112,X]
[21,F,0.803536,00001000,80.3536,X]
[31,F,0.840077,00000010,84.0077,X]
[15,F,0.846239,00010000,84.6239,X]
[16,F,0.862841,00010000,86.2841,X]
[17,F,0.888231,00010000,88.8231,X]
[11,F,0.906589,00100000,90.6589,X]
[22,F,0.916817,00001000,91.6817,X]
[10,F,0.917331,11000000,91.7331,X]
[40,F,0.927734,00000001,92.7734,X]
[18,F,0.949755,00010000,94.9755,X]
[12,F,0.96323,00100000,96.323,X]
[27,F,0.965175,00000100,96.5175,X]
[41,F,0.990234,00000001,99.0234,X]
GUIDE_TREE_PARTITION1=(((((((t1:2.86,t2:2.86):19.86,t3:22.72):21.66,t4:44.38):0.95,t5:45.33):0.34,t6:45.67):20.42,t7:66.09):33.91,t8:100);
