Taxa bit representation:
t1 10000000
t2 01000000
t3 00100000
t4 00010000
t5 00001000
t6 00000100
t7 00000010
t8 00000001
Clade List (<taxon members> = <clade name>): 

>Dataset_0
[0,F,0.0654297,11111110,6.54297,X]
[1,F,0.101562,11111110,10.1562,X]
[2,F,0.104492,11111110,10.4492,X]
[3,F,0.144531,11111110,14.4531,X]
[4,F,0.154297,11111110,15.4297,X]
[42,F,0.166992,00000001,16.6992,X]
[43,F,0.22168,00000001,22.168,X]
[26,F,0.28182,00000100,28.182,X]
[5,F,0.371489,11110000,37.1489,X]
[27,F,0.399008,00000100,39.9008,X]
[44,F,0.40918,00000001,40.918,X]
[6,F,0.412505,11110000,41.2505,X]
[45,F,0.417969,00000001,41.7969,X]
[7,F,0.420317,11110000,42.0317,X]
[46,F,0.448242,00000001,44.8242,X]
[20,F,0.45352,00001000,45.352,X]
[33,F,0.454975,00000010,45.4975,X]
[34,F,0.457905,00000010,45.7905,X]
[35,F,0.490131,00000010,49.0131,X]
[21,F,0.505278,00001000,50.5278,X]
[28,F,0.550375,00000100,55.0375,X]
[36,F,0.562397,00000010,56.2397,X]
[47,F,0.604492,00000001,60.4492,X]
[8,F,0.622073,11100000,62.2073,X]
[15,F,0.629886,00010000,62.9886,X]
[16,F,0.638675,00010000,63.8675,X]
[9,F,0.680977,11000000,68.0977,X]
[22,F,0.691802,00001000,69.1802,X]
[23,F,0.70938,00001000,70.938,X]
[17,F,0.71387,00010000,71.387,X]
[24,F,0.74063,00001000,74.063,X]
[37,F,0.771381,00000010,77.1381,X]
[29,F,0.776938,00000100,77.6938,X]
[38,F,0.778217,00000010,77.8217,X]
[39,F,0.808491,00000010,80.8491,X]
[13,F,0.822578,00100000,82.2578,X]
[30,F,0.830648,00000100,83.0648,X]
[25,F,0.853911,00001000,85.3911,X]
[48,F,0.875,00000001,87.5,X]
[18,F,0.885745,00010000,88.5745,X]
[14,F,0.891914,00100000,89.1914,X]
[40,F,0.948139,00000010,94.8139,X]
[11,F,0.948208,01000000,94.8208,X]
[12,F,0.952114,01000000,95.2114,X]
[31,F,0.977133,00000100,97.7133,X]
[41,F,0.978413,00000010,97.8413,X]
[32,F,0.981039,00000100,98.1039,X]
[10,F,0.981411,10000000,98.1411,X]
[19,F,0.991214,00010000,99.1214,X]
GUIDE_TREE_PARTITION1=(((((((t1:7.23,t2:7.23):24.77,t3:32):8.82,t4:40.82):22.91,t5:63.73):10.92,t6:74.65):3.29,t7:77.94):22.06,t8:100);
