Taxa bit representation:
t1 10000000
t2 01000000
t3 00100000
t4 00010000
t5 00001000
t6 00000100
t7 00000010
t8 00000001
Clade List (<taxon members> = <clade name>): 

>Dataset_0
[58,F,0.000976562,00001111,0.0976562,X]
[0,F,0.00390625,11110000,0.390625,X]
[1,F,0.0166016,11110000,1.66016,X]
[59,F,0.0517578,00001111,5.17578,X]
[60,F,0.0754766,00001100,7.54766,X]
[2,F,0.0947266,11110000,9.47266,X]
[61,F,0.100577,00001000,10.0577,X]
[62,F,0.124991,00001000,12.4991,X]
[132,F,0.148602,00000001,14.8602,X]
[30,F,0.161378,00110000,16.1378,X]
[63,F,0.164053,00001000,16.4053,X]
[64,F,0.16503,00001000,16.503,X]
[133,F,0.172039,00000001,17.2039,X]
[115,F,0.183758,00000010,18.3758,X]
[65,F,0.191397,00001000,19.1397,X]
[66,F,0.192373,00001000,19.2373,X]
[67,F,0.194327,00001000,19.4327,X]
[90,F,0.203116,00000100,20.3116,X]
[116,F,0.219891,00000010,21.9891,X]
[3,F,0.220948,11000000,22.0948,X]
[91,F,0.22167,00000100,22.167,X]
[134,F,0.232586,00000001,23.2586,X]
[31,F,0.23755,00110000,23.755,X]
[68,F,0.244131,00001000,24.4131,X]
[32,F,0.253175,00110000,25.3175,X]
[135,F,0.263836,00000001,26.3836,X]
[92,F,0.265616,00000100,26.5616,X]
[69,F,0.267569,00001000,26.7569,X]
[33,F,0.269777,00110000,26.9777,X]
[4,F,0.269777,11000000,26.9777,X]
[70,F,0.270498,00001000,27.0498,X]
[93,F,0.270498,00000100,27.0498,X]
[136,F,0.273602,00000001,27.3602,X]
[117,F,0.284344,00000010,28.4344,X]
[137,F,0.293133,00000001,29.3133,X]
[138,F,0.300945,00000001,30.0945,X]
[139,F,0.31657,00000001,31.657,X]
[71,F,0.317373,00001000,31.7373,X]
[72,F,0.319327,00001000,31.9327,X]
[140,F,0.331219,00000001,33.1219,X]
[34,F,0.335206,00110000,33.5206,X]
[73,F,0.336905,00001000,33.6905,X]
[35,F,0.357667,00110000,35.7667,X]
[94,F,0.359366,00000100,35.9366,X]
[95,F,0.363272,00000100,36.3272,X]
[74,F,0.364248,00001000,36.4248,X]
[36,F,0.364503,00110000,36.4503,X]
[118,F,0.367352,00000010,36.7352,X]
[75,F,0.38085,00001000,38.085,X]
[119,F,0.382,00000010,38.2,X]
[76,F,0.388663,00001000,38.8663,X]
[141,F,0.391766,00000001,39.1766,X]
[37,F,0.398683,00110000,39.8683,X]
[142,F,0.400555,00000001,40.0555,X]
[96,F,0.417959,00000100,41.7959,X]
[97,F,0.432608,00000100,43.2608,X]
[77,F,0.449209,00001000,44.9209,X]
[38,F,0.45337,00110000,45.337,X]
[143,F,0.454266,00000001,45.4266,X]
[39,F,0.463136,00110000,46.3136,X]
[5,F,0.467042,11000000,46.7042,X]
[120,F,0.468914,00000010,46.8914,X]
[78,F,0.476553,00001000,47.6553,X]
[6,F,0.485597,11000000,48.5597,X]
[144,F,0.490398,00000001,49.0398,X]
[98,F,0.491202,00000100,49.1202,X]
[79,F,0.50292,00001000,50.292,X]
[7,F,0.512941,11000000,51.2941,X]
[145,F,0.514813,00000001,51.4813,X]
[40,F,0.520753,00110000,52.0753,X]
[99,F,0.526358,00000100,52.6358,X]
[146,F,0.532391,00000001,53.2391,X]
[8,F,0.544191,11000000,54.4191,X]
[80,F,0.546866,00001000,54.6866,X]
[81,F,0.547842,00001000,54.7842,X]
[147,F,0.548992,00000001,54.8992,X]
[148,F,0.551922,00000001,55.1922,X]
[41,F,0.556886,00110000,55.6886,X]
[100,F,0.56542,00000100,56.542,X]
[82,F,0.579092,00001000,57.9092,X]
[9,F,0.591066,11000000,59.1066,X]
[101,F,0.594717,00000100,59.4717,X]
[102,F,0.598623,00000100,59.8623,X]
[149,F,0.601727,00000001,60.1727,X]
[150,F,0.617352,00000001,61.7352,X]
[10,F,0.619386,11000000,61.9386,X]
[11,F,0.620363,11000000,62.0363,X]
[83,F,0.63085,00001000,63.085,X]
[84,F,0.653311,00001000,65.3311,X]
[12,F,0.662355,11000000,66.2355,X]
[121,F,0.678875,00000010,67.8875,X]
[151,F,0.696453,00000001,69.6453,X]
[13,F,0.705336,10000000,70.5336,X]
[22,F,0.707289,01000000,70.7289,X]
[23,F,0.716078,01000000,71.6078,X]
[14,F,0.719008,10000000,71.9008,X]
[51,F,0.719053,00010000,71.9053,X]
[15,F,0.72975,10000000,72.975,X]
[16,F,0.731703,10000000,73.1703,X]
[122,F,0.736492,00000010,73.6492,X]
[152,F,0.743328,00000001,74.3328,X]
[85,F,0.754873,00001000,75.4873,X]
[123,F,0.75993,00000010,75.993,X]
[103,F,0.760733,00000100,76.0733,X]
[17,F,0.762953,10000000,76.2953,X]
[104,F,0.769522,00000100,76.9522,X]
[124,F,0.780438,00000010,78.0438,X]
[24,F,0.788344,01000000,78.8344,X]
[42,F,0.792295,00100000,79.2295,X]
[125,F,0.798016,00000010,79.8016,X]
[153,F,0.798992,00000001,79.8992,X]
[18,F,0.803969,10000000,80.3969,X]
[52,F,0.81085,00010000,81.085,X]
[105,F,0.831045,00000100,83.1045,X]
[25,F,0.831313,01000000,83.1312,X]
[126,F,0.835125,00000010,83.5125,X]
[127,F,0.840008,00000010,84.0008,X]
[106,F,0.845694,00000100,84.5694,X]
[26,F,0.845961,01000000,84.5961,X]
[128,F,0.846844,00000010,84.6844,X]
[107,F,0.847647,00000100,84.7647,X]
[108,F,0.855459,00000100,85.5459,X]
[19,F,0.866469,10000000,86.6469,X]
[53,F,0.869444,00010000,86.9444,X]
[86,F,0.874991,00001000,87.4991,X]
[109,F,0.876944,00000100,87.6944,X]
[43,F,0.885069,00100000,88.5069,X]
[110,F,0.889639,00000100,88.9639,X]
[87,F,0.891592,00001000,89.1592,X]
[54,F,0.892881,00010000,89.2881,X]
[129,F,0.895672,00000010,89.5672,X]
[27,F,0.900648,01000000,90.0648,X]
[88,F,0.904288,00001000,90.4288,X]
[111,F,0.907217,00000100,90.7217,X]
[44,F,0.910459,00100000,91.0459,X]
[154,F,0.918133,00000001,91.8133,X]
[112,F,0.918936,00000100,91.8936,X]
[28,F,0.922133,01000000,92.2133,X]
[29,F,0.925063,01000000,92.5062,X]
[130,F,0.934734,00000010,93.4734,X]
[45,F,0.934873,00100000,93.4873,X]
[131,F,0.939617,00000010,93.9617,X]
[155,F,0.940594,00000001,94.0594,X]
[55,F,0.941709,00010000,94.1709,X]
[156,F,0.942547,00000001,94.2547,X]
[46,F,0.943662,00100000,94.3662,X]
[56,F,0.946592,00010000,94.6592,X]
[89,F,0.954092,00001000,95.4092,X]
[20,F,0.958266,10000000,95.8266,X]
[113,F,0.964834,00000100,96.4834,X]
[21,F,0.967055,10000000,96.7055,X]
[157,F,0.968914,00000001,96.8914,X]
[47,F,0.97003,00100000,97.003,X]
[114,F,0.97753,00000100,97.753,X]
[158,F,0.979656,00000001,97.9656,X]
[57,F,0.984678,00010000,98.4678,X]
[48,F,0.985655,00100000,98.5655,X]
[49,F,0.990537,00100000,99.0537,X]
[50,F,0.993467,00100000,99.3467,X]
GUIDE_TREE_PARTITION1=(((t1:30.15,t2:30.15):55.47,(t3:28.29,t4:28.29):57.33):14.38,((t5:90.04,t6:90.04):2.51,(t7:86.8,t8:86.8):5.75):7.45);
