Taxa bit representation:
t1 10000000
t2 01000000
t3 00100000
t4 00010000
t5 00001000
t6 00000100
t7 00000010
t8 00000001
Clade List (<taxon members> = <clade name>): 

>Dataset_0
[62,F,0.0458984,00001111,4.58984,X]
[0,F,0.0546875,11110000,5.46875,X]
[63,F,0.108398,00001111,10.8398,X]
[1,F,0.111275,11000000,11.1275,X]
[64,F,0.121094,00001111,12.1094,X]
[32,F,0.128853,00110000,12.8853,X]
[2,F,0.138619,11000000,13.8619,X]
[3,F,0.157173,11000000,15.7173,X]
[33,F,0.172798,00110000,17.2798,X]
[65,F,0.192383,00001111,19.2383,X]
[34,F,0.193306,00110000,19.3306,X]
[66,F,0.208008,00001111,20.8008,X]
[67,F,0.212891,00001111,21.2891,X]
[68,F,0.214844,00001111,21.4844,X]
[69,F,0.240234,00001111,24.0234,X]
[70,F,0.251953,00001111,25.1953,X]
[35,F,0.257759,00110000,25.7759,X]
[36,F,0.263619,00110000,26.3619,X]
[71,F,0.304688,00001111,30.4688,X]
[37,F,0.305611,00110000,30.5611,X]
[38,F,0.319283,00110000,31.9283,X]
[39,F,0.324166,00110000,32.4166,X]
[40,F,0.337838,00110000,33.7837,X]
[4,F,0.34858,11000000,34.858,X]
[41,F,0.350533,00110000,35.0533,X]
[42,F,0.380806,00110000,38.0806,X]
[43,F,0.386666,00110000,38.6666,X]
[5,F,0.396956,10000000,39.6956,X]
[44,F,0.400338,00110000,40.0337,X]
[72,F,0.405273,00001111,40.5273,X]
[73,F,0.413086,00001111,41.3086,X]
[74,F,0.416992,00001111,41.6992,X]
[6,F,0.426253,10000000,42.6253,X]
[75,F,0.43457,00001111,43.457,X]
[45,F,0.435494,00110000,43.5494,X]
[76,F,0.443359,00001111,44.3359,X]
[46,F,0.452095,00110000,45.2095,X]
[77,F,0.459961,00001111,45.9961,X]
[19,F,0.475081,01000000,47.5081,X]
[78,F,0.478516,00001111,47.8516,X]
[79,F,0.479492,00001111,47.9492,X]
[7,F,0.495589,10000000,49.5589,X]
[80,F,0.501953,00001111,50.1953,X]
[8,F,0.508284,10000000,50.8284,X]
[47,F,0.522408,00110000,52.2408,X]
[81,F,0.529297,00001111,52.9297,X]
[20,F,0.533675,01000000,53.3675,X]
[82,F,0.541992,00001111,54.1992,X]
[48,F,0.557564,00110000,55.7564,X]
[83,F,0.55957,00001111,55.957,X]
[21,F,0.569808,01000000,56.9808,X]
[9,F,0.595198,10000000,59.5198,X]
[84,F,0.595703,00001111,59.5703,X]
[49,F,0.596627,00110000,59.6627,X]
[22,F,0.604964,01000000,60.4964,X]
[10,F,0.605941,10000000,60.5941,X]
[11,F,0.60887,10000000,60.887,X]
[50,F,0.616158,00110000,61.6158,X]
[85,F,0.648797,00001100,64.8797,X]
[86,F,0.656609,00001100,65.6609,X]
[12,F,0.673323,10000000,67.3323,X]
[23,F,0.689925,01000000,68.9925,X]
[58,F,0.691502,00010000,69.1502,X]
[99,F,0.695672,00000011,69.5672,X]
[13,F,0.70555,10000000,70.555,X]
[100,F,0.71032,00000011,71.032,X]
[51,F,0.712009,00100000,71.2009,X]
[52,F,0.715916,00100000,71.5916,X]
[24,F,0.724105,01000000,72.4105,X]
[87,F,0.730828,00001100,73.0828,X]
[88,F,0.732781,00001100,73.2781,X]
[53,F,0.744236,00100000,74.4236,X]
[14,F,0.749495,10000000,74.9495,X]
[25,F,0.758284,01000000,75.8284,X]
[101,F,0.763055,00000011,76.3055,X]
[15,F,0.767073,10000000,76.7073,X]
[16,F,0.77098,10000000,77.098,X]
[109,F,0.773477,00000001,77.3477,X]
[54,F,0.777439,00100000,77.7439,X]
[26,F,0.786605,01000000,78.6605,X]
[89,F,0.793328,00001100,79.3328,X]
[102,F,0.799844,00000010,79.9844,X]
[103,F,0.814492,00000010,81.4492,X]
[104,F,0.815469,00000010,81.5469,X]
[27,F,0.821761,01000000,82.1761,X]
[105,F,0.823281,00000010,82.3281,X]
[59,F,0.825291,00010000,82.5291,X]
[90,F,0.847569,00001000,84.7569,X]
[110,F,0.850625,00000001,85.0625,X]
[55,F,0.851658,00100000,85.1658,X]
[17,F,0.853011,10000000,85.3011,X]
[111,F,0.856484,00000001,85.6484,X]
[96,F,0.871006,00000100,87.1006,X]
[60,F,0.881931,00010000,88.1931,X]
[97,F,0.882725,00000100,88.2725,X]
[56,F,0.884861,00100000,88.4861,X]
[18,F,0.887191,10000000,88.7191,X]
[106,F,0.889687,00000010,88.9688,X]
[28,F,0.89598,01000000,89.598,X]
[98,F,0.900303,00000100,90.0303,X]
[91,F,0.90128,00001000,90.128,X]
[29,F,0.903792,01000000,90.3792,X]
[92,F,0.905186,00001000,90.5186,X]
[112,F,0.905312,00000001,90.5312,X]
[30,F,0.923323,01000000,92.3323,X]
[93,F,0.9296,00001000,92.96,X]
[57,F,0.929783,00100000,92.9783,X]
[31,F,0.943831,01000000,94.3831,X]
[94,F,0.944248,00001000,94.4248,X]
[107,F,0.944375,00000010,94.4375,X]
[61,F,0.962986,00010000,96.2986,X]
[95,F,0.981358,00001000,98.1358,X]
[108,F,0.999062,00000010,99.9062,X]
GUIDE_TREE_PARTITION1=(((t1:63.82,t2:63.82):29.74,(t3:32.51,t4:32.51):61.05):6.44,((t5:19.54,t6:19.54):18.51,(t7:22.75,t8:22.75):15.3):61.95);
