Taxa bit representation:
t1 10000000
t2 01000000
t3 00100000
t4 00010000
t5 00001000
t6 00000100
t7 00000010
t8 00000001
Clade List (<taxon members> = <clade name>): 

>Dataset_0
[0,F,0.00488281,11110000,0.488281,X]
[17,F,0.027025,00110000,2.7025,X]
[1,F,0.0651109,11000000,6.51109,X]
[18,F,0.122728,00110000,12.2728,X]
[56,F,0.15333,00000011,15.333,X]
[19,F,0.185052,00100000,18.5052,X]
[2,F,0.22722,11000000,22.722,X]
[36,F,0.231169,00001000,23.1169,X]
[3,F,0.266283,11000000,26.6283,X]
[45,F,0.287809,00000100,28.7809,X]
[46,F,0.288786,00000100,28.8786,X]
[37,F,0.297575,00001000,29.7575,X]
[47,F,0.312223,00000100,31.2223,X]
[38,F,0.324919,00001000,32.4919,X]
[4,F,0.343431,11000000,34.3431,X]
[48,F,0.351286,00000100,35.1286,X]
[39,F,0.369841,00001000,36.9841,X]
[28,F,0.385247,00010000,38.5247,X]
[49,F,0.408903,00000100,40.8903,X]
[5,F,0.415053,10000000,41.5053,X]
[57,F,0.420252,00000010,42.0252,X]
[20,F,0.44677,00100000,44.677,X]
[58,F,0.455408,00000010,45.5408,X]
[67,F,0.467127,00000001,46.7127,X]
[59,F,0.479822,00000010,47.9822,X]
[68,F,0.479822,00000001,47.9822,X]
[50,F,0.496794,00000100,49.6794,X]
[6,F,0.505873,10000000,50.5873,X]
[21,F,0.513177,00100000,51.3177,X]
[29,F,0.525872,00010000,52.5872,X]
[40,F,0.547575,00001000,54.7575,X]
[7,F,0.559584,10000000,55.9584,X]
[60,F,0.564783,00000010,56.4783,X]
[22,F,0.565911,00100000,56.5911,X]
[51,F,0.575895,00000100,57.5895,X]
[11,F,0.581069,01000000,58.1069,X]
[52,F,0.589567,00000100,58.9567,X]
[30,F,0.606927,00010000,60.6927,X]
[61,F,0.609705,00000010,60.9705,X]
[41,F,0.639372,00001000,63.9372,X]
[23,F,0.642083,00100000,64.2083,X]
[53,F,0.672575,00000100,67.2575,X]
[12,F,0.688491,01000000,68.8491,X]
[42,F,0.694059,00001000,69.4059,X]
[24,F,0.715325,00100000,71.5325,X]
[25,F,0.716302,00100000,71.6302,X]
[54,F,0.720427,00000100,72.0427,X]
[55,F,0.740934,00000100,74.0934,X]
[69,F,0.754236,00000001,75.4236,X]
[8,F,0.75978,10000000,75.978,X]
[62,F,0.766931,00000010,76.6931,X]
[31,F,0.800286,00010000,80.0286,X]
[32,F,0.809075,00010000,80.9075,X]
[26,F,0.809075,00100000,80.9075,X]
[70,F,0.816736,00000001,81.6736,X]
[71,F,0.820642,00000001,82.0642,X]
[13,F,0.82228,01000000,82.228,X]
[33,F,0.833489,00010000,83.3489,X]
[9,F,0.833998,10000000,83.3998,X]
[43,F,0.886442,00001000,88.6442,X]
[72,F,0.887048,00000001,88.7048,X]
[34,F,0.888177,00010000,88.8177,X]
[63,F,0.889978,00000010,88.9978,X]
[73,F,0.907556,00000001,90.7556,X]
[10,F,0.918959,10000000,91.8959,X]
[64,F,0.927087,00000010,92.7087,X]
[14,F,0.950209,01000000,95.0209,X]
[74,F,0.971033,00000001,97.1033,X]
[15,F,0.973647,01000000,97.3647,X]
[16,F,0.9756,01000000,97.56,X]
[65,F,0.976892,00000010,97.6892,X]
[44,F,0.980192,00001000,98.0192,X]
[66,F,0.986658,00000010,98.6658,X]
[35,F,0.991692,00010000,99.1692,X]
[27,F,0.997552,00100000,99.7552,X]
GUIDE_TREE_PARTITION1=(((t1:58.69,t2:58.69):40.17,(t3:86.28,t4:86.28):12.58):1.14,((t5:81.18,t6:81.18):16.28,(t7:69.01,t8:69.01):28.45):2.54);
