Taxa bit representation:
t1 10000000
t2 01000000
t3 00100000
t4 00010000
t5 00001000
t6 00000100
t7 00000010
t8 00000001
Clade List (<taxon members> = <clade name>): 

>Dataset_0
[0,F,0.0244141,11111110,2.44141,X]
[29,F,0.0585938,00000001,5.85938,X]
[1,F,0.0947266,11111110,9.47266,X]
[2,F,0.113281,11111110,11.3281,X]
[30,F,0.227539,00000001,22.7539,X]
[31,F,0.258789,00000001,25.8789,X]
[3,F,0.261719,11111110,26.1719,X]
[32,F,0.297852,00000001,29.7852,X]
[4,F,0.371094,11111110,37.1094,X]
[33,F,0.410156,00000001,41.0156,X]
[5,F,0.439453,11111110,43.9453,X]
[6,F,0.445312,11111110,44.5312,X]
[34,F,0.461914,00000001,46.1914,X]
[20,F,0.671848,00000010,67.1848,X]
[16,F,0.70468,00000100,70.468,X]
[21,F,0.707005,00000010,70.7005,X]
[7,F,0.728958,11110000,72.8958,X]
[22,F,0.744114,00000010,74.4114,X]
[8,F,0.756277,01000000,75.6277,X]
[35,F,0.793945,00000001,79.3945,X]
[23,F,0.795872,00000010,79.5872,X]
[17,F,0.796477,00000100,79.6477,X]
[24,F,0.797825,00000010,79.7825,X]
[9,F,0.826589,01000000,82.6589,X]
[36,F,0.829102,00000001,82.9102,X]
[10,F,0.840261,01000000,84.0261,X]
[11,F,0.870534,01000000,87.0534,X]
[12,F,0.884313,00100000,88.4313,X]
[13,F,0.889431,00010000,88.9431,X]
[25,F,0.903294,00000010,90.3294,X]
[15,F,0.940872,00001000,94.0872,X]
[18,F,0.95468,00000100,95.468,X]
[26,F,0.965794,00000010,96.5794,X]
[14,F,0.970486,00010000,97.0486,X]
[19,F,0.971281,00000100,97.1281,X]
[27,F,0.996067,00000010,99.6067,X]
[28,F,0.997044,00000010,99.7044,X]
GUIDE_TREE_PARTITION1=(((((((t1:24.47,t2:24.47):0.38,t3:24.85):0.66,t4:25.51):6.77,t5:32.28):0.67,t6:32.95):1.33,t7:34.28):65.72,t8:100);
