Taxa bit representation:
t1 10000000
t2 01000000
t3 00100000
t4 00010000
t5 00001000
t6 00000100
t7 00000010
t8 00000001
Clade List (<taxon members> = <clade name>): 

>Dataset_0
[4,F,0.114184,00001100,11.4184,X]
[10,F,0.15227,00000011,15.227,X]
[5,F,0.205005,00001100,20.5005,X]
[11,F,0.22063,00000011,22.063,X]
[12,F,0.263598,00000011,26.3598,X]
[13,F,0.333911,00000011,33.3911,X]
[14,F,0.341723,00000011,34.1723,X]
[0,F,0.345703,11110000,34.5703,X]
[6,F,0.385669,00001100,38.5669,X]
[15,F,0.473559,00000011,47.3559,X]
[7,F,0.534106,00001100,53.4106,X]
[16,F,0.556567,00000011,55.6567,X]
[8,F,0.594653,00001100,59.4653,X]
[17,F,0.633422,00000010,63.3422,X]
[18,F,0.635375,00000010,63.5375,X]
[19,F,0.797484,00000001,79.7484,X]
[20,F,0.880492,00000001,88.0492,X]
[1,F,0.894005,00110000,89.4005,X]
[21,F,0.908813,00000001,90.8813,X]
[9,F,0.922648,00001000,92.2648,X]
[3,F,0.969645,00010000,96.9645,X]
[2,F,0.997966,00100000,99.7966,X]
GUIDE_TREE_PARTITION1=(((t1:3.08,t2:3.08):37.5,(t3:7.43,t4:7.43):33.15):59.42,((t5:9.2,t6:9.2):81.53,(t7:41.15,t8:41.15):49.58):9.27);
