Taxa bit representation:
t1 10000000
t2 01000000
t3 00100000
t4 00010000
t5 00001000
t6 00000100
t7 00000010
t8 00000001
Clade List (<taxon members> = <clade name>): 

>Dataset_0
[20,F,0.186523,00000001,18.6523,X]
[0,F,0.264517,11111000,26.4517,X]
[10,F,0.295975,00000010,29.5975,X]
[1,F,0.302603,11111000,30.2603,X]
[9,F,0.319205,00000100,31.9205,X]
[11,F,0.344803,00000010,34.4803,X]
[21,F,0.362305,00000001,36.2305,X]
[12,F,0.419998,00000010,41.9998,X]
[13,F,0.4991,00000010,49.91,X]
[22,F,0.636719,00000001,63.6719,X]
[6,F,0.667894,00001000,66.7894,X]
[7,F,0.678636,00001000,67.8636,X]
[8,F,0.712816,00001000,71.2816,X]
[3,F,0.757167,00010000,75.7167,X]
[4,F,0.763027,00010000,76.3027,X]
[14,F,0.771561,00000010,77.1561,X]
[15,F,0.789139,00000010,78.9139,X]
[23,F,0.791992,00000001,79.1992,X]
[5,F,0.839198,00010000,83.9198,X]
[16,F,0.850662,00000010,85.0662,X]
[17,F,0.885819,00000010,88.5819,X]
[2,F,0.927836,10000000,92.7836,X]
[24,F,0.938477,00000001,93.8477,X]
[18,F,0.975662,00000010,97.5662,X]
[19,F,0.979569,00000010,97.9569,X]
GUIDE_TREE_PARTITION1=(((((((t1:14.15,t2:14.15):15.06,t3:29.21):10.21,t4:39.42):12.15,t5:51.57):40.24,t6:91.81):2.03,t7:93.84):6.16,t8:100);
