Taxa bit representation:
t1 10000000
t2 01000000
t3 00100000
t4 00010000
t5 00001000
t6 00000100
t7 00000010
t8 00000001
Clade List (<taxon members> = <clade name>): 

>Dataset_0
[100,F,0.0078125,00000001,0.78125,X]
[101,F,0.0517578,00000001,5.17578,X]
[0,F,0.0839844,11111110,8.39844,X]
[102,F,0.100586,00000001,10.0586,X]
[103,F,0.116211,00000001,11.6211,X]
[1,F,0.21025,11111100,21.025,X]
[2,F,0.219512,11111000,21.9513,X]
[104,F,0.238281,00000001,23.8281,X]
[105,F,0.25,00000001,25,X]
[59,F,0.251739,00000100,25.1739,X]
[75,F,0.270797,00000010,27.0797,X]
[3,F,0.287872,11111000,28.7872,X]
[4,F,0.298614,11111000,29.8614,X]
[106,F,0.305664,00000001,30.5664,X]
[76,F,0.322555,00000010,32.2555,X]
[5,F,0.324005,11111000,32.4005,X]
[107,F,0.329102,00000001,32.9102,X]
[108,F,0.330078,00000001,33.0078,X]
[77,F,0.330367,00000010,33.0367,X]
[78,F,0.339156,00000010,33.9156,X]
[79,F,0.342086,00000010,34.2086,X]
[80,F,0.354781,00000010,35.4781,X]
[109,F,0.370117,00000001,37.0117,X]
[81,F,0.370406,00000010,37.0406,X]
[82,F,0.371383,00000010,37.1383,X]
[44,F,0.380705,00001000,38.0705,X]
[6,F,0.401212,11110000,40.1212,X]
[110,F,0.401367,00000001,40.1367,X]
[60,F,0.405059,00000100,40.5059,X]
[61,F,0.409942,00000100,40.9942,X]
[62,F,0.421661,00000100,42.1661,X]
[111,F,0.430664,00000001,43.0664,X]
[63,F,0.436309,00000100,43.6309,X]
[112,F,0.439453,00000001,43.9453,X]
[113,F,0.44043,00000001,44.043,X]
[114,F,0.442383,00000001,44.2383,X]
[83,F,0.461227,00000010,46.1227,X]
[84,F,0.467086,00000010,46.7086,X]
[85,F,0.476852,00000010,47.6852,X]
[86,F,0.478805,00000010,47.8805,X]
[87,F,0.4915,00000010,49.15,X]
[88,F,0.499312,00000010,49.9312,X]
[32,F,0.537453,00010000,53.7453,X]
[33,F,0.540383,00010000,54.0383,X]
[115,F,0.543945,00000001,54.3945,X]
[7,F,0.554055,11100000,55.4055,X]
[34,F,0.560891,00010000,56.0891,X]
[45,F,0.561369,00001000,56.1369,X]
[35,F,0.561867,00010000,56.1867,X]
[116,F,0.573242,00000001,57.3242,X]
[8,F,0.574562,11100000,57.4562,X]
[64,F,0.575958,00000100,57.5958,X]
[36,F,0.577492,00010000,57.7492,X]
[46,F,0.5809,00001000,58.09,X]
[37,F,0.583352,00010000,58.3352,X]
[65,F,0.587677,00000100,58.7677,X]
[47,F,0.588712,00001000,58.8712,X]
[66,F,0.591583,00000100,59.1583,X]
[89,F,0.601852,00000010,60.1852,X]
[90,F,0.61943,00000010,61.943,X]
[67,F,0.625762,00000100,62.5763,X]
[68,F,0.632598,00000100,63.2598,X]
[91,F,0.654586,00000010,65.4586,X]
[92,F,0.657516,00000010,65.7516,X]
[48,F,0.664884,00001000,66.4884,X]
[117,F,0.668945,00000001,66.8945,X]
[93,F,0.67607,00000010,67.607,X]
[49,F,0.698087,00001000,69.8088,X]
[38,F,0.709328,00010000,70.9328,X]
[69,F,0.710723,00000100,71.0723,X]
[118,F,0.711914,00000001,71.1914,X]
[70,F,0.712677,00000100,71.2677,X]
[71,F,0.732208,00000100,73.2208,X]
[50,F,0.735197,00001000,73.5197,X]
[9,F,0.741336,10000000,74.1336,X]
[39,F,0.743508,00010000,74.3508,X]
[119,F,0.74707,00000001,74.707,X]
[18,F,0.752078,01000000,75.2078,X]
[29,F,0.766319,00100000,76.6319,X]
[94,F,0.774703,00000010,77.4703,X]
[10,F,0.778445,10000000,77.8445,X]
[11,F,0.779422,10000000,77.9422,X]
[40,F,0.780617,00010000,78.0617,X]
[51,F,0.783048,00001000,78.3048,X]
[120,F,0.801758,00000001,80.1758,X]
[30,F,0.802452,00100000,80.2452,X]
[31,F,0.807334,00100000,80.7334,X]
[19,F,0.813602,01000000,81.3602,X]
[41,F,0.81382,00010000,81.382,X]
[95,F,0.816695,00000010,81.6695,X]
[42,F,0.822609,00010000,82.2609,X]
[52,F,0.824064,00001000,82.4064,X]
[20,F,0.838992,01000000,83.8992,X]
[72,F,0.854278,00000100,85.4278,X]
[21,F,0.858523,01000000,85.8523,X]
[53,F,0.861173,00001000,86.1173,X]
[22,F,0.861453,01000000,86.1453,X]
[12,F,0.877078,10000000,87.7078,X]
[73,F,0.881622,00000100,88.1622,X]
[13,F,0.883914,10000000,88.3914,X]
[23,F,0.884891,01000000,88.4891,X]
[14,F,0.889773,10000000,88.9773,X]
[24,F,0.89368,01000000,89.368,X]
[96,F,0.90068,00000010,90.068,X]
[54,F,0.905119,00001000,90.5119,X]
[55,F,0.907072,00001000,90.7072,X]
[15,F,0.908328,10000000,90.8328,X]
[25,F,0.922977,01000000,92.2977,X]
[121,F,0.923828,00000001,92.3828,X]
[97,F,0.924117,00000010,92.4117,X]
[56,F,0.941252,00001000,94.1252,X]
[122,F,0.945312,00000001,94.5312,X]
[74,F,0.949005,00000100,94.9005,X]
[16,F,0.955203,10000000,95.5203,X]
[57,F,0.956877,00001000,95.6877,X]
[58,F,0.964689,00001000,96.4689,X]
[26,F,0.966922,01000000,96.6922,X]
[123,F,0.969727,00000001,96.9727,X]
[27,F,0.972781,01000000,97.2781,X]
[17,F,0.977664,10000000,97.7664,X]
[98,F,0.978805,00000010,97.8805,X]
[43,F,0.984719,00010000,98.4719,X]
[28,F,0.98743,01000000,98.743,X]
[99,F,0.992477,00000010,99.2477,X]
GUIDE_TREE_PARTITION1=(((((((t1:26.55,t2:26.55):4.24,t3:30.79):21.91,t4:52.7):14.21,t5:66.91):11.92,t6:78.83):9.52,t7:88.35):11.65,t8:100);
