Taxa bit representation:
t1 10000000
t2 01000000
t3 00100000
t4 00010000
t5 00001000
t6 00000100
t7 00000010
t8 00000001
Clade List (<taxon members> = <clade name>): 

>Dataset_0
[0,F,0.015625,11111110,1.5625,X]
[1,F,0.0195312,11111110,1.95312,X]
[2,F,0.0341797,11111110,3.41797,X]
[3,F,0.0585937,11111110,5.85937,X]
[4,F,0.0605469,11111110,6.05469,X]
[5,F,0.0673828,11111110,6.73828,X]
[148,F,0.0810547,00000001,8.10547,X]
[122,F,0.0855359,00000010,8.55359,X]
[149,F,0.0957031,00000001,9.57031,X]
[123,F,0.10702,00000010,10.702,X]
[150,F,0.141602,00000001,14.1602,X]
[124,F,0.152919,00000010,15.2919,X]
[151,F,0.158203,00000001,15.8203,X]
[6,F,0.173427,11111100,17.3427,X]
[152,F,0.174805,00000001,17.4805,X]
[7,F,0.178309,11111100,17.8309,X]
[125,F,0.201747,00000010,20.1747,X]
[8,F,0.209559,11111100,20.9559,X]
[9,F,0.223231,11111100,22.3231,X]
[153,F,0.238281,00000001,23.8281,X]
[126,F,0.243739,00000010,24.3739,X]
[94,F,0.270683,00000100,27.0683,X]
[10,F,0.272636,11111000,27.2636,X]
[127,F,0.276942,00000010,27.6942,X]
[154,F,0.285156,00000001,28.5156,X]
[128,F,0.291591,00000010,29.1591,X]
[11,F,0.305839,11111000,30.5839,X]
[95,F,0.311698,00000100,31.1698,X]
[12,F,0.314628,11111000,31.4628,X]
[13,F,0.33123,11111000,33.123,X]
[129,F,0.334559,00000010,33.4559,X]
[155,F,0.337891,00000001,33.7891,X]
[96,F,0.342948,00000100,34.2948,X]
[97,F,0.347831,00000100,34.7831,X]
[130,F,0.365809,00000010,36.5809,X]
[76,F,0.375548,00001000,37.5548,X]
[98,F,0.379081,00000100,37.9081,X]
[131,F,0.382411,00000010,38.2411,X]
[99,F,0.391777,00000100,39.1777,X]
[156,F,0.394531,00000001,39.4531,X]
[14,F,0.39508,11110000,39.508,X]
[77,F,0.412658,00001000,41.2658,X]
[78,F,0.4234,00001000,42.34,X]
[100,F,0.435722,00000100,43.5722,X]
[15,F,0.440978,11110000,44.0978,X]
[101,F,0.441581,00000100,44.1581,X]
[16,F,0.44723,11100000,44.723,X]
[17,F,0.456019,11100000,45.6019,X]
[102,F,0.461112,00000100,46.1112,X]
[157,F,0.463867,00000001,46.3867,X]
[132,F,0.485927,00000010,48.5927,X]
[48,F,0.494473,00100000,49.4473,X]
[103,F,0.496269,00000100,49.6269,X]
[158,F,0.498047,00000001,49.8047,X]
[18,F,0.499444,10000000,49.9444,X]
[49,F,0.503263,00100000,50.3263,X]
[159,F,0.510742,00000001,51.0742,X]
[133,F,0.518153,00000010,51.8153,X]
[30,F,0.518975,01000000,51.8975,X]
[50,F,0.519864,00100000,51.9864,X]
[51,F,0.527677,00100000,52.7677,X]
[52,F,0.542325,00100000,54.2325,X]
[79,F,0.550353,00001000,55.0353,X]
[80,F,0.572814,00001000,57.2814,X]
[19,F,0.575616,10000000,57.5616,X]
[53,F,0.577481,00100000,57.7481,X]
[160,F,0.578125,00000001,57.8125,X]
[31,F,0.586358,01000000,58.6358,X]
[20,F,0.591241,10000000,59.1241,X]
[81,F,0.591369,00001000,59.1369,X]
[104,F,0.595878,00000100,59.5878,X]
[21,F,0.599053,10000000,59.9053,X]
[82,F,0.600158,00001000,60.0158,X]
[161,F,0.600586,00000001,60.0586,X]
[22,F,0.604913,10000000,60.4913,X]
[32,F,0.623467,01000000,62.3467,X]
[134,F,0.628505,00000010,62.8505,X]
[61,F,0.638636,00010000,63.8636,X]
[105,F,0.639823,00000100,63.9823,X]
[54,F,0.640958,00100000,64.0958,X]
[106,F,0.642753,00000100,64.2753,X]
[83,F,0.646056,00001000,64.6056,X]
[107,F,0.664237,00000100,66.4237,X]
[23,F,0.664483,10000000,66.4483,X]
[135,F,0.670497,00000010,67.0497,X]
[162,F,0.673828,00000001,67.3828,X]
[108,F,0.676933,00000100,67.6933,X]
[109,F,0.677909,00000100,67.7909,X]
[62,F,0.679652,00010000,67.9652,X]
[110,F,0.679862,00000100,67.9862,X]
[111,F,0.681816,00000100,68.1816,X]
[136,F,0.683192,00000010,68.3192,X]
[24,F,0.69085,10000000,69.085,X]
[137,F,0.694911,00000010,69.4911,X]
[163,F,0.696289,00000001,69.6289,X]
[63,F,0.69723,00010000,69.723,X]
[55,F,0.697598,00100000,69.7598,X]
[33,F,0.703545,01000000,70.3545,X]
[56,F,0.704434,00100000,70.4434,X]
[25,F,0.712334,10000000,71.2334,X]
[164,F,0.716797,00000001,71.6797,X]
[165,F,0.719727,00000001,71.9727,X]
[138,F,0.723231,00000010,72.3231,X]
[166,F,0.727539,00000001,72.7539,X]
[167,F,0.729492,00000001,72.9492,X]
[34,F,0.730889,01000000,73.0889,X]
[84,F,0.736877,00001000,73.6877,X]
[26,F,0.741631,10000000,74.1631,X]
[35,F,0.742608,01000000,74.2608,X]
[139,F,0.746669,00000010,74.6669,X]
[36,F,0.754327,01000000,75.4327,X]
[112,F,0.757987,00000100,75.7987,X]
[64,F,0.758753,00010000,75.8753,X]
[27,F,0.759209,10000000,75.9209,X]
[65,F,0.75973,00010000,75.973,X]
[57,F,0.764005,00100000,76.4005,X]
[66,F,0.764612,00010000,76.4612,X]
[168,F,0.765625,00000001,76.5625,X]
[37,F,0.767998,01000000,76.7998,X]
[140,F,0.771083,00000010,77.1083,X]
[113,F,0.781425,00000100,78.1425,X]
[114,F,0.782402,00000100,78.2402,X]
[141,F,0.785731,00000010,78.5731,X]
[115,F,0.787284,00000100,78.7284,X]
[28,F,0.78753,10000000,78.753,X]
[116,F,0.793144,00000100,79.3144,X]
[67,F,0.793909,00010000,79.3909,X]
[58,F,0.794278,00100000,79.4278,X]
[169,F,0.795898,00000001,79.5898,X]
[117,F,0.796073,00000100,79.6073,X]
[38,F,0.801202,01000000,80.1202,X]
[39,F,0.810967,01000000,81.0967,X]
[59,F,0.815762,00100000,81.5762,X]
[142,F,0.819911,00000010,81.9911,X]
[85,F,0.828673,00001000,82.8673,X]
[40,F,0.831475,01000000,83.1475,X]
[41,F,0.838311,01000000,83.8311,X]
[86,F,0.839416,00001000,83.9416,X]
[143,F,0.842372,00000010,84.2372,X]
[68,F,0.842737,00010000,84.2737,X]
[60,F,0.851895,00100000,85.1895,X]
[69,F,0.864222,00010000,86.4222,X]
[70,F,0.866175,00010000,86.6175,X]
[71,F,0.872034,00010000,87.2034,X]
[118,F,0.873222,00000100,87.3222,X]
[119,F,0.879081,00000100,87.9081,X]
[42,F,0.879327,01000000,87.9327,X]
[43,F,0.885186,01000000,88.5186,X]
[87,F,0.887267,00001000,88.7267,X]
[44,F,0.889092,01000000,88.9092,X]
[144,F,0.890223,00000010,89.0223,X]
[45,F,0.893975,01000000,89.3975,X]
[88,F,0.903869,00001000,90.3869,X]
[46,F,0.907647,01000000,90.7647,X]
[120,F,0.914237,00000100,91.4237,X]
[89,F,0.917541,00001000,91.7541,X]
[121,F,0.918144,00000100,91.8144,X]
[170,F,0.918945,00000001,91.8945,X]
[171,F,0.921875,00000001,92.1875,X]
[145,F,0.92245,00000010,92.245,X]
[90,F,0.9234,00001000,92.34,X]
[72,F,0.933558,00010000,93.3558,X]
[73,F,0.946253,00010000,94.6253,X]
[74,F,0.952112,00010000,95.2112,X]
[146,F,0.958583,00000010,95.8583,X]
[91,F,0.961486,00001000,96.1486,X]
[92,F,0.962462,00001000,96.2462,X]
[172,F,0.967773,00000001,96.7773,X]
[147,F,0.969325,00000010,96.9325,X]
[29,F,0.970147,10000000,97.0147,X]
[93,F,0.975158,00001000,97.5158,X]
[47,F,0.985772,01000000,98.5772,X]
[75,F,0.988245,00010000,98.8245,X]
GUIDE_TREE_PARTITION1=(((((((t1:52.79,t2:52.79):0.79,t3:53.58):1.99,t4:55.57):8.34,t5:63.91):9.51,t6:73.42):18.71,t7:92.13):7.87,t8:100);
