Taxa bit representation:
t1 10000000
t2 01000000
t3 00100000
t4 00010000
t5 00001000
t6 00000100
t7 00000010
t8 00000001
Clade List (<taxon members> = <clade name>): 

>Dataset_0
[47,F,0.0263672,00000001,2.63672,X]
[48,F,0.0390625,00000001,3.90625,X]
[49,F,0.0839844,00000001,8.39844,X]
[0,F,0.142578,11111110,14.2578,X]
[1,F,0.179688,11111110,17.9688,X]
[50,F,0.204102,00000001,20.4102,X]
[2,F,0.222608,11111100,22.2608,X]
[29,F,0.280383,00000100,28.0383,X]
[30,F,0.300891,00000100,30.0891,X]
[3,F,0.30675,11111000,30.675,X]
[4,F,0.311633,11111000,31.1633,X]
[39,F,0.428663,00000010,42.8663,X]
[31,F,0.461047,00000100,46.1047,X]
[15,F,0.470106,00010000,47.0106,X]
[16,F,0.475966,00010000,47.5966,X]
[17,F,0.504286,00010000,50.4286,X]
[18,F,0.509169,00010000,50.9169,X]
[19,F,0.514052,00010000,51.4052,X]
[40,F,0.533155,00000010,53.3155,X]
[41,F,0.547803,00000010,54.7803,X]
[51,F,0.569336,00000001,56.9336,X]
[42,F,0.588819,00000010,58.8819,X]
[5,F,0.590223,11100000,59.0223,X]
[32,F,0.598742,00000100,59.8742,X]
[52,F,0.625977,00000001,62.5977,X]
[26,F,0.653867,00001000,65.3867,X]
[20,F,0.691786,00010000,69.1786,X]
[53,F,0.694336,00000001,69.4336,X]
[6,F,0.731825,11100000,73.1825,X]
[54,F,0.733398,00000001,73.3398,X]
[7,F,0.735731,11100000,73.5731,X]
[27,F,0.75543,00001000,75.543,X]
[28,F,0.782773,00001000,78.2773,X]
[21,F,0.794325,00010000,79.4325,X]
[43,F,0.794873,00000010,79.4873,X]
[44,F,0.803662,00000010,80.3662,X]
[33,F,0.831164,00000100,83.1164,X]
[8,F,0.83313,11000000,83.313,X]
[9,F,0.840942,11000000,84.0942,X]
[12,F,0.844848,00100000,84.4848,X]
[34,F,0.847766,00000100,84.7766,X]
[13,F,0.850708,00100000,85.0708,X]
[35,F,0.856555,00000100,85.6555,X]
[45,F,0.859327,00000010,85.9327,X]
[22,F,0.863661,00010000,86.3661,X]
[46,F,0.92378,00000010,92.378,X]
[55,F,0.928711,00000001,92.8711,X]
[23,F,0.930067,00010000,93.0067,X]
[36,F,0.936633,00000100,93.6633,X]
[24,F,0.946669,00010000,94.6669,X]
[56,F,0.958008,00000001,95.8008,X]
[25,F,0.961317,00010000,96.1317,X]
[57,F,0.966797,00000001,96.6797,X]
[11,F,0.969722,01000000,96.9722,X]
[37,F,0.979602,00000100,97.9602,X]
[38,F,0.985461,00000100,98.5461,X]
[14,F,0.987427,00100000,98.7427,X]
[10,F,0.988277,10000000,98.8277,X]
GUIDE_TREE_PARTITION1=(((((((t1:13.77,t2:13.77):3.21,t3:16.98):36.4,t4:53.38):2.62,t5:56):16.45,t6:72.45):7.34,t7:79.79):20.21,t8:100);
