Taxa bit representation:
t1 10000000
t2 01000000
t3 00100000
t4 00010000
t5 00001000
t6 00000100
t7 00000010
t8 00000001
Clade List (<taxon members> = <clade name>): 

>Dataset_0
[0,F,0.00488281,11110000,0.488281,X]
[1,F,0.0219063,11000000,2.19063,X]
[41,F,0.0355781,00110000,3.55781,X]
[42,F,0.0375313,00110000,3.75313,X]
[71,F,0.0654297,00001111,6.54297,X]
[72,F,0.0732422,00001111,7.32422,X]
[2,F,0.0765938,11000000,7.65937,X]
[73,F,0.111937,00001100,11.1937,X]
[3,F,0.112727,11000000,11.2727,X]
[74,F,0.11682,00001100,11.682,X]
[75,F,0.12268,00001100,12.268,X]
[43,F,0.135188,00110000,13.5188,X]
[98,F,0.145141,00000011,14.5141,X]
[4,F,0.160578,11000000,16.0578,X]
[76,F,0.183227,00001100,18.3227,X]
[44,F,0.199641,00110000,19.9641,X]
[77,F,0.206664,00001100,20.6664,X]
[45,F,0.20843,00110000,20.843,X]
[99,F,0.212523,00000011,21.2523,X]
[100,F,0.234008,00000011,23.4008,X]
[78,F,0.24475,00001100,24.475,X]
[46,F,0.253352,00110000,25.3352,X]
[5,F,0.254328,11000000,25.4328,X]
[79,F,0.259398,00001100,25.9398,X]
[80,F,0.265258,00001100,26.5258,X]
[47,F,0.278742,00110000,27.8742,X]
[101,F,0.287719,00000011,28.7719,X]
[102,F,0.309203,00000011,30.9203,X]
[48,F,0.316828,00110000,31.6828,X]
[49,F,0.329523,00110000,32.9523,X]
[103,F,0.374633,00000011,37.4633,X]
[104,F,0.382445,00000011,38.2445,X]
[50,F,0.393977,00110000,39.3977,X]
[105,F,0.428344,00000011,42.8344,X]
[81,F,0.434203,00001100,43.4203,X]
[6,F,0.442389,10000000,44.2389,X]
[7,F,0.465827,10000000,46.5827,X]
[51,F,0.466242,00110000,46.6242,X]
[25,F,0.46778,01000000,46.778,X]
[106,F,0.471313,00000011,47.1313,X]
[82,F,0.484008,00001100,48.4008,X]
[8,F,0.491217,10000000,49.1217,X]
[83,F,0.493773,00001100,49.3773,X]
[9,F,0.4961,10000000,49.61,X]
[52,F,0.501398,00110000,50.1398,X]
[10,F,0.505866,10000000,50.5866,X]
[53,F,0.514094,00110000,51.4094,X]
[107,F,0.520141,00000011,52.0141,X]
[26,F,0.532233,01000000,53.2233,X]
[84,F,0.536742,00001100,53.6742,X]
[11,F,0.554694,10000000,55.4694,X]
[85,F,0.571898,00001100,57.1898,X]
[12,F,0.581061,10000000,58.1061,X]
[27,F,0.584967,01000000,58.4967,X]
[13,F,0.591803,10000000,59.1803,X]
[14,F,0.59278,10000000,59.278,X]
[86,F,0.601195,00001100,60.1195,X]
[108,F,0.609984,00000011,60.9984,X]
[28,F,0.617194,01000000,61.7194,X]
[15,F,0.631842,10000000,63.1842,X]
[109,F,0.639281,00000011,63.9281,X]
[16,F,0.642584,10000000,64.2584,X]
[54,F,0.666438,00110000,66.6437,X]
[29,F,0.68067,01000000,68.067,X]
[30,F,0.690436,01000000,69.0436,X]
[55,F,0.700617,00110000,70.0617,X]
[56,F,0.701594,00110000,70.1594,X]
[87,F,0.706664,00001100,70.6664,X]
[110,F,0.715453,00000011,71.5453,X]
[57,F,0.720148,00110000,72.0148,X]
[31,F,0.730475,01000000,73.0475,X]
[88,F,0.732055,00001100,73.2055,X]
[32,F,0.739264,01000000,73.9264,X]
[89,F,0.751989,00001000,75.1989,X]
[96,F,0.751989,00000100,75.1989,X]
[119,F,0.752189,00000001,75.2189,X]
[120,F,0.765861,00000001,76.5861,X]
[90,F,0.778356,00001000,77.8356,X]
[121,F,0.779533,00000001,77.9533,X]
[58,F,0.779719,00110000,77.9719,X]
[33,F,0.78028,01000000,78.028,X]
[17,F,0.784186,10000000,78.4186,X]
[122,F,0.788322,00000001,78.8322,X]
[18,F,0.798834,10000000,79.8834,X]
[59,F,0.800227,00110000,80.0227,X]
[111,F,0.803947,00000010,80.3947,X]
[91,F,0.816442,00001000,81.6442,X]
[123,F,0.817619,00000001,81.7619,X]
[60,F,0.818781,00110000,81.8781,X]
[34,F,0.823248,01000000,82.3248,X]
[92,F,0.829137,00001000,82.9137,X]
[19,F,0.833014,10000000,83.3014,X]
[112,F,0.84008,00000010,84.008,X]
[113,F,0.845939,00000010,84.5939,X]
[61,F,0.851984,00110000,85.1984,X]
[62,F,0.856867,00110000,85.6867,X]
[35,F,0.863287,01000000,86.3287,X]
[63,F,0.863703,00110000,86.3703,X]
[114,F,0.864494,00000010,86.4494,X]
[36,F,0.878912,01000000,87.8912,X]
[20,F,0.882819,10000000,88.2819,X]
[21,F,0.883795,10000000,88.3795,X]
[37,F,0.883795,01000000,88.3795,X]
[115,F,0.888908,00000010,88.8908,X]
[22,F,0.889655,10000000,88.9655,X]
[64,F,0.902766,00110000,90.2766,X]
[38,F,0.907233,01000000,90.7233,X]
[93,F,0.918005,00001000,91.8005,X]
[124,F,0.92797,00000001,92.797,X]
[65,F,0.930109,00110000,93.0109,X]
[116,F,0.936759,00000010,93.6759,X]
[117,F,0.939689,00000010,93.9689,X]
[97,F,0.940466,00000100,94.0466,X]
[118,F,0.941642,00000010,94.1642,X]
[66,F,0.945619,00100000,94.5619,X]
[67,F,0.945619,00010000,94.5619,X]
[68,F,0.955384,00010000,95.5384,X]
[69,F,0.957337,00010000,95.7338,X]
[70,F,0.972962,00010000,97.2963,X]
[23,F,0.973639,10000000,97.3639,X]
[39,F,0.979498,01000000,97.9498,X]
[94,F,0.979528,00001000,97.9528,X]
[24,F,0.982428,10000000,98.2428,X]
[95,F,0.99027,00001000,99.027,X]
[125,F,0.99047,00000001,99.047,X]
[40,F,0.992194,01000000,99.2194,X]
GUIDE_TREE_PARTITION1=(((t1:56.64,t2:56.64):41.56,(t3:6.61,t4:6.61):91.59):1.8,((t5:25.68,t6:25.68):65.47,(t7:25.66,t8:25.66):65.49):8.85);
