Taxa bit representation:
t1 10000000
t2 01000000
t3 00100000
t4 00010000
t5 00001000
t6 00000100
t7 00000010
t8 00000001
Clade List (<taxon members> = <clade name>): 

>Dataset_0
[54,F,0.00683594,00000001,0.683594,X]
[55,F,0.015625,00000001,1.5625,X]
[56,F,0.105469,00000001,10.5469,X]
[57,F,0.211914,00000001,21.1914,X]
[0,F,0.220525,11111100,22.0525,X]
[58,F,0.22168,00000001,22.168,X]
[1,F,0.228337,11111100,22.8337,X]
[2,F,0.230291,11111100,23.0291,X]
[59,F,0.243164,00000001,24.3164,X]
[3,F,0.248845,11111100,24.8845,X]
[60,F,0.266602,00000001,26.6602,X]
[35,F,0.278142,00000010,27.8142,X]
[61,F,0.287109,00000001,28.7109,X]
[62,F,0.291016,00000001,29.1016,X]
[36,F,0.386541,00000010,38.6541,X]
[4,F,0.398731,11110000,39.8731,X]
[63,F,0.405273,00000001,40.5273,X]
[24,F,0.457325,00001000,45.7325,X]
[37,F,0.463689,00000010,46.3689,X]
[31,F,0.489395,00000100,48.9395,X]
[38,F,0.501775,00000010,50.1775,X]
[39,F,0.55158,00000010,55.158,X]
[40,F,0.570134,00000010,57.0134,X]
[41,F,0.575994,00000010,57.5994,X]
[5,F,0.577989,11100000,57.7989,X]
[42,F,0.599431,00000010,59.9431,X]
[32,F,0.610489,00000100,61.0489,X]
[21,F,0.611192,00010000,61.1192,X]
[6,F,0.619981,11100000,61.9981,X]
[22,F,0.63463,00010000,63.463,X]
[33,F,0.63588,00000100,63.588,X]
[7,F,0.636583,11100000,63.6583,X]
[8,F,0.637559,11100000,63.7559,X]
[64,F,0.639648,00000001,63.9648,X]
[9,F,0.645077,11000000,64.5077,X]
[43,F,0.647283,00000010,64.7283,X]
[25,F,0.653614,00001000,65.3614,X]
[26,F,0.674122,00001000,67.4122,X]
[17,F,0.726131,00100000,72.6131,X]
[44,F,0.731267,00000010,73.1267,X]
[23,F,0.732286,00010000,73.2286,X]
[15,F,0.753883,01000000,75.3883,X]
[18,F,0.764217,00100000,76.4217,X]
[27,F,0.779591,00001000,77.9591,X]
[10,F,0.802711,10000000,80.2711,X]
[45,F,0.810369,00000010,81.0369,X]
[46,F,0.819158,00000010,81.9158,X]
[47,F,0.827947,00000010,82.7947,X]
[34,F,0.840958,00000100,84.0958,X]
[11,F,0.848609,10000000,84.8609,X]
[12,F,0.853492,10000000,85.3492,X]
[28,F,0.854786,00001000,85.4786,X]
[48,F,0.855291,00000010,85.5291,X]
[29,F,0.865528,00001000,86.5528,X]
[16,F,0.870094,01000000,87.0094,X]
[19,F,0.870663,00100000,87.0662,X]
[30,F,0.872364,00001000,87.2364,X]
[13,F,0.873023,10000000,87.3023,X]
[20,F,0.884334,00100000,88.4334,X]
[49,F,0.888494,00000010,88.8494,X]
[50,F,0.900212,00000010,90.0212,X]
[51,F,0.92658,00000010,92.658,X]
[65,F,0.931641,00000001,93.1641,X]
[52,F,0.935369,00000010,93.5369,X]
[53,F,0.946111,00000010,94.6111,X]
[14,F,0.946266,10000000,94.6266,X]
[66,F,0.958984,00000001,95.8984,X]
[67,F,1,00000001,100,X]
GUIDE_TREE_PARTITION1=(((((((t1:25.1,t2:25.1):10.49,t3:35.59):19.99,t4:55.58):12.75,t5:68.33):2.75,t6:71.08):8.43,t7:79.51):20.49,t8:100);
