Taxa bit representation:
t1 10000000
t2 01000000
t3 00100000
t4 00010000
t5 00001000
t6 00000100
t7 00000010
t8 00000001
Clade List (<taxon members> = <clade name>): 

>Dataset_0
[0,F,0.046875,11111110,4.6875,X]
[18,F,0.125977,00000001,12.5977,X]
[1,F,0.273566,11111000,27.3566,X]
[13,F,0.288483,00000010,28.8483,X]
[14,F,0.329498,00000010,32.9498,X]
[9,F,0.465948,00000100,46.5948,X]
[2,F,0.541144,11111000,54.1144,X]
[10,F,0.551886,00000100,55.1886,X]
[11,F,0.574347,00000100,57.4347,X]
[3,F,0.601691,11111000,60.1691,X]
[15,F,0.615631,00000010,61.5631,X]
[8,F,0.727816,00001000,72.7816,X]
[6,F,0.787003,00010000,78.7003,X]
[16,F,0.827545,00000010,82.7545,X]
[19,F,0.867188,00000001,86.7188,X]
[7,F,0.869034,00010000,86.9034,X]
[12,F,0.89173,00000100,89.173,X]
[17,F,0.937897,00000010,93.7897,X]
[4,F,0.990681,10000000,99.0681,X]
[5,F,0.993959,00100000,99.3959,X]
GUIDE_TREE_PARTITION1=(((((((t1:6.01,t2:6.01):1.43,t3:7.44):23.43,t4:30.87):0.45,t5:31.32):48.55,t6:79.87):10.52,t7:90.39):9.61,t8:100);
