Taxa bit representation:
t1 10000000
t2 01000000
t3 00100000
t4 00010000
t5 00001000
t6 00000100
t7 00000010
t8 00000001
Clade List (<taxon members> = <clade name>): 

>Dataset_0
[80,F,0.00976562,00000001,0.976562,X]
[81,F,0.0136719,00000001,1.36719,X]
[82,F,0.0244141,00000001,2.44141,X]
[0,F,0.0585938,11111110,5.85938,X]
[83,F,0.0673828,00000001,6.73828,X]
[1,F,0.0751953,11111110,7.51953,X]
[84,F,0.0800781,00000001,8.00781,X]
[2,F,0.118164,11111110,11.8164,X]
[85,F,0.125,00000001,12.5,X]
[3,F,0.177734,11111110,17.7734,X]
[4,F,0.258789,11111110,25.8789,X]
[5,F,0.259766,11111110,25.9766,X]
[6,F,0.260742,11111110,26.0742,X]
[86,F,0.260742,00000001,26.0742,X]
[87,F,0.274414,00000001,27.4414,X]
[88,F,0.288086,00000001,28.8086,X]
[89,F,0.295898,00000001,29.5898,X]
[7,F,0.313477,11111110,31.3477,X]
[8,F,0.338867,11111110,33.8867,X]
[9,F,0.349609,11111110,34.9609,X]
[10,F,0.361328,11111110,36.1328,X]
[64,F,0.404597,00000010,40.4597,X]
[90,F,0.408203,00000001,40.8203,X]
[65,F,0.416316,00000010,41.6316,X]
[91,F,0.4375,00000001,43.75,X]
[51,F,0.467392,00000100,46.7392,X]
[92,F,0.477539,00000001,47.7539,X]
[93,F,0.491211,00000001,49.1211,X]
[94,F,0.492188,00000001,49.2188,X]
[52,F,0.498642,00000100,49.8642,X]
[95,F,0.499023,00000001,49.9023,X]
[11,F,0.520127,11111000,52.0127,X]
[66,F,0.525691,00000010,52.5691,X]
[53,F,0.548447,00000100,54.8447,X]
[96,F,0.553711,00000001,55.3711,X]
[12,F,0.563095,11111000,56.3095,X]
[54,F,0.569931,00000100,56.9931,X]
[67,F,0.574519,00000010,57.4519,X]
[68,F,0.580378,00000010,58.0378,X]
[97,F,0.584961,00000001,58.4961,X]
[13,F,0.595322,11111000,59.5322,X]
[98,F,0.599609,00000001,59.9609,X]
[99,F,0.616211,00000001,61.6211,X]
[69,F,0.619441,00000010,61.9441,X]
[100,F,0.621094,00000001,62.1094,X]
[101,F,0.629883,00000001,62.9883,X]
[41,F,0.630161,00001000,63.0161,X]
[42,F,0.635044,00001000,63.5044,X]
[14,F,0.635472,11100000,63.5472,X]
[55,F,0.639267,00000100,63.9267,X]
[102,F,0.646484,00000001,64.6484,X]
[43,F,0.650669,00001000,65.0669,X]
[33,F,0.663792,00010000,66.3792,X]
[56,F,0.664658,00000100,66.4658,X]
[21,F,0.667737,00100000,66.7737,X]
[103,F,0.669922,00000001,66.9922,X]
[70,F,0.678034,00000010,67.8034,X]
[71,F,0.692683,00000010,69.2683,X]
[104,F,0.708008,00000001,70.8008,X]
[72,F,0.709284,00000010,70.9284,X]
[57,F,0.70958,00000100,70.958,X]
[44,F,0.724888,00001000,72.4887,X]
[105,F,0.735352,00000001,73.5352,X]
[73,F,0.749323,00000010,74.9323,X]
[34,F,0.751683,00010000,75.1683,X]
[74,F,0.75323,00000010,75.323,X]
[106,F,0.758789,00000001,75.8789,X]
[107,F,0.760742,00000001,76.0742,X]
[45,F,0.76102,00001000,76.102,X]
[22,F,0.763441,00100000,76.3441,X]
[35,F,0.770238,00010000,77.0238,X]
[23,F,0.781019,00100000,78.1019,X]
[36,F,0.781956,00010000,78.1956,X]
[75,F,0.783503,00000010,78.3503,X]
[108,F,0.789062,00000001,78.9062,X]
[109,F,0.792969,00000001,79.2969,X]
[110,F,0.800781,00000001,80.0781,X]
[46,F,0.803989,00001000,80.3989,X]
[47,F,0.804966,00001000,80.4966,X]
[24,F,0.818128,00100000,81.8128,X]
[25,F,0.830823,00100000,83.0823,X]
[76,F,0.833308,00000010,83.3308,X]
[111,F,0.84668,00000001,84.668,X]
[26,F,0.848402,00100000,84.8402,X]
[112,F,0.857422,00000001,85.7422,X]
[37,F,0.859105,00010000,85.9105,X]
[58,F,0.85997,00000100,85.997,X]
[27,F,0.86012,00100000,86.012,X]
[28,F,0.868909,00100000,86.8909,X]
[113,F,0.875,00000001,87.5,X]
[77,F,0.8753,00000010,87.53,X]
[29,F,0.879652,00100000,87.9652,X]
[78,F,0.880183,00000010,88.0183,X]
[15,F,0.890394,11000000,89.0394,X]
[59,F,0.895127,00000100,89.5127,X]
[38,F,0.90598,00010000,90.598,X]
[48,F,0.921177,00001000,92.1177,X]
[16,F,0.927831,10000000,92.7831,X]
[60,F,0.932236,00000100,93.2236,X]
[17,F,0.933691,01000000,93.3691,X]
[30,F,0.939222,00100000,93.9222,X]
[31,F,0.944105,00100000,94.4105,X]
[32,F,0.965589,00100000,96.5589,X]
[61,F,0.969345,00000100,96.9345,X]
[62,F,0.970322,00000100,97.0322,X]
[39,F,0.971409,00010000,97.1409,X]
[79,F,0.973933,00000010,97.3933,X]
[18,F,0.978612,01000000,97.8612,X]
[19,F,0.979589,01000000,97.9589,X]
[40,F,0.982152,00010000,98.2152,X]
[49,F,0.983677,00001000,98.3677,X]
[20,F,0.986425,01000000,98.6425,X]
[50,F,0.986606,00001000,98.6606,X]
[114,F,0.99707,00000001,99.707,X]
[63,F,0.998642,00000100,99.8642,X]
GUIDE_TREE_PARTITION1=(((((((t1:9.17,t2:9.17):26.4,t3:35.57):2.25,t4:37.82):1.41,t5:39.23):18.23,t6:57.46):5.01,t7:62.47):37.53,t8:100);
