Taxa bit representation:
t1 10000000
t2 01000000
t3 00100000
t4 00010000
t5 00001000
t6 00000100
t7 00000010
t8 00000001
Clade List (<taxon members> = <clade name>): 

>Dataset_0
[0,F,0.269305,11111100,26.9305,X]
[27,F,0.274414,00000001,27.4414,X]
[28,F,0.3125,00000001,31.25,X]
[14,F,0.368253,00000100,36.8253,X]
[21,F,0.386492,00000010,38.6492,X]
[15,F,0.396573,00000100,39.6573,X]
[29,F,0.402344,00000001,40.2344,X]
[22,F,0.416766,00000010,41.6766,X]
[23,F,0.426531,00000010,42.6531,X]
[16,F,0.433683,00000100,43.3683,X]
[17,F,0.452237,00000100,45.2237,X]
[18,F,0.461027,00000100,46.1027,X]
[30,F,0.478516,00000001,47.8516,X]
[24,F,0.505633,00000010,50.5633,X]
[19,F,0.505948,00000100,50.5948,X]
[25,F,0.530047,00000010,53.0047,X]
[31,F,0.536133,00000001,53.6133,X]
[32,F,0.564453,00000001,56.4453,X]
[1,F,0.626845,11100000,62.6845,X]
[20,F,0.667081,00000100,66.7081,X]
[10,F,0.717481,00001000,71.7481,X]
[7,F,0.750869,00010000,75.0869,X]
[11,F,0.755567,00001000,75.5567,X]
[8,F,0.791884,00010000,79.1884,X]
[3,F,0.797642,01000000,79.7642,X]
[4,F,0.831822,01000000,83.1822,X]
[33,F,0.842773,00000001,84.2773,X]
[2,F,0.856236,10000000,85.6236,X]
[9,F,0.86122,00010000,86.122,X]
[34,F,0.867188,00000001,86.7188,X]
[12,F,0.887403,00001000,88.7403,X]
[5,F,0.903111,01000000,90.3111,X]
[13,F,0.904005,00001000,90.4005,X]
[26,F,0.948016,00000010,94.8016,X]
[6,F,0.955845,01000000,95.5845,X]
GUIDE_TREE_PARTITION1=(((((((t1:27.56,t2:27.56):1.89,t3:29.45):12.26,t4:41.71):4.12,t5:45.83):23.79,t6:69.62):8.43,t7:78.05):21.95,t8:100);
