Taxa bit representation:
t1 10000000
t2 01000000
t3 00100000
t4 00010000
t5 00001000
t6 00000100
t7 00000010
t8 00000001
Clade List (<taxon members> = <clade name>): 

>Dataset_0
[0,F,0.0136719,11110000,1.36719,X]
[1,F,0.0791016,11110000,7.91016,X]
[27,F,0.0849609,00001111,8.49609,X]
[2,F,0.102539,11110000,10.2539,X]
[28,F,0.137695,00001111,13.7695,X]
[3,F,0.171875,11110000,17.1875,X]
[29,F,0.223633,00001111,22.3633,X]
[30,F,0.235352,00001111,23.5352,X]
[4,F,0.285156,11110000,28.5156,X]
[31,F,0.319336,00001111,31.9336,X]
[5,F,0.322266,11110000,32.2266,X]
[32,F,0.357436,00001100,35.7436,X]
[44,F,0.360366,00000011,36.0366,X]
[6,F,0.361328,11110000,36.1328,X]
[7,F,0.362305,11110000,36.2305,X]
[18,F,0.385748,00110000,38.5748,X]
[8,F,0.401373,11000000,40.1373,X]
[9,F,0.435553,11000000,43.5553,X]
[33,F,0.43873,00001000,43.873,X]
[34,F,0.439706,00001000,43.9706,X]
[35,F,0.484628,00001000,48.4628,X]
[38,F,0.518808,00000100,51.8808,X]
[10,F,0.61918,10000000,61.918,X]
[36,F,0.642831,00001000,64.2831,X]
[39,F,0.65162,00000100,65.162,X]
[40,F,0.670175,00000100,67.0175,X]
[16,F,0.671914,01000000,67.1914,X]
[17,F,0.672891,01000000,67.2891,X]
[19,F,0.674811,00110000,67.4811,X]
[41,F,0.71412,00000100,71.412,X]
[42,F,0.71705,00000100,71.705,X]
[22,F,0.741297,00010000,74.1297,X]
[20,F,0.751062,00100000,75.1063,X]
[11,F,0.776406,10000000,77.6406,X]
[12,F,0.781289,10000000,78.1289,X]
[13,F,0.786172,10000000,78.6172,X]
[45,F,0.800795,00000011,80.0795,X]
[37,F,0.808847,00001000,80.8847,X]
[23,F,0.827234,00010000,82.7234,X]
[46,F,0.839858,00000011,83.9858,X]
[43,F,0.843027,00000100,84.3027,X]
[24,F,0.903406,00010000,90.3406,X]
[21,F,0.904383,00100000,90.4383,X]
[25,F,0.910242,00010000,91.0242,X]
[26,F,0.942469,00010000,94.2469,X]
[47,F,0.956927,00000010,95.6927,X]
[14,F,0.997109,10000000,99.7109,X]
[15,F,0.998086,10000000,99.8086,X]
GUIDE_TREE_PARTITION1=(((t1:41.5,t2:41.5):21.39,(t3:28.8,t4:28.8):34.09):37.11,((t5:56.42,t6:56.42):8.52,(t7:13.78,t8:13.78):51.16):35.06);
