Taxa bit representation:
t1 10000000
t2 01000000
t3 00100000
t4 00010000
t5 00001000
t6 00000100
t7 00000010
t8 00000001
Clade List (<taxon members> = <clade name>): 

>Dataset_0
[14,F,0.0234375,00000011,2.34375,X]
[0,F,0.0712891,11111100,7.12891,X]
[1,F,0.102539,11111100,10.2539,X]
[15,F,0.171875,00000011,17.1875,X]
[16,F,0.216797,00000011,21.6797,X]
[17,F,0.25293,00000011,25.293,X]
[2,F,0.291016,11111100,29.1016,X]
[18,F,0.364258,00000011,36.4258,X]
[19,F,0.370117,00000011,37.0117,X]
[3,F,0.374023,11111100,37.4023,X]
[24,F,0.477727,00000001,47.7727,X]
[20,F,0.491398,00000010,49.1398,X]
[25,F,0.555852,00000001,55.5852,X]
[4,F,0.579058,11110000,57.9058,X]
[21,F,0.580266,00000010,58.0266,X]
[26,F,0.584172,00000001,58.4172,X]
[9,F,0.662066,00001100,66.2066,X]
[22,F,0.673039,00000010,67.3039,X]
[23,F,0.717961,00000010,71.7961,X]
[5,F,0.754839,11110000,75.4839,X]
[27,F,0.837102,00000001,83.7102,X]
[6,F,0.848256,11100000,84.8256,X]
[8,F,0.922475,00010000,92.2475,X]
[11,F,0.939131,00000100,93.9131,X]
[12,F,0.952803,00000100,95.2803,X]
[28,F,0.953313,00000001,95.3312,X]
[7,F,0.961719,00100000,96.1719,X]
[10,F,0.964522,00001000,96.4522,X]
[29,F,0.966984,00000001,96.6984,X]
[13,F,0.993819,00000100,99.3819,X]
GUIDE_TREE_PARTITION1=(((((t1:1.13,t2:1.13):3.87,t3:5):13.69,t4:18.69):34.83,(t5:26.79,t6:26.79):26.73):46.48,(t7:55.45,t8:55.45):44.55);
