Taxa bit representation:
t1 10000000
t2 01000000
t3 00100000
t4 00010000
t5 00001000
t6 00000100
t7 00000010
t8 00000001
Clade List (<taxon members> = <clade name>): 

>Dataset_0
[0,F,0.0585938,11111100,5.85938,X]
[1,F,0.209961,11111100,20.9961,X]
[2,F,0.240234,11111100,24.0234,X]
[17,F,0.312688,00000010,31.2688,X]
[20,F,0.312688,00000001,31.2688,X]
[3,F,0.319336,11111100,31.9336,X]
[4,F,0.329102,11111100,32.9102,X]
[5,F,0.407227,11111100,40.7227,X]
[6,F,0.436523,11111100,43.6523,X]
[18,F,0.498234,00000010,49.8234,X]
[7,F,0.52438,11100000,52.438,X]
[8,F,0.536098,11100000,53.6098,X]
[9,F,0.54977,11100000,54.977,X]
[15,F,0.592739,00010000,59.2739,X]
[19,F,0.681828,00000010,68.1828,X]
[14,F,0.685123,00100000,68.5123,X]
[10,F,0.688053,11000000,68.8053,X]
[21,F,0.737492,00000001,73.7492,X]
[22,F,0.747258,00000001,74.7258,X]
[11,F,0.786431,10000000,78.6431,X]
[12,F,0.833306,10000000,83.3306,X]
[13,F,0.909478,10000000,90.9478,X]
[16,F,0.942348,00010000,94.2348,X]
GUIDE_TREE_PARTITION1=(((((t1:29.56,t2:29.56):14.33,t3:43.89):7.09,t4:50.98):2.97,(t5:33.13,t6:33.13):20.82):46.05,(t7:80.45,t8:80.45):19.55);
