Taxa bit representation:
t1 10000000
t2 01000000
t3 00100000
t4 00010000
t5 00001000
t6 00000100
t7 00000010
t8 00000001
Clade List (<taxon members> = <clade name>): 

>Dataset_0
[0,F,0.0332031,11111110,3.32031,X]
[14,F,0.375,00000001,37.5,X]
[6,F,0.401123,00001000,40.1123,X]
[1,F,0.445069,11110000,44.5069,X]
[12,F,0.477477,00000010,47.7477,X]
[13,F,0.539,00000010,53.9,X]
[15,F,0.550781,00000001,55.0781,X]
[8,F,0.674245,00000100,67.4245,X]
[7,F,0.698975,00001000,69.8975,X]
[16,F,0.816406,00000001,81.6406,X]
[17,F,0.835937,00000001,83.5937,X]
[9,F,0.890066,00000100,89.0066,X]
[2,F,0.916448,10000000,91.6448,X]
[10,F,0.920339,00000100,92.0339,X]
[4,F,0.935052,00010000,93.5052,X]
[5,F,0.940911,00010000,94.0911,X]
[11,F,0.946706,00000100,94.6706,X]
[3,F,0.980638,00100000,98.0637,X]
GUIDE_TREE_PARTITION1=(((((((t1:16.07,t2:16.07):0.71,t3:16.78):7,t4:23.78):42.26,t5:66.04):2.18,t6:68.22):2.88,t7:71.1):28.9,t8:100);
