Taxa bit representation:
t1 10000000
t2 01000000
t3 00100000
t4 00010000
t5 00001000
t6 00000100
t7 00000010
t8 00000001
Clade List (<taxon members> = <clade name>): 

>Dataset_0
[0,F,0.00697656,11110000,0.697656,X]
[18,F,0.00795313,00001100,0.795312,X]
[34,F,0.0107422,00000011,1.07422,X]
[35,F,0.0302734,00000011,3.02734,X]
[36,F,0.0615234,00000011,6.15234,X]
[1,F,0.128589,11100000,12.8589,X]
[10,F,0.158862,00010000,15.8862,X]
[2,F,0.188159,11100000,18.8159,X]
[11,F,0.252613,00010000,25.2613,X]
[37,F,0.317383,00000011,31.7383,X]
[19,F,0.34975,00001100,34.975,X]
[12,F,0.358081,00010000,35.8081,X]
[3,F,0.409839,11100000,40.9839,X]
[38,F,0.421208,00000010,42.1208,X]
[20,F,0.430805,00001100,43.0805,X]
[21,F,0.434711,00001100,43.4711,X]
[13,F,0.485034,00010000,48.5034,X]
[39,F,0.496403,00000010,49.6403,X]
[5,F,0.510191,00100000,51.0191,X]
[45,F,0.513981,00000001,51.3981,X]
[14,F,0.52898,00010000,52.898,X]
[46,F,0.545231,00000001,54.5231,X]
[40,F,0.569645,00000010,56.9645,X]
[6,F,0.588316,00100000,58.8316,X]
[41,F,0.592106,00000010,59.2106,X]
[15,F,0.594409,00010000,59.4409,X]
[42,F,0.61652,00000010,61.652,X]
[7,F,0.627378,00100000,62.7378,X]
[43,F,0.629216,00000010,62.9216,X]
[8,F,0.636167,00100000,63.6167,X]
[22,F,0.648837,00001000,64.8837,X]
[27,F,0.657627,00000100,65.7627,X]
[47,F,0.699528,00000001,69.9528,X]
[9,F,0.726987,00100000,72.6987,X]
[28,F,0.728916,00000100,72.8916,X]
[23,F,0.733798,00001000,73.3798,X]
[48,F,0.734684,00000001,73.4684,X]
[24,F,0.742587,00001000,74.2587,X]
[29,F,0.75333,00000100,75.333,X]
[30,F,0.761142,00000100,76.1142,X]
[16,F,0.806323,00010000,80.6323,X]
[25,F,0.811923,00001000,81.1923,X]
[44,F,0.864567,00000010,86.4567,X]
[17,F,0.876636,00010000,87.6636,X]
[49,F,0.9007,00000001,90.07,X]
[4,F,0.918394,11000000,91.8394,X]
[31,F,0.929111,00000100,92.9111,X]
[32,F,0.958408,00000100,95.8408,X]
[26,F,0.989658,00001000,98.9658,X]
[33,F,0.990634,00000100,99.0634,X]
[50,F,0.99445,00000001,99.445,X]
GUIDE_TREE_PARTITION1=(((((t1:0.96,t2:0.96):50.56,t3:51.52):42.75,t4:94.27):5.13,(t5:37.46,t6:37.46):61.94):0.6,(t7:66.18,t8:66.18):33.82);
