Taxa bit representation:
t1 10000000
t2 01000000
t3 00100000
t4 00010000
t5 00001000
t6 00000100
t7 00000010
t8 00000001
Clade List (<taxon members> = <clade name>): 

>Dataset_0
[28,F,0.00585938,00001111,0.585938,X]
[29,F,0.0839844,00001111,8.39844,X]
[30,F,0.0996094,00001111,9.96094,X]
[31,F,0.117188,00001111,11.7188,X]
[32,F,0.179688,00001111,17.9688,X]
[0,F,0.198242,11110000,19.8242,X]
[33,F,0.208008,00001111,20.8008,X]
[1,F,0.297852,11110000,29.7852,X]
[2,F,0.336914,11110000,33.6914,X]
[3,F,0.351562,11110000,35.1562,X]
[14,F,0.42295,00110000,42.295,X]
[15,F,0.462989,00110000,46.2989,X]
[16,F,0.48838,00110000,48.838,X]
[34,F,0.501259,00001100,50.1259,X]
[35,F,0.518838,00001100,51.8838,X]
[51,F,0.533486,00000011,53.3486,X]
[17,F,0.553809,00110000,55.3809,X]
[18,F,0.589942,00110000,58.9942,X]
[52,F,0.591103,00000011,59.1103,X]
[36,F,0.619748,00001000,61.9748,X]
[42,F,0.630491,00000100,63.0491,X]
[19,F,0.635841,00110000,63.5841,X]
[4,F,0.63877,11000000,63.877,X]
[37,F,0.650022,00001000,65.0022,X]
[43,F,0.682248,00000100,68.2248,X]
[20,F,0.688575,00110000,68.8575,X]
[44,F,0.696897,00000100,69.6897,X]
[45,F,0.708616,00000100,70.8616,X]
[53,F,0.715345,00000010,71.5345,X]
[5,F,0.721677,10000000,72.1677,X]
[57,F,0.726087,00000001,72.6088,X]
[58,F,0.73683,00000001,73.683,X]
[59,F,0.740736,00000001,74.0736,X]
[46,F,0.743772,00000100,74.3772,X]
[21,F,0.749122,00110000,74.9122,X]
[38,F,0.782834,00001000,78.2834,X]
[6,F,0.790036,10000000,79.0036,X]
[47,F,0.796506,00000100,79.6506,X]
[22,F,0.799903,00110000,79.9903,X]
[25,F,0.815653,00010000,81.5653,X]
[7,F,0.81738,10000000,81.738,X]
[48,F,0.822873,00000100,82.2873,X]
[54,F,0.823744,00000010,82.3744,X]
[60,F,0.834486,00000001,83.4486,X]
[11,F,0.836911,01000000,83.6911,X]
[49,F,0.859983,00000100,85.9983,X]
[39,F,0.860959,00001000,86.0959,X]
[55,F,0.863783,00000010,86.3783,X]
[8,F,0.865231,10000000,86.5231,X]
[23,F,0.880106,00100000,88.0106,X]
[61,F,0.891127,00000001,89.1127,X]
[24,F,0.902567,00100000,90.2567,X]
[56,F,0.905775,00000010,90.5775,X]
[12,F,0.913083,01000000,91.3083,X]
[62,F,0.917494,00000001,91.7494,X]
[26,F,0.920145,00010000,92.0145,X]
[27,F,0.94163,00010000,94.163,X]
[9,F,0.962888,10000000,96.2888,X]
[40,F,0.965452,00001000,96.5452,X]
[50,F,0.965452,00000100,96.5452,X]
[41,F,0.969358,00001000,96.9358,X]
[13,F,0.981442,01000000,98.1442,X]
[10,F,0.986325,10000000,98.6325,X]
GUIDE_TREE_PARTITION1=(((t1:34.18,t2:34.18):26.65,(t3:18.63,t4:18.63):42.2):39.17,((t5:39.49,t6:39.49):10.97,(t7:32.86,t8:32.86):17.6):49.54);
