Taxa bit representation:
t1 10000000
t2 01000000
t3 00100000
t4 00010000
t5 00001000
t6 00000100
t7 00000010
t8 00000001
Clade List (<taxon members> = <clade name>): 

>Dataset_0
[4,F,0.358398,00001111,35.8398,X]
[3,F,0.43282,00010000,43.282,X]
[2,F,0.463094,00100000,46.3094,X]
[8,F,0.644348,00000001,64.4348,X]
[0,F,0.645534,11000000,64.5534,X]
[5,F,0.7547,00000010,75.47,X]
[6,F,0.840637,00000010,84.0637,X]
[1,F,0.908505,10000000,90.8505,X]
[9,F,0.926575,00000001,92.6575,X]
[7,F,0.972473,00000010,97.2473,X]
GUIDE_TREE_PARTITION1=(((t1:20.38,t2:20.38):57.84,(t3:72.05,t4:72.05):6.17):21.78,((t5:13.14,t6:13.14):41.2,(t7:43.28,t8:43.28):11.06):45.66);
