Taxa bit representation:
t1 10000000
t2 01000000
t3 00100000
t4 00010000
t5 00001000
t6 00000100
t7 00000010
t8 00000001
Clade List (<taxon members> = <clade name>): 

>Dataset_0
[25,F,0.0644531,00001111,6.44531,X]
[0,F,0.161256,11000000,16.1256,X]
[15,F,0.165162,00110000,16.5162,X]
[26,F,0.182617,00001111,18.2617,X]
[27,F,0.189453,00001111,18.9453,X]
[16,F,0.209108,00110000,20.9108,X]
[28,F,0.237305,00001111,23.7305,X]
[29,F,0.24707,00001111,24.707,X]
[30,F,0.25293,00001111,25.293,X]
[31,F,0.268555,00001111,26.8555,X]
[32,F,0.283203,00001111,28.3203,X]
[1,F,0.290162,11000000,29.0162,X]
[17,F,0.302858,00110000,30.2858,X]
[2,F,0.318483,11000000,31.8483,X]
[33,F,0.34668,00001111,34.668,X]
[34,F,0.383789,00001111,38.3789,X]
[3,F,0.511842,11000000,51.1842,X]
[21,F,0.526553,00010000,52.6553,X]
[35,F,0.544922,00001111,54.4922,X]
[22,F,0.550967,00010000,55.0967,X]
[4,F,0.595706,10000000,59.5706,X]
[36,F,0.601562,00001111,60.1562,X]
[37,F,0.606445,00001111,60.6445,X]
[8,F,0.630862,01000000,63.0862,X]
[18,F,0.643741,00100000,64.3741,X]
[9,F,0.648441,01000000,64.8441,X]
[23,F,0.674014,00010000,67.4014,X]
[5,F,0.690433,10000000,69.0433,X]
[38,F,0.695312,00001111,69.5312,X]
[39,F,0.697266,00001111,69.7266,X]
[19,F,0.699405,00100000,69.9405,X]
[10,F,0.707034,01000000,70.7034,X]
[40,F,0.771484,00001111,77.1484,X]
[11,F,0.773441,01000000,77.3441,X]
[6,F,0.793948,10000000,79.3948,X]
[20,F,0.830264,00100000,83.0264,X]
[41,F,0.920898,00001111,92.0898,X]
[12,F,0.923831,01000000,92.3831,X]
[13,F,0.931644,01000000,93.1644,X]
[24,F,0.947452,00010000,94.7452,X]
[42,F,0.959389,00001000,95.9389,X]
[14,F,0.964847,01000000,96.4847,X]
[7,F,0.972659,10000000,97.2659,X]
GUIDE_TREE_PARTITION1=(((t1:40.82,t2:40.82):59.07,(t3:47.54,t4:47.54):52.35):0.11,((t5:4.94,t6:4.94):1.02,(t7:3.07,t8:3.07):2.89):94.04);
