Taxa bit representation:
t1 10000000
t2 01000000
t3 00100000
t4 00010000
t5 00001000
t6 00000100
t7 00000010
t8 00000001
Clade List (<taxon members> = <clade name>): 

>Dataset_0
[27,F,0.150366,00001100,15.0366,X]
[28,F,0.153295,00001100,15.3295,X]
[43,F,0.184545,00000011,18.4545,X]
[0,F,0.237305,11110000,23.7305,X]
[29,F,0.288061,00001100,28.8061,X]
[44,F,0.304663,00000011,30.4662,X]
[30,F,0.316381,00001100,31.6381,X]
[1,F,0.317669,11000000,31.7669,X]
[45,F,0.324194,00000011,32.4194,X]
[12,F,0.329289,00100000,32.9289,X]
[13,F,0.344914,00100000,34.4914,X]
[21,F,0.349797,00010000,34.9797,X]
[46,F,0.357397,00000011,35.7397,X]
[22,F,0.363469,00010000,36.3469,X]
[31,F,0.366186,00001100,36.6186,X]
[6,F,0.371844,01000000,37.1844,X]
[23,F,0.384953,00010000,38.4953,X]
[32,F,0.423803,00001100,42.3803,X]
[33,F,0.429663,00001100,42.9663,X]
[14,F,0.452336,00100000,45.2336,X]
[34,F,0.463842,00001100,46.3842,X]
[24,F,0.469914,00010000,46.9914,X]
[7,F,0.519305,01000000,51.9305,X]
[35,F,0.520483,00001100,52.0483,X]
[15,F,0.521672,00100000,52.1672,X]
[47,F,0.528295,00000011,52.8295,X]
[8,F,0.564227,01000000,56.4227,X]
[48,F,0.591772,00000011,59.1772,X]
[9,F,0.62282,01000000,62.282,X]
[36,F,0.627905,00001100,62.7905,X]
[49,F,0.657202,00000011,65.7202,X]
[10,F,0.666766,01000000,66.6766,X]
[50,F,0.66892,00000011,66.892,X]
[16,F,0.687688,00100000,68.7687,X]
[2,F,0.699969,10000000,69.9969,X]
[17,F,0.700383,00100000,70.0383,X]
[51,F,0.70603,00000011,70.603,X]
[40,F,0.711956,00000100,71.1956,X]
[18,F,0.716984,00100000,71.6984,X]
[41,F,0.786175,00000100,78.6175,X]
[52,F,0.794897,00000011,79.4897,X]
[53,F,0.806616,00000011,80.6616,X]
[37,F,0.807659,00001000,80.7659,X]
[19,F,0.821477,00100000,82.1477,X]
[25,F,0.822453,00010000,82.2453,X]
[11,F,0.865008,01000000,86.5008,X]
[3,F,0.876727,10000000,87.6727,X]
[4,F,0.87868,10000000,87.868,X]
[42,F,0.900433,00000100,90.0433,X]
[38,F,0.909222,00001000,90.9222,X]
[39,F,0.910198,00001000,91.0198,X]
[26,F,0.91132,00010000,91.132,X]
[20,F,0.927922,00100000,92.7922,X]
[54,F,0.974611,00000010,97.4611,X]
[5,F,0.981219,10000000,98.1219,X]
GUIDE_TREE_PARTITION1=(((t1:65.55,t2:65.55):6.98,(t3:67.95,t4:67.95):4.58):27.47,((t5:32.32,t6:32.32):53.62,(t7:14.16,t8:14.16):71.78):14.06);
