Taxa bit representation:
t1 10000000
t2 01000000
t3 00100000
t4 00010000
t5 00001000
t6 00000100
t7 00000010
t8 00000001
Clade List (<taxon members> = <clade name>): 

>Dataset_0
[0,F,0.103516,11111100,10.3516,X]
[1,F,0.165039,11111100,16.5039,X]
[2,F,0.202148,11111100,20.2148,X]
[3,F,0.245117,11111100,24.5117,X]
[16,F,0.285156,00000011,28.5156,X]
[17,F,0.336914,00000011,33.6914,X]
[18,F,0.40625,00000011,40.625,X]
[9,F,0.428103,00001100,42.8103,X]
[10,F,0.472048,00001100,47.2048,X]
[4,F,0.481814,11110000,48.1814,X]
[19,F,0.515625,00000011,51.5625,X]
[5,F,0.54775,11100000,54.775,X]
[20,F,0.619141,00000011,61.9141,X]
[14,F,0.629959,00000100,62.9959,X]
[21,F,0.634766,00000011,63.4766,X]
[22,F,0.727539,00000011,72.7539,X]
[6,F,0.753805,11100000,75.3805,X]
[11,F,0.791092,00001000,79.1092,X]
[12,F,0.797928,00001000,79.7928,X]
[8,F,0.830953,00010000,83.0953,X]
[13,F,0.854569,00001000,85.4569,X]
[7,F,0.859002,10000000,85.9002,X]
[23,F,0.933594,00000011,93.3594,X]
[15,F,0.93953,00000100,93.953,X]
GUIDE_TREE_PARTITION1=(((((t1:15.76,t2:15.76):6.23,t3:21.99):26.36,t4:48.35):18.41,(t5:50.09,t6:50.09):16.67):33.24,(t7:1.15,t8:1.15):98.85);
