Taxa bit representation:
t1 10000000
t2 01000000
t3 00100000
t4 00010000
t5 00001000
t6 00000100
t7 00000010
t8 00000001
Clade List (<taxon members> = <clade name>): 

>Dataset_0
[14,F,0.168645,00000010,16.8645,X]
[16,F,0.34082,00000001,34.082,X]
[9,F,0.399848,00001000,39.9848,X]
[0,F,0.466255,11110000,46.6255,X]
[12,F,0.499988,00000100,49.9988,X]
[17,F,0.504883,00000001,50.4883,X]
[15,F,0.53388,00000010,53.388,X]
[1,F,0.564689,11100000,56.4689,X]
[13,F,0.603503,00000100,60.3503,X]
[10,F,0.789497,00001000,78.9497,X]
[2,F,0.862541,11100000,86.2541,X]
[7,F,0.931359,00100000,93.1359,X]
[8,F,0.945031,00100000,94.5031,X]
[3,F,0.975555,10000000,97.5555,X]
[11,F,0.977973,00001000,97.7973,X]
[5,F,0.981414,01000000,98.1414,X]
[4,F,0.990203,10000000,99.0203,X]
[6,F,0.999969,01000000,99.9969,X]
GUIDE_TREE_PARTITION1=(((((((t1:4.3,t2:4.3):9.4,t3:13.7):36.96,t4:50.66):35.82,t5:86.48):0.24,t6:86.72):7.06,t7:93.78):6.22,t8:100);
