Taxa bit representation:
t1 10000000
t2 01000000
t3 00100000
t4 00010000
t5 00001000
t6 00000100
t7 00000010
t8 00000001
Clade List (<taxon members> = <clade name>): 

>Dataset_0
[0,F,0.00878906,11110000,0.878906,X]
[1,F,0.113281,11110000,11.3281,X]
[50,F,0.140625,00001111,14.0625,X]
[2,F,0.146484,11110000,14.6484,X]
[3,F,0.152344,11110000,15.2344,X]
[4,F,0.166992,11110000,16.6992,X]
[51,F,0.167969,00001111,16.7969,X]
[5,F,0.194336,11110000,19.4336,X]
[6,F,0.235352,11110000,23.5352,X]
[52,F,0.260742,00001111,26.0742,X]
[7,F,0.291992,11110000,29.1992,X]
[53,F,0.323242,00001111,32.3242,X]
[54,F,0.379883,00001111,37.9883,X]
[55,F,0.385742,00001111,38.5742,X]
[27,F,0.387734,00110000,38.7734,X]
[8,F,0.411172,11000000,41.1172,X]
[28,F,0.43168,00110000,43.168,X]
[29,F,0.458047,00110000,45.8047,X]
[56,F,0.47168,00001111,47.168,X]
[9,F,0.499063,11000000,49.9062,X]
[57,F,0.551758,00001111,55.1758,X]
[10,F,0.55668,11000000,55.668,X]
[39,F,0.585102,00010000,58.5102,X]
[11,F,0.585977,11000000,58.5977,X]
[40,F,0.587055,00010000,58.7055,X]
[12,F,0.591836,11000000,59.1836,X]
[58,F,0.595703,00001111,59.5703,X]
[19,F,0.604266,01000000,60.4266,X]
[20,F,0.619891,01000000,61.9891,X]
[41,F,0.631,00010000,63.1,X]
[30,F,0.63393,00100000,63.393,X]
[59,F,0.636719,00001111,63.6719,X]
[21,F,0.637469,01000000,63.7469,X]
[31,F,0.637836,00100000,63.7836,X]
[32,F,0.640766,00100000,64.0766,X]
[60,F,0.652344,00001111,65.2344,X]
[33,F,0.652484,00100000,65.2484,X]
[61,F,0.654297,00001111,65.4297,X]
[34,F,0.661273,00100000,66.1273,X]
[35,F,0.680805,00100000,68.0805,X]
[13,F,0.683367,10000000,68.3367,X]
[14,F,0.693133,10000000,69.3133,X]
[22,F,0.708758,01000000,70.8758,X]
[62,F,0.708984,00001111,70.8984,X]
[63,F,0.730469,00001111,73.0469,X]
[64,F,0.745117,00001111,74.5117,X]
[42,F,0.75893,00010000,75.893,X]
[23,F,0.768328,01000000,76.8328,X]
[43,F,0.770648,00010000,77.0648,X]
[65,F,0.776367,00001111,77.6367,X]
[15,F,0.788836,10000000,78.8836,X]
[66,F,0.789062,00001111,78.9062,X]
[24,F,0.789813,01000000,78.9813,X]
[16,F,0.799578,10000000,79.9578,X]
[67,F,0.80957,00001111,80.957,X]
[36,F,0.812641,00100000,81.2641,X]
[44,F,0.842914,00010000,84.2914,X]
[37,F,0.84682,00100000,84.682,X]
[68,F,0.851061,00001100,85.1061,X]
[69,F,0.867663,00001100,86.7662,X]
[76,F,0.867663,00000011,86.7662,X]
[17,F,0.887469,10000000,88.7469,X]
[45,F,0.900531,00010000,90.0531,X]
[38,F,0.906391,00100000,90.6391,X]
[25,F,0.910906,01000000,91.0906,X]
[70,F,0.911608,00001100,91.1608,X]
[77,F,0.913561,00000011,91.3561,X]
[46,F,0.919086,00010000,91.9086,X]
[71,F,0.92313,00001000,92.313,X]
[18,F,0.923602,10000000,92.3602,X]
[47,F,0.927875,00010000,92.7875,X]
[72,F,0.928013,00001000,92.8012,X]
[74,F,0.938755,00000100,93.8755,X]
[78,F,0.949694,00000011,94.9694,X]
[79,F,0.95653,00000011,95.653,X]
[48,F,0.958148,00010000,95.8148,X]
[26,F,0.974383,01000000,97.4383,X]
[49,F,0.976703,00010000,97.6703,X]
[73,F,0.984653,00001000,98.4653,X]
[75,F,0.986606,00000100,98.6606,X]
[80,F,0.994502,00000010,99.4502,X]
GUIDE_TREE_PARTITION1=(((t1:40.55,t2:40.55):25.95,(t3:43.15,t4:43.15):23.35):33.5,((t5:7.98,t6:7.98):9.16,(t7:2.21,t8:2.21):14.93):82.86);
