Taxa bit representation:
t1 10000000
t2 01000000
t3 00100000
t4 00010000
t5 00001000
t6 00000100
t7 00000010
t8 00000001
Clade List (<taxon members> = <clade name>): 

>Dataset_0
[0,F,0.0292969,11110000,2.92969,X]
[18,F,0.046875,00001111,4.6875,X]
[19,F,0.144531,00001111,14.4531,X]
[1,F,0.183594,11110000,18.3594,X]
[20,F,0.249023,00001111,24.9023,X]
[21,F,0.283203,00001111,28.3203,X]
[2,F,0.287109,11110000,28.7109,X]
[3,F,0.390625,11110000,39.0625,X]
[4,F,0.391602,11110000,39.1602,X]
[5,F,0.429688,11110000,42.9688,X]
[22,F,0.445312,00001111,44.5312,X]
[23,F,0.466797,00001111,46.6797,X]
[6,F,0.530273,11110000,53.0273,X]
[7,F,0.552734,11110000,55.2734,X]
[8,F,0.566406,11110000,56.6406,X]
[24,F,0.573242,00001111,57.3242,X]
[25,F,0.588867,00001111,58.8867,X]
[9,F,0.657227,11110000,65.7227,X]
[26,F,0.661133,00001111,66.1133,X]
[11,F,0.681606,00110000,68.1606,X]
[12,F,0.689419,00110000,68.9419,X]
[13,F,0.761684,00110000,76.1684,X]
[10,F,0.797817,11000000,79.7817,X]
[27,F,0.816406,00001111,81.6406,X]
[14,F,0.822231,00110000,82.2231,X]
[28,F,0.822266,00001111,82.2266,X]
[29,F,0.828125,00001111,82.8125,X]
[16,F,0.87572,00010000,87.572,X]
[17,F,0.880603,00010000,88.0603,X]
[31,F,0.921048,00000011,92.1048,X]
[30,F,0.955572,00001000,95.5572,X]
[32,F,0.961572,00000001,96.1572,X]
[15,F,0.962634,00100000,96.2634,X]
[33,F,0.988916,00000001,98.8916,X]
GUIDE_TREE_PARTITION1=(((t1:5.65,t2:5.65):26.58,(t3:15.26,t4:15.26):16.97):67.77,((t5:5.81,t6:5.81):9.8,(t7:5.21,t8:5.21):10.4):84.39);
