Taxa bit representation:
t1 10000000
t2 01000000
t3 00100000
t4 00010000
t5 00001000
t6 00000100
t7 00000010
t8 00000001
Clade List (<taxon members> = <clade name>): 

>Dataset_0
[86,F,0.000976562,00000001,0.0976562,X]
[87,F,0.0117188,00000001,1.17188,X]
[88,F,0.0126953,00000001,1.26953,X]
[89,F,0.0136719,00000001,1.36719,X]
[90,F,0.0146484,00000001,1.46484,X]
[91,F,0.03125,00000001,3.125,X]
[0,F,0.0546875,11111110,5.46875,X]
[1,F,0.0654297,11111110,6.54297,X]
[2,F,0.0947266,11111110,9.47266,X]
[3,F,0.157227,11111110,15.7227,X]
[4,F,0.166992,11111110,16.6992,X]
[92,F,0.211914,00000001,21.1914,X]
[5,F,0.212891,11111110,21.2891,X]
[93,F,0.236328,00000001,23.6328,X]
[94,F,0.289062,00000001,28.9062,X]
[69,F,0.294267,00000010,29.4267,X]
[95,F,0.310547,00000001,31.0547,X]
[96,F,0.332031,00000001,33.2031,X]
[97,F,0.334961,00000001,33.4961,X]
[6,F,0.345048,11111100,34.5048,X]
[7,F,0.347002,11111100,34.7002,X]
[8,F,0.35872,11111100,35.872,X]
[98,F,0.360352,00000001,36.0352,X]
[99,F,0.387695,00000001,38.7695,X]
[9,F,0.403642,11111100,40.3642,X]
[10,F,0.416337,11111100,41.6337,X]
[11,F,0.42415,11111100,42.415,X]
[47,F,0.456408,00000100,45.6408,X]
[100,F,0.47168,00000001,47.168,X]
[70,F,0.481767,00000010,48.1767,X]
[71,F,0.496416,00000010,49.6416,X]
[48,F,0.508166,00000100,50.8166,X]
[49,F,0.524767,00000100,52.4767,X]
[12,F,0.529422,11110000,52.9422,X]
[72,F,0.544267,00000010,54.4267,X]
[33,F,0.556766,00001000,55.6766,X]
[34,F,0.563602,00001000,56.3602,X]
[50,F,0.585314,00000100,58.5314,X]
[73,F,0.589189,00000010,58.9189,X]
[101,F,0.594727,00000001,59.4727,X]
[51,F,0.614611,00000100,61.4611,X]
[52,F,0.617541,00000100,61.7541,X]
[74,F,0.620439,00000010,62.0439,X]
[35,F,0.623172,00001000,62.3172,X]
[75,F,0.626298,00000010,62.6298,X]
[13,F,0.631961,11110000,63.1961,X]
[102,F,0.633789,00000001,63.3789,X]
[53,F,0.649767,00000100,64.9767,X]
[54,F,0.664416,00000100,66.4416,X]
[14,F,0.668094,11110000,66.8094,X]
[36,F,0.672977,00001000,67.2977,X]
[76,F,0.673173,00000010,67.3173,X]
[37,F,0.680789,00001000,68.0789,X]
[77,F,0.686845,00000010,68.6845,X]
[103,F,0.689453,00000001,68.9453,X]
[78,F,0.689775,00000010,68.9775,X]
[55,F,0.693712,00000100,69.3712,X]
[104,F,0.696289,00000001,69.6289,X]
[15,F,0.70325,11110000,70.325,X]
[38,F,0.713016,00001000,71.3016,X]
[105,F,0.714844,00000001,71.4844,X]
[106,F,0.717773,00000001,71.7773,X]
[39,F,0.718875,00001000,71.8875,X]
[56,F,0.724962,00000100,72.4962,X]
[16,F,0.733523,11110000,73.3523,X]
[79,F,0.742509,00000010,74.2509,X]
[80,F,0.755205,00000010,75.5205,X]
[40,F,0.780398,00001000,78.0398,X]
[81,F,0.789384,00000010,78.9384,X]
[41,F,0.797,00001000,79.7,X]
[57,F,0.801134,00000100,80.1134,X]
[58,F,0.81383,00000100,81.383,X]
[59,F,0.818712,00000100,81.8712,X]
[60,F,0.826525,00000100,82.6525,X]
[42,F,0.837039,00001000,83.7039,X]
[17,F,0.838273,11000000,83.8273,X]
[61,F,0.850939,00000100,85.0939,X]
[82,F,0.863603,00000010,86.3603,X]
[83,F,0.868486,00000010,86.8486,X]
[18,F,0.869523,11000000,86.9523,X]
[19,F,0.871477,11000000,87.1477,X]
[62,F,0.875353,00000100,87.5353,X]
[25,F,0.882219,00100000,88.2219,X]
[26,F,0.889055,00100000,88.9055,X]
[63,F,0.895861,00000100,89.5861,X]
[27,F,0.89882,00100000,89.882,X]
[107,F,0.900391,00000001,90.0391,X]
[20,F,0.900773,11000000,90.0773,X]
[28,F,0.908586,00100000,90.8586,X]
[64,F,0.915392,00000100,91.5392,X]
[65,F,0.924181,00000100,92.4181,X]
[43,F,0.925906,00001000,92.5906,X]
[66,F,0.927111,00000100,92.7111,X]
[29,F,0.927194,00010000,92.7194,X]
[44,F,0.935672,00001000,93.5672,X]
[30,F,0.938913,00010000,93.8912,X]
[45,F,0.944461,00001000,94.4461,X]
[84,F,0.951494,00000010,95.1494,X]
[31,F,0.952584,00010000,95.2584,X]
[108,F,0.96582,00000001,96.582,X]
[67,F,0.973009,00000100,97.3009,X]
[21,F,0.973392,10000000,97.3392,X]
[109,F,0.975586,00000001,97.5586,X]
[110,F,0.979492,00000001,97.9492,X]
[24,F,0.980228,01000000,98.0228,X]
[22,F,0.982181,10000000,98.2181,X]
[68,F,0.986681,00000100,98.6681,X]
[85,F,0.988603,00000010,98.8603,X]
[23,F,0.992923,10000000,99.2923,X]
[32,F,0.9936,00010000,99.36,X]
[46,F,0.999148,00001000,99.9148,X]
GUIDE_TREE_PARTITION1=(((((((t1:6.86,t2:6.86):12.34,t3:19.2):0.19,t4:19.39):32.16,t5:51.55):4.86,t6:56.41):16.8,t7:73.21):26.79,t8:100);
