Taxa bit representation:
t1 10000000
t2 01000000
t3 00100000
t4 00010000
t5 00001000
t6 00000100
t7 00000010
t8 00000001
Clade List (<taxon members> = <clade name>): 

>Dataset_0
[12,F,0.00488281,00000001,0.488281,X]
[13,F,0.0458984,00000001,4.58984,X]
[6,F,0.343059,00000100,34.3059,X]
[4,F,0.410216,00001000,41.0216,X]
[8,F,0.486527,00000010,48.6527,X]
[5,F,0.5567,00001000,55.67,X]
[7,F,0.607708,00000100,60.7708,X]
[14,F,0.633789,00000001,63.3789,X]
[3,F,0.787156,00010000,78.7156,X]
[15,F,0.811523,00000001,81.1523,X]
[16,F,0.842773,00000001,84.2773,X]
[9,F,0.869339,00000010,86.9339,X]
[0,F,0.889037,10000000,88.9037,X]
[1,F,0.890014,10000000,89.0014,X]
[2,F,0.902994,00100000,90.2994,X]
[10,F,0.903519,00000010,90.3519,X]
[11,F,0.943558,00000010,94.3558,X]
GUIDE_TREE_PARTITION1=(((((((t1:19.69,t2:19.69):14.62,t3:34.31):21.74,t4:56.05):7.03,t5:63.08):9.45,t6:72.53):19.54,t7:92.07):7.93,t8:100);
