Taxa bit representation:
t1 10000000
t2 01000000
t3 00100000
t4 00010000
t5 00001000
t6 00000100
t7 00000010
t8 00000001
Clade List (<taxon members> = <clade name>): 

>Dataset_0
[24,F,0.0507812,00001111,5.07812,X]
[0,F,0.0771484,11110000,7.71484,X]
[25,F,0.154466,00001100,15.4466,X]
[34,F,0.158372,00000011,15.8372,X]
[1,F,0.15918,11110000,15.918,X]
[35,F,0.170091,00000011,17.0091,X]
[2,F,0.22168,11110000,22.168,X]
[26,F,0.234544,00001100,23.4544,X]
[27,F,0.247239,00001100,24.7239,X]
[36,F,0.263841,00000011,26.3841,X]
[37,F,0.290208,00000011,29.0208,X]
[38,F,0.291184,00000011,29.1184,X]
[28,F,0.333177,00001100,33.3177,X]
[39,F,0.3947,00000011,39.47,X]
[40,F,0.475755,00000011,47.5755,X]
[3,F,0.488572,11000000,48.8572,X]
[29,F,0.546067,00001100,54.6067,X]
[15,F,0.574509,00110000,57.4509,X]
[41,F,0.578294,00000011,57.8294,X]
[42,F,0.589036,00000011,58.9036,X]
[4,F,0.635056,11000000,63.5056,X]
[30,F,0.636888,00001100,63.6888,X]
[43,F,0.651536,00000011,65.1536,X]
[5,F,0.654588,11000000,65.4588,X]
[6,F,0.682908,11000000,68.2908,X]
[16,F,0.695603,00110000,69.5603,X]
[44,F,0.727708,00000011,72.7708,X]
[7,F,0.738572,11000000,73.8572,X]
[8,F,0.742478,11000000,74.2478,X]
[45,F,0.751145,00000011,75.1145,X]
[46,F,0.805833,00000011,80.5833,X]
[47,F,0.810716,00000011,81.0716,X]
[17,F,0.836319,00100000,83.6319,X]
[11,F,0.837272,01000000,83.7272,X]
[31,F,0.842439,00001000,84.2439,X]
[18,F,0.850967,00100000,85.0967,X]
[32,F,0.863923,00001000,86.3923,X]
[48,F,0.864855,00000010,86.4855,X]
[12,F,0.868522,01000000,86.8522,X]
[33,F,0.886384,00001000,88.6384,X]
[22,F,0.895889,00010000,89.5889,X]
[19,F,0.900772,00100000,90.0772,X]
[20,F,0.907608,00100000,90.7608,X]
[9,F,0.911491,10000000,91.1491,X]
[49,F,0.919542,00000010,91.9542,X]
[21,F,0.930069,00100000,93.0069,X]
[10,F,0.950553,10000000,95.0553,X]
[50,F,0.961534,00000001,96.1534,X]
[23,F,0.968155,00010000,96.8155,X]
[51,F,0.983995,00000001,98.3995,X]
[13,F,0.986686,01000000,98.6686,X]
[14,F,0.999381,01000000,99.9381,X]
GUIDE_TREE_PARTITION1=(((t1:17.64,t2:17.64):47.37,(t3:23.79,t4:23.79):41.22):34.99,((t5:19.76,t6:19.76):72.02,(t7:15.37,t8:15.37):76.41):8.22);
