Taxa bit representation:
t1 10000000
t2 01000000
t3 00100000
t4 00010000
t5 00001000
t6 00000100
t7 00000010
t8 00000001
Clade List (<taxon members> = <clade name>): 

>Dataset_0
[39,F,0.0517578,00000011,5.17578,X]
[0,F,0.0869141,11111100,8.69141,X]
[25,F,0.165244,00001100,16.5244,X]
[1,F,0.207236,11110000,20.7236,X]
[21,F,0.384628,00010000,38.4628,X]
[32,F,0.407325,00000100,40.7325,X]
[33,F,0.424903,00000100,42.4903,X]
[40,F,0.452148,00000011,45.2148,X]
[2,F,0.46373,11100000,46.373,X]
[26,F,0.48838,00001000,48.838,X]
[22,F,0.504745,00010000,50.4745,X]
[3,F,0.550644,11100000,55.0644,X]
[27,F,0.559669,00001000,55.9669,X]
[4,F,0.575058,11100000,57.5058,X]
[47,F,0.600233,00000001,60.0233,X]
[41,F,0.612928,00000010,61.2928,X]
[42,F,0.619764,00000010,61.9764,X]
[43,F,0.662733,00000010,66.2733,X]
[48,F,0.670545,00000001,67.0545,X]
[49,F,0.684217,00000001,68.4217,X]
[28,F,0.685645,00001000,68.5645,X]
[14,F,0.686725,00100000,68.6725,X]
[5,F,0.695519,10000000,69.5519,X]
[15,F,0.721881,00100000,72.1881,X]
[16,F,0.727741,00100000,72.7741,X]
[44,F,0.733045,00000010,73.3045,X]
[45,F,0.736952,00000010,73.6952,X]
[6,F,0.744347,10000000,74.4347,X]
[7,F,0.755089,10000000,75.5089,X]
[17,F,0.769733,00100000,76.9733,X]
[23,F,0.774277,00010000,77.4277,X]
[34,F,0.82627,00000100,82.627,X]
[11,F,0.831261,01000000,83.1261,X]
[12,F,0.841027,01000000,84.1027,X]
[8,F,0.843956,10000000,84.3956,X]
[50,F,0.850233,00000001,85.0233,X]
[18,F,0.856647,00100000,85.6647,X]
[29,F,0.86045,00001000,86.045,X]
[19,F,0.86153,00100000,86.153,X]
[13,F,0.862511,01000000,86.2511,X]
[30,F,0.869239,00001000,86.9239,X]
[46,F,0.884412,00000010,88.4412,X]
[35,F,0.886817,00000100,88.6817,X]
[9,F,0.903527,10000000,90.3527,X]
[24,F,0.910995,00010000,91.0995,X]
[10,F,0.919152,10000000,91.9152,X]
[20,F,0.928913,00100000,92.8912,X]
[36,F,0.935645,00000100,93.5645,X]
[37,F,0.966895,00000100,96.6895,X]
[38,F,0.993263,00000100,99.3263,X]
[31,F,0.994239,00001000,99.4239,X]
GUIDE_TREE_PARTITION1=(((((t1:31.62,t2:31.62):1.27,t3:32.89):33.53,t4:66.42):19.79,(t5:60.83,t6:60.83):25.38):13.79,(t7:43.59,t8:43.59):56.41);
