Taxa bit representation:
t1 10000000
t2 01000000
t3 00100000
t4 00010000
t5 00001000
t6 00000100
t7 00000010
t8 00000001
Clade List (<taxon members> = <clade name>): 

>Dataset_0
[20,F,0.0166016,00000011,1.66016,X]
[21,F,0.0830078,00000011,8.30078,X]
[22,F,0.0947266,00000011,9.47266,X]
[28,F,0.137595,00000001,13.7595,X]
[9,F,0.149212,00001100,14.9213,X]
[23,F,0.152244,00000010,15.2244,X]
[0,F,0.154095,11110000,15.4095,X]
[10,F,0.214642,00001100,21.4642,X]
[24,F,0.226463,00000010,22.6463,X]
[29,F,0.256736,00000001,25.6736,X]
[25,F,0.331931,00000010,33.1931,X]
[11,F,0.339642,00001100,33.9642,X]
[1,F,0.340619,11110000,34.0619,X]
[30,F,0.442283,00000001,44.2283,X]
[2,F,0.51347,11110000,51.347,X]
[3,F,0.573041,11110000,57.3041,X]
[26,F,0.577048,00000010,57.7048,X]
[12,F,0.601256,00001000,60.1256,X]
[27,F,0.611228,00000010,61.1228,X]
[31,F,0.642478,00000001,64.2478,X]
[13,F,0.664733,00001000,66.4733,X]
[4,F,0.67558,11110000,67.558,X]
[16,F,0.757506,00000100,75.7506,X]
[5,F,0.805462,11110000,80.5463,X]
[32,F,0.827048,00000001,82.7048,X]
[33,F,0.828025,00000001,82.8025,X]
[34,F,0.829002,00000001,82.9002,X]
[14,F,0.833678,00001000,83.3678,X]
[15,F,0.866881,00001000,86.6881,X]
[35,F,0.870994,00000001,87.0994,X]
[17,F,0.893248,00000100,89.3248,X]
[18,F,0.895202,00000100,89.5202,X]
[6,F,0.917495,11000000,91.7495,X]
[7,F,0.935012,01000000,93.5012,X]
[36,F,0.948142,00000001,94.8142,X]
[19,F,0.965514,00000100,96.5514,X]
[8,F,0.968114,00010000,96.8114,X]
GUIDE_TREE_PARTITION1=(((((t1:7.28,t2:7.28):2.24,t3:9.52):8.61,t4:18.13):67.73,(t5:49.64,t6:49.64):36.22):14.14,(t7:87.51,t8:87.51):12.49);
