Taxa bit representation:
t1 10000000
t2 01000000
t3 00100000
t4 00010000
t5 00001000
t6 00000100
t7 00000010
t8 00000001
Clade List (<taxon members> = <clade name>): 

>Dataset_0
[0,F,0.0107422,11111110,1.07422,X]
[40,F,0.0517578,00000001,5.17578,X]
[1,F,0.100586,11111110,10.0586,X]
[2,F,0.138672,11111110,13.8672,X]
[3,F,0.196289,11111110,19.6289,X]
[41,F,0.205078,00000001,20.5078,X]
[42,F,0.255859,00000001,25.5859,X]
[32,F,0.266023,00000010,26.6023,X]
[4,F,0.281648,11111100,28.1648,X]
[33,F,0.29825,00000010,29.825,X]
[5,F,0.304889,11111000,30.4889,X]
[16,F,0.321059,00001000,32.1059,X]
[43,F,0.373047,00000001,37.3047,X]
[44,F,0.394531,00000001,39.4531,X]
[17,F,0.407973,00001000,40.7973,X]
[34,F,0.415438,00000010,41.5438,X]
[18,F,0.436294,00001000,43.6294,X]
[24,F,0.464069,00000100,46.4069,X]
[9,F,0.491523,00010000,49.1523,X]
[10,F,0.511055,00010000,51.1055,X]
[11,F,0.513984,00010000,51.3984,X]
[45,F,0.515625,00000001,51.5625,X]
[12,F,0.517891,00010000,51.7891,X]
[46,F,0.53125,00000001,53.125,X]
[13,F,0.534492,00010000,53.4492,X]
[19,F,0.555434,00001000,55.5434,X]
[20,F,0.559341,00001000,55.9341,X]
[25,F,0.560748,00000100,56.0748,X]
[21,F,0.570083,00001000,57.0083,X]
[35,F,0.577547,00000010,57.7547,X]
[47,F,0.600586,00000001,60.0586,X]
[22,F,0.621841,00001000,62.1841,X]
[36,F,0.623445,00000010,62.3445,X]
[26,F,0.637897,00000100,63.7897,X]
[48,F,0.646484,00000001,64.6484,X]
[49,F,0.655273,00000001,65.5273,X]
[27,F,0.663288,00000100,66.3287,X]
[28,F,0.664264,00000100,66.4264,X]
[23,F,0.675552,00001000,67.5552,X]
[14,F,0.71418,00010000,71.418,X]
[50,F,0.722656,00000001,72.2656,X]
[37,F,0.756258,00000010,75.6258,X]
[38,F,0.760164,00000010,76.0164,X]
[29,F,0.775592,00000100,77.5592,X]
[39,F,0.783602,00000010,78.3602,X]
[51,F,0.811523,00000001,81.1523,X]
[30,F,0.834186,00000100,83.4186,X]
[6,F,0.848945,11100000,84.8945,X]
[15,F,0.869453,00010000,86.9453,X]
[7,F,0.886055,11100000,88.6055,X]
[52,F,0.897461,00000001,89.7461,X]
[8,F,0.939766,11100000,93.9766,X]
[53,F,0.959961,00000001,95.9961,X]
[31,F,0.966022,00000100,96.6022,X]
GUIDE_TREE_PARTITION1=(((((((t1:3.03,t2:3.03):1.44,t3:4.47):52.53,t4:57):11.48,t5:68.48):1.91,t6:70.39):9.16,t7:79.55):20.45,t8:100);
