Taxa bit representation:
t1 10000000
t2 01000000
t3 00100000
t4 00010000
t5 00001000
t6 00000100
t7 00000010
t8 00000001
Clade List (<taxon members> = <clade name>): 

>Dataset_0
[0,F,0.0107422,11111100,1.07422,X]
[58,F,0.0380828,00000010,3.80828,X]
[82,F,0.0419891,00000001,4.19891,X]
[59,F,0.0449188,00000010,4.49188,X]
[83,F,0.0683563,00000001,6.83563,X]
[1,F,0.0761719,11111100,7.61719,X]
[84,F,0.0908172,00000001,9.08172,X]
[2,F,0.117188,11111100,11.7188,X]
[85,F,0.118161,00000001,11.8161,X]
[3,F,0.155273,11111100,15.5273,X]
[4,F,0.161133,11111100,16.1133,X]
[60,F,0.163083,00000010,16.3083,X]
[5,F,0.174805,11111100,17.4805,X]
[6,F,0.229492,11111100,22.9492,X]
[86,F,0.242184,00000001,24.2184,X]
[61,F,0.274411,00000010,27.4411,X]
[62,F,0.292966,00000010,29.2966,X]
[63,F,0.315427,00000010,31.5427,X]
[64,F,0.322263,00000010,32.2263,X]
[87,F,0.324216,00000001,32.4216,X]
[38,F,0.361072,00001100,36.1072,X]
[65,F,0.371091,00000010,37.1091,X]
[7,F,0.388416,11110000,38.8416,X]
[39,F,0.394275,00001100,39.4275,X]
[88,F,0.400388,00000001,40.0388,X]
[40,F,0.402088,00001100,40.2088,X]
[8,F,0.41283,11110000,41.283,X]
[41,F,0.415759,00001100,41.5759,X]
[66,F,0.421872,00000010,42.1872,X]
[89,F,0.423825,00000001,42.3825,X]
[90,F,0.429684,00000001,42.9684,X]
[91,F,0.449216,00000001,44.9216,X]
[67,F,0.456052,00000010,45.6052,X]
[68,F,0.460934,00000010,46.0934,X]
[42,F,0.481189,00001100,48.1189,X]
[9,F,0.485095,11110000,48.5095,X]
[10,F,0.487048,11110000,48.7048,X]
[69,F,0.497067,00000010,49.7067,X]
[11,F,0.499744,11110000,49.9744,X]
[70,F,0.515622,00000010,51.5622,X]
[43,F,0.5349,00001100,53.49,X]
[12,F,0.53783,11110000,53.783,X]
[26,F,0.553925,00010000,55.3925,X]
[92,F,0.584958,00000001,58.4958,X]
[27,F,0.587128,00010000,58.7128,X]
[28,F,0.594941,00010000,59.4941,X]
[93,F,0.601559,00000001,60.1559,X]
[13,F,0.601777,11100000,60.1777,X]
[29,F,0.604706,00010000,60.4706,X]
[94,F,0.609372,00000001,60.9372,X]
[95,F,0.62402,00000001,62.402,X]
[96,F,0.630856,00000001,63.0856,X]
[97,F,0.634763,00000001,63.4763,X]
[14,F,0.63498,11100000,63.498,X]
[15,F,0.646698,11100000,64.6698,X]
[16,F,0.647675,11100000,64.7675,X]
[98,F,0.649411,00000001,64.9411,X]
[30,F,0.652558,00010000,65.2558,X]
[44,F,0.663806,00001100,66.3806,X]
[17,F,0.669159,11100000,66.9159,X]
[99,F,0.677731,00000001,67.7731,X]
[31,F,0.687714,00010000,68.7714,X]
[71,F,0.69238,00000010,69.238,X]
[45,F,0.697986,00001100,69.7986,X]
[72,F,0.702145,00000010,70.2145,X]
[100,F,0.710934,00000001,71.0934,X]
[32,F,0.766816,00010000,76.6816,X]
[18,F,0.76955,11000000,76.955,X]
[46,F,0.772205,00001100,77.2205,X]
[22,F,0.775409,00100000,77.5409,X]
[73,F,0.779294,00000010,77.9294,X]
[74,F,0.781247,00000010,78.1247,X]
[23,F,0.782245,00100000,78.2245,X]
[75,F,0.807614,00000010,80.7614,X]
[47,F,0.811267,00001100,81.1267,X]
[76,F,0.812497,00000010,81.2497,X]
[101,F,0.81445,00000001,81.445,X]
[19,F,0.817402,11000000,81.7402,X]
[77,F,0.824216,00000010,82.4216,X]
[78,F,0.833981,00000010,83.3981,X]
[79,F,0.844723,00000010,84.4723,X]
[33,F,0.859589,00010000,85.9589,X]
[20,F,0.860159,10000000,86.0159,X]
[48,F,0.863302,00001000,86.3302,X]
[34,F,0.866425,00010000,86.6425,X]
[57,F,0.874044,00000100,87.4044,X]
[49,F,0.876973,00001000,87.6973,X]
[24,F,0.884784,00100000,88.4784,X]
[50,F,0.898458,00001000,89.8458,X]
[102,F,0.910153,00000001,91.0153,X]
[51,F,0.918966,00001000,91.8966,X]
[52,F,0.919942,00001000,91.9942,X]
[103,F,0.927731,00000001,92.7731,X]
[25,F,0.946308,00100000,94.6308,X]
[80,F,0.950192,00000010,95.0192,X]
[53,F,0.965841,00001000,96.5841,X]
[35,F,0.968964,00010000,96.8964,X]
[54,F,0.969747,00001000,96.9747,X]
[36,F,0.969941,00010000,96.9941,X]
[81,F,0.971677,00000010,97.1677,X]
[37,F,0.977753,00010000,97.7753,X]
[104,F,0.986325,00000001,98.6325,X]
[21,F,0.991995,10000000,99.1995,X]
[55,F,0.995138,00001000,99.5138,X]
[56,F,0.998067,00001000,99.8067,X]
GUIDE_TREE_PARTITION1=(((((t1:14.57,t2:14.57):11.6,t3:26.17):20,t4:46.17):19.09,(t5:15.33,t6:15.33):49.93):34.74,(t7:96.68,t8:96.68):3.32);
