Taxa bit representation:
t1 10000000
t2 01000000
t3 00100000
t4 00010000
t5 00001000
t6 00000100
t7 00000010
t8 00000001
Clade List (<taxon members> = <clade name>): 

>Dataset_0
[0,F,0.0302734,11111110,3.02734,X]
[1,F,0.0722016,11111100,7.22016,X]
[36,F,0.0732422,00000001,7.32422,X]
[2,F,0.0897797,11111100,8.97797,X]
[3,F,0.15228,11111100,15.228,X]
[4,F,0.162045,11111100,16.2045,X]
[5,F,0.184506,11111100,18.4506,X]
[37,F,0.210938,00000001,21.0938,X]
[6,F,0.252866,11111100,25.2866,X]
[38,F,0.307617,00000001,30.7617,X]
[23,F,0.323178,00000010,32.3178,X]
[7,F,0.330738,11111000,33.0738,X]
[24,F,0.372983,00000010,37.2983,X]
[8,F,0.384448,11111000,38.4448,X]
[39,F,0.40332,00000001,40.332,X]
[9,F,0.428394,11111000,42.8394,X]
[25,F,0.438412,00000010,43.8412,X]
[26,F,0.449155,00000010,44.9155,X]
[27,F,0.450131,00000010,45.0131,X]
[40,F,0.461914,00000001,46.1914,X]
[28,F,0.462827,00000010,46.2827,X]
[41,F,0.467773,00000001,46.7773,X]
[42,F,0.478516,00000001,47.8516,X]
[10,F,0.498759,11110000,49.8759,X]
[29,F,0.563412,00000010,56.3412,X]
[30,F,0.61517,00000010,61.517,X]
[20,F,0.615894,00000100,61.5894,X]
[11,F,0.651103,11110000,65.1103,X]
[21,F,0.688159,00000100,68.8159,X]
[22,F,0.699878,00000100,69.9878,X]
[12,F,0.727275,11110000,72.7275,X]
[17,F,0.741689,00010000,74.1689,X]
[31,F,0.876889,00000010,87.6889,X]
[32,F,0.885678,00000010,88.5678,X]
[18,F,0.890127,00010000,89.0127,X]
[16,F,0.903683,00100000,90.3683,X]
[33,F,0.910092,00000010,91.0092,X]
[34,F,0.92767,00000010,92.767,X]
[43,F,0.932617,00000001,93.2617,X]
[13,F,0.951286,10000000,95.1286,X]
[15,F,0.953239,01000000,95.3239,X]
[35,F,0.959897,00000010,95.9897,X]
[14,F,0.977653,10000000,97.7653,X]
[19,F,0.998759,00001000,99.8759,X]
GUIDE_TREE_PARTITION1=(((((((t1:8.68,t2:8.68):13.94,t3:22.62):4.09,t4:26.71):24,t5:50.71):18.56,t6:69.27):25.17,t7:94.44):5.56,t8:100);
