Taxa bit representation:
t1 10000000
t2 01000000
t3 00100000
t4 00010000
t5 00001000
t6 00000100
t7 00000010
t8 00000001
Clade List (<taxon members> = <clade name>): 

>Dataset_0
[39,F,0.0986328,00000011,9.86328,X]
[0,F,0.105469,11111100,10.5469,X]
[40,F,0.174273,00000010,17.4273,X]
[41,F,0.191852,00000010,19.1852,X]
[1,F,0.201453,11110000,20.1453,X]
[19,F,0.274198,00010000,27.4198,X]
[2,F,0.289823,11100000,28.9823,X]
[3,F,0.301542,11100000,30.1542,X]
[20,F,0.314237,00010000,31.4237,X]
[27,F,0.325477,00001100,32.5477,X]
[12,F,0.339609,00100000,33.9609,X]
[4,F,0.361094,11000000,36.1094,X]
[21,F,0.390409,00010000,39.0409,X]
[50,F,0.444781,00000001,44.4781,X]
[22,F,0.453886,00010000,45.3886,X]
[51,F,0.474078,00000001,47.4078,X]
[33,F,0.481739,00000100,48.1739,X]
[34,F,0.528614,00000100,52.8614,X]
[52,F,0.534625,00000001,53.4625,X]
[8,F,0.536659,01000000,53.6659,X]
[35,F,0.548145,00000100,54.8145,X]
[28,F,0.554981,00001000,55.4981,X]
[42,F,0.555133,00000010,55.5133,X]
[53,F,0.555133,00000001,55.5133,X]
[54,F,0.560016,00000001,56.0016,X]
[43,F,0.563922,00000010,56.3922,X]
[13,F,0.564219,00100000,56.4219,X]
[55,F,0.564898,00000001,56.4898,X]
[36,F,0.575489,00000100,57.5489,X]
[23,F,0.584745,00010000,58.4745,X]
[14,F,0.590586,00100000,59.0586,X]
[15,F,0.61207,00100000,61.207,X]
[5,F,0.635292,10000000,63.5292,X]
[56,F,0.673297,00000001,67.3297,X]
[44,F,0.683063,00000010,68.3063,X]
[29,F,0.685841,00001000,68.5841,X]
[57,F,0.687945,00000001,68.7945,X]
[16,F,0.702891,00100000,70.2891,X]
[58,F,0.705523,00000001,70.5523,X]
[59,F,0.70943,00000001,70.943,X]
[30,F,0.745411,00001000,74.5411,X]
[45,F,0.746539,00000010,74.6539,X]
[6,F,0.747597,10000000,74.7597,X]
[31,F,0.7542,00001000,75.42,X]
[46,F,0.769,00000010,76.9,X]
[37,F,0.784473,00000100,78.4473,X]
[7,F,0.789589,10000000,78.9589,X]
[47,F,0.805133,00000010,80.5133,X]
[9,F,0.806191,01000000,80.6191,X]
[10,F,0.811073,01000000,81.1073,X]
[32,F,0.845997,00001000,84.5997,X]
[48,F,0.867633,00000010,86.7633,X]
[17,F,0.910898,00100000,91.0898,X]
[49,F,0.929156,00000010,92.9156,X]
[24,F,0.936308,00010000,93.6308,X]
[25,F,0.94412,00010000,94.412,X]
[38,F,0.958302,00000100,95.8302,X]
[18,F,0.977305,00100000,97.7305,X]
[26,F,0.977323,00010000,97.7323,X]
[11,F,0.99955,01000000,99.955,X]
GUIDE_TREE_PARTITION1=(((((t1:53.17,t2:53.17):16.58,t3:69.75):7.42,t4:77.17):9.13,(t5:55.83,t6:55.83):30.47):13.7,(t7:85.6,t8:85.6):14.4);
