Taxa bit representation:
t1 10000000
t2 01000000
t3 00100000
t4 00010000
t5 00001000
t6 00000100
t7 00000010
t8 00000001
Clade List (<taxon members> = <clade name>): 

>Dataset_0
[0,F,0.0136719,11111110,1.36719,X]
[1,F,0.0917969,11111110,9.17969,X]
[22,F,0.226562,00000001,22.6562,X]
[18,F,0.232783,00000010,23.2783,X]
[19,F,0.279658,00000010,27.9658,X]
[20,F,0.344111,00000010,34.4111,X]
[2,F,0.362666,11111100,36.2666,X]
[3,F,0.407587,11111100,40.7587,X]
[14,F,0.479761,00001000,47.9761,X]
[4,F,0.556673,11000000,55.6673,X]
[5,F,0.587923,11000000,58.7923,X]
[6,F,0.594759,11000000,59.4759,X]
[10,F,0.614291,00100000,61.4291,X]
[12,F,0.627858,00010000,62.7858,X]
[11,F,0.71097,00100000,71.097,X]
[15,F,0.768823,00001000,76.8823,X]
[23,F,0.771484,00000001,77.1484,X]
[7,F,0.772494,11000000,77.2494,X]
[8,F,0.774447,11000000,77.4447,X]
[24,F,0.791992,00000001,79.1992,X]
[25,F,0.84375,00000001,84.375,X]
[16,F,0.904566,00001000,90.4566,X]
[9,F,0.913473,10000000,91.3473,X]
[26,F,0.916016,00000001,91.6016,X]
[17,F,0.955347,00001000,95.5347,X]
[21,F,0.961298,00000010,96.1298,X]
[13,F,0.976491,00010000,97.6491,X]
GUIDE_TREE_PARTITION1=(((((((t1:11.68,t2:11.68):35.68,t3:47.36):1.28,t4:48.64):5.63,t5:54.27):2.99,t6:57.26):26.2,t7:83.46):16.54,t8:100);
