Taxa bit representation:
t1 10000000
t2 01000000
t3 00100000
t4 00010000
t5 00001000
t6 00000100
t7 00000010
t8 00000001
Clade List (<taxon members> = <clade name>): 

>Dataset_0
[0,F,0.000976562,11111100,0.0976562,X]
[27,F,0.0224609,00000011,2.24609,X]
[1,F,0.0556641,11111100,5.56641,X]
[37,F,0.125895,00000001,12.5895,X]
[28,F,0.160075,00000010,16.0075,X]
[2,F,0.168961,11110000,16.8961,X]
[29,F,0.20402,00000010,20.402,X]
[30,F,0.20988,00000010,20.988,X]
[31,F,0.263591,00000010,26.3591,X]
[3,F,0.287125,11110000,28.7125,X]
[16,F,0.288102,00001100,28.8102,X]
[38,F,0.306559,00000001,30.6559,X]
[4,F,0.314469,11110000,31.4469,X]
[17,F,0.316422,00001100,31.6422,X]
[18,F,0.379898,00001100,37.9898,X]
[39,F,0.380778,00000001,38.0778,X]
[40,F,0.383708,00000001,38.3708,X]
[19,F,0.386734,00001100,38.6734,X]
[5,F,0.407242,11110000,40.7242,X]
[32,F,0.408122,00000010,40.8122,X]
[41,F,0.412028,00000001,41.2028,X]
[6,F,0.460953,11110000,46.0953,X]
[7,F,0.467789,11110000,46.7789,X]
[42,F,0.523356,00000001,52.3356,X]
[33,F,0.562419,00000010,56.2419,X]
[43,F,0.583903,00000001,58.3903,X]
[20,F,0.638384,00001000,63.8384,X]
[8,F,0.684469,11100000,68.4469,X]
[34,F,0.692302,00000010,69.2302,X]
[35,F,0.700114,00000010,70.0114,X]
[12,F,0.736227,00010000,73.6227,X]
[21,F,0.737994,00001000,73.7994,X]
[36,F,0.784098,00000010,78.4098,X]
[9,F,0.801491,11000000,80.1491,X]
[22,F,0.833697,00001000,83.3697,X]
[23,F,0.836627,00001000,83.6627,X]
[10,F,0.874116,01000000,87.4116,X]
[13,F,0.896383,00010000,89.6383,X]
[11,F,0.897194,00100000,89.7194,X]
[14,F,0.897359,00010000,89.7359,X]
[24,F,0.924517,00001000,92.4517,X]
[26,F,0.981158,00000100,98.1158,X]
[15,F,0.981344,00010000,98.1344,X]
[25,F,0.986041,00001000,98.6041,X]
[44,F,0.9882,00000001,98.82,X]
GUIDE_TREE_PARTITION1=(((((t1:16.69,t2:16.69):11.95,t3:28.64):7.21,t4:35.85):49.5,(t5:50.81,t6:50.81):34.54):14.65,(t7:94.93,t8:94.93):5.07);
