Taxa bit representation:
t1 10000000
t2 01000000
t3 00100000
t4 00010000
t5 00001000
t6 00000100
t7 00000010
t8 00000001
Clade List (<taxon members> = <clade name>): 

>Dataset_0
[7,F,0.0576172,00000001,5.76172,X]
[8,F,0.0927734,00000001,9.27734,X]
[9,F,0.09375,00000001,9.375,X]
[6,F,0.19282,00000010,19.282,X]
[5,F,0.560884,00000100,56.0884,X]
[10,F,0.568359,00000001,56.8359,X]
[11,F,0.69043,00000001,69.043,X]
[12,F,0.734375,00000001,73.4375,X]
[13,F,0.775391,00000001,77.5391,X]
[0,F,0.833344,11000000,83.3344,X]
[1,F,0.872912,00001000,87.2912,X]
[2,F,0.908069,00001000,90.8069,X]
[3,F,0.983264,00001000,98.3264,X]
[4,F,0.989123,00001000,98.9123,X]
GUIDE_TREE_PARTITION1=(((((((t1:4.67,t2:4.67):27.23,t3:31.9):8.71,t4:40.61):4.13,t5:44.74):13.82,t6:58.56):24.99,t7:83.55):16.45,t8:100);
