Taxa bit representation:
t1 10000000
t2 01000000
t3 00100000
t4 00010000
t5 00001000
t6 00000100
t7 00000010
t8 00000001
Clade List (<taxon members> = <clade name>): 

>Dataset_0
[0,F,0.0292969,11111110,2.92969,X]
[1,F,0.0429688,11111110,4.29688,X]
[106,F,0.0439453,00000001,4.39453,X]
[107,F,0.0771484,00000001,7.71484,X]
[2,F,0.0916125,11111000,9.16125,X]
[61,F,0.111144,00000100,11.1144,X]
[108,F,0.124023,00000001,12.4023,X]
[109,F,0.134766,00000001,13.4766,X]
[110,F,0.144531,00000001,14.4531,X]
[111,F,0.147461,00000001,14.7461,X]
[3,F,0.158019,11111000,15.8019,X]
[88,F,0.159155,00000010,15.9155,X]
[4,F,0.165831,11111000,16.5831,X]
[112,F,0.189453,00000001,18.9453,X]
[89,F,0.190405,00000010,19.0405,X]
[40,F,0.192383,00001000,19.2383,X]
[62,F,0.206847,00000100,20.6847,X]
[41,F,0.208984,00001000,20.8984,X]
[90,F,0.217748,00000010,21.7748,X]
[113,F,0.222656,00000001,22.2656,X]
[5,F,0.226562,11110000,22.6562,X]
[91,F,0.229467,00000010,22.9467,X]
[63,F,0.239073,00000100,23.9073,X]
[64,F,0.24298,00000100,24.298,X]
[42,F,0.245117,00001000,24.5117,X]
[92,F,0.248998,00000010,24.8998,X]
[6,F,0.262695,11110000,26.2695,X]
[43,F,0.274414,00001000,27.4414,X]
[7,F,0.308594,11110000,30.8594,X]
[8,F,0.30957,11110000,30.957,X]
[44,F,0.356445,00001000,35.6445,X]
[65,F,0.361144,00000100,36.1144,X]
[114,F,0.370117,00000001,37.0117,X]
[9,F,0.374023,11110000,37.4023,X]
[10,F,0.390625,11110000,39.0625,X]
[45,F,0.391602,00001000,39.1602,X]
[115,F,0.392578,00000001,39.2578,X]
[66,F,0.395323,00000100,39.5323,X]
[116,F,0.411133,00000001,41.1133,X]
[67,F,0.422667,00000100,42.2667,X]
[68,F,0.426573,00000100,42.6573,X]
[93,F,0.452123,00000010,45.2123,X]
[117,F,0.455078,00000001,45.5078,X]
[94,F,0.472631,00000010,47.2631,X]
[11,F,0.474609,11110000,47.4609,X]
[46,F,0.489258,00001000,48.9258,X]
[47,F,0.492188,00001000,49.2188,X]
[118,F,0.500977,00000001,50.0977,X]
[95,F,0.51267,00000010,51.267,X]
[96,F,0.5156,00000010,51.56,X]
[69,F,0.553527,00000100,55.3527,X]
[119,F,0.560547,00000001,56.0547,X]
[70,F,0.563292,00000100,56.3292,X]
[120,F,0.573242,00000001,57.3242,X]
[71,F,0.584777,00000100,58.4777,X]
[48,F,0.589844,00001000,58.9844,X]
[49,F,0.595703,00001000,59.5703,X]
[26,F,0.599636,00010000,59.9636,X]
[12,F,0.604519,11100000,60.4519,X]
[27,F,0.613308,00010000,61.3308,X]
[13,F,0.613308,11100000,61.3308,X]
[28,F,0.617214,00010000,61.7214,X]
[72,F,0.61798,00000100,61.798,X]
[121,F,0.618164,00000001,61.8164,X]
[73,F,0.632628,00000100,63.2628,X]
[50,F,0.636719,00001000,63.6719,X]
[29,F,0.639675,00010000,63.9675,X]
[74,F,0.654112,00000100,65.4112,X]
[14,F,0.6553,11100000,65.53,X]
[122,F,0.65625,00000001,65.625,X]
[51,F,0.669922,00001000,66.9922,X]
[75,F,0.679503,00000100,67.9503,X]
[52,F,0.683594,00001000,68.3594,X]
[123,F,0.6875,00000001,68.75,X]
[124,F,0.69043,00000001,69.043,X]
[76,F,0.700987,00000100,70.0987,X]
[15,F,0.71487,11100000,71.487,X]
[30,F,0.723659,00010000,72.3659,X]
[77,F,0.726378,00000100,72.6378,X]
[16,F,0.732448,11100000,73.2448,X]
[31,F,0.743191,00010000,74.3191,X]
[32,F,0.74612,00010000,74.612,X]
[33,F,0.747097,00010000,74.7097,X]
[78,F,0.754698,00000100,75.4698,X]
[97,F,0.754858,00000010,75.4858,X]
[125,F,0.757812,00000001,75.7812,X]
[17,F,0.759792,11100000,75.9792,X]
[126,F,0.764648,00000001,76.4648,X]
[34,F,0.765652,00010000,76.5652,X]
[79,F,0.766417,00000100,76.6417,X]
[53,F,0.769531,00001000,76.9531,X]
[35,F,0.776394,00010000,77.6394,X]
[18,F,0.785183,11100000,78.5183,X]
[54,F,0.804688,00001000,80.4688,X]
[98,F,0.805639,00000010,80.5639,X]
[36,F,0.80862,00010000,80.862,X]
[80,F,0.813292,00000100,81.3292,X]
[81,F,0.827941,00000100,82.7941,X]
[19,F,0.833034,11100000,83.3034,X]
[127,F,0.844727,00000001,84.4727,X]
[99,F,0.851538,00000010,85.1538,X]
[55,F,0.853516,00001000,85.3516,X]
[20,F,0.855808,11000000,85.5808,X]
[37,F,0.866237,00010000,86.6238,X]
[100,F,0.872045,00000010,87.2045,X]
[82,F,0.874816,00000100,87.4816,X]
[21,F,0.876316,11000000,87.6316,X]
[83,F,0.885558,00000100,88.5558,X]
[128,F,0.885742,00000001,88.5742,X]
[24,F,0.892917,00100000,89.2917,X]
[101,F,0.904272,00000010,90.4272,X]
[22,F,0.904636,11000000,90.4636,X]
[102,F,0.911108,00000010,91.1108,X]
[25,F,0.922214,00100000,92.2214,X]
[38,F,0.931667,00010000,93.1667,X]
[84,F,0.933409,00000100,93.3409,X]
[103,F,0.946264,00000010,94.6264,X]
[39,F,0.949245,00010000,94.9245,X]
[85,F,0.9588,00000100,95.88,X]
[104,F,0.967748,00000010,96.7748,X]
[56,F,0.97168,00001000,97.168,X]
[57,F,0.977539,00001000,97.7539,X]
[86,F,0.978331,00000100,97.8331,X]
[23,F,0.978555,01000000,97.8555,X]
[58,F,0.981445,00001000,98.1445,X]
[59,F,0.993164,00001000,99.3164,X]
[60,F,0.996094,00001000,99.6094,X]
[87,F,0.996886,00000100,99.6886,X]
[105,F,0.999975,00000010,99.9975,X]
GUIDE_TREE_PARTITION1=(((((((t1:4,t2:4):12.47,t3:16.47):24.25,t4:40.72):40.53,t5:81.25):10.37,t6:91.62):0.57,t7:92.19):7.81,t8:100);
