Taxa bit representation:
t1 10000000
t2 01000000
t3 00100000
t4 00010000
t5 00001000
t6 00000100
t7 00000010
t8 00000001
Clade List (<taxon members> = <clade name>): 

>Dataset_0
[35,F,0.000976562,00001111,0.0976562,X]
[36,F,0.00390625,00001111,0.390625,X]
[0,F,0.00878906,11110000,0.878906,X]
[1,F,0.0175781,11110000,1.75781,X]
[2,F,0.0185547,11110000,1.85547,X]
[37,F,0.0429688,00001111,4.29688,X]
[38,F,0.0771484,00001111,7.71484,X]
[39,F,0.0908203,00001111,9.08203,X]
[40,F,0.123047,00001111,12.3047,X]
[41,F,0.137695,00001111,13.7695,X]
[3,F,0.145508,11110000,14.5508,X]
[4,F,0.15625,11110000,15.625,X]
[5,F,0.193359,11110000,19.3359,X]
[6,F,0.208008,11110000,20.8008,X]
[7,F,0.225586,11110000,22.5586,X]
[42,F,0.232073,00001000,23.2073,X]
[59,F,0.251605,00000100,25.1605,X]
[75,F,0.255517,00000011,25.5517,X]
[60,F,0.268206,00000100,26.8206,X]
[43,F,0.280902,00001000,28.0902,X]
[76,F,0.287744,00000011,28.7744,X]
[44,F,0.291644,00001000,29.1644,X]
[61,F,0.293597,00000100,29.3597,X]
[77,F,0.302392,00000011,30.2392,X]
[8,F,0.307617,11110000,30.7617,X]
[78,F,0.313134,00000011,31.3134,X]
[9,F,0.325195,11110000,32.5195,X]
[10,F,0.328125,11110000,32.8125,X]
[79,F,0.330712,00000011,33.0712,X]
[45,F,0.369769,00001000,36.9769,X]
[11,F,0.398438,11110000,39.8438,X]
[62,F,0.403948,00000100,40.3948,X]
[80,F,0.408837,00000011,40.8837,X]
[12,F,0.429688,11110000,42.9688,X]
[13,F,0.433594,11110000,43.3594,X]
[63,F,0.463519,00000100,46.3519,X]
[14,F,0.470703,11110000,47.0703,X]
[64,F,0.478167,00000100,47.8167,X]
[46,F,0.479144,00001000,47.9144,X]
[47,F,0.494769,00001000,49.4769,X]
[15,F,0.500977,11110000,50.0977,X]
[81,F,0.501611,00000011,50.1611,X]
[16,F,0.501953,11110000,50.1953,X]
[82,F,0.51333,00000011,51.333,X]
[65,F,0.528948,00000100,52.8948,X]
[48,F,0.531878,00001000,53.1878,X]
[83,F,0.551389,00000010,55.1389,X]
[97,F,0.560178,00000001,56.0178,X]
[66,F,0.564105,00000100,56.4105,X]
[67,F,0.565081,00000100,56.5081,X]
[49,F,0.588519,00001000,58.8519,X]
[17,F,0.589844,11110000,58.9844,X]
[84,F,0.590452,00000010,59.0452,X]
[50,F,0.602191,00001000,60.2191,X]
[51,F,0.615862,00001000,61.5862,X]
[52,F,0.619769,00001000,61.9769,X]
[68,F,0.622698,00000100,62.2698,X]
[85,F,0.629514,00000010,62.9514,X]
[98,F,0.630491,00000001,63.0491,X]
[99,F,0.641233,00000001,64.1233,X]
[53,F,0.676409,00001000,67.6409,X]
[69,F,0.690081,00000100,69.0081,X]
[100,F,0.714475,00000001,71.4475,X]
[54,F,0.720355,00001000,72.0355,X]
[70,F,0.735003,00000100,73.5003,X]
[55,F,0.751605,00001000,75.1605,X]
[71,F,0.759417,00000100,75.9417,X]
[101,F,0.768186,00000001,76.8186,X]
[72,F,0.778948,00000100,77.8948,X]
[86,F,0.784787,00000010,78.4787,X]
[102,F,0.807248,00000001,80.7248,X]
[87,F,0.810178,00000010,81.0178,X]
[88,F,0.821897,00000010,82.1897,X]
[89,F,0.82385,00000010,82.385,X]
[27,F,0.831253,00110000,83.1253,X]
[90,F,0.831662,00000010,83.1662,X]
[73,F,0.836566,00000100,83.6566,X]
[103,F,0.838498,00000001,83.8498,X]
[56,F,0.839495,00001000,83.9495,X]
[28,F,0.841019,00110000,84.1019,X]
[91,F,0.853147,00000010,85.3147,X]
[29,F,0.853736,00100000,85.3736,X]
[104,F,0.856077,00000001,85.6077,X]
[18,F,0.857206,10000000,85.7206,X]
[19,F,0.862089,10000000,86.2089,X]
[32,F,0.868384,00010000,86.8384,X]
[92,F,0.874631,00000010,87.4631,X]
[30,F,0.87522,00100000,87.522,X]
[93,F,0.887327,00000010,88.7327,X]
[33,F,0.903541,00010000,90.3541,X]
[94,F,0.910764,00000010,91.0764,X]
[20,F,0.910917,10000000,91.0917,X]
[23,F,0.91873,01000000,91.873,X]
[34,F,0.921119,00010000,92.1119,X]
[105,F,0.928342,00000001,92.8342,X]
[106,F,0.941037,00000001,94.1037,X]
[31,F,0.94358,00100000,94.358,X]
[24,F,0.94412,01000000,94.412,X]
[25,F,0.951933,01000000,95.1933,X]
[21,F,0.953886,10000000,95.3886,X]
[57,F,0.957659,00001000,95.7659,X]
[26,F,0.973417,01000000,97.3417,X]
[58,F,0.975237,00001000,97.5237,X]
[95,F,0.98303,00000010,98.303,X]
[74,F,0.984027,00000100,98.4027,X]
[22,F,0.990019,10000000,99.0019,X]
[96,F,0.995725,00000010,99.5725,X]
GUIDE_TREE_PARTITION1=(((t1:14.67,t2:14.67):2.4,(t3:15.31,t4:15.31):1.76):82.93,((t5:79.82,t6:79.82):0.39,(t7:45.74,t8:45.74):34.47):19.79);
