Taxa bit representation:
t1 10000000
t2 01000000
t3 00100000
t4 00010000
t5 00001000
t6 00000100
t7 00000010
t8 00000001
Clade List (<taxon members> = <clade name>): 

>Dataset_0
[55,F,0.0292969,00001111,2.92969,X]
[56,F,0.0371094,00001111,3.71094,X]
[0,F,0.121094,11110000,12.1094,X]
[1,F,0.135742,11110000,13.5742,X]
[2,F,0.141602,11110000,14.1602,X]
[3,F,0.151367,11110000,15.1367,X]
[4,F,0.155273,11110000,15.5273,X]
[5,F,0.166016,11110000,16.6016,X]
[57,F,0.183594,00001111,18.3594,X]
[6,F,0.198242,11110000,19.8242,X]
[7,F,0.211914,11110000,21.1914,X]
[8,F,0.230469,11110000,23.0469,X]
[58,F,0.259766,00001111,25.9766,X]
[9,F,0.287109,11110000,28.7109,X]
[59,F,0.318428,00001100,31.8428,X]
[85,F,0.345772,00000011,34.5772,X]
[10,F,0.358398,11110000,35.8398,X]
[60,F,0.374092,00001100,37.4092,X]
[11,F,0.423828,11110000,42.3828,X]
[86,F,0.434639,00000011,43.4639,X]
[12,F,0.447266,11110000,44.7266,X]
[61,F,0.453194,00001100,45.3194,X]
[87,F,0.464913,00000011,46.4913,X]
[62,F,0.490303,00001100,49.0303,X]
[13,F,0.497119,11000000,49.7119,X]
[88,F,0.502022,00000011,50.2022,X]
[89,F,0.524483,00000011,52.4483,X]
[99,F,0.53573,00000001,53.573,X]
[14,F,0.537158,11000000,53.7158,X]
[90,F,0.539636,00000010,53.9636,X]
[63,F,0.549873,00001100,54.9873,X]
[15,F,0.552783,11000000,55.2783,X]
[91,F,0.56698,00000010,56.698,X]
[100,F,0.571862,00000001,57.1862,X]
[16,F,0.573291,11000000,57.3291,X]
[92,F,0.576745,00000010,57.6745,X]
[37,F,0.586963,00110000,58.6963,X]
[93,F,0.594323,00000010,59.4323,X]
[101,F,0.594323,00000001,59.4323,X]
[38,F,0.60747,00110000,60.747,X]
[39,F,0.619189,00110000,61.9189,X]
[102,F,0.624597,00000001,62.4597,X]
[40,F,0.627978,00110000,62.7978,X]
[17,F,0.637744,11000000,63.7744,X]
[64,F,0.64483,00001000,64.483,X]
[18,F,0.663134,11000000,66.3134,X]
[75,F,0.680962,00000100,68.0962,X]
[76,F,0.686822,00000100,68.6822,X]
[41,F,0.688525,00110000,68.8525,X]
[65,F,0.695611,00001000,69.5611,X]
[19,F,0.70948,10000000,70.948,X]
[42,F,0.712939,00110000,71.2939,X]
[103,F,0.72323,00000001,72.323,X]
[43,F,0.731494,00110000,73.1494,X]
[104,F,0.734948,00000001,73.4948,X]
[77,F,0.73858,00000100,73.858,X]
[78,F,0.747369,00000100,74.7369,X]
[44,F,0.748095,00110000,74.8095,X]
[105,F,0.74862,00000001,74.862,X]
[45,F,0.751025,00110000,75.1025,X]
[94,F,0.752527,00000010,75.2527,X]
[31,F,0.754402,01000000,75.4402,X]
[66,F,0.761041,00001000,76.1041,X]
[46,F,0.76958,00110000,76.958,X]
[47,F,0.780322,00110000,78.0322,X]
[79,F,0.784478,00000100,78.4478,X]
[80,F,0.792291,00000100,79.2291,X]
[48,F,0.800025,00100000,80.0025,X]
[32,F,0.802253,01000000,80.2253,X]
[20,F,0.805183,10000000,80.5183,X]
[49,F,0.808814,00100000,80.8814,X]
[51,F,0.81858,00010000,81.858,X]
[81,F,0.819634,00000100,81.9634,X]
[33,F,0.821784,01000000,82.1784,X]
[95,F,0.827722,00000010,82.7722,X]
[67,F,0.833306,00001000,83.3306,X]
[21,F,0.83448,10000000,83.448,X]
[68,F,0.838189,00001000,83.8189,X]
[82,F,0.845025,00000100,84.5025,X]
[96,F,0.847253,00000010,84.7253,X]
[22,F,0.861823,10000000,86.1823,X]
[97,F,0.863855,00000010,86.3855,X]
[52,F,0.889869,00010000,88.9869,X]
[106,F,0.901941,00000001,90.1941,X]
[23,F,0.903816,10000000,90.3816,X]
[34,F,0.909675,01000000,90.9675,X]
[107,F,0.909753,00000001,90.9753,X]
[69,F,0.913384,00001000,91.3384,X]
[24,F,0.913581,10000000,91.3581,X]
[25,F,0.918464,10000000,91.8464,X]
[108,F,0.921472,00000001,92.1472,X]
[70,F,0.922173,00001000,92.2173,X]
[71,F,0.924127,00001000,92.4127,X]
[72,F,0.929009,00001000,92.9009,X]
[83,F,0.929009,00000100,92.9009,X]
[26,F,0.929206,10000000,92.9206,X]
[27,F,0.930183,10000000,93.0183,X]
[50,F,0.93772,00100000,93.772,X]
[35,F,0.937995,01000000,93.7995,X]
[28,F,0.943855,10000000,94.3855,X]
[84,F,0.948541,00000100,94.8541,X]
[36,F,0.950691,01000000,95.0691,X]
[98,F,0.950769,00000010,95.0769,X]
[109,F,0.950769,00000001,95.0769,X]
[110,F,0.957605,00000001,95.7605,X]
[53,F,0.970923,00010000,97.0923,X]
[73,F,0.978814,00001000,97.8814,X]
[74,F,0.992486,00001000,99.2486,X]
[29,F,0.992683,10000000,99.2683,X]
[111,F,0.992761,00000001,99.2761,X]
[54,F,0.994361,00010000,99.4361,X]
[30,F,0.996589,10000000,99.6589,X]
GUIDE_TREE_PARTITION1=(((t1:32.47,t2:32.47):18.99,(t3:21.56,t4:21.56):29.9):48.54,((t5:35.81,t6:35.81):37.23,(t7:46.72,t8:46.72):26.32):26.96);
