Taxa bit representation:
t1 10000000
t2 01000000
t3 00100000
t4 00010000
t5 00001000
t6 00000100
t7 00000010
t8 00000001
Clade List (<taxon members> = <clade name>): 

>Dataset_0
[6,F,0.0166016,00001111,1.66016,X]
[7,F,0.0830078,00001111,8.30078,X]
[8,F,0.0927734,00001111,9.27734,X]
[9,F,0.225586,00001111,22.5586,X]
[0,F,0.364258,11110000,36.4258,X]
[18,F,0.388931,00000011,38.8931,X]
[10,F,0.462173,00001100,46.2173,X]
[11,F,0.511978,00001100,51.1978,X]
[12,F,0.545181,00001100,54.5181,X]
[19,F,0.575455,00000011,57.5455,X]
[20,F,0.58522,00000011,58.522,X]
[1,F,0.668945,11110000,66.8945,X]
[21,F,0.694595,00000011,69.4595,X]
[13,F,0.700455,00001100,70.0455,X]
[14,F,0.753189,00001100,75.3189,X]
[15,F,0.801041,00001100,80.1041,X]
[16,F,0.802994,00001100,80.2994,X]
[25,F,0.805709,00000001,80.5709,X]
[26,F,0.845748,00000001,84.5748,X]
[22,F,0.887741,00000010,88.7741,X]
[2,F,0.888403,11000000,88.8403,X]
[23,F,0.95317,00000010,95.317,X]
[17,F,0.957137,00000100,95.7138,X]
[4,F,0.966528,00110000,96.6528,X]
[24,F,0.970748,00000010,97.0748,X]
[3,F,0.97612,01000000,97.612,X]
[27,F,0.976608,00000001,97.6608,X]
[5,F,0.994255,00100000,99.4255,X]
GUIDE_TREE_PARTITION1=(((t1:5.22,t2:5.22):9.26,(t3:2.43,t4:2.43):12.05):85.52,((t5:6.63,t6:6.63):62.68,(t7:23.14,t8:23.14):46.17):30.69);
