Taxa bit representation:
t1 10000000
t2 01000000
t3 00100000
t4 00010000
t5 00001000
t6 00000100
t7 00000010
t8 00000001
Clade List (<taxon members> = <clade name>): 

>Dataset_0
[82,F,0.00195312,00000011,0.195312,X]
[83,F,0.00292969,00000011,0.292969,X]
[0,F,0.126953,11111100,12.6953,X]
[1,F,0.175781,11111100,17.5781,X]
[2,F,0.185547,11111100,18.5547,X]
[84,F,0.246094,00000011,24.6094,X]
[85,F,0.292969,00000011,29.2969,X]
[3,F,0.294922,11111100,29.4922,X]
[4,F,0.299805,11111100,29.9805,X]
[86,F,0.300781,00000011,30.0781,X]
[5,F,0.305664,11111100,30.5664,X]
[87,F,0.336914,00000011,33.6914,X]
[88,F,0.357422,00000011,35.7422,X]
[89,F,0.358398,00000011,35.8398,X]
[59,F,0.361783,00001100,36.1783,X]
[60,F,0.380337,00001100,38.0337,X]
[6,F,0.408658,11110000,40.8658,X]
[61,F,0.413541,00001100,41.3541,X]
[41,F,0.459012,00010000,45.9012,X]
[62,F,0.464322,00001100,46.4322,X]
[63,F,0.471158,00001100,47.1158,X]
[42,F,0.471708,00010000,47.1708,X]
[7,F,0.473661,11100000,47.3661,X]
[64,F,0.488736,00001100,48.8736,X]
[43,F,0.507841,00010000,50.7841,X]
[44,F,0.511747,00010000,51.1747,X]
[45,F,0.5137,00010000,51.37,X]
[90,F,0.517578,00000011,51.7578,X]
[8,F,0.529702,11000000,52.9702,X]
[65,F,0.531705,00001100,53.1705,X]
[46,F,0.551786,00010000,55.1786,X]
[47,F,0.553739,00010000,55.3739,X]
[9,F,0.564858,11000000,56.4858,X]
[30,F,0.568764,00100000,56.8764,X]
[66,F,0.569791,00001100,56.9791,X]
[48,F,0.585966,00010000,58.5966,X]
[31,F,0.588295,00100000,58.8295,X]
[32,F,0.593178,00100000,59.3178,X]
[10,F,0.597084,11000000,59.7084,X]
[95,F,0.609263,00000001,60.9263,X]
[91,F,0.612192,00000010,61.2192,X]
[67,F,0.628384,00001100,62.8384,X]
[49,F,0.630888,00010000,63.0888,X]
[96,F,0.634653,00000001,63.4653,X]
[11,F,0.63517,11000000,63.517,X]
[92,F,0.639536,00000010,63.9536,X]
[33,F,0.646889,00100000,64.6889,X]
[50,F,0.648466,00010000,64.8466,X]
[68,F,0.651822,00001100,65.1822,X]
[69,F,0.658658,00001100,65.8658,X]
[51,F,0.674833,00010000,67.4833,X]
[70,F,0.675259,00001100,67.5259,X]
[52,F,0.682645,00010000,68.2645,X]
[97,F,0.689341,00000001,68.9341,X]
[98,F,0.701059,00000001,70.1059,X]
[99,F,0.706919,00000001,70.6919,X]
[34,F,0.712319,00100000,71.2319,X]
[71,F,0.73483,00001100,73.483,X]
[100,F,0.742075,00000001,74.2075,X]
[53,F,0.742216,00010000,74.2216,X]
[12,F,0.754311,11000000,75.4311,X]
[13,F,0.76603,11000000,76.603,X]
[101,F,0.766489,00000001,76.6489,X]
[72,F,0.767056,00001100,76.7056,X]
[73,F,0.772916,00001100,77.2916,X]
[54,F,0.773466,00010000,77.3466,X]
[74,F,0.810025,00001100,81.0025,X]
[35,F,0.814858,00100000,81.4858,X]
[93,F,0.822153,00000010,82.2153,X]
[22,F,0.833008,01000000,83.3008,X]
[75,F,0.846158,00001100,84.6158,X]
[102,F,0.855356,00000001,85.5356,X]
[36,F,0.860756,00100000,86.0756,X]
[55,F,0.865263,00010000,86.5263,X]
[23,F,0.884766,01000000,88.4766,X]
[24,F,0.896484,01000000,89.6484,X]
[14,F,0.898438,10000000,89.8438,X]
[25,F,0.900391,01000000,90.0391,X]
[26,F,0.904297,01000000,90.4297,X]
[37,F,0.905678,00100000,90.5678,X]
[38,F,0.911538,00100000,91.1538,X]
[15,F,0.914062,10000000,91.4062,X]
[16,F,0.917969,10000000,91.7969,X]
[27,F,0.919922,01000000,91.9922,X]
[39,F,0.92228,00100000,92.228,X]
[56,F,0.924833,00010000,92.4833,X]
[17,F,0.946289,10000000,94.6289,X]
[40,F,0.951577,00100000,95.1577,X]
[18,F,0.955078,10000000,95.5078,X]
[76,F,0.956142,00001000,95.6142,X]
[28,F,0.957031,01000000,95.7031,X]
[57,F,0.957059,00010000,95.7059,X]
[77,F,0.959072,00001000,95.9072,X]
[58,F,0.959989,00010000,95.9989,X]
[103,F,0.960825,00000001,96.0825,X]
[78,F,0.961025,00001000,96.1025,X]
[94,F,0.968638,00000010,96.8638,X]
[19,F,0.973633,10000000,97.3633,X]
[79,F,0.975673,00000100,97.5673,X]
[80,F,0.977627,00000100,97.7627,X]
[29,F,0.982422,01000000,98.2422,X]
[20,F,0.987305,10000000,98.7305,X]
[21,F,0.995117,10000000,99.5117,X]
[81,F,0.999111,00000100,99.9111,X]
GUIDE_TREE_PARTITION1=(((((t1:18.75,t2:18.75):29.94,t3:48.69):6.19,t4:54.88):9.43,(t5:5.46,t6:5.46):58.85):35.69,(t7:42.98,t8:42.98):57.02);
