Taxa bit representation:
t1 10000000
t2 01000000
t3 00100000
t4 00010000
t5 00001000
t6 00000100
t7 00000010
t8 00000001
Clade List (<taxon members> = <clade name>): 

>Dataset_0
[0,F,0.136831,11000000,13.6831,X]
[1,F,0.141714,11000000,14.1714,X]
[8,F,0.178589,00000100,17.8589,X]
[3,F,0.179566,00001000,17.9566,X]
[12,F,0.197759,00000011,19.7759,X]
[4,F,0.251831,00001000,25.1831,X]
[5,F,0.305542,00001000,30.5542,X]
[13,F,0.37217,00000010,37.217,X]
[2,F,0.43273,00110000,43.273,X]
[16,F,0.447366,00000001,44.7366,X]
[9,F,0.490113,00000100,49.0113,X]
[6,F,0.491089,00001000,49.1089,X]
[17,F,0.572366,00000001,57.2366,X]
[10,F,0.695191,00000100,69.5191,X]
[11,F,0.742066,00000100,74.2066,X]
[18,F,0.764748,00000001,76.4748,X]
[7,F,0.807495,00001000,80.7495,X]
[14,F,0.931741,00000010,93.1741,X]
[15,F,0.936623,00000010,93.6623,X]
GUIDE_TREE_PARTITION1=(((t1:2.1,t2:2.1):92.42,(t3:28.78,t4:28.78):65.74):5.48,((t5:83.02,t6:83.02):4.04,(t7:68.74,t8:68.74):18.32):12.94);
