Taxa bit representation:
t1 10000000
t2 01000000
t3 00100000
t4 00010000
t5 00001000
t6 00000100
t7 00000010
t8 00000001
Clade List (<taxon members> = <clade name>): 

>Dataset_0
[17,F,0.0566406,00001111,5.66406,X]
[18,F,0.0980828,00001100,9.80828,X]
[30,F,0.0980828,00000011,9.80828,X]
[4,F,0.123892,00110000,12.3892,X]
[19,F,0.131286,00001100,13.1286,X]
[31,F,0.138122,00000011,13.8122,X]
[5,F,0.207877,00110000,20.7877,X]
[20,F,0.287536,00001100,28.7536,X]
[21,F,0.291442,00001100,29.1442,X]
[12,F,0.336577,00010000,33.6577,X]
[32,F,0.435973,00000011,43.5973,X]
[6,F,0.440092,00100000,44.0092,X]
[7,F,0.469389,00100000,46.9389,X]
[8,F,0.482084,00100000,48.2084,X]
[9,F,0.516264,00100000,51.6264,X]
[22,F,0.539489,00001100,53.9489,X]
[0,F,0.576041,11000000,57.6041,X]
[33,F,0.595153,00000011,59.5153,X]
[26,F,0.601327,00000100,60.1327,X]
[27,F,0.609139,00000100,60.9139,X]
[10,F,0.61392,00100000,61.392,X]
[13,F,0.687163,00010000,68.7163,X]
[14,F,0.718413,00010000,71.8413,X]
[34,F,0.728942,00000011,72.8942,X]
[1,F,0.742056,11000000,74.2056,X]
[2,F,0.764517,11000000,76.4517,X]
[39,F,0.772691,00000001,77.2691,X]
[40,F,0.784409,00000001,78.4409,X]
[41,F,0.819566,00000001,81.9566,X]
[28,F,0.830819,00000100,83.0819,X]
[15,F,0.842436,00010000,84.2436,X]
[16,F,0.849272,00010000,84.9272,X]
[11,F,0.855131,00100000,85.5131,X]
[35,F,0.858628,00000010,85.8628,X]
[36,F,0.878159,00000010,87.8159,X]
[23,F,0.8816,00001000,88.16,X]
[3,F,0.910227,10000000,91.0227,X]
[24,F,0.910897,00001000,91.0897,X]
[42,F,0.925034,00000001,92.5034,X]
[25,F,0.966561,00001000,96.6561,X]
[37,F,0.975816,00000010,97.5816,X]
[38,F,0.983628,00000010,98.3628,X]
[29,F,0.984139,00000100,98.4139,X]
GUIDE_TREE_PARTITION1=(((t1:12.2,t2:12.2):85.86,(t3:72.69,t4:72.69):25.37):1.94,((t5:43.09,t6:43.09):47.59,(t7:25.27,t8:25.27):65.41):9.32);
