Taxa bit representation:
t1 10000000
t2 01000000
t3 00100000
t4 00010000
t5 00001000
t6 00000100
t7 00000010
t8 00000001
Clade List (<taxon members> = <clade name>): 

>Dataset_0
[34,F,0.0175781,00000001,1.75781,X]
[35,F,0.0185547,00000001,1.85547,X]
[36,F,0.0302734,00000001,3.02734,X]
[0,F,0.0654297,11111110,6.54297,X]
[37,F,0.0712891,00000001,7.12891,X]
[38,F,0.244141,00000001,24.4141,X]
[39,F,0.24707,00000001,24.707,X]
[1,F,0.330078,11111110,33.0078,X]
[27,F,0.373414,00000010,37.3414,X]
[2,F,0.387086,11111100,38.7086,X]
[3,F,0.41443,11111100,41.443,X]
[40,F,0.436523,00000001,43.6523,X]
[41,F,0.461914,00000001,46.1914,X]
[42,F,0.506836,00000001,50.6836,X]
[28,F,0.540406,00000010,54.0406,X]
[43,F,0.566406,00000001,56.6406,X]
[44,F,0.582031,00000001,58.2031,X]
[4,F,0.629783,11111000,62.9783,X]
[29,F,0.651734,00000010,65.1734,X]
[30,F,0.684937,00000010,68.4937,X]
[21,F,0.705955,00000100,70.5955,X]
[22,F,0.708884,00000100,70.8884,X]
[5,F,0.74043,11110000,74.043,X]
[45,F,0.749023,00000001,74.9023,X]
[23,F,0.756736,00000100,75.6736,X]
[11,F,0.756983,00010000,75.6983,X]
[46,F,0.765625,00000001,76.5625,X]
[6,F,0.792139,11100000,79.2139,X]
[47,F,0.798828,00000001,79.8828,X]
[17,F,0.803906,00001000,80.3906,X]
[48,F,0.816406,00000001,81.6406,X]
[12,F,0.822413,00010000,82.2413,X]
[13,F,0.828272,00010000,82.8272,X]
[18,F,0.833203,00001000,83.3203,X]
[24,F,0.844627,00000100,84.4627,X]
[14,F,0.847803,00010000,84.7803,X]
[31,F,0.852906,00000010,85.2906,X]
[25,F,0.866111,00000100,86.6111,X]
[7,F,0.876683,11000000,87.6683,X]
[15,F,0.8771,00010000,87.71,X]
[32,F,0.897828,00000010,89.7828,X]
[49,F,0.90332,00000001,90.332,X]
[50,F,0.904297,00000001,90.4297,X]
[9,F,0.911839,00100000,91.1839,X]
[33,F,0.912477,00000010,91.2477,X]
[10,F,0.926488,00100000,92.6488,X]
[51,F,0.946289,00000001,94.6289,X]
[19,F,0.955273,00001000,95.5273,X]
[20,F,0.962109,00001000,96.2109,X]
[8,F,0.975638,01000000,97.5638,X]
[16,F,0.980616,00010000,98.0616,X]
[26,F,0.992088,00000100,99.2087,X]
GUIDE_TREE_PARTITION1=(((((((t1:4.78,t2:4.78):8.04,t3:12.82):11.97,t4:24.79):1.46,t5:26.25):11.26,t6:37.51):27.59,t7:65.1):34.9,t8:100);
