Taxa bit representation:
t1 10000000
t2 01000000
t3 00100000
t4 00010000
t5 00001000
t6 00000100
t7 00000010
t8 00000001
Clade List (<taxon members> = <clade name>): 

>Dataset_0
[9,F,0.0734313,00001100,7.34313,X]
[10,F,0.101359,00001000,10.1359,X]
[19,F,0.137492,00000100,13.7492,X]
[20,F,0.157023,00000100,15.7023,X]
[33,F,0.166205,00000011,16.6205,X]
[34,F,0.177923,00000011,17.7923,X]
[21,F,0.184367,00000100,18.4367,X]
[22,F,0.200969,00000100,20.0969,X]
[35,F,0.218939,00000011,21.8939,X]
[0,F,0.258789,11110000,25.8789,X]
[36,F,0.259955,00000011,25.9955,X]
[11,F,0.272258,00001000,27.2258,X]
[1,F,0.332031,11110000,33.2031,X]
[23,F,0.357219,00000100,35.7219,X]
[44,F,0.360366,00000001,36.0366,X]
[12,F,0.370891,00001000,37.0891,X]
[2,F,0.445312,11110000,44.5312,X]
[45,F,0.454116,00000001,45.4116,X]
[13,F,0.460734,00001000,46.0734,X]
[24,F,0.460734,00000100,46.0734,X]
[14,F,0.480266,00001000,48.0266,X]
[37,F,0.486342,00000010,48.6342,X]
[46,F,0.500991,00000001,50.0991,X]
[38,F,0.50685,00000010,50.685,X]
[25,F,0.513469,00000100,51.3469,X]
[39,F,0.518569,00000010,51.8569,X]
[3,F,0.527344,11110000,52.7344,X]
[15,F,0.537883,00001000,53.7883,X]
[26,F,0.540813,00000100,54.0813,X]
[47,F,0.575209,00000001,57.5209,X]
[27,F,0.590617,00000100,59.0617,X]
[48,F,0.59767,00000001,59.767,X]
[28,F,0.608195,00000100,60.8195,X]
[29,F,0.611125,00000100,61.1125,X]
[30,F,0.624797,00000100,62.4797,X]
[31,F,0.645305,00000100,64.5305,X]
[49,F,0.69142,00000001,69.142,X]
[40,F,0.713881,00000010,71.3881,X]
[41,F,0.720717,00000010,72.0717,X]
[42,F,0.755873,00000010,75.5873,X]
[6,F,0.758705,00110000,75.8705,X]
[50,F,0.786147,00000001,78.6147,X]
[16,F,0.819133,00001000,81.9133,X]
[43,F,0.824233,00000010,82.4233,X]
[7,F,0.829994,00110000,82.9994,X]
[4,F,0.876869,11000000,87.6869,X]
[17,F,0.890422,00001000,89.0422,X]
[5,F,0.898353,11000000,89.8353,X]
[32,F,0.949016,00000100,94.9016,X]
[8,F,0.955666,00100000,95.5666,X]
[18,F,0.981242,00001000,98.1242,X]
GUIDE_TREE_PARTITION1=(((t1:0.44,t2:0.44):28.67,(t3:5.41,t4:5.41):23.7):70.89,((t5:90.45,t6:90.45):4.16,(t7:71.19,t8:71.19):23.42):5.39);
