Taxa bit representation:
t1 10000000
t2 01000000
t3 00100000
t4 00010000
t5 00001000
t6 00000100
t7 00000010
t8 00000001
Clade List (<taxon members> = <clade name>): 

>Dataset_0
[0,F,0.00390625,11111110,0.390625,X]
[1,F,0.0263672,11111110,2.63672,X]
[2,F,0.118164,11111110,11.8164,X]
[76,F,0.118164,00000001,11.8164,X]
[77,F,0.197266,00000001,19.7266,X]
[3,F,0.217773,11111110,21.7773,X]
[78,F,0.242188,00000001,24.2188,X]
[4,F,0.245117,11111110,24.5117,X]
[5,F,0.282227,11111110,28.2227,X]
[79,F,0.297852,00000001,29.7852,X]
[58,F,0.309666,00000010,30.9666,X]
[6,F,0.310642,11111100,31.0642,X]
[80,F,0.3125,00000001,31.25,X]
[7,F,0.313572,11111100,31.3572,X]
[59,F,0.325291,00000010,32.5291,X]
[8,F,0.348728,11111100,34.8728,X]
[81,F,0.375,00000001,37.5,X]
[9,F,0.380955,11111100,38.0955,X]
[10,F,0.386814,11111100,38.6814,X]
[60,F,0.415134,00000010,41.5134,X]
[82,F,0.423828,00000001,42.3828,X]
[61,F,0.423923,00000010,42.3923,X]
[62,F,0.445408,00000010,44.5408,X]
[83,F,0.449219,00000001,44.9219,X]
[44,F,0.473183,00000100,47.3183,X]
[11,F,0.476112,11111000,47.6112,X]
[63,F,0.478611,00000010,47.8611,X]
[45,F,0.49662,00000100,49.662,X]
[12,F,0.500527,11111000,50.0527,X]
[84,F,0.506836,00000001,50.6836,X]
[46,F,0.522011,00000100,52.2011,X]
[64,F,0.542088,00000010,54.2088,X]
[85,F,0.544922,00000001,54.4922,X]
[86,F,0.555664,00000001,55.5664,X]
[87,F,0.571289,00000001,57.1289,X]
[65,F,0.57822,00000010,57.822,X]
[66,F,0.579197,00000010,57.9197,X]
[88,F,0.594727,00000001,59.4727,X]
[47,F,0.595253,00000100,59.5253,X]
[13,F,0.608719,11110000,60.8719,X]
[67,F,0.613377,00000010,61.3377,X]
[14,F,0.619461,11110000,61.9461,X]
[35,F,0.626297,00001000,62.6297,X]
[15,F,0.63118,11110000,63.118,X]
[89,F,0.643555,00000001,64.3555,X]
[16,F,0.665359,11110000,66.5359,X]
[48,F,0.670448,00000100,67.0448,X]
[49,F,0.672402,00000100,67.2402,X]
[17,F,0.673172,11110000,67.3172,X]
[50,F,0.673378,00000100,67.3378,X]
[18,F,0.675125,11110000,67.5125,X]
[90,F,0.676758,00000001,67.6758,X]
[36,F,0.679031,00001000,67.9031,X]
[19,F,0.683914,11110000,68.3914,X]
[91,F,0.708008,00000001,70.8008,X]
[68,F,0.720798,00000010,72.0798,X]
[29,F,0.729297,00010000,72.9297,X]
[51,F,0.748573,00000100,74.8573,X]
[52,F,0.753456,00000100,75.3456,X]
[30,F,0.764453,00010000,76.4453,X]
[92,F,0.770508,00000001,77.0508,X]
[20,F,0.785937,11100000,78.5938,X]
[21,F,0.791797,11100000,79.1797,X]
[22,F,0.79668,11100000,79.668,X]
[93,F,0.796875,00000001,79.6875,X]
[94,F,0.800781,00000001,80.0781,X]
[37,F,0.828445,00001000,82.8445,X]
[95,F,0.841797,00000001,84.1797,X]
[69,F,0.848728,00000010,84.8728,X]
[23,F,0.854297,11100000,85.4297,X]
[96,F,0.854492,00000001,85.4492,X]
[38,F,0.855789,00001000,85.5789,X]
[70,F,0.85947,00000010,85.947,X]
[31,F,0.862109,00010000,86.2109,X]
[32,F,0.866016,00010000,86.6016,X]
[39,F,0.866531,00001000,86.6531,X]
[71,F,0.867283,00000010,86.7283,X]
[40,F,0.869461,00001000,86.9461,X]
[72,F,0.877048,00000010,87.7048,X]
[53,F,0.878456,00000100,87.8456,X]
[24,F,0.881641,11100000,88.1641,X]
[54,F,0.884316,00000100,88.4316,X]
[41,F,0.888016,00001000,88.8016,X]
[33,F,0.89043,00010000,89.043,X]
[55,F,0.893105,00000100,89.3105,X]
[97,F,0.894531,00000001,89.4531,X]
[98,F,0.911133,00000001,91.1133,X]
[99,F,0.921875,00000001,92.1875,X]
[56,F,0.930214,00000100,93.0214,X]
[73,F,0.930759,00000010,93.0759,X]
[74,F,0.935642,00000010,93.5642,X]
[100,F,0.94043,00000001,94.043,X]
[57,F,0.950722,00000100,95.0722,X]
[101,F,0.957031,00000001,95.7031,X]
[34,F,0.965625,00010000,96.5625,X]
[42,F,0.966141,00001000,96.6141,X]
[25,F,0.973456,10000000,97.3456,X]
[75,F,0.983494,00000010,98.3494,X]
[27,F,0.985527,00100000,98.5527,X]
[43,F,0.985672,00001000,98.5672,X]
[26,F,0.987128,10000000,98.7128,X]
[28,F,0.996269,00100000,99.6269,X]
GUIDE_TREE_PARTITION1=(((((((t1:6.17,t2:6.17):4.75,t3:10.92):19.08,t4:30):16.55,t5:46.55):6.62,t6:53.17):16.84,t7:70.01):29.99,t8:100);
