Taxa bit representation:
t1 10000000
t2 01000000
t3 00100000
t4 00010000
t5 00001000
t6 00000100
t7 00000010
t8 00000001
Clade List (<taxon members> = <clade name>): 

>Dataset_0
[100,F,0.0185547,00000011,1.85547,X]
[0,F,0.0292969,11111100,2.92969,X]
[101,F,0.0292969,00000011,2.92969,X]
[102,F,0.0429688,00000011,4.29688,X]
[1,F,0.0458984,11111100,4.58984,X]
[103,F,0.0634766,00000011,6.34766,X]
[2,F,0.0644531,11111100,6.44531,X]
[3,F,0.0732422,11111100,7.32422,X]
[104,F,0.0947266,00000011,9.47266,X]
[4,F,0.133789,11111100,13.3789,X]
[5,F,0.146419,11110000,14.6419,X]
[105,F,0.150391,00000011,15.0391,X]
[106,F,0.152344,00000011,15.2344,X]
[6,F,0.156184,11110000,15.6184,X]
[7,F,0.159114,11110000,15.9114,X]
[8,F,0.162044,11110000,16.2044,X]
[70,F,0.171809,00001100,17.1809,X]
[107,F,0.171875,00000011,17.1875,X]
[108,F,0.177734,00000011,17.7734,X]
[9,F,0.190364,11110000,19.0364,X]
[109,F,0.194336,00000011,19.4336,X]
[71,F,0.217708,00001100,21.7708,X]
[110,F,0.241211,00000011,24.1211,X]
[10,F,0.244075,11110000,24.4075,X]
[72,F,0.245052,00001100,24.5052,X]
[73,F,0.250911,00001100,25.0911,X]
[74,F,0.274348,00001100,27.4348,X]
[75,F,0.285091,00001100,28.5091,X]
[111,F,0.289062,00000011,28.9062,X]
[11,F,0.298763,11110000,29.8763,X]
[112,F,0.299805,00000011,29.9805,X]
[12,F,0.301692,11110000,30.1692,X]
[13,F,0.305598,11110000,30.5598,X]
[113,F,0.317383,00000011,31.7383,X]
[14,F,0.32513,11110000,32.513,X]
[114,F,0.334961,00000011,33.4961,X]
[76,F,0.335872,00001100,33.5872,X]
[115,F,0.365234,00000011,36.5234,X]
[116,F,0.368164,00000011,36.8164,X]
[117,F,0.371094,00000011,37.1094,X]
[118,F,0.374023,00000011,37.4023,X]
[119,F,0.375977,00000011,37.5977,X]
[120,F,0.391602,00000011,39.1602,X]
[15,F,0.392513,11110000,39.2513,X]
[77,F,0.397395,00001100,39.7395,X]
[16,F,0.403255,11110000,40.3255,X]
[17,F,0.425295,11100000,42.5295,X]
[51,F,0.432131,00010000,43.2131,X]
[52,F,0.44678,00010000,44.678,X]
[121,F,0.458008,00000011,45.8008,X]
[78,F,0.458919,00001100,45.8919,X]
[53,F,0.459475,00010000,45.9475,X]
[18,F,0.468264,11100000,46.8264,X]
[122,F,0.472656,00000011,47.2656,X]
[79,F,0.47552,00001100,47.552,X]
[19,F,0.483889,11100000,48.3889,X]
[20,F,0.485842,11100000,48.5842,X]
[54,F,0.489748,00010000,48.9748,X]
[80,F,0.504189,00001000,50.4189,X]
[21,F,0.509577,11000000,50.9577,X]
[22,F,0.512506,11000000,51.2506,X]
[55,F,0.519045,00010000,51.9045,X]
[23,F,0.533991,11000000,53.3991,X]
[81,F,0.540322,00001000,54.0322,X]
[39,F,0.544733,00100000,54.4733,X]
[56,F,0.546389,00010000,54.6389,X]
[88,F,0.55497,00000100,55.497,X]
[89,F,0.556923,00000100,55.6923,X]
[90,F,0.562783,00000100,56.2783,X]
[82,F,0.567666,00001000,56.7666,X]
[57,F,0.576662,00010000,57.6662,X]
[40,F,0.587702,00100000,58.7702,X]
[91,F,0.611611,00000100,61.1611,X]
[24,F,0.612116,11000000,61.2116,X]
[123,F,0.617188,00000011,61.7188,X]
[92,F,0.634072,00000100,63.4072,X]
[83,F,0.635048,00001000,63.5048,X]
[84,F,0.637002,00001000,63.7002,X]
[58,F,0.643069,00010000,64.3069,X]
[124,F,0.646484,00000011,64.6484,X]
[125,F,0.65625,00000011,65.625,X]
[25,F,0.662897,11000000,66.2897,X]
[26,F,0.668756,11000000,66.8756,X]
[59,F,0.671389,00010000,67.1389,X]
[60,F,0.686037,00010000,68.6037,X]
[126,F,0.702148,00000011,70.2148,X]
[27,F,0.702936,11000000,70.2936,X]
[137,F,0.717689,00000001,71.7689,X]
[93,F,0.727822,00000100,72.7822,X]
[138,F,0.732337,00000001,73.2338,X]
[127,F,0.74015,00000010,74.015,X]
[139,F,0.741127,00000001,74.1127,X]
[61,F,0.743655,00010000,74.3655,X]
[94,F,0.7454,00000100,74.54,X]
[128,F,0.754798,00000010,75.4798,X]
[140,F,0.757728,00000001,75.7728,X]
[41,F,0.760553,00100000,76.0553,X]
[62,F,0.778811,00010000,77.8811,X]
[34,F,0.780691,01000000,78.0691,X]
[35,F,0.781667,01000000,78.1667,X]
[85,F,0.790322,00001000,79.0322,X]
[63,F,0.791506,00010000,79.1506,X]
[28,F,0.794362,10000000,79.4362,X]
[42,F,0.797662,00100000,79.7662,X]
[43,F,0.801569,00100000,80.1569,X]
[141,F,0.803627,00000001,80.3627,X]
[64,F,0.812014,00010000,81.2014,X]
[65,F,0.82178,00010000,82.178,X]
[129,F,0.824134,00000010,82.4134,X]
[29,F,0.831472,10000000,83.1472,X]
[142,F,0.835853,00000001,83.5853,X]
[143,F,0.840736,00000001,84.0736,X]
[44,F,0.854303,00100000,85.4303,X]
[30,F,0.856862,10000000,85.6862,X]
[31,F,0.858816,10000000,85.8816,X]
[130,F,0.86222,00000010,86.222,X]
[95,F,0.862587,00000100,86.2587,X]
[45,F,0.863092,00100000,86.3092,X]
[131,F,0.866127,00000010,86.6127,X]
[144,F,0.866127,00000001,86.6127,X]
[132,F,0.870033,00000010,87.0033,X]
[96,F,0.871377,00000100,87.1377,X]
[133,F,0.876869,00000010,87.6869,X]
[134,F,0.878822,00000010,87.8822,X]
[36,F,0.890066,01000000,89.0066,X]
[135,F,0.898353,00000010,89.8353,X]
[46,F,0.900202,00100000,90.0202,X]
[97,F,0.910439,00000100,91.0439,X]
[98,F,0.920205,00000100,92.0205,X]
[66,F,0.920412,00010000,92.0412,X]
[67,F,0.923342,00010000,92.3342,X]
[68,F,0.935061,00010000,93.5061,X]
[37,F,0.954519,01000000,95.4519,X]
[47,F,0.956842,00100000,95.6842,X]
[86,F,0.959267,00001000,95.9267,X]
[32,F,0.959402,10000000,95.9402,X]
[33,F,0.97405,10000000,97.405,X]
[48,F,0.975397,00100000,97.5397,X]
[49,F,0.97735,00100000,97.735,X]
[38,F,0.978933,01000000,97.8933,X]
[136,F,0.984291,00000010,98.4291,X]
[145,F,0.984291,00000001,98.4291,X]
[99,F,0.988564,00000100,98.8564,X]
[69,F,0.988772,00010000,98.8772,X]
[50,F,0.995905,00100000,99.5905,X]
[87,F,0.996377,00001000,99.6377,X]
GUIDE_TREE_PARTITION1=(((((t1:24.47,t2:24.47):24.67,t3:49.14):9.6,t4:58.74):27.79,(t5:50.46,t6:50.46):36.07):13.47,(t7:29.11,t8:29.11):70.89);
