Taxa bit representation:
t1 10000000
t2 01000000
t3 00100000
t4 00010000
t5 00001000
t6 00000100
t7 00000010
t8 00000001
Clade List (<taxon members> = <clade name>): 

>Dataset_0
[38,F,0.0166016,00000001,1.66016,X]
[0,F,0.0371094,11111110,3.71094,X]
[1,F,0.0942062,11111100,9.42062,X]
[23,F,0.148406,00000100,14.8406,X]
[2,F,0.168914,11111000,16.8914,X]
[33,F,0.174284,00000010,17.4284,X]
[39,F,0.194336,00000001,19.4336,X]
[34,F,0.196745,00000010,19.6745,X]
[40,F,0.241211,00000001,24.1211,X]
[41,F,0.274414,00000001,27.4414,X]
[24,F,0.304656,00000100,30.4656,X]
[25,F,0.326141,00000100,32.6141,X]
[35,F,0.338347,00000010,33.8347,X]
[26,F,0.424773,00000100,42.4773,X]
[27,F,0.439422,00000100,43.9422,X]
[42,F,0.447266,00000001,44.7266,X]
[43,F,0.460937,00000001,46.0937,X]
[28,F,0.471648,00000100,47.1648,X]
[29,F,0.475555,00000100,47.5555,X]
[3,F,0.480437,11111000,48.0437,X]
[44,F,0.5,00000001,50,X]
[4,F,0.546844,11111000,54.6844,X]
[45,F,0.599609,00000001,59.9609,X]
[17,F,0.607753,00001000,60.7753,X]
[46,F,0.638672,00000001,63.8672,X]
[5,F,0.64165,11100000,64.165,X]
[18,F,0.652675,00001000,65.2675,X]
[6,F,0.6729,11100000,67.29,X]
[7,F,0.674853,11100000,67.4853,X]
[14,F,0.694384,00010000,69.4384,X]
[19,F,0.69662,00001000,69.662,X]
[47,F,0.702148,00000001,70.2148,X]
[36,F,0.710417,00000010,71.0417,X]
[15,F,0.736377,00010000,73.6377,X]
[16,F,0.737353,00010000,73.7353,X]
[11,F,0.749961,00100000,74.9961,X]
[30,F,0.764617,00000100,76.4617,X]
[12,F,0.786094,00100000,78.6094,X]
[20,F,0.794277,00001000,79.4277,X]
[48,F,0.801758,00000001,80.1758,X]
[8,F,0.825156,11000000,82.5156,X]
[37,F,0.8403,00000010,84.03,X]
[9,F,0.850547,11000000,85.0547,X]
[49,F,0.855469,00000001,85.5469,X]
[21,F,0.880214,00001000,88.0214,X]
[10,F,0.896895,01000000,89.6895,X]
[22,F,0.928066,00001000,92.8066,X]
[31,F,0.960906,00000100,96.0906,X]
[32,F,0.966766,00000100,96.6766,X]
[13,F,0.978477,00100000,97.8477,X]
GUIDE_TREE_PARTITION1=(((((((t1:11.58,t2:11.58):15.67,t3:27.25):11.71,t4:38.96):0.46,t5:39.42):46.13,t6:85.55):5.42,t7:90.97):9.03,t8:100);
