Taxa bit representation:
t1 10000000
t2 01000000
t3 00100000
t4 00010000
t5 00001000
t6 00000100
t7 00000010
t8 00000001
Clade List (<taxon members> = <clade name>): 

>Dataset_0
[11,F,0.0078125,00000011,0.78125,X]
[12,F,0.228516,00000011,22.8516,X]
[6,F,0.359992,00001100,35.9992,X]
[0,F,0.395148,11110000,39.5148,X]
[13,F,0.396484,00000011,39.6484,X]
[5,F,0.514,00010000,51.4,X]
[1,F,0.564781,11100000,56.4781,X]
[2,F,0.572594,11100000,57.2594,X]
[7,F,0.62757,00001100,62.757,X]
[14,F,0.644914,00000010,64.4914,X]
[3,F,0.653108,11000000,65.3108,X]
[10,F,0.745005,00000100,74.5005,X]
[8,F,0.777231,00001000,77.7231,X]
[9,F,0.805552,00001000,80.5552,X]
[4,F,0.819834,01000000,81.9834,X]
[15,F,0.887102,00000010,88.7102,X]
[16,F,0.951555,00000001,95.1555,X]
[17,F,0.996477,00000001,99.6477,X]
GUIDE_TREE_PARTITION1=(((((t1:23.29,t2:23.29):13.45,t3:36.74):18.11,t4:54.85):38.35,(t5:36.73,t6:36.73):56.47):6.8,(t7:50.45,t8:50.45):49.55);
