Taxa bit representation:
t1 10000000
t2 01000000
t3 00100000
t4 00010000
t5 00001000
t6 00000100
t7 00000010
t8 00000001
Clade List (<taxon members> = <clade name>): 

>Dataset_0
[0,F,0.00390625,11111110,0.390625,X]
[1,F,0.0205078,11111110,2.05078,X]
[85,F,0.0322266,00000001,3.22266,X]
[86,F,0.0341797,00000001,3.41797,X]
[87,F,0.0371094,00000001,3.71094,X]
[2,F,0.0703125,11111110,7.03125,X]
[88,F,0.106445,00000001,10.6445,X]
[89,F,0.126953,00000001,12.6953,X]
[90,F,0.136719,00000001,13.6719,X]
[91,F,0.163086,00000001,16.3086,X]
[92,F,0.172852,00000001,17.2852,X]
[3,F,0.22575,11111100,22.575,X]
[4,F,0.226727,11111100,22.6727,X]
[93,F,0.243164,00000001,24.3164,X]
[94,F,0.25293,00000001,25.293,X]
[65,F,0.274578,00000010,27.4578,X]
[50,F,0.286687,00000100,28.6687,X]
[51,F,0.2945,00000100,29.45,X]
[52,F,0.300359,00000100,30.0359,X]
[5,F,0.303289,11111000,30.3289,X]
[66,F,0.311688,00000010,31.1687,X]
[6,F,0.317937,11111000,31.7937,X]
[95,F,0.336914,00000001,33.6914,X]
[7,F,0.337469,11111000,33.7469,X]
[53,F,0.340398,00000100,34.0398,X]
[54,F,0.343328,00000100,34.3328,X]
[55,F,0.348211,00000100,34.8211,X]
[96,F,0.368164,00000001,36.8164,X]
[8,F,0.381056,11110000,38.1056,X]
[9,F,0.387892,11110000,38.7892,X]
[40,F,0.418166,00001000,41.8166,X]
[97,F,0.426758,00000001,42.6758,X]
[67,F,0.435711,00000010,43.5711,X]
[41,F,0.437697,00001000,43.7697,X]
[98,F,0.447266,00000001,44.7266,X]
[68,F,0.468914,00000010,46.8914,X]
[56,F,0.471258,00000100,47.1258,X]
[32,F,0.480891,00010000,48.0891,X]
[10,F,0.504328,11100000,50.4328,X]
[11,F,0.507258,11100000,50.7258,X]
[33,F,0.52093,00010000,52.093,X]
[42,F,0.525587,00001000,52.5587,X]
[99,F,0.53125,00000001,53.125,X]
[69,F,0.546063,00000010,54.6063,X]
[70,F,0.547039,00000010,54.7039,X]
[34,F,0.547297,00010000,54.7297,X]
[71,F,0.562664,00000010,56.2664,X]
[72,F,0.568523,00000010,56.8523,X]
[100,F,0.571289,00000001,57.1289,X]
[43,F,0.574416,00001000,57.4416,X]
[57,F,0.576727,00000100,57.6727,X]
[101,F,0.580078,00000001,58.0078,X]
[35,F,0.5805,00010000,58.05,X]
[44,F,0.585158,00001000,58.5158,X]
[12,F,0.599055,11100000,59.9055,X]
[36,F,0.601984,00010000,60.1984,X]
[102,F,0.608398,00000001,60.8398,X]
[103,F,0.619141,00000001,61.9141,X]
[37,F,0.639094,00010000,63.9094,X]
[45,F,0.649611,00001000,64.9611,X]
[13,F,0.67132,11100000,67.132,X]
[73,F,0.673016,00000010,67.3016,X]
[104,F,0.676758,00000001,67.6758,X]
[74,F,0.712078,00000010,71.2078,X]
[46,F,0.715041,00001000,71.5041,X]
[75,F,0.729656,00000010,72.9656,X]
[38,F,0.750422,00010000,75.0422,X]
[14,F,0.762289,11000000,76.2289,X]
[47,F,0.766798,00001000,76.6798,X]
[15,F,0.767172,11000000,76.7172,X]
[16,F,0.769125,11000000,76.9125,X]
[76,F,0.774578,00000010,77.4578,X]
[26,F,0.783773,00100000,78.3773,X]
[105,F,0.786133,00000001,78.6133,X]
[48,F,0.798048,00001000,79.8048,X]
[77,F,0.799969,00000010,79.9969,X]
[78,F,0.807781,00000010,80.7781,X]
[17,F,0.809164,11000000,80.9164,X]
[58,F,0.811102,00000100,81.1102,X]
[59,F,0.820867,00000100,82.0867,X]
[106,F,0.847656,00000001,84.7656,X]
[60,F,0.85993,00000100,85.993,X]
[79,F,0.871258,00000010,87.1258,X]
[61,F,0.877508,00000100,87.7508,X]
[80,F,0.881023,00000010,88.1023,X]
[81,F,0.882,00000010,88.2,X]
[18,F,0.883355,10000000,88.3355,X]
[27,F,0.888266,00100000,88.8266,X]
[23,F,0.897027,01000000,89.7027,X]
[28,F,0.908773,00100000,90.8773,X]
[29,F,0.91268,00100000,91.268,X]
[62,F,0.914617,00000100,91.4617,X]
[63,F,0.917547,00000100,91.7547,X]
[24,F,0.919488,01000000,91.9488,X]
[64,F,0.923406,00000100,92.3406,X]
[82,F,0.930828,00000010,93.0828,X]
[19,F,0.932183,10000000,93.2183,X]
[20,F,0.937066,10000000,93.7066,X]
[21,F,0.948784,10000000,94.8784,X]
[25,F,0.95562,01000000,95.562,X]
[30,F,0.962484,00100000,96.2484,X]
[39,F,0.969172,00010000,96.9172,X]
[49,F,0.972853,00001000,97.2853,X]
[22,F,0.974175,10000000,97.4175,X]
[83,F,0.974773,00000010,97.4773,X]
[31,F,0.982016,00100000,98.2016,X]
[84,F,0.992352,00000010,99.2352,X]
GUIDE_TREE_PARTITION1=(((((((t1:13.52,t2:13.52):11.13,t3:24.65):29.8,t4:54.45):10.96,t5:65.41):11.39,t6:76.8):10,t7:86.8):13.2,t8:100);
