Taxa bit representation:
t1 10000000
t2 01000000
t3 00100000
t4 00010000
t5 00001000
t6 00000100
t7 00000010
t8 00000001
Clade List (<taxon members> = <clade name>): 

>Dataset_0
[44,F,0.0478516,00000001,4.78516,X]
[45,F,0.0498047,00000001,4.98047,X]
[0,F,0.0677094,11111100,6.77094,X]
[46,F,0.180664,00000001,18.0664,X]
[47,F,0.19043,00000001,19.043,X]
[26,F,0.209316,00000100,20.9316,X]
[34,F,0.21517,00000010,21.517,X]
[1,F,0.222858,11110000,22.2858,X]
[35,F,0.273764,00000010,27.3764,X]
[16,F,0.274616,00001000,27.4616,X]
[36,F,0.274741,00000010,27.4741,X]
[48,F,0.282227,00000001,28.2227,X]
[37,F,0.315756,00000010,31.5756,X]
[38,F,0.327475,00000010,32.7475,X]
[49,F,0.329102,00000001,32.9102,X]
[2,F,0.334186,11110000,33.4186,X]
[17,F,0.335163,00001000,33.5162,X]
[18,F,0.376178,00001000,37.6178,X]
[27,F,0.395839,00000100,39.5839,X]
[39,F,0.418295,00000010,41.8295,X]
[28,F,0.425136,00000100,42.5136,X]
[50,F,0.447266,00000001,44.7266,X]
[51,F,0.450195,00000001,45.0195,X]
[40,F,0.466147,00000010,46.6147,X]
[19,F,0.496295,00001000,49.6295,X]
[20,F,0.497272,00001000,49.7272,X]
[21,F,0.510944,00001000,51.0944,X]
[3,F,0.544867,11100000,54.4867,X]
[41,F,0.552084,00000010,55.2084,X]
[13,F,0.554633,00010000,55.4633,X]
[29,F,0.563808,00000100,56.3808,X]
[22,F,0.564655,00001000,56.4655,X]
[52,F,0.601562,00000001,60.1562,X]
[8,F,0.675467,00100000,67.5467,X]
[53,F,0.695312,00000001,69.5312,X]
[42,F,0.698569,00000010,69.8569,X]
[23,F,0.716022,00001000,71.6022,X]
[4,F,0.720389,11000000,72.0389,X]
[24,F,0.744342,00001000,74.4342,X]
[14,F,0.745062,00010000,74.5062,X]
[30,F,0.7933,00000100,79.33,X]
[43,F,0.795248,00000010,79.5248,X]
[25,F,0.7961,00001000,79.61,X]
[54,F,0.798828,00000001,79.8828,X]
[15,F,0.808539,00010000,80.8539,X]
[55,F,0.81543,00000001,81.543,X]
[31,F,0.825527,00000100,82.5527,X]
[32,F,0.826503,00000100,82.6503,X]
[33,F,0.837245,00000100,83.7245,X]
[56,F,0.841797,00000001,84.1797,X]
[9,F,0.848319,00100000,84.8319,X]
[5,F,0.850272,11000000,85.0272,X]
[10,F,0.853202,00100000,85.3202,X]
[11,F,0.895194,00100000,89.5194,X]
[12,F,0.918631,00100000,91.8631,X]
[6,F,0.942672,01000000,94.2672,X]
[7,F,0.992477,01000000,99.2477,X]
[57,F,0.993164,00000001,99.3164,X]
GUIDE_TREE_PARTITION1=(((((((t1:7.1,t2:7.1):34.24,t3:41.34):13.06,t4:54.4):28.49,t5:82.89):6.53,t6:89.42):7.52,t7:96.94):3.06,t8:100);
