Taxa bit representation:
t1 10000000
t2 01000000
t3 00100000
t4 00010000
t5 00001000
t6 00000100
t7 00000010
t8 00000001
Clade List (<taxon members> = <clade name>): 

>Dataset_0
[4,F,0.105919,00110000,10.5919,X]
[5,F,0.294395,00110000,29.4395,X]
[6,F,0.326538,00100000,32.6538,X]
[11,F,0.371459,00010000,37.1459,X]
[7,F,0.403686,00100000,40.3686,X]
[12,F,0.485717,00010000,48.5717,X]
[13,F,0.501342,00010000,50.1342,X]
[8,F,0.515014,00100000,51.5014,X]
[14,F,0.633789,00001111,63.3789,X]
[9,F,0.648803,00100000,64.8803,X]
[0,F,0.677208,11000000,67.7208,X]
[1,F,0.728167,10000000,72.8167,X]
[10,F,0.764038,00100000,76.4038,X]
[2,F,0.806292,10000000,80.6292,X]
[3,F,0.82973,01000000,82.973,X]
[15,F,0.836333,00001100,83.6333,X]
[16,F,0.865684,00001000,86.5684,X]
[17,F,0.869008,00000010,86.9008,X]
GUIDE_TREE_PARTITION1=(((t1:29.82,t2:29.82):60.76,(t3:69.69,t4:69.69):20.89):9.42,((t5:15.58,t6:15.58):4.4,(t7:15.15,t8:15.15):4.83):80.02);
