Taxa bit representation:
t1 10000000
t2 01000000
t3 00100000
t4 00010000
t5 00001000
t6 00000100
t7 00000010
t8 00000001
Clade List (<taxon members> = <clade name>): 

>Dataset_0
[0,F,0.000976562,11111110,0.0976562,X]
[120,F,0.015625,00000001,1.5625,X]
[1,F,0.06685,11111100,6.685,X]
[121,F,0.0898438,00000001,8.98438,X]
[88,F,0.100053,00000010,10.0053,X]
[89,F,0.117631,00000010,11.7631,X]
[90,F,0.127397,00000010,12.7397,X]
[65,F,0.166086,00000100,16.6086,X]
[122,F,0.167969,00000001,16.7969,X]
[123,F,0.174805,00000001,17.4805,X]
[66,F,0.186594,00000100,18.6594,X]
[2,F,0.189523,11111000,18.9523,X]
[3,F,0.195383,11111000,19.5383,X]
[124,F,0.199219,00000001,19.9219,X]
[125,F,0.200195,00000001,20.0195,X]
[67,F,0.202219,00000100,20.2219,X]
[51,F,0.208777,00001000,20.8777,X]
[52,F,0.209753,00001000,20.9753,X]
[53,F,0.213659,00001000,21.3659,X]
[68,F,0.231516,00000100,23.1516,X]
[91,F,0.235795,00000010,23.5795,X]
[92,F,0.236772,00000010,23.6772,X]
[93,F,0.247514,00000010,24.7514,X]
[4,F,0.256628,11110000,25.6628,X]
[5,F,0.263464,11110000,26.3464,X]
[94,F,0.278764,00000010,27.8764,X]
[54,F,0.287878,00001000,28.7878,X]
[126,F,0.301758,00000001,30.1758,X]
[6,F,0.305456,11110000,30.5456,X]
[127,F,0.307617,00000001,30.7617,X]
[128,F,0.310547,00000001,31.0547,X]
[95,F,0.310991,00000010,31.0991,X]
[7,F,0.354284,11110000,35.4284,X]
[69,F,0.364328,00000100,36.4328,X]
[129,F,0.370117,00000001,37.0117,X]
[8,F,0.371862,11110000,37.1863,X]
[9,F,0.380652,11110000,38.0652,X]
[70,F,0.382883,00000100,38.2883,X]
[130,F,0.386719,00000001,38.6719,X]
[71,F,0.386789,00000100,38.6789,X]
[96,F,0.392045,00000010,39.2045,X]
[10,F,0.394323,11110000,39.4323,X]
[97,F,0.400834,00000010,40.0834,X]
[72,F,0.411203,00000100,41.1203,X]
[98,F,0.412553,00000010,41.2553,X]
[131,F,0.429688,00000001,42.9688,X]
[11,F,0.430456,11110000,43.0456,X]
[12,F,0.449011,11110000,44.9011,X]
[99,F,0.457475,00000010,45.7475,X]
[13,F,0.461642,11100000,46.1642,X]
[14,F,0.470431,11100000,47.0431,X]
[36,F,0.475314,00010000,47.5314,X]
[55,F,0.485144,00001000,48.5144,X]
[73,F,0.487375,00000100,48.7375,X]
[74,F,0.492258,00000100,49.2258,X]
[100,F,0.506303,00000010,50.6303,X]
[75,F,0.507883,00000100,50.7883,X]
[37,F,0.515353,00010000,51.5353,X]
[76,F,0.516672,00000100,51.6672,X]
[38,F,0.522189,00010000,52.2189,X]
[101,F,0.531694,00000010,53.1694,X]
[15,F,0.533908,11100000,53.3908,X]
[77,F,0.535227,00000100,53.5227,X]
[21,F,0.56403,00100000,56.403,X]
[39,F,0.567111,00010000,56.7111,X]
[78,F,0.586984,00000100,58.6984,X]
[22,F,0.58942,00100000,58.942,X]
[102,F,0.596147,00000010,59.6147,X]
[56,F,0.598425,00001000,59.8425,X]
[79,F,0.603586,00000100,60.3586,X]
[40,F,0.609103,00010000,60.9103,X]
[41,F,0.615939,00010000,61.5939,X]
[132,F,0.621094,00000001,62.1094,X]
[103,F,0.622514,00000010,62.2514,X]
[16,F,0.6236,11000000,62.36,X]
[104,F,0.62642,00000010,62.642,X]
[42,F,0.626681,00010000,62.6681,X]
[105,F,0.635209,00000010,63.5209,X]
[106,F,0.636186,00000010,63.6186,X]
[107,F,0.638139,00000010,63.8139,X]
[23,F,0.648014,00100000,64.8014,X]
[43,F,0.654025,00010000,65.4025,X]
[44,F,0.662814,00010000,66.2814,X]
[108,F,0.675248,00000010,67.5248,X]
[24,F,0.676334,00100000,67.6334,X]
[25,F,0.685123,00100000,68.5123,X]
[80,F,0.685617,00000100,68.5617,X]
[133,F,0.6875,00000001,68.75,X]
[26,F,0.690983,00100000,69.0983,X]
[109,F,0.692827,00000010,69.2827,X]
[57,F,0.695105,00001000,69.5105,X]
[110,F,0.696733,00000010,69.6733,X]
[81,F,0.711984,00000100,71.1984,X]
[27,F,0.715397,00100000,71.5397,X]
[111,F,0.717241,00000010,71.7241,X]
[112,F,0.722123,00000010,72.2123,X]
[113,F,0.732866,00000010,73.2866,X]
[28,F,0.740787,00100000,74.0787,X]
[82,F,0.742258,00000100,74.2258,X]
[134,F,0.743164,00000001,74.3164,X]
[114,F,0.744584,00000010,74.4584,X]
[29,F,0.7486,00100000,74.86,X]
[115,F,0.75142,00000010,75.142,X]
[83,F,0.752023,00000100,75.2023,X]
[116,F,0.75728,00000010,75.728,X]
[135,F,0.760742,00000001,76.0742,X]
[84,F,0.765695,00000100,76.5695,X]
[85,F,0.782297,00000100,78.2297,X]
[117,F,0.783647,00000010,78.3647,X]
[58,F,0.786902,00001000,78.6902,X]
[30,F,0.791569,00100000,79.1569,X]
[31,F,0.793522,00100000,79.3522,X]
[59,F,0.80155,00001000,80.155,X]
[118,F,0.815873,00000010,81.5873,X]
[45,F,0.818087,00010000,81.8088,X]
[136,F,0.818359,00000001,81.8359,X]
[137,F,0.821289,00000001,82.1289,X]
[32,F,0.823795,00100000,82.3795,X]
[60,F,0.828894,00001000,82.8894,X]
[138,F,0.831055,00000001,83.1055,X]
[46,F,0.833712,00010000,83.3713,X]
[47,F,0.841525,00010000,84.1525,X]
[17,F,0.865787,11000000,86.5787,X]
[48,F,0.865939,00010000,86.5939,X]
[86,F,0.869211,00000100,86.9211,X]
[33,F,0.874577,00100000,87.4577,X]
[139,F,0.882812,00000001,88.2812,X]
[87,F,0.898508,00000100,89.8508,X]
[49,F,0.900119,00010000,90.0119,X]
[61,F,0.902136,00001000,90.2136,X]
[34,F,0.903873,00100000,90.3873,X]
[140,F,0.904297,00000001,90.4297,X]
[18,F,0.927311,11000000,92.7311,X]
[62,F,0.92948,00001000,92.948,X]
[141,F,0.943359,00000001,94.3359,X]
[35,F,0.956608,00100000,95.6608,X]
[63,F,0.966589,00001000,96.6589,X]
[119,F,0.968217,00000010,96.8217,X]
[64,F,0.976355,00001000,97.6355,X]
[50,F,0.986056,00010000,98.6056,X]
[19,F,0.995577,10000000,99.5577,X]
[20,F,0.995577,01000000,99.5577,X]
GUIDE_TREE_PARTITION1=(((((((t1:0.54,t2:0.54):43.35,t3:43.89):11.02,t4:54.91):24.31,t5:79.22):7.98,t6:87.2):9.24,t7:96.44):3.56,t8:100);
