Taxa bit representation:
t1 10000000
t2 01000000
t3 00100000
t4 00010000
t5 00001000
t6 00000100
t7 00000010
t8 00000001
Clade List (<taxon members> = <clade name>): 

>Dataset_0
[40,F,0.0576172,00000011,5.76172,X]
[0,F,0.0722656,11111100,7.22656,X]
[41,F,0.116211,00000011,11.6211,X]
[1,F,0.210452,11110000,21.0452,X]
[25,F,0.217288,00001100,21.7288,X]
[26,F,0.260256,00001100,26.0256,X]
[42,F,0.298828,00000011,29.8828,X]
[10,F,0.446641,00100000,44.6641,X]
[11,F,0.458359,00100000,45.8359,X]
[27,F,0.468264,00001100,46.8264,X]
[12,F,0.484727,00100000,48.4727,X]
[2,F,0.540391,11000000,54.0391,X]
[3,F,0.547227,11000000,54.7227,X]
[4,F,0.575547,11000000,57.5547,X]
[5,F,0.581406,11000000,58.1406,X]
[13,F,0.607773,00100000,60.7773,X]
[14,F,0.625352,00100000,62.5352,X]
[6,F,0.631211,11000000,63.1211,X]
[7,F,0.64,11000000,64,X]
[28,F,0.645998,00001100,64.5998,X]
[43,F,0.648438,00000011,64.8438,X]
[15,F,0.653672,00100000,65.3672,X]
[19,F,0.664673,00010000,66.4673,X]
[29,F,0.69092,00001100,69.092,X]
[30,F,0.720217,00001100,72.0217,X]
[44,F,0.727539,00000011,72.7539,X]
[45,F,0.738281,00000011,73.8281,X]
[46,F,0.740234,00000011,74.0234,X]
[16,F,0.747422,00100000,74.7422,X]
[17,F,0.780625,00100000,78.0625,X]
[31,F,0.785647,00001100,78.5647,X]
[47,F,0.801758,00000011,80.1758,X]
[20,F,0.802369,00010000,80.2369,X]
[32,F,0.82323,00001000,82.323,X]
[48,F,0.832031,00000011,83.2031,X]
[8,F,0.839219,11000000,83.9219,X]
[33,F,0.847644,00001000,84.7644,X]
[9,F,0.89,11000000,89,X]
[36,F,0.896472,00000100,89.6472,X]
[37,F,0.901355,00000100,90.1355,X]
[38,F,0.944323,00000100,94.4323,X]
[21,F,0.945923,00010000,94.5923,X]
[39,F,0.94823,00000100,94.823,X]
[22,F,0.955689,00010000,95.5689,X]
[49,F,0.964525,00000001,96.4525,X]
[34,F,0.968738,00001000,96.8738,X]
[35,F,0.970691,00001000,97.0691,X]
[18,F,0.978867,00100000,97.8867,X]
[23,F,0.991822,00010000,99.1822,X]
[24,F,0.992798,00010000,99.2798,X]
GUIDE_TREE_PARTITION1=(((((t1:10.59,t2:10.59):50.41,t3:61):0.56,t4:61.56):22.18,(t5:17.97,t6:17.97):65.77):16.26,(t7:5.11,t8:5.11):94.89);
