Taxa bit representation:
t1 10000000
t2 01000000
t3 00100000
t4 00010000
t5 00001000
t6 00000100
t7 00000010
t8 00000001
Clade List (<taxon members> = <clade name>): 

>Dataset_0
[0,F,0.0078125,11111110,0.78125,X]
[7,F,0.078125,00000001,7.8125,X]
[8,F,0.217773,00000001,21.7773,X]
[5,F,0.426523,00000100,42.6523,X]
[9,F,0.743164,00000001,74.3164,X]
[3,F,0.757566,00001000,75.7566,X]
[6,F,0.858423,00000010,85.8423,X]
[1,F,0.890805,11000000,89.0805,X]
[10,F,0.896484,00000001,89.6484,X]
[2,F,0.956408,00010000,95.6408,X]
[4,F,0.958738,00001000,95.8738,X]
GUIDE_TREE_PARTITION1=(((((((t1:10.48,t2:10.48):17.92,t3:28.4):3.01,t4:31.41):0.06,t5:31.47):38.28,t6:69.75):6.81,t7:76.56):23.44,t8:100);
