Taxa bit representation:
t1 10000000
t2 01000000
t3 00100000
t4 00010000
t5 00001000
t6 00000100
t7 00000010
t8 00000001
Clade List (<taxon members> = <clade name>): 

>Dataset_0
[86,F,0.015625,00000001,1.5625,X]
[87,F,0.0390625,00000001,3.90625,X]
[88,F,0.0585938,00000001,5.85938,X]
[0,F,0.0800781,11111110,8.00781,X]
[89,F,0.100586,00000001,10.0586,X]
[90,F,0.12207,00000001,12.207,X]
[91,F,0.125977,00000001,12.5977,X]
[1,F,0.175781,11111110,17.5781,X]
[92,F,0.182617,00000001,18.2617,X]
[93,F,0.185547,00000001,18.5547,X]
[94,F,0.207031,00000001,20.7031,X]
[2,F,0.220703,11111110,22.0703,X]
[3,F,0.223633,11111110,22.3633,X]
[4,F,0.225586,11111110,22.5586,X]
[95,F,0.239258,00000001,23.9258,X]
[96,F,0.243164,00000001,24.3164,X]
[97,F,0.250977,00000001,25.0977,X]
[5,F,0.290039,11111110,29.0039,X]
[98,F,0.314453,00000001,31.4453,X]
[6,F,0.327348,11111100,32.7348,X]
[7,F,0.331255,11111100,33.1255,X]
[69,F,0.379106,00000010,37.9106,X]
[56,F,0.389158,00000100,38.9158,X]
[70,F,0.410356,00000010,41.0356,X]
[71,F,0.413286,00000010,41.3286,X]
[99,F,0.435547,00000001,43.5547,X]
[57,F,0.437986,00000100,43.7986,X]
[72,F,0.445512,00000010,44.5512,X]
[26,F,0.449686,00010000,44.9686,X]
[27,F,0.462381,00010000,46.2381,X]
[28,F,0.472147,00010000,47.2147,X]
[8,F,0.47703,11100000,47.703,X]
[45,F,0.477119,00001000,47.7119,X]
[100,F,0.484375,00000001,48.4375,X]
[29,F,0.487772,00010000,48.7772,X]
[73,F,0.499223,00000010,49.9223,X]
[101,F,0.5,00000001,50,X]
[102,F,0.527344,00000001,52.7344,X]
[74,F,0.53145,00000010,53.145,X]
[46,F,0.539619,00001000,53.9619,X]
[75,F,0.546098,00000010,54.6098,X]
[30,F,0.547342,00010000,54.7342,X]
[47,F,0.547431,00001000,54.7431,X]
[76,F,0.56563,00000010,56.563,X]
[31,F,0.565897,00010000,56.5897,X]
[32,F,0.56785,00010000,56.785,X]
[48,F,0.568916,00001000,56.8916,X]
[49,F,0.584541,00001000,58.4541,X]
[33,F,0.59617,00010000,59.617,X]
[34,F,0.607889,00010000,60.7889,X]
[103,F,0.612305,00000001,61.2305,X]
[77,F,0.620317,00000010,62.0317,X]
[9,F,0.631327,11100000,63.1327,X]
[58,F,0.640134,00000100,64.0134,X]
[35,F,0.646952,00010000,64.6952,X]
[50,F,0.651923,00001000,65.1923,X]
[78,F,0.665239,00000010,66.5239,X]
[104,F,0.666992,00000001,66.6992,X]
[79,F,0.672075,00000010,67.2075,X]
[36,F,0.678202,00010000,67.8202,X]
[105,F,0.688477,00000001,68.8477,X]
[10,F,0.720678,11000000,72.0678,X]
[21,F,0.728491,00100000,72.8491,X]
[37,F,0.735819,00010000,73.5819,X]
[11,F,0.73728,11000000,73.728,X]
[51,F,0.737861,00001000,73.7861,X]
[80,F,0.757036,00000010,75.7036,X]
[12,F,0.768712,10000000,76.8712,X]
[81,F,0.772661,00000010,77.2661,X]
[52,F,0.773994,00001000,77.3994,X]
[22,F,0.775366,00100000,77.5366,X]
[106,F,0.776367,00000001,77.6367,X]
[59,F,0.77783,00000100,77.783,X]
[82,F,0.780473,00000010,78.0473,X]
[53,F,0.795478,00001000,79.5478,X]
[54,F,0.796455,00001000,79.6455,X]
[16,F,0.797033,01000000,79.7033,X]
[17,F,0.803869,01000000,80.3869,X]
[60,F,0.805173,00000100,80.5173,X]
[38,F,0.816873,00010000,81.6873,X]
[61,F,0.816892,00000100,81.6892,X]
[83,F,0.818559,00000010,81.8559,X]
[18,F,0.828283,01000000,82.8283,X]
[23,F,0.829077,00100000,82.9077,X]
[84,F,0.829302,00000010,82.9302,X]
[62,F,0.831541,00000100,83.1541,X]
[63,F,0.848142,00000100,84.8142,X]
[64,F,0.849119,00000100,84.9119,X]
[39,F,0.869608,00010000,86.9608,X]
[65,F,0.877439,00000100,87.7439,X]
[40,F,0.885233,00010000,88.5233,X]
[13,F,0.901525,10000000,90.1525,X]
[55,F,0.901923,00001000,90.1923,X]
[41,F,0.90867,00010000,90.867,X]
[24,F,0.912084,00100000,91.2084,X]
[66,F,0.913572,00000100,91.3572,X]
[25,F,0.916967,00100000,91.6967,X]
[42,F,0.921366,00010000,92.1366,X]
[43,F,0.926248,00010000,92.6248,X]
[19,F,0.934728,01000000,93.4728,X]
[14,F,0.939611,10000000,93.9611,X]
[20,F,0.946447,01000000,94.6447,X]
[15,F,0.949377,10000000,94.9377,X]
[107,F,0.952148,00000001,95.2148,X]
[67,F,0.9624,00000100,96.24,X]
[85,F,0.985552,00000010,98.5552,X]
[44,F,0.994608,00010000,99.4608,X]
[68,F,0.99658,00000100,99.658,X]
GUIDE_TREE_PARTITION1=(((((((t1:23.91,t2:23.91):5.78,t3:29.69):29.15,t4:58.84):7.12,t5:65.96):0.3,t6:66.26):2.47,t7:68.73):31.27,t8:100);
