Taxa bit representation:
t1 10000000
t2 01000000
t3 00100000
t4 00010000
t5 00001000
t6 00000100
t7 00000010
t8 00000001
Clade List (<taxon members> = <clade name>): 

>Dataset_0
[66,F,0.00195312,00001111,0.195312,X]
[0,F,0.03125,11110000,3.125,X]
[67,F,0.0390625,00001111,3.90625,X]
[1,F,0.0712891,11110000,7.12891,X]
[2,F,0.113281,11110000,11.3281,X]
[68,F,0.114258,00001111,11.4258,X]
[69,F,0.120117,00001111,12.0117,X]
[3,F,0.135742,11110000,13.5742,X]
[97,F,0.140002,00000011,14.0002,X]
[4,F,0.141602,11110000,14.1602,X]
[70,F,0.149767,00001100,14.9767,X]
[98,F,0.167345,00000011,16.7345,X]
[5,F,0.167969,11110000,16.7969,X]
[99,F,0.199572,00000011,19.9572,X]
[6,F,0.208008,11110000,20.8008,X]
[7,F,0.216797,11110000,21.6797,X]
[100,F,0.224963,00000011,22.4962,X]
[8,F,0.226562,11110000,22.6562,X]
[71,F,0.258166,00001100,25.8166,X]
[9,F,0.296875,11110000,29.6875,X]
[10,F,0.314453,11110000,31.4453,X]
[72,F,0.317736,00001100,31.7736,X]
[11,F,0.329102,11110000,32.9102,X]
[12,F,0.339844,11110000,33.9844,X]
[13,F,0.342773,11110000,34.2773,X]
[14,F,0.360352,11110000,36.0352,X]
[15,F,0.376953,11110000,37.6953,X]
[101,F,0.382189,00000011,38.2189,X]
[73,F,0.383166,00001100,38.3166,X]
[74,F,0.399767,00001100,39.9767,X]
[35,F,0.445602,00110000,44.5602,X]
[82,F,0.445633,00000100,44.5633,X]
[16,F,0.469039,11000000,46.9039,X]
[17,F,0.470016,11000000,47.0016,X]
[75,F,0.499344,00001000,49.9344,X]
[18,F,0.500289,11000000,50.0289,X]
[76,F,0.50032,00001000,50.032,X]
[36,F,0.514822,00100000,51.4822,X]
[37,F,0.522634,00100000,52.2634,X]
[38,F,0.539236,00100000,53.9236,X]
[102,F,0.542345,00000011,54.2345,X]
[77,F,0.555984,00001000,55.5984,X]
[51,F,0.561697,00010000,56.1697,X]
[52,F,0.570486,00010000,57.0486,X]
[39,F,0.586111,00100000,58.6111,X]
[53,F,0.588064,00010000,58.8064,X]
[40,F,0.588064,00100000,58.8064,X]
[41,F,0.589041,00100000,58.9041,X]
[103,F,0.594103,00000011,59.4103,X]
[104,F,0.601916,00000011,60.1916,X]
[83,F,0.603836,00000100,60.3836,X]
[84,F,0.607742,00000100,60.7742,X]
[42,F,0.608572,00100000,60.8572,X]
[105,F,0.62047,00000011,62.047,X]
[54,F,0.622244,00010000,62.2244,X]
[106,F,0.637072,00000011,63.7072,X]
[107,F,0.640002,00000011,64.0002,X]
[43,F,0.644705,00100000,64.4705,X]
[108,F,0.645861,00000011,64.5861,X]
[19,F,0.646773,11000000,64.6773,X]
[20,F,0.64775,11000000,64.775,X]
[109,F,0.647814,00000011,64.7814,X]
[21,F,0.653609,11000000,65.3609,X]
[85,F,0.665359,00000100,66.5359,X]
[44,F,0.674002,00100000,67.4002,X]
[45,F,0.68865,00100000,68.865,X]
[55,F,0.692556,00010000,69.2556,X]
[22,F,0.694625,11000000,69.4625,X]
[46,F,0.702322,00100000,70.2322,X]
[110,F,0.703478,00000011,70.3478,X]
[23,F,0.706344,11000000,70.6344,X]
[111,F,0.709337,00000011,70.9337,X]
[47,F,0.711111,00100000,71.1111,X]
[78,F,0.731766,00001000,73.1766,X]
[86,F,0.743484,00000100,74.3484,X]
[24,F,0.747359,11000000,74.7359,X]
[25,F,0.750289,11000000,75.0289,X]
[48,F,0.763845,00100000,76.3845,X]
[56,F,0.771658,00010000,77.1658,X]
[87,F,0.776687,00000100,77.6688,X]
[49,F,0.777517,00100000,77.7517,X]
[57,F,0.797048,00010000,79.7048,X]
[79,F,0.808914,00001000,80.8914,X]
[112,F,0.811877,00000011,81.1877,X]
[58,F,0.81365,00010000,81.365,X]
[88,F,0.816727,00000100,81.6727,X]
[26,F,0.818648,11000000,81.8648,X]
[59,F,0.821462,00010000,82.1462,X]
[60,F,0.823416,00010000,82.3416,X]
[27,F,0.823531,11000000,82.3531,X]
[89,F,0.836258,00000100,83.6258,X]
[90,F,0.838211,00000100,83.8211,X]
[50,F,0.850759,00100000,85.0759,X]
[28,F,0.853805,11000000,85.3805,X]
[117,F,0.866128,00000001,86.6128,X]
[80,F,0.871414,00001000,87.1414,X]
[29,F,0.876266,11000000,87.6266,X]
[91,F,0.876297,00000100,87.6297,X]
[92,F,0.880203,00000100,88.0203,X]
[113,F,0.885659,00000010,88.5659,X]
[93,F,0.892898,00000100,89.2898,X]
[114,F,0.894448,00000010,89.4448,X]
[61,F,0.902517,00010000,90.2517,X]
[62,F,0.909353,00010000,90.9353,X]
[30,F,0.913375,11000000,91.3375,X]
[63,F,0.915212,00010000,91.5212,X]
[64,F,0.918142,00010000,91.8142,X]
[81,F,0.920242,00001000,92.0242,X]
[115,F,0.922769,00000010,92.2769,X]
[31,F,0.923236,10000000,92.3236,X]
[65,F,0.93865,00010000,93.865,X]
[33,F,0.945697,01000000,94.5697,X]
[94,F,0.959305,00000100,95.9305,X]
[95,F,0.96907,00000100,96.907,X]
[96,F,0.970047,00000100,97.0047,X]
[34,F,0.972064,01000000,97.2064,X]
[32,F,0.97597,10000000,97.597,X]
[116,F,0.996011,00000010,99.6011,X]
GUIDE_TREE_PARTITION1=(((t1:8.36,t2:8.36):48.74,(t3:53.01,t4:53.01):4.09):42.9,((t5:59.05,t6:59.05):28.61,(t7:18.27,t8:18.27):69.39):12.34);
