Taxa bit representation:
t1 10000000
t2 01000000
t3 00100000
t4 00010000
t5 00001000
t6 00000100
t7 00000010
t8 00000001
Clade List (<taxon members> = <clade name>): 

>Dataset_0
[30,F,0.0175781,00001111,1.75781,X]
[0,F,0.0205078,11110000,2.05078,X]
[1,F,0.046875,11110000,4.6875,X]
[31,F,0.0537109,00001111,5.37109,X]
[2,F,0.0546875,11110000,5.46875,X]
[32,F,0.161133,00001111,16.1133,X]
[33,F,0.212891,00001111,21.2891,X]
[15,F,0.230977,00110000,23.0977,X]
[3,F,0.2925,11000000,29.25,X]
[11,F,0.3571,01000000,35.71,X]
[16,F,0.421406,00110000,42.1406,X]
[17,F,0.438008,00110000,43.8008,X]
[12,F,0.454756,01000000,45.4756,X]
[13,F,0.456709,01000000,45.6709,X]
[18,F,0.464375,00110000,46.4375,X]
[34,F,0.470703,00001111,47.0703,X]
[35,F,0.523438,00001111,52.3438,X]
[19,F,0.529805,00110000,52.9805,X]
[4,F,0.529952,10000000,52.9952,X]
[23,F,0.551106,00010000,55.1106,X]
[36,F,0.556641,00001111,55.6641,X]
[37,F,0.571289,00001111,57.1289,X]
[5,F,0.574873,10000000,57.4873,X]
[6,F,0.57585,10000000,57.585,X]
[14,F,0.589522,01000000,58.9522,X]
[38,F,0.603516,00001111,60.3516,X]
[24,F,0.614583,00010000,61.4583,X]
[39,F,0.652344,00001111,65.2344,X]
[25,F,0.682942,00010000,68.2942,X]
[20,F,0.724934,00100000,72.4934,X]
[21,F,0.755208,00100000,75.5208,X]
[43,F,0.76758,00000011,76.758,X]
[40,F,0.775392,00001100,77.5392,X]
[7,F,0.778975,10000000,77.8975,X]
[8,F,0.795577,10000000,79.5577,X]
[44,F,0.844728,00000011,84.4728,X]
[9,F,0.86003,10000000,86.003,X]
[26,F,0.865559,00010000,86.5559,X]
[45,F,0.880738,00000010,88.0738,X]
[10,F,0.88835,10000000,88.835,X]
[27,F,0.906575,00010000,90.6575,X]
[42,F,0.91672,00000100,91.672,X]
[28,F,0.917317,00010000,91.7317,X]
[41,F,0.975314,00001000,97.5314,X]
[22,F,0.977864,00100000,97.7864,X]
[29,F,0.995442,00010000,99.5442,X]
GUIDE_TREE_PARTITION1=(((t1:70.54,t2:70.54):6.46,(t3:45.28,t4:45.28):31.72):23,((t5:11.16,t6:11.16):21.75,(t7:14.27,t8:14.27):18.64):67.09);
