Taxa bit representation:
t1 10000000
t2 01000000
t3 00100000
t4 00010000
t5 00001000
t6 00000100
t7 00000010
t8 00000001
Clade List (<taxon members> = <clade name>): 

>Dataset_0
[87,F,0.0234375,00000001,2.34375,X]
[0,F,0.0498047,11111110,4.98047,X]
[88,F,0.0839844,00000001,8.39844,X]
[1,F,0.0859375,11111110,8.59375,X]
[2,F,0.09375,11111110,9.375,X]
[89,F,0.0957031,00000001,9.57031,X]
[3,F,0.104492,11111110,10.4492,X]
[4,F,0.123047,11111110,12.3047,X]
[90,F,0.136719,00000001,13.6719,X]
[91,F,0.147461,00000001,14.7461,X]
[92,F,0.167969,00000001,16.7969,X]
[93,F,0.188477,00000001,18.8477,X]
[5,F,0.208083,11111100,20.8083,X]
[6,F,0.213942,11111100,21.3942,X]
[7,F,0.222731,11111100,22.2731,X]
[8,F,0.23152,11111100,23.152,X]
[9,F,0.241286,11111100,24.1286,X]
[67,F,0.281325,00000010,28.1325,X]
[68,F,0.284255,00000010,28.4255,X]
[69,F,0.290114,00000010,29.0114,X]
[10,F,0.29402,11111100,29.402,X]
[70,F,0.308669,00000010,30.8669,X]
[71,F,0.351637,00000010,35.1638,X]
[94,F,0.364258,00000001,36.4258,X]
[95,F,0.367187,00000001,36.7187,X]
[11,F,0.374098,11111100,37.4098,X]
[12,F,0.392653,11111100,39.2653,X]
[72,F,0.395583,00000010,39.5583,X]
[73,F,0.403395,00000010,40.3395,X]
[74,F,0.406325,00000010,40.6325,X]
[13,F,0.411208,11111100,41.1208,X]
[96,F,0.416992,00000001,41.6992,X]
[75,F,0.441481,00000010,44.1481,X]
[14,F,0.445387,11111100,44.5387,X]
[76,F,0.451247,00000010,45.1247,X]
[56,F,0.492486,00000100,49.2486,X]
[57,F,0.500298,00000100,50.0298,X]
[77,F,0.506911,00000010,50.6911,X]
[15,F,0.515923,11111000,51.5923,X]
[97,F,0.554687,00000001,55.4687,X]
[78,F,0.580153,00000010,58.0153,X]
[58,F,0.597955,00000100,59.7955,X]
[16,F,0.614556,11111000,61.4556,X]
[98,F,0.649414,00000001,64.9414,X]
[44,F,0.657336,00001000,65.7336,X]
[79,F,0.67488,00000010,67.488,X]
[45,F,0.679797,00001000,67.9797,X]
[80,F,0.681716,00000010,68.1716,X]
[99,F,0.68457,00000001,68.457,X]
[17,F,0.686989,11100000,68.6989,X]
[100,F,0.69043,00000001,69.043,X]
[30,F,0.703591,00010000,70.3591,X]
[46,F,0.706164,00001000,70.6164,X]
[47,F,0.709094,00001000,70.9094,X]
[59,F,0.725884,00000100,72.5884,X]
[31,F,0.726052,00010000,72.6052,X]
[18,F,0.727028,11100000,72.7028,X]
[48,F,0.727648,00001000,72.7648,X]
[32,F,0.730934,00010000,73.0934,X]
[101,F,0.748047,00000001,74.8047,X]
[60,F,0.757134,00000100,75.7134,X]
[33,F,0.759255,00010000,75.9255,X]
[61,F,0.772759,00000100,77.2759,X]
[102,F,0.780273,00000001,78.0273,X]
[34,F,0.780739,00010000,78.0739,X]
[49,F,0.783312,00001000,78.3312,X]
[19,F,0.787575,11100000,78.7575,X]
[50,F,0.791125,00001000,79.1125,X]
[20,F,0.794411,11100000,79.4411,X]
[62,F,0.796197,00000100,79.6197,X]
[21,F,0.801247,11100000,80.1247,X]
[51,F,0.804797,00001000,80.4797,X]
[63,F,0.828423,00000100,82.8423,X]
[103,F,0.837891,00000001,83.7891,X]
[22,F,0.838356,11100000,83.8356,X]
[35,F,0.840309,00010000,84.0309,X]
[81,F,0.840895,00000010,84.0895,X]
[82,F,0.841872,00000010,84.1872,X]
[83,F,0.845778,00000010,84.5778,X]
[36,F,0.849098,00010000,84.9098,X]
[37,F,0.856911,00010000,85.6911,X]
[52,F,0.861437,00001000,86.1437,X]
[53,F,0.86925,00001000,86.925,X]
[38,F,0.879372,00010000,87.9372,X]
[54,F,0.879992,00001000,87.9992,X]
[39,F,0.880348,00010000,88.0348,X]
[40,F,0.895973,00010000,89.5973,X]
[84,F,0.901442,00000010,90.1442,X]
[23,F,0.904762,11100000,90.4762,X]
[104,F,0.908203,00000001,90.8203,X]
[105,F,0.915039,00000001,91.5039,X]
[85,F,0.931716,00000010,93.1716,X]
[41,F,0.935036,00010000,93.5036,X]
[27,F,0.936997,00100000,93.6997,X]
[28,F,0.945786,00100000,94.5786,X]
[55,F,0.948352,00001000,94.8352,X]
[106,F,0.958984,00000001,95.8984,X]
[64,F,0.961236,00000100,96.1236,X]
[24,F,0.965952,10000000,96.5952,X]
[25,F,0.966928,10000000,96.6928,X]
[29,F,0.975083,00100000,97.5083,X]
[86,F,0.976637,00000010,97.6637,X]
[65,F,0.978814,00000100,97.8814,X]
[26,F,0.979623,10000000,97.9623,X]
[66,F,0.984673,00000100,98.4673,X]
[107,F,0.986328,00000001,98.6328,X]
[42,F,0.989723,00010000,98.9723,X]
[43,F,0.997536,00010000,99.7536,X]
GUIDE_TREE_PARTITION1=(((((((t1:8.19,t2:8.19):1.04,t3:9.23):22.95,t4:32.18):2.77,t5:34.95):19.61,t6:54.56):31.37,t7:85.93):14.07,t8:100);
