Taxa bit representation:
t1 10000000
t2 01000000
t3 00100000
t4 00010000
t5 00001000
t6 00000100
t7 00000010
t8 00000001
Clade List (<taxon members> = <clade name>): 

>Dataset_0
[0,F,0.0535219,11000000,5.35219,X]
[9,F,0.0908203,00001111,9.08203,X]
[1,F,0.16192,11000000,16.192,X]
[10,F,0.165039,00001111,16.5039,X]
[11,F,0.288086,00001111,28.8086,X]
[12,F,0.324219,00001111,32.4219,X]
[2,F,0.326959,11000000,32.6959,X]
[6,F,0.400202,00110000,40.0202,X]
[13,F,0.467773,00001111,46.7773,X]
[3,F,0.503717,11000000,50.3717,X]
[17,F,0.587367,00000011,58.7367,X]
[18,F,0.627406,00000011,62.7406,X]
[7,F,0.642525,00010000,64.2525,X]
[8,F,0.729439,00010000,72.9439,X]
[19,F,0.793422,00000011,79.3422,X]
[4,F,0.816217,11000000,81.6217,X]
[14,F,0.824672,00001100,82.4672,X]
[5,F,0.874808,01000000,87.4808,X]
[15,F,0.901847,00001000,90.1847,X]
[16,F,0.93798,00000100,93.798,X]
GUIDE_TREE_PARTITION1=(((t1:14.57,t2:14.57):84.57,(t3:43.56,t4:43.56):55.58):0.86,((t5:15.87,t6:15.87):28.03,(t7:16.67,t8:16.67):27.23):56.1);
