Taxa bit representation:
t1 10000000
t2 01000000
t3 00100000
t4 00010000
t5 00001000
t6 00000100
t7 00000010
t8 00000001
Clade List (<taxon members> = <clade name>): 

>Dataset_0
[68,F,0.0146484,00000011,1.46484,X]
[0,F,0.0664062,11111100,6.64062,X]
[1,F,0.125977,11111100,12.5977,X]
[69,F,0.135742,00000011,13.5742,X]
[70,F,0.139648,00000011,13.9648,X]
[2,F,0.142578,11111100,14.2578,X]
[71,F,0.142578,00000011,14.2578,X]
[72,F,0.143555,00000011,14.3555,X]
[73,F,0.146484,00000011,14.6484,X]
[3,F,0.163086,11111100,16.3086,X]
[4,F,0.191406,11111100,19.1406,X]
[74,F,0.229492,00000011,22.9492,X]
[5,F,0.248047,11111100,24.8047,X]
[75,F,0.288086,00000011,28.8086,X]
[6,F,0.289062,11111100,28.9062,X]
[76,F,0.304688,00000011,30.4688,X]
[77,F,0.318359,00000011,31.8359,X]
[31,F,0.326025,00001100,32.6025,X]
[78,F,0.327148,00000011,32.7148,X]
[7,F,0.33872,11110000,33.872,X]
[32,F,0.346533,00001100,34.6533,X]
[8,F,0.349463,11110000,34.9462,X]
[9,F,0.367041,11110000,36.7041,X]
[79,F,0.371094,00000011,37.1094,X]
[33,F,0.379736,00001100,37.9736,X]
[34,F,0.405127,00001100,40.5127,X]
[54,F,0.42103,00000100,42.103,X]
[55,F,0.422983,00000100,42.2983,X]
[56,F,0.428842,00000100,42.8842,X]
[80,F,0.433594,00000011,43.3594,X]
[10,F,0.4354,11110000,43.54,X]
[81,F,0.445312,00000011,44.5312,X]
[82,F,0.462891,00000011,46.2891,X]
[83,F,0.464844,00000011,46.4844,X]
[84,F,0.483398,00000011,48.3398,X]
[85,F,0.491211,00000011,49.1211,X]
[35,F,0.502084,00001000,50.2084,X]
[57,F,0.524545,00000100,52.4545,X]
[58,F,0.549936,00000100,54.9936,X]
[36,F,0.578256,00001000,57.8256,X]
[11,F,0.578955,11110000,57.8955,X]
[86,F,0.598633,00000011,59.8633,X]
[87,F,0.614258,00000011,61.4258,X]
[37,F,0.614389,00001000,61.4389,X]
[38,F,0.628061,00001000,62.8061,X]
[39,F,0.630991,00001000,63.0991,X]
[12,F,0.646338,11110000,64.6338,X]
[59,F,0.647592,00000100,64.7592,X]
[88,F,0.65332,00000011,65.332,X]
[13,F,0.658056,11110000,65.8056,X]
[89,F,0.663086,00000011,66.3086,X]
[60,F,0.677866,00000100,67.7866,X]
[40,F,0.681772,00001000,68.1772,X]
[14,F,0.686377,11110000,68.6377,X]
[90,F,0.716797,00000011,71.6797,X]
[15,F,0.721755,11100000,72.1755,X]
[41,F,0.724741,00001000,72.4741,X]
[42,F,0.744272,00001000,74.4272,X]
[23,F,0.751052,00010000,75.1052,X]
[24,F,0.758864,00010000,75.8864,X]
[61,F,0.767709,00000100,76.7709,X]
[43,F,0.776498,00001000,77.6498,X]
[91,F,0.786133,00000011,78.6133,X]
[16,F,0.789138,11100000,78.9138,X]
[44,F,0.7931,00001000,79.31,X]
[17,F,0.809645,11100000,80.9645,X]
[25,F,0.809645,00010000,80.9645,X]
[45,F,0.816538,00001000,81.6538,X]
[92,F,0.819336,00000011,81.9336,X]
[46,F,0.823373,00001000,82.3373,X]
[93,F,0.837891,00000011,83.7891,X]
[47,F,0.841928,00001000,84.1928,X]
[94,F,0.842773,00000011,84.2773,X]
[62,F,0.842905,00000100,84.2905,X]
[26,F,0.844802,00010000,84.4802,X]
[95,F,0.847656,00000011,84.7656,X]
[96,F,0.879267,00000010,87.9267,X]
[63,F,0.887827,00000100,88.7827,X]
[101,F,0.891963,00000001,89.1963,X]
[64,F,0.893686,00000100,89.3686,X]
[18,F,0.897689,11000000,89.7689,X]
[27,F,0.900466,00010000,90.0466,X]
[28,F,0.906325,00010000,90.6325,X]
[65,F,0.9181,00000100,91.81,X]
[29,F,0.922927,00010000,92.2927,X]
[97,F,0.929072,00000010,92.9072,X]
[66,F,0.936655,00000100,93.6655,X]
[48,F,0.947397,00001000,94.7397,X]
[102,F,0.947627,00000001,94.7627,X]
[98,F,0.953486,00000010,95.3486,X]
[49,F,0.954233,00001000,95.4233,X]
[50,F,0.967905,00001000,96.7905,X]
[99,F,0.971064,00000010,97.1064,X]
[51,F,0.975717,00001000,97.5717,X]
[30,F,0.977614,00010000,97.7614,X]
[67,F,0.97767,00000100,97.767,X]
[21,F,0.978744,00100000,97.8744,X]
[103,F,0.982783,00000001,98.2783,X]
[19,F,0.983627,11000000,98.3627,X]
[100,F,0.987666,00000010,98.7666,X]
[22,F,0.989486,00100000,98.9486,X]
[52,F,0.990366,00001000,99.0366,X]
[20,F,0.995642,10000000,99.5642,X]
[53,F,0.999155,00001000,99.9155,X]
GUIDE_TREE_PARTITION1=(((((t1:1.51,t2:1.51):15.85,t3:17.36):12.32,t4:29.68):39.28,(t5:58.19,t6:58.19):10.77):31.04,(t7:14.71,t8:14.71):85.29);
