Taxa bit representation:
t1 10000000
t2 01000000
t3 00100000
t4 00010000
t5 00001000
t6 00000100
t7 00000010
t8 00000001
Clade List (<taxon members> = <clade name>): 

>Dataset_0
[36,F,0.100586,00000011,10.0586,X]
[37,F,0.202148,00000011,20.2148,X]
[0,F,0.241916,11110000,24.1916,X]
[38,F,0.298828,00000011,29.8828,X]
[39,F,0.30957,00000011,30.957,X]
[1,F,0.310275,11110000,31.0275,X]
[40,F,0.331055,00000011,33.1055,X]
[22,F,0.377192,00001000,37.7192,X]
[41,F,0.379883,00000011,37.9883,X]
[23,F,0.387934,00001000,38.7934,X]
[2,F,0.395419,11100000,39.5419,X]
[3,F,0.403231,11100000,40.3231,X]
[24,F,0.42895,00001000,42.895,X]
[47,F,0.459616,00000001,45.9616,X]
[48,F,0.491842,00000001,49.1842,X]
[31,F,0.49438,00000100,49.438,X]
[4,F,0.497958,11100000,49.7958,X]
[32,F,0.502192,00000100,50.2192,X]
[42,F,0.510397,00000010,51.0397,X]
[43,F,0.511373,00000010,51.1373,X]
[25,F,0.536372,00001000,53.6372,X]
[49,F,0.538717,00000001,53.8717,X]
[11,F,0.559198,00100000,55.9198,X]
[12,F,0.571894,00100000,57.1894,X]
[17,F,0.620028,00010000,62.0028,X]
[13,F,0.622675,00100000,62.2675,X]
[18,F,0.626864,00010000,62.6864,X]
[44,F,0.632467,00000010,63.2467,X]
[50,F,0.649069,00000001,64.9069,X]
[14,F,0.652948,00100000,65.2948,X]
[26,F,0.666255,00001000,66.6255,X]
[5,F,0.671503,11000000,67.1503,X]
[33,F,0.67602,00000100,67.602,X]
[34,F,0.709223,00000100,70.9223,X]
[51,F,0.745748,00000001,74.5748,X]
[52,F,0.757467,00000001,75.7467,X]
[27,F,0.76977,00001000,76.977,X]
[15,F,0.79748,00100000,79.748,X]
[53,F,0.815084,00000001,81.5084,X]
[19,F,0.831942,00010000,83.1942,X]
[6,F,0.838495,11000000,83.8495,X]
[16,F,0.848261,00100000,84.8261,X]
[28,F,0.874262,00001000,87.4262,X]
[45,F,0.885397,00000010,88.5397,X]
[7,F,0.903172,10000000,90.3172,X]
[20,F,0.907137,00010000,90.7137,X]
[46,F,0.920553,00000010,92.0553,X]
[8,F,0.935398,10000000,93.5398,X]
[35,F,0.942622,00000100,94.2622,X]
[9,F,0.952,01000000,95.2,X]
[54,F,0.965475,00000001,96.5475,X]
[21,F,0.97452,00010000,97.452,X]
[55,F,0.985983,00000001,98.5983,X]
[10,F,0.990086,01000000,99.0086,X]
[29,F,0.995356,00001000,99.5356,X]
[30,F,0.997309,00001000,99.7309,X]
GUIDE_TREE_PARTITION1=(((((t1:11.05,t2:11.05):37.62,t3:48.67):19.21,t4:67.88):12.03,(t5:72.73,t6:72.73):7.18):20.09,(t7:58.14,t8:58.14):41.86);
