Taxa bit representation:
t1 10000000
t2 01000000
t3 00100000
t4 00010000
t5 00001000
t6 00000100
t7 00000010
t8 00000001
Clade List (<taxon members> = <clade name>): 

>Dataset_0
[0,F,0.0595703,11110000,5.95703,X]
[1,F,0.0732422,11110000,7.32422,X]
[26,F,0.122827,00000011,12.2827,X]
[17,F,0.148217,00001100,14.8217,X]
[27,F,0.177514,00000011,17.7514,X]
[28,F,0.188256,00000011,18.8256,X]
[18,F,0.236108,00001100,23.6108,X]
[19,F,0.361108,00001100,36.1108,X]
[36,F,0.390569,00000001,39.0569,X]
[20,F,0.401147,00001100,40.1147,X]
[29,F,0.468694,00000010,46.8694,X]
[37,F,0.497014,00000001,49.7014,X]
[2,F,0.52832,11110000,52.832,X]
[38,F,0.539983,00000001,53.9983,X]
[39,F,0.546819,00000001,54.6819,X]
[40,F,0.5976,00000001,59.76,X]
[21,F,0.598413,00001100,59.8413,X]
[30,F,0.616155,00000010,61.6155,X]
[3,F,0.631391,11000000,63.1391,X]
[9,F,0.633344,00110000,63.3344,X]
[31,F,0.65717,00000010,65.717,X]
[23,F,0.671522,00000100,67.1522,X]
[4,F,0.673509,10000000,67.3509,X]
[41,F,0.675725,00000001,67.5725,X]
[5,F,0.681322,10000000,68.1322,X]
[24,F,0.716444,00000100,71.6444,X]
[42,F,0.738225,00000001,73.8225,X]
[32,F,0.746038,00000010,74.6038,X]
[33,F,0.761663,00000010,76.1663,X]
[15,F,0.774092,00010000,77.4092,X]
[43,F,0.784123,00000001,78.4123,X]
[10,F,0.788741,00100000,78.8741,X]
[44,F,0.796819,00000001,79.6819,X]
[11,F,0.801436,00100000,80.1436,X]
[6,F,0.842455,10000000,84.2455,X]
[34,F,0.87592,00000010,87.592,X]
[12,F,0.887373,00100000,88.7373,X]
[22,F,0.892225,00001000,89.2225,X]
[7,F,0.897142,10000000,89.7142,X]
[8,F,0.903002,10000000,90.3002,X]
[45,F,0.920842,00000001,92.0842,X]
[46,F,0.931584,00000001,93.1584,X]
[47,F,0.932561,00000001,93.2561,X]
[48,F,0.933538,00000001,93.3538,X]
[35,F,0.943303,00000010,94.3303,X]
[13,F,0.94792,00100000,94.792,X]
[25,F,0.957655,00000100,95.7655,X]
[14,F,0.965498,00100000,96.5498,X]
[49,F,0.980413,00000001,98.0413,X]
[16,F,0.989912,00010000,98.9912,X]
GUIDE_TREE_PARTITION1=(((t1:36.36,t2:36.36):3.04,(t3:26.79,t4:26.79):12.61):60.6,((t5:37.34,t6:37.34):59.85,(t7:65.24,t8:65.24):31.95):2.81);
