Taxa bit representation:
t1 10000000
t2 01000000
t3 00100000
t4 00010000
t5 00001000
t6 00000100
t7 00000010
t8 00000001
Clade List (<taxon members> = <clade name>): 

>Dataset_0
[0,F,0.0478516,11110000,4.78516,X]
[1,F,0.107422,11110000,10.7422,X]
[21,F,0.146484,00001111,14.6484,X]
[22,F,0.198242,00001111,19.8242,X]
[23,F,0.200195,00001111,20.0195,X]
[2,F,0.212891,11110000,21.2891,X]
[24,F,0.277344,00001111,27.7344,X]
[25,F,0.326172,00001111,32.6172,X]
[3,F,0.328125,11110000,32.8125,X]
[4,F,0.347656,11110000,34.7656,X]
[5,F,0.348633,11110000,34.8633,X]
[6,F,0.372878,11000000,37.2878,X]
[12,F,0.375808,00110000,37.5808,X]
[13,F,0.404128,00110000,40.4128,X]
[26,F,0.444336,00001111,44.4336,X]
[27,F,0.499023,00001111,49.9023,X]
[7,F,0.502761,11000000,50.2761,X]
[14,F,0.505691,00110000,50.5691,X]
[28,F,0.527344,00001111,52.7344,X]
[29,F,0.589817,00001100,58.9817,X]
[15,F,0.613112,00110000,61.3112,X]
[8,F,0.732083,10000000,73.2083,X]
[32,F,0.737278,00000011,73.7278,X]
[10,F,0.795559,01000000,79.5559,X]
[16,F,0.79573,00110000,79.573,X]
[30,F,0.806614,00001100,80.6614,X]
[33,F,0.806853,00000010,80.6853,X]
[36,F,0.808806,00000001,80.8806,X]
[17,F,0.816237,00110000,81.6238,X]
[34,F,0.855681,00000010,85.5681,X]
[35,F,0.857634,00000010,85.7634,X]
[37,F,0.861541,00000001,86.1541,X]
[9,F,0.872708,10000000,87.2708,X]
[18,F,0.917773,00100000,91.7773,X]
[38,F,0.927947,00000001,92.7947,X]
[11,F,0.929348,01000000,92.9348,X]
[19,F,0.939258,00100000,93.9258,X]
[31,F,0.970677,00001100,97.0677,X]
[20,F,0.993945,00100000,99.3945,X]
GUIDE_TREE_PARTITION1=(((t1:27.28,t2:27.28):37.19,(t3:11.25,t4:11.25):53.22):35.53,((t5:1.01,t6:1.01):45.77,(t7:25.76,t8:25.76):21.02):53.22);
