Taxa bit representation:
t1 10000000
t2 01000000
t3 00100000
t4 00010000
t5 00001000
t6 00000100
t7 00000010
t8 00000001
Clade List (<taxon members> = <clade name>): 

>Dataset_0
[0,F,0.112305,11110000,11.2305,X]
[7,F,0.294978,00110000,29.4978,X]
[12,F,0.318359,00001111,31.8359,X]
[1,F,0.473689,11000000,47.3689,X]
[2,F,0.478572,11000000,47.8572,X]
[8,F,0.540245,00100000,54.0245,X]
[3,F,0.585017,11000000,58.5017,X]
[10,F,0.670128,00010000,67.0128,X]
[15,F,0.671095,00000011,67.1095,X]
[4,F,0.675837,11000000,67.5837,X]
[5,F,0.699275,11000000,69.9275,X]
[9,F,0.710167,00100000,71.0167,X]
[16,F,0.75508,00000011,75.508,X]
[13,F,0.857447,00000100,85.7447,X]
[11,F,0.861534,00010000,86.1534,X]
[6,F,0.872902,01000000,87.2902,X]
[14,F,0.915064,00000100,91.5064,X]
GUIDE_TREE_PARTITION1=(((t1:26.87,t2:26.87):45.39,(t3:50.37,t4:50.37):21.89):27.74,((t5:32.81,t6:32.81):20.1,(t7:6.6,t8:6.6):46.31):47.09);
