Taxa bit representation:
t1 10000000
t2 01000000
t3 00100000
t4 00010000
t5 00001000
t6 00000100
t7 00000010
t8 00000001
Clade List (<taxon members> = <clade name>): 

>Dataset_0
[68,F,0.0205078,00000011,2.05078,X]
[69,F,0.0410156,00000011,4.10156,X]
[70,F,0.0673828,00000011,6.73828,X]
[71,F,0.078125,00000011,7.8125,X]
[72,F,0.101562,00000011,10.1562,X]
[73,F,0.114258,00000011,11.4258,X]
[74,F,0.135742,00000011,13.5742,X]
[0,F,0.158203,11111100,15.8203,X]
[75,F,0.15918,00000011,15.918,X]
[1,F,0.202292,11110000,20.2292,X]
[2,F,0.2228,11110000,22.28,X]
[3,F,0.224753,11110000,22.4753,X]
[4,F,0.240378,11110000,24.0378,X]
[76,F,0.24707,00000011,24.707,X]
[32,F,0.25405,00001100,25.405,X]
[77,F,0.257812,00000011,25.7812,X]
[33,F,0.267722,00001100,26.7722,X]
[78,F,0.293945,00000011,29.3945,X]
[79,F,0.298828,00000011,29.8828,X]
[5,F,0.304831,11110000,30.4831,X]
[6,F,0.31013,11100000,31.013,X]
[51,F,0.311872,00000100,31.1872,X]
[52,F,0.313825,00000100,31.3825,X]
[34,F,0.317731,00001000,31.7731,X]
[24,F,0.322825,00010000,32.2825,X]
[25,F,0.328684,00010000,32.8684,X]
[80,F,0.353553,00000010,35.3553,X]
[35,F,0.355817,00001000,35.5817,X]
[53,F,0.355817,00000100,35.5817,X]
[7,F,0.359934,11100000,35.9934,X]
[54,F,0.36363,00000100,36.363,X]
[81,F,0.368202,00000010,36.8202,X]
[97,F,0.377967,00000001,37.7967,X]
[98,F,0.383827,00000001,38.3827,X]
[55,F,0.388044,00000100,38.8044,X]
[8,F,0.391184,11100000,39.1184,X]
[36,F,0.42027,00001000,42.027,X]
[37,F,0.4232,00001000,42.32,X]
[99,F,0.436561,00000001,43.6561,X]
[100,F,0.437537,00000001,43.7537,X]
[82,F,0.443397,00000010,44.3397,X]
[56,F,0.443708,00000100,44.3708,X]
[38,F,0.459333,00001000,45.9333,X]
[83,F,0.482459,00000010,48.2459,X]
[101,F,0.486366,00000001,48.6366,X]
[84,F,0.491248,00000010,49.1248,X]
[102,F,0.491248,00000001,49.1248,X]
[26,F,0.500559,00010000,50.0559,X]
[103,F,0.511756,00000001,51.1756,X]
[39,F,0.530622,00001000,53.0622,X]
[40,F,0.531598,00001000,53.1598,X]
[85,F,0.587928,00000010,58.7928,X]
[104,F,0.596717,00000001,59.6717,X]
[9,F,0.607005,11100000,60.7005,X]
[105,F,0.618202,00000001,61.8202,X]
[106,F,0.620155,00000001,62.0155,X]
[57,F,0.635114,00000100,63.5114,X]
[27,F,0.639231,00010000,63.9231,X]
[58,F,0.639997,00000100,63.9997,X]
[10,F,0.642161,11100000,64.2161,X]
[86,F,0.654334,00000010,65.4334,X]
[41,F,0.655622,00001000,65.5622,X]
[107,F,0.656287,00000001,65.6287,X]
[42,F,0.664411,00001000,66.4411,X]
[87,F,0.668006,00000010,66.8006,X]
[11,F,0.676341,11100000,67.6341,X]
[43,F,0.684919,00001000,68.4919,X]
[88,F,0.685584,00000010,68.5584,X]
[44,F,0.688825,00001000,68.8825,X]
[59,F,0.690778,00000100,69.0778,X]
[60,F,0.700544,00000100,70.0544,X]
[89,F,0.701209,00000010,70.1209,X]
[28,F,0.71052,00010000,71.052,X]
[61,F,0.721052,00000100,72.1052,X]
[62,F,0.736677,00000100,73.6677,X]
[12,F,0.74177,11100000,74.177,X]
[13,F,0.766184,11100000,76.6184,X]
[45,F,0.774762,00001000,77.4762,X]
[46,F,0.785505,00001000,78.5505,X]
[108,F,0.788123,00000001,78.8123,X]
[14,F,0.795481,11100000,79.5481,X]
[29,F,0.796458,00010000,79.6458,X]
[63,F,0.805036,00000100,80.5036,X]
[64,F,0.806989,00000100,80.6989,X]
[15,F,0.808177,11100000,80.8177,X]
[65,F,0.820661,00000100,82.0661,X]
[109,F,0.853553,00000001,85.3553,X]
[66,F,0.853864,00000100,85.3864,X]
[67,F,0.855817,00000100,85.5817,X]
[110,F,0.859412,00000001,85.9412,X]
[16,F,0.866283,11000000,86.6283,X]
[90,F,0.870155,00000010,87.0155,X]
[17,F,0.870189,11000000,87.0189,X]
[91,F,0.871131,00000010,87.1131,X]
[92,F,0.88285,00000010,88.285,X]
[111,F,0.88578,00000001,88.578,X]
[47,F,0.887067,00001000,88.7067,X]
[93,F,0.895545,00000010,89.5545,X]
[94,F,0.903358,00000010,90.3358,X]
[18,F,0.904397,10000000,90.4397,X]
[95,F,0.918983,00000010,91.8983,X]
[112,F,0.921912,00000001,92.1912,X]
[48,F,0.922223,00001000,92.2223,X]
[19,F,0.926858,01000000,92.6858,X]
[49,F,0.935895,00001000,93.5895,X]
[50,F,0.940778,00001000,94.0778,X]
[30,F,0.943919,00010000,94.3919,X]
[31,F,0.944895,00010000,94.4895,X]
[113,F,0.951209,00000001,95.1209,X]
[21,F,0.95808,00100000,95.808,X]
[22,F,0.973705,00100000,97.3705,X]
[114,F,0.978553,00000001,97.8553,X]
[23,F,0.98347,00100000,98.347,X]
[20,F,0.990334,01000000,99.0334,X]
[96,F,0.997108,00000010,99.7108,X]
GUIDE_TREE_PARTITION1=(((((t1:12.49,t2:12.49):1.37,t3:13.86):55.42,t4:69.28):14.69,(t5:70.18,t6:70.18):13.79):16.03,(t7:64.84,t8:64.84):35.16);
