Taxa bit representation:
t1 10000000
t2 01000000
t3 00100000
t4 00010000
t5 00001000
t6 00000100
t7 00000010
t8 00000001
Clade List (<taxon members> = <clade name>): 

>Dataset_0
[0,F,0.0673828,11111100,6.73828,X]
[29,F,0.136719,00000011,13.6719,X]
[30,F,0.18457,00000011,18.457,X]
[18,F,0.210392,00001100,21.0392,X]
[19,F,0.214298,00001100,21.4298,X]
[31,F,0.223633,00000011,22.3633,X]
[9,F,0.232361,00010000,23.2361,X]
[32,F,0.268555,00000011,26.8555,X]
[33,F,0.291016,00000011,29.1016,X]
[20,F,0.291447,00001100,29.1447,X]
[10,F,0.294861,00010000,29.4861,X]
[34,F,0.313477,00000011,31.3477,X]
[11,F,0.377869,00010000,37.7869,X]
[1,F,0.464783,11100000,46.4783,X]
[35,F,0.46582,00000011,46.582,X]
[2,F,0.467712,11100000,46.7712,X]
[12,F,0.478455,00010000,47.8455,X]
[21,F,0.485783,00001100,48.5783,X]
[36,F,0.517236,00000010,51.7236,X]
[13,F,0.532166,00010000,53.2166,X]
[14,F,0.55365,00010000,55.365,X]
[43,F,0.567041,00000001,56.7041,X]
[15,F,0.590759,00010000,59.0759,X]
[37,F,0.629541,00000010,62.9541,X]
[44,F,0.645166,00000001,64.5166,X]
[3,F,0.714016,11000000,71.4016,X]
[22,F,0.721134,00001100,72.1134,X]
[38,F,0.722314,00000010,72.2314,X]
[16,F,0.723572,00010000,72.3572,X]
[4,F,0.728664,11000000,72.8664,X]
[39,F,0.735009,00000010,73.5009,X]
[40,F,0.749658,00000010,74.9658,X]
[41,F,0.802392,00000010,80.2392,X]
[5,F,0.830227,11000000,83.0227,X]
[6,F,0.837063,11000000,83.7063,X]
[23,F,0.862736,00001100,86.2736,X]
[42,F,0.8854,00000010,88.54,X]
[24,F,0.911514,00001000,91.1514,X]
[7,F,0.935695,00100000,93.5695,X]
[25,F,0.943741,00001000,94.3741,X]
[17,F,0.947205,00010000,94.7205,X]
[8,F,0.948391,00100000,94.8391,X]
[27,F,0.958389,00000100,95.8389,X]
[26,F,0.985733,00001000,98.5733,X]
[28,F,0.998428,00000100,99.8428,X]
GUIDE_TREE_PARTITION1=(((((t1:4.5,t2:4.5):28.2,t3:32.7):46.31,t4:79.01):10.4,(t5:11.29,t6:11.29):78.12):10.59,(t7:48.96,t8:48.96):51.04);
