Taxa bit representation:
t1 10000000
t2 01000000
t3 00100000
t4 00010000
t5 00001000
t6 00000100
t7 00000010
t8 00000001
Clade List (<taxon members> = <clade name>): 

>Dataset_0
[16,F,0.140969,00000011,14.0969,X]
[17,F,0.257084,00000010,25.7084,X]
[0,F,0.343652,11000000,34.3652,X]
[4,F,0.366112,00110000,36.6112,X]
[1,F,0.425683,11000000,42.5683,X]
[2,F,0.498925,11000000,49.8925,X]
[5,F,0.523339,00110000,52.3339,X]
[10,F,0.525734,00001100,52.5734,X]
[3,F,0.618066,11000000,61.8066,X]
[18,F,0.674077,00000001,67.4077,X]
[11,F,0.731673,00001000,73.1673,X]
[13,F,0.739486,00000100,73.9486,X]
[12,F,0.793197,00001000,79.3197,X]
[6,F,0.795133,00100000,79.5133,X]
[19,F,0.807866,00000001,80.7866,X]
[7,F,0.896695,00100000,89.6695,X]
[14,F,0.897689,00000100,89.7689,X]
[9,F,0.94943,00010000,94.943,X]
[15,F,0.968978,00000100,96.8978,X]
[20,F,0.987553,00000001,98.7553,X]
[8,F,0.991422,00100000,99.1422,X]
[21,F,0.996342,00000001,99.6342,X]
GUIDE_TREE_PARTITION1=(((t1:7.11,t2:7.11):69.56,(t3:42.85,t4:42.85):33.82):23.33,((t5:29.86,t6:29.86):60.34,(t7:82.69,t8:82.69):7.51):9.8);
