Taxa bit representation:
t1 10000000
t2 01000000
t3 00100000
t4 00010000
t5 00001000
t6 00000100
t7 00000010
t8 00000001
Clade List (<taxon members> = <clade name>): 

>Dataset_0
[49,F,0.0214844,00000011,2.14844,X]
[50,F,0.03125,00000011,3.125,X]
[51,F,0.0517578,00000011,5.17578,X]
[52,F,0.0966797,00000011,9.66797,X]
[53,F,0.111328,00000011,11.1328,X]
[0,F,0.116211,11111100,11.6211,X]
[54,F,0.138672,00000011,13.8672,X]
[1,F,0.148438,11111100,14.8438,X]
[55,F,0.176758,00000011,17.6758,X]
[56,F,0.179688,00000011,17.9688,X]
[57,F,0.188477,00000011,18.8477,X]
[58,F,0.203125,00000011,20.3125,X]
[2,F,0.215031,11110000,21.5031,X]
[21,F,0.227727,00001100,22.7727,X]
[3,F,0.236516,11110000,23.6516,X]
[59,F,0.240234,00000011,24.0234,X]
[75,F,0.251036,00000001,25.1036,X]
[60,F,0.252013,00000010,25.2013,X]
[76,F,0.252013,00000001,25.2013,X]
[77,F,0.27252,00000001,27.252,X]
[22,F,0.297063,00001100,29.7063,X]
[23,F,0.306828,00001100,30.6828,X]
[24,F,0.329289,00001100,32.9289,X]
[78,F,0.335997,00000001,33.5997,X]
[79,F,0.349669,00000001,34.9669,X]
[25,F,0.358586,00001100,35.8586,X]
[26,F,0.390813,00001100,39.0812,X]
[27,F,0.410344,00001100,41.0344,X]
[28,F,0.41132,00001100,41.132,X]
[80,F,0.432677,00000001,43.2677,X]
[61,F,0.449278,00000010,44.9278,X]
[62,F,0.461973,00000010,46.1973,X]
[63,F,0.474669,00000010,47.4669,X]
[64,F,0.478575,00000010,47.8575,X]
[65,F,0.482481,00000010,48.2481,X]
[81,F,0.49713,00000001,49.713,X]
[29,F,0.501164,00001100,50.1164,X]
[30,F,0.504094,00001100,50.4094,X]
[31,F,0.515813,00001100,51.5812,X]
[32,F,0.517766,00001100,51.7766,X]
[66,F,0.518614,00000010,51.8614,X]
[33,F,0.522648,00001100,52.2648,X]
[34,F,0.525578,00001100,52.5578,X]
[4,F,0.533391,11110000,53.3391,X]
[35,F,0.543156,00001100,54.3156,X]
[82,F,0.576231,00000001,57.6231,X]
[83,F,0.58502,00000001,58.502,X]
[36,F,0.585148,00001100,58.5148,X]
[5,F,0.599797,11110000,59.9797,X]
[84,F,0.605528,00000001,60.5528,X]
[85,F,0.608458,00000001,60.8458,X]
[67,F,0.611387,00000010,61.1387,X]
[37,F,0.624211,00001100,62.4211,X]
[38,F,0.646672,00001100,64.6672,X]
[68,F,0.6817,00000010,68.17,X]
[69,F,0.682677,00000010,68.2677,X]
[6,F,0.69257,11110000,69.257,X]
[7,F,0.709172,11110000,70.9172,X]
[39,F,0.712102,00001100,71.2102,X]
[70,F,0.724669,00000010,72.4669,X]
[8,F,0.72968,11110000,72.968,X]
[40,F,0.733586,00001100,73.3586,X]
[86,F,0.74713,00000001,74.713,X]
[87,F,0.764708,00000001,76.4708,X]
[71,F,0.765684,00000010,76.5684,X]
[72,F,0.77252,00000010,77.252,X]
[88,F,0.77838,00000001,77.838,X]
[41,F,0.788273,00001100,78.8273,X]
[42,F,0.795109,00001100,79.5109,X]
[89,F,0.8067,00000001,80.67,X]
[43,F,0.833195,00001100,83.3195,X]
[90,F,0.835997,00000001,83.5997,X]
[73,F,0.846739,00000010,84.6739,X]
[91,F,0.863341,00000001,86.3341,X]
[44,F,0.869328,00001100,86.9328,X]
[45,F,0.873234,00001100,87.3234,X]
[14,F,0.885152,00010000,88.5152,X]
[46,F,0.886906,00001100,88.6906,X]
[15,F,0.887105,00010000,88.7105,X]
[92,F,0.905333,00000001,90.5333,X]
[16,F,0.912495,00010000,91.2495,X]
[93,F,0.913145,00000001,91.3145,X]
[17,F,0.915425,00010000,91.5425,X]
[9,F,0.919636,11000000,91.9636,X]
[10,F,0.930783,10000000,93.0783,X]
[18,F,0.938863,00010000,93.8863,X]
[12,F,0.939572,01000000,93.9572,X]
[94,F,0.951231,00000001,95.1231,X]
[19,F,0.956441,00010000,95.6441,X]
[74,F,0.96002,00000010,96.002,X]
[95,F,0.971739,00000001,97.1739,X]
[13,F,0.97237,00100000,97.237,X]
[47,F,0.981653,00001000,98.1653,X]
[48,F,0.987513,00000100,98.7512,X]
[11,F,0.989377,10000000,98.9377,X]
[20,F,0.989644,00010000,98.9644,X]
GUIDE_TREE_PARTITION1=(((((t1:7.41,t2:7.41):1.31,t3:8.72):7.55,t4:16.27):64.18,(t5:8.28,t6:8.28):72.17):19.55,(t7:75.58,t8:75.58):24.42);
