Taxa bit representation:
t1 10000000
t2 01000000
t3 00100000
t4 00010000
t5 00001000
t6 00000100
t7 00000010
t8 00000001
Clade List (<taxon members> = <clade name>): 

>Dataset_0
[0,F,0.0875672,11110000,8.75672,X]
[10,F,0.286786,00001100,28.6786,X]
[11,F,0.456742,00001000,45.6742,X]
[1,F,0.487219,11100000,48.7219,X]
[13,F,0.498487,00000010,49.8487,X]
[14,F,0.544386,00000010,54.4386,X]
[17,F,0.607862,00000001,60.7862,X]
[18,F,0.617628,00000001,61.7628,X]
[6,F,0.633703,00010000,63.3703,X]
[7,F,0.671789,00010000,67.1789,X]
[3,F,0.713137,00100000,71.3137,X]
[8,F,0.746984,00010000,74.6984,X]
[2,F,0.749795,01000000,74.9795,X]
[4,F,0.796145,00100000,79.6145,X]
[5,F,0.806887,00100000,80.6887,X]
[15,F,0.828566,00000010,82.8566,X]
[9,F,0.861242,00010000,86.1242,X]
[12,F,0.88057,00001000,88.057,X]
[19,F,0.919386,00000001,91.9386,X]
[16,F,0.97505,00000010,97.505,X]
[20,F,0.994581,00000001,99.4581,X]
GUIDE_TREE_PARTITION1=(((((t1:26.29,t2:26.29):10.99,t3:37.28):40.17,t4:77.45):16.43,(t5:61.65,t6:61.65):32.23):6.12,(t7:74.37,t8:74.37):25.63);
