Taxa bit representation:
t1 10000000
t2 01000000
t3 00100000
t4 00010000
t5 00001000
t6 00000100
t7 00000010
t8 00000001
Clade List (<taxon members> = <clade name>): 

>Dataset_0
[0,F,0.107305,11111100,10.7305,X]
[1,F,0.184453,11111100,18.4453,X]
[2,F,0.206431,11111000,20.6431,X]
[3,F,0.210337,11111000,21.0337,X]
[18,F,0.240117,00000010,24.0117,X]
[19,F,0.304688,00000001,30.4688,X]
[10,F,0.315475,00010000,31.5475,X]
[11,F,0.344772,00010000,34.4772,X]
[12,F,0.373583,00001000,37.3583,X]
[13,F,0.452684,00001000,45.2684,X]
[5,F,0.513498,00100000,51.3498,X]
[20,F,0.605469,00000001,60.5469,X]
[14,F,0.613817,00001000,61.3817,X]
[16,F,0.628306,00000100,62.8306,X]
[4,F,0.629709,11000000,62.9709,X]
[6,F,0.635569,00100000,63.5569,X]
[17,F,0.651744,00000100,65.1744,X]
[21,F,0.655273,00000001,65.5273,X]
[22,F,0.71875,00000001,71.875,X]
[7,F,0.758616,00100000,75.8616,X]
[8,F,0.850413,00100000,85.0413,X]
[23,F,0.916992,00000001,91.6992,X]
[24,F,0.922852,00000001,92.2852,X]
[25,F,0.932617,00000001,93.2617,X]
[26,F,0.942383,00000001,94.2383,X]
[9,F,0.949045,00100000,94.9045,X]
[15,F,0.987841,00001000,98.7841,X]
GUIDE_TREE_PARTITION1=(((((((t1:12.78,t2:12.78):59.21,t3:71.99):1.15,t4:73.14):2.49,t5:75.63):5.68,t6:81.31):12.94,t7:94.25):5.75,t8:100);
