Taxa bit representation:
t1 10000000
t2 01000000
t3 00100000
t4 00010000
t5 00001000
t6 00000100
t7 00000010
t8 00000001
Clade List (<taxon members> = <clade name>): 

>Dataset_0
[7,F,0.00390625,00001111,0.390625,X]
[2,F,0.109256,00100000,10.9256,X]
[3,F,0.1366,00100000,13.66,X]
[9,F,0.310261,00000011,31.0261,X]
[4,F,0.32117,00100000,32.117,X]
[6,F,0.360233,00010000,36.0233,X]
[10,F,0.388386,00000011,38.8386,X]
[0,F,0.470183,10000000,47.0183,X]
[8,F,0.669495,00001000,66.9495,X]
[11,F,0.695027,00000011,69.5027,X]
[5,F,0.713748,00100000,71.3748,X]
[12,F,0.845408,00000010,84.5408,X]
[13,F,0.91572,00000001,91.572,X]
[1,F,0.963347,10000000,96.3347,X]
GUIDE_TREE_PARTITION1=(((t1:90.97,t2:90.97):3.32,(t3:92.59,t4:92.59):1.7):5.71,((t5:53.07,t6:53.07):36.9,(t7:30.01,t8:30.01):59.96):10.03);
