Taxa bit representation:
t1 10000000
t2 01000000
t3 00100000
t4 00010000
t5 00001000
t6 00000100
t7 00000010
t8 00000001
Clade List (<taxon members> = <clade name>): 

>Dataset_0
[44,F,0.0136719,00000001,1.36719,X]
[45,F,0.0556641,00000001,5.56641,X]
[0,F,0.0637672,11111100,6.37672,X]
[46,F,0.0849609,00000001,8.49609,X]
[47,F,0.109375,00000001,10.9375,X]
[35,F,0.19365,00000010,19.365,X]
[48,F,0.204102,00000001,20.4102,X]
[1,F,0.231736,11111100,23.1736,X]
[28,F,0.290248,00000100,29.0248,X]
[29,F,0.291225,00000100,29.1225,X]
[2,F,0.296108,11111000,29.6108,X]
[21,F,0.337759,00001000,33.7759,X]
[49,F,0.397461,00000001,39.7461,X]
[50,F,0.435547,00000001,43.5547,X]
[3,F,0.441959,11100000,44.1959,X]
[22,F,0.444205,00001000,44.4205,X]
[36,F,0.444627,00000010,44.4627,X]
[4,F,0.452702,11100000,45.2702,X]
[37,F,0.454392,00000010,45.4392,X]
[51,F,0.475586,00000001,47.5586,X]
[15,F,0.480045,00010000,48.0045,X]
[52,F,0.492187,00000001,49.2187,X]
[16,F,0.514225,00010000,51.4225,X]
[30,F,0.533412,00000100,53.3412,X]
[38,F,0.533494,00000010,53.3494,X]
[5,F,0.554264,11100000,55.4264,X]
[39,F,0.564744,00000010,56.4744,X]
[53,F,0.588867,00000001,58.8867,X]
[31,F,0.595912,00000100,59.5912,X]
[17,F,0.607975,00010000,60.7975,X]
[6,F,0.630436,11100000,63.0436,X]
[32,F,0.632045,00000100,63.2045,X]
[7,F,0.639225,11100000,63.9225,X]
[18,F,0.671452,00010000,67.1452,X]
[54,F,0.689453,00000001,68.9453,X]
[40,F,0.694627,00000010,69.4627,X]
[8,F,0.715397,11100000,71.5397,X]
[33,F,0.717006,00000100,71.7006,X]
[23,F,0.755728,00001000,75.5728,X]
[13,F,0.760459,00100000,76.0459,X]
[9,F,0.761436,11000000,76.1436,X]
[55,F,0.764648,00000001,76.4648,X]
[10,F,0.777061,11000000,77.7061,X]
[24,F,0.789908,00001000,78.9908,X]
[19,F,0.810123,00010000,81.0123,X]
[20,F,0.8111,00010000,81.11,X]
[25,F,0.811392,00001000,81.1392,X]
[56,F,0.835937,00000001,83.5937,X]
[41,F,0.837205,00000010,83.7205,X]
[14,F,0.850303,00100000,85.0303,X]
[11,F,0.911689,10000000,91.1689,X]
[26,F,0.917837,00001000,91.7837,X]
[34,F,0.924037,00000100,92.4037,X]
[57,F,0.943359,00000001,94.3359,X]
[42,F,0.94365,00000010,94.365,X]
[12,F,0.96247,10000000,96.247,X]
[27,F,0.974478,00001000,97.4478,X]
[43,F,0.975877,00000010,97.5877,X]
GUIDE_TREE_PARTITION1=(((((((t1:15.96,t2:15.96):8.58,t3:24.54):31.85,t4:56.39):10.42,t5:66.81):5.63,t6:72.44):23.82,t7:96.26):3.74,t8:100);
