Taxa bit representation:
t1 10000000
t2 01000000
t3 00100000
t4 00010000
t5 00001000
t6 00000100
t7 00000010
t8 00000001
Clade List (<taxon members> = <clade name>): 

>Dataset_0
[85,F,0.0195312,00000001,1.95312,X]
[0,F,0.0351562,11111110,3.51562,X]
[1,F,0.0615234,11111110,6.15234,X]
[2,F,0.0751953,11111110,7.51953,X]
[3,F,0.0904297,11111100,9.04297,X]
[4,F,0.0953125,11111100,9.53125,X]
[86,F,0.0976562,00000001,9.76562,X]
[87,F,0.119141,00000001,11.9141,X]
[56,F,0.127539,00000010,12.7539,X]
[88,F,0.146484,00000001,14.6484,X]
[89,F,0.149414,00000001,14.9414,X]
[57,F,0.153906,00000010,15.3906,X]
[5,F,0.174414,11111100,17.4414,X]
[90,F,0.193359,00000001,19.3359,X]
[6,F,0.200781,11111100,20.0781,X]
[91,F,0.253906,00000001,25.3906,X]
[7,F,0.274023,11111100,27.4023,X]
[92,F,0.277344,00000001,27.7344,X]
[93,F,0.283203,00000001,28.3203,X]
[94,F,0.292969,00000001,29.2969,X]
[58,F,0.298438,00000010,29.8438,X]
[8,F,0.299414,11111100,29.9414,X]
[9,F,0.308203,11111100,30.8203,X]
[10,F,0.336523,11111100,33.6523,X]
[59,F,0.374609,00000010,37.4609,X]
[11,F,0.408789,11111100,40.8789,X]
[60,F,0.413672,00000010,41.3672,X]
[95,F,0.415039,00000001,41.5039,X]
[61,F,0.426367,00000010,42.6367,X]
[62,F,0.437109,00000010,43.7109,X]
[63,F,0.458594,00000010,45.8594,X]
[96,F,0.474609,00000001,47.4609,X]
[64,F,0.523047,00000010,52.3047,X]
[97,F,0.523438,00000001,52.3438,X]
[65,F,0.525977,00000010,52.5977,X]
[43,F,0.531837,00000100,53.1837,X]
[12,F,0.540627,11111000,54.0627,X]
[44,F,0.551369,00000100,55.1369,X]
[98,F,0.552734,00000001,55.2734,X]
[13,F,0.557228,11111000,55.7228,X]
[14,F,0.562111,11111000,56.2111,X]
[66,F,0.576758,00000010,57.6758,X]
[99,F,0.578125,00000001,57.8125,X]
[45,F,0.600197,00000100,60.0197,X]
[15,F,0.600197,11111000,60.0197,X]
[46,F,0.608009,00000100,60.8009,X]
[100,F,0.625977,00000001,62.5977,X]
[67,F,0.632422,00000010,63.2422,X]
[101,F,0.642578,00000001,64.2578,X]
[31,F,0.645269,00001000,64.5269,X]
[32,F,0.66187,00001000,66.187,X]
[47,F,0.663673,00000100,66.3673,X]
[48,F,0.665627,00000100,66.5627,X]
[68,F,0.673438,00000010,67.3438,X]
[49,F,0.673439,00000100,67.3439,X]
[33,F,0.675542,00001000,67.5542,X]
[69,F,0.67832,00000010,67.832,X]
[70,F,0.680273,00000010,68.0273,X]
[34,F,0.694097,00001000,69.4097,X]
[102,F,0.706055,00000001,70.6055,X]
[71,F,0.706641,00000010,70.6641,X]
[72,F,0.714453,00000010,71.4453,X]
[103,F,0.714844,00000001,71.4844,X]
[73,F,0.716406,00000010,71.6406,X]
[104,F,0.716797,00000001,71.6797,X]
[74,F,0.718359,00000010,71.8359,X]
[75,F,0.729102,00000010,72.9102,X]
[50,F,0.738869,00000100,73.8869,X]
[51,F,0.740822,00000100,74.0822,X]
[35,F,0.745855,00001000,74.5855,X]
[105,F,0.746094,00000001,74.6094,X]
[16,F,0.757573,11110000,75.7573,X]
[76,F,0.758398,00000010,75.8398,X]
[36,F,0.767339,00001000,76.7339,X]
[77,F,0.768164,00000010,76.8164,X]
[37,F,0.772222,00001000,77.2222,X]
[106,F,0.775391,00000001,77.5391,X]
[78,F,0.775977,00000010,77.5977,X]
[38,F,0.804448,00001000,80.4448,X]
[17,F,0.834833,11100000,83.4833,X]
[52,F,0.844337,00000100,84.4338,X]
[79,F,0.851172,00000010,85.1172,X]
[107,F,0.857422,00000001,85.7422,X]
[23,F,0.866783,00100000,86.6783,X]
[80,F,0.873633,00000010,87.3633,X]
[28,F,0.877802,00010000,87.7802,X]
[81,F,0.882422,00000010,88.2422,X]
[108,F,0.884766,00000001,88.4766,X]
[39,F,0.890386,00001000,89.0386,X]
[53,F,0.903908,00000100,90.3908,X]
[18,F,0.905837,10000000,90.5837,X]
[24,F,0.905845,00100000,90.5845,X]
[25,F,0.906822,00100000,90.6822,X]
[82,F,0.924414,00000010,92.4414,X]
[54,F,0.924416,00000100,92.4416,X]
[109,F,0.926758,00000001,92.6758,X]
[26,F,0.92733,00100000,92.733,X]
[83,F,0.927344,00000010,92.7344,X]
[40,F,0.930425,00001000,93.0425,X]
[21,F,0.932205,01000000,93.2205,X]
[55,F,0.9459,00000100,94.59,X]
[19,F,0.946853,10000000,94.6853,X]
[27,F,0.967369,00100000,96.7369,X]
[41,F,0.967534,00001000,96.7534,X]
[22,F,0.97615,01000000,97.615,X]
[29,F,0.978387,00010000,97.8387,X]
[20,F,0.982009,10000000,98.2009,X]
[42,F,0.982183,00001000,98.2183,X]
[84,F,0.994727,00000010,99.4727,X]
[30,F,0.996942,00010000,99.6942,X]
GUIDE_TREE_PARTITION1=(((((((t1:11.76,t2:11.76):2.05,t3:13.81):6.32,t4:20.13):19.64,t5:39.77):9.39,t6:49.16):42.09,t7:91.25):8.75,t8:100);
