Taxa bit representation:
t1 10000000
t2 01000000
t3 00100000
t4 00010000
t5 00001000
t6 00000100
t7 00000010
t8 00000001
Clade List (<taxon members> = <clade name>): 

>Dataset_0
[16,F,0.0605469,00000001,6.05469,X]
[10,F,0.122341,00000010,12.2341,X]
[8,F,0.160816,00000100,16.0816,X]
[0,F,0.405445,11110000,40.5445,X]
[1,F,0.480641,11110000,48.0641,X]
[11,F,0.548122,00000010,54.8122,X]
[6,F,0.571461,00001000,57.1461,X]
[2,F,0.573414,11110000,57.3414,X]
[3,F,0.594898,11110000,59.4898,X]
[12,F,0.731716,00000010,73.1716,X]
[9,F,0.734058,00000100,73.4058,X]
[13,F,0.748317,00000010,74.8317,X]
[14,F,0.842067,00000010,84.2067,X]
[7,F,0.872242,00001000,87.2242,X]
[4,F,0.93382,01000000,93.382,X]
[5,F,0.943586,01000000,94.3586,X]
[15,F,0.995387,00000010,99.5387,X]
GUIDE_TREE_PARTITION1=(((((((t1:9.45,t2:9.45):11.44,t3:20.89):5.44,t4:26.33):56.27,t5:82.6):5.42,t6:88.02):11.66,t7:99.68):0.32,t8:100);
