Taxa bit representation:
t1 10000000
t2 01000000
t3 00100000
t4 00010000
t5 00001000
t6 00000100
t7 00000010
t8 00000001
Clade List (<taxon members> = <clade name>): 

>Dataset_0
[23,F,0.0322266,00001111,3.22266,X]
[24,F,0.108398,00001111,10.8398,X]
[10,F,0.128644,00110000,12.8644,X]
[0,F,0.133527,11000000,13.3527,X]
[11,F,0.145245,00110000,14.5245,X]
[12,F,0.175519,00110000,17.5519,X]
[1,F,0.208722,11000000,20.8722,X]
[13,F,0.22337,00110000,22.337,X]
[2,F,0.239972,11000000,23.9972,X]
[25,F,0.299641,00001100,29.9641,X]
[3,F,0.310284,11000000,31.0284,X]
[14,F,0.319073,00110000,31.9073,X]
[4,F,0.328839,11000000,32.8839,X]
[15,F,0.360089,00110000,36.0089,X]
[26,F,0.476398,00001100,47.6398,X]
[16,F,0.512077,00100000,51.2077,X]
[35,F,0.519973,00000010,51.9973,X]
[27,F,0.536945,00001100,53.6945,X]
[5,F,0.573956,11000000,57.3956,X]
[17,F,0.600944,00100000,60.0944,X]
[36,F,0.602005,00000010,60.2005,X]
[41,F,0.610794,00000001,61.0794,X]
[6,F,0.631573,11000000,63.1573,X]
[22,F,0.6361,00010000,63.61,X]
[28,F,0.679523,00001100,67.9523,X]
[29,F,0.715656,00001100,71.5656,X]
[18,F,0.719108,00100000,71.9108,X]
[42,F,0.726028,00000001,72.6028,X]
[30,F,0.742023,00001100,74.2023,X]
[31,F,0.775227,00001100,77.5227,X]
[19,F,0.784537,00100000,78.4537,X]
[43,F,0.794388,00000001,79.4387,X]
[37,F,0.812942,00000010,81.2942,X]
[7,F,0.849347,11000000,84.9347,X]
[32,F,0.859988,00001000,85.9988,X]
[20,F,0.875358,00100000,87.5358,X]
[8,F,0.881573,11000000,88.1573,X]
[44,F,0.890091,00000001,89.0091,X]
[34,F,0.890261,00000100,89.0261,X]
[21,F,0.894889,00100000,89.4889,X]
[38,F,0.936966,00000010,93.6966,X]
[33,F,0.941042,00001000,94.1042,X]
[45,F,0.971145,00000001,97.1145,X]
[39,F,0.977005,00000010,97.7005,X]
[9,F,0.978584,10000000,97.8584,X]
[40,F,0.984817,00000010,98.4817,X]
GUIDE_TREE_PARTITION1=(((t1:4.29,t2:4.29):85.58,(t3:48.89,t4:48.89):40.98):10.13,((t5:19.47,t6:19.47):56.23,(t7:57.28,t8:57.28):18.42):24.3);
