Taxa bit representation:
t1 10000000
t2 01000000
t3 00100000
t4 00010000
t5 00001000
t6 00000100
t7 00000010
t8 00000001
Clade List (<taxon members> = <clade name>): 

>Dataset_0
[47,F,0.0195312,00000001,1.95312,X]
[48,F,0.100586,00000001,10.0586,X]
[0,F,0.118295,11111000,11.8295,X]
[25,F,0.16095,00001000,16.095,X]
[36,F,0.173959,00000100,17.3959,X]
[49,F,0.175781,00000001,17.5781,X]
[50,F,0.185547,00000001,18.5547,X]
[26,F,0.207825,00001000,20.7825,X]
[27,F,0.232239,00001000,23.2239,X]
[1,F,0.235169,11110000,23.5169,X]
[2,F,0.243958,11110000,24.3958,X]
[28,F,0.260559,00001000,26.0559,X]
[51,F,0.266602,00000001,26.6602,X]
[41,F,0.27527,00000010,27.527,X]
[52,F,0.299805,00000001,29.9805,X]
[29,F,0.300598,00001000,30.0598,X]
[30,F,0.323059,00001000,32.3059,X]
[31,F,0.35138,00001000,35.138,X]
[12,F,0.355141,00010000,35.5141,X]
[32,F,0.4422,00001000,44.22,X]
[53,F,0.442383,00000001,44.2383,X]
[33,F,0.462708,00001000,46.2708,X]
[42,F,0.4657,00000010,46.57,X]
[13,F,0.468422,00010000,46.8422,X]
[3,F,0.492836,11100000,49.2836,X]
[14,F,0.529945,00010000,52.9945,X]
[4,F,0.530922,11100000,53.0922,X]
[54,F,0.544922,00000001,54.4922,X]
[43,F,0.576052,00000010,57.6052,X]
[44,F,0.596559,00000010,59.6559,X]
[15,F,0.602211,00010000,60.2211,X]
[16,F,0.612953,00010000,61.2953,X]
[17,F,0.615883,00010000,61.5883,X]
[5,F,0.618812,11100000,61.8813,X]
[34,F,0.625794,00001000,62.5794,X]
[45,F,0.6532,00000010,65.32,X]
[18,F,0.683266,00010000,68.3266,X]
[6,F,0.703773,11100000,70.3773,X]
[55,F,0.746094,00000001,74.6094,X]
[19,F,0.748695,00010000,74.8695,X]
[9,F,0.763739,00100000,76.3739,X]
[37,F,0.768686,00000100,76.8686,X]
[38,F,0.770639,00000100,77.0639,X]
[56,F,0.774414,00000001,77.4414,X]
[39,F,0.794077,00000100,79.4077,X]
[20,F,0.878578,00010000,87.8578,X]
[40,F,0.893686,00000100,89.3686,X]
[21,F,0.89518,00010000,89.518,X]
[22,F,0.905922,00010000,90.5922,X]
[23,F,0.941078,00010000,94.1078,X]
[35,F,0.951966,00001000,95.1966,X]
[24,F,0.958656,00010000,95.8656,X]
[7,F,0.962958,11000000,96.2958,X]
[10,F,0.964911,00100000,96.4911,X]
[11,F,0.977606,00100000,97.7606,X]
[8,F,0.979177,10000000,97.9177,X]
[46,F,0.998903,00000010,99.8903,X]
GUIDE_TREE_PARTITION1=(((((((t1:2.18,t2:2.18):25.45,t3:27.63):42.52,t4:70.15):16.88,t5:87.03):2.41,t6:89.44):1.49,t7:90.93):9.07,t8:100);
