Taxa bit representation:
t1 10000000
t2 01000000
t3 00100000
t4 00010000
t5 00001000
t6 00000100
t7 00000010
t8 00000001
Clade List (<taxon members> = <clade name>): 

>Dataset_0
[14,F,0.00390625,00000011,0.390625,X]
[0,F,0.0585938,11111100,5.85938,X]
[15,F,0.147461,00000011,14.7461,X]
[6,F,0.18242,00010000,18.242,X]
[1,F,0.195116,11100000,19.5116,X]
[7,F,0.218553,00010000,21.8553,X]
[11,F,0.299381,00001100,29.9381,X]
[8,F,0.336717,00010000,33.6717,X]
[9,F,0.398241,00010000,39.8241,X]
[12,F,0.414616,00001100,41.4616,X]
[16,F,0.431641,00000011,43.1641,X]
[2,F,0.49492,11100000,49.492,X]
[10,F,0.577928,00010000,57.7928,X]
[20,F,0.624697,00000001,62.4697,X]
[17,F,0.6579,00000010,65.79,X]
[18,F,0.676455,00000010,67.6455,X]
[4,F,0.785478,00100000,78.5478,X]
[13,F,0.829848,00000100,82.9848,X]
[19,F,0.840517,00000010,84.0517,X]
[3,F,0.928142,10000000,92.8142,X]
[5,F,0.951494,00100000,95.1494,X]
GUIDE_TREE_PARTITION1=(((((t1:20.76,t2:20.76):8.7,t3:29.46):55.13,t4:84.59):9.3,(t5:37.23,t6:37.23):56.66):6.11,(t7:52.96,t8:52.96):47.04);
