Taxa bit representation:
t1 10000000
t2 01000000
t3 00100000
t4 00010000
t5 00001000
t6 00000100
t7 00000010
t8 00000001
Clade List (<taxon members> = <clade name>): 

>Dataset_0
[8,F,0.0792,00000001,7.92,X]
[6,F,0.154395,00000010,15.4395,X]
[7,F,0.184669,00000010,18.4669,X]
[2,F,0.337595,00001100,33.7595,X]
[9,F,0.620216,00000001,62.0216,X]
[10,F,0.67002,00000001,67.002,X]
[1,F,0.681372,00010000,68.1372,X]
[3,F,0.690797,00001000,69.0797,X]
[5,F,0.802125,00000100,80.2125,X]
[4,F,0.960328,00001000,96.0328,X]
[0,F,0.978142,01000000,97.8142,X]
GUIDE_TREE_PARTITION1=(((((t1:9.51,t2:9.51):3.35,t3:12.86):39.12,t4:51.98):46.78,(t5:33.85,t6:33.85):64.91):1.24,(t7:98.33,t8:98.33):1.67);
