Taxa bit representation:
t1 10000000
t2 01000000
t3 00100000
t4 00010000
t5 00001000
t6 00000100
t7 00000010
t8 00000001
Clade List (<taxon members> = <clade name>): 

>Dataset_0
[87,F,0.00878906,00000011,0.878906,X]
[88,F,0.0195312,00000011,1.95312,X]
[0,F,0.0224609,11111100,2.24609,X]
[89,F,0.0478516,00000011,4.78516,X]
[90,F,0.0498047,00000011,4.98047,X]
[1,F,0.0546875,11111100,5.46875,X]
[91,F,0.0585938,00000011,5.85938,X]
[2,F,0.0908203,11111100,9.08203,X]
[3,F,0.0927734,11111100,9.27734,X]
[4,F,0.121094,11111100,12.1094,X]
[5,F,0.125977,11111100,12.5977,X]
[6,F,0.133789,11111100,13.3789,X]
[92,F,0.138672,00000011,13.8672,X]
[93,F,0.175781,00000011,17.5781,X]
[94,F,0.192383,00000011,19.2383,X]
[7,F,0.246094,11111100,24.6094,X]
[95,F,0.256836,00000011,25.6836,X]
[8,F,0.275391,11111100,27.5391,X]
[9,F,0.301758,11111100,30.1758,X]
[96,F,0.304688,00000011,30.4688,X]
[10,F,0.317383,11111100,31.7383,X]
[68,F,0.423672,00000100,42.3672,X]
[97,F,0.430664,00000011,43.0664,X]
[53,F,0.432461,00001000,43.2461,X]
[98,F,0.433594,00000011,43.3594,X]
[54,F,0.446133,00001000,44.6133,X]
[69,F,0.446133,00000100,44.6133,X]
[11,F,0.454422,11110000,45.4422,X]
[12,F,0.460281,11110000,46.0281,X]
[70,F,0.494961,00000100,49.4961,X]
[71,F,0.499844,00000100,49.9844,X]
[99,F,0.508789,00000011,50.8789,X]
[100,F,0.529297,00000011,52.9297,X]
[101,F,0.535156,00000011,53.5156,X]
[72,F,0.547695,00000100,54.7695,X]
[102,F,0.567383,00000011,56.7383,X]
[37,F,0.594002,00010000,59.4002,X]
[38,F,0.594978,00010000,59.4978,X]
[55,F,0.595547,00001000,59.5547,X]
[56,F,0.605313,00001000,60.5312,X]
[13,F,0.60865,11100000,60.865,X]
[103,F,0.611136,00000010,61.1136,X]
[26,F,0.619206,00100000,61.9206,X]
[39,F,0.633064,00010000,63.3064,X]
[14,F,0.636784,11000000,63.6784,X]
[40,F,0.641853,00010000,64.1853,X]
[57,F,0.643398,00001000,64.3398,X]
[110,F,0.644339,00000001,64.4339,X]
[73,F,0.644375,00000100,64.4375,X]
[111,F,0.647269,00000001,64.7269,X]
[27,F,0.647527,00100000,64.7527,X]
[74,F,0.650234,00000100,65.0234,X]
[75,F,0.655117,00000100,65.5117,X]
[15,F,0.660222,11000000,66.0222,X]
[76,F,0.663906,00000100,66.3906,X]
[112,F,0.679495,00000001,67.9495,X]
[41,F,0.695564,00010000,69.5564,X]
[28,F,0.697331,00100000,69.7331,X]
[113,F,0.69805,00000001,69.805,X]
[29,F,0.710027,00100000,71.0027,X]
[42,F,0.727791,00010000,72.7791,X]
[77,F,0.731289,00000100,73.1289,X]
[104,F,0.740042,00000010,74.0042,X]
[43,F,0.741463,00010000,74.1463,X]
[44,F,0.747322,00010000,74.7322,X]
[45,F,0.760017,00010000,76.0017,X]
[46,F,0.773689,00010000,77.3689,X]
[105,F,0.774222,00000010,77.4222,X]
[30,F,0.775456,00100000,77.5456,X]
[114,F,0.786917,00000001,78.6917,X]
[16,F,0.787175,11000000,78.7175,X]
[78,F,0.795742,00000100,79.5742,X]
[115,F,0.797659,00000001,79.7659,X]
[31,F,0.813542,00100000,81.3542,X]
[79,F,0.822109,00000100,82.2109,X]
[47,F,0.826423,00010000,82.6423,X]
[116,F,0.827933,00000001,82.7933,X]
[58,F,0.827969,00001000,82.7969,X]
[117,F,0.830863,00000001,83.0863,X]
[48,F,0.848884,00010000,84.8884,X]
[32,F,0.853581,00100000,85.3581,X]
[118,F,0.859183,00000001,85.9183,X]
[33,F,0.859441,00100000,85.9441,X]
[119,F,0.862113,00000001,86.2113,X]
[49,F,0.862556,00010000,86.2556,X]
[106,F,0.863089,00000010,86.3089,X]
[17,F,0.86823,11000000,86.823,X]
[50,F,0.873298,00010000,87.3298,X]
[18,F,0.874089,11000000,87.4089,X]
[59,F,0.883633,00001000,88.3633,X]
[19,F,0.893077,10000000,89.3077,X]
[80,F,0.894375,00000100,89.4375,X]
[81,F,0.903164,00000100,90.3164,X]
[34,F,0.903386,00100000,90.3386,X]
[82,F,0.906094,00000100,90.6094,X]
[22,F,0.906748,01000000,90.6748,X]
[120,F,0.910941,00000001,91.0941,X]
[107,F,0.912894,00000010,91.2894,X]
[35,F,0.916081,00100000,91.6081,X]
[60,F,0.923672,00001000,92.3672,X]
[108,F,0.924613,00000010,92.4613,X]
[61,F,0.927578,00001000,92.7578,X]
[83,F,0.931484,00000100,93.1484,X]
[121,F,0.932425,00000001,93.2425,X]
[122,F,0.938284,00000001,93.8284,X]
[51,F,0.944588,00010000,94.4588,X]
[20,F,0.946788,10000000,94.6788,X]
[109,F,0.94805,00000010,94.805,X]
[36,F,0.950261,00100000,95.0261,X]
[52,F,0.9524,00010000,95.24,X]
[62,F,0.953945,00001000,95.3945,X]
[63,F,0.955898,00001000,95.5898,X]
[123,F,0.957816,00000001,95.7816,X]
[64,F,0.960781,00001000,96.0781,X]
[124,F,0.964652,00000001,96.4652,X]
[65,F,0.965664,00001000,96.5664,X]
[84,F,0.965664,00000100,96.5664,X]
[66,F,0.966641,00001000,96.6641,X]
[67,F,0.968594,00001000,96.8594,X]
[23,F,0.972178,01000000,97.2178,X]
[24,F,0.974131,01000000,97.4131,X]
[85,F,0.981289,00000100,98.1289,X]
[21,F,0.992686,10000000,99.2686,X]
[86,F,0.993008,00000100,99.3008,X]
[25,F,0.995616,01000000,99.5616,X]
GUIDE_TREE_PARTITION1=(((((t1:10.79,t2:10.79):27.68,t3:38.47):10.04,t4:48.51):10.54,(t5:59,t6:59):0.05):40.95,(t7:39.57,t8:39.57):60.43);
