Taxa bit representation:
t1 10000000
t2 01000000
t3 00100000
t4 00010000
t5 00001000
t6 00000100
t7 00000010
t8 00000001
Clade List (<taxon members> = <clade name>): 

>Dataset_0
[0,F,0.0185547,11110000,1.85547,X]
[1,F,0.0449219,11110000,4.49219,X]
[52,F,0.0517578,00001111,5.17578,X]
[53,F,0.0771484,00001111,7.71484,X]
[54,F,0.0820312,00001111,8.20312,X]
[2,F,0.0966797,11110000,9.66797,X]
[3,F,0.104492,11110000,10.4492,X]
[4,F,0.133789,11110000,13.3789,X]
[55,F,0.176758,00001111,17.6758,X]
[5,F,0.181641,11110000,18.1641,X]
[6,F,0.198242,11110000,19.8242,X]
[7,F,0.206055,11110000,20.6055,X]
[8,F,0.21875,11110000,21.875,X]
[9,F,0.323242,11110000,32.3242,X]
[56,F,0.327148,00001111,32.7148,X]
[57,F,0.385742,00001111,38.5742,X]
[58,F,0.416992,00001111,41.6992,X]
[10,F,0.475692,11000000,47.5692,X]
[25,F,0.476669,00110000,47.6669,X]
[11,F,0.484481,11000000,48.4481,X]
[59,F,0.500977,00001111,50.0977,X]
[12,F,0.53038,11000000,53.038,X]
[26,F,0.552841,00110000,55.2841,X]
[13,F,0.5587,11000000,55.87,X]
[60,F,0.582031,00001111,58.2031,X]
[14,F,0.591903,11000000,59.1903,X]
[61,F,0.598633,00001111,59.8633,X]
[15,F,0.614364,11000000,61.4364,X]
[27,F,0.623086,00100000,62.3086,X]
[16,F,0.660262,11000000,66.0263,X]
[28,F,0.662148,00100000,66.2148,X]
[29,F,0.680703,00100000,68.0703,X]
[77,F,0.692891,00000011,69.2891,X]
[30,F,0.71,00100000,71,X]
[69,F,0.710655,00000100,71.0655,X]
[70,F,0.711631,00000100,71.1631,X]
[40,F,0.711953,00010000,71.1953,X]
[41,F,0.720742,00010000,72.0742,X]
[71,F,0.724327,00000100,72.4327,X]
[31,F,0.724648,00100000,72.4648,X]
[42,F,0.728555,00010000,72.8555,X]
[62,F,0.739952,00001000,73.9952,X]
[72,F,0.752647,00000100,75.2647,X]
[32,F,0.755898,00100000,75.5898,X]
[63,F,0.756553,00001000,75.6553,X]
[78,F,0.757344,00000011,75.7344,X]
[43,F,0.758828,00010000,75.8828,X]
[33,F,0.764687,00100000,76.4688,X]
[34,F,0.770547,00100000,77.0547,X]
[44,F,0.773477,00010000,77.3477,X]
[45,F,0.792031,00010000,79.2031,X]
[79,F,0.79543,00000011,79.543,X]
[73,F,0.798545,00000100,79.8545,X]
[46,F,0.811562,00010000,81.1562,X]
[64,F,0.81417,00001000,81.417,X]
[80,F,0.815937,00000011,81.5938,X]
[35,F,0.816445,00100000,81.6445,X]
[81,F,0.819844,00000011,81.9844,X]
[82,F,0.822773,00000011,82.2773,X]
[65,F,0.827842,00001000,82.7842,X]
[17,F,0.828231,11000000,82.8231,X]
[83,F,0.848164,00000011,84.8164,X]
[74,F,0.849327,00000100,84.9327,X]
[47,F,0.860391,00010000,86.0391,X]
[18,F,0.862411,11000000,86.2411,X]
[48,F,0.865273,00010000,86.5273,X]
[36,F,0.872109,00100000,87.2109,X]
[37,F,0.878945,00100000,87.8945,X]
[38,F,0.880898,00100000,88.0898,X]
[84,F,0.888203,00000011,88.8203,X]
[66,F,0.888389,00001000,88.8389,X]
[19,F,0.894637,11000000,89.4638,X]
[85,F,0.897969,00000011,89.7969,X]
[49,F,0.902383,00010000,90.2383,X]
[20,F,0.903427,11000000,90.3427,X]
[75,F,0.922569,00000100,92.2569,X]
[21,F,0.925553,01000000,92.5553,X]
[67,F,0.933311,00001000,93.3311,X]
[86,F,0.934231,00000010,93.4231,X]
[87,F,0.94888,00000010,94.888,X]
[39,F,0.971719,00100000,97.1719,X]
[50,F,0.975625,00010000,97.5625,X]
[22,F,0.976334,01000000,97.6334,X]
[68,F,0.977256,00001000,97.7256,X]
[88,F,0.981106,00000010,98.1106,X]
[23,F,0.981217,01000000,98.1217,X]
[89,F,0.983059,00000001,98.3059,X]
[51,F,0.984414,00010000,98.4414,X]
[76,F,0.985069,00000100,98.5069,X]
[24,F,0.993912,01000000,99.3912,X]
[90,F,0.995755,00000001,99.5755,X]
GUIDE_TREE_PARTITION1=(((t1:7.64,t2:7.64):48.99,(t3:41.5,t4:41.5):15.13):43.37,((t5:30.79,t6:30.79):8.71,(t7:8.53,t8:8.53):30.97):60.5);
