Taxa bit representation:
t1 10000000
t2 01000000
t3 00100000
t4 00010000
t5 00001000
t6 00000100
t7 00000010
t8 00000001
Clade List (<taxon members> = <clade name>): 

>Dataset_0
[24,F,0.0390625,00001111,3.90625,X]
[0,F,0.0439453,11110000,4.39453,X]
[25,F,0.0546875,00001111,5.46875,X]
[1,F,0.139648,11110000,13.9648,X]
[2,F,0.160156,11110000,16.0156,X]
[3,F,0.163086,11110000,16.3086,X]
[4,F,0.173828,11110000,17.3828,X]
[5,F,0.212891,11110000,21.2891,X]
[26,F,0.440834,00001100,44.0834,X]
[6,F,0.473633,11110000,47.3633,X]
[35,F,0.475991,00000011,47.5991,X]
[7,F,0.498047,11110000,49.8047,X]
[36,F,0.535561,00000011,53.5561,X]
[37,F,0.5756,00000011,57.56,X]
[38,F,0.587319,00000011,58.7319,X]
[39,F,0.591225,00000011,59.1225,X]
[8,F,0.609375,11110000,60.9375,X]
[9,F,0.653709,11000000,65.3709,X]
[30,F,0.671677,00000100,67.1677,X]
[40,F,0.678588,00000010,67.8588,X]
[15,F,0.683983,00110000,68.3983,X]
[41,F,0.718627,00000010,71.8627,X]
[22,F,0.731537,00010000,73.1538,X]
[16,F,0.733491,00100000,73.3491,X]
[42,F,0.738158,00000010,73.8158,X]
[43,F,0.760619,00000010,76.0619,X]
[44,F,0.770384,00000010,77.0384,X]
[45,F,0.775267,00000001,77.5267,X]
[31,F,0.783005,00000100,78.3005,X]
[17,F,0.809662,00100000,80.9663,X]
[11,F,0.836625,01000000,83.6625,X]
[27,F,0.840622,00001000,84.0622,X]
[23,F,0.847748,00010000,84.7748,X]
[32,F,0.859177,00000100,85.9177,X]
[18,F,0.86142,00100000,86.142,X]
[12,F,0.869828,01000000,86.9828,X]
[33,F,0.894333,00000100,89.4333,X]
[13,F,0.902055,01000000,90.2055,X]
[14,F,0.918656,01000000,91.8656,X]
[34,F,0.934372,00000100,93.4372,X]
[28,F,0.941208,00001000,94.1208,X]
[19,F,0.952241,00100000,95.2241,X]
[20,F,0.959077,00100000,95.9077,X]
[21,F,0.966889,00100000,96.6889,X]
[46,F,0.974486,00000001,97.4486,X]
[10,F,0.979203,10000000,97.9203,X]
[47,F,0.979369,00000001,97.9369,X]
[29,F,0.999802,00001000,99.9802,X]
GUIDE_TREE_PARTITION1=(((t1:24.15,t2:24.15):14.19,(t3:29.19,t4:29.19):9.15):61.66,((t5:39.18,t6:39.18):22.01,(t7:37.61,t8:37.61):23.58):38.81);
