Taxa bit representation:
t1 10000000
t2 01000000
t3 00100000
t4 00010000
t5 00001000
t6 00000100
t7 00000010
t8 00000001
Clade List (<taxon members> = <clade name>): 

>Dataset_0
[0,F,0.0849609,11111110,8.49609,X]
[1,F,0.15918,11111110,15.918,X]
[31,F,0.219727,00000001,21.9727,X]
[19,F,0.374062,00000100,37.4062,X]
[2,F,0.379922,11111000,37.9922,X]
[3,F,0.389687,11111000,38.9688,X]
[20,F,0.396523,00000100,39.6523,X]
[21,F,0.410195,00000100,41.0195,X]
[23,F,0.423589,00000010,42.3589,X]
[22,F,0.467812,00000100,46.7812,X]
[4,F,0.51027,11110000,51.027,X]
[24,F,0.526128,00000010,52.6128,X]
[25,F,0.546636,00000010,54.6636,X]
[26,F,0.564214,00000010,56.4214,X]
[15,F,0.57863,00001000,57.863,X]
[16,F,0.584489,00001000,58.4489,X]
[13,F,0.647673,00010000,64.7673,X]
[17,F,0.655778,00001000,65.5778,X]
[27,F,0.669683,00000010,66.9683,X]
[11,F,0.696717,00100000,69.6717,X]
[12,F,0.716248,00100000,71.6248,X]
[14,F,0.718962,00010000,71.8962,X]
[8,F,0.73855,01000000,73.855,X]
[28,F,0.748784,00000010,74.8784,X]
[5,F,0.758081,10000000,75.8081,X]
[6,F,0.761011,10000000,76.1011,X]
[9,F,0.844019,01000000,84.4019,X]
[18,F,0.896989,00001000,89.6989,X]
[10,F,0.89773,01000000,89.773,X]
[29,F,0.931402,00000010,93.1402,X]
[30,F,0.955816,00000010,95.5816,X]
[32,F,0.974609,00000001,97.4609,X]
[7,F,0.980738,10000000,98.0738,X]
GUIDE_TREE_PARTITION1=(((((((t1:35.52,t2:35.52):0.57,t3:36.09):8.42,t4:44.51):10.42,t5:54.93):17.82,t6:72.75):4.52,t7:77.27):22.73,t8:100);
