Taxa bit representation:
t1 10000000
t2 01000000
t3 00100000
t4 00010000
t5 00001000
t6 00000100
t7 00000010
t8 00000001
Clade List (<taxon members> = <clade name>): 

>Dataset_0
[8,F,0.0869141,00001111,8.69141,X]
[9,F,0.296875,00001111,29.6875,X]
[0,F,0.317383,11110000,31.7383,X]
[1,F,0.320312,11110000,32.0312,X]
[10,F,0.361388,00001100,36.1388,X]
[2,F,0.481445,11110000,48.1445,X]
[15,F,0.527403,00000011,52.7403,X]
[16,F,0.52838,00000011,52.838,X]
[11,F,0.539772,00001000,53.9772,X]
[3,F,0.642184,11000000,64.2184,X]
[17,F,0.71295,00000011,71.295,X]
[12,F,0.727272,00001000,72.7272,X]
[18,F,0.729552,00000011,72.9552,X]
[13,F,0.738014,00000100,73.8014,X]
[19,F,0.785216,00000011,78.5216,X]
[4,F,0.787438,01000000,78.7438,X]
[5,F,0.796227,01000000,79.6227,X]
[6,F,0.800133,01000000,80.0133,X]
[20,F,0.80963,00000011,80.963,X]
[14,F,0.864967,00000100,86.4967,X]
[7,F,0.92025,01000000,92.025,X]
[21,F,0.983056,00000001,98.3056,X]
GUIDE_TREE_PARTITION1=(((t1:29.85,t2:29.85):20.58,(t3:17.22,t4:17.22):33.21):49.57,((t5:53.64,t6:53.64):15.69,(t7:17.71,t8:17.71):51.62):30.67);
