Taxa bit representation:
t1 10000000
t2 01000000
t3 00100000
t4 00010000
t5 00001000
t6 00000100
t7 00000010
t8 00000001
Clade List (<taxon members> = <clade name>): 

>Dataset_0
[0,F,0.00976562,11111110,0.976562,X]
[9,F,0.222958,00000010,22.2958,X]
[1,F,0.351864,11111100,35.1864,X]
[2,F,0.390927,11111100,39.0927,X]
[3,F,0.494442,11111100,49.4442,X]
[10,F,0.524414,00000001,52.4414,X]
[7,F,0.535795,00000100,53.5795,X]
[4,F,0.845927,10000000,84.5927,X]
[6,F,0.848391,00001000,84.8391,X]
[8,F,0.943998,00000100,94.3998,X]
[5,F,0.966003,00100000,96.6003,X]
GUIDE_TREE_PARTITION1=(((((((t1:18.63,t2:18.63):0.59,t3:19.22):12.98,t4:32.2):10.5,t5:42.7):4.99,t6:47.69):41.44,t7:89.13):10.87,t8:100);
