Taxa bit representation:
t1 10000000
t2 01000000
t3 00100000
t4 00010000
t5 00001000
t6 00000100
t7 00000010
t8 00000001
Clade List (<taxon members> = <clade name>): 

>Dataset_0
[0,F,0.0390625,11111100,3.90625,X]
[1,F,0.142578,11111100,14.2578,X]
[32,F,0.15625,00000011,15.625,X]
[2,F,0.167969,11111100,16.7969,X]
[33,F,0.27832,00000011,27.832,X]
[3,F,0.362531,11110000,36.2531,X]
[16,F,0.363508,00001100,36.3508,X]
[34,F,0.366211,00000011,36.6211,X]
[35,F,0.410156,00000011,41.0156,X]
[36,F,0.435547,00000011,43.5547,X]
[17,F,0.459211,00001100,45.9211,X]
[4,F,0.459211,11110000,45.9211,X]
[5,F,0.487531,11110000,48.7531,X]
[18,F,0.493391,00001100,49.3391,X]
[6,F,0.514875,11110000,51.4875,X]
[37,F,0.530273,00000011,53.0273,X]
[38,F,0.555664,00000011,55.5664,X]
[19,F,0.556867,00001100,55.6867,X]
[39,F,0.56543,00000011,56.543,X]
[20,F,0.575422,00001100,57.5422,X]
[21,F,0.596906,00001100,59.6906,X]
[13,F,0.611683,00010000,61.1683,X]
[22,F,0.614484,00001100,61.4484,X]
[7,F,0.628284,11100000,62.8284,X]
[23,F,0.635969,00001100,63.5969,X]
[8,F,0.643909,11100000,64.3909,X]
[24,F,0.676984,00001100,67.6984,X]
[14,F,0.689808,00010000,68.9808,X]
[40,F,0.705078,00000011,70.5078,X]
[9,F,0.730823,11100000,73.0823,X]
[15,F,0.759144,00010000,75.9144,X]
[41,F,0.799805,00000011,79.9805,X]
[25,F,0.810127,00001000,81.0127,X]
[28,F,0.81208,00000100,81.208,X]
[42,F,0.834961,00000011,83.4961,X]
[43,F,0.865383,00000001,86.5383,X]
[44,F,0.874172,00000001,87.4172,X]
[26,F,0.884345,00001000,88.4345,X]
[45,F,0.884914,00000001,88.4914,X]
[12,F,0.891141,00100000,89.1141,X]
[29,F,0.897041,00000100,89.7041,X]
[10,F,0.897977,11000000,89.7977,X]
[30,F,0.900947,00000100,90.0947,X]
[31,F,0.921455,00000100,92.1455,X]
[46,F,0.960109,00000001,96.0109,X]
[11,F,0.98845,01000000,98.845,X]
[27,F,0.998603,00001000,99.8603,X]
GUIDE_TREE_PARTITION1=(((((t1:4.28,t2:4.28):12.27,t3:16.55):22.77,t4:39.32):26.38,(t5:28.46,t6:28.46):37.24):34.3,(t7:13.95,t8:13.95):86.05);
