Taxa bit representation:
t1 10000000
t2 01000000
t3 00100000
t4 00010000
t5 00001000
t6 00000100
t7 00000010
t8 00000001
Clade List (<taxon members> = <clade name>): 

>Dataset_0
[0,F,0.0429688,11110000,4.29688,X]
[19,F,0.0654297,00001111,6.54297,X]
[1,F,0.0722656,11110000,7.22656,X]
[20,F,0.09375,00001111,9.375,X]
[21,F,0.15332,00001111,15.332,X]
[22,F,0.294922,00001111,29.4922,X]
[33,F,0.384377,00000011,38.4377,X]
[23,F,0.432228,00001100,43.2228,X]
[24,F,0.451759,00001100,45.1759,X]
[2,F,0.459208,11000000,45.9208,X]
[34,F,0.466248,00000010,46.6248,X]
[3,F,0.492411,11000000,49.2411,X]
[35,F,0.492616,00000010,49.2616,X]
[27,F,0.495527,00000100,49.5527,X]
[25,F,0.506269,00001000,50.6269,X]
[26,F,0.515058,00001000,51.5058,X]
[38,F,0.518983,00000001,51.8983,X]
[11,F,0.523661,00110000,52.3661,X]
[12,F,0.525614,00110000,52.5614,X]
[4,F,0.538309,11000000,53.8309,X]
[28,F,0.546308,00000100,54.6308,X]
[13,F,0.559794,00110000,55.9794,X]
[14,F,0.577372,00110000,57.7372,X]
[29,F,0.593183,00000100,59.3183,X]
[36,F,0.669373,00000010,66.9373,X]
[15,F,0.676981,00110000,67.6981,X]
[5,F,0.710184,11000000,71.0184,X]
[39,F,0.718202,00000001,71.8202,X]
[37,F,0.727967,00000010,72.7967,X]
[6,F,0.755106,11000000,75.5106,X]
[7,F,0.771708,11000000,77.1708,X]
[8,F,0.775614,11000000,77.5614,X]
[16,F,0.805887,00110000,80.5888,X]
[9,F,0.812723,11000000,81.2723,X]
[30,F,0.814863,00000100,81.4862,X]
[17,F,0.832255,00110000,83.2255,X]
[40,F,0.861756,00000001,86.1756,X]
[31,F,0.936933,00000100,93.6933,X]
[32,F,0.958417,00000100,95.8417,X]
[10,F,0.960645,01000000,96.0645,X]
[18,F,0.967527,00010000,96.7527,X]
GUIDE_TREE_PARTITION1=(((t1:14.58,t2:14.58):41.55,(t3:6.47,t4:6.47):49.66):43.87,((t5:53.67,t6:53.67):14.24,(t7:54.84,t8:54.84):13.07):32.09);
