Taxa bit representation:
t1 10000000
t2 01000000
t3 00100000
t4 00010000
t5 00001000
t6 00000100
t7 00000010
t8 00000001
Clade List (<taxon members> = <clade name>): 

>Dataset_0
[0,F,0.360583,11110000,36.0583,X]
[10,F,0.383941,00000010,38.3941,X]
[14,F,0.436675,00000001,43.6675,X]
[15,F,0.507964,00000001,50.7964,X]
[1,F,0.519763,11110000,51.9763,X]
[2,F,0.527575,11110000,52.7575,X]
[11,F,0.607573,00000010,60.7573,X]
[3,F,0.610583,11110000,61.0583,X]
[8,F,0.662467,00000100,66.2467,X]
[12,F,0.683745,00000010,68.3745,X]
[9,F,0.699577,00000100,69.9577,X]
[5,F,0.812417,00010000,81.2417,X]
[13,F,0.837066,00000010,83.7066,X]
[16,F,0.897612,00000001,89.7612,X]
[7,F,0.911491,00001000,91.1491,X]
[6,F,0.956948,00010000,95.6948,X]
[4,F,0.974208,00100000,97.4208,X]
GUIDE_TREE_PARTITION1=(((((t1:5.31,t2:5.31):5.57,t3:10.88):26.14,t4:37.02):33.66,(t5:36.39,t6:36.39):34.29):29.32,(t7:67.27,t8:67.27):32.73);
