Taxa bit representation:
t1 10000000
t2 01000000
t3 00100000
t4 00010000
t5 00001000
t6 00000100
t7 00000010
t8 00000001
Clade List (<taxon members> = <clade name>): 

>Dataset_0
[0,F,0.294922,11110000,29.4922,X]
[9,F,0.362305,00001111,36.2305,X]
[1,F,0.430664,11110000,43.0664,X]
[10,F,0.63575,00001100,63.575,X]
[13,F,0.715166,00000001,71.5166,X]
[14,F,0.743486,00000001,74.3486,X]
[15,F,0.758134,00000001,75.8134,X]
[2,F,0.795898,11110000,79.5898,X]
[6,F,0.861591,00010000,86.1591,X]
[7,F,0.890888,00010000,89.0888,X]
[3,F,0.920842,10000000,92.0842,X]
[4,F,0.922795,10000000,92.2795,X]
[8,F,0.954364,00010000,95.4364,X]
[11,F,0.9554,00000010,95.54,X]
[12,F,0.982744,00000010,98.2744,X]
[5,F,0.985614,00100000,98.5614,X]
GUIDE_TREE_PARTITION1=(((t1:8.99,t2:8.99):9.33,(t3:16.38,t4:16.38):1.94):81.68,((t5:0.27,t6:0.27):51.78,(t7:48.21,t8:48.21):3.84):47.95);
