Taxa bit representation:
t1 10000000
t2 01000000
t3 00100000
t4 00010000
t5 00001000
t6 00000100
t7 00000010
t8 00000001
Clade List (<taxon members> = <clade name>): 

>Dataset_0
[89,F,0.00195312,00000001,0.195312,X]
[90,F,0.00585938,00000001,0.585938,X]
[91,F,0.0107422,00000001,1.07422,X]
[92,F,0.0351562,00000001,3.51562,X]
[0,F,0.0566406,11111110,5.66406,X]
[93,F,0.0664062,00000001,6.64062,X]
[1,F,0.0673828,11111110,6.73828,X]
[2,F,0.0742188,11111110,7.42188,X]
[94,F,0.0849609,00000001,8.49609,X]
[3,F,0.116211,11111110,11.6211,X]
[95,F,0.178711,00000001,17.8711,X]
[96,F,0.189453,00000001,18.9453,X]
[97,F,0.205078,00000001,20.5078,X]
[4,F,0.210938,11111110,21.0938,X]
[98,F,0.235352,00000001,23.5352,X]
[50,F,0.237577,00000100,23.7577,X]
[71,F,0.24012,00000010,24.012,X]
[5,F,0.265897,11111000,26.5897,X]
[72,F,0.272347,00000010,27.2347,X]
[73,F,0.290902,00000010,29.0902,X]
[51,F,0.295194,00000100,29.5194,X]
[99,F,0.316406,00000001,31.6406,X]
[52,F,0.316678,00000100,31.6678,X]
[6,F,0.335233,11111000,33.5233,X]
[100,F,0.344727,00000001,34.4727,X]
[7,F,0.350858,11111000,35.0858,X]
[8,F,0.359647,11111000,35.9647,X]
[53,F,0.368436,00000100,36.8436,X]
[9,F,0.370389,11111000,37.0389,X]
[101,F,0.373047,00000001,37.3047,X]
[74,F,0.380745,00000010,38.0745,X]
[102,F,0.392578,00000001,39.2578,X]
[54,F,0.416287,00000100,41.6287,X]
[10,F,0.420194,11111000,42.0194,X]
[11,F,0.426053,11111000,42.6053,X]
[75,F,0.426644,00000010,42.6644,X]
[12,F,0.42703,11111000,42.703,X]
[103,F,0.436523,00000001,43.6523,X]
[104,F,0.443359,00000001,44.3359,X]
[55,F,0.450467,00000100,45.0467,X]
[105,F,0.466797,00000001,46.6797,X]
[13,F,0.472928,11111000,47.2928,X]
[76,F,0.487191,00000010,48.7191,X]
[56,F,0.506131,00000100,50.6131,X]
[57,F,0.515897,00000100,51.5897,X]
[77,F,0.516487,00000010,51.6487,X]
[14,F,0.531522,11111000,53.1522,X]
[15,F,0.539412,11110000,53.9412,X]
[58,F,0.540311,00000100,54.0311,X]
[42,F,0.540389,00001000,54.0389,X]
[106,F,0.543945,00000001,54.3945,X]
[43,F,0.555037,00001000,55.5037,X]
[16,F,0.560919,11100000,56.0919,X]
[44,F,0.563827,00001000,56.3827,X]
[107,F,0.580078,00000001,58.0078,X]
[45,F,0.586287,00001000,58.6287,X]
[46,F,0.598983,00001000,59.8983,X]
[36,F,0.601934,00010000,60.1934,X]
[78,F,0.619027,00000010,61.9027,X]
[59,F,0.626248,00000100,62.6248,X]
[108,F,0.630859,00000001,63.0859,X]
[17,F,0.635137,11100000,63.5137,X]
[109,F,0.638672,00000001,63.8672,X]
[60,F,0.640897,00000100,64.0897,X]
[110,F,0.657227,00000001,65.7227,X]
[79,F,0.661019,00000010,66.1019,X]
[37,F,0.667364,00010000,66.7364,X]
[31,F,0.670027,00100000,67.0027,X]
[25,F,0.670178,01000000,67.0178,X]
[111,F,0.6875,00000001,68.75,X]
[112,F,0.689453,00000001,68.9453,X]
[80,F,0.690316,00000010,69.0316,X]
[18,F,0.691662,10000000,69.1662,X]
[38,F,0.693731,00010000,69.3731,X]
[19,F,0.696545,10000000,69.6545,X]
[32,F,0.7003,00100000,70.03,X]
[20,F,0.708264,10000000,70.8264,X]
[61,F,0.709256,00000100,70.9256,X]
[113,F,0.716797,00000001,71.6797,X]
[114,F,0.720703,00000001,72.0703,X]
[115,F,0.728516,00000001,72.8516,X]
[116,F,0.732422,00000001,73.2422,X]
[117,F,0.738281,00000001,73.8281,X]
[21,F,0.739514,10000000,73.9514,X]
[62,F,0.742459,00000100,74.2459,X]
[26,F,0.756116,01000000,75.6116,X]
[63,F,0.758084,00000100,75.8084,X]
[64,F,0.769803,00000100,76.9803,X]
[81,F,0.77137,00000010,77.137,X]
[27,F,0.776623,01000000,77.6623,X]
[65,F,0.776639,00000100,77.6639,X]
[66,F,0.778592,00000100,77.8592,X]
[47,F,0.789412,00001000,78.9412,X]
[33,F,0.79112,00100000,79.112,X]
[28,F,0.795178,01000000,79.5178,X]
[29,F,0.815686,01000000,81.5686,X]
[22,F,0.828381,10000000,82.8381,X]
[67,F,0.83035,00000100,83.035,X]
[82,F,0.830941,00000010,83.0941,X]
[83,F,0.840706,00000010,84.0706,X]
[84,F,0.854378,00000010,85.4378,X]
[85,F,0.855355,00000010,85.5355,X]
[86,F,0.862191,00000010,86.2191,X]
[30,F,0.869397,01000000,86.9397,X]
[118,F,0.885742,00000001,88.5742,X]
[87,F,0.910042,00000010,91.0042,X]
[34,F,0.91612,00100000,91.612,X]
[88,F,0.921761,00000010,92.1761,X]
[48,F,0.926131,00001000,92.6131,X]
[23,F,0.93385,10000000,93.385,X]
[39,F,0.934942,00010000,93.4942,X]
[68,F,0.943631,00000100,94.3631,X]
[69,F,0.945584,00000100,94.5584,X]
[40,F,0.949591,00010000,94.9591,X]
[24,F,0.960217,10000000,96.0217,X]
[49,F,0.965194,00001000,96.5194,X]
[35,F,0.968855,00100000,96.8855,X]
[41,F,0.974005,00010000,97.4005,X]
[70,F,0.997342,00000100,99.7342,X]
[119,F,0.998047,00000001,99.8047,X]
GUIDE_TREE_PARTITION1=(((((((t1:34.74,t2:34.74):1.48,t3:36.22):8.86,t4:45.08):1.76,t5:46.84):29.5,t6:76.34):2.48,t7:78.82):21.18,t8:100);
