Taxa bit representation:
t1 10000000
t2 01000000
t3 00100000
t4 00010000
t5 00001000
t6 00000100
t7 00000010
t8 00000001
Clade List (<taxon members> = <clade name>): 

>Dataset_0
[0,F,0.0185547,11111100,1.85547,X]
[82,F,0.0273437,00000011,2.73437,X]
[83,F,0.0351562,00000011,3.51562,X]
[1,F,0.0605469,11111100,6.05469,X]
[2,F,0.0966797,11111100,9.66797,X]
[84,F,0.140625,00000011,14.0625,X]
[107,F,0.216442,00000001,21.6442,X]
[108,F,0.217419,00000001,21.7419,X]
[40,F,0.229666,00010000,22.9666,X]
[3,F,0.243337,11100000,24.3337,X]
[85,F,0.254528,00000010,25.4528,X]
[4,F,0.257009,11100000,25.7009,X]
[109,F,0.269177,00000001,26.9177,X]
[5,F,0.270077,11000000,27.0077,X]
[41,F,0.284353,00010000,28.4353,X]
[6,F,0.289608,11000000,28.9608,X]
[42,F,0.291189,00010000,29.1189,X]
[43,F,0.294119,00010000,29.4119,X]
[44,F,0.296072,00010000,29.6072,X]
[110,F,0.29652,00000001,29.652,X]
[86,F,0.318981,00000010,31.8981,X]
[45,F,0.328298,00010000,32.8298,X]
[63,F,0.344059,00001100,34.4059,X]
[46,F,0.348806,00010000,34.8806,X]
[7,F,0.358944,11000000,35.8944,X]
[111,F,0.398083,00000001,39.8083,X]
[87,F,0.410778,00000010,41.0778,X]
[64,F,0.419255,00001100,41.9255,X]
[65,F,0.433903,00001100,43.3903,X]
[88,F,0.436169,00000010,43.6169,X]
[26,F,0.444881,00100000,44.4881,X]
[8,F,0.445858,11000000,44.5858,X]
[89,F,0.447887,00000010,44.7887,X]
[27,F,0.448787,00100000,44.8787,X]
[28,F,0.451717,00100000,45.1717,X]
[112,F,0.45277,00000001,45.277,X]
[90,F,0.463512,00000010,46.3512,X]
[47,F,0.468923,00010000,46.8923,X]
[66,F,0.477848,00001100,47.7848,X]
[29,F,0.492733,00100000,49.2733,X]
[91,F,0.502575,00000010,50.2575,X]
[113,F,0.502575,00000001,50.2575,X]
[114,F,0.508434,00000001,50.8434,X]
[92,F,0.509411,00000010,50.9411,X]
[30,F,0.524959,00100000,52.4959,X]
[115,F,0.529919,00000001,52.9919,X]
[9,F,0.536678,11000000,53.6678,X]
[116,F,0.555309,00000001,55.5309,X]
[67,F,0.555973,00001100,55.5973,X]
[117,F,0.559216,00000001,55.9216,X]
[48,F,0.565603,00010000,56.5603,X]
[49,F,0.56658,00010000,56.658,X]
[50,F,0.567556,00010000,56.7556,X]
[31,F,0.582577,00100000,58.2577,X]
[51,F,0.583181,00010000,58.3181,X]
[52,F,0.59783,00010000,59.783,X]
[68,F,0.597966,00001100,59.7966,X]
[10,F,0.599178,11000000,59.9178,X]
[93,F,0.600231,00000010,60.0231,X]
[69,F,0.610661,00001100,61.0661,X]
[32,F,0.629452,00100000,62.9452,X]
[118,F,0.631481,00000001,63.1481,X]
[11,F,0.636288,11000000,63.6288,X]
[12,F,0.64117,11000000,64.117,X]
[94,F,0.645153,00000010,64.5153,X]
[119,F,0.653942,00000001,65.3942,X]
[70,F,0.658512,00001100,65.8512,X]
[120,F,0.669567,00000001,66.9567,X]
[33,F,0.67535,00100000,67.535,X]
[95,F,0.690075,00000010,69.0075,X]
[53,F,0.690603,00010000,69.0603,X]
[13,F,0.702694,11000000,70.2694,X]
[121,F,0.706677,00000001,70.6677,X]
[34,F,0.716366,00100000,71.6366,X]
[96,F,0.716442,00000010,71.6442,X]
[71,F,0.734684,00001100,73.4684,X]
[35,F,0.73492,00100000,73.492,X]
[122,F,0.735973,00000001,73.5973,X]
[123,F,0.753552,00000001,75.3552,X]
[36,F,0.758358,00100000,75.8358,X]
[37,F,0.761287,00100000,76.1287,X]
[97,F,0.773083,00000010,77.3083,X]
[124,F,0.774059,00000001,77.4059,X]
[54,F,0.775564,00010000,77.5564,X]
[125,F,0.777966,00000001,77.7966,X]
[98,F,0.782848,00000010,78.2848,X]
[126,F,0.783825,00000001,78.3825,X]
[55,F,0.784353,00010000,78.4353,X]
[14,F,0.788631,11000000,78.8631,X]
[56,F,0.789236,00010000,78.9236,X]
[99,F,0.79652,00000010,79.652,X]
[38,F,0.812069,00100000,81.2069,X]
[127,F,0.815075,00000001,81.5075,X]
[57,F,0.81658,00010000,81.658,X]
[72,F,0.824528,00001100,82.4528,X]
[73,F,0.83527,00001100,83.527,X]
[128,F,0.835583,00000001,83.5583,X]
[15,F,0.850155,11000000,85.0155,X]
[129,F,0.857067,00000001,85.7067,X]
[16,F,0.858944,11000000,85.8944,X]
[100,F,0.868786,00000010,86.8786,X]
[23,F,0.869059,01000000,86.9059,X]
[74,F,0.86945,00001100,86.945,X]
[17,F,0.872966,10000000,87.2966,X]
[58,F,0.877127,00010000,87.7127,X]
[75,F,0.883122,00001100,88.3122,X]
[18,F,0.887614,10000000,88.7614,X]
[24,F,0.900309,01000000,90.0309,X]
[101,F,0.904919,00000010,90.4919,X]
[19,F,0.906169,10000000,90.6169,X]
[59,F,0.906423,00010000,90.6423,X]
[25,F,0.913005,01000000,91.3005,X]
[20,F,0.913005,10000000,91.3005,X]
[39,F,0.916561,00100000,91.6561,X]
[130,F,0.916637,00000001,91.6637,X]
[76,F,0.923008,00001000,92.3008,X]
[79,F,0.923008,00000100,92.3008,X]
[60,F,0.931814,00010000,93.1814,X]
[102,F,0.936169,00000010,93.6169,X]
[80,F,0.939609,00000100,93.9609,X]
[81,F,0.943516,00000100,94.3516,X]
[61,F,0.943533,00010000,94.3533,X]
[103,F,0.953747,00000010,95.3747,X]
[21,F,0.968669,10000000,96.8669,X]
[104,F,0.969372,00000010,96.9372,X]
[77,F,0.969883,00001000,96.9883,X]
[22,F,0.981364,10000000,98.1364,X]
[78,F,0.982578,00001000,98.2578,X]
[62,F,0.985525,00010000,98.5525,X]
[105,F,0.990856,00000010,99.0856,X]
[106,F,0.991833,00000010,99.1833,X]
[131,F,0.995739,00000001,99.5739,X]
GUIDE_TREE_PARTITION1=(((((t1:13.68,t2:13.68):59.41,t3:73.09):4.92,t4:78.01):0.67,(t5:9.75,t6:9.75):68.93):21.32,(t7:79.43,t8:79.43):20.57);
