Taxa bit representation:
t1 10000000
t2 01000000
t3 00100000
t4 00010000
t5 00001000
t6 00000100
t7 00000010
t8 00000001
Clade List (<taxon members> = <clade name>): 

>Dataset_0
[0,F,0.0205078,11110000,2.05078,X]
[68,F,0.0743609,00001100,7.43609,X]
[1,F,0.0751953,11110000,7.51953,X]
[2,F,0.078125,11110000,7.8125,X]
[3,F,0.0830078,11110000,8.30078,X]
[100,F,0.105611,00000011,10.5611,X]
[69,F,0.120259,00001100,12.0259,X]
[101,F,0.124955,00000010,12.4955,X]
[4,F,0.125,11110000,12.5,X]
[5,F,0.138672,11110000,13.8672,X]
[6,F,0.166159,11000000,16.6159,X]
[102,F,0.178666,00000010,17.8666,X]
[70,F,0.180806,00001100,18.0806,X]
[38,F,0.192527,00110000,19.2527,X]
[7,F,0.204245,11000000,20.4245,X]
[103,F,0.214798,00000010,21.4798,X]
[71,F,0.237447,00001100,23.7447,X]
[72,F,0.255025,00001100,25.5025,X]
[104,F,0.267533,00000010,26.7533,X]
[105,F,0.272416,00000010,27.2416,X]
[124,F,0.302689,00000001,30.2689,X]
[106,F,0.312455,00000010,31.2455,X]
[39,F,0.317697,00100000,31.7697,X]
[73,F,0.318502,00001100,31.8502,X]
[125,F,0.319291,00000001,31.9291,X]
[107,F,0.323197,00000010,32.3197,X]
[8,F,0.336081,11000000,33.6081,X]
[108,F,0.337845,00000010,33.7845,X]
[126,F,0.337845,00000001,33.7845,X]
[109,F,0.344681,00000010,34.4681,X]
[127,F,0.344681,00000001,34.4681,X]
[9,F,0.3478,11000000,34.78,X]
[40,F,0.352853,00100000,35.2853,X]
[110,F,0.357377,00000010,35.7377,X]
[41,F,0.363595,00100000,36.3595,X]
[128,F,0.373002,00000001,37.3002,X]
[10,F,0.377097,11000000,37.7097,X]
[129,F,0.379837,00000001,37.9838,X]
[74,F,0.393697,00001100,39.3697,X]
[75,F,0.394673,00001100,39.4673,X]
[111,F,0.395462,00000010,39.5463,X]
[54,F,0.396798,00010000,39.6798,X]
[42,F,0.402658,00100000,40.2658,X]
[11,F,0.404441,11000000,40.4441,X]
[112,F,0.414994,00000010,41.4994,X]
[76,F,0.415181,00001100,41.5181,X]
[43,F,0.415353,00100000,41.5353,X]
[77,F,0.436666,00001100,43.6666,X]
[12,F,0.464011,11000000,46.4011,X]
[113,F,0.466752,00000010,46.6752,X]
[55,F,0.467111,00010000,46.7111,X]
[114,F,0.469681,00000010,46.9681,X]
[44,F,0.481759,00100000,48.1759,X]
[130,F,0.489212,00000001,48.9213,X]
[131,F,0.493119,00000001,49.3119,X]
[13,F,0.496237,11000000,49.6238,X]
[14,F,0.515769,11000000,51.5769,X]
[45,F,0.518869,00100000,51.8869,X]
[115,F,0.526322,00000010,52.6322,X]
[15,F,0.527487,11000000,52.7488,X]
[16,F,0.53237,11000000,53.237,X]
[78,F,0.536286,00001000,53.6286,X]
[46,F,0.582345,00100000,58.2345,X]
[17,F,0.583736,10000000,58.3736,X]
[116,F,0.585892,00000010,58.5892,X]
[86,F,0.58902,00000100,58.902,X]
[79,F,0.589997,00001000,58.9997,X]
[117,F,0.595658,00000010,59.5658,X]
[56,F,0.617502,00010000,61.7502,X]
[23,F,0.620845,01000000,62.0845,X]
[87,F,0.622223,00000100,62.2223,X]
[132,F,0.629838,00000001,62.9838,X]
[57,F,0.641916,00010000,64.1916,X]
[88,F,0.646637,00000100,64.6637,X]
[47,F,0.651681,00100000,65.1681,X]
[58,F,0.651681,00010000,65.1681,X]
[89,F,0.652497,00000100,65.2497,X]
[80,F,0.660309,00001000,66.0309,X]
[59,F,0.664377,00010000,66.4377,X]
[90,F,0.673981,00000100,67.3981,X]
[18,F,0.675533,10000000,67.5533,X]
[133,F,0.677689,00000001,67.7689,X]
[24,F,0.679439,01000000,67.9439,X]
[91,F,0.684723,00000100,68.4723,X]
[25,F,0.695064,01000000,69.5064,X]
[48,F,0.695627,00100000,69.5627,X]
[134,F,0.699173,00000001,69.9173,X]
[81,F,0.703278,00001000,70.3278,X]
[92,F,0.707184,00000100,70.7184,X]
[135,F,0.710892,00000001,71.0892,X]
[93,F,0.711091,00000100,71.1091,X]
[60,F,0.711252,00010000,71.1252,X]
[61,F,0.713205,00010000,71.3205,X]
[26,F,0.732173,01000000,73.2173,X]
[82,F,0.736481,00001000,73.6481,X]
[136,F,0.738236,00000001,73.8236,X]
[49,F,0.778634,00100000,77.8634,X]
[62,F,0.784494,00010000,78.4494,X]
[137,F,0.785111,00000001,78.5111,X]
[118,F,0.786088,00000010,78.6088,X]
[27,F,0.788814,01000000,78.8814,X]
[63,F,0.795236,00010000,79.5236,X]
[28,F,0.796627,01000000,79.6627,X]
[29,F,0.797603,01000000,79.7603,X]
[19,F,0.800533,10000000,80.0533,X]
[30,F,0.800533,01000000,80.0533,X]
[119,F,0.802689,00000010,80.2689,X]
[64,F,0.809884,00010000,80.9884,X]
[94,F,0.825348,00000100,82.5348,X]
[138,F,0.830033,00000001,83.0033,X]
[120,F,0.831986,00000010,83.1986,X]
[50,F,0.838205,00100000,83.8205,X]
[95,F,0.839997,00000100,83.9997,X]
[121,F,0.841752,00000010,84.1752,X]
[31,F,0.845455,01000000,84.5455,X]
[32,F,0.846431,01000000,84.6431,X]
[96,F,0.851716,00000100,85.1716,X]
[139,F,0.860306,00000001,86.0306,X]
[97,F,0.861481,00000100,86.1481,X]
[65,F,0.861642,00010000,86.1642,X]
[66,F,0.867502,00010000,86.7502,X]
[51,F,0.868478,00100000,86.8478,X]
[20,F,0.869869,10000000,86.9869,X]
[67,F,0.909494,00010000,90.9494,X]
[33,F,0.910884,01000000,91.0884,X]
[21,F,0.91772,10000000,91.772,X]
[140,F,0.938431,00000001,93.8431,X]
[52,F,0.94172,00100000,94.172,X]
[98,F,0.942536,00000100,94.2536,X]
[83,F,0.944489,00001000,94.4489,X]
[34,F,0.950923,01000000,95.0923,X]
[122,F,0.951127,00000010,95.1127,X]
[141,F,0.954056,00000001,95.4056,X]
[123,F,0.955033,00000010,95.5033,X]
[142,F,0.960892,00000001,96.0892,X]
[35,F,0.961666,01000000,96.1666,X]
[99,F,0.971833,00000100,97.1833,X]
[36,F,0.976314,01000000,97.6314,X]
[84,F,0.979645,00001000,97.9645,X]
[143,F,0.9814,00000001,98.14,X]
[37,F,0.982173,01000000,98.2173,X]
[53,F,0.984689,00100000,98.4689,X]
[85,F,0.99527,00001000,99.527,X]
[22,F,0.997798,10000000,99.7798,X]
GUIDE_TREE_PARTITION1=(((t1:42.31,t2:42.31):41.66,(t3:71.16,t4:71.16):12.81):16.03,((t5:50.18,t6:50.18):44.63,(t7:89.36,t8:89.36):5.45):5.19);
