Taxa bit representation:
t1 10000000
t2 01000000
t3 00100000
t4 00010000
t5 00001000
t6 00000100
t7 00000010
t8 00000001
Clade List (<taxon members> = <clade name>): 

>Dataset_0
[0,F,0.0136719,11111100,1.36719,X]
[1,F,0.0166016,11111100,1.66016,X]
[67,F,0.0283203,00000011,2.83203,X]
[68,F,0.0341797,00000011,3.41797,X]
[69,F,0.0458984,00000011,4.58984,X]
[2,F,0.0839844,11111100,8.39844,X]
[70,F,0.118164,00000011,11.8164,X]
[3,F,0.138672,11111100,13.8672,X]
[4,F,0.164062,11111100,16.4062,X]
[71,F,0.179688,00000011,17.9688,X]
[5,F,0.224609,11111100,22.4609,X]
[6,F,0.243164,11111100,24.3164,X]
[72,F,0.25293,00000011,25.293,X]
[7,F,0.272461,11111100,27.2461,X]
[73,F,0.273438,00000011,27.3438,X]
[8,F,0.279297,11111100,27.9297,X]
[9,F,0.280273,11111100,28.0273,X]
[10,F,0.299805,11111100,29.9805,X]
[11,F,0.31543,11111100,31.543,X]
[12,F,0.331055,11111100,33.1055,X]
[74,F,0.357422,00000011,35.7422,X]
[75,F,0.373047,00000011,37.3047,X]
[13,F,0.399414,11111100,39.9414,X]
[76,F,0.40918,00000011,40.918,X]
[49,F,0.430112,00001100,43.0112,X]
[14,F,0.434019,11110000,43.4019,X]
[77,F,0.452148,00000011,45.2148,X]
[15,F,0.465269,11110000,46.5269,X]
[78,F,0.476562,00000011,47.6562,X]
[79,F,0.481445,00000011,48.1445,X]
[91,F,0.492753,00000001,49.2753,X]
[50,F,0.500425,00001100,50.0425,X]
[51,F,0.502378,00001100,50.2378,X]
[92,F,0.505448,00000001,50.5448,X]
[93,F,0.521073,00000001,52.1073,X]
[16,F,0.521909,11110000,52.1909,X]
[94,F,0.533769,00000001,53.3769,X]
[17,F,0.534605,11110000,53.4605,X]
[80,F,0.540605,00000010,54.0605,X]
[95,F,0.540605,00000001,54.0605,X]
[36,F,0.555642,00010000,55.5642,X]
[37,F,0.571267,00010000,57.1267,X]
[38,F,0.572244,00010000,57.2244,X]
[81,F,0.597245,00000010,59.7245,X]
[18,F,0.602517,11100000,60.2517,X]
[96,F,0.624589,00000001,62.4589,X]
[39,F,0.624978,00010000,62.4978,X]
[52,F,0.630308,00001100,63.0308,X]
[53,F,0.642027,00001100,64.2027,X]
[40,F,0.645486,00010000,64.5486,X]
[82,F,0.651933,00000010,65.1933,X]
[83,F,0.680253,00000010,68.0253,X]
[97,F,0.686113,00000001,68.6112,X]
[41,F,0.690408,00010000,69.0408,X]
[98,F,0.70662,00000001,70.662,X]
[99,F,0.707597,00000001,70.7597,X]
[42,F,0.711892,00010000,71.1892,X]
[84,F,0.713456,00000010,71.3456,X]
[85,F,0.721269,00000010,72.1269,X]
[54,F,0.723081,00001100,72.3081,X]
[100,F,0.726152,00000001,72.6152,X]
[101,F,0.733964,00000001,73.3964,X]
[55,F,0.740659,00001100,74.0659,X]
[56,F,0.751402,00001100,75.1402,X]
[43,F,0.761697,00010000,76.1697,X]
[19,F,0.76213,11000000,76.213,X]
[86,F,0.77205,00000010,77.205,X]
[20,F,0.785567,11000000,78.5567,X]
[102,F,0.811113,00000001,81.1112,X]
[103,F,0.814042,00000001,81.4042,X]
[21,F,0.854437,10000000,85.4437,X]
[57,F,0.865659,00001100,86.5659,X]
[104,F,0.867753,00000001,86.7753,X]
[27,F,0.872016,01000000,87.2016,X]
[33,F,0.88127,00100000,88.127,X]
[28,F,0.885687,01000000,88.5687,X]
[62,F,0.88663,00000100,88.663,X]
[29,F,0.888617,01000000,88.8617,X]
[58,F,0.896395,00001000,89.6395,X]
[105,F,0.902909,00000001,90.2909,X]
[63,F,0.903231,00000100,90.3231,X]
[87,F,0.905839,00000010,90.5839,X]
[30,F,0.906195,01000000,90.6195,X]
[59,F,0.91202,00001000,91.202,X]
[22,F,0.914984,10000000,91.4984,X]
[23,F,0.917914,10000000,91.7914,X]
[44,F,0.921853,00010000,92.1853,X]
[88,F,0.92537,00000010,92.537,X]
[64,F,0.925692,00000100,92.5692,X]
[31,F,0.935492,01000000,93.5492,X]
[24,F,0.940375,10000000,94.0375,X]
[45,F,0.941384,00010000,94.1384,X]
[106,F,0.947831,00000001,94.7831,X]
[46,F,0.956033,00010000,95.6033,X]
[47,F,0.959939,00010000,95.9939,X]
[60,F,0.960848,00001000,96.0848,X]
[65,F,0.961825,00000100,96.1825,X]
[25,F,0.961859,10000000,96.1859,X]
[66,F,0.962802,00000100,96.2802,X]
[32,F,0.962836,01000000,96.2836,X]
[89,F,0.963456,00000010,96.3456,X]
[26,F,0.973578,10000000,97.3578,X]
[61,F,0.983309,00001000,98.3309,X]
[48,F,0.984353,00010000,98.4353,X]
[34,F,0.986739,00100000,98.6739,X]
[35,F,0.990645,00100000,99.0645,X]
[90,F,0.997636,00000010,99.7636,X]
GUIDE_TREE_PARTITION1=(((((t1:16.9,t2:16.9):13.43,t3:30.33):15.18,t4:45.51):12.26,(t5:11.63,t6:11.63):46.14):42.23,(t7:50.92,t8:50.92):49.08);
