Taxa bit representation:
t1 10000000
t2 01000000
t3 00100000
t4 00010000
t5 00001000
t6 00000100
t7 00000010
t8 00000001
Clade List (<taxon members> = <clade name>): 

>Dataset_0
[0,F,0.078125,11111100,7.8125,X]
[1,F,0.0800781,11111100,8.00781,X]
[34,F,0.269822,00000001,26.9822,X]
[35,F,0.281541,00000001,28.1541,X]
[2,F,0.302734,11111100,30.2734,X]
[25,F,0.329392,00000010,32.9392,X]
[26,F,0.35283,00000010,35.283,X]
[27,F,0.374314,00000010,37.4314,X]
[28,F,0.392869,00000010,39.2869,X]
[29,F,0.413377,00000010,41.3377,X]
[3,F,0.416016,11111100,41.6016,X]
[4,F,0.420898,11111100,42.0898,X]
[5,F,0.423828,11111100,42.3828,X]
[36,F,0.447556,00000001,44.7556,X]
[6,F,0.466797,11111100,46.6797,X]
[30,F,0.490525,00000010,49.0525,X]
[37,F,0.516892,00000001,51.6892,X]
[38,F,0.518845,00000001,51.8845,X]
[31,F,0.525681,00000010,52.5681,X]
[14,F,0.559203,00001100,55.9203,X]
[32,F,0.577439,00000010,57.7439,X]
[33,F,0.648728,00000010,64.8728,X]
[19,F,0.67593,00000100,67.593,X]
[7,F,0.734008,11110000,73.4008,X]
[8,F,0.757445,11110000,75.7445,X]
[20,F,0.775539,00000100,77.5539,X]
[21,F,0.777492,00000100,77.7492,X]
[22,F,0.810695,00000100,81.0695,X]
[15,F,0.833156,00001000,83.3156,X]
[16,F,0.855617,00001000,85.5617,X]
[9,F,0.901,11110000,90.1,X]
[17,F,0.923977,00001000,92.3977,X]
[10,F,0.925553,00100000,92.5553,X]
[13,F,0.946767,00010000,94.6767,X]
[11,F,0.947037,00100000,94.7037,X]
[18,F,0.963039,00001000,96.3039,X]
[23,F,0.98843,00000100,98.843,X]
[24,F,0.991359,00000100,99.1359,X]
[12,F,0.992936,00100000,99.2936,X]
GUIDE_TREE_PARTITION1=(((((t1:5.17,t2:5.17):2.47,t3:7.64):0.32,t4:7.96):39.44,(t5:32.7,t6:32.7):14.7):52.6,(t7:83.76,t8:83.76):16.24);
