Taxa bit representation:
t1 10000000
t2 01000000
t3 00100000
t4 00010000
t5 00001000
t6 00000100
t7 00000010
t8 00000001
Clade List (<taxon members> = <clade name>): 

>Dataset_0
[2,F,0.00878906,00001111,0.878906,X]
[3,F,0.109558,00001100,10.9558,X]
[4,F,0.135925,00001100,13.5925,X]
[0,F,0.308594,11110000,30.8594,X]
[7,F,0.310406,00000100,31.0406,X]
[8,F,0.449078,00000100,44.9078,X]
[9,F,0.45982,00000100,45.982,X]
[10,F,0.486187,00000100,48.6187,X]
[5,F,0.632672,00001000,63.2672,X]
[6,F,0.666852,00001000,66.6852,X]
[11,F,0.736187,00000100,73.6188,X]
[12,F,0.829937,00000100,82.9938,X]
[13,F,0.838727,00000100,83.8727,X]
[14,F,0.99107,00000100,99.107,X]
[1,F,0.991884,00010000,99.1884,X]
GUIDE_TREE_PARTITION1=(((t1:3.13,t2:3.13):11.7,(t3:2.96,t4:2.96):11.87):85.17,((t5:81.85,t6:81.85):12.37,(t7:5.87,t8:5.87):88.35):5.78);
