Taxa bit representation:
t1 10000000
t2 01000000
t3 00100000
t4 00010000
t5 00001000
t6 00000100
t7 00000010
t8 00000001
Clade List (<taxon members> = <clade name>): 

>Dataset_0
[0,F,0.0136719,11111100,1.36719,X]
[1,F,0.0484313,11110000,4.84313,X]
[2,F,0.0533141,11110000,5.33141,X]
[3,F,0.0679625,11110000,6.79625,X]
[4,F,0.0708922,11110000,7.08922,X]
[61,F,0.0806578,00001100,8.06578,X]
[104,F,0.0830078,00000011,8.30078,X]
[62,F,0.0953063,00001100,9.53063,X]
[105,F,0.0976562,00000011,9.76562,X]
[5,F,0.102142,11110000,10.2142,X]
[106,F,0.114258,00000011,11.4258,X]
[6,F,0.120697,11110000,12.0697,X]
[7,F,0.160736,11110000,16.0736,X]
[8,F,0.173431,11110000,17.3431,X]
[9,F,0.228119,11110000,22.8119,X]
[107,F,0.235352,00000011,23.5352,X]
[108,F,0.243164,00000011,24.3164,X]
[10,F,0.245697,11110000,24.5697,X]
[11,F,0.255462,11110000,25.5462,X]
[12,F,0.262298,11110000,26.2298,X]
[63,F,0.268158,00001100,26.8158,X]
[64,F,0.285736,00001100,28.5736,X]
[13,F,0.286712,11110000,28.6712,X]
[65,F,0.301361,00001100,30.1361,X]
[66,F,0.302337,00001100,30.2337,X]
[67,F,0.304291,00001100,30.4291,X]
[68,F,0.315033,00001100,31.5033,X]
[69,F,0.316986,00001100,31.6986,X]
[70,F,0.357395,00001000,35.7395,X]
[90,F,0.361302,00000100,36.1302,X]
[42,F,0.364414,00010000,36.4414,X]
[71,F,0.368137,00001000,36.8137,X]
[14,F,0.370273,11100000,37.0273,X]
[43,F,0.37125,00010000,37.125,X]
[72,F,0.392552,00001000,39.2552,X]
[44,F,0.394687,00010000,39.4687,X]
[91,F,0.402317,00000100,40.2317,X]
[45,F,0.411289,00010000,41.1289,X]
[46,F,0.413242,00010000,41.3242,X]
[109,F,0.422852,00000011,42.2852,X]
[92,F,0.427708,00000100,42.7708,X]
[47,F,0.428867,00010000,42.8867,X]
[110,F,0.4375,00000011,43.75,X]
[15,F,0.437656,11100000,43.7656,X]
[73,F,0.443333,00001000,44.3333,X]
[16,F,0.455234,11100000,45.5234,X]
[93,F,0.457981,00000100,45.7981,X]
[94,F,0.474583,00000100,47.4583,X]
[17,F,0.484531,11100000,48.4531,X]
[74,F,0.489231,00001000,48.9231,X]
[18,F,0.492344,11100000,49.2344,X]
[121,F,0.499702,00000001,49.9702,X]
[75,F,0.504856,00001000,50.4856,X]
[76,F,0.519505,00001000,51.9505,X]
[48,F,0.520664,00010000,52.0664,X]
[49,F,0.532383,00010000,53.2383,X]
[95,F,0.540013,00000100,54.0012,X]
[50,F,0.547031,00010000,54.7031,X]
[122,F,0.556342,00000001,55.6342,X]
[19,F,0.563633,11100000,56.3633,X]
[51,F,0.563633,00010000,56.3633,X]
[123,F,0.568061,00000001,56.8061,X]
[124,F,0.609077,00000001,60.9077,X]
[52,F,0.612461,00010000,61.2461,X]
[111,F,0.612983,00000010,61.2983,X]
[53,F,0.62418,00010000,62.418,X]
[34,F,0.625608,00100000,62.5608,X]
[54,F,0.627109,00010000,62.7109,X]
[77,F,0.629856,00001000,62.9856,X]
[55,F,0.630039,00010000,63.0039,X]
[20,F,0.652952,11000000,65.2952,X]
[112,F,0.668647,00000010,66.8647,X]
[125,F,0.67353,00000001,67.353,X]
[126,F,0.677436,00000001,67.7436,X]
[78,F,0.68552,00001000,68.552,X]
[79,F,0.686497,00001000,68.6497,X]
[35,F,0.688108,00100000,68.8108,X]
[80,F,0.701145,00001000,70.1145,X]
[81,F,0.714817,00001000,71.4817,X]
[127,F,0.715522,00000001,71.5522,X]
[96,F,0.71677,00000100,71.677,X]
[21,F,0.719358,11000000,71.9358,X]
[97,F,0.729466,00000100,72.9466,X]
[128,F,0.73017,00000001,73.017,X]
[98,F,0.731419,00000100,73.1419,X]
[36,F,0.745725,00100000,74.5725,X]
[82,F,0.75095,00001000,75.095,X]
[56,F,0.751133,00010000,75.1133,X]
[99,F,0.755833,00000100,75.5833,X]
[129,F,0.762397,00000001,76.2397,X]
[113,F,0.769233,00000010,76.9233,X]
[57,F,0.776523,00010000,77.6523,X]
[100,F,0.777317,00000100,77.7317,X]
[28,F,0.796219,01000000,79.6219,X]
[130,F,0.799506,00000001,79.9506,X]
[83,F,0.799778,00001000,79.9778,X]
[22,F,0.801102,10000000,80.1102,X]
[58,F,0.815586,00010000,81.5586,X]
[114,F,0.833686,00000010,83.3686,X]
[115,F,0.839545,00000010,83.9545,X]
[131,F,0.839545,00000001,83.9545,X]
[37,F,0.842405,00100000,84.2405,X]
[116,F,0.848334,00000010,84.8334,X]
[23,F,0.859695,10000000,85.9695,X]
[38,F,0.864866,00100000,86.4866,X]
[29,F,0.868484,01000000,86.8484,X]
[84,F,0.869114,00001000,86.9114,X]
[117,F,0.869819,00000010,86.9819,X]
[30,F,0.873367,01000000,87.3367,X]
[132,F,0.876655,00000001,87.6655,X]
[31,F,0.903641,01000000,90.3641,X]
[85,F,0.90427,00001000,90.427,X]
[24,F,0.90657,10000000,90.657,X]
[118,F,0.921577,00000010,92.1577,X]
[86,F,0.931614,00001000,93.1614,X]
[32,F,0.93782,01000000,93.782,X]
[101,F,0.93845,00000100,93.845,X]
[25,F,0.938797,10000000,93.8797,X]
[87,F,0.943333,00001000,94.3333,X]
[26,F,0.948562,10000000,94.8562,X]
[39,F,0.94885,00100000,94.885,X]
[59,F,0.950352,00010000,95.0352,X]
[33,F,0.953445,01000000,95.3445,X]
[119,F,0.953803,00000010,95.3803,X]
[120,F,0.957709,00000010,95.7709,X]
[40,F,0.963498,00100000,96.3498,X]
[88,F,0.968723,00001000,96.8723,X]
[60,F,0.968906,00010000,96.8906,X]
[89,F,0.970677,00001000,97.0677,X]
[102,F,0.973606,00000100,97.3606,X]
[103,F,0.982395,00000100,98.2395,X]
[41,F,0.995725,00100000,99.5725,X]
[27,F,0.998367,10000000,99.8367,X]
GUIDE_TREE_PARTITION1=(((((t1:21.55,t2:21.55):17.94,t3:39.49):26.51,t4:66):31.11,(t5:65.53,t6:65.53):31.58):2.89,(t7:51.69,t8:51.69):48.31);
