Taxa bit representation:
t1 10000000
t2 01000000
t3 00100000
t4 00010000
t5 00001000
t6 00000100
t7 00000010
t8 00000001
Clade List (<taxon members> = <clade name>): 

>Dataset_0
[110,F,0.000976562,00000001,0.0976562,X]
[0,F,0.0283203,11111110,2.83203,X]
[111,F,0.0400391,00000001,4.00391,X]
[1,F,0.0458984,11111110,4.58984,X]
[112,F,0.0898438,00000001,8.98438,X]
[2,F,0.139648,11111110,13.9648,X]
[3,F,0.148438,11111110,14.8438,X]
[113,F,0.160156,00000001,16.0156,X]
[4,F,0.164062,11111110,16.4062,X]
[114,F,0.169922,00000001,16.9922,X]
[5,F,0.183594,11111110,18.3594,X]
[115,F,0.211914,00000001,21.1914,X]
[6,F,0.213867,11111110,21.3867,X]
[7,F,0.222306,11111100,22.2306,X]
[91,F,0.226213,00000010,22.6212,X]
[8,F,0.251603,11111100,25.1603,X]
[116,F,0.291992,00000001,29.1992,X]
[117,F,0.293945,00000001,29.3945,X]
[9,F,0.294572,11111100,29.4572,X]
[92,F,0.311173,00000010,31.1173,X]
[10,F,0.325822,11111100,32.5822,X]
[118,F,0.330078,00000001,33.0078,X]
[93,F,0.3434,00000010,34.34,X]
[94,F,0.347306,00000010,34.7306,X]
[59,F,0.350153,00001000,35.0153,X]
[11,F,0.35113,11110000,35.113,X]
[60,F,0.353083,00001000,35.3083,X]
[12,F,0.353083,11110000,35.3083,X]
[119,F,0.353516,00000001,35.3516,X]
[120,F,0.355469,00000001,35.5469,X]
[95,F,0.359025,00000010,35.9025,X]
[96,F,0.373673,00000010,37.3673,X]
[13,F,0.38238,11110000,38.238,X]
[97,F,0.390275,00000010,39.0275,X]
[98,F,0.40297,00000010,40.297,X]
[121,F,0.40332,00000001,40.332,X]
[122,F,0.408203,00000001,40.8203,X]
[99,F,0.410783,00000010,41.0783,X]
[61,F,0.416559,00001000,41.6559,X]
[74,F,0.425461,00000100,42.5461,X]
[45,F,0.433308,00010000,43.3308,X]
[75,F,0.456711,00000100,45.6711,X]
[14,F,0.459675,11100000,45.9675,X]
[46,F,0.469441,00010000,46.9441,X]
[47,F,0.487019,00010000,48.7019,X]
[123,F,0.487305,00000001,48.7305,X]
[100,F,0.492814,00000010,49.2814,X]
[76,F,0.49382,00000100,49.382,X]
[124,F,0.501953,00000001,50.1953,X]
[125,F,0.510742,00000001,51.0742,X]
[126,F,0.512695,00000001,51.2695,X]
[62,F,0.513239,00001000,51.3239,X]
[77,F,0.515305,00000100,51.5305,X]
[78,F,0.516281,00000100,51.6281,X]
[48,F,0.523152,00010000,52.3152,X]
[63,F,0.526911,00001000,52.6911,X]
[79,F,0.542648,00000100,54.2648,X]
[80,F,0.549484,00000100,54.9484,X]
[64,F,0.557184,00001000,55.7184,X]
[127,F,0.574219,00000001,57.4219,X]
[49,F,0.575886,00010000,57.5886,X]
[128,F,0.578125,00000001,57.8125,X]
[101,F,0.578752,00000010,57.8752,X]
[129,F,0.603516,00000001,60.3516,X]
[102,F,0.608048,00000010,60.8048,X]
[81,F,0.623703,00000100,62.3703,X]
[50,F,0.632527,00010000,63.2527,X]
[82,F,0.637375,00000100,63.7375,X]
[103,F,0.642228,00000010,64.2228,X]
[65,F,0.643122,00001000,64.3122,X]
[83,F,0.643234,00000100,64.3234,X]
[51,F,0.656941,00010000,65.6941,X]
[66,F,0.6607,00001000,66.07,X]
[130,F,0.666016,00000001,66.6016,X]
[67,F,0.671442,00001000,67.1442,X]
[84,F,0.676438,00000100,67.6437,X]
[15,F,0.68585,11000000,68.585,X]
[85,F,0.690109,00000100,69.0109,X]
[131,F,0.691406,00000001,69.1406,X]
[16,F,0.691709,11000000,69.1709,X]
[17,F,0.693662,11000000,69.3662,X]
[34,F,0.694639,00100000,69.4639,X]
[35,F,0.696592,00100000,69.6592,X]
[68,F,0.696833,00001000,69.6833,X]
[86,F,0.703781,00000100,70.3781,X]
[18,F,0.706358,11000000,70.6358,X]
[36,F,0.71417,00100000,71.417,X]
[104,F,0.717423,00000010,71.7423,X]
[19,F,0.723936,11000000,72.3936,X]
[52,F,0.7253,00010000,72.53,X]
[87,F,0.734055,00000100,73.4055,X]
[132,F,0.756836,00000001,75.6836,X]
[88,F,0.768234,00000100,76.8234,X]
[53,F,0.773152,00010000,77.3152,X]
[89,F,0.777023,00000100,77.7023,X]
[105,F,0.791642,00000010,79.1642,X]
[54,F,0.800495,00010000,80.0495,X]
[24,F,0.805873,01000000,80.5873,X]
[106,F,0.811173,00000010,81.1173,X]
[69,F,0.813044,00001000,81.3044,X]
[25,F,0.815639,01000000,81.5639,X]
[55,F,0.81612,00010000,81.612,X]
[133,F,0.816406,00000001,81.6406,X]
[134,F,0.823242,00000001,82.3242,X]
[107,F,0.824845,00000010,82.4845,X]
[26,F,0.826381,01000000,82.6381,X]
[135,F,0.832031,00000001,83.2031,X]
[27,F,0.842983,01000000,84.2983,X]
[136,F,0.856445,00000001,85.6445,X]
[28,F,0.859584,01000000,85.9584,X]
[37,F,0.862608,00100000,86.2608,X]
[56,F,0.869831,00010000,86.9831,X]
[137,F,0.874023,00000001,87.4023,X]
[38,F,0.877256,00100000,87.7256,X]
[29,F,0.883022,01000000,88.3022,X]
[70,F,0.885309,00001000,88.5309,X]
[108,F,0.889298,00000010,88.9298,X]
[71,F,0.890192,00001000,89.0192,X]
[30,F,0.895717,01000000,89.5717,X]
[39,F,0.90167,00100000,90.167,X]
[57,F,0.905964,00010000,90.5964,X]
[58,F,0.913777,00010000,91.3777,X]
[90,F,0.914719,00000100,91.4719,X]
[109,F,0.920548,00000010,92.0548,X]
[138,F,0.925781,00000001,92.5781,X]
[40,F,0.929014,00100000,92.9014,X]
[20,F,0.936733,10000000,93.6733,X]
[21,F,0.941616,10000000,94.1616,X]
[31,F,0.952358,01000000,95.2358,X]
[139,F,0.963867,00000001,96.3867,X]
[41,F,0.968077,00100000,96.8077,X]
[32,F,0.974819,01000000,97.4819,X]
[42,F,0.976866,00100000,97.6866,X]
[43,F,0.977842,00100000,97.7842,X]
[44,F,0.981748,00100000,98.1748,X]
[33,F,0.982631,01000000,98.2631,X]
[22,F,0.983608,10000000,98.3608,X]
[72,F,0.985895,00001000,98.5895,X]
[73,F,0.993708,00001000,99.3708,X]
[23,F,0.996303,10000000,99.6303,X]
GUIDE_TREE_PARTITION1=(((((((t1:22.44,t2:22.44):18.35,t3:40.79):17.93,t4:58.72):6.46,t5:65.18):0.77,t6:65.95):12.21,t7:78.16):21.84,t8:100);
