Taxa bit representation:
t1 10000000
t2 01000000
t3 00100000
t4 00010000
t5 00001000
t6 00000100
t7 00000010
t8 00000001
Clade List (<taxon members> = <clade name>): 

>Dataset_0
[0,F,0.0400391,11111100,4.00391,X]
[1,F,0.136719,11111100,13.6719,X]
[2,F,0.15625,11111100,15.625,X]
[3,F,0.193359,11111100,19.3359,X]
[4,F,0.245422,11110000,24.5422,X]
[40,F,0.347656,00000011,34.7656,X]
[24,F,0.377258,00001100,37.7258,X]
[25,F,0.451477,00001100,45.1477,X]
[26,F,0.501281,00001100,50.1281,X]
[27,F,0.527648,00001100,52.7648,X]
[28,F,0.536438,00001100,53.6438,X]
[41,F,0.570312,00000011,57.0312,X]
[16,F,0.57203,00010000,57.203,X]
[17,F,0.575936,00010000,57.5936,X]
[18,F,0.60035,00010000,60.035,X]
[5,F,0.6316,11100000,63.16,X]
[19,F,0.66578,00010000,66.578,X]
[42,F,0.692233,00000010,69.2233,X]
[34,F,0.695502,00000100,69.5502,X]
[43,F,0.697116,00000010,69.7116,X]
[29,F,0.719916,00001000,71.9916,X]
[20,F,0.737069,00010000,73.7069,X]
[21,F,0.744881,00010000,74.4881,X]
[30,F,0.745306,00001000,74.5306,X]
[35,F,0.747259,00000100,74.7259,X]
[31,F,0.761908,00001000,76.1908,X]
[46,F,0.763522,00000001,76.3522,X]
[36,F,0.766791,00000100,76.6791,X]
[6,F,0.769295,11100000,76.9295,X]
[14,F,0.777606,00100000,77.7606,X]
[22,F,0.789803,00010000,78.9803,X]
[32,F,0.823431,00001000,82.3431,X]
[7,F,0.849325,10000000,84.9325,X]
[10,F,0.854208,01000000,85.4208,X]
[11,F,0.869833,01000000,86.9833,X]
[37,F,0.880072,00000100,88.0072,X]
[47,F,0.884616,00000001,88.4616,X]
[38,F,0.89472,00000100,89.472,X]
[44,F,0.896334,00000010,89.6334,X]
[12,F,0.901083,01000000,90.1083,X]
[48,F,0.905123,00000001,90.5123,X]
[45,F,0.913913,00000010,91.3912,X]
[49,F,0.916842,00000001,91.6842,X]
[15,F,0.92995,00100000,92.995,X]
[33,F,0.947455,00001000,94.7455,X]
[13,F,0.96163,01000000,96.163,X]
[39,F,0.96308,00000100,96.308,X]
[8,F,0.973348,10000000,97.3348,X]
[50,F,0.976413,00000001,97.6412,X]
[23,F,0.981209,00010000,98.1209,X]
[9,F,0.99288,10000000,99.288,X]
GUIDE_TREE_PARTITION1=(((((t1:16.63,t2:16.63):6,t3:22.63):20.46,t4:43.09):36.86,(t5:44.61,t6:44.61):35.34):20.05,(t7:40.64,t8:40.64):59.36);
