Taxa bit representation:
t1 10000000
t2 01000000
t3 00100000
t4 00010000
t5 00001000
t6 00000100
t7 00000010
t8 00000001
Clade List (<taxon members> = <clade name>): 

>Dataset_0
[37,F,0.0996094,00000001,9.96094,X]
[0,F,0.166016,11111110,16.6016,X]
[1,F,0.214844,11111110,21.4844,X]
[38,F,0.223633,00000001,22.3633,X]
[39,F,0.274414,00000001,27.4414,X]
[2,F,0.295617,11111100,29.5617,X]
[40,F,0.333008,00000001,33.3008,X]
[31,F,0.338586,00000010,33.8586,X]
[41,F,0.374023,00000001,37.4023,X]
[3,F,0.374719,11111100,37.4719,X]
[4,F,0.375695,11111100,37.5695,X]
[5,F,0.445578,11110000,44.5578,X]
[6,F,0.466086,11110000,46.6086,X]
[24,F,0.475342,00000100,47.5342,X]
[25,F,0.493897,00000100,49.3897,X]
[7,F,0.511008,11110000,51.1008,X]
[42,F,0.524414,00000001,52.4414,X]
[32,F,0.530969,00000010,53.0969,X]
[26,F,0.545655,00000100,54.5655,X]
[15,F,0.550183,00010000,55.0183,X]
[43,F,0.551758,00000001,55.1758,X]
[8,F,0.57362,11100000,57.362,X]
[44,F,0.580078,00000001,58.0078,X]
[16,F,0.605847,00010000,60.5847,X]
[19,F,0.678,00001000,67.8,X]
[45,F,0.682617,00000001,68.2617,X]
[27,F,0.706787,00000100,70.6787,X]
[46,F,0.753906,00000001,75.3906,X]
[20,F,0.754172,00001000,75.4172,X]
[28,F,0.763428,00000100,76.3428,X]
[17,F,0.79823,00010000,79.823,X]
[29,F,0.798584,00000100,79.8584,X]
[33,F,0.821984,00000010,82.1984,X]
[9,F,0.824597,11100000,82.4597,X]
[10,F,0.825573,11100000,82.5573,X]
[21,F,0.826437,00001000,82.6437,X]
[18,F,0.870495,00010000,87.0495,X]
[11,F,0.875378,11100000,87.5378,X]
[34,F,0.890344,00000010,89.0344,X]
[30,F,0.906983,00000100,90.6983,X]
[35,F,0.913781,00000010,91.3781,X]
[12,F,0.915417,11100000,91.5417,X]
[22,F,0.923117,00001000,92.3117,X]
[13,F,0.942761,11100000,94.2761,X]
[47,F,0.978516,00000001,97.8516,X]
[36,F,0.980187,00000010,98.0187,X]
[23,F,0.980734,00001000,98.0734,X]
[14,F,0.998842,01000000,99.8842,X]
GUIDE_TREE_PARTITION1=(((((((t1:1.19,t2:1.19):3.74,t3:4.93):40.54,t4:45.47):11.73,t5:57.2):2.59,t6:59.79):16.41,t7:76.2):23.8,t8:100);
