Taxa bit representation:
t1 10000000
t2 01000000
t3 00100000
t4 00010000
t5 00001000
t6 00000100
t7 00000010
t8 00000001
Clade List (<taxon members> = <clade name>): 

>Dataset_0
[0,F,0.0224609,11111100,2.24609,X]
[1,F,0.046875,11111100,4.6875,X]
[2,F,0.0644531,11111100,6.44531,X]
[56,F,0.125,00000011,12.5,X]
[3,F,0.136719,11111100,13.6719,X]
[36,F,0.160225,00001100,16.0225,X]
[4,F,0.165108,11110000,16.5108,X]
[5,F,0.199288,11110000,19.9288,X]
[6,F,0.203194,11110000,20.3194,X]
[57,F,0.223633,00000011,22.3633,X]
[58,F,0.233398,00000011,23.3398,X]
[37,F,0.259834,00001100,25.9834,X]
[59,F,0.296875,00000011,29.6875,X]
[45,F,0.310077,00000100,31.0077,X]
[29,F,0.313609,00010000,31.3609,X]
[60,F,0.332031,00000011,33.2031,X]
[7,F,0.338023,11100000,33.8023,X]
[8,F,0.34193,11100000,34.193,X]
[61,F,0.356445,00000011,35.6445,X]
[46,F,0.370623,00000100,37.0623,X]
[62,F,0.37793,00000011,37.793,X]
[63,F,0.391602,00000011,39.1602,X]
[64,F,0.43457,00000011,43.457,X]
[47,F,0.442889,00000100,44.2889,X]
[48,F,0.443866,00000100,44.3866,X]
[30,F,0.452281,00010000,45.2281,X]
[65,F,0.465231,00000010,46.5231,X]
[17,F,0.480409,00100000,48.0409,X]
[66,F,0.506247,00000010,50.6247,X]
[49,F,0.509295,00000100,50.9295,X]
[50,F,0.516131,00000100,51.6131,X]
[18,F,0.530214,00100000,53.0214,X]
[70,F,0.54238,00000001,54.238,X]
[38,F,0.548358,00001000,54.8358,X]
[19,F,0.551698,00100000,55.1698,X]
[67,F,0.560934,00000010,56.0934,X]
[9,F,0.563417,11000000,56.3417,X]
[31,F,0.567516,00010000,56.7516,X]
[20,F,0.588808,00100000,58.8808,X]
[39,F,0.604998,00001000,60.4998,X]
[10,F,0.612245,11000000,61.2245,X]
[32,F,0.628062,00010000,62.8062,X]
[11,F,0.637636,11000000,63.7636,X]
[12,F,0.6933,11000000,69.33,X]
[71,F,0.708395,00000001,70.8395,X]
[21,F,0.712831,00100000,71.2831,X]
[51,F,0.725116,00000100,72.5116,X]
[13,F,0.743105,11000000,74.3105,X]
[52,F,0.758319,00000100,75.8319,X]
[72,F,0.781637,00000001,78.1637,X]
[40,F,0.813006,00001000,81.3006,X]
[68,F,0.813864,00000010,81.3864,X]
[14,F,0.823531,10000000,82.3531,X]
[41,F,0.825702,00001000,82.5702,X]
[22,F,0.835878,00100000,83.5878,X]
[69,F,0.837302,00000010,83.7302,X]
[15,F,0.842086,10000000,84.2086,X]
[16,F,0.844039,01000000,84.4039,X]
[23,F,0.85248,00100000,85.248,X]
[24,F,0.870058,00100000,87.0058,X]
[53,F,0.87453,00000100,87.453,X]
[25,F,0.875917,00100000,87.5917,X]
[54,F,0.883319,00000100,88.3319,X]
[42,F,0.884295,00001000,88.4295,X]
[43,F,0.89992,00001000,89.992,X]
[26,F,0.917909,00100000,91.7909,X]
[44,F,0.927264,00001000,92.7264,X]
[27,F,0.960878,00100000,96.0878,X]
[33,F,0.965953,00010000,96.5953,X]
[55,F,0.972186,00000100,97.2186,X]
[34,F,0.981578,00010000,98.1578,X]
[28,F,0.997011,00100000,99.7011,X]
[35,F,0.997203,00010000,99.7203,X]
GUIDE_TREE_PARTITION1=(((((t1:19.6,t2:19.6):36.07,t3:55.67):16.68,t4:72.35):13.19,(t5:69.09,t6:69.09):16.45):14.46,(t7:55.43,t8:55.43):44.57);
