Taxa bit representation:
t1 10000000
t2 01000000
t3 00100000
t4 00010000
t5 00001000
t6 00000100
t7 00000010
t8 00000001
Clade List (<taxon members> = <clade name>): 

>Dataset_0
[31,F,0.0146484,00001111,1.46484,X]
[0,F,0.0478516,11110000,4.78516,X]
[32,F,0.0693359,00001111,6.93359,X]
[1,F,0.101562,11110000,10.1562,X]
[2,F,0.102539,11110000,10.2539,X]
[3,F,0.157227,11110000,15.7227,X]
[4,F,0.15918,11110000,15.918,X]
[5,F,0.175781,11110000,17.5781,X]
[6,F,0.295852,11000000,29.5852,X]
[7,F,0.304641,11000000,30.4641,X]
[33,F,0.381836,00001111,38.1836,X]
[8,F,0.383742,11000000,38.3742,X]
[21,F,0.441359,00110000,44.1359,X]
[34,F,0.478516,00001111,47.8516,X]
[22,F,0.519484,00110000,51.9484,X]
[23,F,0.521437,00110000,52.1437,X]
[15,F,0.534919,01000000,53.4919,X]
[24,F,0.536086,00110000,53.6086,X]
[25,F,0.539992,00110000,53.9992,X]
[9,F,0.549567,10000000,54.9567,X]
[16,F,0.561286,01000000,56.1286,X]
[17,F,0.564216,01000000,56.4216,X]
[10,F,0.565192,10000000,56.5192,X]
[18,F,0.574958,01000000,57.4958,X]
[11,F,0.596442,10000000,59.6442,X]
[19,F,0.610114,01000000,61.0114,X]
[38,F,0.632564,00000011,63.2564,X]
[39,F,0.638423,00000011,63.8423,X]
[26,F,0.686477,00110000,68.6477,X]
[40,F,0.778072,00000011,77.8072,X]
[29,F,0.824361,00010000,82.4361,X]
[35,F,0.8435,00000100,84.35,X]
[36,F,0.863031,00000100,86.3031,X]
[41,F,0.883203,00000010,88.3203,X]
[42,F,0.88418,00000010,88.418,X]
[12,F,0.892341,10000000,89.2341,X]
[30,F,0.907369,00010000,90.7369,X]
[43,F,0.911523,00000010,91.1523,X]
[20,F,0.950934,01000000,95.0934,X]
[13,F,0.964606,10000000,96.4606,X]
[27,F,0.978658,00100000,97.8658,X]
[37,F,0.981195,00000100,98.1195,X]
[28,F,0.981588,00100000,98.1588,X]
[14,F,0.988044,10000000,98.8044,X]
GUIDE_TREE_PARTITION1=(((t1:47.68,t2:47.68):27.52,(t3:26.06,t4:26.06):49.14):24.8,((t5:21.9,t6:21.9):26.66,(t7:15,t8:15):33.56):51.44);
