Taxa bit representation:
t1 10000000
t2 01000000
t3 00100000
t4 00010000
t5 00001000
t6 00000100
t7 00000010
t8 00000001
Clade List (<taxon members> = <clade name>): 

>Dataset_0
[0,F,0.292117,11100000,29.2117,X]
[1,F,0.297,11100000,29.7,X]
[2,F,0.346566,11000000,34.6566,X]
[9,F,0.379969,00001100,37.9969,X]
[12,F,0.412109,00000011,41.2109,X]
[13,F,0.463867,00000011,46.3867,X]
[3,F,0.487191,11000000,48.7191,X]
[7,F,0.501102,00010000,50.1102,X]
[5,F,0.512581,00100000,51.2581,X]
[14,F,0.57873,00000010,57.873,X]
[8,F,0.624148,00010000,62.4148,X]
[15,F,0.639277,00000010,63.9277,X]
[17,F,0.676386,00000001,67.6386,X]
[10,F,0.786219,00001100,78.6219,X]
[16,F,0.859003,00000010,85.9003,X]
[11,F,0.867466,00001000,86.7466,X]
[4,F,0.89637,11000000,89.637,X]
[6,F,0.924691,00100000,92.4691,X]
[18,F,0.9508,00000001,95.08,X]
GUIDE_TREE_PARTITION1=(((((t1:8.95,t2:8.95):57.37,t3:66.32):10.23,t4:76.55):2.25,(t5:20.48,t6:20.48):58.32):21.2,(t7:42.42,t8:42.42):57.58);
