Taxa bit representation:
t1 10000000
t2 01000000
t3 00100000
t4 00010000
t5 00001000
t6 00000100
t7 00000010
t8 00000001
Clade List (<taxon members> = <clade name>): 

>Dataset_0
[89,F,0.00390625,00000001,0.390625,X]
[0,F,0.0380859,11111110,3.80859,X]
[1,F,0.0410156,11111110,4.10156,X]
[90,F,0.0478516,00000001,4.78516,X]
[91,F,0.0683594,00000001,6.83594,X]
[92,F,0.100586,00000001,10.0586,X]
[93,F,0.110352,00000001,11.0352,X]
[94,F,0.133789,00000001,13.3789,X]
[2,F,0.143555,11111110,14.3555,X]
[95,F,0.172852,00000001,17.2852,X]
[3,F,0.173828,11111110,17.3828,X]
[4,F,0.176758,11111110,17.6758,X]
[96,F,0.193359,00000001,19.3359,X]
[5,F,0.201172,11111110,20.1172,X]
[6,F,0.202148,11111110,20.2148,X]
[97,F,0.219727,00000001,21.9727,X]
[7,F,0.223633,11111110,22.3633,X]
[98,F,0.245117,00000001,24.5117,X]
[8,F,0.259766,11111110,25.9766,X]
[99,F,0.283203,00000001,28.3203,X]
[9,F,0.289062,11111110,28.9062,X]
[100,F,0.291992,00000001,29.1992,X]
[10,F,0.294922,11111110,29.4922,X]
[11,F,0.306977,11111100,30.6977,X]
[12,F,0.312836,11111100,31.2836,X]
[13,F,0.329437,11111100,32.9438,X]
[69,F,0.331391,00000010,33.1391,X]
[70,F,0.343109,00000010,34.3109,X]
[14,F,0.355805,11111100,35.5805,X]
[71,F,0.392914,00000010,39.2914,X]
[15,F,0.409516,11111100,40.9516,X]
[16,F,0.425606,11111000,42.5606,X]
[101,F,0.450195,00000001,45.0195,X]
[102,F,0.46582,00000001,46.582,X]
[59,F,0.477364,00000100,47.7364,X]
[60,F,0.48127,00000100,48.127,X]
[17,F,0.48127,11111000,48.127,X]
[72,F,0.486664,00000010,48.6664,X]
[61,F,0.489083,00000100,48.9083,X]
[73,F,0.4935,00000010,49.35,X]
[62,F,0.502755,00000100,50.2755,X]
[48,F,0.504642,00001000,50.4642,X]
[18,F,0.527103,11110000,52.7103,X]
[103,F,0.533203,00000001,53.3203,X]
[19,F,0.555423,11110000,55.5423,X]
[104,F,0.556641,00000001,55.6641,X]
[74,F,0.564789,00000010,56.4789,X]
[75,F,0.567719,00000010,56.7719,X]
[49,F,0.588627,00001000,58.8627,X]
[105,F,0.588867,00000001,58.8867,X]
[106,F,0.589844,00000001,58.9844,X]
[76,F,0.596039,00000010,59.6039,X]
[77,F,0.597016,00000010,59.7016,X]
[107,F,0.603516,00000001,60.3516,X]
[78,F,0.616547,00000010,61.6547,X]
[35,F,0.622619,00010000,62.2619,X]
[79,F,0.623383,00000010,62.3383,X]
[63,F,0.629708,00000100,62.9708,X]
[108,F,0.642578,00000001,64.2578,X]
[36,F,0.643127,00010000,64.3127,X]
[109,F,0.657227,00000001,65.7227,X]
[37,F,0.663634,00010000,66.3634,X]
[38,F,0.67047,00010000,67.047,X]
[39,F,0.678283,00010000,67.8283,X]
[110,F,0.69043,00000001,69.043,X]
[111,F,0.701172,00000001,70.1172,X]
[112,F,0.702148,00000001,70.2148,X]
[113,F,0.709961,00000001,70.9961,X]
[40,F,0.710509,00010000,71.0509,X]
[41,F,0.711486,00010000,71.1486,X]
[20,F,0.7359,11100000,73.59,X]
[50,F,0.739994,00001000,73.9994,X]
[80,F,0.741547,00000010,74.1547,X]
[51,F,0.74683,00001000,74.683,X]
[52,F,0.749759,00001000,74.9759,X]
[42,F,0.752502,00010000,75.2502,X]
[53,F,0.754642,00001000,75.4642,X]
[43,F,0.756408,00010000,75.6408,X]
[114,F,0.764648,00000001,76.4648,X]
[81,F,0.776703,00000010,77.6703,X]
[44,F,0.776916,00010000,77.6916,X]
[82,F,0.77768,00000010,77.768,X]
[54,F,0.780033,00001000,78.0033,X]
[64,F,0.781075,00000100,78.1075,X]
[21,F,0.781798,11100000,78.1798,X]
[22,F,0.803283,11100000,80.3283,X]
[115,F,0.810547,00000001,81.0547,X]
[83,F,0.810883,00000010,81.0883,X]
[45,F,0.811095,00010000,81.1095,X]
[65,F,0.821114,00000100,82.1114,X]
[116,F,0.823242,00000001,82.3242,X]
[23,F,0.852111,11100000,85.2111,X]
[46,F,0.856017,00010000,85.6017,X]
[117,F,0.860352,00000001,86.0352,X]
[84,F,0.861664,00000010,86.1664,X]
[24,F,0.869877,11000000,86.9877,X]
[25,F,0.87183,11000000,87.183,X]
[66,F,0.873848,00000100,87.3848,X]
[32,F,0.879642,00100000,87.9642,X]
[26,F,0.89722,11000000,89.722,X]
[85,F,0.90268,00000010,90.268,X]
[67,F,0.903145,00000100,90.3145,X]
[86,F,0.908539,00000010,90.8539,X]
[87,F,0.926117,00000010,92.6117,X]
[27,F,0.927666,10000000,92.7666,X]
[68,F,0.932442,00000100,93.2442,X]
[30,F,0.939384,01000000,93.9384,X]
[88,F,0.939789,00000010,93.9789,X]
[118,F,0.941406,00000001,94.1406,X]
[47,F,0.945861,00010000,94.5861,X]
[33,F,0.948978,00100000,94.8978,X]
[119,F,0.954102,00000001,95.4102,X]
[120,F,0.956055,00000001,95.6055,X]
[55,F,0.96265,00001000,96.265,X]
[28,F,0.971611,10000000,97.1611,X]
[31,F,0.976494,01000000,97.6494,X]
[121,F,0.980469,00000001,98.0469,X]
[56,F,0.981205,00001000,98.1205,X]
[57,F,0.982181,00001000,98.2181,X]
[58,F,0.984134,00001000,98.4134,X]
[34,F,0.989994,00100000,98.9994,X]
[29,F,0.994072,10000000,99.4072,X]
GUIDE_TREE_PARTITION1=(((((((t1:8.21,t2:8.21):4.9,t3:13.11):25.8,t4:38.91):11.7,t5:50.61):7.22,t6:57.83):11.57,t7:69.4):30.6,t8:100);
