Taxa bit representation:
t1 10000000
t2 01000000
t3 00100000
t4 00010000
t5 00001000
t6 00000100
t7 00000010
t8 00000001
Clade List (<taxon members> = <clade name>): 

>Dataset_0
[0,F,0.0458984,11111100,4.58984,X]
[45,F,0.078125,00000011,7.8125,X]
[46,F,0.0859375,00000011,8.59375,X]
[1,F,0.114258,11111100,11.4258,X]
[36,F,0.125266,00001100,12.5266,X]
[47,F,0.168945,00000011,16.8945,X]
[37,F,0.228781,00001100,22.8781,X]
[48,F,0.232422,00000011,23.2422,X]
[38,F,0.235617,00001100,23.5617,X]
[27,F,0.24473,00010000,24.473,X]
[2,F,0.24473,11100000,24.473,X]
[20,F,0.289853,00100000,28.9853,X]
[49,F,0.291739,00000010,29.1739,X]
[50,F,0.315177,00000010,31.5177,X]
[39,F,0.328391,00001100,32.8391,X]
[3,F,0.335383,10000000,33.5383,X]
[28,F,0.336527,00010000,33.6527,X]
[21,F,0.369931,00100000,36.9931,X]
[29,F,0.376566,00010000,37.6566,X]
[58,F,0.37963,00000001,37.963,X]
[30,F,0.404886,00010000,40.4886,X]
[4,F,0.414484,10000000,41.4484,X]
[31,F,0.416605,00010000,41.6605,X]
[5,F,0.419367,10000000,41.9367,X]
[51,F,0.4392,00000010,43.92,X]
[59,F,0.44213,00000001,44.213,X]
[52,F,0.445059,00000010,44.5059,X]
[40,F,0.45632,00001100,45.632,X]
[53,F,0.458731,00000010,45.8731,X]
[54,F,0.472403,00000010,47.2403,X]
[60,F,0.512442,00000001,51.2442,X]
[61,F,0.573966,00000001,57.3966,X]
[55,F,0.579825,00000010,57.9825,X]
[6,F,0.595148,10000000,59.5148,X]
[32,F,0.596292,00010000,59.6292,X]
[62,F,0.62963,00000001,62.963,X]
[15,F,0.634211,01000000,63.4211,X]
[22,F,0.672666,00100000,67.2666,X]
[41,F,0.673117,00001100,67.3117,X]
[63,F,0.683341,00000001,68.3341,X]
[33,F,0.690042,00010000,69.0042,X]
[23,F,0.696103,00100000,69.6103,X]
[34,F,0.701761,00010000,70.1761,X]
[24,F,0.708798,00100000,70.8798,X]
[64,F,0.733145,00000001,73.3145,X]
[7,F,0.738703,10000000,73.8703,X]
[35,F,0.747659,00010000,74.7659,X]
[8,F,0.758234,10000000,75.8234,X]
[65,F,0.760489,00000001,76.0489,X]
[16,F,0.768,01000000,76.8,X]
[9,F,0.779719,10000000,77.9719,X]
[17,F,0.779719,01000000,77.9719,X]
[42,F,0.791281,00001100,79.1281,X]
[10,F,0.801203,10000000,80.1203,X]
[66,F,0.807364,00000001,80.7364,X]
[67,F,0.825919,00000001,82.5919,X]
[11,F,0.850031,10000000,85.0031,X]
[68,F,0.871817,00000001,87.1817,X]
[43,F,0.887897,00000100,88.7897,X]
[12,F,0.89007,10000000,89.007,X]
[56,F,0.901114,00000010,90.1114,X]
[18,F,0.901789,01000000,90.1789,X]
[25,F,0.917783,00100000,91.7783,X]
[26,F,0.94122,00100000,94.122,X]
[57,F,0.966544,00000010,96.6544,X]
[19,F,0.98382,01000000,98.382,X]
[44,F,0.991413,00000100,99.1412,X]
[13,F,0.991633,10000000,99.1633,X]
[14,F,0.995539,10000000,99.5539,X]
GUIDE_TREE_PARTITION1=(((((t1:66.95,t2:66.95):4.26,t3:71.21):4.61,t4:75.82):12.63,(t5:14.14,t6:14.14):74.31):11.55,(t7:74.83,t8:74.83):25.17);
