Taxa bit representation:
t1 10000000
t2 01000000
t3 00100000
t4 00010000
t5 00001000
t6 00000100
t7 00000010
t8 00000001
Clade List (<taxon members> = <clade name>): 

>Dataset_0
[3,F,0.0732422,00001111,7.32422,X]
[4,F,0.116211,00001111,11.6211,X]
[0,F,0.193359,11110000,19.3359,X]
[10,F,0.237241,00000011,23.7241,X]
[1,F,0.271484,11110000,27.1484,X]
[5,F,0.438412,00001100,43.8412,X]
[11,F,0.504056,00000010,50.4056,X]
[6,F,0.588327,00000100,58.8327,X]
[13,F,0.666166,00000001,66.6166,X]
[12,F,0.688627,00000010,68.8627,X]
[7,F,0.858834,00000100,85.8834,X]
[8,F,0.916452,00000100,91.6452,X]
[9,F,0.941842,00000100,94.1842,X]
[2,F,0.998772,01000000,99.8772,X]
GUIDE_TREE_PARTITION1=(((t1:1.49,t2:1.49):4.66,(t3:2.86,t4:2.86):3.29):93.85,((t5:50.64,t6:50.64):31.3,(t7:65.61,t8:65.61):16.33):18.06);
