Taxa bit representation:
t1 10000000
t2 01000000
t3 00100000
t4 00010000
t5 00001000
t6 00000100
t7 00000010
t8 00000001
Clade List (<taxon members> = <clade name>): 

>Dataset_0
[65,F,0.0439453,00000011,4.39453,X]
[0,F,0.0527344,11111100,5.27344,X]
[66,F,0.0810547,00000011,8.10547,X]
[67,F,0.0908203,00000011,9.08203,X]
[68,F,0.104492,00000011,10.4492,X]
[69,F,0.108398,00000011,10.8398,X]
[1,F,0.111328,11111100,11.1328,X]
[2,F,0.131836,11111100,13.1836,X]
[3,F,0.137695,11111100,13.7695,X]
[70,F,0.138672,00000011,13.8672,X]
[71,F,0.151367,00000011,15.1367,X]
[4,F,0.161133,11111100,16.1133,X]
[5,F,0.177734,11111100,17.7734,X]
[72,F,0.195312,00000011,19.5312,X]
[73,F,0.198242,00000011,19.8242,X]
[6,F,0.200195,11111100,20.0195,X]
[7,F,0.22168,11111100,22.168,X]
[8,F,0.229492,11111100,22.9492,X]
[9,F,0.230469,11111100,23.0469,X]
[10,F,0.248047,11111100,24.8047,X]
[11,F,0.291992,11111100,29.1992,X]
[12,F,0.333008,11111100,33.3008,X]
[74,F,0.351562,00000011,35.1562,X]
[75,F,0.375977,00000011,37.5977,X]
[13,F,0.379883,11111100,37.9883,X]
[14,F,0.385742,11111100,38.5742,X]
[76,F,0.404297,00000011,40.4297,X]
[15,F,0.40625,11111100,40.625,X]
[16,F,0.431641,11111100,43.1641,X]
[77,F,0.439442,00000010,43.9442,X]
[78,F,0.453114,00000010,45.3114,X]
[17,F,0.478897,11110000,47.8897,X]
[18,F,0.484756,11110000,48.4756,X]
[88,F,0.486317,00000001,48.6317,X]
[37,F,0.498428,00001100,49.8428,X]
[89,F,0.507802,00000001,50.7802,X]
[90,F,0.555653,00000001,55.5653,X]
[38,F,0.558975,00001100,55.8975,X]
[79,F,0.566395,00000010,56.6395,X]
[80,F,0.576161,00000010,57.6161,X]
[58,F,0.579602,00000100,57.9602,X]
[39,F,0.579602,00001000,57.9602,X]
[19,F,0.583389,11110000,58.3389,X]
[20,F,0.588272,11110000,58.8272,X]
[59,F,0.592297,00000100,59.2297,X]
[40,F,0.596203,00001000,59.6203,X]
[41,F,0.603039,00001000,60.3039,X]
[42,F,0.604992,00001000,60.4992,X]
[81,F,0.615223,00000010,61.5223,X]
[21,F,0.639053,11110000,63.9053,X]
[60,F,0.642102,00000100,64.2102,X]
[22,F,0.643936,11110000,64.3936,X]
[23,F,0.653702,11110000,65.3702,X]
[91,F,0.660145,00000001,66.0145,X]
[92,F,0.672841,00000001,67.2841,X]
[93,F,0.693348,00000001,69.3348,X]
[24,F,0.700577,11110000,70.0577,X]
[43,F,0.700695,00001000,70.0695,X]
[44,F,0.702648,00001000,70.2648,X]
[25,F,0.710342,11110000,71.0342,X]
[61,F,0.723156,00000100,72.3156,X]
[82,F,0.723622,00000010,72.3622,X]
[45,F,0.727062,00001000,72.7062,X]
[46,F,0.728039,00001000,72.8039,X]
[94,F,0.737294,00000001,73.7294,X]
[62,F,0.738781,00000100,73.8781,X]
[83,F,0.7412,00000010,74.12,X]
[47,F,0.743664,00001000,74.3664,X]
[95,F,0.746083,00000001,74.6083,X]
[96,F,0.751942,00000001,75.1942,X]
[26,F,0.775772,11110000,77.5772,X]
[48,F,0.794445,00001000,79.4445,X]
[97,F,0.794911,00000001,79.4911,X]
[27,F,0.804092,11110000,80.4092,X]
[28,F,0.822647,11110000,82.2647,X]
[84,F,0.830067,00000010,83.0067,X]
[98,F,0.83495,00000001,83.495,X]
[29,F,0.850967,11110000,85.0967,X]
[99,F,0.851552,00000001,85.1552,X]
[49,F,0.854992,00001000,85.4992,X]
[100,F,0.857411,00000001,85.7411,X]
[101,F,0.865223,00000001,86.5223,X]
[63,F,0.865734,00000100,86.5734,X]
[30,F,0.866592,11110000,86.6592,X]
[50,F,0.866711,00001000,86.6711,X]
[85,F,0.86913,00000010,86.913,X]
[51,F,0.874523,00001000,87.4523,X]
[52,F,0.901867,00001000,90.1867,X]
[86,F,0.908192,00000010,90.8192,X]
[53,F,0.921398,00001000,92.1398,X]
[34,F,0.923072,00010000,92.3072,X]
[87,F,0.929677,00000010,92.9677,X]
[54,F,0.933117,00001000,93.3117,X]
[31,F,0.934791,11100000,93.4791,X]
[35,F,0.94065,00010000,94.065,X]
[102,F,0.95995,00000001,95.995,X]
[103,F,0.963856,00000001,96.3856,X]
[55,F,0.970227,00001000,97.0227,X]
[104,F,0.975575,00000001,97.5575,X]
[56,F,0.985852,00001000,98.5852,X]
[32,F,0.989883,10000000,98.9883,X]
[57,F,0.990734,00001000,99.0734,X]
[36,F,0.992408,00010000,99.2408,X]
[64,F,0.994641,00000100,99.4641,X]
[33,F,0.997697,00100000,99.7697,X]
GUIDE_TREE_PARTITION1=(((((t1:1.5,t2:1.5):1.66,t3:3.16):5.9,t4:9.06):45.98,(t5:43.7,t6:43.7):11.34):44.96,(t7:57.13,t8:57.13):42.87);
