Taxa bit representation:
t1 10000000
t2 01000000
t3 00100000
t4 00010000
t5 00001000
t6 00000100
t7 00000010
t8 00000001
Clade List (<taxon members> = <clade name>): 

>Dataset_0
[0,F,0.0107422,11111110,1.07422,X]
[1,F,0.0126953,11111110,1.26953,X]
[2,F,0.0419922,11111110,4.19922,X]
[3,F,0.0917766,11111100,9.17766,X]
[4,F,0.0947062,11111100,9.47062,X]
[109,F,0.138672,00000001,13.8672,X]
[84,F,0.159159,00000010,15.9159,X]
[110,F,0.166016,00000001,16.6016,X]
[85,F,0.180644,00000010,18.0644,X]
[111,F,0.203125,00000001,20.3125,X]
[86,F,0.21287,00000010,21.287,X]
[87,F,0.251933,00000010,25.1933,X]
[88,F,0.279277,00000010,27.9277,X]
[112,F,0.28125,00000001,28.125,X]
[5,F,0.282206,11111100,28.2206,X]
[113,F,0.294922,00000001,29.4922,X]
[89,F,0.296855,00000010,29.6855,X]
[56,F,0.30733,00001000,30.733,X]
[6,F,0.316119,11110000,31.6119,X]
[57,F,0.321978,00001000,32.1978,X]
[90,F,0.323222,00000010,32.3222,X]
[69,F,0.328092,00000100,32.8092,X]
[114,F,0.329102,00000001,32.9102,X]
[115,F,0.330078,00000001,33.0078,X]
[116,F,0.332031,00000001,33.2031,X]
[91,F,0.333964,00000010,33.3964,X]
[37,F,0.391559,00010000,39.1559,X]
[58,F,0.392291,00001000,39.2291,X]
[7,F,0.392536,11100000,39.2536,X]
[117,F,0.392578,00000001,39.2578,X]
[8,F,0.417927,11100000,41.7927,X]
[118,F,0.420898,00000001,42.0898,X]
[59,F,0.422564,00001000,42.2564,X]
[9,F,0.437458,11100000,43.7458,X]
[92,F,0.445292,00000010,44.5292,X]
[38,F,0.464802,00010000,46.4802,X]
[119,F,0.466797,00000001,46.6797,X]
[70,F,0.47067,00000100,47.067,X]
[93,F,0.473612,00000010,47.3612,X]
[71,F,0.474577,00000100,47.4577,X]
[39,F,0.47652,00010000,47.652,X]
[60,F,0.479205,00001000,47.9205,X]
[40,F,0.47945,00010000,47.945,X]
[120,F,0.488281,00000001,48.8281,X]
[72,F,0.489225,00000100,48.9225,X]
[41,F,0.490192,00010000,49.0192,X]
[73,F,0.499967,00000100,49.9967,X]
[74,F,0.503873,00000100,50.3873,X]
[10,F,0.504841,11100000,50.4841,X]
[61,F,0.527056,00001000,52.7056,X]
[42,F,0.537067,00010000,53.7067,X]
[94,F,0.541972,00000010,54.1972,X]
[43,F,0.548786,00010000,54.8786,X]
[44,F,0.557575,00010000,55.7575,X]
[121,F,0.55957,00000001,55.957,X]
[95,F,0.565409,00000010,56.5409,X]
[62,F,0.566119,00001000,56.6119,X]
[96,F,0.569316,00000010,56.9316,X]
[122,F,0.571289,00000001,57.1289,X]
[45,F,0.586872,00010000,58.6872,X]
[97,F,0.592753,00000010,59.2753,X]
[75,F,0.60153,00000100,60.153,X]
[11,F,0.620261,11000000,62.0261,X]
[12,F,0.628073,11000000,62.8073,X]
[63,F,0.628619,00001000,62.8619,X]
[98,F,0.646464,00000010,64.6464,X]
[13,F,0.646628,11000000,64.6628,X]
[123,F,0.658203,00000001,65.8203,X]
[25,F,0.659323,00100000,65.9323,X]
[46,F,0.661091,00010000,66.1091,X]
[64,F,0.661822,00001000,66.1822,X]
[124,F,0.662109,00000001,66.2109,X]
[14,F,0.662253,11000000,66.2253,X]
[125,F,0.668945,00000001,66.8945,X]
[15,F,0.681784,11000000,68.1784,X]
[26,F,0.68862,00100000,68.862,X]
[76,F,0.68942,00000100,68.942,X]
[77,F,0.703092,00000100,70.3092,X]
[99,F,0.707011,00000010,70.7011,X]
[78,F,0.707975,00000100,70.7975,X]
[126,F,0.711914,00000001,71.1914,X]
[65,F,0.722369,00001000,72.2369,X]
[47,F,0.730427,00010000,73.0427,X]
[100,F,0.733378,00000010,73.3378,X]
[101,F,0.737284,00000010,73.7284,X]
[66,F,0.747759,00001000,74.7759,X]
[127,F,0.748047,00000001,74.8047,X]
[79,F,0.758756,00000100,75.8756,X]
[48,F,0.769489,00010000,76.9489,X]
[49,F,0.774372,00010000,77.4372,X]
[27,F,0.775534,00100000,77.5534,X]
[80,F,0.778287,00000100,77.8287,X]
[102,F,0.7783,00000010,77.83,X]
[28,F,0.786277,00100000,78.6277,X]
[81,F,0.805631,00000100,80.5631,X]
[29,F,0.805808,00100000,80.5808,X]
[50,F,0.811481,00010000,81.1481,X]
[103,F,0.814433,00000010,81.4433,X]
[30,F,0.815573,00100000,81.5573,X]
[128,F,0.819336,00000001,81.9336,X]
[51,F,0.827106,00010000,82.7106,X]
[129,F,0.833008,00000001,83.3008,X]
[104,F,0.836894,00000010,83.6894,X]
[82,F,0.841764,00000100,84.1764,X]
[105,F,0.841777,00000010,84.1777,X]
[130,F,0.844727,00000001,84.4727,X]
[16,F,0.848777,11000000,84.8777,X]
[131,F,0.862305,00000001,86.2305,X]
[132,F,0.865234,00000001,86.5234,X]
[31,F,0.870261,00100000,87.0261,X]
[17,F,0.874167,11000000,87.4167,X]
[106,F,0.881816,00000010,88.1816,X]
[18,F,0.88198,11000000,88.198,X]
[83,F,0.883756,00000100,88.3756,X]
[19,F,0.889792,11000000,88.9792,X]
[107,F,0.897441,00000010,89.7441,X]
[20,F,0.898581,11000000,89.8581,X]
[52,F,0.901325,00010000,90.1325,X]
[32,F,0.904441,00100000,90.4441,X]
[67,F,0.908892,00001000,90.8892,X]
[133,F,0.90918,00000001,90.918,X]
[33,F,0.911277,00100000,91.1277,X]
[53,F,0.915973,00010000,91.5973,X]
[34,F,0.916159,00100000,91.6159,X]
[35,F,0.931784,00100000,93.1784,X]
[68,F,0.937212,00001000,93.7212,X]
[134,F,0.942383,00000001,94.2383,X]
[23,F,0.944361,01000000,94.4361,X]
[21,F,0.944361,10000000,94.4361,X]
[54,F,0.949177,00010000,94.9177,X]
[108,F,0.950175,00000010,95.0175,X]
[22,F,0.960962,10000000,96.0962,X]
[55,F,0.984333,00010000,98.4333,X]
[36,F,0.987448,00100000,98.7448,X]
[24,F,0.999048,01000000,99.9048,X]
GUIDE_TREE_PARTITION1=(((((((t1:7.81,t2:7.81):32.41,t3:40.22):21.21,t4:61.43):8.13,t5:69.56):1.83,t6:71.39):19.53,t7:90.92):9.08,t8:100);
