Taxa bit representation:
t1 10000000
t2 01000000
t3 00100000
t4 00010000
t5 00001000
t6 00000100
t7 00000010
t8 00000001
Clade List (<taxon members> = <clade name>): 

>Dataset_0
[0,F,0.0527344,11111100,5.27344,X]
[1,F,0.246002,11110000,24.6002,X]
[25,F,0.306316,00000001,30.6316,X]
[9,F,0.398386,00010000,39.8386,X]
[26,F,0.405925,00000001,40.5925,X]
[2,F,0.412058,11100000,41.2058,X]
[20,F,0.495769,00000010,49.5769,X]
[13,F,0.561983,00001000,56.1983,X]
[21,F,0.564128,00000010,56.4128,X]
[16,F,0.566866,00000100,56.6866,X]
[3,F,0.567331,11100000,56.7331,X]
[17,F,0.577608,00000100,57.7608,X]
[10,F,0.649363,00010000,64.9363,X]
[22,F,0.667644,00000010,66.7644,X]
[18,F,0.697725,00000100,69.7725,X]
[23,F,0.721355,00000010,72.1355,X]
[4,F,0.747019,11100000,74.7019,X]
[5,F,0.767527,11100000,76.7527,X]
[6,F,0.785105,11100000,78.5105,X]
[27,F,0.792644,00000001,79.2644,X]
[28,F,0.794597,00000001,79.4597,X]
[11,F,0.80073,00010000,80.073,X]
[19,F,0.811983,00000100,81.1983,X]
[29,F,0.815105,00000001,81.5105,X]
[24,F,0.839519,00000010,83.9519,X]
[14,F,0.864717,00001000,86.4717,X]
[15,F,0.874483,00001000,87.4483,X]
[8,F,0.94442,00100000,94.442,X]
[12,F,0.947214,00010000,94.7214,X]
[30,F,0.94987,00000001,94.987,X]
[7,F,0.957425,10000000,95.7425,X]
GUIDE_TREE_PARTITION1=(((((t1:5.82,t2:5.82):8.82,t3:14.64):49.33,t4:63.97):19.34,(t5:44.29,t6:44.29):39.02):16.69,(t7:73.47,t8:73.47):26.53);
