Taxa bit representation:
t1 10000000
t2 01000000
t3 00100000
t4 00010000
t5 00001000
t6 00000100
t7 00000010
t8 00000001
Clade List (<taxon members> = <clade name>): 

>Dataset_0
[0,F,0.046875,11111110,4.6875,X]
[103,F,0.0625,00000001,6.25,X]
[1,F,0.0908203,11111110,9.08203,X]
[104,F,0.120117,00000001,12.0117,X]
[105,F,0.185547,00000001,18.5547,X]
[106,F,0.188477,00000001,18.8477,X]
[107,F,0.216797,00000001,21.6797,X]
[81,F,0.219134,00000010,21.9134,X]
[108,F,0.219727,00000001,21.9727,X]
[82,F,0.221087,00000010,22.1087,X]
[83,F,0.233783,00000010,23.3783,X]
[109,F,0.256836,00000001,25.6836,X]
[2,F,0.259173,11111100,25.9173,X]
[3,F,0.267962,11111100,26.7962,X]
[110,F,0.27832,00000001,27.832,X]
[84,F,0.300189,00000010,30.0189,X]
[4,F,0.322397,11111000,32.2397,X]
[67,F,0.329233,00000100,32.9233,X]
[5,F,0.334116,11111000,33.4116,X]
[6,F,0.338998,11111000,33.8998,X]
[111,F,0.339844,00000001,33.9844,X]
[85,F,0.343158,00000010,34.3158,X]
[112,F,0.345703,00000001,34.5703,X]
[86,F,0.35683,00000010,35.683,X]
[87,F,0.357806,00000010,35.7806,X]
[7,F,0.377084,11111000,37.7084,X]
[88,F,0.406634,00000010,40.6634,X]
[8,F,0.408334,11111000,40.8334,X]
[113,F,0.414062,00000001,41.4062,X]
[114,F,0.416016,00000001,41.6016,X]
[115,F,0.428711,00000001,42.8711,X]
[9,F,0.434702,11111000,43.4702,X]
[116,F,0.439453,00000001,43.9453,X]
[117,F,0.451172,00000001,45.1172,X]
[68,F,0.453256,00000100,45.3256,X]
[69,F,0.499155,00000100,49.9155,X]
[70,F,0.502084,00000100,50.2084,X]
[52,F,0.512002,00001000,51.2002,X]
[53,F,0.520791,00001000,52.0791,X]
[118,F,0.527344,00000001,52.7344,X]
[89,F,0.547259,00000010,54.7259,X]
[40,F,0.553491,00010000,55.3491,X]
[54,F,0.55497,00001000,55.497,X]
[119,F,0.569336,00000001,56.9336,X]
[90,F,0.571673,00000010,57.1673,X]
[55,F,0.581338,00001000,58.1338,X]
[10,F,0.591577,11100000,59.1577,X]
[71,F,0.592905,00000100,59.2905,X]
[120,F,0.59668,00000001,59.668,X]
[91,F,0.601947,00000010,60.1947,X]
[121,F,0.607422,00000001,60.7422,X]
[56,F,0.628213,00001000,62.8213,X]
[11,F,0.632592,11100000,63.2592,X]
[12,F,0.634545,11100000,63.4545,X]
[13,F,0.643334,11100000,64.3334,X]
[57,F,0.644814,00001000,64.4814,X]
[72,F,0.650522,00000100,65.0522,X]
[58,F,0.653603,00001000,65.3603,X]
[14,F,0.654077,11100000,65.4077,X]
[59,F,0.662392,00001000,66.2392,X]
[92,F,0.665423,00000010,66.5423,X]
[30,F,0.683714,00100000,68.3714,X]
[93,F,0.683978,00000010,68.3978,X]
[15,F,0.684691,11000000,68.4691,X]
[73,F,0.684702,00000100,68.4702,X]
[41,F,0.689233,00010000,68.9233,X]
[122,F,0.689453,00000001,68.9453,X]
[42,F,0.690209,00010000,69.0209,X]
[60,F,0.691689,00001000,69.1689,X]
[16,F,0.692503,11000000,69.2503,X]
[94,F,0.704486,00000010,70.4486,X]
[17,F,0.719847,11000000,71.9847,X]
[61,F,0.734658,00001000,73.4658,X]
[18,F,0.741331,11000000,74.1331,X]
[95,F,0.753314,00000010,75.3314,X]
[74,F,0.754037,00000100,75.4037,X]
[123,F,0.756836,00000001,75.6836,X]
[124,F,0.758789,00000001,75.8789,X]
[43,F,0.763452,00010000,76.3452,X]
[19,F,0.767698,11000000,76.7698,X]
[75,F,0.771616,00000100,77.1616,X]
[31,F,0.774534,00100000,77.4534,X]
[20,F,0.778441,11000000,77.8441,X]
[21,F,0.780394,11000000,78.0394,X]
[22,F,0.78723,11000000,78.723,X]
[125,F,0.793945,00000001,79.3945,X]
[44,F,0.794702,00010000,79.4702,X]
[45,F,0.795678,00010000,79.5678,X]
[126,F,0.798828,00000001,79.8828,X]
[62,F,0.800087,00001000,80.0087,X]
[76,F,0.804819,00000100,80.4819,X]
[96,F,0.814837,00000010,81.4837,X]
[63,F,0.816689,00001000,81.6689,X]
[97,F,0.81972,00000010,81.972,X]
[23,F,0.834105,11000000,83.4105,X]
[127,F,0.839844,00000001,83.9844,X]
[98,F,0.844134,00000010,84.4134,X]
[46,F,0.846459,00010000,84.6459,X]
[77,F,0.854623,00000100,85.4623,X]
[99,F,0.857806,00000010,85.7806,X]
[24,F,0.861448,11000000,86.1448,X]
[32,F,0.864378,00100000,86.4378,X]
[25,F,0.866331,11000000,86.6331,X]
[128,F,0.867187,00000001,86.7187,X]
[78,F,0.875131,00000100,87.5131,X]
[26,F,0.877073,11000000,87.7073,X]
[27,F,0.886839,11000000,88.6839,X]
[33,F,0.900511,00100000,90.0511,X]
[64,F,0.90165,00001000,90.165,X]
[129,F,0.916016,00000001,91.6016,X]
[47,F,0.920678,00010000,92.0678,X]
[48,F,0.922631,00010000,92.2631,X]
[65,F,0.924111,00001000,92.4111,X]
[130,F,0.931641,00000001,93.1641,X]
[49,F,0.932397,00010000,93.2397,X]
[34,F,0.941527,00100000,94.1527,X]
[131,F,0.942383,00000001,94.2383,X]
[35,F,0.944456,00100000,94.4456,X]
[36,F,0.945433,00100000,94.5433,X]
[100,F,0.949603,00000010,94.9603,X]
[50,F,0.954858,00010000,95.4858,X]
[37,F,0.957152,00100000,95.7152,X]
[79,F,0.958139,00000100,95.8139,X]
[38,F,0.959105,00100000,95.9105,X]
[101,F,0.962298,00000010,96.2298,X]
[102,F,0.976947,00000010,97.6947,X]
[80,F,0.979623,00000100,97.9623,X]
[28,F,0.983544,10000000,98.3544,X]
[51,F,0.987084,00010000,98.7084,X]
[132,F,0.991211,00000001,99.1211,X]
[66,F,0.991494,00001000,99.1494,X]
[39,F,0.993284,00100000,99.3284,X]
[29,F,0.993309,10000000,99.3309,X]
[133,F,0.996094,00000001,99.6094,X]
GUIDE_TREE_PARTITION1=(((((((t1:10.63,t2:10.63):23.44,t3:34.07):13.12,t4:47.19):3.27,t5:50.46):20.23,t6:70.69):18.92,t7:89.61):10.39,t8:100);
