Taxa bit representation:
t1 10000000
t2 01000000
t3 00100000
t4 00010000
t5 00001000
t6 00000100
t7 00000010
t8 00000001
Clade List (<taxon members> = <clade name>): 

>Dataset_0
[13,F,0.0613656,00001000,6.13656,X]
[14,F,0.0818734,00001000,8.18734,X]
[18,F,0.0880406,00000100,8.80406,X]
[0,F,0.0995547,11100000,9.95547,X]
[19,F,0.112455,00000100,11.2455,X]
[20,F,0.126127,00000100,12.6127,X]
[30,F,0.194336,00000001,19.4336,X]
[21,F,0.227689,00000100,22.7689,X]
[26,F,0.250217,00000010,25.0217,X]
[15,F,0.261561,00001000,26.1561,X]
[8,F,0.284125,00010000,28.4125,X]
[22,F,0.354642,00000100,35.4642,X]
[9,F,0.358344,00010000,35.8344,X]
[23,F,0.383939,00000100,38.3939,X]
[27,F,0.444553,00000010,44.4553,X]
[6,F,0.445459,00100000,44.5459,X]
[10,F,0.505805,00010000,50.5805,X]
[7,F,0.535303,00100000,53.5303,X]
[11,F,0.569281,00010000,56.9281,X]
[1,F,0.593675,10000000,59.3675,X]
[5,F,0.64348,01000000,64.348,X]
[2,F,0.659105,10000000,65.9105,X]
[24,F,0.674955,00000100,67.4955,X]
[31,F,0.6875,00000001,68.75,X]
[28,F,0.708225,00000010,70.8225,X]
[16,F,0.708827,00001000,70.8827,X]
[3,F,0.752855,10000000,75.2855,X]
[4,F,0.777269,10000000,77.7269,X]
[12,F,0.876898,00010000,87.6898,X]
[17,F,0.899256,00001000,89.9256,X]
[25,F,0.978666,00000100,97.8666,X]
[29,F,0.985569,00000010,98.5569,X]
GUIDE_TREE_PARTITION1=(((((((t1:57.82,t2:57.82):16.97,t3:74.79):17.11,t4:91.9):2.94,t5:94.84):2.02,t6:96.86):2.63,t7:99.49):0.51,t8:100);
