Taxa bit representation:
t1 10000000
t2 01000000
t3 00100000
t4 00010000
t5 00001000
t6 00000100
t7 00000010
t8 00000001
Clade List (<taxon members> = <clade name>): 

>Dataset_0
[0,F,0.0410156,11111100,4.10156,X]
[24,F,0.0800781,00000011,8.00781,X]
[1,F,0.183567,11110000,18.3567,X]
[25,F,0.184919,00000010,18.4919,X]
[39,F,0.220075,00000001,22.0075,X]
[26,F,0.226911,00000010,22.6911,X]
[27,F,0.286481,00000010,28.6481,X]
[16,F,0.291966,00001100,29.1966,X]
[28,F,0.32652,00000010,32.652,X]
[2,F,0.353877,11100000,35.3877,X]
[29,F,0.367536,00000010,36.7536,X]
[30,F,0.389997,00000010,38.9997,X]
[31,F,0.465192,00000010,46.5192,X]
[40,F,0.486677,00000001,48.6677,X]
[17,F,0.52927,00001100,52.927,X]
[32,F,0.561872,00000010,56.1872,X]
[41,F,0.58238,00000001,58.238,X]
[33,F,0.588239,00000010,58.8239,X]
[21,F,0.590014,00000100,59.0014,X]
[3,F,0.597041,11100000,59.7041,X]
[18,F,0.604663,00001000,60.4663,X]
[22,F,0.65642,00000100,65.642,X]
[42,F,0.661481,00000001,66.1481,X]
[23,F,0.68767,00000100,68.767,X]
[19,F,0.691577,00001000,69.1577,X]
[4,F,0.789986,11000000,78.9986,X]
[12,F,0.7904,00010000,79.04,X]
[10,F,0.793892,00100000,79.3892,X]
[34,F,0.807966,00000010,80.7966,X]
[43,F,0.807966,00000001,80.7966,X]
[44,F,0.810895,00000001,81.0895,X]
[20,F,0.813647,00001000,81.3647,X]
[35,F,0.828473,00000010,82.8473,X]
[36,F,0.841169,00000010,84.1169,X]
[45,F,0.848981,00000001,84.8981,X]
[37,F,0.851911,00000010,85.1911,X]
[13,F,0.886103,00010000,88.6103,X]
[5,F,0.888377,10000000,88.8377,X]
[6,F,0.889353,01000000,88.9353,X]
[46,F,0.900739,00000001,90.0739,X]
[14,F,0.911494,00010000,91.1494,X]
[38,F,0.914411,00000010,91.4411,X]
[7,F,0.930369,01000000,93.0369,X]
[8,F,0.934275,01000000,93.4275,X]
[11,F,0.94233,00100000,94.233,X]
[9,F,0.964548,01000000,96.4548,X]
[15,F,0.97497,00010000,97.497,X]
GUIDE_TREE_PARTITION1=(((((t1:17.51,t2:17.51):7.3,t3:24.81):39.9,t4:64.71):19.57,(t5:43.44,t6:43.44):40.84):15.72,(t7:82.68,t8:82.68):17.32);
