Taxa bit representation:
t1 10000000
t2 01000000
t3 00100000
t4 00010000
t5 00001000
t6 00000100
t7 00000010
t8 00000001
Clade List (<taxon members> = <clade name>): 

>Dataset_0
[0,F,0.0537109,11110000,5.37109,X]
[20,F,0.0888672,00001111,8.88672,X]
[1,F,0.0996094,11110000,9.96094,X]
[21,F,0.114258,00001111,11.4258,X]
[22,F,0.15625,00001111,15.625,X]
[2,F,0.168945,11110000,16.8945,X]
[23,F,0.244097,00001100,24.4097,X]
[24,F,0.247027,00001100,24.7027,X]
[3,F,0.261719,11110000,26.1719,X]
[4,F,0.263672,11110000,26.3672,X]
[25,F,0.282073,00001000,28.2073,X]
[41,F,0.285112,00000011,28.5113,X]
[26,F,0.3143,00001000,31.43,X]
[5,F,0.321289,11110000,32.1289,X]
[6,F,0.347656,11110000,34.7656,X]
[7,F,0.368164,11110000,36.8164,X]
[42,F,0.387652,00000011,38.7652,X]
[35,F,0.394378,00000100,39.4378,X]
[43,F,0.409136,00000011,40.9136,X]
[36,F,0.425628,00000100,42.5628,X]
[27,F,0.430511,00001000,43.0511,X]
[37,F,0.440277,00000100,44.0277,X]
[12,F,0.468025,00110000,46.8025,X]
[28,F,0.476409,00001000,47.6409,X]
[44,F,0.476519,00000011,47.6519,X]
[8,F,0.477791,11000000,47.7791,X]
[45,F,0.490191,00000011,49.0191,X]
[29,F,0.503753,00001000,50.3753,X]
[13,F,0.538338,00110000,53.8338,X]
[30,F,0.557464,00001000,55.7464,X]
[31,F,0.581878,00001000,58.1878,X]
[14,F,0.597908,00110000,59.7908,X]
[46,F,0.625933,00000011,62.5933,X]
[32,F,0.680511,00001000,68.0511,X]
[15,F,0.681892,00110000,68.1892,X]
[50,F,0.687355,00000001,68.7355,X]
[51,F,0.704933,00000001,70.4933,X]
[38,F,0.711761,00000100,71.1761,X]
[16,F,0.737556,00110000,73.7556,X]
[39,F,0.741058,00000100,74.1058,X]
[9,F,0.792914,10000000,79.2914,X]
[47,F,0.801613,00000010,80.1613,X]
[48,F,0.839698,00000010,83.9698,X]
[17,F,0.870369,00110000,87.0369,X]
[52,F,0.888527,00000001,88.8527,X]
[18,F,0.914314,00110000,91.4314,X]
[10,F,0.917914,10000000,91.7914,X]
[19,F,0.920173,00110000,92.0173,X]
[33,F,0.949066,00001000,94.9066,X]
[11,F,0.971625,10000000,97.1625,X]
[53,F,0.979347,00000001,97.9347,X]
[34,F,0.990081,00001000,99.0081,X]
[54,F,0.998878,00000001,99.8878,X]
[40,F,0.999847,00000100,99.9847,X]
[49,F,0.999855,00000010,99.9855,X]
GUIDE_TREE_PARTITION1=(((t1:23.15,t2:23.15):31.61,(t3:3.63,t4:3.63):51.13):45.24,((t5:74.82,t6:74.82):3.7,(t7:33.12,t8:33.12):45.4):21.48);
