Taxa bit representation:
t1 10000000
t2 01000000
t3 00100000
t4 00010000
t5 00001000
t6 00000100
t7 00000010
t8 00000001
Clade List (<taxon members> = <clade name>): 

>Dataset_0
[0,F,0.00976562,11111110,0.976562,X]
[44,F,0.0390625,00000001,3.90625,X]
[45,F,0.105469,00000001,10.5469,X]
[1,F,0.121094,11111110,12.1094,X]
[46,F,0.125,00000001,12.5,X]
[2,F,0.165516,11111100,16.5516,X]
[21,F,0.280706,00001000,28.0706,X]
[3,F,0.3393,11110000,33.93,X]
[37,F,0.344227,00000010,34.4227,X]
[38,F,0.350086,00000010,35.0086,X]
[4,F,0.377386,11110000,37.7386,X]
[5,F,0.412542,11110000,41.2542,X]
[22,F,0.421331,00001000,42.1331,X]
[6,F,0.457464,11110000,45.7464,X]
[23,F,0.473089,00001000,47.3089,X]
[24,F,0.503362,00001000,50.3362,X]
[39,F,0.511219,00000010,51.1219,X]
[25,F,0.513128,00001000,51.3128,X]
[47,F,0.529297,00000001,52.9297,X]
[7,F,0.548477,11100000,54.8477,X]
[26,F,0.5893,00001000,58.93,X]
[18,F,0.589492,00010000,58.9492,X]
[40,F,0.610828,00000010,61.0828,X]
[8,F,0.631484,11100000,63.1484,X]
[9,F,0.64125,11100000,64.125,X]
[19,F,0.686172,00010000,68.6172,X]
[41,F,0.690906,00000010,69.0906,X]
[42,F,0.724109,00000010,72.4109,X]
[27,F,0.74262,00001000,74.262,X]
[28,F,0.749456,00001000,74.9456,X]
[10,F,0.754502,11000000,75.4502,X]
[29,F,0.783636,00001000,78.3636,X]
[48,F,0.793945,00000001,79.3945,X]
[33,F,0.808483,00000100,80.8483,X]
[34,F,0.822155,00000100,82.2155,X]
[17,F,0.82872,00100000,82.872,X]
[35,F,0.902233,00000100,90.2233,X]
[11,F,0.904081,10000000,90.4081,X]
[30,F,0.909612,00001000,90.9612,X]
[31,F,0.912542,00001000,91.2542,X]
[12,F,0.939237,10000000,93.9237,X]
[14,F,0.939237,01000000,93.9237,X]
[36,F,0.939342,00000100,93.9342,X]
[32,F,0.940862,00001000,94.0862,X]
[15,F,0.943144,01000000,94.3144,X]
[20,F,0.957656,00010000,95.7656,X]
[43,F,0.970203,00000010,97.0203,X]
[16,F,0.973417,01000000,97.3417,X]
[49,F,0.99707,00000001,99.707,X]
[13,F,0.999784,10000000,99.9784,X]
GUIDE_TREE_PARTITION1=(((((((t1:14.67,t2:14.67):11.54,t3:26.21):25.29,t4:51.5):20.82,t5:72.32):9.82,t6:82.14):5.41,t7:87.55):12.45,t8:100);
