Taxa bit representation:
t1 10000000
t2 01000000
t3 00100000
t4 00010000
t5 00001000
t6 00000100
t7 00000010
t8 00000001
Clade List (<taxon members> = <clade name>): 

>Dataset_0
[12,F,0.0652625,00001100,6.52625,X]
[0,F,0.169755,11110000,16.9755,X]
[17,F,0.209961,00000011,20.9961,X]
[13,F,0.246903,00001100,24.6903,X]
[14,F,0.296708,00001100,29.6708,X]
[1,F,0.311178,11100000,31.1178,X]
[2,F,0.389303,11100000,38.9303,X]
[9,F,0.585133,00100000,58.5133,X]
[18,F,0.588867,00000011,58.8867,X]
[15,F,0.610184,00001100,61.0184,X]
[19,F,0.672852,00000011,67.2852,X]
[3,F,0.678773,10000000,67.8773,X]
[10,F,0.754078,00100000,75.4078,X]
[6,F,0.757875,01000000,75.7875,X]
[20,F,0.797313,00000010,79.7313,X]
[4,F,0.827211,10000000,82.7211,X]
[11,F,0.902516,00100000,90.2516,X]
[7,F,0.906312,01000000,90.6312,X]
[8,F,0.917055,01000000,91.7055,X]
[16,F,0.93245,00001100,93.245,X]
[5,F,0.973695,10000000,97.3695,X]
GUIDE_TREE_PARTITION1=(((((t1:35.15,t2:35.15):9.95,t3:45.1):25.54,t4:70.64):26.74,(t5:4.63,t6:4.63):92.75):2.62,(t7:21.05,t8:21.05):78.95);
