Taxa bit representation:
t1 10000000
t2 01000000
t3 00100000
t4 00010000
t5 00001000
t6 00000100
t7 00000010
t8 00000001
Clade List (<taxon members> = <clade name>): 

>Dataset_0
[26,F,0.000976562,00000001,0.0976562,X]
[27,F,0.0146484,00000001,1.46484,X]
[28,F,0.0556641,00000001,5.56641,X]
[0,F,0.0732422,11111110,7.32422,X]
[1,F,0.186523,11111110,18.6523,X]
[2,F,0.272461,11111110,27.2461,X]
[3,F,0.434544,11111100,43.4544,X]
[24,F,0.442356,00000010,44.2356,X]
[4,F,0.450169,11111100,45.0169,X]
[29,F,0.537109,00000001,53.7109,X]
[5,F,0.588841,11111100,58.8841,X]
[17,F,0.663297,00000100,66.3297,X]
[6,F,0.680875,11111000,68.0875,X]
[18,F,0.705289,00000100,70.5289,X]
[19,F,0.734586,00000100,73.4586,X]
[12,F,0.754419,00001000,75.4419,X]
[25,F,0.755833,00000010,75.5833,X]
[13,F,0.766138,00001000,76.6137,X]
[20,F,0.769742,00000100,76.9742,X]
[7,F,0.77102,11110000,77.102,X]
[30,F,0.779297,00000001,77.9297,X]
[21,F,0.792203,00000100,79.2203,X]
[31,F,0.798828,00000001,79.8828,X]
[32,F,0.803711,00000001,80.3711,X]
[33,F,0.832031,00000001,83.2031,X]
[34,F,0.869141,00000001,86.9141,X]
[14,F,0.883325,00001000,88.3325,X]
[22,F,0.887906,00000100,88.7906,X]
[9,F,0.908,00010000,90.8,X]
[10,F,0.913859,00010000,91.3859,X]
[11,F,0.918742,00010000,91.8742,X]
[8,F,0.923847,00100000,92.3847,X]
[23,F,0.937711,00000100,93.7711,X]
[15,F,0.956567,00001000,95.6567,X]
[16,F,0.975122,00001000,97.5122,X]
[35,F,0.990234,00000001,99.0234,X]
GUIDE_TREE_PARTITION1=(((((((t1:0.77,t2:0.77):12.9,t3:13.67):8.03,t4:21.7):4.03,t5:25.73):10.87,t6:36.6):28.93,t7:65.53):34.47,t8:100);
