Taxa bit representation:
t1 10000000
t2 01000000
t3 00100000
t4 00010000
t5 00001000
t6 00000100
t7 00000010
t8 00000001
Clade List (<taxon members> = <clade name>): 

>Dataset_0
[38,F,0.00488281,00000011,0.488281,X]
[0,F,0.0146484,11111100,1.46484,X]
[1,F,0.106445,11111100,10.6445,X]
[2,F,0.132812,11111100,13.2812,X]
[39,F,0.152344,00000011,15.2344,X]
[3,F,0.166016,11111100,16.6016,X]
[4,F,0.302598,11110000,30.2598,X]
[5,F,0.361192,11110000,36.1192,X]
[26,F,0.421739,00001100,42.1739,X]
[6,F,0.462755,11110000,46.2755,X]
[40,F,0.517578,00000011,51.7578,X]
[16,F,0.538358,00100000,53.8358,X]
[27,F,0.585802,00001100,58.5802,X]
[41,F,0.609375,00000011,60.9375,X]
[28,F,0.626455,00001000,62.6455,X]
[17,F,0.655545,00100000,65.5545,X]
[31,F,0.659658,00000100,65.9658,X]
[42,F,0.672852,00000011,67.2852,X]
[7,F,0.721952,11000000,72.1952,X]
[32,F,0.723134,00000100,72.3134,X]
[33,F,0.727041,00000100,72.7041,X]
[34,F,0.749502,00000100,74.9502,X]
[8,F,0.758084,11000000,75.8084,X]
[22,F,0.768681,00010000,76.8681,X]
[9,F,0.772733,11000000,77.2733,X]
[18,F,0.777616,00100000,77.7616,X]
[43,F,0.804688,00000011,80.4688,X]
[13,F,0.806812,01000000,80.6812,X]
[44,F,0.811523,00000011,81.1523,X]
[19,F,0.829373,00100000,82.9373,X]
[35,F,0.851064,00000100,85.1064,X]
[20,F,0.855741,00100000,85.5741,X]
[36,F,0.868642,00000100,86.8642,X]
[14,F,0.874195,01000000,87.4195,X]
[45,F,0.883789,00000011,88.3789,X]
[29,F,0.909658,00001000,90.9658,X]
[23,F,0.915166,00010000,91.5166,X]
[10,F,0.934742,10000000,93.4742,X]
[46,F,0.939078,00000010,93.9078,X]
[30,F,0.941884,00001000,94.1884,X]
[15,F,0.944508,01000000,94.4508,X]
[11,F,0.945484,10000000,94.5484,X]
[37,F,0.953603,00000100,95.3603,X]
[24,F,0.962041,00010000,96.2041,X]
[25,F,0.976689,00010000,97.6689,X]
[21,F,0.981717,00100000,98.1717,X]
[12,F,0.992359,10000000,99.2359,X]
GUIDE_TREE_PARTITION1=(((((t1:20.1,t2:20.1):31.24,t3:51.34):1.87,t4:53.21):27.37,(t5:39.21,t6:39.21):41.37):19.42,(t7:7.85,t8:7.85):92.15);
