Taxa bit representation:
t1 10000000
t2 01000000
t3 00100000
t4 00010000
t5 00001000
t6 00000100
t7 00000010
t8 00000001
Clade List (<taxon members> = <clade name>): 

>Dataset_0
[112,F,0.0371063,00000010,3.71062,X]
[134,F,0.0400391,00000001,4.00391,X]
[0,F,0.080075,11111100,8.0075,X]
[1,F,0.0830047,11111100,8.30047,X]
[2,F,0.105466,11111100,10.5466,X]
[135,F,0.116211,00000001,11.6211,X]
[113,F,0.118161,00000010,11.8161,X]
[136,F,0.167969,00000001,16.7969,X]
[3,F,0.16903,11111000,16.903,X]
[137,F,0.192383,00000001,19.2383,X]
[114,F,0.200192,00000010,20.0192,X]
[115,F,0.211911,00000010,21.1911,X]
[4,F,0.212975,11111000,21.2975,X]
[116,F,0.216794,00000010,21.6794,X]
[83,F,0.219811,00000100,21.9811,X]
[117,F,0.246091,00000010,24.6091,X]
[84,F,0.255944,00000100,25.5944,X]
[85,F,0.25985,00000100,25.985,X]
[86,F,0.261803,00000100,26.1803,X]
[68,F,0.264137,00001000,26.4137,X]
[138,F,0.265625,00000001,26.5625,X]
[87,F,0.266686,00000100,26.6686,X]
[118,F,0.272458,00000010,27.2458,X]
[5,F,0.277809,11110000,27.7809,X]
[88,F,0.279381,00000100,27.9381,X]
[69,F,0.279762,00001000,27.9762,X]
[89,F,0.280358,00000100,28.0358,X]
[90,F,0.284264,00000100,28.4264,X]
[91,F,0.290123,00000100,29.0123,X]
[70,F,0.296364,00001000,29.6364,X]
[6,F,0.302223,11110000,30.2223,X]
[71,F,0.323708,00001000,32.3708,X]
[72,F,0.335427,00001000,33.5427,X]
[92,F,0.341881,00000100,34.1881,X]
[119,F,0.365231,00000010,36.5231,X]
[48,F,0.368072,00010000,36.8072,X]
[73,F,0.36863,00001000,36.863,X]
[49,F,0.376861,00010000,37.6861,X]
[7,F,0.378814,11100000,37.8814,X]
[50,F,0.38858,00010000,38.858,X]
[93,F,0.390709,00000100,39.0709,X]
[139,F,0.412109,00000001,41.2109,X]
[120,F,0.424802,00000010,42.4802,X]
[51,F,0.449127,00010000,44.9127,X]
[74,F,0.470192,00001000,47.0192,X]
[94,F,0.473717,00000100,47.3717,X]
[75,F,0.474098,00001000,47.4098,X]
[121,F,0.482419,00000010,48.2419,X]
[8,F,0.486236,11100000,48.6236,X]
[95,F,0.502037,00000100,50.2037,X]
[52,F,0.51358,00010000,51.358,X]
[122,F,0.526364,00000010,52.6364,X]
[96,F,0.535241,00000100,53.5241,X]
[97,F,0.536217,00000100,53.6217,X]
[9,F,0.54713,11000000,54.713,X]
[10,F,0.548106,11000000,54.8106,X]
[123,F,0.551755,00000010,55.1755,X]
[53,F,0.564361,00010000,56.4361,X]
[98,F,0.567467,00000100,56.7467,X]
[99,F,0.570397,00000100,57.0397,X]
[140,F,0.573242,00000001,57.3242,X]
[124,F,0.577145,00000010,57.7145,X]
[54,F,0.578033,00010000,57.8033,X]
[100,F,0.580162,00000100,58.0162,X]
[11,F,0.589122,11000000,58.9122,X]
[141,F,0.59082,00000001,59.082,X]
[30,F,0.594005,00100000,59.4005,X]
[125,F,0.596677,00000010,59.6677,X]
[12,F,0.598887,11000000,59.8887,X]
[142,F,0.606445,00000001,60.6445,X]
[126,F,0.611325,00000010,61.1325,X]
[31,F,0.616466,00100000,61.6466,X]
[32,F,0.619395,00100000,61.9395,X]
[101,F,0.621178,00000100,62.1178,X]
[102,F,0.625084,00000100,62.5084,X]
[143,F,0.631836,00000001,63.1836,X]
[33,F,0.635997,00100000,63.5997,X]
[55,F,0.640533,00010000,64.0533,X]
[127,F,0.649411,00000010,64.9411,X]
[13,F,0.660792,10000000,66.0792,X]
[34,F,0.665294,00100000,66.5294,X]
[56,F,0.665923,00010000,66.5923,X]
[103,F,0.667077,00000100,66.7077,X]
[76,F,0.673317,00001000,67.3317,X]
[57,F,0.676666,00010000,67.6666,X]
[58,F,0.678619,00010000,67.8619,X]
[14,F,0.6813,10000000,68.13,X]
[15,F,0.682277,10000000,68.2277,X]
[128,F,0.688473,00000010,68.8473,X]
[16,F,0.689112,10000000,68.9112,X]
[24,F,0.694972,01000000,69.4972,X]
[35,F,0.696544,00100000,69.6544,X]
[77,F,0.696755,00001000,69.6755,X]
[25,F,0.706691,01000000,70.6691,X]
[17,F,0.710597,10000000,71.0597,X]
[144,F,0.710938,00000001,71.0938,X]
[104,F,0.7286,00000100,72.86,X]
[26,F,0.735987,01000000,73.5987,X]
[59,F,0.737212,00010000,73.7212,X]
[145,F,0.745117,00000001,74.5117,X]
[36,F,0.749278,00100000,74.9278,X]
[105,F,0.751061,00000100,75.1061,X]
[37,F,0.753184,00100000,75.3184,X]
[38,F,0.756114,00100000,75.6114,X]
[39,F,0.758067,00100000,75.8067,X]
[60,F,0.76358,00010000,76.358,X]
[61,F,0.772369,00010000,77.2369,X]
[27,F,0.773097,01000000,77.3097,X]
[40,F,0.783458,00100000,78.3458,X]
[78,F,0.784645,00001000,78.4645,X]
[79,F,0.798317,00001000,79.8317,X]
[62,F,0.799712,00010000,79.9712,X]
[80,F,0.801247,00001000,80.1247,X]
[18,F,0.8063,10000000,80.63,X]
[106,F,0.806725,00000100,80.6725,X]
[129,F,0.807614,00000010,80.7614,X]
[146,F,0.816406,00000001,81.6406,X]
[147,F,0.824219,00000001,82.4219,X]
[41,F,0.824473,00100000,82.4473,X]
[148,F,0.833008,00000001,83.3008,X]
[81,F,0.833473,00001000,83.3473,X]
[107,F,0.836998,00000100,83.6998,X]
[63,F,0.844634,00010000,84.4634,X]
[64,F,0.846587,00010000,84.6587,X]
[130,F,0.849606,00000010,84.9606,X]
[131,F,0.856442,00000010,85.6442,X]
[28,F,0.861964,01000000,86.1964,X]
[29,F,0.867823,01000000,86.7823,X]
[42,F,0.871348,00100000,87.1348,X]
[65,F,0.877837,00010000,87.7837,X]
[108,F,0.88192,00000100,88.192,X]
[19,F,0.892237,10000000,89.2237,X]
[109,F,0.903405,00000100,90.3405,X]
[110,F,0.91317,00000100,91.317,X]
[43,F,0.913341,00100000,91.3341,X]
[20,F,0.916652,10000000,91.6652,X]
[44,F,0.952403,00100000,95.2403,X]
[111,F,0.954186,00000100,95.4186,X]
[45,F,0.956309,00100000,95.6309,X]
[21,F,0.961573,10000000,96.1573,X]
[66,F,0.961822,00010000,96.1822,X]
[46,F,0.968028,00100000,96.8028,X]
[22,F,0.968409,10000000,96.8409,X]
[23,F,0.975245,10000000,97.5245,X]
[67,F,0.98233,00010000,98.233,X]
[47,F,0.98463,00100000,98.463,X]
[132,F,0.985348,00000010,98.5348,X]
[133,F,0.996091,00000010,99.6091,X]
[82,F,0.997536,00001000,99.7536,X]
GUIDE_TREE_PARTITION1=(((((((t1:38.12,t2:38.12):7.46,t3:45.58):18.98,t4:64.56):11.37,t5:75.93):7.46,t6:83.39):13.29,t7:96.68):3.32,t8:100);
