Taxa bit representation:
t1 10000000
t2 01000000
t3 00100000
t4 00010000
t5 00001000
t6 00000100
t7 00000010
t8 00000001
Clade List (<taxon members> = <clade name>): 

>Dataset_0
[19,F,0.0644531,00001111,6.44531,X]
[20,F,0.0966797,00001111,9.66797,X]
[0,F,0.135742,11110000,13.5742,X]
[21,F,0.264648,00001111,26.4648,X]
[1,F,0.306641,11110000,30.6641,X]
[2,F,0.336914,11110000,33.6914,X]
[22,F,0.462891,00001111,46.2891,X]
[3,F,0.514648,11110000,51.4648,X]
[23,F,0.584961,00001111,58.4961,X]
[4,F,0.621094,11110000,62.1094,X]
[24,F,0.633789,00001111,63.3789,X]
[25,F,0.647461,00001111,64.7461,X]
[12,F,0.67975,00110000,67.975,X]
[13,F,0.704259,00100000,70.4259,X]
[16,F,0.722814,00010000,72.2814,X]
[26,F,0.729492,00001111,72.9492,X]
[14,F,0.72965,00100000,72.965,X]
[7,F,0.784472,01000000,78.4472,X]
[17,F,0.800939,00010000,80.0939,X]
[5,F,0.801073,10000000,80.1073,X]
[8,F,0.809862,01000000,80.9862,X]
[9,F,0.817675,01000000,81.7675,X]
[15,F,0.818517,00100000,81.8517,X]
[10,F,0.826464,01000000,82.6464,X]
[27,F,0.854878,00001000,85.4878,X]
[6,F,0.858691,10000000,85.8691,X]
[28,F,0.943159,00000001,94.3159,X]
[11,F,0.970995,01000000,97.0995,X]
[18,F,0.994298,00010000,99.4298,X]
GUIDE_TREE_PARTITION1=(((t1:29.17,t2:29.17):5.98,(t3:30.16,t4:30.16):4.99):64.85,((t5:16.27,t6:16.27):9.28,(t7:12.52,t8:12.52):13.03):74.45);
