Taxa bit representation:
t1 10000000
t2 01000000
t3 00100000
t4 00010000
t5 00001000
t6 00000100
t7 00000010
t8 00000001
Clade List (<taxon members> = <clade name>): 

>Dataset_0
[0,F,0.172852,11111110,17.2852,X]
[37,F,0.176758,00000001,17.6758,X]
[1,F,0.192383,11111110,19.2383,X]
[2,F,0.243164,11111110,24.3164,X]
[27,F,0.298597,00000010,29.8597,X]
[38,F,0.337891,00000001,33.7891,X]
[28,F,0.348402,00000010,34.8402,X]
[29,F,0.414808,00000010,41.4808,X]
[30,F,0.435316,00000010,43.5316,X]
[19,F,0.454148,00000100,45.4148,X]
[20,F,0.459031,00000100,45.9031,X]
[39,F,0.463867,00000001,46.3867,X]
[40,F,0.501953,00000001,50.1953,X]
[31,F,0.502698,00000010,50.2698,X]
[41,F,0.506836,00000001,50.6836,X]
[42,F,0.525391,00000001,52.5391,X]
[43,F,0.538086,00000001,53.8086,X]
[44,F,0.556641,00000001,55.6641,X]
[32,F,0.582777,00000010,58.2777,X]
[3,F,0.604464,11110000,60.4464,X]
[15,F,0.607394,00001000,60.7394,X]
[16,F,0.621066,00001000,62.1066,X]
[4,F,0.669894,11110000,66.9894,X]
[17,F,0.669894,00001000,66.9894,X]
[5,F,0.70023,11100000,70.023,X]
[21,F,0.701219,00000100,70.1219,X]
[45,F,0.71875,00000001,71.875,X]
[33,F,0.720472,00000010,72.0472,X]
[22,F,0.725633,00000100,72.5633,X]
[23,F,0.727586,00000100,72.7586,X]
[14,F,0.72855,00010000,72.855,X]
[34,F,0.736097,00000010,73.6097,X]
[24,F,0.752,00000100,75.2,X]
[46,F,0.755859,00000001,75.5859,X]
[25,F,0.762742,00000100,76.2742,X]
[26,F,0.763719,00000100,76.3719,X]
[6,F,0.771519,11100000,77.1519,X]
[47,F,0.790039,00000001,79.0039,X]
[48,F,0.795898,00000001,79.5898,X]
[35,F,0.821058,00000010,82.1058,X]
[18,F,0.836886,00001000,83.6886,X]
[7,F,0.840884,11000000,84.0884,X]
[36,F,0.845472,00000010,84.5472,X]
[10,F,0.86393,01000000,86.393,X]
[8,F,0.878578,10000000,87.8578,X]
[49,F,0.891602,00000001,89.1602,X]
[50,F,0.892578,00000001,89.2578,X]
[9,F,0.916664,10000000,91.6664,X]
[12,F,0.948306,00100000,94.8306,X]
[11,F,0.962562,01000000,96.2562,X]
[13,F,0.962955,00100000,96.2955,X]
[51,F,0.966797,00000001,96.6797,X]
GUIDE_TREE_PARTITION1=(((((((t1:13.9,t2:13.9):4.16,t3:18.06):12.21,t4:30.27):14.85,t5:45.12):10.93,t6:56.05):17.02,t7:73.07):26.93,t8:100);
