Taxa bit representation:
t1 10000000
t2 01000000
t3 00100000
t4 00010000
t5 00001000
t6 00000100
t7 00000010
t8 00000001
Clade List (<taxon members> = <clade name>): 

>Dataset_0
[76,F,0.0654297,00001111,6.54297,X]
[77,F,0.0751953,00001111,7.51953,X]
[78,F,0.107422,00001111,10.7422,X]
[79,F,0.12793,00001111,12.793,X]
[80,F,0.135742,00001111,13.5742,X]
[0,F,0.151867,11000000,15.1867,X]
[81,F,0.154297,00001111,15.4297,X]
[36,F,0.15675,00110000,15.675,X]
[1,F,0.170422,11000000,17.0422,X]
[2,F,0.177258,11000000,17.7258,X]
[82,F,0.198242,00001111,19.8242,X]
[3,F,0.205578,11000000,20.5578,X]
[83,F,0.207031,00001111,20.7031,X]
[37,F,0.21925,00110000,21.925,X]
[38,F,0.220227,00110000,22.0227,X]
[84,F,0.226562,00001111,22.6562,X]
[39,F,0.230969,00110000,23.0969,X]
[40,F,0.266125,00110000,26.6125,X]
[41,F,0.274914,00110000,27.4914,X]
[42,F,0.292492,00110000,29.2492,X]
[43,F,0.331319,00100000,33.1319,X]
[4,F,0.338391,11000000,33.8391,X]
[85,F,0.343642,00001100,34.3642,X]
[86,F,0.345595,00001100,34.5595,X]
[44,F,0.346944,00100000,34.6944,X]
[63,F,0.348897,00010000,34.8897,X]
[5,F,0.36313,10000000,36.313,X]
[22,F,0.368989,01000000,36.8989,X]
[45,F,0.376241,00100000,37.6241,X]
[23,F,0.376802,01000000,37.6802,X]
[46,F,0.377217,00100000,37.7217,X]
[6,F,0.377778,10000000,37.7778,X]
[47,F,0.380147,00100000,38.0147,X]
[64,F,0.411397,00010000,41.1397,X]
[48,F,0.434834,00100000,43.4834,X]
[7,F,0.435395,10000000,43.5395,X]
[24,F,0.444184,01000000,44.4184,X]
[100,F,0.444228,00000011,44.4228,X]
[8,F,0.45395,10000000,45.395,X]
[87,F,0.464736,00001100,46.4736,X]
[25,F,0.473481,01000000,47.3481,X]
[88,F,0.473525,00001100,47.3525,X]
[49,F,0.47585,00100000,47.585,X]
[65,F,0.480733,00010000,48.0733,X]
[9,F,0.495942,10000000,49.5942,X]
[66,F,0.5071,00010000,50.71,X]
[67,F,0.513936,00010000,51.3936,X]
[26,F,0.514497,01000000,51.4497,X]
[101,F,0.518447,00000011,51.8447,X]
[50,F,0.533467,00100000,53.3467,X]
[89,F,0.558486,00001100,55.8486,X]
[102,F,0.564345,00000011,56.4345,X]
[51,F,0.56667,00100000,56.667,X]
[103,F,0.578017,00000011,57.8017,X]
[68,F,0.581319,00010000,58.1319,X]
[10,F,0.583833,10000000,58.3833,X]
[27,F,0.591645,01000000,59.1645,X]
[52,F,0.60085,00100000,60.085,X]
[53,F,0.602803,00100000,60.2803,X]
[11,F,0.603364,10000000,60.3364,X]
[12,F,0.612153,10000000,61.2153,X]
[69,F,0.654561,00010000,65.4561,X]
[13,F,0.665864,10000000,66.5864,X]
[104,F,0.666884,00000011,66.6884,X]
[105,F,0.711806,00000011,71.1806,X]
[90,F,0.715712,00001100,71.5712,X]
[14,F,0.716645,10000000,71.6645,X]
[106,F,0.719619,00000011,71.9619,X]
[15,F,0.739106,10000000,73.9106,X]
[28,F,0.742036,01000000,74.2036,X]
[29,F,0.747895,01000000,74.7895,X]
[70,F,0.753194,00010000,75.3194,X]
[93,F,0.768934,00000100,76.8934,X]
[71,F,0.769795,00010000,76.9795,X]
[54,F,0.779561,00100000,77.9561,X]
[72,F,0.78835,00010000,78.835,X]
[55,F,0.789327,00100000,78.9327,X]
[94,F,0.795302,00000100,79.5302,X]
[73,F,0.798116,00010000,79.8116,X]
[30,F,0.802583,01000000,80.2583,X]
[56,F,0.813741,00100000,81.3741,X]
[31,F,0.814302,01000000,81.4302,X]
[57,F,0.814717,00100000,81.4717,X]
[58,F,0.815694,00100000,81.5694,X]
[95,F,0.823622,00000100,82.3622,X]
[59,F,0.824483,00100000,82.4483,X]
[16,F,0.834809,10000000,83.4809,X]
[60,F,0.835225,00100000,83.5225,X]
[17,F,0.841645,10000000,84.1645,X]
[107,F,0.845595,00000011,84.5595,X]
[108,F,0.848525,00000011,84.8525,X]
[74,F,0.858662,00010000,85.8662,X]
[91,F,0.860731,00001000,86.0731,X]
[111,F,0.868306,00000001,86.8306,X]
[61,F,0.886006,00100000,88.6006,X]
[75,F,0.886983,00010000,88.6983,X]
[92,F,0.891981,00001000,89.1981,X]
[96,F,0.896864,00000100,89.6864,X]
[32,F,0.899262,01000000,89.9262,X]
[112,F,0.911275,00000001,91.1275,X]
[109,F,0.925923,00000010,92.5923,X]
[18,F,0.928559,10000000,92.8559,X]
[97,F,0.930067,00000100,93.0067,X]
[33,F,0.932466,01000000,93.2466,X]
[110,F,0.932759,00000010,93.2759,X]
[98,F,0.93495,00000100,93.495,X]
[19,F,0.935395,10000000,93.5395,X]
[20,F,0.949067,10000000,94.9067,X]
[21,F,0.958833,10000000,95.8833,X]
[99,F,0.978895,00000100,97.8895,X]
[34,F,0.983247,01000000,98.3247,X]
[62,F,0.984639,00100000,98.4639,X]
[35,F,0.98813,01000000,98.813,X]
GUIDE_TREE_PARTITION1=(((t1:63.98,t2:63.98):23.47,(t3:68.04,t4:68.04):19.41):12.55,((t5:28.38,t6:28.38):38.33,(t7:13.56,t8:13.56):53.15):33.29);
