Taxa bit representation:
t1 10000000
t2 01000000
t3 00100000
t4 00010000
t5 00001000
t6 00000100
t7 00000010
t8 00000001
Clade List (<taxon members> = <clade name>): 

>Dataset_0
[0,F,0.0400391,11111100,4.00391,X]
[14,F,0.163086,00000011,16.3086,X]
[15,F,0.241211,00000011,24.1211,X]
[16,F,0.425781,00000011,42.5781,X]
[10,F,0.441534,00000100,44.1534,X]
[11,F,0.541144,00000100,54.1144,X]
[12,F,0.552862,00000100,55.2862,X]
[6,F,0.594014,00010000,59.4014,X]
[17,F,0.595703,00000011,59.5703,X]
[1,F,0.664327,11100000,66.4327,X]
[8,F,0.668097,00001000,66.8097,X]
[2,F,0.677998,11100000,67.7998,X]
[13,F,0.70423,00000100,70.423,X]
[3,F,0.76003,11100000,76.003,X]
[7,F,0.772725,00010000,77.2725,X]
[18,F,0.9199,00000010,91.99,X]
[9,F,0.928839,00001000,92.8839,X]
[4,F,0.93083,10000000,93.083,X]
[5,F,0.991377,10000000,99.1377,X]
GUIDE_TREE_PARTITION1=(((((t1:7.21,t2:7.21):7.67,t3:14.88):46.91,t4:61.79):28.01,(t5:67.37,t6:67.37):22.43):10.2,(t7:33.01,t8:33.01):66.99);
