Taxa bit representation:
t1 10000000
t2 01000000
t3 00100000
t4 00010000
t5 00001000
t6 00000100
t7 00000010
t8 00000001
Clade List (<taxon members> = <clade name>): 

>Dataset_0
[0,F,0.363067,01000000,36.3067,X]
[4,F,0.41983,00001000,41.983,X]
[7,F,0.490142,00000100,49.0142,X]
[1,F,0.52127,01000000,52.127,X]
[2,F,0.563602,00010000,56.3602,X]
[8,F,0.568339,00000011,56.8339,X]
[5,F,0.672759,00001000,67.2759,X]
[3,F,0.680789,00010000,68.0789,X]
[6,F,0.746978,00001000,74.6978,X]
[9,F,0.87108,00000010,87.108,X]
GUIDE_TREE_PARTITION1=(((t1:66.33,t2:66.33):1.23,(t3:64.05,t4:64.05):3.51):32.44,((t5:70.81,t6:70.81):7.61,(t7:16.31,t8:16.31):62.11):21.58);
