Taxa bit representation:
t1 10000000
t2 01000000
t3 00100000
t4 00010000
t5 00001000
t6 00000100
t7 00000010
t8 00000001
Clade List (<taxon members> = <clade name>): 

>Dataset_0
[10,F,0.0869141,00000001,8.69141,X]
[0,F,0.15625,11111110,15.625,X]
[11,F,0.179688,00000001,17.9688,X]
[1,F,0.28125,11111110,28.125,X]
[12,F,0.353516,00000001,35.3516,X]
[13,F,0.606445,00000001,60.6445,X]
[6,F,0.703453,00001000,70.3453,X]
[2,F,0.745573,11000000,74.5573,X]
[4,F,0.791823,00010000,79.1823,X]
[5,F,0.801589,00010000,80.1589,X]
[3,F,0.815886,11000000,81.5886,X]
[9,F,0.822967,00000010,82.2967,X]
[7,F,0.827477,00001000,82.7477,X]
[8,F,0.849938,00001000,84.9938,X]
[14,F,0.853516,00000001,85.3516,X]
GUIDE_TREE_PARTITION1=(((((((t1:14.15,t2:14.15):20.57,t3:34.72):4.75,t4:39.47):2.88,t5:42.35):11.85,t6:54.2):16.14,t7:70.34):29.66,t8:100);
