Taxa bit representation:
t1 10000000
t2 01000000
t3 00100000
t4 00010000
t5 00001000
t6 00000100
t7 00000010
t8 00000001
Clade List (<taxon members> = <clade name>): 

>Dataset_0
[8,F,0.0107422,00000011,1.07422,X]
[9,F,0.0839844,00000011,8.39844,X]
[0,F,0.0898438,11111100,8.98438,X]
[10,F,0.354492,00000011,35.4492,X]
[6,F,0.538847,00001100,53.8847,X]
[7,F,0.632084,00001000,63.2084,X]
[2,F,0.634955,00010000,63.4955,X]
[3,F,0.638861,00010000,63.8861,X]
[11,F,0.729434,00000001,72.9434,X]
[4,F,0.83222,00010000,83.222,X]
[5,F,0.90058,00010000,90.058,X]
[1,F,0.95558,01000000,95.558,X]
[12,F,0.998966,00000001,99.8966,X]
GUIDE_TREE_PARTITION1=(((((t1:39.11,t2:39.11):6.44,t3:45.55):5.31,t4:50.86):7.56,(t5:38.94,t6:38.94):19.48):41.58,(t7:57.33,t8:57.33):42.67);
