Taxa bit representation:
t1 10000000
t2 01000000
t3 00100000
t4 00010000
t5 00001000
t6 00000100
t7 00000010
t8 00000001
Clade List (<taxon members> = <clade name>): 

>Dataset_0
[118,F,0.027025,00000001,2.7025,X]
[119,F,0.0533922,00000001,5.33922,X]
[120,F,0.0875719,00000001,8.75719,X]
[92,F,0.10515,00000010,10.515,X]
[121,F,0.112962,00000001,11.2962,X]
[0,F,0.116211,11111100,11.6211,X]
[1,F,0.12207,11111100,12.207,X]
[93,F,0.129564,00000010,12.9564,X]
[122,F,0.132494,00000001,13.2494,X]
[2,F,0.134766,11111100,13.4766,X]
[3,F,0.146484,11111100,14.6484,X]
[123,F,0.163744,00000001,16.3744,X]
[94,F,0.192064,00000010,19.2064,X]
[124,F,0.200853,00000001,20.0853,X]
[125,F,0.206712,00000001,20.6713,X]
[4,F,0.208984,11111100,20.8984,X]
[95,F,0.222337,00000010,22.2338,X]
[5,F,0.235352,11111100,23.5352,X]
[6,F,0.245117,11111100,24.5117,X]
[126,F,0.255541,00000001,25.5541,X]
[127,F,0.279955,00000001,27.9955,X]
[128,F,0.291673,00000001,29.1673,X]
[96,F,0.294603,00000010,29.4603,X]
[97,F,0.305345,00000010,30.5345,X]
[7,F,0.321289,11111100,32.1289,X]
[129,F,0.32683,00000001,32.683,X]
[130,F,0.329759,00000001,32.9759,X]
[98,F,0.349291,00000010,34.9291,X]
[131,F,0.350267,00000001,35.0267,X]
[8,F,0.351867,11110000,35.1867,X]
[58,F,0.365539,00001100,36.5539,X]
[59,F,0.373352,00001100,37.3352,X]
[132,F,0.382494,00000001,38.2494,X]
[133,F,0.384447,00000001,38.4447,X]
[134,F,0.405931,00000001,40.5931,X]
[60,F,0.411437,00001100,41.1437,X]
[34,F,0.412248,00100000,41.2248,X]
[99,F,0.415697,00000010,41.5697,X]
[135,F,0.42058,00000001,42.058,X]
[136,F,0.423509,00000001,42.3509,X]
[9,F,0.42592,11000000,42.592,X]
[137,F,0.428392,00000001,42.8392,X]
[61,F,0.442687,00001100,44.2687,X]
[138,F,0.444017,00000001,44.4017,X]
[139,F,0.446947,00000001,44.6947,X]
[46,F,0.463272,00010000,46.3272,X]
[62,F,0.467953,00001000,46.7953,X]
[63,F,0.470883,00001000,47.0883,X]
[140,F,0.473314,00000001,47.3314,X]
[21,F,0.477367,01000000,47.7367,X]
[76,F,0.479672,00000100,47.9672,X]
[141,F,0.485033,00000001,48.5033,X]
[64,F,0.49432,00001000,49.432,X]
[10,F,0.494945,10000000,49.4945,X]
[22,F,0.498852,01000000,49.8852,X]
[23,F,0.509594,01000000,50.9594,X]
[100,F,0.512377,00000010,51.2377,X]
[24,F,0.515453,01000000,51.5453,X]
[142,F,0.523119,00000001,52.3119,X]
[25,F,0.532055,01000000,53.2055,X]
[11,F,0.537914,10000000,53.7914,X]
[26,F,0.542797,01000000,54.2797,X]
[143,F,0.543627,00000001,54.3627,X]
[77,F,0.547055,00000100,54.7055,X]
[27,F,0.550609,01000000,55.0609,X]
[47,F,0.556045,00010000,55.6045,X]
[65,F,0.558773,00001000,55.8773,X]
[101,F,0.567064,00000010,56.7064,X]
[144,F,0.574877,00000001,57.4877,X]
[12,F,0.577953,10000000,57.7953,X]
[145,F,0.579759,00000001,57.9759,X]
[48,F,0.587295,00010000,58.7295,X]
[146,F,0.600267,00000001,60.0267,X]
[102,F,0.601244,00000010,60.1244,X]
[103,F,0.619798,00000010,61.9798,X]
[35,F,0.624162,00100000,62.4162,X]
[28,F,0.627758,01000000,62.7758,X]
[13,F,0.632641,10000000,63.2641,X]
[66,F,0.634945,00001000,63.4945,X]
[49,F,0.636123,00010000,63.6123,X]
[36,F,0.639787,00100000,63.9787,X]
[29,F,0.653148,01000000,65.3148,X]
[147,F,0.660814,00000001,66.0814,X]
[148,F,0.661791,00000001,66.1791,X]
[14,F,0.665844,10000000,66.5844,X]
[30,F,0.667797,01000000,66.7797,X]
[37,F,0.672991,00100000,67.2991,X]
[104,F,0.674486,00000010,67.4486,X]
[38,F,0.676897,00100000,67.6897,X]
[149,F,0.682298,00000001,68.2298,X]
[105,F,0.684252,00000010,68.4252,X]
[67,F,0.68768,00001000,68.768,X]
[31,F,0.694164,01000000,69.4164,X]
[39,F,0.700334,00100000,70.0334,X]
[106,F,0.707689,00000010,70.7689,X]
[150,F,0.712572,00000001,71.2572,X]
[15,F,0.714672,10000000,71.4672,X]
[107,F,0.719408,00000010,71.9408,X]
[50,F,0.721084,00010000,72.1084,X]
[108,F,0.728197,00000010,72.8197,X]
[78,F,0.731625,00000100,73.1625,X]
[79,F,0.739437,00000100,73.9437,X]
[109,F,0.750658,00000010,75.0658,X]
[68,F,0.751156,00001000,75.1156,X]
[51,F,0.751358,00010000,75.1358,X]
[80,F,0.753109,00000100,75.3109,X]
[81,F,0.761898,00000100,76.1898,X]
[82,F,0.763852,00000100,76.3852,X]
[110,F,0.771166,00000010,77.1166,X]
[69,F,0.771664,00001000,77.1664,X]
[83,F,0.772641,00000100,77.2641,X]
[40,F,0.774553,00100000,77.4553,X]
[16,F,0.776195,10000000,77.6195,X]
[84,F,0.78143,00000100,78.143,X]
[111,F,0.781908,00000010,78.1908,X]
[41,F,0.782366,00100000,78.2366,X]
[17,F,0.789867,10000000,78.9867,X]
[52,F,0.79628,00010000,79.628,X]
[151,F,0.806322,00000001,80.6322,X]
[70,F,0.807797,00001000,80.7797,X]
[18,F,0.810375,10000000,81.0375,X]
[53,F,0.815811,00010000,81.5811,X]
[71,F,0.820492,00001000,82.0492,X]
[19,F,0.825023,10000000,82.5023,X]
[112,F,0.838548,00000010,83.8548,X]
[42,F,0.847795,00100000,84.7795,X]
[32,F,0.849438,01000000,84.9438,X]
[43,F,0.849748,00100000,84.9748,X]
[20,F,0.858227,10000000,85.8227,X]
[113,F,0.861009,00000010,86.1009,X]
[72,F,0.866391,00001000,86.6391,X]
[85,F,0.867367,00000100,86.7367,X]
[86,F,0.885922,00000100,88.5922,X]
[44,F,0.903459,00100000,90.3459,X]
[87,F,0.907406,00000100,90.7406,X]
[54,F,0.909561,00010000,90.9561,X]
[114,F,0.911791,00000010,91.1791,X]
[152,F,0.91765,00000001,91.765,X]
[73,F,0.922055,00001000,92.2055,X]
[115,F,0.924486,00000010,92.4486,X]
[88,F,0.926937,00000100,92.6937,X]
[55,F,0.930069,00010000,93.0069,X]
[45,F,0.930803,00100000,93.0803,X]
[153,F,0.937181,00000001,93.7181,X]
[74,F,0.944516,00001000,94.4516,X]
[154,F,0.95183,00000001,95.183,X]
[56,F,0.961319,00010000,96.1319,X]
[116,F,0.975267,00000010,97.5267,X]
[155,F,0.985033,00000001,98.5033,X]
[89,F,0.985531,00000100,98.5531,X]
[117,F,0.987962,00000010,98.7963,X]
[57,F,0.989639,00010000,98.9639,X]
[90,F,0.990414,00000100,99.0414,X]
[33,F,0.992016,01000000,99.2016,X]
[91,F,0.992367,00000100,99.2367,X]
[75,F,0.999203,00001000,99.9203,X]
GUIDE_TREE_PARTITION1=(((((t1:54.9,t2:54.9):5.34,t3:60.24):1.05,t4:61.29):6.16,(t5:53.4,t6:53.4):14.05):32.55,(t7:98.86,t8:98.86):1.14);
