Taxa bit representation:
t1 10000000
t2 01000000
t3 00100000
t4 00010000
t5 00001000
t6 00000100
t7 00000010
t8 00000001
Clade List (<taxon members> = <clade name>): 

>Dataset_0
[0,F,0.0107422,11111100,1.07422,X]
[1,F,0.0498047,11111100,4.98047,X]
[2,F,0.0878906,11111100,8.78906,X]
[97,F,0.129883,00000011,12.9883,X]
[98,F,0.135742,00000011,13.5742,X]
[99,F,0.149414,00000011,14.9414,X]
[3,F,0.202148,11111100,20.2148,X]
[4,F,0.213867,11111100,21.3867,X]
[5,F,0.217773,11111100,21.7773,X]
[100,F,0.245117,00000011,24.5117,X]
[6,F,0.25293,11111100,25.293,X]
[101,F,0.265625,00000011,26.5625,X]
[7,F,0.274231,11110000,27.4231,X]
[61,F,0.299622,00001100,29.9622,X]
[102,F,0.299805,00000011,29.9805,X]
[62,F,0.301575,00001100,30.1575,X]
[8,F,0.310364,11110000,31.0364,X]
[9,F,0.336112,11100000,33.6112,X]
[103,F,0.336914,00000011,33.6914,X]
[104,F,0.338867,00000011,33.8867,X]
[10,F,0.340019,11100000,34.0019,X]
[63,F,0.340637,00001100,34.0637,X]
[105,F,0.353516,00000011,35.3516,X]
[45,F,0.360527,00010000,36.0527,X]
[106,F,0.361328,00000011,36.1328,X]
[11,F,0.367362,11100000,36.7362,X]
[64,F,0.36793,00001000,36.793,X]
[12,F,0.372245,11100000,37.2245,X]
[46,F,0.379081,00010000,37.9081,X]
[13,F,0.381459,11000000,38.1459,X]
[65,F,0.389414,00001000,38.9414,X]
[27,F,0.393178,00100000,39.3178,X]
[107,F,0.405273,00000011,40.5273,X]
[28,F,0.408803,00100000,40.8803,X]
[29,F,0.40978,00100000,40.978,X]
[14,F,0.40978,11000000,40.978,X]
[81,F,0.409922,00000100,40.9922,X]
[30,F,0.413686,00100000,41.3686,X]
[82,F,0.420664,00000100,42.0664,X]
[47,F,0.424003,00010000,42.4003,X]
[48,F,0.448417,00010000,44.8417,X]
[108,F,0.451172,00000011,45.1172,X]
[15,F,0.455678,11000000,45.5678,X]
[83,F,0.459727,00000100,45.9727,X]
[109,F,0.461914,00000011,46.1914,X]
[66,F,0.464609,00001000,46.4609,X]
[110,F,0.478516,00000011,47.8516,X]
[49,F,0.490409,00010000,49.0409,X]
[31,F,0.493764,00100000,49.3764,X]
[50,F,0.495292,00010000,49.5292,X]
[32,F,0.508412,00100000,50.8412,X]
[33,F,0.513295,00100000,51.3295,X]
[84,F,0.513437,00000100,51.3438,X]
[67,F,0.527109,00001000,52.7109,X]
[111,F,0.527344,00000011,52.7344,X]
[34,F,0.532827,00100000,53.2827,X]
[68,F,0.544687,00001000,54.4688,X]
[112,F,0.556641,00000011,55.6641,X]
[113,F,0.563477,00000011,56.3477,X]
[114,F,0.569336,00000011,56.9336,X]
[115,F,0.587891,00000011,58.7891,X]
[16,F,0.588491,11000000,58.8491,X]
[51,F,0.591972,00010000,59.1972,X]
[52,F,0.594902,00010000,59.4902,X]
[35,F,0.596303,00100000,59.6303,X]
[116,F,0.616966,00000010,61.6966,X]
[126,F,0.618919,00000001,61.8919,X]
[69,F,0.621836,00001000,62.1836,X]
[85,F,0.621836,00000100,62.1836,X]
[86,F,0.633555,00000100,63.3555,X]
[70,F,0.654062,00001000,65.4062,X]
[53,F,0.657402,00010000,65.7402,X]
[71,F,0.659922,00001000,65.9922,X]
[87,F,0.662852,00000100,66.2852,X]
[72,F,0.663828,00001000,66.3828,X]
[88,F,0.663828,00000100,66.3828,X]
[54,F,0.667167,00010000,66.7167,X]
[117,F,0.680442,00000010,68.0442,X]
[89,F,0.684336,00000100,68.4336,X]
[118,F,0.684348,00000010,68.4348,X]
[36,F,0.696889,00100000,69.6889,X]
[73,F,0.700937,00001000,70.0938,X]
[119,F,0.70388,00000010,70.388,X]
[127,F,0.734153,00000001,73.4153,X]
[120,F,0.741966,00000010,74.1966,X]
[90,F,0.743906,00000100,74.3906,X]
[37,F,0.745717,00100000,74.5717,X]
[121,F,0.747825,00000010,74.7825,X]
[19,F,0.752759,01000000,75.2759,X]
[17,F,0.754713,10000000,75.4712,X]
[74,F,0.755625,00001000,75.5625,X]
[75,F,0.756602,00001000,75.6602,X]
[91,F,0.773203,00000100,77.3203,X]
[128,F,0.774192,00000001,77.4192,X]
[20,F,0.77815,01000000,77.815,X]
[21,F,0.783033,01000000,78.3033,X]
[76,F,0.784922,00001000,78.4922,X]
[122,F,0.788841,00000010,78.8841,X]
[129,F,0.7947,00000001,79.47,X]
[55,F,0.796073,00010000,79.6073,X]
[38,F,0.807241,00100000,80.7241,X]
[123,F,0.811302,00000010,81.1302,X]
[77,F,0.815195,00001000,81.5195,X]
[39,F,0.834584,00100000,83.4584,X]
[22,F,0.84358,01000000,84.358,X]
[56,F,0.847831,00010000,84.7831,X]
[124,F,0.859153,00000010,85.9153,X]
[78,F,0.871836,00001000,87.1836,X]
[40,F,0.887319,00100000,88.7319,X]
[130,F,0.894309,00000001,89.4309,X]
[92,F,0.897227,00000100,89.7227,X]
[131,F,0.898216,00000001,89.8216,X]
[125,F,0.900169,00000010,90.0169,X]
[93,F,0.903086,00000100,90.3086,X]
[41,F,0.90392,00100000,90.392,X]
[42,F,0.90685,00100000,90.685,X]
[23,F,0.917798,01000000,91.7798,X]
[24,F,0.923658,01000000,92.3658,X]
[79,F,0.926523,00001000,92.6523,X]
[57,F,0.928886,00010000,92.8886,X]
[132,F,0.930442,00000001,93.0442,X]
[25,F,0.944166,01000000,94.4166,X]
[94,F,0.948008,00000100,94.8008,X]
[80,F,0.951914,00001000,95.1914,X]
[26,F,0.967603,01000000,96.7603,X]
[58,F,0.969902,00010000,96.9902,X]
[133,F,0.976341,00000001,97.6341,X]
[59,F,0.977714,00010000,97.7714,X]
[60,F,0.978691,00010000,97.8691,X]
[95,F,0.979258,00000100,97.9258,X]
[18,F,0.982252,10000000,98.2252,X]
[43,F,0.983022,00100000,98.3022,X]
[96,F,0.985117,00000100,98.5117,X]
[44,F,0.995717,00100000,99.5717,X]
GUIDE_TREE_PARTITION1=(((((t1:31.56,t2:31.56):30.88,t3:62.44):4.73,t4:67.17):7.36,(t5:63.5,t6:63.5):11.03):25.47,(t7:39.28,t8:39.28):60.72);
