Taxa bit representation:
t1 10000000
t2 01000000
t3 00100000
t4 00010000
t5 00001000
t6 00000100
t7 00000010
t8 00000001
Clade List (<taxon members> = <clade name>): 

>Dataset_0
[0,F,0.00195312,11110000,0.195312,X]
[49,F,0.0117188,00001111,1.17188,X]
[50,F,0.0771484,00001111,7.71484,X]
[51,F,0.0879359,00001100,8.79359,X]
[52,F,0.0986781,00001100,9.86781,X]
[53,F,0.0996547,00001100,9.96547,X]
[1,F,0.101562,11110000,10.1562,X]
[2,F,0.102539,11110000,10.2539,X]
[3,F,0.125,11110000,12.5,X]
[4,F,0.132812,11110000,13.2812,X]
[94,F,0.138717,00000011,13.8717,X]
[95,F,0.144577,00000011,14.4577,X]
[5,F,0.154297,11110000,15.4297,X]
[6,F,0.158203,11110000,15.8203,X]
[96,F,0.158248,00000011,15.8248,X]
[97,F,0.190475,00000011,19.0475,X]
[98,F,0.20903,00000011,20.903,X]
[99,F,0.236373,00000011,23.6373,X]
[7,F,0.239258,11110000,23.9258,X]
[100,F,0.246139,00000011,24.6139,X]
[101,F,0.250045,00000011,25.0045,X]
[54,F,0.260788,00001100,26.0787,X]
[102,F,0.2686,00000011,26.86,X]
[103,F,0.279342,00000011,27.9342,X]
[104,F,0.289108,00000011,28.9108,X]
[55,F,0.30278,00001100,30.278,X]
[105,F,0.322311,00000011,32.2311,X]
[56,F,0.341842,00001100,34.1842,X]
[106,F,0.341842,00000011,34.1842,X]
[57,F,0.344772,00001100,34.4772,X]
[58,F,0.348678,00001100,34.8678,X]
[8,F,0.361328,11110000,36.1328,X]
[9,F,0.376953,11110000,37.6953,X]
[59,F,0.387741,00001100,38.7741,X]
[10,F,0.401367,11110000,40.1367,X]
[107,F,0.424072,00000010,42.4072,X]
[123,F,0.424072,00000001,42.4072,X]
[11,F,0.432617,11110000,43.2617,X]
[12,F,0.44043,11110000,44.043,X]
[60,F,0.447311,00001100,44.7311,X]
[13,F,0.451172,11110000,45.1172,X]
[108,F,0.465087,00000010,46.5087,X]
[109,F,0.473877,00000010,47.3877,X]
[124,F,0.481689,00000001,48.1689,X]
[110,F,0.486572,00000010,48.6572,X]
[111,F,0.495361,00000010,49.5361,X]
[14,F,0.496094,11110000,49.6094,X]
[15,F,0.53125,11110000,53.125,X]
[61,F,0.536058,00001000,53.6058,X]
[33,F,0.54103,00110000,54.103,X]
[62,F,0.54387,00001000,54.387,X]
[63,F,0.545823,00001000,54.5823,X]
[64,F,0.547777,00001000,54.7777,X]
[125,F,0.552002,00000001,55.2002,X]
[112,F,0.557861,00000010,55.7861,X]
[81,F,0.561448,00000100,56.1448,X]
[16,F,0.561538,11000000,56.1538,X]
[82,F,0.565355,00000100,56.5355,X]
[83,F,0.566331,00000100,56.6331,X]
[34,F,0.56642,00110000,56.642,X]
[65,F,0.567308,00001000,56.7308,X]
[17,F,0.567397,11000000,56.7397,X]
[113,F,0.575439,00000010,57.5439,X]
[84,F,0.58098,00000100,58.098,X]
[126,F,0.591064,00000001,59.1064,X]
[127,F,0.595947,00000001,59.5947,X]
[128,F,0.608642,00000001,60.8642,X]
[66,F,0.615159,00001000,61.5159,X]
[67,F,0.622972,00001000,62.2972,X]
[35,F,0.624038,00110000,62.4038,X]
[114,F,0.628173,00000010,62.8173,X]
[36,F,0.644545,00110000,64.4545,X]
[129,F,0.653564,00000001,65.3564,X]
[115,F,0.654541,00000010,65.4541,X]
[68,F,0.656175,00001000,65.6175,X]
[69,F,0.657152,00001000,65.7152,X]
[116,F,0.65747,00000010,65.747,X]
[130,F,0.6604,00000001,66.04,X]
[70,F,0.663011,00001000,66.3011,X]
[18,F,0.664077,11000000,66.4077,X]
[19,F,0.675795,11000000,67.5795,X]
[131,F,0.677978,00000001,67.7978,X]
[85,F,0.680589,00000100,68.0589,X]
[20,F,0.689189,10000000,68.9189,X]
[86,F,0.698167,00000100,69.8167,X]
[87,F,0.699144,00000100,69.9144,X]
[27,F,0.702861,01000000,70.2861,X]
[28,F,0.710673,01000000,71.0673,X]
[21,F,0.710673,10000000,71.0673,X]
[37,F,0.717788,00110000,71.7788,X]
[29,F,0.721416,01000000,72.1416,X]
[132,F,0.721923,00000001,72.1923,X]
[133,F,0.72583,00000001,72.583,X]
[38,F,0.733413,00110000,73.3413,X]
[117,F,0.736572,00000010,73.6572,X]
[39,F,0.740248,00110000,74.0248,X]
[22,F,0.767314,10000000,76.7314,X]
[134,F,0.778564,00000001,77.8564,X]
[71,F,0.784105,00001000,78.4105,X]
[72,F,0.806566,00001000,80.6566,X]
[88,F,0.810472,00000100,81.0472,X]
[73,F,0.817308,00001000,81.7308,X]
[89,F,0.821214,00000100,82.1214,X]
[74,F,0.82805,00001000,82.805,X]
[40,F,0.829116,00110000,82.9116,X]
[118,F,0.830322,00000010,83.0322,X]
[90,F,0.83098,00000100,83.098,X]
[75,F,0.831956,00001000,83.1956,X]
[119,F,0.837158,00000010,83.7158,X]
[41,F,0.84767,00110000,84.767,X]
[120,F,0.856689,00000010,85.6689,X]
[76,F,0.882737,00001000,88.2737,X]
[135,F,0.887939,00000001,88.7939,X]
[77,F,0.895433,00001000,89.5433,X]
[30,F,0.90208,01000000,90.208,X]
[91,F,0.902269,00000100,90.2269,X]
[78,F,0.908128,00001000,90.8128,X]
[79,F,0.915941,00001000,91.5941,X]
[23,F,0.920634,10000000,92.0634,X]
[42,F,0.924819,00110000,92.4819,X]
[121,F,0.928955,00000010,92.8955,X]
[122,F,0.933837,00000010,93.3837,X]
[92,F,0.939378,00000100,93.9378,X]
[136,F,0.948486,00000001,94.8486,X]
[80,F,0.95012,00001000,95.012,X]
[137,F,0.951416,00000001,95.1416,X]
[43,F,0.957045,00110000,95.7045,X]
[24,F,0.95872,10000000,95.872,X]
[45,F,0.96083,00010000,96.083,X]
[46,F,0.965712,00010000,96.5712,X]
[44,F,0.966689,00100000,96.6689,X]
[31,F,0.969463,01000000,96.9463,X]
[25,F,0.972392,10000000,97.2392,X]
[32,F,0.980205,01000000,98.0205,X]
[93,F,0.990159,00000100,99.0159,X]
[47,F,0.995009,00010000,99.5009,X]
[48,F,0.998916,00010000,99.8916,X]
[26,F,0.999736,10000000,99.9736,X]
GUIDE_TREE_PARTITION1=(((t1:31.96,t2:31.96):14.23,(t3:4.21,t4:4.21):41.98):53.81,((t5:51.57,t6:51.57):40.32,(t7:58.96,t8:58.96):32.93):8.11);
