Taxa bit representation:
t1 10000000
t2 01000000
t3 00100000
t4 00010000
t5 00001000
t6 00000100
t7 00000010
t8 00000001
Clade List (<taxon members> = <clade name>): 

>Dataset_0
[0,F,0.0908203,11111110,9.08203,X]
[1,F,0.133789,11111110,13.3789,X]
[96,F,0.221716,00000010,22.1716,X]
[2,F,0.229528,11111100,22.9528,X]
[114,F,0.233398,00000001,23.3398,X]
[97,F,0.242223,00000010,24.2223,X]
[3,F,0.270544,11111100,27.0544,X]
[115,F,0.274414,00000001,27.4414,X]
[116,F,0.295898,00000001,29.5898,X]
[98,F,0.295934,00000010,29.5934,X]
[117,F,0.298828,00000001,29.8828,X]
[99,F,0.312536,00000010,31.2536,X]
[4,F,0.312536,11111100,31.2536,X]
[5,F,0.326208,11111100,32.6208,X]
[6,F,0.345206,11111000,34.5206,X]
[7,F,0.349112,11111000,34.9113,X]
[57,F,0.362477,00001000,36.2477,X]
[58,F,0.366383,00001000,36.6383,X]
[59,F,0.398609,00001000,39.8609,X]
[60,F,0.401539,00001000,40.1539,X]
[118,F,0.40625,00000001,40.625,X]
[61,F,0.414234,00001000,41.4234,X]
[46,F,0.420342,00010000,42.0342,X]
[62,F,0.436695,00001000,43.6695,X]
[119,F,0.44043,00000001,44.043,X]
[8,F,0.446709,11100000,44.6709,X]
[9,F,0.453545,11100000,45.3545,X]
[63,F,0.457203,00001000,45.7203,X]
[33,F,0.473536,00100000,47.3536,X]
[77,F,0.476066,00000100,47.6066,X]
[10,F,0.481348,11000000,48.1348,X]
[120,F,0.486328,00000001,48.6328,X]
[100,F,0.488317,00000010,48.8317,X]
[121,F,0.494141,00000001,49.4141,X]
[64,F,0.497242,00001000,49.7242,X]
[47,F,0.50335,00010000,50.335,X]
[78,F,0.505362,00000100,50.5362,X]
[48,F,0.50628,00010000,50.628,X]
[122,F,0.517578,00000001,51.7578,X]
[65,F,0.523609,00001000,52.3609,X]
[79,F,0.527823,00000100,52.7823,X]
[11,F,0.5292,11000000,52.92,X]
[34,F,0.530177,00100000,53.0177,X]
[80,F,0.536612,00000100,53.6612,X]
[35,F,0.537012,00100000,53.7012,X]
[81,F,0.545402,00000100,54.5402,X]
[101,F,0.546911,00000010,54.6911,X]
[102,F,0.554723,00000010,55.4723,X]
[82,F,0.56005,00000100,56.005,X]
[83,F,0.562003,00000100,56.2003,X]
[123,F,0.56543,00000001,56.543,X]
[36,F,0.569239,00100000,56.9239,X]
[66,F,0.575367,00001000,57.5367,X]
[84,F,0.579581,00000100,57.9581,X]
[124,F,0.582031,00000001,58.2031,X]
[67,F,0.582203,00001000,58.2203,X]
[37,F,0.586817,00100000,58.6817,X]
[38,F,0.590723,00100000,59.0723,X]
[39,F,0.603419,00100000,60.3419,X]
[85,F,0.603995,00000100,60.3995,X]
[86,F,0.616691,00000100,61.6691,X]
[103,F,0.620153,00000010,62.0153,X]
[12,F,0.620723,10000000,62.0723,X]
[26,F,0.627559,01000000,62.7559,X]
[49,F,0.635186,00010000,63.5186,X]
[68,F,0.638844,00001000,63.8844,X]
[40,F,0.648341,00100000,64.8341,X]
[125,F,0.658203,00000001,65.8203,X]
[126,F,0.662109,00000001,66.2109,X]
[104,F,0.678747,00000010,67.8747,X]
[13,F,0.691036,10000000,69.1036,X]
[14,F,0.700802,10000000,70.0802,X]
[27,F,0.706661,01000000,70.6661,X]
[41,F,0.707911,00100000,70.7911,X]
[105,F,0.71488,00000010,71.488,X]
[69,F,0.722828,00001000,72.2828,X]
[50,F,0.727959,00010000,72.7959,X]
[87,F,0.729972,00000100,72.9972,X]
[127,F,0.731445,00000001,73.1445,X]
[70,F,0.732594,00001000,73.2594,X]
[106,F,0.7432,00000010,74.32,X]
[28,F,0.745723,01000000,74.5723,X]
[29,F,0.759395,01000000,75.9395,X]
[128,F,0.763672,00000001,76.3672,X]
[88,F,0.770987,00000100,77.0987,X]
[89,F,0.773917,00000100,77.3917,X]
[15,F,0.774044,10000000,77.4044,X]
[71,F,0.776539,00001000,77.6539,X]
[51,F,0.782647,00010000,78.2647,X]
[72,F,0.785328,00001000,78.5328,X]
[90,F,0.786612,00000100,78.6612,X]
[129,F,0.787109,00000001,78.7109,X]
[130,F,0.790039,00000001,79.0039,X]
[91,F,0.794425,00000100,79.4425,X]
[73,F,0.798023,00001000,79.8023,X]
[16,F,0.803341,10000000,80.3341,X]
[107,F,0.806677,00000010,80.6677,X]
[131,F,0.807617,00000001,80.7617,X]
[108,F,0.807653,00000010,80.7653,X]
[42,F,0.815333,00100000,81.5333,X]
[52,F,0.816827,00010000,81.6827,X]
[53,F,0.817803,00010000,81.7803,X]
[54,F,0.824639,00010000,82.4639,X]
[55,F,0.825616,00010000,82.5616,X]
[109,F,0.83988,00000010,83.988,X]
[17,F,0.841427,10000000,84.1427,X]
[30,F,0.847286,01000000,84.7286,X]
[18,F,0.853145,10000000,85.3145,X]
[19,F,0.860958,10000000,86.0958,X]
[43,F,0.868067,00100000,86.8067,X]
[74,F,0.869312,00001000,86.9312,X]
[44,F,0.871973,00100000,87.1973,X]
[110,F,0.876989,00000010,87.6989,X]
[92,F,0.877433,00000100,87.7433,X]
[20,F,0.887325,10000000,88.7325,X]
[111,F,0.893591,00000010,89.3591,X]
[132,F,0.895508,00000001,89.5508,X]
[112,F,0.903356,00000010,90.3356,X]
[75,F,0.908375,00001000,90.8375,X]
[93,F,0.911612,00000100,91.1612,X]
[21,F,0.915645,10000000,91.5645,X]
[22,F,0.916622,10000000,91.6622,X]
[23,F,0.918575,10000000,91.8575,X]
[94,F,0.922355,00000100,92.2355,X]
[113,F,0.947302,00000010,94.7302,X]
[31,F,0.949825,01000000,94.9825,X]
[24,F,0.950802,10000000,95.0802,X]
[56,F,0.952569,00010000,95.2569,X]
[25,F,0.966427,10000000,96.6427,X]
[76,F,0.967945,00001000,96.7945,X]
[45,F,0.980372,00100000,98.0372,X]
[95,F,0.984855,00000100,98.4855,X]
[32,F,0.988887,01000000,98.8887,X]
[133,F,0.999023,00000001,99.9023,X]
GUIDE_TREE_PARTITION1=(((((((t1:44.08,t2:44.08):9.25,t3:53.33):5.71,t4:59.04):4.81,t5:63.85):2.02,t6:65.87):16.06,t7:81.93):18.07,t8:100);
