Taxa bit representation:
t1 10000000
t2 01000000
t3 00100000
t4 00010000
t5 00001000
t6 00000100
t7 00000010
t8 00000001
Clade List (<taxon members> = <clade name>): 

>Dataset_0
[0,F,0.0361328,11111110,3.61328,X]
[1,F,0.0537109,11111110,5.37109,X]
[42,F,0.0908203,00000001,9.08203,X]
[23,F,0.114389,00000100,11.4389,X]
[2,F,0.121225,11111000,12.1225,X]
[30,F,0.122561,00000010,12.2561,X]
[3,F,0.123178,11111000,12.3178,X]
[24,F,0.127084,00000100,12.7084,X]
[31,F,0.152834,00000010,15.2834,X]
[43,F,0.21875,00000001,21.875,X]
[32,F,0.223147,00000010,22.3147,X]
[17,F,0.23308,00001000,23.308,X]
[33,F,0.267092,00000010,26.7092,X]
[4,F,0.29558,11110000,29.558,X]
[5,F,0.302416,11110000,30.2416,X]
[44,F,0.351562,00000001,35.1562,X]
[25,F,0.360483,00000100,36.0483,X]
[6,F,0.363939,11110000,36.3939,X]
[45,F,0.395508,00000001,39.5508,X]
[18,F,0.403002,00001000,40.3002,X]
[7,F,0.411791,11110000,41.1791,X]
[34,F,0.442873,00000010,44.2873,X]
[35,F,0.463381,00000010,46.3381,X]
[36,F,0.488772,00000010,48.8772,X]
[37,F,0.493655,00000010,49.3655,X]
[46,F,0.525391,00000001,52.5391,X]
[47,F,0.545898,00000001,54.5898,X]
[26,F,0.554819,00000100,55.4819,X]
[38,F,0.56885,00000010,56.885,X]
[39,F,0.582522,00000010,58.2522,X]
[40,F,0.621584,00000010,62.1584,X]
[19,F,0.653002,00001000,65.3002,X]
[8,F,0.658861,11110000,65.8861,X]
[48,F,0.676758,00000001,67.6758,X]
[9,F,0.691088,11110000,69.1088,X]
[15,F,0.721989,00010000,72.1989,X]
[20,F,0.738939,00001000,73.8939,X]
[27,F,0.740366,00000100,74.0366,X]
[41,F,0.763186,00000010,76.3186,X]
[10,F,0.803044,11100000,80.3044,X]
[49,F,0.818359,00000001,81.8359,X]
[28,F,0.829233,00000100,82.9233,X]
[16,F,0.844059,00010000,84.4059,X]
[50,F,0.850586,00000001,85.0586,X]
[11,F,0.851872,11100000,85.1872,X]
[51,F,0.852539,00000001,85.2539,X]
[21,F,0.85515,00001000,85.515,X]
[52,F,0.890625,00000001,89.0625,X]
[29,F,0.935678,00000100,93.5678,X]
[13,F,0.940819,00100000,94.0819,X]
[53,F,0.953125,00000001,95.3125,X]
[22,F,0.97722,00001000,97.722,X]
[12,F,0.980417,01000000,98.0417,X]
[14,F,0.987694,00100000,98.7694,X]
GUIDE_TREE_PARTITION1=(((((((t1:7.72,t2:7.72):5.62,t3:13.34):15.34,t4:28.68):51.43,t5:80.11):9.33,t6:89.44):0.55,t7:89.99):10.01,t8:100);
