Taxa bit representation:
t1 10000000
t2 01000000
t3 00100000
t4 00010000
t5 00001000
t6 00000100
t7 00000010
t8 00000001
Clade List (<taxon members> = <clade name>): 

>Dataset_0
[0,F,0.130859,11110000,13.0859,X]
[6,F,0.166342,00010000,16.6342,X]
[2,F,0.236655,00100000,23.6655,X]
[10,F,0.309141,00001100,30.9141,X]
[7,F,0.315756,00010000,31.5756,X]
[12,F,0.335917,00000010,33.5917,X]
[3,F,0.355795,00100000,35.5795,X]
[13,F,0.358378,00000010,35.8378,X]
[17,F,0.381816,00000001,38.1816,X]
[11,F,0.407773,00001100,40.7773,X]
[8,F,0.434897,00010000,43.4897,X]
[14,F,0.450175,00000010,45.0175,X]
[1,F,0.451736,11000000,45.1736,X]
[15,F,0.514628,00000010,51.4628,X]
[16,F,0.543925,00000010,54.3925,X]
[4,F,0.560873,00100000,56.0873,X]
[18,F,0.571269,00000001,57.1269,X]
[5,F,0.687827,00100000,68.7827,X]
[9,F,0.868491,00010000,86.8491,X]
GUIDE_TREE_PARTITION1=(((t1:3.65,t2:3.65):83.11,(t3:84.44,t4:84.44):2.32):13.24,((t5:2.28,t6:2.28):84.97,(t7:78.42,t8:78.42):8.83):12.75);
