Taxa bit representation:
t1 10000000
t2 01000000
t3 00100000
t4 00010000
t5 00001000
t6 00000100
t7 00000010
t8 00000001
Clade List (<taxon members> = <clade name>): 

>Dataset_0
[0,F,0.0224609,11110000,2.24609,X]
[1,F,0.0449219,11110000,4.49219,X]
[2,F,0.0507812,11110000,5.07812,X]
[3,F,0.0585938,11110000,5.85938,X]
[4,F,0.0625,11110000,6.25,X]
[55,F,0.078125,00001111,7.8125,X]
[5,F,0.113281,11110000,11.3281,X]
[56,F,0.130859,00001111,13.0859,X]
[6,F,0.138672,11110000,13.8672,X]
[7,F,0.143555,11110000,14.3555,X]
[57,F,0.22168,00001111,22.168,X]
[8,F,0.224609,11110000,22.4609,X]
[58,F,0.234375,00001111,23.4375,X]
[9,F,0.257812,11110000,25.7812,X]
[59,F,0.286133,00001111,28.6133,X]
[60,F,0.326172,00001111,32.6172,X]
[61,F,0.341797,00001111,34.1797,X]
[10,F,0.344727,11110000,34.4727,X]
[62,F,0.348653,00001100,34.8653,X]
[11,F,0.367188,11110000,36.7188,X]
[84,F,0.372091,00000011,37.2091,X]
[63,F,0.398458,00001100,39.8458,X]
[85,F,0.414083,00000011,41.4083,X]
[12,F,0.415039,11110000,41.5039,X]
[13,F,0.422852,11110000,42.2852,X]
[14,F,0.424805,11110000,42.4805,X]
[86,F,0.428731,00000011,42.8731,X]
[64,F,0.436544,00001100,43.6544,X]
[15,F,0.445312,11110000,44.5312,X]
[16,F,0.47168,11110000,47.168,X]
[65,F,0.498067,00001100,49.8067,X]
[87,F,0.514669,00000011,51.4669,X]
[88,F,0.521505,00000011,52.1505,X]
[17,F,0.526367,11110000,52.6367,X]
[18,F,0.530273,11110000,53.0273,X]
[19,F,0.584927,10000000,58.4927,X]
[33,F,0.590786,01000000,59.0786,X]
[34,F,0.605434,01000000,60.5434,X]
[66,F,0.622091,00001100,62.2091,X]
[20,F,0.624966,10000000,62.4966,X]
[42,F,0.652617,00110000,65.2617,X]
[43,F,0.659453,00110000,65.9453,X]
[67,F,0.66213,00001100,66.213,X]
[21,F,0.673794,10000000,67.3794,X]
[89,F,0.675802,00000011,67.5802,X]
[22,F,0.682583,10000000,68.2583,X]
[44,F,0.684844,00110000,68.4844,X]
[23,F,0.685512,10000000,68.5512,X]
[45,F,0.696562,00110000,69.6562,X]
[35,F,0.699184,01000000,69.9184,X]
[36,F,0.703091,01000000,70.3091,X]
[68,F,0.708028,00001100,70.8028,X]
[37,F,0.710903,01000000,71.0903,X]
[90,F,0.738302,00000011,73.8302,X]
[24,F,0.745083,10000000,74.5083,X]
[25,F,0.758755,10000000,75.8755,X]
[26,F,0.772427,10000000,77.2427,X]
[91,F,0.774434,00000011,77.4434,X]
[38,F,0.775356,01000000,77.5356,X]
[74,F,0.784877,00000100,78.4877,X]
[92,F,0.792013,00000011,79.2013,X]
[75,F,0.792689,00000100,79.2689,X]
[39,F,0.795864,01000000,79.5864,X]
[76,F,0.801478,00000100,80.1478,X]
[77,F,0.824916,00000100,82.4916,X]
[69,F,0.838588,00001000,83.8588,X]
[46,F,0.852812,00110000,85.2812,X]
[78,F,0.864955,00000100,86.4955,X]
[79,F,0.869838,00000100,86.9838,X]
[70,F,0.876673,00001000,87.6673,X]
[27,F,0.878872,10000000,87.8872,X]
[93,F,0.887517,00000010,88.7517,X]
[47,F,0.893828,00110000,89.3828,X]
[40,F,0.89645,01000000,89.645,X]
[80,F,0.898158,00000100,89.8158,X]
[99,F,0.899236,00000001,89.9236,X]
[71,F,0.904017,00001000,90.4017,X]
[48,F,0.906506,00100000,90.6506,X]
[28,F,0.907192,10000000,90.7192,X]
[94,F,0.910955,00000010,91.0955,X]
[95,F,0.911931,00000010,91.1931,X]
[29,F,0.914028,10000000,91.4028,X]
[49,F,0.919202,00100000,91.9202,X]
[81,F,0.920619,00000100,92.0619,X]
[100,F,0.92072,00000001,92.072,X]
[30,F,0.920864,10000000,92.0864,X]
[72,F,0.921595,00001000,92.1595,X]
[96,F,0.925603,00000010,92.5603,X]
[82,F,0.926478,00000100,92.6478,X]
[97,F,0.92658,00000010,92.658,X]
[53,F,0.927014,00010000,92.7014,X]
[50,F,0.927014,00100000,92.7014,X]
[54,F,0.929944,00010000,92.9944,X]
[83,F,0.936244,00000100,93.6244,X]
[41,F,0.937466,01000000,93.7466,X]
[31,F,0.938442,10000000,93.8442,X]
[98,F,0.956853,00000010,95.6853,X]
[51,F,0.964123,00100000,96.4123,X]
[101,F,0.966619,00000001,96.6619,X]
[73,F,0.975306,00001000,97.5306,X]
[32,F,0.985317,10000000,98.5317,X]
[52,F,0.985608,00100000,98.5608,X]
GUIDE_TREE_PARTITION1=(((t1:44.73,t2:44.73):2.02,(t3:9.74,t4:9.74):37.01):53.25,((t5:27.86,t6:27.86):37.47,(t7:17.01,t8:17.01):48.32):34.67);
