Taxa bit representation:
t1 10000000
t2 01000000
t3 00100000
t4 00010000
t5 00001000
t6 00000100
t7 00000010
t8 00000001
Clade List (<taxon members> = <clade name>): 

>Dataset_0
[13,F,0.0634766,00000001,6.34766,X]
[14,F,0.160156,00000001,16.0156,X]
[0,F,0.303931,11111000,30.3931,X]
[10,F,0.372458,00000010,37.2458,X]
[5,F,0.380103,00000100,38.0103,X]
[6,F,0.41233,00000100,41.233,X]
[7,F,0.416236,00000100,41.6236,X]
[15,F,0.459961,00000001,45.9961,X]
[16,F,0.537109,00000001,53.7109,X]
[11,F,0.547262,00000010,54.7262,X]
[17,F,0.56543,00000001,56.543,X]
[18,F,0.650391,00000001,65.0391,X]
[3,F,0.671077,00001000,67.1077,X]
[8,F,0.770728,00000100,77.0728,X]
[9,F,0.793189,00000100,79.3189,X]
[2,F,0.874519,00010000,87.4519,X]
[19,F,0.928711,00000001,92.8711,X]
[4,F,0.932795,00001000,93.2795,X]
[1,F,0.949055,10000000,94.9055,X]
[12,F,0.967184,00000010,96.7184,X]
GUIDE_TREE_PARTITION1=(((((((t1:6.95,t2:6.95):1.89,t3:8.84):11.13,t4:19.97):31.77,t5:51.74):19.82,t6:71.56):15.12,t7:86.68):13.32,t8:100);
