Taxa bit representation:
t1 10000000
t2 01000000
t3 00100000
t4 00010000
t5 00001000
t6 00000100
t7 00000010
t8 00000001
Clade List (<taxon members> = <clade name>): 

>Dataset_0
[37,F,0.108398,00000001,10.8398,X]
[38,F,0.172852,00000001,17.2852,X]
[39,F,0.200195,00000001,20.0195,X]
[40,F,0.222656,00000001,22.2656,X]
[31,F,0.245144,00000010,24.5144,X]
[32,F,0.336941,00000010,33.6941,X]
[0,F,0.35673,11111000,35.673,X]
[33,F,0.429714,00000010,42.9714,X]
[24,F,0.438761,00000100,43.8761,X]
[1,F,0.45048,11111000,45.048,X]
[25,F,0.456339,00000100,45.6339,X]
[34,F,0.487331,00000010,48.7331,X]
[41,F,0.504883,00000001,50.4883,X]
[14,F,0.522353,00001000,52.2353,X]
[42,F,0.522461,00000001,52.2461,X]
[15,F,0.529189,00001000,52.9189,X]
[16,F,0.602431,00001000,60.2431,X]
[35,F,0.620144,00000010,62.0144,X]
[17,F,0.64247,00001000,64.247,X]
[2,F,0.6454,11110000,64.54,X]
[18,F,0.647353,00001000,64.7353,X]
[43,F,0.650391,00000001,65.0391,X]
[44,F,0.655273,00000001,65.5273,X]
[19,F,0.656142,00001000,65.6142,X]
[20,F,0.670791,00001000,67.0791,X]
[21,F,0.724502,00001000,72.4502,X]
[26,F,0.736613,00000100,73.6612,X]
[22,F,0.737197,00001000,73.7197,X]
[3,F,0.762928,11100000,76.2928,X]
[23,F,0.783095,00001000,78.3095,X]
[12,F,0.796131,00010000,79.6131,X]
[4,F,0.801014,11100000,80.1014,X]
[5,F,0.826405,11100000,82.6405,X]
[27,F,0.829386,00000100,82.9386,X]
[11,F,0.884311,00100000,88.4311,X]
[36,F,0.885769,00000010,88.5769,X]
[9,F,0.907272,01000000,90.7272,X]
[45,F,0.911133,00000001,91.1133,X]
[28,F,0.911417,00000100,91.1417,X]
[29,F,0.928995,00000100,92.8995,X]
[10,F,0.940475,01000000,94.0475,X]
[46,F,0.947266,00000001,94.7266,X]
[6,F,0.947311,10000000,94.7311,X]
[30,F,0.952433,00000100,95.2433,X]
[7,F,0.9561,10000000,95.61,X]
[8,F,0.976608,10000000,97.6608,X]
[13,F,0.996327,00010000,99.6327,X]
GUIDE_TREE_PARTITION1=(((((((t1:16.89,t2:16.89):0.05,t3:16.94):11.65,t4:28.59):25.62,t5:54.21):22.91,t6:77.12):7.35,t7:84.47):15.53,t8:100);
