Taxa bit representation:
t1 10000000
t2 01000000
t3 00100000
t4 00010000
t5 00001000
t6 00000100
t7 00000010
t8 00000001
Clade List (<taxon members> = <clade name>): 

>Dataset_0
[0,F,0.0078125,11111110,0.78125,X]
[68,F,0.0315062,00000010,3.15062,X]
[1,F,0.0428594,11111000,4.28594,X]
[2,F,0.119031,11111000,11.9031,X]
[69,F,0.126233,00000010,12.6233,X]
[98,F,0.126953,00000001,12.6953,X]
[99,F,0.134766,00000001,13.4766,X]
[48,F,0.151258,00000100,15.1258,X]
[49,F,0.15907,00000100,15.907,X]
[70,F,0.160413,00000010,16.0413,X]
[71,F,0.165295,00000010,16.5295,X]
[3,F,0.165906,11111000,16.5906,X]
[72,F,0.172131,00000010,17.2131,X]
[100,F,0.182617,00000001,18.2617,X]
[73,F,0.190686,00000010,19.0686,X]
[101,F,0.206055,00000001,20.6055,X]
[50,F,0.223523,00000100,22.3523,X]
[4,F,0.22743,11111000,22.743,X]
[102,F,0.235352,00000001,23.5352,X]
[103,F,0.240234,00000001,24.0234,X]
[74,F,0.258069,00000010,25.8069,X]
[75,F,0.268811,00000010,26.8811,X]
[51,F,0.273328,00000100,27.3328,X]
[76,F,0.278577,00000010,27.8577,X]
[5,F,0.295789,11111000,29.5789,X]
[52,F,0.307508,00000100,30.7508,X]
[53,F,0.325086,00000100,32.5086,X]
[104,F,0.361328,00000001,36.1328,X]
[54,F,0.363172,00000100,36.3172,X]
[6,F,0.365125,11111000,36.5125,X]
[55,F,0.392469,00000100,39.2469,X]
[7,F,0.40907,11111000,40.907,X]
[8,F,0.410047,11111000,41.0047,X]
[105,F,0.421875,00000001,42.1875,X]
[56,F,0.424695,00000100,42.4695,X]
[9,F,0.425672,11111000,42.5672,X]
[106,F,0.442383,00000001,44.2383,X]
[77,F,0.447522,00000010,44.7522,X]
[107,F,0.462891,00000001,46.2891,X]
[57,F,0.465711,00000100,46.5711,X]
[78,F,0.473889,00000010,47.3889,X]
[79,F,0.474866,00000010,47.4866,X]
[58,F,0.479383,00000100,47.9383,X]
[10,F,0.494031,11111000,49.4031,X]
[108,F,0.500977,00000001,50.0977,X]
[80,F,0.507092,00000010,50.7092,X]
[59,F,0.552625,00000100,55.2625,X]
[60,F,0.555555,00000100,55.5555,X]
[11,F,0.562187,11110000,56.2187,X]
[36,F,0.565117,00001000,56.5117,X]
[109,F,0.56543,00000001,56.543,X]
[81,F,0.594006,00000010,59.4006,X]
[37,F,0.597344,00001000,59.7344,X]
[82,F,0.597912,00000010,59.7912,X]
[83,F,0.603772,00000010,60.3772,X]
[61,F,0.605359,00000100,60.5359,X]
[12,F,0.610956,11100000,61.0956,X]
[84,F,0.638928,00000010,63.8928,X]
[110,F,0.641602,00000001,64.1602,X]
[85,F,0.64967,00000010,64.967,X]
[28,F,0.650019,00010000,65.0019,X]
[62,F,0.666883,00000100,66.6883,X]
[63,F,0.681531,00000100,68.1531,X]
[38,F,0.683281,00001000,68.3281,X]
[13,F,0.693566,11000000,69.3566,X]
[64,F,0.697156,00000100,69.7156,X]
[29,F,0.698847,00010000,69.8847,X]
[86,F,0.702405,00000010,70.2405,X]
[30,F,0.724237,00010000,72.4237,X]
[111,F,0.727539,00000001,72.7539,X]
[31,F,0.731073,00010000,73.1073,X]
[24,F,0.734581,00100000,73.4581,X]
[39,F,0.736016,00001000,73.6016,X]
[87,F,0.747327,00000010,74.7327,X]
[32,F,0.747675,00010000,74.7675,X]
[14,F,0.747766,10000000,74.7766,X]
[112,F,0.75,00000001,75,X]
[65,F,0.756727,00000100,75.6727,X]
[33,F,0.76623,00010000,76.623,X]
[15,F,0.76632,10000000,76.632,X]
[88,F,0.771741,00000010,77.1741,X]
[40,F,0.778984,00001000,77.8984,X]
[41,F,0.780937,00001000,78.0938,X]
[16,F,0.781945,10000000,78.1945,X]
[42,F,0.789727,00001000,78.9727,X]
[25,F,0.793175,00100000,79.3175,X]
[113,F,0.797852,00000001,79.7852,X]
[18,F,0.801477,01000000,80.1477,X]
[89,F,0.802014,00000010,80.2014,X]
[17,F,0.808312,10000000,80.8312,X]
[43,F,0.810234,00001000,81.0234,X]
[44,F,0.816094,00001000,81.6094,X]
[114,F,0.823242,00000001,82.3242,X]
[90,F,0.823498,00000010,82.3498,X]
[66,F,0.837781,00000100,83.7781,X]
[26,F,0.843956,00100000,84.3956,X]
[91,F,0.853772,00000010,85.3772,X]
[115,F,0.860352,00000001,86.0352,X]
[67,F,0.861219,00000100,86.1219,X]
[92,F,0.865491,00000010,86.5491,X]
[19,F,0.867883,01000000,86.7883,X]
[20,F,0.870812,01000000,87.0812,X]
[116,F,0.871094,00000001,87.1094,X]
[93,F,0.873303,00000010,87.3303,X]
[45,F,0.874687,00001000,87.4688,X]
[46,F,0.8825,00001000,88.25,X]
[34,F,0.8883,00010000,88.83,X]
[27,F,0.903527,00100000,90.3527,X]
[94,F,0.904553,00000010,90.4553,X]
[117,F,0.924805,00000001,92.4805,X]
[35,F,0.929316,00010000,92.9316,X]
[21,F,0.933312,01000000,93.3312,X]
[95,F,0.934827,00000010,93.4827,X]
[96,F,0.940686,00000010,94.0686,X]
[118,F,0.942383,00000001,94.2383,X]
[119,F,0.954102,00000001,95.4102,X]
[22,F,0.954797,01000000,95.4797,X]
[97,F,0.955334,00000010,95.5334,X]
[23,F,0.957727,01000000,95.7727,X]
[120,F,0.964844,00000001,96.4844,X]
[47,F,0.986016,00001000,98.6016,X]
[121,F,0.990234,00000001,99.0234,X]
GUIDE_TREE_PARTITION1=(((((((t1:26.2,t2:26.2):5.42,t3:31.62):10.8,t4:42.42):6.83,t5:49.25):47.05,t6:96.3):0.94,t7:97.24):2.76,t8:100);
