Taxa bit representation:
t1 10000000
t2 01000000
t3 00100000
t4 00010000
t5 00001000
t6 00000100
t7 00000010
t8 00000001
Clade List (<taxon members> = <clade name>): 

>Dataset_0
[62,F,0.00488281,00001111,0.488281,X]
[0,F,0.046875,11110000,4.6875,X]
[63,F,0.0478516,00001111,4.78516,X]
[1,F,0.0537109,11110000,5.37109,X]
[2,F,0.0584766,11000000,5.84766,X]
[64,F,0.0693359,00001111,6.93359,X]
[65,F,0.0791016,00001111,7.91016,X]
[66,F,0.0800781,00001111,8.00781,X]
[3,F,0.0809375,11000000,8.09375,X]
[4,F,0.0867969,11000000,8.67969,X]
[28,F,0.0926562,00110000,9.26562,X]
[67,F,0.107422,00001111,10.7422,X]
[5,F,0.123906,11000000,12.3906,X]
[6,F,0.128789,11000000,12.8789,X]
[7,F,0.144414,11000000,14.4414,X]
[29,F,0.152227,00110000,15.2227,X]
[68,F,0.183594,00001111,18.3594,X]
[8,F,0.196172,11000000,19.6172,X]
[9,F,0.236211,11000000,23.6211,X]
[69,F,0.249023,00001111,24.9023,X]
[70,F,0.265625,00001111,26.5625,X]
[30,F,0.284062,00110000,28.4062,X]
[71,F,0.308594,00001111,30.8594,X]
[31,F,0.316289,00110000,31.6289,X]
[32,F,0.337773,00110000,33.7773,X]
[72,F,0.356445,00001111,35.6445,X]
[33,F,0.360234,00110000,36.0234,X]
[10,F,0.366094,11000000,36.6094,X]
[34,F,0.377812,00110000,37.7812,X]
[11,F,0.383672,11000000,38.3672,X]
[12,F,0.395391,11000000,39.5391,X]
[73,F,0.407227,00001111,40.7227,X]
[13,F,0.410039,11000000,41.0039,X]
[14,F,0.422734,11000000,42.2734,X]
[35,F,0.424687,00110000,42.4687,X]
[36,F,0.431523,00110000,43.1523,X]
[74,F,0.43457,00001111,43.457,X]
[15,F,0.479375,11000000,47.9375,X]
[75,F,0.498047,00001111,49.8047,X]
[37,F,0.517461,00110000,51.7461,X]
[38,F,0.521367,00110000,52.1367,X]
[76,F,0.53125,00001111,53.125,X]
[39,F,0.551641,00110000,55.1641,X]
[40,F,0.562383,00110000,56.2383,X]
[41,F,0.565312,00110000,56.5312,X]
[91,F,0.571873,00000011,57.1873,X]
[92,F,0.573827,00000011,57.3827,X]
[109,F,0.583213,00000001,58.3212,X]
[42,F,0.595586,00110000,59.5586,X]
[93,F,0.60372,00000010,60.372,X]
[77,F,0.610936,00001100,61.0936,X]
[78,F,0.613866,00001100,61.3866,X]
[79,F,0.617772,00001100,61.7772,X]
[43,F,0.626836,00110000,62.6836,X]
[94,F,0.63497,00000010,63.497,X]
[95,F,0.64083,00000010,64.083,X]
[96,F,0.642783,00000010,64.2783,X]
[16,F,0.647344,11000000,64.7344,X]
[80,F,0.649022,00001100,64.9022,X]
[17,F,0.650273,11000000,65.0273,X]
[110,F,0.682822,00000001,68.2822,X]
[81,F,0.685155,00001100,68.5155,X]
[82,F,0.686131,00001100,68.6131,X]
[111,F,0.692588,00000001,69.2588,X]
[112,F,0.70333,00000001,70.333,X]
[44,F,0.704961,00110000,70.4961,X]
[45,F,0.709844,00110000,70.9844,X]
[18,F,0.711797,11000000,71.1797,X]
[55,F,0.713877,00010000,71.3877,X]
[97,F,0.715048,00000010,71.5048,X]
[83,F,0.717381,00001100,71.7381,X]
[98,F,0.717978,00000010,71.7978,X]
[19,F,0.723516,11000000,72.3516,X]
[56,F,0.723642,00010000,72.3642,X]
[113,F,0.729697,00000001,72.9697,X]
[57,F,0.730478,00010000,73.0478,X]
[99,F,0.730673,00000010,73.0673,X]
[114,F,0.740439,00000001,74.0439,X]
[100,F,0.745322,00000010,74.5322,X]
[58,F,0.753916,00010000,75.3916,X]
[115,F,0.777548,00000001,77.7548,X]
[20,F,0.785031,10000000,78.5031,X]
[24,F,0.790891,01000000,79.0891,X]
[59,F,0.80665,00010000,80.665,X]
[101,F,0.810752,00000010,81.0752,X]
[46,F,0.818369,00100000,81.8369,X]
[47,F,0.819345,00100000,81.9345,X]
[21,F,0.826047,10000000,82.6047,X]
[116,F,0.833212,00000001,83.3212,X]
[60,F,0.835947,00010000,83.5947,X]
[48,F,0.842783,00100000,84.2783,X]
[117,F,0.845908,00000001,84.5908,X]
[102,F,0.848837,00000010,84.8837,X]
[25,F,0.849484,01000000,84.9484,X]
[84,F,0.852147,00001100,85.2147,X]
[103,F,0.852744,00000010,85.2744,X]
[26,F,0.85925,01000000,85.925,X]
[49,F,0.863291,00100000,86.3291,X]
[118,F,0.866416,00000001,86.6416,X]
[50,F,0.880869,00100000,88.0869,X]
[61,F,0.881845,00010000,88.1845,X]
[51,F,0.883798,00100000,88.3798,X]
[52,F,0.894541,00100000,89.4541,X]
[85,F,0.908787,00001100,90.8787,X]
[104,F,0.91915,00000010,91.915,X]
[105,F,0.929892,00000010,92.9892,X]
[86,F,0.930272,00001100,93.0272,X]
[106,F,0.930869,00000010,93.0869,X]
[107,F,0.934775,00000010,93.4775,X]
[87,F,0.941991,00001100,94.1991,X]
[27,F,0.942258,01000000,94.2258,X]
[22,F,0.951047,10000000,95.1047,X]
[119,F,0.961142,00000001,96.1142,X]
[53,F,0.963877,00100000,96.3877,X]
[88,F,0.968855,00001000,96.8855,X]
[54,F,0.980478,00100000,98.0478,X]
[90,F,0.980573,00000100,98.0573,X]
[108,F,0.98165,00000010,98.165,X]
[23,F,0.982297,10000000,98.2297,X]
[120,F,0.987509,00000001,98.7509,X]
[89,F,0.988386,00001000,98.8386,X]
GUIDE_TREE_PARTITION1=(((t1:23.45,t2:23.45):70.8,(t3:28.71,t4:28.71):65.54):5.75,((t5:4.97,t6:4.97):40.87,(t7:42.46,t8:42.46):3.38):54.16);
