Taxa bit representation:
t1 10000000
t2 01000000
t3 00100000
t4 00010000
t5 00001000
t6 00000100
t7 00000010
t8 00000001
Clade List (<taxon members> = <clade name>): 

>Dataset_0
[0,F,0.181481,11110000,18.1481,X]
[6,F,0.32778,00010000,32.778,X]
[1,F,0.357077,11100000,35.7077,X]
[12,F,0.391414,00000010,39.1414,X]
[13,F,0.403133,00000001,40.3133,X]
[7,F,0.41567,00010000,41.567,X]
[8,F,0.420553,00010000,42.0553,X]
[9,F,0.564294,00001100,56.4294,X]
[2,F,0.702183,11000000,70.2183,X]
[3,F,0.709995,11000000,70.9995,X]
[4,F,0.826302,10000000,82.6302,X]
[11,F,0.875656,00000100,87.5656,X]
[14,F,0.928523,00000001,92.8523,X]
[10,F,0.946945,00001000,94.6945,X]
[15,F,0.948055,00000001,94.8055,X]
[5,F,0.995152,00100000,99.5152,X]
GUIDE_TREE_PARTITION1=(((((t1:25.28,t2:25.28):4.99,t3:30.27):46.62,t4:76.89):10.04,(t5:28.45,t6:28.45):58.48):13.07,(t7:69.55,t8:69.55):30.45);
