Taxa bit representation:
t1 10000000
t2 01000000
t3 00100000
t4 00010000
t5 00001000
t6 00000100
t7 00000010
t8 00000001
Clade List (<taxon members> = <clade name>): 

>Dataset_0
[11,F,0.106445,00000011,10.6445,X]
[12,F,0.110352,00000011,11.0352,X]
[13,F,0.131553,00000010,13.1553,X]
[21,F,0.185264,00000001,18.5264,X]
[22,F,0.1921,00000001,19.21,X]
[14,F,0.196006,00000010,19.6006,X]
[15,F,0.204795,00000010,20.4795,X]
[0,F,0.224181,11100000,22.4181,X]
[4,F,0.253478,00010000,25.3478,X]
[1,F,0.279845,11100000,27.9845,X]
[23,F,0.457725,00000001,45.7725,X]
[16,F,0.464561,00000010,46.4561,X]
[5,F,0.465392,00010000,46.5392,X]
[9,F,0.617339,00001000,61.7339,X]
[17,F,0.654991,00000010,65.4991,X]
[18,F,0.696006,00000010,69.6006,X]
[10,F,0.703277,00001000,70.3277,X]
[6,F,0.726134,00010000,72.6134,X]
[7,F,0.749572,00010000,74.9572,X]
[19,F,0.758506,00000010,75.8506,X]
[8,F,0.825744,00010000,82.5744,X]
[24,F,0.874717,00000001,87.4717,X]
[2,F,0.892363,11000000,89.2363,X]
[3,F,0.957792,00100000,95.7792,X]
[20,F,0.966514,00000010,96.6514,X]
[25,F,0.979209,00000001,97.9209,X]
GUIDE_TREE_PARTITION1=(((((t1:4.02,t2:4.02):29.4,t3:33.42):61.74,t4:95.16):4.75,(t5:48.52,t6:48.52):51.39):0.09,(t7:87.04,t8:87.04):12.96);
