Taxa bit representation:
t1 10000000
t2 01000000
t3 00100000
t4 00010000
t5 00001000
t6 00000100
t7 00000010
t8 00000001
Clade List (<taxon members> = <clade name>): 

>Dataset_0
[126,F,0.00878906,00000001,0.878906,X]
[0,F,0.0599328,11111100,5.99328,X]
[127,F,0.0625,00000001,6.25,X]
[128,F,0.0742188,00000001,7.42188,X]
[95,F,0.0794641,00000010,7.94641,X]
[96,F,0.0804406,00000010,8.04406,X]
[97,F,0.0823938,00000010,8.23938,X]
[98,F,0.0882531,00000010,8.82531,X]
[99,F,0.0970422,00000010,9.70422,X]
[129,F,0.114258,00000001,11.4258,X]
[130,F,0.120117,00000001,12.0117,X]
[131,F,0.125,00000001,12.5,X]
[74,F,0.143116,00000100,14.3116,X]
[132,F,0.149414,00000001,14.9414,X]
[1,F,0.166553,11111000,16.6553,X]
[133,F,0.171875,00000001,17.1875,X]
[100,F,0.174191,00000010,17.4191,X]
[134,F,0.175781,00000001,17.5781,X]
[2,F,0.212452,11111000,21.2452,X]
[3,F,0.213428,11111000,21.3428,X]
[101,F,0.216183,00000010,21.6183,X]
[102,F,0.226925,00000010,22.6925,X]
[75,F,0.231983,00000100,23.1983,X]
[103,F,0.247433,00000010,24.7433,X]
[104,F,0.254269,00000010,25.4269,X]
[76,F,0.260303,00000100,26.0303,X]
[4,F,0.263233,11111000,26.3233,X]
[105,F,0.280636,00000010,28.0636,X]
[48,F,0.289366,00001000,28.9366,X]
[135,F,0.293945,00000001,29.3945,X]
[106,F,0.311886,00000010,31.1886,X]
[49,F,0.328428,00001000,32.8428,X]
[50,F,0.329405,00001000,32.9405,X]
[136,F,0.333984,00000001,33.3984,X]
[137,F,0.338867,00000001,33.8867,X]
[77,F,0.354053,00000100,35.4053,X]
[51,F,0.361631,00001000,36.1631,X]
[107,F,0.366573,00000010,36.6573,X]
[78,F,0.374561,00000100,37.4561,X]
[79,F,0.378467,00000100,37.8467,X]
[80,F,0.38628,00000100,38.628,X]
[81,F,0.390186,00000100,39.0186,X]
[82,F,0.395069,00000100,39.5069,X]
[138,F,0.397461,00000001,39.7461,X]
[108,F,0.404659,00000010,40.4659,X]
[52,F,0.420225,00001000,42.0225,X]
[139,F,0.424805,00000001,42.4805,X]
[5,F,0.427061,11110000,42.7061,X]
[6,F,0.429991,11110000,42.9991,X]
[53,F,0.43292,00001000,43.292,X]
[109,F,0.438839,00000010,43.8839,X]
[110,F,0.439816,00000010,43.9816,X]
[83,F,0.44878,00000100,44.878,X]
[7,F,0.456358,11110000,45.6358,X]
[54,F,0.460264,00001000,46.0264,X]
[140,F,0.463867,00000001,46.3867,X]
[8,F,0.46417,11110000,46.417,X]
[36,F,0.470077,00010000,47.0077,X]
[141,F,0.470703,00000001,47.0703,X]
[111,F,0.473995,00000010,47.3995,X]
[84,F,0.475147,00000100,47.5147,X]
[55,F,0.485655,00001000,48.5655,X]
[37,F,0.485702,00010000,48.5702,X]
[9,F,0.496444,11100000,49.6444,X]
[85,F,0.507373,00000100,50.7373,X]
[142,F,0.508789,00000001,50.8789,X]
[112,F,0.511105,00000010,51.1105,X]
[113,F,0.515011,00000010,51.5011,X]
[10,F,0.516952,11100000,51.6952,X]
[38,F,0.521834,00010000,52.1834,X]
[39,F,0.527694,00010000,52.7694,X]
[86,F,0.53667,00000100,53.667,X]
[56,F,0.546202,00001000,54.6202,X]
[57,F,0.556944,00001000,55.6944,X]
[26,F,0.568159,00100000,56.8159,X]
[11,F,0.569136,11000000,56.9136,X]
[114,F,0.569698,00000010,56.9698,X]
[12,F,0.570112,11000000,57.0112,X]
[58,F,0.578428,00001000,57.8428,X]
[115,F,0.593136,00000010,59.3136,X]
[116,F,0.597042,00000010,59.7042,X]
[59,F,0.602842,00001000,60.2842,X]
[40,F,0.606795,00010000,60.6795,X]
[143,F,0.609375,00000001,60.9375,X]
[117,F,0.613644,00000010,61.3644,X]
[118,F,0.62048,00000010,62.048,X]
[60,F,0.627256,00001000,62.7256,X]
[61,F,0.631162,00001000,63.1162,X]
[119,F,0.638058,00000010,63.8058,X]
[62,F,0.642881,00001000,64.2881,X]
[13,F,0.660933,11000000,66.0933,X]
[144,F,0.661133,00000001,66.1133,X]
[41,F,0.673202,00010000,67.3202,X]
[14,F,0.678511,11000000,67.8511,X]
[63,F,0.689756,00001000,68.9756,X]
[87,F,0.69585,00000100,69.585,X]
[27,F,0.71562,00100000,71.562,X]
[42,F,0.718123,00010000,71.8123,X]
[43,F,0.738631,00010000,73.8631,X]
[120,F,0.744503,00000010,74.4503,X]
[121,F,0.759152,00000010,75.9152,X]
[15,F,0.779097,11000000,77.9097,X]
[28,F,0.798628,00100000,79.8628,X]
[16,F,0.803277,10000000,80.3277,X]
[64,F,0.805967,00001000,80.5967,X]
[145,F,0.8125,00000001,81.25,X]
[29,F,0.813277,00100000,81.3277,X]
[88,F,0.81792,00000100,81.792,X]
[30,F,0.824019,00100000,82.4019,X]
[65,F,0.825498,00001000,82.5498,X]
[17,F,0.826714,10000000,82.6714,X]
[44,F,0.827498,00010000,82.7498,X]
[89,F,0.840381,00000100,84.0381,X]
[31,F,0.84062,00100000,84.062,X]
[45,F,0.846053,00010000,84.6053,X]
[66,F,0.850889,00001000,85.0889,X]
[46,F,0.853866,00010000,85.3866,X]
[18,F,0.854058,10000000,85.4058,X]
[67,F,0.854795,00001000,85.4795,X]
[19,F,0.856987,10000000,85.6987,X]
[122,F,0.858761,00000010,85.8761,X]
[146,F,0.865234,00000001,86.5234,X]
[90,F,0.867725,00000100,86.7725,X]
[68,F,0.872373,00001000,87.2373,X]
[32,F,0.876753,00100000,87.6753,X]
[147,F,0.882812,00000001,88.2812,X]
[20,F,0.885308,10000000,88.5308,X]
[91,F,0.903858,00000100,90.3858,X]
[69,F,0.9046,00001000,90.46,X]
[33,F,0.914839,00100000,91.4839,X]
[70,F,0.918272,00001000,91.8272,X]
[148,F,0.919922,00000001,91.9922,X]
[23,F,0.920464,01000000,92.0464,X]
[24,F,0.926323,01000000,92.6323,X]
[21,F,0.931206,10000000,93.1206,X]
[22,F,0.933159,10000000,93.3159,X]
[92,F,0.940967,00000100,94.0967,X]
[71,F,0.942686,00001000,94.2686,X]
[123,F,0.944698,00000010,94.4698,X]
[124,F,0.948605,00000010,94.8605,X]
[34,F,0.949995,00100000,94.9995,X]
[72,F,0.950498,00001000,95.0498,X]
[47,F,0.950545,00010000,95.0545,X]
[93,F,0.958545,00000100,95.8545,X]
[73,F,0.96417,00001000,96.417,X]
[149,F,0.973633,00000001,97.3633,X]
[125,F,0.973995,00000010,97.3995,X]
[94,F,0.98003,00000100,98.003,X]
[150,F,0.989258,00000001,98.9258,X]
[25,F,0.990777,01000000,99.0777,X]
[35,F,0.991011,00100000,99.1011,X]
GUIDE_TREE_PARTITION1=(((((((t1:19.77,t2:19.77):24,t3:43.77):9.32,t4:53.09):18.95,t5:72.04):17.75,t6:89.79):7.83,t7:97.62):2.38,t8:100);
