Taxa bit representation:
t1 10000000
t2 01000000
t3 00100000
t4 00010000
t5 00001000
t6 00000100
t7 00000010
t8 00000001
Clade List (<taxon members> = <clade name>): 

>Dataset_0
[0,F,0.0292969,11110000,2.92969,X]
[19,F,0.166992,00001111,16.6992,X]
[20,F,0.255859,00001111,25.5859,X]
[1,F,0.288086,11110000,28.8086,X]
[21,F,0.350803,00001100,35.0803,X]
[33,F,0.353733,00000011,35.3733,X]
[34,F,0.381077,00000011,38.1077,X]
[10,F,0.38732,00110000,38.732,X]
[11,F,0.403922,00110000,40.3922,X]
[12,F,0.406852,00110000,40.6852,X]
[22,F,0.427952,00001100,42.7952,X]
[2,F,0.461539,11000000,46.1539,X]
[35,F,0.509006,00000011,50.9006,X]
[27,F,0.518445,00000100,51.8445,X]
[28,F,0.527234,00000100,52.7234,X]
[3,F,0.555289,11000000,55.5289,X]
[13,F,0.563102,00110000,56.3102,X]
[29,F,0.611219,00000100,61.1219,X]
[14,F,0.635367,00110000,63.5367,X]
[6,F,0.696448,01000000,69.6448,X]
[15,F,0.715445,00110000,71.5445,X]
[23,F,0.718641,00001000,71.8641,X]
[30,F,0.737195,00000100,73.7195,X]
[16,F,0.744742,00110000,74.4742,X]
[4,F,0.765784,10000000,76.5784,X]
[24,F,0.779188,00001000,77.9188,X]
[7,F,0.84098,01000000,84.098,X]
[31,F,0.866102,00000100,86.6102,X]
[36,F,0.892795,00000011,89.2795,X]
[17,F,0.910452,00100000,91.0452,X]
[32,F,0.912977,00000100,91.2977,X]
[8,F,0.925941,01000000,92.5941,X]
[9,F,0.947425,01000000,94.7425,X]
[37,F,0.951389,00000011,95.1389,X]
[18,F,0.960256,00010000,96.0256,X]
[25,F,0.975477,00001000,97.5477,X]
[5,F,0.979652,10000000,97.9652,X]
[26,F,0.988172,00001000,98.8172,X]
GUIDE_TREE_PARTITION1=(((t1:44.32,t2:44.32):19.78,(t3:19.99,t4:19.99):44.11):35.9,((t5:52.55,t6:52.55):15.69,(t7:1.6,t8:1.6):66.64):31.76);
