Taxa bit representation:
t1 10000000
t2 01000000
t3 00100000
t4 00010000
t5 00001000
t6 00000100
t7 00000010
t8 00000001
Clade List (<taxon members> = <clade name>): 

>Dataset_0
[86,F,0.0185547,00000011,1.85547,X]
[87,F,0.03125,00000011,3.125,X]
[0,F,0.0478516,11111100,4.78516,X]
[88,F,0.0654297,00000011,6.54297,X]
[1,F,0.112305,11111100,11.2305,X]
[89,F,0.124023,00000011,12.4023,X]
[46,F,0.131048,00001100,13.1048,X]
[47,F,0.140814,00001100,14.0814,X]
[2,F,0.148627,11110000,14.8627,X]
[3,F,0.149603,11110000,14.9603,X]
[48,F,0.165228,00001100,16.5228,X]
[49,F,0.17597,00001100,17.597,X]
[50,F,0.202338,00001100,20.2338,X]
[4,F,0.202338,11110000,20.2338,X]
[5,F,0.209173,11110000,20.9173,X]
[90,F,0.213867,00000011,21.3867,X]
[6,F,0.232611,11110000,23.2611,X]
[91,F,0.243164,00000011,24.3164,X]
[51,F,0.247259,00001100,24.7259,X]
[52,F,0.251166,00001100,25.1166,X]
[7,F,0.258978,11110000,25.8978,X]
[53,F,0.265814,00001100,26.5814,X]
[54,F,0.281439,00001100,28.1439,X]
[8,F,0.283392,11110000,28.3392,X]
[55,F,0.284369,00001100,28.4369,X]
[56,F,0.294134,00001100,29.4134,X]
[9,F,0.305853,11110000,30.5853,X]
[10,F,0.310736,11110000,31.0736,X]
[92,F,0.313477,00000011,31.3477,X]
[11,F,0.314642,11110000,31.4642,X]
[57,F,0.33515,00001100,33.515,X]
[12,F,0.337103,11110000,33.7103,X]
[13,F,0.362494,11110000,36.2494,X]
[14,F,0.365423,11110000,36.5423,X]
[93,F,0.368164,00000011,36.8164,X]
[94,F,0.381836,00000011,38.1836,X]
[15,F,0.4289,11110000,42.89,X]
[95,F,0.436523,00000011,43.6523,X]
[96,F,0.44043,00000011,44.043,X]
[58,F,0.452338,00001100,45.2338,X]
[97,F,0.455078,00000011,45.5078,X]
[16,F,0.465033,11110000,46.5033,X]
[59,F,0.470892,00001100,47.0892,X]
[98,F,0.533203,00000011,53.3203,X]
[75,F,0.533758,00000100,53.3758,X]
[60,F,0.569891,00001000,56.9891,X]
[99,F,0.572266,00000011,57.2266,X]
[100,F,0.573242,00000011,57.3242,X]
[61,F,0.580633,00001000,58.0633,X]
[17,F,0.58222,11110000,58.222,X]
[76,F,0.586492,00000100,58.6492,X]
[62,F,0.607,00001000,60.7,X]
[101,F,0.612305,00000011,61.2305,X]
[63,F,0.626531,00001000,62.6531,X]
[64,F,0.628484,00001000,62.8484,X]
[102,F,0.630859,00000011,63.0859,X]
[77,F,0.631414,00000100,63.1414,X]
[65,F,0.637273,00001000,63.7273,X]
[18,F,0.637475,11000000,63.7475,X]
[19,F,0.648217,11000000,64.8217,X]
[78,F,0.649969,00000100,64.9969,X]
[39,F,0.652759,00010000,65.2759,X]
[20,F,0.668725,11000000,66.8725,X]
[79,F,0.677312,00000100,67.7313,X]
[103,F,0.698242,00000011,69.8242,X]
[29,F,0.698998,00100000,69.8998,X]
[30,F,0.707788,00100000,70.7788,X]
[66,F,0.715398,00001000,71.5398,X]
[40,F,0.723072,00010000,72.3072,X]
[41,F,0.736744,00010000,73.6744,X]
[21,F,0.739038,11000000,73.9038,X]
[31,F,0.762475,00100000,76.2475,X]
[104,F,0.764648,00000011,76.4648,X]
[80,F,0.767156,00000100,76.7156,X]
[81,F,0.769109,00000100,76.9109,X]
[67,F,0.780828,00001000,78.0828,X]
[32,F,0.782983,00100000,78.2983,X]
[105,F,0.78418,00000011,78.418,X]
[33,F,0.787866,00100000,78.7866,X]
[22,F,0.787866,11000000,78.7866,X]
[106,F,0.788086,00000011,78.8086,X]
[107,F,0.789062,00000011,78.9062,X]
[68,F,0.799383,00001000,79.9383,X]
[23,F,0.805444,11000000,80.5444,X]
[82,F,0.807195,00000100,80.7195,X]
[69,F,0.809148,00001000,80.9148,X]
[42,F,0.823658,00010000,82.3658,X]
[34,F,0.838647,00100000,83.8647,X]
[43,F,0.839283,00010000,83.9283,X]
[24,F,0.84353,11000000,84.353,X]
[108,F,0.84375,00000011,84.375,X]
[70,F,0.846258,00001000,84.6258,X]
[71,F,0.847234,00001000,84.7234,X]
[109,F,0.852539,00000011,85.2539,X]
[83,F,0.855047,00000100,85.5047,X]
[84,F,0.860906,00000100,86.0906,X]
[85,F,0.866766,00000100,86.6766,X]
[72,F,0.871648,00001000,87.1648,X]
[35,F,0.872827,00100000,87.2827,X]
[73,F,0.88532,00001000,88.532,X]
[44,F,0.888111,00010000,88.8111,X]
[25,F,0.904077,11000000,90.4077,X]
[26,F,0.905053,11000000,90.5053,X]
[45,F,0.911548,00010000,91.1548,X]
[74,F,0.929266,00001000,92.9266,X]
[36,F,0.948022,00100000,94.8022,X]
[110,F,0.960938,00000011,96.0938,X]
[37,F,0.966577,00100000,96.6577,X]
[28,F,0.971448,01000000,97.1448,X]
[111,F,0.972656,00000011,97.2656,X]
[38,F,0.976342,00100000,97.6342,X]
[27,F,0.983167,10000000,98.3167,X]
GUIDE_TREE_PARTITION1=(((((t1:4.32,t2:4.32):36.62,t3:40.94):0.62,t4:41.56):46.8,(t5:51.8,t6:51.8):36.56):11.64,(t7:1.26,t8:1.26):98.74);
