Taxa bit representation:
t1 10000000
t2 01000000
t3 00100000
t4 00010000
t5 00001000
t6 00000100
t7 00000010
t8 00000001
Clade List (<taxon members> = <clade name>): 

>Dataset_0
[0,F,0.0771484,11110000,7.71484,X]
[1,F,0.150391,11110000,15.0391,X]
[13,F,0.169988,00000010,16.9988,X]
[15,F,0.222722,00000001,22.2722,X]
[14,F,0.242253,00000010,24.2253,X]
[2,F,0.457031,11110000,45.7031,X]
[3,F,0.480469,11110000,48.0469,X]
[9,F,0.685447,00110000,68.5447,X]
[7,F,0.690756,01000000,69.0756,X]
[10,F,0.716697,00110000,71.6697,X]
[8,F,0.765952,01000000,76.5952,X]
[16,F,0.781316,00000001,78.1316,X]
[11,F,0.830653,00001100,83.0653,X]
[4,F,0.875327,10000000,87.5327,X]
[5,F,0.9056,10000000,90.56,X]
[12,F,0.975825,00001000,97.5825,X]
[17,F,0.9903,00000001,99.03,X]
[6,F,0.99642,10000000,99.642,X]
GUIDE_TREE_PARTITION1=(((t1:46.94,t2:46.94):3.07,(t3:22.46,t4:22.46):27.55):49.99,((t5:16.48,t6:16.48):81.9,(t7:88.47,t8:88.47):9.91):1.62);
