Taxa bit representation:
t1 10000000
t2 01000000
t3 00100000
t4 00010000
t5 00001000
t6 00000100
t7 00000010
t8 00000001
Clade List (<taxon members> = <clade name>): 

>Dataset_0
[0,F,0.0507812,11111110,5.07812,X]
[1,F,0.0605469,11111110,6.05469,X]
[2,F,0.133789,11111110,13.3789,X]
[3,F,0.146484,11111110,14.6484,X]
[4,F,0.151053,11111100,15.1053,X]
[43,F,0.15625,00000001,15.625,X]
[37,F,0.17742,00000010,17.742,X]
[44,F,0.180664,00000001,18.0664,X]
[45,F,0.197266,00000001,19.7266,X]
[5,F,0.26145,11111000,26.145,X]
[27,F,0.286841,00000100,28.6841,X]
[46,F,0.291992,00000001,29.1992,X]
[28,F,0.2927,00000100,29.27,X]
[19,F,0.296602,00001000,29.6602,X]
[29,F,0.299536,00000100,29.9536,X]
[38,F,0.345389,00000010,34.5389,X]
[30,F,0.379614,00000100,37.9614,X]
[47,F,0.40332,00000001,40.332,X]
[48,F,0.411133,00000001,41.1133,X]
[20,F,0.420625,00001000,42.0625,X]
[31,F,0.458716,00000100,45.8716,X]
[49,F,0.494141,00000001,49.4141,X]
[21,F,0.519258,00001000,51.9258,X]
[39,F,0.553397,00000010,55.3397,X]
[40,F,0.55828,00000010,55.828,X]
[22,F,0.569063,00001000,56.9062,X]
[23,F,0.621797,00001000,62.1797,X]
[15,F,0.647433,00100000,64.7433,X]
[17,F,0.654055,00010000,65.4055,X]
[32,F,0.662817,00000100,66.2817,X]
[33,F,0.678442,00000100,67.8442,X]
[24,F,0.679414,00001000,67.9414,X]
[50,F,0.681641,00000001,68.1641,X]
[16,F,0.687472,00100000,68.7472,X]
[6,F,0.693331,11000000,69.3331,X]
[25,F,0.694063,00001000,69.4062,X]
[18,F,0.697023,00010000,69.7023,X]
[7,F,0.710909,11000000,71.0909,X]
[8,F,0.713839,11000000,71.3839,X]
[9,F,0.725558,11000000,72.5558,X]
[10,F,0.731417,11000000,73.1417,X]
[34,F,0.756567,00000100,75.6567,X]
[41,F,0.784842,00000010,78.4842,X]
[35,F,0.812231,00000100,81.2231,X]
[26,F,0.824922,00001000,82.4922,X]
[36,F,0.841528,00000100,84.1528,X]
[11,F,0.853488,11000000,85.3488,X]
[12,F,0.859347,11000000,85.9347,X]
[51,F,0.870117,00000001,87.0117,X]
[13,F,0.87373,10000000,87.373,X]
[52,F,0.90918,00000001,90.918,X]
[14,F,0.940136,10000000,94.0136,X]
[53,F,0.957031,00000001,95.7031,X]
[42,F,0.983084,00000010,98.3084,X]
[54,F,0.999023,00000001,99.9023,X]
GUIDE_TREE_PARTITION1=(((((((t1:12.92,t2:12.92):25.95,t3:38.87):3.83,t4:42.7):29.3,t5:72):4.98,t6:76.98):8.11,t7:85.09):14.91,t8:100);
