Taxa bit representation:
t1 10000000
t2 01000000
t3 00100000
t4 00010000
t5 00001000
t6 00000100
t7 00000010
t8 00000001
Clade List (<taxon members> = <clade name>): 

>Dataset_0
[39,F,0.0302734,00000001,3.02734,X]
[29,F,0.0380484,00000010,3.80484,X]
[40,F,0.0517578,00000001,5.17578,X]
[41,F,0.0830078,00000001,8.30078,X]
[0,F,0.129845,11111100,12.9845,X]
[30,F,0.1484,00000010,14.84,X]
[1,F,0.173791,11111100,17.3791,X]
[42,F,0.211914,00000001,21.1914,X]
[31,F,0.243127,00000010,24.3127,X]
[32,F,0.271447,00000010,27.1447,X]
[2,F,0.32032,11111000,32.032,X]
[20,F,0.355477,00000100,35.5477,X]
[21,F,0.358406,00000100,35.8406,X]
[22,F,0.369148,00000100,36.9148,X]
[43,F,0.378906,00000001,37.8906,X]
[23,F,0.38575,00000100,38.575,X]
[3,F,0.422859,11111000,42.2859,X]
[4,F,0.440437,11111000,44.0437,X]
[5,F,0.475002,11110000,47.5002,X]
[44,F,0.503906,00000001,50.3906,X]
[6,F,0.5209,11110000,52.09,X]
[7,F,0.525783,11110000,52.5783,X]
[45,F,0.566406,00000001,56.6406,X]
[8,F,0.569728,11110000,56.9728,X]
[46,F,0.575195,00000001,57.5195,X]
[24,F,0.588875,00000100,58.8875,X]
[25,F,0.615242,00000100,61.5242,X]
[33,F,0.616173,00000010,61.6173,X]
[34,F,0.638634,00000010,63.8634,X]
[35,F,0.650353,00000010,65.0353,X]
[26,F,0.652352,00000100,65.2352,X]
[47,F,0.714844,00000001,71.4844,X]
[9,F,0.720853,11000000,72.0853,X]
[36,F,0.741173,00000010,74.1173,X]
[15,F,0.7538,00010000,75.38,X]
[10,F,0.755033,11000000,75.5033,X]
[48,F,0.777344,00000001,77.7344,X]
[49,F,0.78125,00000001,78.125,X]
[11,F,0.796372,10000000,79.6372,X]
[16,F,0.798722,00010000,79.8722,X]
[50,F,0.810547,00000001,81.0547,X]
[27,F,0.814461,00000100,81.4461,X]
[28,F,0.816414,00000100,81.6414,X]
[51,F,0.836914,00000001,83.6914,X]
[13,F,0.862778,01000000,86.2778,X]
[37,F,0.880822,00000010,88.0822,X]
[38,F,0.881798,00000010,88.1798,X]
[18,F,0.917384,00001000,91.7384,X]
[14,F,0.942533,00100000,94.2533,X]
[19,F,0.953517,00001000,95.3517,X]
[17,F,0.961808,00010000,96.1808,X]
[12,F,0.978012,10000000,97.8012,X]
GUIDE_TREE_PARTITION1=(((((((t1:21.73,t2:21.73):6.38,t3:28.11):2.76,t4:30.87):23.29,t5:54.16):16.64,t6:70.8):26.86,t7:97.66):2.34,t8:100);
