Taxa bit representation:
t1 10000000
t2 01000000
t3 00100000
t4 00010000
t5 00001000
t6 00000100
t7 00000010
t8 00000001
Clade List (<taxon members> = <clade name>): 

>Dataset_0
[0,F,0.00195312,11111110,0.195312,X]
[107,F,0.0264719,00000010,2.64719,X]
[108,F,0.0391672,00000010,3.91672,X]
[109,F,0.0479562,00000010,4.79563,X]
[110,F,0.059675,00000010,5.9675,X]
[83,F,0.0812656,00000100,8.12656,X]
[1,F,0.0890781,11111000,8.90781,X]
[84,F,0.0929844,00000100,9.29844,X]
[128,F,0.0947266,00000001,9.47266,X]
[111,F,0.116316,00000010,11.6316,X]
[2,F,0.126961,11110000,12.6961,X]
[85,F,0.13107,00000100,13.107,X]
[3,F,0.133797,11110000,13.3797,X]
[86,F,0.137906,00000100,13.7906,X]
[60,F,0.143563,00001000,14.3563,X]
[112,F,0.150495,00000010,15.0495,X]
[61,F,0.166023,00001000,16.6023,X]
[62,F,0.16993,00001000,16.993,X]
[4,F,0.17043,11100000,17.043,X]
[87,F,0.183805,00000100,18.3805,X]
[129,F,0.185547,00000001,18.5547,X]
[88,F,0.187711,00000100,18.7711,X]
[130,F,0.196289,00000001,19.6289,X]
[89,F,0.197477,00000100,19.7477,X]
[113,F,0.206159,00000010,20.6159,X]
[63,F,0.211922,00001000,21.1922,X]
[5,F,0.215352,11100000,21.5352,X]
[64,F,0.215828,00001000,21.5828,X]
[131,F,0.220703,00000001,22.0703,X]
[37,F,0.221211,00010000,22.1211,X]
[6,F,0.221211,11100000,22.1211,X]
[132,F,0.227539,00000001,22.7539,X]
[38,F,0.256367,00010000,25.6367,X]
[65,F,0.256844,00001000,25.6844,X]
[66,F,0.259773,00001000,25.9773,X]
[67,F,0.267586,00001000,26.7586,X]
[39,F,0.283711,00010000,28.3711,X]
[68,F,0.295906,00001000,29.5906,X]
[40,F,0.299336,00010000,29.9336,X]
[90,F,0.304898,00000100,30.4898,X]
[41,F,0.306172,00010000,30.6172,X]
[42,F,0.319844,00010000,31.9844,X]
[69,F,0.321297,00001000,32.1297,X]
[70,F,0.327156,00001000,32.7156,X]
[43,F,0.330586,00010000,33.0586,X]
[114,F,0.334089,00000010,33.4089,X]
[115,F,0.336042,00000010,33.6042,X]
[71,F,0.3545,00001000,35.45,X]
[91,F,0.357633,00000100,35.7633,X]
[116,F,0.377058,00000010,37.7058,X]
[117,F,0.386823,00000010,38.6823,X]
[118,F,0.3878,00000010,38.78,X]
[44,F,0.390156,00010000,39.0156,X]
[45,F,0.396992,00010000,39.6992,X]
[7,F,0.402852,11100000,40.2852,X]
[119,F,0.409284,00000010,40.9284,X]
[92,F,0.422086,00000100,42.2086,X]
[133,F,0.422852,00000001,42.2852,X]
[46,F,0.425312,00010000,42.5312,X]
[8,F,0.438008,11100000,43.8008,X]
[9,F,0.474141,11100000,47.4141,X]
[134,F,0.477539,00000001,47.7539,X]
[47,F,0.478047,00010000,47.8047,X]
[135,F,0.479492,00000001,47.9492,X]
[48,F,0.480977,00010000,48.0977,X]
[10,F,0.480977,11100000,48.0977,X]
[93,F,0.483609,00000100,48.3609,X]
[11,F,0.483906,11100000,48.3906,X]
[120,F,0.491316,00000010,49.1316,X]
[94,F,0.495328,00000100,49.5328,X]
[121,F,0.501081,00000010,50.1081,X]
[122,F,0.503034,00000010,50.3034,X]
[72,F,0.509773,00001000,50.9773,X]
[136,F,0.520508,00000001,52.0508,X]
[137,F,0.527344,00000001,52.7344,X]
[138,F,0.542969,00000001,54.2969,X]
[73,F,0.548836,00001000,54.8836,X]
[95,F,0.56857,00000100,56.857,X]
[12,F,0.569844,11100000,56.9844,X]
[13,F,0.57375,11100000,57.375,X]
[49,F,0.57668,00010000,57.668,X]
[123,F,0.580183,00000010,58.0183,X]
[96,F,0.583219,00000100,58.3219,X]
[97,F,0.603727,00000100,60.3727,X]
[50,F,0.604023,00010000,60.4023,X]
[14,F,0.605977,11100000,60.5977,X]
[98,F,0.613492,00000100,61.3492,X]
[74,F,0.615242,00001000,61.5242,X]
[139,F,0.618164,00000001,61.8164,X]
[99,F,0.619352,00000100,61.9352,X]
[15,F,0.631367,11100000,63.1367,X]
[75,F,0.637703,00001000,63.7703,X]
[16,F,0.658711,11100000,65.8711,X]
[51,F,0.663594,00010000,66.3594,X]
[76,F,0.667,00001000,66.7,X]
[140,F,0.675781,00000001,67.5781,X]
[141,F,0.683594,00000001,68.3594,X]
[52,F,0.705586,00010000,70.5586,X]
[77,F,0.718758,00001000,71.8758,X]
[100,F,0.719938,00000100,71.9938,X]
[53,F,0.721211,00010000,72.1211,X]
[17,F,0.72132,11000000,72.132,X]
[78,F,0.722664,00001000,72.2664,X]
[54,F,0.725117,00010000,72.5117,X]
[101,F,0.740445,00000100,74.0445,X]
[142,F,0.744141,00000001,74.4141,X]
[55,F,0.745625,00010000,74.5625,X]
[27,F,0.750617,00100000,75.0617,X]
[102,F,0.76193,00000100,76.193,X]
[18,F,0.768195,11000000,76.8195,X]
[143,F,0.770508,00000001,77.0508,X]
[103,F,0.775602,00000100,77.5602,X]
[28,F,0.78968,00100000,78.968,X]
[124,F,0.806745,00000010,80.6745,X]
[144,F,0.81543,00000001,81.543,X]
[29,F,0.831672,00100000,83.1672,X]
[56,F,0.839375,00010000,83.9375,X]
[125,F,0.847761,00000010,84.7761,X]
[19,F,0.857062,11000000,85.7062,X]
[30,F,0.861945,00100000,86.1945,X]
[57,F,0.863789,00010000,86.3789,X]
[79,F,0.868172,00001000,86.8172,X]
[104,F,0.873258,00000100,87.3258,X]
[145,F,0.878906,00000001,87.8906,X]
[146,F,0.886719,00000001,88.6719,X]
[58,F,0.890156,00010000,89.0156,X]
[20,F,0.896125,11000000,89.6125,X]
[105,F,0.913297,00000100,91.3297,X]
[21,F,0.913703,11000000,91.3703,X]
[59,F,0.918477,00010000,91.8477,X]
[31,F,0.921516,00100000,92.1516,X]
[32,F,0.922492,00100000,92.2492,X]
[126,F,0.922956,00000010,92.2956,X]
[80,F,0.938484,00001000,93.8484,X]
[81,F,0.943367,00001000,94.3367,X]
[82,F,0.955086,00001000,95.5086,X]
[33,F,0.960578,00100000,96.0578,X]
[106,F,0.964078,00000100,96.4078,X]
[34,F,0.964484,00100000,96.4484,X]
[147,F,0.97168,00000001,97.168,X]
[127,F,0.973738,00000010,97.3738,X]
[22,F,0.982062,11000000,98.2062,X]
[35,F,0.983039,00100000,98.3039,X]
[23,F,0.988283,10000000,98.8283,X]
[24,F,0.989259,10000000,98.9259,X]
[25,F,0.992189,10000000,99.2189,X]
[36,F,0.998664,00100000,99.8664,X]
[26,F,0.999025,10000000,99.9025,X]
GUIDE_TREE_PARTITION1=(((((((t1:1.66,t2:1.66):29.04,t3:30.7):52.55,t4:83.25):6.3,t5:89.55):3.3,t6:92.85):5.87,t7:98.72):1.28,t8:100);
