Taxa bit representation:
t1 10000000
t2 01000000
t3 00100000
t4 00010000
t5 00001000
t6 00000100
t7 00000010
t8 00000001
Clade List (<taxon members> = <clade name>): 

>Dataset_0
[89,F,0.00585938,00000001,0.585938,X]
[0,F,0.0195312,11111110,1.95312,X]
[1,F,0.0439453,11111110,4.39453,X]
[90,F,0.0458984,00000001,4.58984,X]
[2,F,0.0498047,11111110,4.98047,X]
[91,F,0.0625,00000001,6.25,X]
[3,F,0.0712891,11111110,7.12891,X]
[92,F,0.0712891,00000001,7.12891,X]
[93,F,0.0830078,00000001,8.30078,X]
[94,F,0.0966797,00000001,9.66797,X]
[95,F,0.105469,00000001,10.5469,X]
[96,F,0.108398,00000001,10.8398,X]
[4,F,0.125986,11111100,12.5986,X]
[5,F,0.159189,11111100,15.9189,X]
[6,F,0.160166,11111100,16.0166,X]
[97,F,0.165039,00000001,16.5039,X]
[7,F,0.165048,11111100,16.5048,X]
[98,F,0.166016,00000001,16.6016,X]
[8,F,0.167002,11111100,16.7002,X]
[9,F,0.191416,11111100,19.1416,X]
[70,F,0.200205,00000010,20.0205,X]
[71,F,0.225595,00000010,22.5595,X]
[72,F,0.266611,00000010,26.6611,X]
[73,F,0.267587,00000010,26.7587,X]
[41,F,0.298191,00001000,29.8191,X]
[10,F,0.307956,11110000,30.7956,X]
[74,F,0.318369,00000010,31.8369,X]
[11,F,0.325534,11110000,32.5534,X]
[12,F,0.329441,11110000,32.9441,X]
[99,F,0.337891,00000001,33.7891,X]
[75,F,0.3379,00000010,33.79,X]
[76,F,0.351572,00000010,35.1572,X]
[100,F,0.365234,00000001,36.5234,X]
[42,F,0.385105,00001000,38.5105,X]
[101,F,0.391602,00000001,39.1602,X]
[43,F,0.396823,00001000,39.6823,X]
[13,F,0.396823,11110000,39.6823,X]
[14,F,0.414402,11110000,41.4402,X]
[56,F,0.415108,00000100,41.5108,X]
[15,F,0.418308,11110000,41.8308,X]
[102,F,0.432617,00000001,43.2617,X]
[103,F,0.435547,00000001,43.5547,X]
[16,F,0.441745,11110000,44.1745,X]
[44,F,0.442722,00001000,44.2722,X]
[104,F,0.47168,00000001,47.168,X]
[105,F,0.472656,00000001,47.2656,X]
[77,F,0.472666,00000010,47.2666,X]
[78,F,0.480478,00000010,48.0478,X]
[57,F,0.489327,00000100,48.9327,X]
[17,F,0.490573,11110000,49.0573,X]
[106,F,0.494141,00000001,49.4141,X]
[79,F,0.503916,00000010,50.3916,X]
[18,F,0.520847,11110000,52.0847,X]
[80,F,0.521494,00000010,52.1494,X]
[107,F,0.532227,00000001,53.2227,X]
[108,F,0.547852,00000001,54.7852,X]
[45,F,0.573581,00001000,57.3581,X]
[19,F,0.579441,11110000,57.9441,X]
[58,F,0.584053,00000100,58.4053,X]
[46,F,0.586277,00001000,58.6277,X]
[47,F,0.598972,00001000,59.8972,X]
[81,F,0.603525,00000010,60.3525,X]
[59,F,0.609444,00000100,60.9444,X]
[60,F,0.612373,00000100,61.2373,X]
[48,F,0.618503,00001000,61.8503,X]
[82,F,0.624033,00000010,62.4033,X]
[20,F,0.624363,11110000,62.4363,X]
[21,F,0.625339,11110000,62.5339,X]
[61,F,0.632881,00000100,63.2881,X]
[109,F,0.638672,00000001,63.8672,X]
[62,F,0.64167,00000100,64.167,X]
[22,F,0.642917,11110000,64.2917,X]
[63,F,0.645577,00000100,64.5577,X]
[64,F,0.64753,00000100,64.753,X]
[65,F,0.669991,00000100,66.9991,X]
[110,F,0.670898,00000001,67.0898,X]
[111,F,0.676758,00000001,67.6758,X]
[66,F,0.684639,00000100,68.4639,X]
[35,F,0.696842,00010000,69.6842,X]
[112,F,0.707031,00000001,70.7031,X]
[23,F,0.713444,11100000,71.3444,X]
[83,F,0.713877,00000010,71.3877,X]
[49,F,0.717136,00001000,71.7136,X]
[84,F,0.724619,00000010,72.4619,X]
[24,F,0.743717,11100000,74.3717,X]
[50,F,0.748386,00001000,74.8386,X]
[25,F,0.754459,11100000,75.4459,X]
[113,F,0.773438,00000001,77.3438,X]
[67,F,0.787178,00000100,78.7178,X]
[114,F,0.793945,00000001,79.3945,X]
[26,F,0.796452,11100000,79.6452,X]
[85,F,0.804697,00000010,80.4697,X]
[86,F,0.807627,00000010,80.7627,X]
[68,F,0.807686,00000100,80.7686,X]
[27,F,0.809147,11100000,80.9147,X]
[115,F,0.84375,00000001,84.375,X]
[51,F,0.852878,00001000,85.2878,X]
[52,F,0.854831,00001000,85.4831,X]
[87,F,0.861337,00000010,86.1337,X]
[116,F,0.889648,00000001,88.9648,X]
[28,F,0.891178,11100000,89.1178,X]
[29,F,0.892155,11100000,89.2155,X]
[117,F,0.902344,00000001,90.2344,X]
[88,F,0.910166,00000010,91.0166,X]
[118,F,0.913086,00000001,91.3086,X]
[30,F,0.922428,11100000,92.2428,X]
[69,F,0.924873,00000100,92.4873,X]
[31,F,0.928288,11100000,92.8287,X]
[36,F,0.935123,00010000,93.5123,X]
[32,F,0.938053,11100000,93.8053,X]
[53,F,0.940769,00001000,94.0769,X]
[37,F,0.945866,00010000,94.5866,X]
[119,F,0.948242,00000001,94.8242,X]
[54,F,0.955417,00001000,95.5417,X]
[33,F,0.958561,11100000,95.8561,X]
[38,F,0.969303,00010000,96.9303,X]
[34,F,0.985608,00100000,98.5608,X]
[55,F,0.989597,00001000,98.9597,X]
[39,F,0.996647,00010000,99.6647,X]
[40,F,0.999577,00010000,99.9577,X]
GUIDE_TREE_PARTITION1=(((((((t1:2.02,t2:2.02):1.47,t3:3.49):27.9,t4:31.39):41.33,t5:72.72):6.57,t6:79.29):11.92,t7:91.21):8.79,t8:100);
