Taxa bit representation:
t1 10000000
t2 01000000
t3 00100000
t4 00010000
t5 00001000
t6 00000100
t7 00000010
t8 00000001
Clade List (<taxon members> = <clade name>): 

>Dataset_0
[0,F,0.0615234,11111110,6.15234,X]
[1,F,0.327641,11111000,32.7641,X]
[22,F,0.332031,00000001,33.2031,X]
[20,F,0.346948,00000010,34.6948,X]
[23,F,0.355469,00000001,35.5469,X]
[21,F,0.381128,00000010,38.1128,X]
[2,F,0.45557,11111000,45.557,X]
[17,F,0.4585,00000100,45.85,X]
[8,F,0.601498,00100000,60.1498,X]
[24,F,0.609375,00000001,60.9375,X]
[18,F,0.621586,00000100,62.1586,X]
[3,F,0.626889,11000000,62.6889,X]
[9,F,0.672787,00100000,67.2788,X]
[10,F,0.680477,00010000,68.0477,X]
[11,F,0.703914,00010000,70.3914,X]
[25,F,0.743164,00000001,74.3164,X]
[19,F,0.792484,00000100,79.2484,X]
[4,F,0.808308,01000000,80.8308,X]
[12,F,0.831844,00010000,83.1844,X]
[5,F,0.851277,01000000,85.1277,X]
[26,F,0.854492,00000001,85.4492,X]
[15,F,0.914277,00001000,91.4277,X]
[16,F,0.91623,00001000,91.623,X]
[6,F,0.924519,01000000,92.4519,X]
[13,F,0.937312,00010000,93.7313,X]
[14,F,0.939266,00010000,93.9266,X]
[7,F,0.966511,01000000,96.6511,X]
GUIDE_TREE_PARTITION1=(((((((t1:27.47,t2:27.47):16.97,t3:44.44):0.11,t4:44.55):1.62,t5:46.17):26.73,t6:72.9):6.37,t7:79.27):20.73,t8:100);
