Taxa bit representation:
t1 10000000
t2 01000000
t3 00100000
t4 00010000
t5 00001000
t6 00000100
t7 00000010
t8 00000001
Clade List (<taxon members> = <clade name>): 

>Dataset_0
[0,F,0.0507812,11110000,5.07812,X]
[42,F,0.0898438,00001111,8.98438,X]
[1,F,0.0927734,11110000,9.27734,X]
[43,F,0.125,00001111,12.5,X]
[73,F,0.133789,00000011,13.3789,X]
[44,F,0.147461,00001100,14.7461,X]
[45,F,0.15332,00001100,15.332,X]
[74,F,0.154297,00000011,15.4297,X]
[46,F,0.15918,00001100,15.918,X]
[75,F,0.175781,00000011,17.5781,X]
[76,F,0.186523,00000011,18.6523,X]
[77,F,0.188477,00000011,18.8477,X]
[78,F,0.19043,00000011,19.043,X]
[2,F,0.193359,11110000,19.3359,X]
[3,F,0.195312,11110000,19.5312,X]
[4,F,0.207031,11110000,20.7031,X]
[79,F,0.235352,00000011,23.5352,X]
[80,F,0.306641,00000011,30.6641,X]
[81,F,0.314453,00000011,31.4453,X]
[82,F,0.316406,00000011,31.6406,X]
[5,F,0.325195,11110000,32.5195,X]
[6,F,0.348633,11110000,34.8633,X]
[83,F,0.366211,00000011,36.6211,X]
[84,F,0.391602,00000011,39.1602,X]
[7,F,0.416992,11110000,41.6992,X]
[47,F,0.433594,00001100,43.3594,X]
[85,F,0.43457,00000011,43.457,X]
[20,F,0.440602,00110000,44.0602,X]
[8,F,0.440602,11000000,44.0602,X]
[21,F,0.454273,00110000,45.4273,X]
[86,F,0.467773,00000011,46.7773,X]
[22,F,0.467945,00110000,46.7945,X]
[48,F,0.475586,00001100,47.5586,X]
[9,F,0.48943,11000000,48.943,X]
[49,F,0.491211,00001100,49.1211,X]
[10,F,0.497242,11000000,49.7242,X]
[87,F,0.518555,00000011,51.8555,X]
[23,F,0.530445,00110000,53.0445,X]
[88,F,0.540039,00000011,54.0039,X]
[50,F,0.545898,00001100,54.5898,X]
[24,F,0.561695,00110000,56.1695,X]
[51,F,0.575195,00001100,57.5195,X]
[89,F,0.583095,00000010,58.3095,X]
[25,F,0.590992,00110000,59.0992,X]
[52,F,0.591797,00001100,59.1797,X]
[53,F,0.59668,00001100,59.668,X]
[101,F,0.599697,00000001,59.9697,X]
[11,F,0.615406,11000000,61.5406,X]
[26,F,0.636891,00110000,63.6891,X]
[90,F,0.637783,00000010,63.7783,X]
[102,F,0.637783,00000001,63.7783,X]
[12,F,0.640797,11000000,64.0797,X]
[103,F,0.649502,00000001,64.9502,X]
[54,F,0.651367,00001100,65.1367,X]
[27,F,0.663258,00110000,66.3258,X]
[91,F,0.671963,00000010,67.1963,X]
[55,F,0.672852,00001100,67.2852,X]
[104,F,0.674892,00000001,67.4892,X]
[105,F,0.679775,00000001,67.9775,X]
[106,F,0.681728,00000001,68.1728,X]
[13,F,0.687672,11000000,68.7672,X]
[107,F,0.699306,00000001,69.9306,X]
[28,F,0.703297,00110000,70.3297,X]
[92,F,0.705166,00000010,70.5166,X]
[93,F,0.712002,00000010,71.2002,X]
[108,F,0.712002,00000001,71.2002,X]
[14,F,0.719898,11000000,71.9898,X]
[109,F,0.721767,00000001,72.1767,X]
[56,F,0.746094,00001100,74.6094,X]
[94,F,0.750088,00000010,75.0088,X]
[29,F,0.751148,00110000,75.1148,X]
[65,F,0.761195,00000100,76.1195,X]
[57,F,0.765102,00001000,76.5102,X]
[66,F,0.77975,00000100,77.975,X]
[95,F,0.79208,00000010,79.208,X]
[30,F,0.79607,00110000,79.607,X]
[58,F,0.798305,00001000,79.8305,X]
[110,F,0.801845,00000001,80.1845,X]
[111,F,0.81747,00000001,81.747,X]
[31,F,0.817555,00110000,81.7555,X]
[32,F,0.821461,00110000,82.1461,X]
[59,F,0.825648,00001000,82.5648,X]
[15,F,0.83318,11000000,83.318,X]
[67,F,0.833461,00000100,83.3461,X]
[60,F,0.846156,00001000,84.6156,X]
[33,F,0.853687,00110000,85.3687,X]
[34,F,0.855641,00110000,85.5641,X]
[35,F,0.857594,00110000,85.7594,X]
[96,F,0.860439,00000010,86.0439,X]
[68,F,0.864711,00000100,86.4711,X]
[61,F,0.864711,00001000,86.4711,X]
[69,F,0.866664,00000100,86.6664,X]
[112,F,0.869228,00000001,86.9228,X]
[97,F,0.881923,00000010,88.1923,X]
[70,F,0.894984,00000100,89.4984,X]
[16,F,0.901539,11000000,90.1539,X]
[98,F,0.903408,00000010,90.3408,X]
[36,F,0.905445,00110000,90.5445,X]
[37,F,0.910328,00110000,91.0328,X]
[17,F,0.910328,11000000,91.0328,X]
[62,F,0.919398,00001000,91.9398,X]
[38,F,0.92107,00110000,92.107,X]
[63,F,0.932094,00001000,93.2094,X]
[64,F,0.93307,00001000,93.307,X]
[71,F,0.935023,00000100,93.5023,X]
[99,F,0.940517,00000010,94.0517,X]
[39,F,0.943206,00100000,94.3206,X]
[100,F,0.947353,00000010,94.7353,X]
[18,F,0.954273,11000000,95.4273,X]
[19,F,0.956227,11000000,95.6227,X]
[41,F,0.959808,00010000,95.9808,X]
[40,F,0.964691,00100000,96.4691,X]
[113,F,0.977627,00000001,97.7627,X]
[72,F,0.987758,00000100,98.7758,X]
GUIDE_TREE_PARTITION1=(((t1:1.27,t2:1.27):56.33,(t3:6.07,t4:6.07):51.53):42.4,((t5:25.15,t6:25.15):62.35,(t7:42.96,t8:42.96):44.54):12.5);
