Taxa bit representation:
t1 10000000
t2 01000000
t3 00100000
t4 00010000
t5 00001000
t6 00000100
t7 00000010
t8 00000001
Clade List (<taxon members> = <clade name>): 

>Dataset_0
[0,F,0.0322266,11110000,3.22266,X]
[1,F,0.0556641,11110000,5.56641,X]
[2,F,0.140616,11000000,14.0616,X]
[5,F,0.245108,00110000,24.5108,X]
[13,F,0.425856,00000011,42.5856,X]
[11,F,0.429762,00001100,42.9763,X]
[14,F,0.466872,00000011,46.6872,X]
[6,F,0.654956,00100000,65.4956,X]
[7,F,0.660816,00100000,66.0816,X]
[15,F,0.665623,00000010,66.5623,X]
[8,F,0.697925,00100000,69.7925,X]
[9,F,0.737964,00100000,73.7964,X]
[3,F,0.808584,11000000,80.8584,X]
[4,F,0.830069,11000000,83.0069,X]
[10,F,0.855152,00100000,85.5152,X]
[16,F,0.931248,00000010,93.1248,X]
[12,F,0.951866,00000100,95.1866,X]
GUIDE_TREE_PARTITION1=(((t1:4.61,t2:4.61):85.43,(t3:69.27,t4:69.27):20.77):9.96,((t5:55.79,t6:55.79):11.39,(t7:45.84,t8:45.84):21.34):32.82);
