Taxa bit representation:
t1 10000000
t2 01000000
t3 00100000
t4 00010000
t5 00001000
t6 00000100
t7 00000010
t8 00000001
Clade List (<taxon members> = <clade name>): 

>Dataset_0
[0,F,0.0927734,11111100,9.27734,X]
[1,F,0.129883,11111100,12.9883,X]
[2,F,0.165039,11111100,16.5039,X]
[26,F,0.208008,00000011,20.8008,X]
[27,F,0.21875,00000011,21.875,X]
[3,F,0.273438,11111100,27.3438,X]
[4,F,0.290039,11111100,29.0039,X]
[28,F,0.293945,00000011,29.3945,X]
[29,F,0.408203,00000011,40.8203,X]
[30,F,0.424805,00000011,42.4805,X]
[5,F,0.476848,11110000,47.6848,X]
[40,F,0.50463,00000001,50.463,X]
[41,F,0.505606,00000001,50.5606,X]
[6,F,0.519397,11100000,51.9397,X]
[42,F,0.543692,00000001,54.3692,X]
[17,F,0.58678,00010000,58.678,X]
[31,F,0.587638,00000010,58.7638,X]
[18,F,0.588733,00010000,58.8733,X]
[15,F,0.604153,00100000,60.4153,X]
[32,F,0.628653,00000010,62.8653,X]
[23,F,0.637877,00000100,63.7877,X]
[43,F,0.65502,00000001,65.502,X]
[33,F,0.714591,00000010,71.4591,X]
[20,F,0.716978,00001000,71.6978,X]
[34,F,0.736075,00000010,73.6075,X]
[7,F,0.741848,11000000,74.1848,X]
[21,F,0.743345,00001000,74.3345,X]
[35,F,0.743888,00000010,74.3888,X]
[8,F,0.745755,11000000,74.5755,X]
[44,F,0.747794,00000001,74.7794,X]
[22,F,0.770689,00001000,77.0689,X]
[36,F,0.776114,00000010,77.6114,X]
[37,F,0.778067,00000010,77.8067,X]
[9,F,0.795559,11000000,79.5559,X]
[38,F,0.831778,00000010,83.1778,X]
[10,F,0.841458,11000000,84.1458,X]
[24,F,0.861509,00000100,86.1509,X]
[25,F,0.91815,00000100,91.815,X]
[11,F,0.922512,11000000,92.2512,X]
[45,F,0.935294,00000001,93.5294,X]
[12,F,0.938748,10000000,93.8748,X]
[13,F,0.949491,10000000,94.9491,X]
[19,F,0.976428,00010000,97.6428,X]
[14,F,0.976834,01000000,97.6834,X]
[39,F,0.988028,00000010,98.8028,X]
[16,F,0.996731,00100000,99.6731,X]
GUIDE_TREE_PARTITION1=(((((t1:7.59,t2:7.59):32.19,t3:39.78):11.21,t4:50.99):9.04,(t5:36.31,t6:36.31):23.72):39.97,(t7:49.83,t8:49.83):50.17);
