Taxa bit representation:
t1 10000000
t2 01000000
t3 00100000
t4 00010000
t5 00001000
t6 00000100
t7 00000010
t8 00000001
Clade List (<taxon members> = <clade name>): 

>Dataset_0
[0,F,0.0283203,11111100,2.83203,X]
[57,F,0.0478516,00000011,4.78516,X]
[58,F,0.0498047,00000011,4.98047,X]
[59,F,0.110352,00000011,11.0352,X]
[1,F,0.135742,11111100,13.5742,X]
[60,F,0.145508,00000011,14.5508,X]
[61,F,0.155273,00000011,15.5273,X]
[62,F,0.168945,00000011,16.8945,X]
[63,F,0.191406,00000011,19.1406,X]
[64,F,0.208008,00000011,20.8008,X]
[65,F,0.233398,00000011,23.3398,X]
[2,F,0.250977,11111100,25.0977,X]
[3,F,0.260742,11111100,26.0742,X]
[66,F,0.270508,00000011,27.0508,X]
[4,F,0.34082,11111100,34.082,X]
[35,F,0.361055,00001100,36.1055,X]
[5,F,0.363008,11110000,36.3008,X]
[6,F,0.366914,11110000,36.6914,X]
[67,F,0.375977,00000011,37.5977,X]
[7,F,0.384492,11110000,38.4492,X]
[36,F,0.392305,00001100,39.2305,X]
[37,F,0.393281,00001100,39.3281,X]
[38,F,0.397188,00001100,39.7188,X]
[68,F,0.420898,00000011,42.0898,X]
[8,F,0.426484,11110000,42.6484,X]
[82,F,0.450037,00000001,45.0037,X]
[69,F,0.451014,00000010,45.1014,X]
[9,F,0.467509,11100000,46.7509,X]
[10,F,0.477275,11100000,47.7275,X]
[39,F,0.483125,00001100,48.3125,X]
[70,F,0.499842,00000010,49.9842,X]
[40,F,0.505586,00001100,50.5586,X]
[25,F,0.510478,00010000,51.0478,X]
[71,F,0.527186,00000010,52.7186,X]
[11,F,0.528056,11100000,52.8056,X]
[72,F,0.545741,00000010,54.5741,X]
[12,F,0.546611,11100000,54.6611,X]
[41,F,0.561262,00001000,56.1262,X]
[42,F,0.566145,00001000,56.6145,X]
[73,F,0.573084,00000010,57.3084,X]
[43,F,0.574934,00001000,57.4934,X]
[13,F,0.585673,11100000,58.5673,X]
[44,F,0.590559,00001000,59.0559,X]
[83,F,0.595545,00000001,59.5545,X]
[26,F,0.599345,00010000,59.9345,X]
[74,F,0.604334,00000010,60.4334,X]
[84,F,0.609217,00000001,60.9217,X]
[85,F,0.619959,00000001,61.9959,X]
[86,F,0.620936,00000001,62.0936,X]
[45,F,0.621809,00001000,62.1809,X]
[75,F,0.622889,00000010,62.2889,X]
[49,F,0.653059,00000100,65.3059,X]
[27,F,0.655009,00010000,65.5009,X]
[14,F,0.659892,11100000,65.9892,X]
[46,F,0.67552,00001000,67.552,X]
[50,F,0.677473,00000100,67.7473,X]
[87,F,0.694178,00000001,69.4178,X]
[28,F,0.707744,00010000,70.7744,X]
[15,F,0.710673,11100000,71.0673,X]
[29,F,0.724345,00010000,72.4345,X]
[51,F,0.735091,00000100,73.5091,X]
[47,F,0.744856,00001000,74.4856,X]
[88,F,0.758631,00000001,75.8631,X]
[30,F,0.782939,00010000,78.2939,X]
[52,F,0.784895,00000100,78.4895,X]
[89,F,0.786952,00000001,78.6952,X]
[31,F,0.80247,00010000,80.247,X]
[32,F,0.806377,00010000,80.6377,X]
[53,F,0.808333,00000100,80.8333,X]
[54,F,0.813216,00000100,81.3216,X]
[55,F,0.817122,00000100,81.7122,X]
[20,F,0.831902,00100000,83.1902,X]
[76,F,0.833827,00000010,83.3827,X]
[90,F,0.840662,00000001,84.0662,X]
[91,F,0.859217,00000001,85.9217,X]
[21,F,0.869011,00100000,86.9011,X]
[77,F,0.876795,00000010,87.6795,X]
[16,F,0.896355,11000000,89.6355,X]
[92,F,0.903162,00000001,90.3162,X]
[33,F,0.905009,00010000,90.5009,X]
[34,F,0.912822,00010000,91.2822,X]
[48,F,0.921614,00001000,92.1614,X]
[78,F,0.921717,00000010,92.1717,X]
[19,F,0.928567,01000000,92.8567,X]
[17,F,0.929544,10000000,92.9544,X]
[79,F,0.935389,00000010,93.5389,X]
[93,F,0.941248,00000001,94.1248,X]
[22,F,0.942253,00100000,94.2253,X]
[23,F,0.947136,00100000,94.7136,X]
[80,F,0.952967,00000010,95.2967,X]
[24,F,0.954948,00100000,95.4948,X]
[56,F,0.958723,00000100,95.8723,X]
[81,F,0.969569,00000010,96.9569,X]
[18,F,0.977395,10000000,97.7395,X]
[94,F,0.985194,00000001,98.5194,X]
GUIDE_TREE_PARTITION1=(((((t1:9.78,t2:9.78):8.69,t3:18.47):38.49,t4:56.96):8.79,(t5:47.78,t6:47.78):17.97):34.25,(t7:57.34,t8:57.34):42.66);
