Taxa bit representation:
t1 10000000
t2 01000000
t3 00100000
t4 00010000
t5 00001000
t6 00000100
t7 00000010
t8 00000001
Clade List (<taxon members> = <clade name>): 

>Dataset_0
[0,F,0.0410156,11110000,4.10156,X]
[14,F,0.150914,00001100,15.0914,X]
[9,F,0.269238,00110000,26.9238,X]
[1,F,0.333691,11000000,33.3691,X]
[2,F,0.33955,11000000,33.955,X]
[26,F,0.353456,00000001,35.3456,X]
[3,F,0.421581,11000000,42.1581,X]
[10,F,0.483105,00110000,48.3105,X]
[7,F,0.496814,01000000,49.6814,X]
[27,F,0.538027,00000001,53.8027,X]
[11,F,0.562206,00110000,56.2206,X]
[4,F,0.579822,10000000,57.9822,X]
[15,F,0.5833,00001000,58.33,X]
[24,F,0.606386,00000010,60.6386,X]
[16,F,0.608691,00001000,60.8691,X]
[5,F,0.618884,10000000,61.8884,X]
[21,F,0.656542,00000100,65.6542,X]
[17,F,0.667284,00001000,66.7284,X]
[18,F,0.698534,00001000,69.8534,X]
[6,F,0.710681,10000000,71.0681,X]
[22,F,0.732714,00000100,73.2714,X]
[28,F,0.788027,00000001,78.8027,X]
[19,F,0.795214,00001000,79.5214,X]
[29,F,0.835878,00000001,83.5878,X]
[8,F,0.84447,01000000,84.447,X]
[12,F,0.851269,00110000,85.1269,X]
[23,F,0.855761,00000100,85.5761,X]
[25,F,0.984316,00000010,98.4316,X]
[13,F,0.985183,00010000,98.5183,X]
[20,F,0.995409,00001000,99.5409,X]
GUIDE_TREE_PARTITION1=(((t1:52.76,t2:52.76):22.66,(t3:8.22,t4:8.22):67.2):24.58,((t5:66.67,t6:66.67):26.93,(t7:93.17,t8:93.17):0.43):6.4);
