Taxa bit representation:
t1 10000000
t2 01000000
t3 00100000
t4 00010000
t5 00001000
t6 00000100
t7 00000010
t8 00000001
Clade List (<taxon members> = <clade name>): 

>Dataset_0
[36,F,0.000976562,00000011,0.0976562,X]
[0,F,0.0420359,11110000,4.20359,X]
[1,F,0.145552,11110000,14.5552,X]
[37,F,0.15918,00000011,15.918,X]
[2,F,0.238325,11110000,23.8325,X]
[3,F,0.268598,11110000,26.8598,X]
[4,F,0.28813,11110000,28.813,X]
[24,F,0.326216,00001100,32.6216,X]
[5,F,0.336958,11110000,33.6958,X]
[25,F,0.372114,00001100,37.2114,X]
[26,F,0.386763,00001100,38.6763,X]
[27,F,0.477583,00001100,47.7583,X]
[6,F,0.494184,11110000,49.4184,X]
[7,F,0.530317,11110000,53.0317,X]
[38,F,0.546875,00000011,54.6875,X]
[28,F,0.627973,00001100,62.7973,X]
[8,F,0.63188,11110000,63.188,X]
[29,F,0.658247,00001100,65.8247,X]
[9,F,0.679731,11110000,67.9731,X]
[30,F,0.702192,00001100,70.2192,X]
[10,F,0.714888,11110000,71.4887,X]
[31,F,0.760786,00001100,76.0786,X]
[11,F,0.767491,11100000,76.7491,X]
[39,F,0.78125,00000011,78.125,X]
[12,F,0.797764,11100000,79.7764,X]
[32,F,0.819927,00001000,81.9927,X]
[40,F,0.824219,00000011,82.4219,X]
[13,F,0.842133,10000000,84.2133,X]
[33,F,0.844341,00001000,84.4341,X]
[34,F,0.848247,00001000,84.8247,X]
[18,F,0.849181,00100000,84.9181,X]
[14,F,0.851898,10000000,85.1898,X]
[41,F,0.858398,00000011,85.8398,X]
[23,F,0.887608,00010000,88.7608,X]
[19,F,0.88922,00100000,88.922,X]
[15,F,0.911469,01000000,91.1469,X]
[42,F,0.922783,00000010,92.2783,X]
[43,F,0.938408,00000001,93.8408,X]
[35,F,0.956645,00000100,95.6645,X]
[16,F,0.960297,01000000,96.0297,X]
[20,F,0.961486,00100000,96.1486,X]
[21,F,0.971252,00100000,97.1252,X]
[22,F,0.980041,00100000,98.0041,X]
[17,F,0.983734,01000000,98.3734,X]
GUIDE_TREE_PARTITION1=(((((t1:19.4,t2:19.4):0.76,t3:20.16):5.63,t4:25.79):70.69,(t5:21.23,t6:21.23):75.25):3.52,(t7:8.21,t8:8.21):91.79);
