Taxa bit representation:
t1 10000000
t2 01000000
t3 00100000
t4 00010000
t5 00001000
t6 00000100
t7 00000010
t8 00000001
Clade List (<taxon members> = <clade name>): 

>Dataset_0
[0,F,0.0107422,11111110,1.07422,X]
[1,F,0.0534828,11111100,5.34828,X]
[105,F,0.0595703,00000001,5.95703,X]
[2,F,0.0788734,11111100,7.88734,X]
[76,F,0.0827797,00000010,8.27797,X]
[106,F,0.101562,00000001,10.1562,X]
[77,F,0.104264,00000010,10.4264,X]
[78,F,0.115983,00000010,11.5983,X]
[79,F,0.121842,00000010,12.1842,X]
[107,F,0.146484,00000001,14.6484,X]
[3,F,0.160905,11111100,16.0905,X]
[80,F,0.164811,00000010,16.4811,X]
[4,F,0.167741,11111100,16.7741,X]
[108,F,0.173828,00000001,17.3828,X]
[81,F,0.184342,00000010,18.4342,X]
[82,F,0.187272,00000010,18.7272,X]
[83,F,0.200944,00000010,20.0944,X]
[5,F,0.205827,11111100,20.5827,X]
[109,F,0.208984,00000001,20.8984,X]
[84,F,0.218522,00000010,21.8522,X]
[85,F,0.222428,00000010,22.2428,X]
[6,F,0.224381,11111100,22.4381,X]
[7,F,0.230241,11111100,23.0241,X]
[8,F,0.268327,11111100,26.8327,X]
[86,F,0.281998,00000010,28.1998,X]
[9,F,0.293717,11111100,29.3717,X]
[10,F,0.358461,11110000,35.8461,X]
[41,F,0.360414,00001000,36.0414,X]
[42,F,0.361391,00001000,36.1391,X]
[11,F,0.40143,11110000,40.143,X]
[87,F,0.406998,00000010,40.6998,X]
[110,F,0.412109,00000001,41.2109,X]
[88,F,0.42653,00000010,42.653,X]
[59,F,0.432219,00000100,43.2219,X]
[111,F,0.46582,00000001,46.582,X]
[43,F,0.467836,00001000,46.7836,X]
[12,F,0.46922,11100000,46.922,X]
[44,F,0.474672,00001000,47.4672,X]
[31,F,0.477033,00010000,47.7033,X]
[13,F,0.481916,11100000,48.1916,X]
[112,F,0.485352,00000001,48.5352,X]
[113,F,0.493164,00000001,49.3164,X]
[60,F,0.495695,00000100,49.5695,X]
[114,F,0.506836,00000001,50.6836,X]
[32,F,0.507306,00010000,50.7306,X]
[115,F,0.510742,00000001,51.0742,X]
[116,F,0.515625,00000001,51.5625,X]
[14,F,0.517072,11100000,51.7072,X]
[117,F,0.521484,00000001,52.1484,X]
[89,F,0.533952,00000010,53.3952,X]
[90,F,0.535905,00000010,53.5905,X]
[91,F,0.542741,00000010,54.2741,X]
[92,F,0.557389,00000010,55.7389,X]
[61,F,0.569914,00000100,56.9914,X]
[93,F,0.573991,00000010,57.3991,X]
[45,F,0.584047,00001000,58.4047,X]
[62,F,0.595305,00000100,59.5305,X]
[94,F,0.613053,00000010,61.3053,X]
[46,F,0.613344,00001000,61.3344,X]
[47,F,0.618227,00001000,61.8227,X]
[48,F,0.627016,00001000,62.7016,X]
[15,F,0.639142,11100000,63.9142,X]
[33,F,0.640119,00010000,64.0119,X]
[63,F,0.646086,00000100,64.6086,X]
[118,F,0.655273,00000001,65.5273,X]
[95,F,0.662858,00000010,66.2858,X]
[64,F,0.681242,00000100,68.1242,X]
[65,F,0.693937,00000100,69.3937,X]
[119,F,0.696289,00000001,69.6289,X]
[49,F,0.702211,00001000,70.2211,X]
[50,F,0.703187,00001000,70.3187,X]
[96,F,0.70778,00000010,70.778,X]
[51,F,0.709047,00001000,70.9047,X]
[52,F,0.723695,00001000,72.3695,X]
[53,F,0.727602,00001000,72.7602,X]
[66,F,0.729094,00000100,72.9094,X]
[67,F,0.733,00000100,73.3,X]
[25,F,0.734305,00100000,73.4305,X]
[26,F,0.74407,00100000,74.407,X]
[97,F,0.746842,00000010,74.6842,X]
[34,F,0.7534,00010000,75.34,X]
[68,F,0.758391,00000100,75.8391,X]
[69,F,0.765227,00000100,76.5227,X]
[98,F,0.768327,00000010,76.8327,X]
[16,F,0.77825,11000000,77.825,X]
[27,F,0.784109,00100000,78.4109,X]
[70,F,0.786711,00000100,78.6711,X]
[99,F,0.796647,00000010,79.6647,X]
[35,F,0.806134,00010000,80.6134,X]
[54,F,0.83307,00001000,83.307,X]
[120,F,0.84668,00000001,84.668,X]
[55,F,0.854555,00001000,85.4555,X]
[36,F,0.854962,00010000,85.4962,X]
[71,F,0.856047,00000100,85.6047,X]
[56,F,0.856508,00001000,85.6508,X]
[28,F,0.862234,00100000,86.2234,X]
[37,F,0.863752,00010000,86.3752,X]
[72,F,0.871672,00000100,87.1672,X]
[121,F,0.87207,00000001,87.207,X]
[73,F,0.877531,00000100,87.7531,X]
[74,F,0.879484,00000100,87.9484,X]
[17,F,0.879812,11000000,87.9813,X]
[57,F,0.882875,00001000,88.2875,X]
[20,F,0.893119,01000000,89.3119,X]
[58,F,0.907289,00001000,90.7289,X]
[122,F,0.911133,00000001,91.1133,X]
[100,F,0.912858,00000010,91.2858,X]
[21,F,0.922416,01000000,92.2416,X]
[29,F,0.929617,00100000,92.9617,X]
[101,F,0.938248,00000010,93.8248,X]
[30,F,0.939383,00100000,93.9383,X]
[18,F,0.942923,10000000,94.2923,X]
[22,F,0.948783,01000000,94.8783,X]
[38,F,0.951642,00010000,95.1642,X]
[19,F,0.959525,10000000,95.9525,X]
[102,F,0.961686,00000010,96.1686,X]
[39,F,0.964337,00010000,96.4337,X]
[103,F,0.967545,00000010,96.7545,X]
[40,F,0.977033,00010000,97.7033,X]
[23,F,0.982962,01000000,98.2963,X]
[104,F,0.990006,00000010,99.0006,X]
[75,F,0.991789,00000100,99.1789,X]
[24,F,0.999564,01000000,99.9564,X]
GUIDE_TREE_PARTITION1=(((((((t1:11.86,t2:11.86):19.69,t3:31.55):24.36,t4:55.91):10.49,t5:66.4):4.05,t6:70.45):24.69,t7:95.14):4.86,t8:100);
