Taxa bit representation:
t1 10000000
t2 01000000
t3 00100000
t4 00010000
t5 00001000
t6 00000100
t7 00000010
t8 00000001
Clade List (<taxon members> = <clade name>): 

>Dataset_0
[107,F,0.0546875,00000011,5.46875,X]
[0,F,0.0804359,11110000,8.04359,X]
[108,F,0.0869141,00000011,8.69141,X]
[1,F,0.0911781,11110000,9.11781,X]
[109,F,0.104492,00000011,10.4492,X]
[2,F,0.128287,11110000,12.8287,X]
[55,F,0.131153,00010000,13.1153,X]
[3,F,0.134083,11100000,13.4083,X]
[110,F,0.135742,00000011,13.5742,X]
[56,F,0.143848,00010000,14.3848,X]
[111,F,0.144531,00000011,14.4531,X]
[57,F,0.164356,00010000,16.4356,X]
[4,F,0.164356,11100000,16.4356,X]
[24,F,0.191783,00100000,19.1783,X]
[77,F,0.194694,00001100,19.4694,X]
[112,F,0.209961,00000011,20.9961,X]
[58,F,0.210255,00010000,21.0255,X]
[59,F,0.228809,00010000,22.8809,X]
[113,F,0.239258,00000011,23.9258,X]
[60,F,0.240528,00010000,24.0528,X]
[25,F,0.240611,00100000,24.0611,X]
[26,F,0.245494,00100000,24.5494,X]
[5,F,0.2494,11000000,24.94,X]
[61,F,0.267872,00010000,26.7872,X]
[114,F,0.268555,00000011,26.8555,X]
[115,F,0.275391,00000011,27.5391,X]
[6,F,0.278697,11000000,27.8697,X]
[78,F,0.280631,00001100,28.0631,X]
[7,F,0.282603,11000000,28.2603,X]
[79,F,0.306998,00001100,30.6998,X]
[80,F,0.318717,00001100,31.8717,X]
[8,F,0.318736,11000000,31.8736,X]
[81,F,0.319694,00001100,31.9694,X]
[27,F,0.322642,00100000,32.2642,X]
[82,F,0.324577,00001100,32.4577,X]
[28,F,0.338267,00100000,33.8267,X]
[62,F,0.34502,00010000,34.502,X]
[116,F,0.350586,00000011,35.0586,X]
[29,F,0.351939,00100000,35.1939,X]
[9,F,0.360728,11000000,36.0728,X]
[63,F,0.361622,00010000,36.1622,X]
[30,F,0.361705,00100000,36.1705,X]
[31,F,0.376353,00100000,37.6353,X]
[10,F,0.378306,11000000,37.8306,X]
[64,F,0.3792,00010000,37.92,X]
[117,F,0.399414,00000011,39.9414,X]
[65,F,0.40752,00010000,40.752,X]
[11,F,0.407603,11000000,40.7603,X]
[32,F,0.411509,00100000,41.1509,X]
[33,F,0.415416,00100000,41.5416,X]
[12,F,0.416392,11000000,41.6392,X]
[66,F,0.422169,00010000,42.2169,X]
[34,F,0.435923,00100000,43.5923,X]
[35,F,0.442759,00100000,44.2759,X]
[36,F,0.452525,00100000,45.2525,X]
[83,F,0.453483,00001100,45.3483,X]
[13,F,0.456431,11000000,45.6431,X]
[37,F,0.464244,00100000,46.4244,X]
[118,F,0.464844,00000011,46.4844,X]
[38,F,0.476939,00100000,47.6939,X]
[39,F,0.481822,00100000,48.1822,X]
[84,F,0.484733,00001100,48.4733,X]
[119,F,0.488281,00000011,48.8281,X]
[85,F,0.506217,00001100,50.6217,X]
[40,F,0.515025,00100000,51.5025,X]
[86,F,0.520866,00001100,52.0866,X]
[87,F,0.526725,00001100,52.6725,X]
[88,F,0.528678,00001100,52.8678,X]
[120,F,0.532227,00000011,53.2227,X]
[14,F,0.542369,11000000,54.2369,X]
[41,F,0.544322,00100000,54.4322,X]
[89,F,0.577506,00001100,57.7506,X]
[90,F,0.584342,00001100,58.4342,X]
[91,F,0.599967,00001100,59.9967,X]
[42,F,0.605845,00100000,60.5845,X]
[92,F,0.610709,00001100,61.0709,X]
[121,F,0.617188,00000011,61.7188,X]
[93,F,0.622428,00001100,62.2428,X]
[43,F,0.626353,00100000,62.6353,X]
[122,F,0.628906,00000011,62.8906,X]
[123,F,0.630859,00000011,63.0859,X]
[67,F,0.637012,00010000,63.7013,X]
[94,F,0.640983,00001100,64.0983,X]
[15,F,0.646861,11000000,64.6861,X]
[95,F,0.647819,00001100,64.7819,X]
[68,F,0.662403,00010000,66.2403,X]
[16,F,0.666392,11000000,66.6392,X]
[44,F,0.666392,00100000,66.6392,X]
[69,F,0.671192,00010000,67.1192,X]
[96,F,0.678092,00001100,67.8092,X]
[97,F,0.684928,00001100,68.4928,X]
[124,F,0.707013,00000010,70.7013,X]
[98,F,0.715202,00001100,71.5202,X]
[45,F,0.719127,00100000,71.9127,X]
[125,F,0.719708,00000010,71.9708,X]
[134,F,0.720684,00000001,72.0684,X]
[99,F,0.721061,00001100,72.1061,X]
[70,F,0.721973,00010000,72.1973,X]
[100,F,0.722037,00001100,72.2037,X]
[126,F,0.731427,00000010,73.1427,X]
[135,F,0.743145,00000001,74.3145,X]
[136,F,0.744122,00000001,74.4122,X]
[46,F,0.748423,00100000,74.8423,X]
[137,F,0.751934,00000001,75.1934,X]
[127,F,0.777325,00000010,77.7325,X]
[128,F,0.793927,00000010,79.3927,X]
[138,F,0.801739,00000001,80.1739,X]
[129,F,0.806622,00000010,80.6622,X]
[71,F,0.807911,00010000,80.7911,X]
[72,F,0.812794,00010000,81.2794,X]
[17,F,0.81483,11000000,81.483,X]
[139,F,0.82713,00000001,82.713,X]
[18,F,0.829478,11000000,82.9478,X]
[47,F,0.844127,00100000,84.4127,X]
[48,F,0.853892,00100000,85.3892,X]
[49,F,0.855845,00100000,85.5845,X]
[104,F,0.865142,00000100,86.5142,X]
[130,F,0.875958,00000010,87.5958,X]
[101,F,0.88272,00001000,88.272,X]
[131,F,0.8867,00000010,88.67,X]
[73,F,0.889942,00010000,88.9942,X]
[50,F,0.890025,00100000,89.0025,X]
[140,F,0.902325,00000001,90.2325,X]
[74,F,0.908497,00010000,90.8497,X]
[105,F,0.911041,00000100,91.1041,X]
[75,F,0.918262,00010000,91.8263,X]
[132,F,0.918927,00000010,91.8927,X]
[51,F,0.932994,00100000,93.2994,X]
[133,F,0.934552,00000010,93.4552,X]
[52,F,0.9369,00100000,93.69,X]
[53,F,0.938853,00100000,93.8853,X]
[22,F,0.950886,01000000,95.0886,X]
[106,F,0.956939,00000100,95.6939,X]
[76,F,0.964161,00010000,96.4161,X]
[19,F,0.964558,10000000,96.4558,X]
[54,F,0.967173,00100000,96.7173,X]
[102,F,0.970611,00001000,97.0611,X]
[23,F,0.97823,01000000,97.823,X]
[20,F,0.990925,10000000,99.0925,X]
[21,F,0.991902,10000000,99.1902,X]
[103,F,0.992095,00001000,99.2095,X]
[141,F,0.998028,00000001,99.8028,X]
GUIDE_TREE_PARTITION1=(((((t1:8.72,t2:8.72):72.59,t3:81.31):5.77,t4:87.08):5.56,(t5:20.81,t6:20.81):71.83):7.36,(t7:36.33,t8:36.33):63.67);
