Taxa bit representation:
t1 10000000
t2 01000000
t3 00100000
t4 00010000
t5 00001000
t6 00000100
t7 00000010
t8 00000001
Clade List (<taxon members> = <clade name>): 

>Dataset_0
[18,F,0.111328,00000001,11.1328,X]
[0,F,0.158203,11111110,15.8203,X]
[14,F,0.337577,00000010,33.7577,X]
[19,F,0.357422,00000001,35.7422,X]
[7,F,0.465934,00001000,46.5934,X]
[15,F,0.49578,00000010,49.578,X]
[1,F,0.515739,11110000,51.5739,X]
[11,F,0.557103,00000100,55.7103,X]
[20,F,0.568359,00000001,56.8359,X]
[8,F,0.629997,00001000,62.9997,X]
[21,F,0.631836,00000001,63.1836,X]
[2,F,0.645713,11100000,64.5713,X]
[9,F,0.650505,00001000,65.0505,X]
[3,F,0.650595,11100000,65.0595,X]
[16,F,0.684256,00000010,68.4256,X]
[22,F,0.775391,00000001,77.5391,X]
[10,F,0.794059,00001000,79.4059,X]
[12,F,0.83347,00000100,83.347,X]
[4,F,0.898919,10000000,89.8919,X]
[23,F,0.902344,00000001,90.2344,X]
[5,F,0.934075,10000000,93.4075,X]
[17,F,0.953788,00000010,95.3787,X]
[6,F,0.959466,10000000,95.9466,X]
[13,F,0.980931,00000100,98.0931,X]
GUIDE_TREE_PARTITION1=(((((((t1:11.28,t2:11.28):0.53,t3:11.81):24.4,t4:36.21):22.47,t5:58.68):1.43,t6:60.11):18.73,t7:78.84):21.16,t8:100);
