Taxa bit representation:
t1 10000000
t2 01000000
t3 00100000
t4 00010000
t5 00001000
t6 00000100
t7 00000010
t8 00000001
Clade List (<taxon members> = <clade name>): 

>Dataset_0
[0,F,0.0136719,11111100,1.36719,X]
[1,F,0.0498047,11111100,4.98047,X]
[88,F,0.0507812,00000011,5.07812,X]
[2,F,0.0566406,11111100,5.66406,X]
[89,F,0.0644531,00000011,6.44531,X]
[90,F,0.0849609,00000011,8.49609,X]
[91,F,0.0898437,00000011,8.98437,X]
[3,F,0.0938359,11110000,9.38359,X]
[43,F,0.119227,00001100,11.9227,X]
[44,F,0.130153,00001000,13.0153,X]
[45,F,0.140895,00001000,14.0895,X]
[4,F,0.14657,11110000,14.657,X]
[66,F,0.151637,00000100,15.1637,X]
[67,F,0.160427,00000100,16.0427,X]
[5,F,0.167078,11110000,16.7078,X]
[6,F,0.17782,11110000,17.782,X]
[68,F,0.196559,00000100,19.6559,X]
[46,F,0.201442,00001000,20.1442,X]
[69,F,0.207302,00000100,20.7302,X]
[92,F,0.216797,00000011,21.6797,X]
[7,F,0.233484,11110000,23.3484,X]
[47,F,0.238552,00001000,23.8552,X]
[93,F,0.264648,00000011,26.4648,X]
[94,F,0.270508,00000011,27.0508,X]
[70,F,0.275661,00000100,27.5661,X]
[48,F,0.286403,00001000,28.6403,X]
[95,F,0.290039,00000011,29.0039,X]
[71,F,0.303005,00000100,30.3005,X]
[8,F,0.323328,11110000,32.3328,X]
[49,F,0.337184,00001000,33.7184,X]
[9,F,0.337977,11110000,33.7977,X]
[50,F,0.338161,00001000,33.8161,X]
[10,F,0.338953,11110000,33.8953,X]
[72,F,0.339137,00000100,33.9137,X]
[11,F,0.33993,11110000,33.993,X]
[73,F,0.347927,00000100,34.7927,X]
[51,F,0.365505,00001000,36.5505,X]
[74,F,0.368434,00000100,36.8434,X]
[12,F,0.373133,11110000,37.3133,X]
[52,F,0.390895,00001000,39.0895,X]
[53,F,0.398708,00001000,39.8708,X]
[54,F,0.404567,00001000,40.4567,X]
[96,F,0.413086,00000011,41.3086,X]
[13,F,0.417078,11110000,41.7078,X]
[14,F,0.424891,11110000,42.4891,X]
[15,F,0.449366,11100000,44.9366,X]
[55,F,0.452419,00001000,45.2419,X]
[16,F,0.455225,11100000,45.5225,X]
[17,F,0.460108,11100000,46.0108,X]
[75,F,0.477809,00000100,47.7809,X]
[18,F,0.480616,11100000,48.0616,X]
[19,F,0.482569,11100000,48.2569,X]
[76,F,0.482692,00000100,48.2692,X]
[97,F,0.486328,00000011,48.6328,X]
[20,F,0.489405,11100000,48.9405,X]
[56,F,0.511012,00001000,51.1012,X]
[35,F,0.579248,00010000,57.9248,X]
[57,F,0.590114,00001000,59.0114,X]
[98,F,0.591797,00000011,59.1797,X]
[21,F,0.599756,11100000,59.9756,X]
[22,F,0.602686,11100000,60.2686,X]
[58,F,0.603786,00001000,60.3786,X]
[99,F,0.619141,00000011,61.9141,X]
[23,F,0.619287,11100000,61.9287,X]
[24,F,0.620264,11100000,62.0264,X]
[59,F,0.644802,00001000,64.4802,X]
[60,F,0.647731,00001000,64.7731,X]
[100,F,0.660156,00000011,66.0156,X]
[77,F,0.668239,00000100,66.8239,X]
[101,F,0.672852,00000011,67.2852,X]
[36,F,0.68667,00010000,68.667,X]
[107,F,0.688689,00000001,68.8689,X]
[25,F,0.698389,11100000,69.8389,X]
[78,F,0.705348,00000100,70.5348,X]
[26,F,0.732569,11100000,73.2569,X]
[37,F,0.734522,00010000,73.4522,X]
[79,F,0.745387,00000100,74.5387,X]
[80,F,0.748317,00000100,74.8317,X]
[108,F,0.749236,00000001,74.9236,X]
[61,F,0.749294,00001000,74.9294,X]
[81,F,0.772731,00000100,77.2731,X]
[27,F,0.773584,11100000,77.3584,X]
[82,F,0.783473,00000100,78.3473,X]
[28,F,0.784327,11100000,78.4327,X]
[83,F,0.792262,00000100,79.2262,X]
[102,F,0.823455,00000010,82.3455,X]
[109,F,0.83322,00000001,83.322,X]
[62,F,0.839137,00001000,83.9137,X]
[38,F,0.854639,00010000,85.4639,X]
[103,F,0.855681,00000010,85.5681,X]
[104,F,0.857634,00000010,85.7634,X]
[110,F,0.866423,00000001,86.6423,X]
[63,F,0.870387,00001000,87.0387,X]
[39,F,0.872217,00010000,87.2217,X]
[105,F,0.873259,00000010,87.3259,X]
[84,F,0.877223,00000100,87.7223,X]
[64,F,0.88113,00001000,88.113,X]
[65,F,0.886989,00001000,88.6989,X]
[29,F,0.915512,11000000,91.5512,X]
[85,F,0.944606,00000100,94.4606,X]
[30,F,0.947942,10000000,94.7942,X]
[40,F,0.956202,00010000,95.6202,X]
[32,F,0.957708,01000000,95.7708,X]
[86,F,0.962184,00000100,96.2184,X]
[111,F,0.968962,00000001,96.8962,X]
[33,F,0.97138,01000000,97.138,X]
[34,F,0.984848,00100000,98.4848,X]
[41,F,0.993311,00010000,99.3311,X]
[31,F,0.994817,10000000,99.4817,X]
[106,F,0.99533,00000010,99.533,X]
[42,F,0.996241,00010000,99.6241,X]
[87,F,0.999294,00000100,99.9294,X]
GUIDE_TREE_PARTITION1=(((((t1:6.28,t2:6.28):2.95,t3:9.23):46.81,t4:56.04):35.26,(t5:87.18,t6:87.18):4.12):8.7,(t7:32.01,t8:32.01):67.99);
