Taxa bit representation:
t1 10000000
t2 01000000
t3 00100000
t4 00010000
t5 00001000
t6 00000100
t7 00000010
t8 00000001
Clade List (<taxon members> = <clade name>): 

>Dataset_0
[0,F,0.00390625,11111110,0.390625,X]
[22,F,0.00585938,00000001,0.585938,X]
[23,F,0.132812,00000001,13.2812,X]
[13,F,0.262167,00000010,26.2167,X]
[1,F,0.270625,11111000,27.0625,X]
[14,F,0.306113,00000010,30.6113,X]
[24,F,0.308594,00000001,30.8594,X]
[15,F,0.310019,00000010,31.0019,X]
[16,F,0.318808,00000010,31.8808,X]
[25,F,0.341797,00000001,34.1797,X]
[2,F,0.354609,11111000,35.4609,X]
[3,F,0.359492,11111000,35.9492,X]
[17,F,0.489706,00000010,48.9706,X]
[26,F,0.493164,00000001,49.3164,X]
[4,F,0.515795,11110000,51.5795,X]
[10,F,0.526484,00000100,52.6484,X]
[8,F,0.542284,00010000,54.2284,X]
[18,F,0.552206,00000010,55.2206,X]
[27,F,0.553711,00000001,55.3711,X]
[28,F,0.599609,00000001,59.9609,X]
[19,F,0.609823,00000010,60.9823,X]
[5,F,0.629198,11100000,62.9198,X]
[11,F,0.668086,00000100,66.8086,X]
[6,F,0.7083,11100000,70.83,X]
[20,F,0.709433,00000010,70.9433,X]
[21,F,0.783652,00000010,78.3652,X]
[9,F,0.851855,00010000,85.1855,X]
[12,F,0.872188,00000100,87.2188,X]
[29,F,0.884766,00000001,88.4766,X]
[7,F,0.961802,00100000,96.1802,X]
GUIDE_TREE_PARTITION1=(((((((t1:5.71,t2:5.71):12.27,t3:17.98):29.94,t4:47.92):14.27,t5:62.19):18.56,t6:80.75):1.92,t7:82.67):17.33,t8:100);
