Taxa bit representation:
t1 10000000
t2 01000000
t3 00100000
t4 00010000
t5 00001000
t6 00000100
t7 00000010
t8 00000001
Clade List (<taxon members> = <clade name>): 

>Dataset_0
[66,F,0.000976562,00000001,0.0976562,X]
[67,F,0.0380859,00000001,3.80859,X]
[0,F,0.0595703,11111110,5.95703,X]
[68,F,0.0673828,00000001,6.73828,X]
[69,F,0.0966797,00000001,9.66797,X]
[1,F,0.102539,11111110,10.2539,X]
[70,F,0.105469,00000001,10.5469,X]
[2,F,0.171875,11111110,17.1875,X]
[71,F,0.1875,00000001,18.75,X]
[3,F,0.193359,11111110,19.3359,X]
[4,F,0.213867,11111110,21.3867,X]
[72,F,0.213867,00000001,21.3867,X]
[73,F,0.223633,00000001,22.3633,X]
[74,F,0.230469,00000001,23.0469,X]
[5,F,0.235352,11111110,23.5352,X]
[75,F,0.262695,00000001,26.2695,X]
[6,F,0.278091,11111100,27.8091,X]
[7,F,0.294692,11111100,29.4692,X]
[76,F,0.297852,00000001,29.7852,X]
[77,F,0.331055,00000001,33.1055,X]
[45,F,0.333755,00000010,33.3755,X]
[46,F,0.335708,00000010,33.5708,X]
[8,F,0.34352,11111100,34.352,X]
[47,F,0.34645,00000010,34.645,X]
[78,F,0.411133,00000001,41.1133,X]
[48,F,0.418716,00000010,41.8716,X]
[79,F,0.448242,00000001,44.8242,X]
[9,F,0.456802,11111100,45.6802,X]
[49,F,0.457778,00000010,45.7778,X]
[80,F,0.485352,00000001,48.5352,X]
[81,F,0.492188,00000001,49.2188,X]
[82,F,0.493164,00000001,49.3164,X]
[50,F,0.503677,00000010,50.3677,X]
[10,F,0.503677,11111100,50.3677,X]
[51,F,0.531997,00000010,53.1997,X]
[83,F,0.563477,00000001,56.3477,X]
[52,F,0.571059,00000010,57.1059,X]
[53,F,0.575942,00000010,57.5942,X]
[11,F,0.585708,11111100,58.5708,X]
[84,F,0.599609,00000001,59.9609,X]
[54,F,0.605239,00000010,60.5239,X]
[12,F,0.625747,11111100,62.5747,X]
[55,F,0.647231,00000010,64.7231,X]
[85,F,0.664062,00000001,66.4062,X]
[86,F,0.668945,00000001,66.8945,X]
[13,F,0.669692,11111100,66.9692,X]
[87,F,0.672852,00000001,67.2852,X]
[14,F,0.675552,11111100,67.5552,X]
[88,F,0.675781,00000001,67.5781,X]
[56,F,0.702895,00000010,70.2895,X]
[36,F,0.732231,00000100,73.2231,X]
[89,F,0.739258,00000001,73.9258,X]
[27,F,0.756848,00010000,75.6848,X]
[57,F,0.762466,00000010,76.2466,X]
[90,F,0.772461,00000001,77.2461,X]
[29,F,0.78173,00001000,78.173,X]
[37,F,0.786919,00000100,78.6919,X]
[38,F,0.787895,00000100,78.7895,X]
[15,F,0.789075,11100000,78.9075,X]
[39,F,0.797661,00000100,79.7661,X]
[16,F,0.798841,11100000,79.8841,X]
[17,F,0.800794,11100000,80.0794,X]
[40,F,0.815239,00000100,81.5239,X]
[91,F,0.818359,00000001,81.8359,X]
[30,F,0.824698,00001000,82.4698,X]
[18,F,0.825208,11100000,82.5208,X]
[28,F,0.83595,00010000,83.595,X]
[31,F,0.837394,00001000,83.7394,X]
[58,F,0.840591,00000010,84.0591,X]
[19,F,0.842342,11000000,84.2342,X]
[92,F,0.858398,00000001,85.8398,X]
[41,F,0.866997,00000100,86.6997,X]
[59,F,0.87477,00000010,87.477,X]
[20,F,0.895077,11000000,89.5077,X]
[32,F,0.895988,00001000,89.5988,X]
[21,F,0.898983,11000000,89.8983,X]
[60,F,0.909927,00000010,90.9927,X]
[61,F,0.91188,00000010,91.188,X]
[33,F,0.916495,00001000,91.6495,X]
[34,F,0.917472,00001000,91.7472,X]
[93,F,0.927734,00000001,92.7734,X]
[42,F,0.932427,00000100,93.2427,X]
[62,F,0.936294,00000010,93.6294,X]
[94,F,0.947266,00000001,94.7266,X]
[63,F,0.949966,00000010,94.9966,X]
[43,F,0.950981,00000100,95.0981,X]
[64,F,0.954848,00000010,95.4848,X]
[22,F,0.964413,11000000,96.4413,X]
[44,F,0.968559,00000100,96.8559,X]
[23,F,0.980038,11000000,98.0038,X]
[25,F,0.980038,00100000,98.0038,X]
[65,F,0.981216,00000010,98.1216,X]
[35,F,0.991691,00001000,99.1691,X]
[24,F,0.994748,10000000,99.4748,X]
[26,F,0.995663,00100000,99.5663,X]
[95,F,0.99707,00000001,99.707,X]
GUIDE_TREE_PARTITION1=(((((((t1:1.99,t2:1.99):14.85,t3:16.84):8.94,t4:25.78):2.59,t5:28.37):0.36,t6:28.73):46,t7:74.73):25.27,t8:100);
