Taxa bit representation:
t1 10000000
t2 01000000
t3 00100000
t4 00010000
t5 00001000
t6 00000100
t7 00000010
t8 00000001
Clade List (<taxon members> = <clade name>): 

>Dataset_0
[87,F,0.0302734,00000011,3.02734,X]
[88,F,0.0351562,00000011,3.51562,X]
[0,F,0.0595703,11111100,5.95703,X]
[1,F,0.0664062,11111100,6.64062,X]
[89,F,0.0800781,00000011,8.00781,X]
[90,F,0.0947266,00000011,9.47266,X]
[91,F,0.0986328,00000011,9.86328,X]
[92,F,0.170898,00000011,17.0898,X]
[2,F,0.198261,11110000,19.8261,X]
[3,F,0.230487,11110000,23.0487,X]
[48,F,0.237583,00001000,23.7583,X]
[73,F,0.243442,00000100,24.3442,X]
[122,F,0.260625,00000001,26.0625,X]
[49,F,0.26688,00001000,26.688,X]
[74,F,0.278598,00000100,27.8598,X]
[50,F,0.279575,00001000,27.9575,X]
[51,F,0.283481,00001000,28.3481,X]
[52,F,0.29813,00001000,29.813,X]
[123,F,0.302617,00000001,30.2617,X]
[4,F,0.310566,11110000,31.0566,X]
[75,F,0.311802,00000100,31.1802,X]
[5,F,0.316425,11110000,31.6425,X]
[53,F,0.316684,00001000,31.6684,X]
[93,F,0.319219,00000010,31.9219,X]
[124,F,0.329961,00000001,32.9961,X]
[94,F,0.330937,00000010,33.0938,X]
[125,F,0.349492,00000001,34.9492,X]
[95,F,0.364141,00000010,36.4141,X]
[126,F,0.369023,00000001,36.9023,X]
[127,F,0.381719,00000001,38.1719,X]
[96,F,0.382695,00000010,38.2695,X]
[128,F,0.387578,00000001,38.7578,X]
[129,F,0.393437,00000001,39.3438,X]
[54,F,0.393833,00001000,39.3833,X]
[55,F,0.396763,00001000,39.6763,X]
[76,F,0.400669,00000100,40.0669,X]
[56,F,0.409458,00001000,40.9458,X]
[57,F,0.411411,00001000,41.1411,X]
[77,F,0.413364,00000100,41.3364,X]
[97,F,0.417852,00000010,41.7852,X]
[130,F,0.419805,00000001,41.9805,X]
[58,F,0.432895,00001000,43.2895,X]
[78,F,0.438755,00000100,43.8755,X]
[6,F,0.444781,11100000,44.4781,X]
[59,F,0.445591,00001000,44.5591,X]
[98,F,0.458867,00000010,45.8867,X]
[79,F,0.459263,00000100,45.9263,X]
[131,F,0.459844,00000001,45.9844,X]
[99,F,0.461797,00000010,46.1797,X]
[60,F,0.471958,00001000,47.1958,X]
[100,F,0.472539,00000010,47.2539,X]
[7,F,0.477008,11100000,47.7008,X]
[132,F,0.479375,00000001,47.9375,X]
[8,F,0.482867,11100000,48.2867,X]
[32,F,0.483844,00010000,48.3844,X]
[9,F,0.491656,11100000,49.1656,X]
[33,F,0.493609,00010000,49.3609,X]
[61,F,0.499302,00001000,49.9302,X]
[34,F,0.504352,00010000,50.4352,X]
[10,F,0.504352,11100000,50.4352,X]
[11,F,0.513141,11100000,51.3141,X]
[35,F,0.520953,00010000,52.0953,X]
[12,F,0.522906,11100000,52.2906,X]
[36,F,0.525836,00010000,52.5836,X]
[13,F,0.526813,11100000,52.6812,X]
[14,F,0.551227,11100000,55.1227,X]
[62,F,0.555942,00001000,55.5942,X]
[15,F,0.561969,11100000,56.1969,X]
[133,F,0.563359,00000001,56.3359,X]
[16,F,0.563922,11100000,56.3922,X]
[134,F,0.589727,00000001,58.9727,X]
[17,F,0.590289,11100000,59.0289,X]
[80,F,0.600864,00000100,60.0864,X]
[63,F,0.602817,00001000,60.2817,X]
[37,F,0.606891,00010000,60.6891,X]
[101,F,0.614141,00000010,61.4141,X]
[102,F,0.619023,00000010,61.9023,X]
[135,F,0.619023,00000001,61.9023,X]
[64,F,0.626255,00001000,62.6255,X]
[65,F,0.627231,00001000,62.7231,X]
[103,F,0.633672,00000010,63.3672,X]
[81,F,0.636997,00000100,63.6997,X]
[38,F,0.643023,00010000,64.3023,X]
[18,F,0.667438,11100000,66.7438,X]
[104,F,0.669805,00000010,66.9805,X]
[136,F,0.675664,00000001,67.5664,X]
[66,F,0.679966,00001000,67.9966,X]
[137,F,0.688359,00000001,68.8359,X]
[39,F,0.697711,00010000,69.7711,X]
[105,F,0.706914,00000010,70.6914,X]
[106,F,0.71668,00000010,71.668,X]
[19,F,0.756305,11100000,75.6305,X]
[40,F,0.767047,00010000,76.7047,X]
[138,F,0.77332,00000001,77.332,X]
[107,F,0.777227,00000010,77.7227,X]
[41,F,0.784625,00010000,78.4625,X]
[108,F,0.791875,00000010,79.1875,X]
[20,F,0.80025,11100000,80.025,X]
[109,F,0.808477,00000010,80.8477,X]
[110,F,0.809453,00000010,80.9453,X]
[67,F,0.810825,00001000,81.0825,X]
[68,F,0.812778,00001000,81.2778,X]
[111,F,0.813359,00000010,81.3359,X]
[21,F,0.820253,11000000,82.0253,X]
[69,F,0.821567,00001000,82.1567,X]
[42,F,0.821734,00010000,82.1734,X]
[112,F,0.834844,00000010,83.4844,X]
[43,F,0.843219,00010000,84.3219,X]
[113,F,0.845586,00000010,84.5586,X]
[114,F,0.851445,00000010,85.1445,X]
[30,F,0.853456,00100000,85.3456,X]
[44,F,0.853961,00010000,85.3961,X]
[22,F,0.854433,11000000,85.4433,X]
[23,F,0.855409,11000000,85.5409,X]
[70,F,0.856723,00001000,85.6723,X]
[139,F,0.859258,00000001,85.9258,X]
[71,F,0.859653,00001000,85.9653,X]
[24,F,0.867128,11000000,86.7128,X]
[115,F,0.878789,00000010,87.8789,X]
[45,F,0.883258,00010000,88.3258,X]
[82,F,0.889927,00000100,88.9927,X]
[25,F,0.893495,11000000,89.3495,X]
[140,F,0.903203,00000001,90.3203,X]
[116,F,0.914922,00000010,91.4922,X]
[141,F,0.914922,00000001,91.4922,X]
[83,F,0.918247,00000100,91.8247,X]
[31,F,0.918886,00100000,91.8886,X]
[117,F,0.923711,00000010,92.3711,X]
[26,F,0.923769,11000000,92.3769,X]
[46,F,0.92818,00010000,92.818,X]
[84,F,0.930942,00000100,93.0942,X]
[118,F,0.933477,00000010,93.3477,X]
[119,F,0.938359,00000010,93.8359,X]
[120,F,0.939336,00000010,93.9336,X]
[142,F,0.946172,00000001,94.6172,X]
[143,F,0.96375,00000001,96.375,X]
[121,F,0.96668,00000010,96.668,X]
[28,F,0.978025,01000000,97.8025,X]
[29,F,0.981931,01000000,98.1931,X]
[85,F,0.9827,00000100,98.27,X]
[47,F,0.982867,00010000,98.2867,X]
[27,F,0.982908,10000000,98.2908,X]
[86,F,0.984653,00000100,98.4653,X]
[72,F,0.989536,00001000,98.9536,X]
GUIDE_TREE_PARTITION1=(((((t1:3.76,t2:3.76):14.41,t3:18.17):42.43,t4:60.6):21.82,(t5:76.73,t6:76.73):5.69):17.58,(t7:75.5,t8:75.5):24.5);
