Taxa bit representation:
t1 10000000
t2 01000000
t3 00100000
t4 00010000
t5 00001000
t6 00000100
t7 00000010
t8 00000001
Clade List (<taxon members> = <clade name>): 

>Dataset_0
[0,F,0.00585937,11111100,0.585937,X]
[1,F,0.00878906,11111100,0.878906,X]
[82,F,0.0126953,00000011,1.26953,X]
[83,F,0.0380859,00000011,3.80859,X]
[84,F,0.0488281,00000011,4.88281,X]
[2,F,0.0507812,11111100,5.07812,X]
[3,F,0.103516,11111100,10.3516,X]
[85,F,0.104492,00000011,10.4492,X]
[86,F,0.121094,00000011,12.1094,X]
[4,F,0.126953,11111100,12.6953,X]
[87,F,0.126953,00000011,12.6953,X]
[40,F,0.139019,00001100,13.9019,X]
[88,F,0.139648,00000011,13.9648,X]
[5,F,0.15562,11110000,15.562,X]
[6,F,0.156597,11110000,15.6597,X]
[7,F,0.178081,11110000,17.8081,X]
[89,F,0.186523,00000011,18.6523,X]
[90,F,0.197266,00000011,19.7266,X]
[41,F,0.204448,00001100,20.4448,X]
[91,F,0.206055,00000011,20.6055,X]
[42,F,0.256206,00001100,25.6206,X]
[43,F,0.262066,00001100,26.2066,X]
[8,F,0.270855,11110000,27.0855,X]
[9,F,0.278667,11110000,27.8667,X]
[92,F,0.280273,00000011,28.0273,X]
[44,F,0.302166,00001000,30.2166,X]
[109,F,0.31073,00000001,31.073,X]
[93,F,0.313659,00000010,31.3659,X]
[64,F,0.315837,00000100,31.5837,X]
[45,F,0.330486,00001000,33.0486,X]
[46,F,0.333416,00001000,33.3416,X]
[47,F,0.345134,00001000,34.5134,X]
[110,F,0.348816,00000001,34.8816,X]
[65,F,0.35197,00000100,35.197,X]
[111,F,0.357605,00000001,35.7605,X]
[66,F,0.360759,00000100,36.0759,X]
[48,F,0.378337,00001000,37.8337,X]
[94,F,0.381042,00000010,38.1042,X]
[49,F,0.38908,00001000,38.908,X]
[50,F,0.390056,00001000,39.0056,X]
[95,F,0.391784,00000010,39.1784,X]
[67,F,0.395916,00000100,39.5916,X]
[112,F,0.396667,00000001,39.6667,X]
[96,F,0.416198,00000010,41.6198,X]
[68,F,0.428142,00000100,42.8142,X]
[69,F,0.432048,00000100,43.2048,X]
[70,F,0.434978,00000100,43.4978,X]
[10,F,0.443706,11110000,44.3706,X]
[97,F,0.454284,00000010,45.4284,X]
[51,F,0.457439,00001000,45.7439,X]
[11,F,0.459331,11110000,45.9331,X]
[52,F,0.469158,00001000,46.9158,X]
[53,F,0.477947,00001000,47.7947,X]
[12,F,0.482769,11110000,48.2769,X]
[71,F,0.484783,00000100,48.4783,X]
[98,F,0.486511,00000010,48.6511,X]
[99,F,0.496277,00000010,49.6277,X]
[113,F,0.507995,00000001,50.7995,X]
[114,F,0.512878,00000001,51.2878,X]
[115,F,0.534362,00000001,53.4362,X]
[54,F,0.559002,00001000,55.9002,X]
[116,F,0.563659,00000001,56.3659,X]
[117,F,0.577331,00000001,57.7331,X]
[55,F,0.587322,00001000,58.7322,X]
[13,F,0.629253,11110000,62.9253,X]
[14,F,0.639553,11100000,63.9553,X]
[72,F,0.642986,00000100,64.2986,X]
[73,F,0.647869,00000100,64.7869,X]
[31,F,0.650295,00010000,65.0295,X]
[118,F,0.658386,00000001,65.8386,X]
[15,F,0.66592,11100000,66.592,X]
[32,F,0.679592,00010000,67.9592,X]
[56,F,0.684978,00001000,68.4978,X]
[33,F,0.685452,00010000,68.5452,X]
[119,F,0.687683,00000001,68.7683,X]
[74,F,0.690837,00000100,69.0837,X]
[75,F,0.720134,00000100,72.0134,X]
[16,F,0.724514,11100000,72.4514,X]
[57,F,0.725017,00001000,72.5017,X]
[34,F,0.73135,00010000,73.135,X]
[120,F,0.739441,00000001,73.9441,X]
[100,F,0.743347,00000010,74.3347,X]
[121,F,0.759948,00000001,75.9948,X]
[101,F,0.769714,00000010,76.9714,X]
[17,F,0.786037,11100000,78.6037,X]
[102,F,0.789245,00000010,78.9245,X]
[18,F,0.798733,11100000,79.8733,X]
[103,F,0.801941,00000010,80.1941,X]
[122,F,0.827331,00000001,82.7331,X]
[104,F,0.834167,00000010,83.4167,X]
[35,F,0.836819,00010000,83.6819,X]
[58,F,0.842205,00001000,84.2205,X]
[123,F,0.866394,00000001,86.6394,X]
[19,F,0.874905,11100000,87.4905,X]
[20,F,0.882406,11000000,88.2406,X]
[59,F,0.884197,00001000,88.4197,X]
[25,F,0.886312,00100000,88.6312,X]
[124,F,0.900573,00000001,90.0573,X]
[105,F,0.90155,00000010,90.155,X]
[106,F,0.905456,00000010,90.5456,X]
[36,F,0.907131,00010000,90.7131,X]
[125,F,0.907409,00000001,90.7409,X]
[60,F,0.91447,00001000,91.447,X]
[76,F,0.922283,00000100,92.2283,X]
[61,F,0.934002,00001000,93.4002,X]
[37,F,0.934475,00010000,93.4475,X]
[26,F,0.945883,00100000,94.5883,X]
[77,F,0.947673,00000100,94.7673,X]
[38,F,0.951077,00010000,95.1077,X]
[27,F,0.951742,00100000,95.1742,X]
[126,F,0.957214,00000001,95.7214,X]
[78,F,0.959392,00000100,95.9392,X]
[21,F,0.960356,01000000,96.0356,X]
[79,F,0.967205,00000100,96.7205,X]
[28,F,0.967367,00100000,96.7367,X]
[22,F,0.968169,01000000,96.8169,X]
[62,F,0.974041,00001000,97.4041,X]
[63,F,0.975017,00001000,97.5017,X]
[107,F,0.978698,00000010,97.8698,X]
[39,F,0.98135,00010000,98.135,X]
[108,F,0.981628,00000010,98.1628,X]
[127,F,0.982605,00000001,98.2605,X]
[80,F,0.983806,00000100,98.3806,X]
[23,F,0.98477,01000000,98.477,X]
[29,F,0.984945,00100000,98.4945,X]
[24,F,0.986723,01000000,98.6723,X]
[81,F,0.989666,00000100,98.9666,X]
[30,F,0.991781,00100000,99.1781,X]
[128,F,0.99237,00000001,99.237,X]
GUIDE_TREE_PARTITION1=(((((t1:7.48,t2:7.48):4.67,t3:12.15):24.09,t4:36.24):51.03,(t5:70.76,t6:70.76):16.51):12.73,(t7:69.22,t8:69.22):30.78);
