Taxa bit representation:
t1 10000000
t2 01000000
t3 00100000
t4 00010000
t5 00001000
t6 00000100
t7 00000010
t8 00000001
Clade List (<taxon members> = <clade name>): 

>Dataset_0
[17,F,0.0439453,00000011,4.39453,X]
[0,F,0.0644531,11111100,6.44531,X]
[1,F,0.0751953,11111100,7.51953,X]
[2,F,0.172852,11111100,17.2852,X]
[18,F,0.513672,00000011,51.3672,X]
[19,F,0.539062,00000011,53.9062,X]
[13,F,0.549169,00001100,54.9169,X]
[3,F,0.574559,11110000,57.4559,X]
[14,F,0.584325,00001100,58.4325,X]
[4,F,0.601903,11110000,60.1903,X]
[5,F,0.692723,11110000,69.2723,X]
[9,F,0.747972,00010000,74.7972,X]
[21,F,0.773295,00000001,77.3295,X]
[22,F,0.774272,00000001,77.4272,X]
[10,F,0.841722,00010000,84.1722,X]
[7,F,0.845486,00100000,84.5486,X]
[20,F,0.873881,00000010,87.3881,X]
[8,F,0.887478,00100000,88.7478,X]
[11,F,0.897386,00010000,89.7386,X]
[12,F,0.927659,00010000,92.7659,X]
[6,F,0.948589,01000000,94.8589,X]
[16,F,0.952613,00000100,95.2613,X]
[15,F,0.953589,00001000,95.3589,X]
GUIDE_TREE_PARTITION1=(((((t1:18.52,t2:18.52):0.74,t3:19.26):7.31,t4:26.57):41.56,(t5:5.52,t6:5.52):62.61):31.87,(t7:23.94,t8:23.94):76.06);
