Taxa bit representation:
t1 10000000
t2 01000000
t3 00100000
t4 00010000
t5 00001000
t6 00000100
t7 00000010
t8 00000001
Clade List (<taxon members> = <clade name>): 

>Dataset_0
[110,F,0.00195312,00000001,0.195312,X]
[111,F,0.0185547,00000001,1.85547,X]
[0,F,0.0507812,11111110,5.07812,X]
[112,F,0.0537109,00000001,5.37109,X]
[113,F,0.0693359,00000001,6.93359,X]
[114,F,0.078125,00000001,7.8125,X]
[90,F,0.0833719,00000010,8.33719,X]
[1,F,0.0950906,11111100,9.50906,X]
[91,F,0.101927,00000010,10.1927,X]
[115,F,0.116211,00000001,11.6211,X]
[92,F,0.116575,00000010,11.6575,X]
[2,F,0.116575,11111100,11.6575,X]
[3,F,0.117552,11111100,11.7552,X]
[116,F,0.123047,00000001,12.3047,X]
[4,F,0.137083,11111100,13.7083,X]
[117,F,0.140625,00000001,14.0625,X]
[118,F,0.15625,00000001,15.625,X]
[65,F,0.170177,00000100,17.0177,X]
[66,F,0.174083,00000100,17.4083,X]
[93,F,0.207395,00000010,20.7395,X]
[119,F,0.208008,00000001,20.8008,X]
[67,F,0.210216,00000100,21.0216,X]
[5,F,0.211192,11111000,21.1192,X]
[68,F,0.214122,00000100,21.4122,X]
[69,F,0.275645,00000100,27.5645,X]
[6,F,0.281505,11111000,28.1505,X]
[120,F,0.282227,00000001,28.2227,X]
[94,F,0.282591,00000010,28.2591,X]
[95,F,0.284544,00000010,28.4544,X]
[70,F,0.29127,00000100,29.127,X]
[71,F,0.298106,00000100,29.8106,X]
[96,F,0.302122,00000010,30.2122,X]
[72,F,0.307872,00000100,30.7872,X]
[7,F,0.316661,11111000,31.6661,X]
[73,F,0.317638,00000100,31.7638,X]
[74,F,0.351817,00000100,35.1817,X]
[121,F,0.353516,00000001,35.3516,X]
[97,F,0.362669,00000010,36.2669,X]
[8,F,0.380077,11110000,38.0077,X]
[9,F,0.381053,11110000,38.1053,X]
[122,F,0.396484,00000001,39.6484,X]
[10,F,0.404491,11110000,40.4491,X]
[75,F,0.424083,00000100,42.4083,X]
[48,F,0.424998,00001000,42.4998,X]
[98,F,0.430052,00000010,43.0052,X]
[49,F,0.433787,00001000,43.3787,X]
[123,F,0.43457,00000001,43.457,X]
[76,F,0.436778,00000100,43.6778,X]
[11,F,0.4416,11110000,44.16,X]
[99,F,0.462278,00000010,46.2278,X]
[50,F,0.47285,00001000,47.285,X]
[51,F,0.47578,00001000,47.578,X]
[12,F,0.482616,11110000,48.2616,X]
[77,F,0.48463,00000100,48.463,X]
[78,F,0.486583,00000100,48.6583,X]
[13,F,0.489452,11110000,48.9452,X]
[79,F,0.520763,00000100,52.0763,X]
[14,F,0.527537,11110000,52.7537,X]
[15,F,0.528514,11110000,52.8514,X]
[100,F,0.530637,00000010,53.0637,X]
[124,F,0.538086,00000001,53.8086,X]
[125,F,0.539062,00000001,53.9062,X]
[52,F,0.557811,00001000,55.7811,X]
[101,F,0.558958,00000010,55.8958,X]
[80,F,0.561778,00000100,56.1778,X]
[126,F,0.566406,00000001,56.6406,X]
[127,F,0.597656,00000001,59.7656,X]
[81,F,0.598888,00000100,59.8888,X]
[37,F,0.613225,00010000,61.3225,X]
[16,F,0.615178,11100000,61.5178,X]
[102,F,0.621458,00000010,62.1458,X]
[38,F,0.636663,00010000,63.6663,X]
[17,F,0.638616,11100000,63.8616,X]
[18,F,0.640569,11100000,64.0569,X]
[128,F,0.642578,00000001,64.2578,X]
[53,F,0.644725,00001000,64.4725,X]
[82,F,0.657481,00000100,65.7481,X]
[19,F,0.670842,11100000,67.0842,X]
[103,F,0.671262,00000010,67.1262,X]
[20,F,0.680608,11100000,68.0608,X]
[129,F,0.691406,00000001,69.1406,X]
[21,F,0.698186,11100000,69.8186,X]
[39,F,0.704045,00010000,70.4045,X]
[54,F,0.707225,00001000,70.7225,X]
[83,F,0.712169,00000100,71.2169,X]
[130,F,0.717773,00000001,71.7773,X]
[22,F,0.722906,11000000,72.2906,X]
[131,F,0.728516,00000001,72.8516,X]
[40,F,0.736272,00010000,73.6272,X]
[32,F,0.742437,00100000,74.2437,X]
[84,F,0.742442,00000100,74.2442,X]
[55,F,0.746287,00001000,74.6287,X]
[85,F,0.752208,00000100,75.2208,X]
[104,F,0.759153,00000010,75.9153,X]
[41,F,0.761663,00010000,76.1663,X]
[42,F,0.762639,00010000,76.2639,X]
[132,F,0.765625,00000001,76.5625,X]
[86,F,0.770763,00000100,77.0763,X]
[23,F,0.777594,11000000,77.7594,X]
[56,F,0.783397,00001000,78.3397,X]
[87,F,0.787364,00000100,78.7364,X]
[57,F,0.793162,00001000,79.3162,X]
[43,F,0.804631,00010000,80.4631,X]
[24,F,0.804937,11000000,80.4937,X]
[88,F,0.806895,00000100,80.6895,X]
[105,F,0.807005,00000010,80.7005,X]
[58,F,0.809764,00001000,80.9764,X]
[133,F,0.828125,00000001,82.8125,X]
[89,F,0.833263,00000100,83.3263,X]
[134,F,0.834961,00000001,83.4961,X]
[59,F,0.838084,00001000,83.8084,X]
[44,F,0.853459,00010000,85.3459,X]
[60,F,0.855662,00001000,85.5662,X]
[25,F,0.856695,11000000,85.6695,X]
[61,F,0.857616,00001000,85.7616,X]
[33,F,0.860602,00100000,86.0602,X]
[135,F,0.868164,00000001,86.8164,X]
[26,F,0.87818,11000000,87.818,X]
[62,F,0.891795,00001000,89.1795,X]
[106,F,0.898802,00000010,89.8802,X]
[63,F,0.904491,00001000,90.4491,X]
[34,F,0.907477,00100000,90.7477,X]
[45,F,0.9101,00010000,91.01,X]
[35,F,0.913336,00100000,91.3336,X]
[46,F,0.918889,00010000,91.8889,X]
[36,F,0.919195,00100000,91.9195,X]
[27,F,0.919195,11000000,91.9195,X]
[136,F,0.924805,00000001,92.4805,X]
[28,F,0.925055,11000000,92.5055,X]
[107,F,0.927122,00000010,92.7122,X]
[29,F,0.929677,10000000,92.9677,X]
[137,F,0.936523,00000001,93.6523,X]
[108,F,0.967161,00000010,96.7161,X]
[30,F,0.970692,10000000,97.0692,X]
[31,F,0.976552,01000000,97.6552,X]
[47,F,0.980413,00010000,98.0413,X]
[138,F,0.982422,00000001,98.2422,X]
[64,F,0.988475,00001000,98.8475,X]
[109,F,0.998411,00000010,99.8411,X]
GUIDE_TREE_PARTITION1=(((((((t1:7.13,t2:7.13):20.97,t3:28.1):12.14,t4:40.24):21.85,t5:62.09):20.99,t6:83.08):9.95,t7:93.03):6.97,t8:100);
