Taxa bit representation:
t1 10000000
t2 01000000
t3 00100000
t4 00010000
t5 00001000
t6 00000100
t7 00000010
t8 00000001
Clade List (<taxon members> = <clade name>): 

>Dataset_0
[0,F,0.212689,11000000,21.2689,X]
[17,F,0.237305,00001111,23.7305,X]
[1,F,0.259564,11000000,25.9564,X]
[14,F,0.276436,00010000,27.6436,X]
[18,F,0.306641,00001111,30.6641,X]
[15,F,0.371163,00010000,37.1163,X]
[2,F,0.378705,11000000,37.8705,X]
[3,F,0.481244,11000000,48.1244,X]
[22,F,0.486488,00000011,48.6487,X]
[4,F,0.503705,11000000,50.3705,X]
[23,F,0.664222,00000011,66.4222,X]
[6,F,0.664836,01000000,66.4836,X]
[8,F,0.674873,00100000,67.4873,X]
[9,F,0.683663,00100000,68.3663,X]
[19,F,0.71305,00001100,71.305,X]
[10,F,0.742256,00100000,74.2256,X]
[11,F,0.755928,00100000,75.5928,X]
[16,F,0.794014,00010000,79.4014,X]
[20,F,0.814612,00001100,81.4612,X]
[24,F,0.818519,00000011,81.8519,X]
[25,F,0.829261,00000011,82.9261,X]
[5,F,0.839641,10000000,83.9641,X]
[26,F,0.876672,00000001,87.6672,X]
[12,F,0.926827,00100000,92.6827,X]
[21,F,0.975125,00001000,97.5125,X]
[7,F,0.975383,01000000,97.5383,X]
[13,F,0.986397,00100000,98.6397,X]
GUIDE_TREE_PARTITION1=(((t1:34.2,t2:34.2):64.16,(t3:85.54,t4:85.54):12.82):1.64,((t5:16.55,t6:16.55):40.27,(t7:13.7,t8:13.7):43.12):43.18);
