Taxa bit representation:
t1 10000000
t2 01000000
t3 00100000
t4 00010000
t5 00001000
t6 00000100
t7 00000010
t8 00000001
Clade List (<taxon members> = <clade name>): 

>Dataset_0
[32,F,0.0605469,00000001,6.05469,X]
[0,F,0.186319,11111100,18.6319,X]
[25,F,0.211709,00000010,21.1709,X]
[1,F,0.233962,11111000,23.3962,X]
[20,F,0.347244,00000100,34.7244,X]
[26,F,0.386514,00000010,38.6514,X]
[2,F,0.388259,11111000,38.8259,X]
[21,F,0.426345,00000100,42.6345,X]
[33,F,0.448242,00000001,44.8242,X]
[3,F,0.450759,11111000,45.0759,X]
[34,F,0.480469,00000001,48.0469,X]
[27,F,0.534952,00000010,53.4952,X]
[35,F,0.560547,00000001,56.0547,X]
[36,F,0.605469,00000001,60.5469,X]
[37,F,0.609375,00000001,60.9375,X]
[38,F,0.615234,00000001,61.5234,X]
[17,F,0.653722,00001000,65.3722,X]
[22,F,0.66072,00000100,66.072,X]
[4,F,0.6713,11110000,67.13,X]
[39,F,0.705078,00000001,70.5078,X]
[18,F,0.747472,00001000,74.7472,X]
[11,F,0.769006,00010000,76.9006,X]
[28,F,0.776162,00000010,77.6162,X]
[5,F,0.813786,11000000,81.3786,X]
[40,F,0.84082,00000001,84.082,X]
[23,F,0.861892,00000100,86.1892,X]
[29,F,0.866006,00000010,86.6006,X]
[19,F,0.877355,00001000,87.7355,X]
[12,F,0.878381,00010000,87.8381,X]
[6,F,0.893256,10000000,89.3256,X]
[13,F,0.899866,00010000,89.9866,X]
[30,F,0.907022,00000010,90.7022,X]
[14,F,0.92135,00010000,92.135,X]
[7,F,0.928413,01000000,92.8413,X]
[8,F,0.931342,01000000,93.1342,X]
[41,F,0.933594,00000001,93.3594,X]
[31,F,0.940225,00000010,94.0225,X]
[9,F,0.943669,00100000,94.3669,X]
[15,F,0.943811,00010000,94.3811,X]
[42,F,0.953125,00000001,95.3125,X]
[24,F,0.982009,00000100,98.2009,X]
[16,F,0.985803,00010000,98.5803,X]
[10,F,0.990544,00100000,99.0544,X]
GUIDE_TREE_PARTITION1=(((((((t1:14.19,t2:14.19):8.24,t3:22.43):1.06,t4:23.49):21.88,t5:45.37):35.14,t6:80.51):2.03,t7:82.54):17.46,t8:100);
