Taxa bit representation:
t1 10000000
t2 01000000
t3 00100000
t4 00010000
t5 00001000
t6 00000100
t7 00000010
t8 00000001
Clade List (<taxon members> = <clade name>): 

>Dataset_0
[6,F,0.347656,00000011,34.7656,X]
[2,F,0.441863,00001100,44.1863,X]
[3,F,0.496405,00000100,49.6405,X]
[4,F,0.542303,00000100,54.2303,X]
[7,F,0.608398,00000011,60.8398,X]
[8,F,0.652344,00000011,65.2344,X]
[0,F,0.853305,11100000,85.3305,X]
[1,F,0.86307,11100000,86.307,X]
[9,F,0.965442,00000001,96.5442,X]
[5,F,0.981756,00000100,98.1756,X]
GUIDE_TREE_PARTITION1=(((((t1:0.38,t2:0.38):8.08,t3:8.46):17.44,t4:25.9):33.82,(t5:55.34,t6:55.34):4.38):40.28,(t7:4.53,t8:4.53):95.47);
