Taxa bit representation:
t1 10000000
t2 01000000
t3 00100000
t4 00010000
t5 00001000
t6 00000100
t7 00000010
t8 00000001
Clade List (<taxon members> = <clade name>): 

>Dataset_0
[0,F,0.0380859,11110000,3.80859,X]
[1,F,0.09375,11110000,9.375,X]
[27,F,0.124659,00000011,12.4659,X]
[28,F,0.129542,00000011,12.9542,X]
[29,F,0.151027,00000011,15.1027,X]
[2,F,0.152344,11110000,15.2344,X]
[30,F,0.157863,00000011,15.7863,X]
[3,F,0.175781,11110000,17.5781,X]
[4,F,0.198242,11110000,19.8242,X]
[5,F,0.304688,11110000,30.4688,X]
[31,F,0.336573,00000011,33.6573,X]
[20,F,0.34048,00001100,34.048,X]
[21,F,0.364894,00001100,36.4894,X]
[8,F,0.562848,00110000,56.2848,X]
[15,F,0.591591,00010000,59.1591,X]
[22,F,0.603175,00001100,60.3175,X]
[32,F,0.628566,00000011,62.8566,X]
[9,F,0.638466,00100000,63.8466,X]
[23,F,0.65298,00001100,65.298,X]
[24,F,0.654933,00001100,65.4933,X]
[16,F,0.665809,00010000,66.5809,X]
[10,F,0.682411,00100000,68.2411,X]
[17,F,0.696083,00010000,69.6083,X]
[25,F,0.708644,00001100,70.8644,X]
[6,F,0.772809,11000000,77.2809,X]
[33,F,0.799464,00000011,79.9464,X]
[34,F,0.816066,00000011,81.6066,X]
[11,F,0.828895,00100000,82.8895,X]
[12,F,0.843544,00100000,84.3544,X]
[13,F,0.848427,00100000,84.8427,X]
[26,F,0.860988,00001100,86.0987,X]
[14,F,0.873817,00100000,87.3817,X]
[7,F,0.898069,10000000,89.8069,X]
[18,F,0.958778,00010000,95.8778,X]
[35,F,0.982259,00000010,98.2259,X]
[19,F,0.986122,00010000,98.6122,X]
GUIDE_TREE_PARTITION1=(((t1:20.74,t2:20.74):24.44,(t3:43.38,t4:43.38):1.8):54.82,((t5:10.3,t6:10.3):77.82,(t7:14.86,t8:14.86):73.26):11.88);
