Taxa bit representation:
t1 10000000
t2 01000000
t3 00100000
t4 00010000
t5 00001000
t6 00000100
t7 00000010
t8 00000001
Clade List (<taxon members> = <clade name>): 

>Dataset_0
[7,F,0.113145,00110000,11.3145,X]
[24,F,0.118164,00001111,11.8164,X]
[25,F,0.133789,00001111,13.3789,X]
[0,F,0.150255,11000000,15.0255,X]
[8,F,0.159044,00110000,15.9044,X]
[9,F,0.205919,00110000,20.5919,X]
[26,F,0.225586,00001111,22.5586,X]
[27,F,0.244141,00001111,24.4141,X]
[28,F,0.260742,00001111,26.0742,X]
[10,F,0.351427,00110000,35.1427,X]
[1,F,0.35338,11000000,35.338,X]
[29,F,0.375,00001111,37.5,X]
[11,F,0.465684,00110000,46.5684,X]
[12,F,0.546739,00110000,54.6739,X]
[13,F,0.585802,00110000,58.5802,X]
[2,F,0.635606,11000000,63.5606,X]
[35,F,0.689038,00000011,68.9038,X]
[36,F,0.690014,00000011,69.0014,X]
[14,F,0.6942,00110000,69.42,X]
[37,F,0.721264,00000011,72.1264,X]
[30,F,0.722241,00001100,72.2241,X]
[33,F,0.782319,00000100,78.2319,X]
[15,F,0.797716,00110000,79.7716,X]
[16,F,0.806283,00100000,80.6283,X]
[3,F,0.808458,11000000,80.8458,X]
[4,F,0.809434,11000000,80.9434,X]
[21,F,0.823861,00010000,82.3861,X]
[34,F,0.841889,00000100,84.1889,X]
[39,F,0.84285,00000001,84.285,X]
[17,F,0.844369,00100000,84.4369,X]
[22,F,0.876595,00010000,87.6595,X]
[40,F,0.881912,00000001,88.1912,X]
[18,F,0.884408,00100000,88.4408,X]
[5,F,0.900255,11000000,90.0255,X]
[19,F,0.907845,00100000,90.7845,X]
[6,F,0.921053,01000000,92.1053,X]
[20,F,0.931283,00100000,93.1283,X]
[31,F,0.951264,00001000,95.1264,X]
[32,F,0.960053,00001000,96.0053,X]
[23,F,0.967416,00010000,96.7416,X]
[38,F,0.994217,00000010,99.4217,X]
GUIDE_TREE_PARTITION1=(((t1:8.09,t2:8.09):84.99,(t3:19.86,t4:19.86):73.22):6.92,((t5:22.94,t6:22.94):16.75,(t7:18.84,t8:18.84):20.85):60.31);
