Taxa bit representation:
t1 10000000
t2 01000000
t3 00100000
t4 00010000
t5 00001000
t6 00000100
t7 00000010
t8 00000001
Clade List (<taxon members> = <clade name>): 

>Dataset_0
[112,F,0.00195312,00000001,0.195312,X]
[0,F,0.0126953,11111110,1.26953,X]
[113,F,0.0166016,00000001,1.66016,X]
[114,F,0.0273438,00000001,2.73438,X]
[1,F,0.0517578,11111110,5.17578,X]
[115,F,0.0644531,00000001,6.44531,X]
[2,F,0.0703125,11111110,7.03125,X]
[3,F,0.118164,11111110,11.8164,X]
[4,F,0.129883,11111110,12.9883,X]
[88,F,0.13873,00000010,13.873,X]
[89,F,0.146542,00000010,14.6542,X]
[90,F,0.169003,00000010,16.9003,X]
[116,F,0.175781,00000001,17.5781,X]
[91,F,0.177792,00000010,17.7792,X]
[117,F,0.227539,00000001,22.7539,X]
[5,F,0.234306,11110000,23.4306,X]
[66,F,0.250209,00000100,25.0209,X]
[67,F,0.262905,00000100,26.2905,X]
[50,F,0.271416,00001000,27.1416,X]
[51,F,0.278252,00001000,27.8252,X]
[6,F,0.279228,11110000,27.9228,X]
[52,F,0.280205,00001000,28.0205,X]
[118,F,0.286133,00000001,28.6133,X]
[53,F,0.308525,00001000,30.8525,X]
[119,F,0.322266,00000001,32.2266,X]
[120,F,0.326172,00000001,32.6172,X]
[121,F,0.332031,00000001,33.2031,X]
[68,F,0.334194,00000100,33.4194,X]
[92,F,0.337948,00000010,33.7948,X]
[69,F,0.339077,00000100,33.9077,X]
[93,F,0.346738,00000010,34.6738,X]
[7,F,0.348564,11110000,34.8564,X]
[8,F,0.367178,11100000,36.7178,X]
[94,F,0.375058,00000010,37.5058,X]
[9,F,0.38085,11100000,38.085,X]
[38,F,0.387686,00010000,38.7686,X]
[122,F,0.387695,00000001,38.7695,X]
[54,F,0.38958,00001000,38.958,X]
[10,F,0.407217,11100000,40.7217,X]
[95,F,0.415097,00000010,41.5097,X]
[39,F,0.426748,00010000,42.6748,X]
[96,F,0.427792,00000010,42.7792,X]
[123,F,0.435547,00000001,43.5547,X]
[124,F,0.441406,00000001,44.1406,X]
[40,F,0.44335,00010000,44.335,X]
[55,F,0.44622,00001000,44.622,X]
[125,F,0.452148,00000001,45.2148,X]
[41,F,0.462881,00010000,46.2881,X]
[70,F,0.4631,00000100,46.31,X]
[56,F,0.493095,00001000,49.3095,X]
[97,F,0.494198,00000010,49.4198,X]
[11,F,0.497061,11100000,49.7061,X]
[57,F,0.505791,00001000,50.5791,X]
[98,F,0.509823,00000010,50.9823,X]
[42,F,0.511709,00010000,51.1709,X]
[126,F,0.524414,00000001,52.4414,X]
[43,F,0.538077,00010000,53.8077,X]
[12,F,0.546933,11000000,54.6933,X]
[71,F,0.551967,00000100,55.1967,X]
[99,F,0.554745,00000010,55.4745,X]
[13,F,0.555722,11000000,55.5722,X]
[100,F,0.559628,00000010,55.9628,X]
[72,F,0.563686,00000100,56.3686,X]
[127,F,0.569336,00000001,56.9336,X]
[73,F,0.594936,00000100,59.4936,X]
[101,F,0.595761,00000010,59.5761,X]
[14,F,0.615292,11000000,61.5292,X]
[15,F,0.619198,11000000,61.9198,X]
[74,F,0.624233,00000100,62.4233,X]
[128,F,0.632812,00000001,63.2812,X]
[102,F,0.637753,00000010,63.7753,X]
[75,F,0.655483,00000100,65.5483,X]
[76,F,0.659389,00000100,65.9389,X]
[28,F,0.673886,00100000,67.3886,X]
[103,F,0.676816,00000010,67.6816,X]
[16,F,0.678769,11000000,67.8769,X]
[29,F,0.692441,00100000,69.2441,X]
[30,F,0.699277,00100000,69.9277,X]
[104,F,0.703183,00000010,70.3183,X]
[58,F,0.704033,00001000,70.4033,X]
[77,F,0.704311,00000100,70.4311,X]
[44,F,0.710928,00010000,71.0928,X]
[129,F,0.712891,00000001,71.2891,X]
[31,F,0.712948,00100000,71.2948,X]
[105,F,0.730527,00000010,73.0527,X]
[130,F,0.737305,00000001,73.7305,X]
[106,F,0.737363,00000010,73.7362,X]
[17,F,0.739316,11000000,73.9316,X]
[59,F,0.742119,00001000,74.2119,X]
[60,F,0.751884,00001000,75.1884,X]
[61,F,0.757744,00001000,75.7744,X]
[78,F,0.763881,00000100,76.3881,X]
[18,F,0.764706,11000000,76.4706,X]
[79,F,0.764858,00000100,76.4858,X]
[45,F,0.766592,00010000,76.6592,X]
[80,F,0.786342,00000100,78.6342,X]
[81,F,0.800991,00000100,80.0991,X]
[19,F,0.803542,10000000,80.3542,X]
[131,F,0.806641,00000001,80.6641,X]
[23,F,0.810378,01000000,81.0378,X]
[62,F,0.811455,00001000,81.1455,X]
[32,F,0.816464,00100000,81.6464,X]
[33,F,0.82037,00100000,82.037,X]
[132,F,0.822266,00000001,82.2266,X]
[24,F,0.828933,01000000,82.8933,X]
[46,F,0.830069,00010000,83.0069,X]
[20,F,0.831862,10000000,83.1863,X]
[133,F,0.84668,00000001,84.668,X]
[63,F,0.853447,00001000,85.3447,X]
[107,F,0.856503,00000010,85.6503,X]
[21,F,0.857253,10000000,85.7253,X]
[64,F,0.857353,00001000,85.7353,X]
[82,F,0.857631,00000100,85.7631,X]
[22,F,0.863112,10000000,86.3113,X]
[47,F,0.867178,00010000,86.7178,X]
[25,F,0.869948,01000000,86.9948,X]
[48,F,0.872061,00010000,87.2061,X]
[34,F,0.879941,00100000,87.9941,X]
[26,F,0.893386,01000000,89.3386,X]
[35,F,0.902402,00100000,90.2402,X]
[65,F,0.904228,00001000,90.4228,X]
[108,F,0.906308,00000010,90.6308,X]
[83,F,0.907436,00000100,90.7436,X]
[134,F,0.916992,00000001,91.6992,X]
[84,F,0.921108,00000100,92.1108,X]
[109,F,0.921933,00000010,92.1933,X]
[27,F,0.924636,01000000,92.4636,X]
[49,F,0.935537,00010000,93.5537,X]
[36,F,0.935605,00100000,93.5605,X]
[85,F,0.936733,00000100,93.6733,X]
[135,F,0.967773,00000001,96.7773,X]
[110,F,0.978573,00000010,97.8573,X]
[136,F,0.979492,00000001,97.9492,X]
[37,F,0.980527,00100000,98.0527,X]
[111,F,0.983456,00000010,98.3456,X]
[86,F,0.983608,00000100,98.3608,X]
[87,F,0.990444,00000100,99.0444,X]
GUIDE_TREE_PARTITION1=(((((((t1:20.72,t2:20.72):28.2,t3:48.92):16.12,t4:65.04):11.92,t5:76.96):1.73,t6:78.69):7.73,t7:86.42):13.58,t8:100);
