Taxa bit representation:
t1 10000000
t2 01000000
t3 00100000
t4 00010000
t5 00001000
t6 00000100
t7 00000010
t8 00000001
Clade List (<taxon members> = <clade name>): 

>Dataset_0
[23,F,0.04225,00001100,4.225,X]
[0,F,0.0703125,11110000,7.03125,X]
[37,F,0.0725234,00000011,7.25234,X]
[1,F,0.157227,11110000,15.7227,X]
[2,F,0.163086,11110000,16.3086,X]
[3,F,0.176758,11110000,17.6758,X]
[38,F,0.190688,00000011,19.0688,X]
[24,F,0.219984,00001100,21.9984,X]
[39,F,0.286391,00000011,28.6391,X]
[4,F,0.306641,11110000,30.6641,X]
[25,F,0.324477,00001100,32.4477,X]
[40,F,0.339125,00000011,33.9125,X]
[5,F,0.349609,11110000,34.9609,X]
[6,F,0.355469,11110000,35.5469,X]
[26,F,0.378188,00001100,37.8188,X]
[41,F,0.378188,00000011,37.8188,X]
[7,F,0.40625,11110000,40.625,X]
[42,F,0.436781,00000011,43.6781,X]
[15,F,0.480741,00100000,48.0741,X]
[43,F,0.492525,00000010,49.2525,X]
[17,F,0.494413,00010000,49.4413,X]
[47,F,0.506197,00000001,50.6197,X]
[27,F,0.524672,00001100,52.4672,X]
[48,F,0.538423,00000001,53.8423,X]
[49,F,0.550142,00000001,55.0142,X]
[28,F,0.584227,00001000,58.4227,X]
[18,F,0.624295,00010000,62.4295,X]
[19,F,0.628202,00010000,62.8202,X]
[16,F,0.648709,00100000,64.8709,X]
[29,F,0.666258,00001000,66.6258,X]
[8,F,0.675311,10000000,67.5311,X]
[20,F,0.680936,00010000,68.0936,X]
[11,F,0.689959,01000000,68.9959,X]
[21,F,0.691678,00010000,69.1678,X]
[30,F,0.704344,00001000,70.4344,X]
[44,F,0.750337,00000010,75.0337,X]
[32,F,0.754148,00000100,75.4148,X]
[33,F,0.775633,00000100,77.5633,X]
[12,F,0.790545,01000000,79.0545,X]
[31,F,0.80493,00001000,80.493,X]
[50,F,0.806978,00000001,80.6978,X]
[34,F,0.807859,00000100,80.7859,X]
[35,F,0.811766,00000100,81.1766,X]
[22,F,0.85867,00010000,85.867,X]
[51,F,0.863619,00000001,86.3619,X]
[9,F,0.86867,10000000,86.867,X]
[52,F,0.889986,00000001,88.9986,X]
[36,F,0.907469,00000100,90.7469,X]
[13,F,0.942889,01000000,94.2889,X]
[53,F,0.946627,00000001,94.6627,X]
[45,F,0.960298,00000010,96.0298,X]
[10,F,0.96242,10000000,96.242,X]
[46,F,0.987642,00000010,98.7642,X]
[14,F,0.99367,01000000,99.367,X]
GUIDE_TREE_PARTITION1=(((t1:37.84,t2:37.84):20.05,(t3:57.59,t4:57.59):0.3):42.11,((t5:44.8,t6:44.8):54.1,(t7:52.31,t8:52.31):46.59):1.1);
