Taxa bit representation:
t1 10000000
t2 01000000
t3 00100000
t4 00010000
t5 00001000
t6 00000100
t7 00000010
t8 00000001
Clade List (<taxon members> = <clade name>): 

>Dataset_0
[0,F,0.00390625,11111110,0.390625,X]
[107,F,0.00585938,00000001,0.585938,X]
[1,F,0.0322266,11111110,3.22266,X]
[2,F,0.0478516,11111110,4.78516,X]
[3,F,0.0488281,11111110,4.88281,X]
[108,F,0.0634766,00000001,6.34766,X]
[109,F,0.0683594,00000001,6.83594,X]
[4,F,0.0712891,11111110,7.12891,X]
[110,F,0.139648,00000001,13.9648,X]
[5,F,0.151367,11111110,15.1367,X]
[111,F,0.155273,00000001,15.5273,X]
[6,F,0.168945,11111110,16.8945,X]
[7,F,0.183594,11111110,18.3594,X]
[112,F,0.186523,00000001,18.6523,X]
[113,F,0.204102,00000001,20.4102,X]
[8,F,0.233398,11111110,23.3398,X]
[9,F,0.241211,11111110,24.1211,X]
[114,F,0.269531,00000001,26.9531,X]
[10,F,0.302059,11111000,30.2059,X]
[11,F,0.307919,11111000,30.7919,X]
[12,F,0.323544,11111000,32.3544,X]
[99,F,0.330845,00000010,33.0845,X]
[100,F,0.353306,00000010,35.3306,X]
[90,F,0.356747,00000100,35.6747,X]
[115,F,0.371094,00000001,37.1094,X]
[116,F,0.392578,00000001,39.2578,X]
[91,F,0.39288,00000100,39.288,X]
[72,F,0.394175,00001000,39.4175,X]
[92,F,0.42413,00000100,42.413,X]
[13,F,0.426402,11110000,42.6402,X]
[14,F,0.435191,11110000,43.5191,X]
[73,F,0.448862,00001000,44.8862,X]
[15,F,0.462534,11110000,46.2534,X]
[74,F,0.46937,00001000,46.937,X]
[16,F,0.474253,11110000,47.4253,X]
[93,F,0.48077,00000100,48.077,X]
[117,F,0.488281,00000001,48.8281,X]
[118,F,0.493164,00000001,49.3164,X]
[94,F,0.495419,00000100,49.5419,X]
[17,F,0.496853,11000000,49.6853,X]
[119,F,0.49707,00000001,49.707,X]
[18,F,0.502712,11000000,50.2712,X]
[120,F,0.50293,00000001,50.293,X]
[19,F,0.509548,11000000,50.9548,X]
[101,F,0.513463,00000010,51.3463,X]
[58,F,0.522875,00010000,52.2875,X]
[59,F,0.526781,00010000,52.6781,X]
[121,F,0.530273,00000001,53.0273,X]
[75,F,0.530894,00001000,53.0894,X]
[76,F,0.535777,00001000,53.5777,X]
[20,F,0.541775,11000000,54.1775,X]
[60,F,0.549242,00010000,54.9242,X]
[49,F,0.552517,00100000,55.2517,X]
[122,F,0.558594,00000001,55.8594,X]
[61,F,0.559984,00010000,55.9984,X]
[62,F,0.570727,00010000,57.0727,X]
[77,F,0.570933,00001000,57.0933,X]
[78,F,0.591441,00001000,59.1441,X]
[123,F,0.594727,00000001,59.4727,X]
[102,F,0.618931,00000010,61.8931,X]
[79,F,0.621714,00001000,62.1714,X]
[63,F,0.625414,00010000,62.5414,X]
[50,F,0.629666,00100000,62.9666,X]
[36,F,0.636114,01000000,63.6114,X]
[21,F,0.652716,10000000,65.2716,X]
[80,F,0.663706,00001000,66.3706,X]
[37,F,0.673223,01000000,67.3223,X]
[103,F,0.677525,00000010,67.7525,X]
[38,F,0.695684,01000000,69.5684,X]
[22,F,0.699591,10000000,69.9591,X]
[104,F,0.701939,00000010,70.1939,X]
[51,F,0.703884,00100000,70.3884,X]
[23,F,0.70545,10000000,70.545,X]
[81,F,0.706675,00001000,70.6675,X]
[95,F,0.713192,00000100,71.3192,X]
[124,F,0.714844,00000001,71.4844,X]
[96,F,0.715145,00000100,71.5145,X]
[125,F,0.723633,00000001,72.3633,X]
[82,F,0.72523,00001000,72.523,X]
[52,F,0.726345,00100000,72.6345,X]
[105,F,0.728306,00000010,72.8306,X]
[53,F,0.735134,00100000,73.5134,X]
[64,F,0.741625,00010000,74.1625,X]
[54,F,0.748806,00100000,74.8806,X]
[83,F,0.749644,00001000,74.9644,X]
[84,F,0.752573,00001000,75.2573,X]
[39,F,0.753302,01000000,75.3302,X]
[126,F,0.756836,00000001,75.6836,X]
[24,F,0.764044,10000000,76.4044,X]
[65,F,0.765062,00010000,76.5062,X]
[25,F,0.765997,10000000,76.5997,X]
[127,F,0.779297,00000001,77.9297,X]
[26,F,0.787481,10000000,78.7481,X]
[55,F,0.789822,00100000,78.9822,X]
[85,F,0.796519,00001000,79.6519,X]
[66,F,0.806078,00010000,80.6078,X]
[86,F,0.807261,00001000,80.7261,X]
[87,F,0.808237,00001000,80.8237,X]
[27,F,0.808966,10000000,80.8966,X]
[28,F,0.810919,10000000,81.0919,X]
[40,F,0.811895,01000000,81.1895,X]
[41,F,0.816778,01000000,81.6778,X]
[29,F,0.816778,10000000,81.6778,X]
[42,F,0.820684,01000000,82.0684,X]
[56,F,0.827908,00100000,82.7908,X]
[43,F,0.840216,01000000,84.0216,X]
[67,F,0.840258,00010000,84.0258,X]
[30,F,0.844122,10000000,84.4122,X]
[31,F,0.849981,10000000,84.9981,X]
[32,F,0.856817,10000000,85.6817,X]
[97,F,0.862606,00000100,86.2606,X]
[33,F,0.863653,10000000,86.3653,X]
[88,F,0.863902,00001000,86.3902,X]
[68,F,0.875414,00010000,87.5414,X]
[89,F,0.884409,00001000,88.4409,X]
[106,F,0.885533,00000010,88.5533,X]
[44,F,0.886114,01000000,88.6114,X]
[34,F,0.886114,10000000,88.6114,X]
[128,F,0.888672,00000001,88.8672,X]
[69,F,0.900805,00010000,90.0805,X]
[45,F,0.906622,01000000,90.6622,X]
[35,F,0.909552,10000000,90.9552,X]
[129,F,0.911133,00000001,91.1133,X]
[70,F,0.928148,00010000,92.8148,X]
[98,F,0.940731,00000100,94.0731,X]
[46,F,0.95545,01000000,95.545,X]
[71,F,0.968187,00010000,96.8187,X]
[47,F,0.971075,01000000,97.1075,X]
[57,F,0.973416,00100000,97.3416,X]
[130,F,0.976562,00000001,97.6562,X]
[48,F,0.976934,01000000,97.6934,X]
[131,F,0.996094,00000001,99.6094,X]
GUIDE_TREE_PARTITION1=(((((((t1:45.08,t2:45.08):5.43,t3:50.51):1.89,t4:52.4):12.87,t5:65.27):5.11,t6:70.38):0.93,t7:71.31):28.69,t8:100);
