Taxa bit representation:
t1 10000000
t2 01000000
t3 00100000
t4 00010000
t5 00001000
t6 00000100
t7 00000010
t8 00000001
Clade List (<taxon members> = <clade name>): 

>Dataset_0
[15,F,0.0195312,00001111,1.95312,X]
[16,F,0.0947266,00001111,9.47266,X]
[17,F,0.113281,00001111,11.3281,X]
[18,F,0.166016,00001111,16.6016,X]
[19,F,0.214844,00001111,21.4844,X]
[7,F,0.219937,00110000,21.9937,X]
[20,F,0.230469,00001111,23.0469,X]
[0,F,0.236539,11000000,23.6539,X]
[8,F,0.279508,00110000,27.9508,X]
[32,F,0.280463,00000011,28.0463,X]
[33,F,0.282416,00000011,28.2416,X]
[34,F,0.284369,00000011,28.4369,X]
[35,F,0.291205,00000011,29.1205,X]
[36,F,0.293158,00000011,29.3158,X]
[37,F,0.310736,00000011,31.0736,X]
[21,F,0.330267,00001100,33.0267,X]
[9,F,0.472867,00110000,47.2867,X]
[38,F,0.474798,00000011,47.4798,X]
[39,F,0.48847,00000011,48.847,X]
[40,F,0.51972,00000011,51.972,X]
[22,F,0.58808,00001100,58.808,X]
[10,F,0.591031,00110000,59.1031,X]
[41,F,0.610541,00000011,61.0541,X]
[11,F,0.617398,00110000,61.7398,X]
[1,F,0.622634,10000000,62.2634,X]
[12,F,0.672086,00110000,67.2086,X]
[42,F,0.676947,00000011,67.6947,X]
[23,F,0.6789,00001100,67.89,X]
[2,F,0.708572,10000000,70.8572,X]
[43,F,0.709173,00000011,70.9173,X]
[3,F,0.728103,10000000,72.8103,X]
[24,F,0.729778,00001000,72.9778,X]
[13,F,0.748258,00110000,74.8258,X]
[25,F,0.748333,00001000,74.8333,X]
[26,F,0.767864,00001000,76.7864,X]
[28,F,0.807903,00000100,80.7903,X]
[29,F,0.80888,00000100,80.888,X]
[4,F,0.841384,10000000,84.1384,X]
[44,F,0.868814,00000010,86.8814,X]
[45,F,0.894205,00000001,89.4205,X]
[5,F,0.905837,01000000,90.5837,X]
[27,F,0.907512,00001000,90.7512,X]
[30,F,0.967083,00000100,96.7083,X]
[31,F,0.969036,00000100,96.9036,X]
[6,F,0.977127,01000000,97.7127,X]
[14,F,0.983852,00010000,98.3852,X]
GUIDE_TREE_PARTITION1=(((t1:55.51,t2:55.51):24.84,(t3:12.65,t4:12.65):67.7):19.65,((t5:28.78,t6:28.78):47.08,(t7:15.56,t8:15.56):60.3):24.14);
