Taxa bit representation:
t1 10000000
t2 01000000
t3 00100000
t4 00010000
t5 00001000
t6 00000100
t7 00000010
t8 00000001
Clade List (<taxon members> = <clade name>): 

>Dataset_0
[0,F,0.0146484,11111110,1.46484,X]
[1,F,0.0400391,11111110,4.00391,X]
[76,F,0.0683594,00000001,6.83594,X]
[77,F,0.112305,00000001,11.2305,X]
[2,F,0.149414,11111110,14.9414,X]
[78,F,0.165039,00000001,16.5039,X]
[3,F,0.172852,11111110,17.2852,X]
[4,F,0.189453,11111110,18.9453,X]
[79,F,0.209961,00000001,20.9961,X]
[5,F,0.21875,11111110,21.875,X]
[6,F,0.248047,11111110,24.8047,X]
[65,F,0.28693,00000010,28.693,X]
[66,F,0.297672,00000010,29.7672,X]
[67,F,0.298648,00000010,29.8648,X]
[80,F,0.301758,00000001,30.1758,X]
[7,F,0.324039,11111100,32.4039,X]
[68,F,0.361148,00000010,36.1148,X]
[8,F,0.375797,11111100,37.5797,X]
[9,F,0.384586,11111100,38.4586,X]
[69,F,0.401187,00000010,40.1187,X]
[81,F,0.40918,00000001,40.918,X]
[82,F,0.435547,00000001,43.5547,X]
[50,F,0.47437,00000100,47.437,X]
[51,F,0.483159,00000100,48.3159,X]
[35,F,0.484212,00001000,48.4212,X]
[36,F,0.506673,00001000,50.6673,X]
[83,F,0.509766,00000001,50.9766,X]
[52,F,0.513433,00000100,51.3433,X]
[84,F,0.513672,00000001,51.3672,X]
[10,F,0.549642,11110000,54.9642,X]
[53,F,0.57105,00000100,57.105,X]
[54,F,0.574956,00000100,57.4956,X]
[11,F,0.591634,11110000,59.1634,X]
[12,F,0.602377,11110000,60.2377,X]
[37,F,0.603353,00001000,60.3353,X]
[13,F,0.607259,11110000,60.7259,X]
[55,F,0.632573,00000100,63.2573,X]
[38,F,0.647298,00001000,64.7298,X]
[56,F,0.651128,00000100,65.1128,X]
[39,F,0.656087,00001000,65.6087,X]
[85,F,0.65918,00000001,65.918,X]
[14,F,0.66683,11110000,66.683,X]
[70,F,0.680484,00000010,68.0484,X]
[71,F,0.689273,00000010,68.9273,X]
[57,F,0.69312,00000100,69.312,X]
[40,F,0.69808,00001000,69.808,X]
[15,F,0.708822,11110000,70.8822,X]
[41,F,0.717611,00001000,71.7611,X]
[86,F,0.71875,00000001,71.875,X]
[58,F,0.729253,00000100,72.9253,X]
[72,F,0.732242,00000010,73.2242,X]
[73,F,0.737125,00000010,73.7125,X]
[16,F,0.739166,11100000,73.9166,X]
[42,F,0.75765,00001000,75.765,X]
[29,F,0.780181,00010000,78.0181,X]
[43,F,0.810384,00001000,81.0384,X]
[87,F,0.814453,00000001,81.4453,X]
[88,F,0.81543,00000001,81.543,X]
[59,F,0.817144,00000100,81.7144,X]
[89,F,0.819336,00000001,81.9336,X]
[60,F,0.820073,00000100,82.0073,X]
[90,F,0.833984,00000001,83.3984,X]
[61,F,0.840581,00000100,84.0581,X]
[30,F,0.842681,00010000,84.2681,X]
[44,F,0.843587,00001000,84.3587,X]
[62,F,0.8523,00000100,85.23,X]
[45,F,0.870931,00001000,87.0931,X]
[91,F,0.882812,00000001,88.2812,X]
[92,F,0.894531,00000001,89.4531,X]
[31,F,0.897369,00010000,89.7369,X]
[21,F,0.898478,01000000,89.8478,X]
[32,F,0.900298,00010000,90.0298,X]
[26,F,0.901208,00100000,90.1208,X]
[46,F,0.903158,00001000,90.3158,X]
[93,F,0.921875,00000001,92.1875,X]
[27,F,0.928552,00100000,92.8552,X]
[22,F,0.928752,01000000,92.8752,X]
[28,F,0.929528,00100000,92.9528,X]
[47,F,0.940267,00001000,94.0267,X]
[23,F,0.941447,01000000,94.1447,X]
[48,F,0.946127,00001000,94.6127,X]
[17,F,0.94633,10000000,94.633,X]
[94,F,0.947266,00000001,94.7266,X]
[95,F,0.950195,00000001,95.0195,X]
[74,F,0.950992,00000010,95.0992,X]
[49,F,0.956869,00001000,95.6869,X]
[24,F,0.957072,01000000,95.7072,X]
[63,F,0.963628,00000100,96.3628,X]
[64,F,0.973394,00000100,97.3394,X]
[33,F,0.97647,00010000,97.647,X]
[18,F,0.97758,10000000,97.758,X]
[75,F,0.980289,00000010,98.0289,X]
[25,F,0.992228,01000000,99.2228,X]
[34,F,0.996978,00010000,99.6978,X]
[19,F,0.997111,10000000,99.7111,X]
[20,F,0.999064,10000000,99.9064,X]
GUIDE_TREE_PARTITION1=(((((((t1:11.91,t2:11.91):0.02,t3:11.93):15.13,t4:27.06):25.3,t5:52.36):6.16,t6:58.52):13.08,t7:71.6):28.4,t8:100);
