Taxa bit representation:
t1 10000000
t2 01000000
t3 00100000
t4 00010000
t5 00001000
t6 00000100
t7 00000010
t8 00000001
Clade List (<taxon members> = <clade name>): 

>Dataset_0
[109,F,0.0390625,00000001,3.90625,X]
[0,F,0.0449219,11111110,4.49219,X]
[1,F,0.078125,11111110,7.8125,X]
[2,F,0.0859375,11111110,8.59375,X]
[110,F,0.104492,00000001,10.4492,X]
[3,F,0.113281,11111110,11.3281,X]
[4,F,0.125,11111110,12.5,X]
[5,F,0.128906,11111110,12.8906,X]
[111,F,0.136719,00000001,13.6719,X]
[112,F,0.165039,00000001,16.5039,X]
[87,F,0.1941,00000010,19.41,X]
[113,F,0.195312,00000001,19.5312,X]
[6,F,0.201912,11111100,20.1913,X]
[88,F,0.213631,00000010,21.3631,X]
[7,F,0.246834,11111100,24.6834,X]
[89,F,0.251717,00000010,25.1717,X]
[114,F,0.25293,00000001,25.293,X]
[65,F,0.278044,00000100,27.8044,X]
[90,F,0.286873,00000010,28.6873,X]
[91,F,0.288827,00000010,28.8827,X]
[66,F,0.308317,00000100,30.8317,X]
[115,F,0.313477,00000001,31.3477,X]
[116,F,0.333984,00000001,33.3984,X]
[8,F,0.337614,11111000,33.7614,X]
[67,F,0.353239,00000100,35.3239,X]
[9,F,0.356513,11110000,35.6513,X]
[92,F,0.360116,00000010,36.0116,X]
[93,F,0.365975,00000010,36.5975,X]
[68,F,0.376677,00000100,37.6677,X]
[94,F,0.376717,00000010,37.6717,X]
[48,F,0.384833,00001000,38.4833,X]
[10,F,0.395575,11110000,39.5575,X]
[95,F,0.399178,00000010,39.9178,X]
[117,F,0.419922,00000001,41.9922,X]
[96,F,0.423592,00000010,42.3592,X]
[69,F,0.425505,00000100,42.5505,X]
[118,F,0.451172,00000001,45.1172,X]
[119,F,0.453125,00000001,45.3125,X]
[11,F,0.486256,11100000,48.6256,X]
[70,F,0.498747,00000100,49.8747,X]
[120,F,0.501953,00000001,50.1953,X]
[97,F,0.502694,00000010,50.2694,X]
[35,F,0.503834,00010000,50.3834,X]
[12,F,0.504811,11100000,50.4811,X]
[71,F,0.507536,00000100,50.7536,X]
[72,F,0.509489,00000100,50.9489,X]
[121,F,0.522461,00000001,52.2461,X]
[122,F,0.53418,00000001,53.418,X]
[73,F,0.538786,00000100,53.8786,X]
[13,F,0.543873,11100000,54.3873,X]
[36,F,0.558522,00010000,55.8522,X]
[74,F,0.559294,00000100,55.9294,X]
[49,F,0.57038,00001000,57.038,X]
[37,F,0.581959,00010000,58.1959,X]
[50,F,0.588934,00001000,58.8934,X]
[14,F,0.593678,11100000,59.3678,X]
[51,F,0.5987,00001000,59.87,X]
[15,F,0.605397,11100000,60.5397,X]
[52,F,0.615302,00001000,61.5302,X]
[53,F,0.617255,00001000,61.7255,X]
[16,F,0.630788,11100000,63.0788,X]
[17,F,0.643483,11100000,64.3483,X]
[98,F,0.644295,00000010,64.4295,X]
[123,F,0.646484,00000001,64.6484,X]
[124,F,0.649414,00000001,64.9414,X]
[75,F,0.65402,00000100,65.402,X]
[38,F,0.663014,00010000,66.3014,X]
[99,F,0.674569,00000010,67.4569,X]
[28,F,0.678478,00100000,67.8478,X]
[29,F,0.690197,00100000,69.0197,X]
[125,F,0.696289,00000001,69.6289,X]
[39,F,0.69817,00010000,69.817,X]
[18,F,0.699963,11000000,69.9963,X]
[76,F,0.704802,00000100,70.4802,X]
[19,F,0.707775,11000000,70.7775,X]
[77,F,0.717497,00000100,71.7497,X]
[20,F,0.722423,11000000,72.2423,X]
[126,F,0.727539,00000001,72.7539,X]
[54,F,0.727606,00001000,72.7606,X]
[127,F,0.731445,00000001,73.1445,X]
[40,F,0.733327,00010000,73.3327,X]
[78,F,0.737028,00000100,73.7028,X]
[128,F,0.742188,00000001,74.2188,X]
[41,F,0.746022,00010000,74.6022,X]
[79,F,0.74777,00000100,74.777,X]
[21,F,0.748791,11000000,74.8791,X]
[42,F,0.748952,00010000,74.8952,X]
[80,F,0.7507,00000100,75.07,X]
[100,F,0.760506,00000010,76.0506,X]
[43,F,0.792897,00010000,79.2897,X]
[81,F,0.803434,00000100,80.3434,X]
[82,F,0.806364,00000100,80.6364,X]
[55,F,0.807684,00001000,80.7684,X]
[101,F,0.809334,00000010,80.9334,X]
[44,F,0.813405,00010000,81.3405,X]
[102,F,0.824959,00000010,82.4959,X]
[45,F,0.825123,00010000,82.5123,X]
[103,F,0.827889,00000010,82.7889,X]
[83,F,0.828825,00000100,82.8825,X]
[129,F,0.833008,00000001,83.3008,X]
[22,F,0.834728,11000000,83.4728,X]
[56,F,0.835028,00001000,83.5028,X]
[57,F,0.843817,00001000,84.3817,X]
[104,F,0.844491,00000010,84.4491,X]
[84,F,0.860075,00000100,86.0075,X]
[130,F,0.861328,00000001,86.1328,X]
[85,F,0.864958,00000100,86.4958,X]
[131,F,0.868164,00000001,86.8164,X]
[30,F,0.874767,00100000,87.4767,X]
[23,F,0.87965,11000000,87.965,X]
[58,F,0.884833,00001000,88.4833,X]
[105,F,0.893319,00000010,89.3319,X]
[31,F,0.893322,00100000,89.3322,X]
[24,F,0.906017,11000000,90.6017,X]
[32,F,0.912853,00100000,91.2853,X]
[46,F,0.913014,00010000,91.3014,X]
[25,F,0.914806,11000000,91.4806,X]
[59,F,0.922919,00001000,92.2919,X]
[33,F,0.929455,00100000,92.9455,X]
[26,F,0.929455,11000000,92.9455,X]
[106,F,0.94117,00000010,94.117,X]
[132,F,0.948242,00000001,94.8242,X]
[86,F,0.950895,00000100,95.0895,X]
[60,F,0.967841,00001000,96.7841,X]
[107,F,0.976327,00000010,97.6327,X]
[61,F,0.978583,00001000,97.8583,X]
[62,F,0.984442,00001000,98.4442,X]
[63,F,0.988348,00001000,98.8348,X]
[108,F,0.989022,00000010,98.9022,X]
[64,F,0.989325,00001000,98.9325,X]
[47,F,0.990163,00010000,99.0162,X]
[34,F,0.991955,00100000,99.1955,X]
[27,F,0.993277,01000000,99.3277,X]
GUIDE_TREE_PARTITION1=(((((((t1:0.77,t2:0.77):33.14,t3:33.91):20.98,t4:54.89):10.24,t5:65.13):9.8,t6:74.93):11.91,t7:86.84):13.16,t8:100);
