Taxa bit representation:
t1 10000000
t2 01000000
t3 00100000
t4 00010000
t5 00001000
t6 00000100
t7 00000010
t8 00000001
Clade List (<taxon members> = <clade name>): 

>Dataset_0
[0,F,0.0146484,11111110,1.46484,X]
[1,F,0.0253906,11111110,2.53906,X]
[91,F,0.03125,00000001,3.125,X]
[92,F,0.0361328,00000001,3.61328,X]
[2,F,0.0507812,11111110,5.07812,X]
[3,F,0.0644531,11111110,6.44531,X]
[4,F,0.0820766,11111100,8.20766,X]
[93,F,0.0888672,00000001,8.88672,X]
[5,F,0.104537,11111100,10.4537,X]
[94,F,0.138672,00000001,13.8672,X]
[75,F,0.145553,00000010,14.5553,X]
[6,F,0.148483,11111100,14.8483,X]
[95,F,0.179688,00000001,17.9688,X]
[76,F,0.181686,00000010,18.1686,X]
[52,F,0.185695,00000100,18.5695,X]
[96,F,0.19043,00000001,19.043,X]
[77,F,0.207077,00000010,20.7077,X]
[53,F,0.226711,00000100,22.6711,X]
[54,F,0.240383,00000100,24.0383,X]
[7,F,0.240534,11100000,24.0534,X]
[55,F,0.246242,00000100,24.6242,X]
[34,F,0.249866,00001000,24.9866,X]
[97,F,0.251953,00000001,25.1953,X]
[35,F,0.254748,00001000,25.4748,X]
[56,F,0.264797,00000100,26.4797,X]
[8,F,0.273737,11100000,27.3737,X]
[36,F,0.288928,00001000,28.8928,X]
[78,F,0.300827,00000010,30.0827,X]
[18,F,0.316706,00010000,31.6706,X]
[98,F,0.318359,00000001,31.8359,X]
[79,F,0.319381,00000010,31.9381,X]
[9,F,0.321589,11100000,32.1589,X]
[80,F,0.326217,00000010,32.6217,X]
[19,F,0.329402,00010000,32.9402,X]
[20,F,0.340144,00010000,34.0144,X]
[37,F,0.358264,00001000,35.8264,X]
[57,F,0.378078,00000100,37.8078,X]
[10,F,0.392878,11100000,39.2878,X]
[38,F,0.398303,00001000,39.8303,X]
[58,F,0.398586,00000100,39.8586,X]
[81,F,0.402389,00000010,40.2389,X]
[21,F,0.402644,00010000,40.2644,X]
[82,F,0.409225,00000010,40.9225,X]
[59,F,0.409328,00000100,40.9328,X]
[22,F,0.426081,00010000,42.6081,X]
[99,F,0.445312,00000001,44.5312,X]
[39,F,0.452014,00001000,45.2014,X]
[60,F,0.453273,00000100,45.3273,X]
[11,F,0.470027,11100000,47.0027,X]
[100,F,0.470703,00000001,47.0703,X]
[61,F,0.480617,00000100,48.0617,X]
[40,F,0.488147,00001000,48.8147,X]
[62,F,0.496242,00000100,49.6242,X]
[41,F,0.507678,00001000,50.7678,X]
[101,F,0.509766,00000001,50.9766,X]
[83,F,0.52153,00000010,52.153,X]
[23,F,0.529597,00010000,52.9597,X]
[24,F,0.542292,00010000,54.2292,X]
[63,F,0.554836,00000100,55.4836,X]
[84,F,0.558639,00000010,55.8639,X]
[64,F,0.561672,00000100,56.1672,X]
[25,F,0.563777,00010000,56.3777,X]
[12,F,0.564753,11100000,56.4753,X]
[102,F,0.580078,00000001,58.0078,X]
[103,F,0.584961,00000001,58.4961,X]
[104,F,0.604492,00000001,60.4492,X]
[42,F,0.61803,00001000,61.803,X]
[43,F,0.626819,00001000,62.6819,X]
[65,F,0.629055,00000100,62.9055,X]
[105,F,0.640625,00000001,64.0625,X]
[66,F,0.654445,00000100,65.4445,X]
[44,F,0.659045,00001000,65.9045,X]
[67,F,0.681789,00000100,68.1789,X]
[68,F,0.702297,00000100,70.2297,X]
[13,F,0.703425,11100000,70.3425,X]
[14,F,0.71612,11100000,71.612,X]
[45,F,0.718616,00001000,71.8616,X]
[69,F,0.719875,00000100,71.9875,X]
[26,F,0.720027,00010000,72.0027,X]
[27,F,0.72198,00010000,72.198,X]
[85,F,0.724655,00000010,72.4655,X]
[106,F,0.749023,00000001,74.9023,X]
[28,F,0.761042,00010000,76.1042,X]
[46,F,0.761584,00001000,76.1584,X]
[70,F,0.772609,00000100,77.2609,X]
[29,F,0.796198,00010000,79.6198,X]
[71,F,0.797023,00000100,79.7023,X]
[107,F,0.805664,00000001,80.5664,X]
[30,F,0.811823,00010000,81.1823,X]
[72,F,0.819484,00000100,81.9484,X]
[73,F,0.848781,00000100,84.8781,X]
[15,F,0.862605,11100000,86.2605,X]
[47,F,0.869006,00001000,86.9006,X]
[74,F,0.878078,00000100,87.8078,X]
[86,F,0.878952,00000010,87.8952,X]
[31,F,0.892878,00010000,89.2878,X]
[48,F,0.901233,00001000,90.1233,X]
[108,F,0.90625,00000001,90.625,X]
[32,F,0.913386,00010000,91.3386,X]
[109,F,0.923828,00000001,92.3828,X]
[49,F,0.93053,00001000,93.053,X]
[110,F,0.933594,00000001,93.3594,X]
[16,F,0.936727,11000000,93.6727,X]
[87,F,0.950241,00000010,95.0241,X]
[88,F,0.964889,00000010,96.4889,X]
[17,F,0.967,00100000,96.7,X]
[89,F,0.970748,00000010,97.0748,X]
[33,F,0.972956,00010000,97.2956,X]
[90,F,0.978561,00000010,97.8561,X]
[50,F,0.982287,00001000,98.2287,X]
[51,F,0.983264,00001000,98.3264,X]
GUIDE_TREE_PARTITION1=(((((((t1:0.42,t2:0.42):9.13,t3:9.55):71.67,t4:81.22):1.02,t5:82.24):0.46,t6:82.7):9.19,t7:91.89):8.11,t8:100);
