Taxa bit representation:
t1 10000000
t2 01000000
t3 00100000
t4 00010000
t5 00001000
t6 00000100
t7 00000010
t8 00000001
Clade List (<taxon members> = <clade name>): 

>Dataset_0
[0,F,0.00195312,11111110,0.195312,X]
[1,F,0.015625,11111110,1.5625,X]
[147,F,0.0185547,00000001,1.85547,X]
[148,F,0.0341797,00000001,3.41797,X]
[149,F,0.0957031,00000001,9.57031,X]
[150,F,0.106445,00000001,10.6445,X]
[2,F,0.107095,11111100,10.7095,X]
[151,F,0.110352,00000001,11.0352,X]
[152,F,0.120117,00000001,12.0117,X]
[3,F,0.121744,11111100,12.1744,X]
[153,F,0.136719,00000001,13.6719,X]
[154,F,0.174805,00000001,17.4805,X]
[115,F,0.180473,00000100,18.0473,X]
[126,F,0.181314,00000010,18.1314,X]
[91,F,0.185091,00001000,18.5091,X]
[127,F,0.192056,00000010,19.2056,X]
[128,F,0.194009,00000010,19.4009,X]
[4,F,0.195555,11100000,19.5555,X]
[92,F,0.204622,00001000,20.4622,X]
[74,F,0.207273,00010000,20.7273,X]
[116,F,0.210747,00000100,21.0747,X]
[5,F,0.216063,11100000,21.6063,X]
[93,F,0.220247,00001000,22.0247,X]
[6,F,0.224852,11100000,22.4852,X]
[94,F,0.241731,00001000,24.1731,X]
[75,F,0.245359,00010000,24.5359,X]
[117,F,0.24688,00000100,24.688,X]
[7,F,0.256777,11000000,25.6777,X]
[76,F,0.257078,00010000,25.7078,X]
[129,F,0.258462,00000010,25.8462,X]
[95,F,0.272981,00001000,27.2981,X]
[54,F,0.275331,00100000,27.5331,X]
[155,F,0.282227,00000001,28.2227,X]
[118,F,0.294731,00000100,29.4731,X]
[130,F,0.303384,00000010,30.3384,X]
[156,F,0.323242,00000001,32.3242,X]
[8,F,0.330995,11000000,33.0995,X]
[77,F,0.331297,00010000,33.1297,X]
[9,F,0.331972,11000000,33.1972,X]
[55,F,0.333925,00100000,33.3925,X]
[157,F,0.333984,00000001,33.3984,X]
[10,F,0.337831,11000000,33.7831,X]
[158,F,0.337891,00000001,33.7891,X]
[96,F,0.34427,00001000,34.427,X]
[78,F,0.346922,00010000,34.6922,X]
[131,F,0.352212,00000010,35.2212,X]
[97,F,0.353059,00001000,35.3059,X]
[11,F,0.361269,11000000,36.1269,X]
[79,F,0.36157,00010000,36.157,X]
[132,F,0.364908,00000010,36.4908,X]
[159,F,0.365234,00000001,36.5234,X]
[98,F,0.369661,00001000,36.9661,X]
[80,F,0.376219,00010000,37.6219,X]
[56,F,0.378847,00100000,37.8847,X]
[57,F,0.391542,00100000,39.1542,X]
[58,F,0.393495,00100000,39.3495,X]
[99,F,0.405794,00001000,40.5794,X]
[34,F,0.430375,01000000,43.0375,X]
[133,F,0.436197,00000010,43.6197,X]
[35,F,0.440141,01000000,44.0141,X]
[36,F,0.444047,01000000,44.4047,X]
[12,F,0.451859,10000000,45.1859,X]
[13,F,0.472367,10000000,47.2367,X]
[134,F,0.482095,00000010,48.2095,X]
[135,F,0.485025,00000010,48.5025,X]
[37,F,0.487016,01000000,48.7016,X]
[136,F,0.490884,00000010,49.0884,X]
[38,F,0.491898,01000000,49.1898,X]
[14,F,0.499711,10000000,49.9711,X]
[15,F,0.501664,10000000,50.1664,X]
[119,F,0.501763,00000100,50.1763,X]
[39,F,0.509477,01000000,50.9477,X]
[16,F,0.510453,10000000,51.0453,X]
[17,F,0.51143,10000000,51.143,X]
[120,F,0.519341,00000100,51.9341,X]
[121,F,0.521294,00000100,52.1294,X]
[81,F,0.527586,00010000,52.7586,X]
[18,F,0.530961,10000000,53.0961,X]
[59,F,0.53705,00100000,53.705,X]
[100,F,0.545442,00001000,54.5442,X]
[60,F,0.548769,00100000,54.8769,X]
[82,F,0.553953,00010000,55.3953,X]
[122,F,0.554497,00000100,55.4497,X]
[40,F,0.571977,01000000,57.1977,X]
[101,F,0.591341,00001000,59.1341,X]
[61,F,0.594667,00100000,59.4667,X]
[123,F,0.602348,00000100,60.2348,X]
[19,F,0.606156,10000000,60.6156,X]
[20,F,0.615922,10000000,61.5922,X]
[62,F,0.616152,00100000,61.6152,X]
[41,F,0.623734,01000000,62.3734,X]
[63,F,0.636659,00100000,63.6659,X]
[160,F,0.637695,00000001,63.7695,X]
[21,F,0.642289,10000000,64.2289,X]
[161,F,0.647461,00000001,64.7461,X]
[22,F,0.657914,10000000,65.7914,X]
[83,F,0.662352,00010000,66.2352,X]
[42,F,0.672563,01000000,67.2563,X]
[84,F,0.67407,00010000,67.407,X]
[64,F,0.682558,00100000,68.2558,X]
[65,F,0.684511,00100000,68.4511,X]
[102,F,0.688997,00001000,68.8997,X]
[23,F,0.690141,10000000,69.0141,X]
[85,F,0.690672,00010000,69.0672,X]
[137,F,0.703775,00000010,70.3775,X]
[103,F,0.715364,00001000,71.5364,X]
[43,F,0.719438,01000000,71.9438,X]
[104,F,0.7222,00001000,72.22,X]
[44,F,0.729203,01000000,72.9203,X]
[45,F,0.738969,01000000,73.8969,X]
[124,F,0.750786,00000100,75.0786,X]
[66,F,0.754823,00100000,75.4823,X]
[67,F,0.763613,00100000,76.3612,X]
[24,F,0.765336,10000000,76.5336,X]
[86,F,0.776609,00010000,77.6609,X]
[25,F,0.777055,10000000,77.7055,X]
[46,F,0.777055,01000000,77.7055,X]
[125,F,0.777153,00000100,77.7153,X]
[47,F,0.783891,01000000,78.3891,X]
[26,F,0.78975,10000000,78.975,X]
[138,F,0.796548,00000010,79.6548,X]
[68,F,0.799745,00100000,79.9745,X]
[27,F,0.804398,10000000,80.4398,X]
[28,F,0.805375,10000000,80.5375,X]
[69,F,0.810488,00100000,81.0487,X]
[70,F,0.812441,00100000,81.2441,X]
[105,F,0.81302,00001000,81.302,X]
[106,F,0.817903,00001000,81.7903,X]
[162,F,0.828125,00000001,82.8125,X]
[139,F,0.828775,00000010,82.8775,X]
[29,F,0.830766,10000000,83.0766,X]
[87,F,0.835203,00010000,83.5203,X]
[88,F,0.849852,00010000,84.9852,X]
[30,F,0.851273,10000000,85.1273,X]
[107,F,0.865755,00001000,86.5755,X]
[71,F,0.868105,00100000,86.8105,X]
[108,F,0.870637,00001000,87.0637,X]
[140,F,0.870767,00000010,87.0767,X]
[109,F,0.877473,00001000,87.7473,X]
[31,F,0.881547,10000000,88.1547,X]
[48,F,0.887406,01000000,88.7406,X]
[32,F,0.894242,10000000,89.4242,X]
[141,F,0.895181,00000010,89.5181,X]
[72,F,0.901308,00100000,90.1308,X]
[142,F,0.907877,00000010,90.7877,X]
[89,F,0.908445,00010000,90.8445,X]
[163,F,0.910156,00000001,91.0156,X]
[33,F,0.910844,10000000,91.0844,X]
[143,F,0.911783,00000010,91.1783,X]
[144,F,0.913736,00000010,91.3736,X]
[110,F,0.916536,00001000,91.6536,X]
[49,F,0.916703,01000000,91.6703,X]
[50,F,0.922563,01000000,92.2563,X]
[51,F,0.926469,01000000,92.6469,X]
[73,F,0.934511,00100000,93.4511,X]
[111,F,0.939973,00001000,93.9973,X]
[112,F,0.949739,00001000,94.9739,X]
[145,F,0.963541,00000010,96.3541,X]
[113,F,0.967317,00001000,96.7317,X]
[114,F,0.96927,00001000,96.927,X]
[52,F,0.982133,01000000,98.2133,X]
[146,F,0.987955,00000010,98.7955,X]
[164,F,0.989258,00000001,98.9258,X]
[90,F,0.991453,00010000,99.1453,X]
[53,F,0.997758,01000000,99.7758,X]
GUIDE_TREE_PARTITION1=(((((((t1:61.65,t2:61.65):12.77,t3:74.42):7.88,t4:82.3):1.73,t5:84.03):0.95,t6:84.98):5.58,t7:90.56):9.44,t8:100);
