Taxa bit representation:
t1 10000000
t2 01000000
t3 00100000
t4 00010000
t5 00001000
t6 00000100
t7 00000010
t8 00000001
Clade List (<taxon members> = <clade name>): 

>Dataset_0
[0,F,0.0458984,11111110,4.58984,X]
[46,F,0.0576172,00000001,5.76172,X]
[1,F,0.113986,11111100,11.3986,X]
[47,F,0.125,00000001,12.5,X]
[37,F,0.16965,00000010,16.965,X]
[48,F,0.186523,00000001,18.6523,X]
[2,F,0.202853,11111100,20.2853,X]
[49,F,0.224609,00000001,22.4609,X]
[50,F,0.249023,00000001,24.9023,X]
[3,F,0.271212,11111100,27.1212,X]
[38,F,0.272189,00000010,27.2189,X]
[51,F,0.27832,00000001,27.832,X]
[4,F,0.285706,11111000,28.5706,X]
[5,F,0.287659,11111000,28.7659,X]
[6,F,0.297425,11111000,29.7425,X]
[31,F,0.353089,00000100,35.3089,X]
[32,F,0.357972,00000100,35.7972,X]
[39,F,0.375705,00000010,37.5705,X]
[40,F,0.407931,00000010,40.7931,X]
[52,F,0.412109,00000001,41.2109,X]
[33,F,0.443909,00000100,44.3909,X]
[53,F,0.449219,00000001,44.9219,X]
[41,F,0.480197,00000010,48.0197,X]
[42,F,0.509494,00000010,50.9494,X]
[7,F,0.511345,11110000,51.1345,X]
[22,F,0.516353,00010000,51.6353,X]
[25,F,0.527947,00001000,52.7947,X]
[8,F,0.533836,11000000,53.3836,X]
[16,F,0.559227,00100000,55.9227,X]
[23,F,0.591548,00010000,59.1548,X]
[43,F,0.606173,00000010,60.6173,X]
[9,F,0.613914,11000000,61.3914,X]
[17,F,0.61782,00100000,61.782,X]
[54,F,0.657227,00000001,65.7227,X]
[26,F,0.670525,00001000,67.0525,X]
[27,F,0.68322,00001000,68.322,X]
[34,F,0.68805,00000100,68.805,X]
[55,F,0.731445,00000001,73.1445,X]
[44,F,0.744845,00000010,74.4845,X]
[28,F,0.752556,00001000,75.2556,X]
[24,F,0.756587,00010000,75.6587,X]
[29,F,0.761345,00001000,76.1345,X]
[56,F,0.789062,00000001,78.9062,X]
[57,F,0.796875,00000001,79.6875,X]
[10,F,0.797072,10000000,79.7072,X]
[58,F,0.817383,00000001,81.7383,X]
[35,F,0.848206,00000100,84.8206,X]
[11,F,0.851759,10000000,85.1759,X]
[18,F,0.853172,00100000,85.3172,X]
[13,F,0.871291,01000000,87.1291,X]
[45,F,0.882541,00000010,88.2541,X]
[59,F,0.884766,00000001,88.4766,X]
[12,F,0.897658,10000000,89.7658,X]
[19,F,0.902,00100000,90.2,X]
[30,F,0.9049,00001000,90.49,X]
[14,F,0.907423,01000000,90.7423,X]
[20,F,0.918602,00100000,91.8602,X]
[36,F,0.94098,00000100,94.098,X]
[60,F,0.957031,00000001,95.7031,X]
[21,F,0.968406,00100000,96.8406,X]
[15,F,0.97383,01000000,97.383,X]
GUIDE_TREE_PARTITION1=(((((((t1:21.66,t2:21.66):25.64,t3:47.3):1.26,t4:48.56):17.2,t5:65.76):6.06,t6:71.82):20.59,t7:92.41):7.59,t8:100);
