Taxa bit representation:
t1 10000000
t2 01000000
t3 00100000
t4 00010000
t5 00001000
t6 00000100
t7 00000010
t8 00000001
Clade List (<taxon members> = <clade name>): 

>Dataset_0
[5,F,0.0410156,00001111,4.10156,X]
[0,F,0.162109,11110000,16.2109,X]
[6,F,0.2926,00001100,29.26,X]
[10,F,0.317991,00000011,31.7991,X]
[7,F,0.363202,00001000,36.3202,X]
[2,F,0.401441,00110000,40.1441,X]
[8,F,0.472577,00001000,47.2577,X]
[3,F,0.601636,00110000,60.1636,X]
[4,F,0.703873,00010000,70.3873,X]
[1,F,0.820447,10000000,82.0447,X]
[11,F,0.824925,00000010,82.4925,X]
[9,F,0.953045,00000100,95.3045,X]
GUIDE_TREE_PARTITION1=(((t1:24.01,t2:24.01):54.01,(t3:38.89,t4:38.89):39.13):21.98,((t5:65.34,t6:65.34):24.15,(t7:19.07,t8:19.07):70.42):10.51);
