Taxa bit representation:
t1 10000000
t2 01000000
t3 00100000
t4 00010000
t5 00001000
t6 00000100
t7 00000010
t8 00000001
Clade List (<taxon members> = <clade name>): 

>Dataset_0
[60,F,0.0185547,00000011,1.85547,X]
[61,F,0.0419922,00000011,4.19922,X]
[0,F,0.0576172,11111100,5.76172,X]
[62,F,0.0585938,00000011,5.85938,X]
[1,F,0.0791016,11111100,7.91016,X]
[2,F,0.0878906,11111100,8.78906,X]
[81,F,0.094525,00000001,9.4525,X]
[63,F,0.125775,00000010,12.5775,X]
[3,F,0.155273,11111100,15.5273,X]
[4,F,0.170898,11111100,17.0898,X]
[64,F,0.174603,00000010,17.4603,X]
[82,F,0.189252,00000001,18.9252,X]
[83,F,0.199994,00000001,19.9994,X]
[65,F,0.216595,00000010,21.6595,X]
[5,F,0.231445,11111100,23.1445,X]
[66,F,0.237103,00000010,23.7103,X]
[67,F,0.241986,00000010,24.1986,X]
[6,F,0.242188,11111100,24.2188,X]
[84,F,0.30058,00000001,30.058,X]
[7,F,0.327148,11111100,32.7148,X]
[68,F,0.352337,00000010,35.2338,X]
[69,F,0.372845,00000010,37.2845,X]
[85,F,0.374798,00000001,37.4798,X]
[8,F,0.379883,11111100,37.9883,X]
[9,F,0.401367,11111100,40.1367,X]
[86,F,0.426556,00000001,42.6556,X]
[87,F,0.436322,00000001,43.6322,X]
[88,F,0.442181,00000001,44.2181,X]
[10,F,0.478516,11111100,47.8516,X]
[70,F,0.483197,00000010,48.3197,X]
[33,F,0.498166,00001100,49.8166,X]
[11,F,0.498166,11110000,49.8166,X]
[12,F,0.502072,11110000,50.2072,X]
[89,F,0.505658,00000001,50.5658,X]
[34,F,0.506955,00001100,50.6955,X]
[35,F,0.509884,00001100,50.9884,X]
[36,F,0.512814,00001100,51.2814,X]
[90,F,0.5164,00000001,51.64,X]
[71,F,0.523236,00000010,52.3236,X]
[91,F,0.523236,00000001,52.3236,X]
[72,F,0.530072,00000010,53.0072,X]
[13,F,0.552853,11110000,55.2853,X]
[47,F,0.554838,00000100,55.4838,X]
[48,F,0.567533,00000100,56.7533,X]
[37,F,0.572416,00001000,57.2416,X]
[38,F,0.5939,00001000,59.39,X]
[49,F,0.599759,00000100,59.9759,X]
[92,F,0.611127,00000001,61.1127,X]
[93,F,0.643353,00000001,64.3353,X]
[73,F,0.646283,00000010,64.6283,X]
[74,F,0.648236,00000010,64.8236,X]
[14,F,0.651486,11110000,65.1486,X]
[50,F,0.652494,00000100,65.2494,X]
[39,F,0.65933,00001000,65.933,X]
[75,F,0.664837,00000010,66.4838,X]
[15,F,0.670041,11110000,67.0041,X]
[40,F,0.672025,00001000,67.2025,X]
[51,F,0.673978,00000100,67.3978,X]
[16,F,0.681759,11110000,68.1759,X]
[17,F,0.690548,11110000,69.0548,X]
[52,F,0.69058,00000100,69.058,X]
[76,F,0.699994,00000010,69.9994,X]
[53,F,0.711088,00000100,71.1088,X]
[54,F,0.71597,00000100,71.597,X]
[41,F,0.732572,00001000,73.2572,X]
[42,F,0.735502,00001000,73.5502,X]
[55,F,0.751127,00000100,75.1127,X]
[18,F,0.77258,11110000,77.258,X]
[94,F,0.793744,00000001,79.3744,X]
[19,F,0.80823,11100000,80.823,X]
[43,F,0.80972,00001000,80.972,X]
[77,F,0.814252,00000010,81.4252,X]
[20,F,0.831667,11100000,83.1667,X]
[44,F,0.832181,00001000,83.2181,X]
[30,F,0.834597,00010000,83.4597,X]
[56,F,0.84097,00000100,84.097,X]
[78,F,0.846478,00000010,84.6478,X]
[45,F,0.852689,00001000,85.2689,X]
[46,F,0.858548,00001000,85.8548,X]
[95,F,0.86308,00000001,86.308,X]
[24,F,0.865777,00100000,86.5777,X]
[79,F,0.871869,00000010,87.1869,X]
[96,F,0.883587,00000001,88.3588,X]
[21,F,0.895053,10000000,89.5053,X]
[97,F,0.914837,00000001,91.4838,X]
[25,F,0.915581,00100000,91.5581,X]
[31,F,0.918581,00010000,91.8581,X]
[26,F,0.920464,00100000,92.0464,X]
[22,F,0.926303,01000000,92.6303,X]
[27,F,0.933159,00100000,93.3159,X]
[32,F,0.934206,00010000,93.4206,X]
[28,F,0.935113,00100000,93.5113,X]
[57,F,0.93765,00000100,93.765,X]
[80,F,0.941205,00000010,94.1205,X]
[58,F,0.948392,00000100,94.8392,X]
[59,F,0.9689,00000100,96.89,X]
[29,F,0.970269,00100000,97.0269,X]
[23,F,0.973178,01000000,97.3178,X]
[98,F,0.98515,00000001,98.515,X]
[99,F,0.989056,00000001,98.9056,X]
GUIDE_TREE_PARTITION1=(((((t1:10.69,t2:10.69):2.83,t3:13.52):5.95,t4:19.47):31.69,(t5:46.86,t6:46.86):4.3):48.84,(t7:92.11,t8:92.11):7.89);
