Taxa bit representation:
t1 10000000
t2 01000000
t3 00100000
t4 00010000
t5 00001000
t6 00000100
t7 00000010
t8 00000001
Clade List (<taxon members> = <clade name>): 

>Dataset_0
[33,F,0.0195312,00000001,1.95312,X]
[34,F,0.0263672,00000001,2.63672,X]
[0,F,0.124023,11111110,12.4023,X]
[1,F,0.238281,11111110,23.8281,X]
[35,F,0.269531,00000001,26.9531,X]
[36,F,0.362305,00000001,36.2305,X]
[28,F,0.362739,00000010,36.2739,X]
[2,F,0.411567,11111100,41.1567,X]
[37,F,0.438477,00000001,43.8477,X]
[29,F,0.470161,00000010,47.0161,X]
[38,F,0.477539,00000001,47.7539,X]
[39,F,0.480469,00000001,48.0469,X]
[30,F,0.495552,00000010,49.5552,X]
[40,F,0.552734,00000001,55.2734,X]
[23,F,0.657067,00000100,65.7067,X]
[3,F,0.659178,11100000,65.9178,X]
[4,F,0.686522,11100000,68.6522,X]
[5,F,0.705077,11100000,70.5077,X]
[24,F,0.722497,00000100,72.2497,X]
[41,F,0.725586,00000001,72.5586,X]
[18,F,0.733888,00001000,73.3888,X]
[42,F,0.741211,00000001,74.1211,X]
[19,F,0.762208,00001000,76.2208,X]
[13,F,0.781248,00010000,78.1248,X]
[25,F,0.785973,00000100,78.5973,X]
[14,F,0.791991,00010000,79.1991,X]
[8,F,0.809678,00100000,80.9678,X]
[15,F,0.813475,00010000,81.3475,X]
[9,F,0.821397,00100000,82.1397,X]
[31,F,0.838325,00000010,83.8325,X]
[6,F,0.865342,11000000,86.5342,X]
[26,F,0.882653,00000100,88.2653,X]
[10,F,0.88585,00100000,88.585,X]
[16,F,0.903319,00010000,90.3319,X]
[20,F,0.906739,00001000,90.6739,X]
[21,F,0.907716,00001000,90.7716,X]
[22,F,0.914552,00001000,91.4552,X]
[32,F,0.922309,00000010,92.2309,X]
[43,F,0.923828,00000001,92.3828,X]
[27,F,0.950036,00000100,95.0036,X]
[11,F,0.954209,00100000,95.4209,X]
[12,F,0.961045,00100000,96.1045,X]
[17,F,0.980467,00010000,98.0467,X]
[7,F,0.987978,01000000,98.7978,X]
GUIDE_TREE_PARTITION1=(((((((t1:9.21,t2:9.21):17.83,t3:27.04):8.8,t4:35.84):2.49,t5:38.33):4.85,t6:43.18):30.8,t7:73.98):26.02,t8:100);
