Taxa bit representation:
t1 10000000
t2 01000000
t3 00100000
t4 00010000
t5 00001000
t6 00000100
t7 00000010
t8 00000001
Clade List (<taxon members> = <clade name>): 

>Dataset_0
[0,F,0.0527344,11110000,5.27344,X]
[9,F,0.176758,00001111,17.6758,X]
[10,F,0.271827,00001100,27.1827,X]
[11,F,0.328467,00001100,32.8467,X]
[17,F,0.42417,00000011,42.417,X]
[6,F,0.544008,00010000,54.4008,X]
[7,F,0.635805,00010000,63.5805,X]
[4,F,0.672914,00100000,67.2914,X]
[1,F,0.685897,10000000,68.5897,X]
[2,F,0.692733,10000000,69.2733,X]
[3,F,0.729842,10000000,72.9842,X]
[8,F,0.799867,00010000,79.9867,X]
[18,F,0.8021,00000011,80.21,X]
[12,F,0.804034,00001000,80.4034,X]
[15,F,0.817706,00000100,81.7706,X]
[19,F,0.839209,00000011,83.9209,X]
[13,F,0.851886,00001000,85.1886,X]
[14,F,0.853839,00001000,85.3839,X]
[5,F,0.906313,00100000,90.6313,X]
[16,F,0.974933,00000100,97.4933,X]
GUIDE_TREE_PARTITION1=(((t1:34.34,t2:34.34):38.82,(t3:66.4,t4:66.4):6.76):26.84,((t5:56.12,t6:56.12):19.92,(t7:14.06,t8:14.06):61.98):23.96);
