Taxa bit representation:
t1 10000000
t2 01000000
t3 00100000
t4 00010000
t5 00001000
t6 00000100
t7 00000010
t8 00000001
Clade List (<taxon members> = <clade name>): 

>Dataset_0
[0,F,0.0546875,11110000,5.46875,X]
[1,F,0.0947266,11110000,9.47266,X]
[2,F,0.185547,11110000,18.5547,X]
[12,F,0.361142,00010000,36.1142,X]
[3,F,0.370452,11000000,37.0452,X]
[18,F,0.538261,00000011,53.8261,X]
[4,F,0.56967,11000000,56.967,X]
[19,F,0.571464,00000011,57.1464,X]
[5,F,0.622405,11000000,62.2405,X]
[6,F,0.637053,11000000,63.7053,X]
[7,F,0.652678,11000000,65.2678,X]
[13,F,0.653134,00010000,65.3134,X]
[14,F,0.670097,00001100,67.0097,X]
[15,F,0.685722,00001100,68.5722,X]
[10,F,0.69122,00100000,69.122,X]
[16,F,0.725761,00001100,72.5761,X]
[17,F,0.757988,00001100,75.7987,X]
[11,F,0.783994,00100000,78.3994,X]
[8,F,0.811858,11000000,81.1858,X]
[9,F,0.894819,01000000,89.4819,X]
GUIDE_TREE_PARTITION1=(((t1:17.94,t2:17.94):49.8,(t3:64.96,t4:64.96):2.78):32.26,((t5:0.52,t6:0.52):60.4,(t7:27.69,t8:27.69):33.23):39.08);
