Taxa bit representation:
t1 10000000
t2 01000000
t3 00100000
t4 00010000
t5 00001000
t6 00000100
t7 00000010
t8 00000001
Clade List (<taxon members> = <clade name>): 

>Dataset_0
[0,F,0.00488281,11111100,0.488281,X]
[1,F,0.0224609,11111100,2.24609,X]
[61,F,0.0517578,00000011,5.17578,X]
[2,F,0.0693359,11111100,6.93359,X]
[62,F,0.0996094,00000011,9.96094,X]
[3,F,0.110352,11111100,11.0352,X]
[63,F,0.151367,00000011,15.1367,X]
[64,F,0.168945,00000011,16.8945,X]
[4,F,0.179688,11111100,17.9688,X]
[5,F,0.181641,11111100,18.1641,X]
[6,F,0.186523,11111100,18.6523,X]
[7,F,0.200195,11111100,20.0195,X]
[65,F,0.207031,00000011,20.7031,X]
[66,F,0.211914,00000011,21.1914,X]
[8,F,0.241211,11111100,24.1211,X]
[9,F,0.246094,11111100,24.6094,X]
[10,F,0.280273,11111100,28.0273,X]
[11,F,0.287109,11111100,28.7109,X]
[12,F,0.304688,11111100,30.4688,X]
[13,F,0.326653,11110000,32.6653,X]
[14,F,0.340325,11110000,34.0325,X]
[67,F,0.358398,00000011,35.8398,X]
[38,F,0.3872,00001100,38.72,X]
[68,F,0.40918,00000011,40.918,X]
[39,F,0.414544,00001100,41.4544,X]
[69,F,0.4375,00000011,43.75,X]
[15,F,0.443841,11110000,44.3841,X]
[70,F,0.46582,00000011,46.582,X]
[40,F,0.484856,00001100,48.4856,X]
[41,F,0.490716,00001100,49.0716,X]
[71,F,0.506836,00000011,50.6836,X]
[42,F,0.50927,00001100,50.927,X]
[72,F,0.542969,00000011,54.2969,X]
[16,F,0.54463,11100000,54.463,X]
[29,F,0.554395,00010000,55.4395,X]
[43,F,0.557122,00001100,55.7122,X]
[17,F,0.57295,11100000,57.295,X]
[30,F,0.616895,00010000,61.6895,X]
[73,F,0.654834,00000010,65.4834,X]
[31,F,0.668653,00010000,66.8653,X]
[44,F,0.682122,00001100,68.2122,X]
[78,F,0.689991,00000001,68.9991,X]
[32,F,0.691114,00010000,69.1114,X]
[45,F,0.698723,00001100,69.8723,X]
[46,F,0.6997,00001100,69.97,X]
[74,F,0.706592,00000010,70.6592,X]
[33,F,0.710645,00010000,71.0645,X]
[18,F,0.710645,11100000,71.0645,X]
[79,F,0.714405,00000001,71.4405,X]
[80,F,0.733936,00000001,73.3936,X]
[47,F,0.736809,00001100,73.6809,X]
[75,F,0.750537,00000010,75.0537,X]
[48,F,0.780755,00001100,78.0755,X]
[49,F,0.802239,00001100,80.2239,X]
[19,F,0.802442,11100000,80.2442,X]
[20,F,0.82002,11100000,82.002,X]
[34,F,0.827833,00010000,82.7833,X]
[50,F,0.829583,00001100,82.9583,X]
[51,F,0.838372,00001100,83.8372,X]
[25,F,0.84593,00100000,84.593,X]
[55,F,0.853612,00000100,85.3612,X]
[21,F,0.878156,11000000,87.8156,X]
[76,F,0.879444,00000010,87.9444,X]
[52,F,0.87998,00001000,87.998,X]
[35,F,0.894239,00010000,89.4239,X]
[81,F,0.895069,00000001,89.5069,X]
[26,F,0.897687,00100000,89.7687,X]
[56,F,0.901464,00000100,90.1464,X]
[57,F,0.903417,00000100,90.3417,X]
[22,F,0.904523,11000000,90.4523,X]
[58,F,0.910253,00000100,91.0253,X]
[53,F,0.914159,00001000,91.4159,X]
[36,F,0.918653,00010000,91.8653,X]
[59,F,0.920995,00000100,92.0995,X]
[60,F,0.929784,00000100,92.9784,X]
[37,F,0.931348,00010000,93.1348,X]
[77,F,0.938037,00000010,93.8037,X]
[82,F,0.944873,00000001,94.4873,X]
[23,F,0.947492,11000000,94.7492,X]
[27,F,0.949445,00100000,94.9445,X]
[24,F,0.968153,01000000,96.8153,X]
[28,F,0.97093,00100000,97.093,X]
[54,F,0.991308,00001000,99.1308,X]
GUIDE_TREE_PARTITION1=(((((t1:3.38,t2:3.38):12.32,t3:15.7):30.13,t4:45.83):21.7,(t5:15.42,t6:15.42):52.11):32.47,(t7:39.79,t8:39.79):60.21);
