Taxa bit representation:
t1 10000000
t2 01000000
t3 00100000
t4 00010000
t5 00001000
t6 00000100
t7 00000010
t8 00000001
Clade List (<taxon members> = <clade name>): 

>Dataset_0
[0,F,0.0341797,11111110,3.41797,X]
[1,F,0.0458984,11111110,4.58984,X]
[2,F,0.0556641,11111110,5.56641,X]
[55,F,0.141602,00000001,14.1602,X]
[41,F,0.158383,00000010,15.8383,X]
[42,F,0.167172,00000010,16.7172,X]
[43,F,0.18768,00000010,18.768,X]
[30,F,0.228922,00000100,22.8922,X]
[3,F,0.231852,11111000,23.1852,X]
[31,F,0.264078,00000100,26.4078,X]
[56,F,0.273438,00000001,27.3438,X]
[44,F,0.293148,00000010,29.3148,X]
[45,F,0.300961,00000010,30.0961,X]
[32,F,0.34318,00000100,34.318,X]
[33,F,0.373453,00000100,37.3453,X]
[4,F,0.385172,11111000,38.5172,X]
[46,F,0.397641,00000010,39.7641,X]
[24,F,0.451623,00001000,45.1623,X]
[34,F,0.454508,00000100,45.4508,X]
[57,F,0.457031,00000001,45.7031,X]
[5,F,0.460413,11110000,46.0412,X]
[13,F,0.513955,00100000,51.3955,X]
[6,F,0.518838,11000000,51.8838,X]
[25,F,0.519983,00001000,51.9983,X]
[47,F,0.550961,00000010,55.0961,X]
[7,F,0.56083,11000000,56.083,X]
[19,F,0.583694,00010000,58.3694,X]
[48,F,0.585141,00000010,58.5141,X]
[14,F,0.604775,00100000,60.4775,X]
[26,F,0.606897,00001000,60.6897,X]
[58,F,0.613281,00000001,61.3281,X]
[15,F,0.613564,00100000,61.3564,X]
[27,F,0.615686,00001000,61.5686,X]
[35,F,0.679117,00000100,67.9117,X]
[16,F,0.684853,00100000,68.4853,X]
[20,F,0.695998,00010000,69.5998,X]
[36,F,0.706461,00000100,70.6461,X]
[49,F,0.708187,00000010,70.8187,X]
[37,F,0.708414,00000100,70.8414,X]
[50,F,0.730648,00000010,73.0648,X]
[11,F,0.744036,01000000,74.4036,X]
[21,F,0.745803,00010000,74.5803,X]
[12,F,0.747942,01000000,74.7942,X]
[59,F,0.749023,00000001,74.9023,X]
[51,F,0.755062,00000010,75.5062,X]
[52,F,0.764828,00000010,76.4828,X]
[38,F,0.778727,00000100,77.8727,X]
[53,F,0.811703,00000010,81.1703,X]
[28,F,0.815881,00001000,81.5881,X]
[17,F,0.835244,00100000,83.5244,X]
[8,F,0.870989,10000000,87.0989,X]
[54,F,0.873227,00000010,87.3227,X]
[39,F,0.875406,00000100,87.5406,X]
[9,F,0.875872,10000000,87.5872,X]
[40,F,0.895914,00000100,89.5914,X]
[60,F,0.913086,00000001,91.3086,X]
[22,F,0.929397,00010000,92.9397,X]
[18,F,0.934853,00100000,93.4853,X]
[29,F,0.947717,00001000,94.7717,X]
[23,F,0.991897,00010000,99.1897,X]
[10,F,0.994036,10000000,99.4036,X]
GUIDE_TREE_PARTITION1=(((((((t1:32.53,t2:32.53):17.93,t3:50.46):3.28,t4:53.74):7.25,t5:60.99):20.61,t6:81.6):3.05,t7:84.65):15.35,t8:100);
