Taxa bit representation:
t1 10000000
t2 01000000
t3 00100000
t4 00010000
t5 00001000
t6 00000100
t7 00000010
t8 00000001
Clade List (<taxon members> = <clade name>): 

>Dataset_0
[13,F,0.0390625,00000011,3.90625,X]
[4,F,0.0477828,00001100,4.77828,X]
[5,F,0.0565719,00001100,5.65719,X]
[10,F,0.109048,00000100,10.9048,X]
[6,F,0.192056,00001000,19.2056,X]
[7,F,0.520181,00001000,52.0181,X]
[8,F,0.593423,00001000,59.3423,X]
[11,F,0.736002,00000100,73.6002,X]
[15,F,0.801044,00000001,80.1044,X]
[0,F,0.854289,01000000,85.4289,X]
[1,F,0.85948,00100000,85.948,X]
[9,F,0.93815,00001000,93.815,X]
[16,F,0.944598,00000001,94.4598,X]
[14,F,0.962177,00000010,96.2177,X]
[12,F,0.968423,00000100,96.8423,X]
[3,F,0.970339,00010000,97.0339,X]
[2,F,0.976667,00100000,97.6667,X]
GUIDE_TREE_PARTITION1=(((((t1:21.7,t2:21.7):2.02,t3:23.72):27,t4:50.72):44.99,(t5:90.56,t6:90.56):5.15):4.29,(t7:28.88,t8:28.88):71.12);
