Taxa bit representation:
t1 10000000
t2 01000000
t3 00100000
t4 00010000
t5 00001000
t6 00000100
t7 00000010
t8 00000001
Clade List (<taxon members> = <clade name>): 

>Dataset_0
[0,F,0.104492,11110000,10.4492,X]
[5,F,0.203125,00001111,20.3125,X]
[11,F,0.442417,00000011,44.2417,X]
[12,F,0.458042,00000011,45.8042,X]
[13,F,0.482456,00000011,48.2456,X]
[8,F,0.59125,00000100,59.125,X]
[6,F,0.657656,00001000,65.7656,X]
[7,F,0.688906,00001000,68.8906,X]
[3,F,0.691581,00110000,69.1581,X]
[14,F,0.702586,00000010,70.2586,X]
[9,F,0.721133,00000100,72.1133,X]
[1,F,0.781425,11000000,78.1425,X]
[4,F,0.78992,00010000,78.992,X]
[10,F,0.936953,00000100,93.6953,X]
[15,F,0.94282,00000001,94.282,X]
[2,F,0.971758,10000000,97.1758,X]
GUIDE_TREE_PARTITION1=(((t1:8,t2:8):40.42,(t3:23.84,t4:23.84):24.58):51.58,((t5:44,t6:44):17.52,(t7:39.8,t8:39.8):21.72):38.48);
