Taxa bit representation:
t1 10000000
t2 01000000
t3 00100000
t4 00010000
t5 00001000
t6 00000100
t7 00000010
t8 00000001
Clade List (<taxon members> = <clade name>): 

>Dataset_0
[44,F,0.00972969,00000010,0.972969,X]
[56,F,0.0439453,00000001,4.39453,X]
[57,F,0.0800781,00000001,8.00781,X]
[45,F,0.0878547,00000010,8.78547,X]
[46,F,0.0898078,00000010,8.98078,X]
[0,F,0.121009,11111000,12.1009,X]
[1,F,0.151283,11111000,15.1283,X]
[33,F,0.158119,00000100,15.8119,X]
[47,F,0.19723,00000010,19.723,X]
[34,F,0.250892,00000100,25.0892,X]
[27,F,0.261578,00001000,26.1578,X]
[2,F,0.280133,11110000,28.0133,X]
[28,F,0.30357,00001000,30.357,X]
[35,F,0.30558,00000100,30.558,X]
[3,F,0.384625,11110000,38.4625,X]
[48,F,0.459925,00000010,45.9925,X]
[20,F,0.465941,00010000,46.5941,X]
[4,F,0.467894,11100000,46.7894,X]
[5,F,0.473753,11100000,47.3753,X]
[29,F,0.493023,00001000,49.3023,X]
[49,F,0.516566,00000010,51.6566,X]
[21,F,0.545042,00010000,54.5042,X]
[6,F,0.549713,11000000,54.9713,X]
[50,F,0.557581,00000010,55.7581,X]
[58,F,0.587891,00000001,58.7891,X]
[36,F,0.589759,00000100,58.9759,X]
[22,F,0.594847,00010000,59.4847,X]
[51,F,0.602503,00000010,60.2503,X]
[59,F,0.607422,00000001,60.7422,X]
[30,F,0.611187,00001000,61.1187,X]
[31,F,0.623883,00001000,62.3883,X]
[52,F,0.626917,00000010,62.6917,X]
[9,F,0.639328,01000000,63.9328,X]
[37,F,0.642494,00000100,64.2494,X]
[7,F,0.657883,10000000,65.7883,X]
[10,F,0.657883,01000000,65.7883,X]
[60,F,0.669922,00000001,66.9922,X]
[61,F,0.680664,00000001,68.0664,X]
[23,F,0.680784,00010000,68.0784,X]
[38,F,0.683509,00000100,68.3509,X]
[15,F,0.688384,00100000,68.8384,X]
[39,F,0.722572,00000100,72.2572,X]
[53,F,0.734339,00000010,73.4339,X]
[16,F,0.749908,00100000,74.9908,X]
[17,F,0.759673,00100000,75.9673,X]
[54,F,0.776331,00000010,77.6331,X]
[55,F,0.784144,00000010,78.4144,X]
[24,F,0.794066,00010000,79.4066,X]
[62,F,0.794922,00000001,79.4922,X]
[18,F,0.797759,00100000,79.7759,X]
[63,F,0.805664,00000001,80.5664,X]
[40,F,0.812416,00000100,81.2416,X]
[11,F,0.824875,01000000,82.4875,X]
[19,F,0.829986,00100000,82.9986,X]
[41,F,0.843666,00000100,84.3666,X]
[64,F,0.859375,00000001,85.9375,X]
[65,F,0.866211,00000001,86.6211,X]
[32,F,0.893414,00001000,89.3414,X]
[12,F,0.916672,01000000,91.6672,X]
[25,F,0.928831,00010000,92.8831,X]
[8,F,0.930344,10000000,93.0344,X]
[66,F,0.951172,00000001,95.1172,X]
[42,F,0.954994,00000100,95.4994,X]
[26,F,0.963011,00010000,96.3011,X]
[13,F,0.981125,01000000,98.1125,X]
[14,F,0.982102,01000000,98.2102,X]
[43,F,0.988197,00000100,98.8197,X]
GUIDE_TREE_PARTITION1=(((((((t1:40.95,t2:40.95):4.86,t3:45.81):13.26,t4:59.07):22.78,t5:81.85):16.01,t6:97.86):1.46,t7:99.32):0.68,t8:100);
