Taxa bit representation:
t1 10000000
t2 01000000
t3 00100000
t4 00010000
t5 00001000
t6 00000100
t7 00000010
t8 00000001
Clade List (<taxon members> = <clade name>): 

>Dataset_0
[14,F,0.0273437,00001111,2.73437,X]
[15,F,0.0332031,00001111,3.32031,X]
[16,F,0.0820312,00001111,8.20312,X]
[31,F,0.191539,00000011,19.1539,X]
[0,F,0.264648,11110000,26.4648,X]
[32,F,0.299937,00000011,29.9937,X]
[17,F,0.321422,00001100,32.1422,X]
[33,F,0.371227,00000011,37.1227,X]
[18,F,0.372302,00001000,37.2302,X]
[23,F,0.394763,00000100,39.4763,X]
[34,F,0.416148,00000011,41.6148,X]
[1,F,0.418741,11000000,41.8741,X]
[6,F,0.464639,00110000,46.4639,X]
[7,F,0.504678,00110000,50.4678,X]
[19,F,0.521716,00001000,52.1716,X]
[24,F,0.585192,00000100,58.5192,X]
[25,F,0.688708,00000100,68.8708,X]
[35,F,0.693492,00000011,69.3492,X]
[36,F,0.705211,00000011,70.5211,X]
[3,F,0.7134,01000000,71.34,X]
[12,F,0.745445,00010000,74.5445,X]
[37,F,0.753062,00000011,75.3062,X]
[13,F,0.780602,00010000,78.0602,X]
[26,F,0.791247,00000100,79.1247,X]
[8,F,0.821617,00100000,82.1617,X]
[20,F,0.823473,00001000,82.3473,X]
[27,F,0.845934,00000100,84.5934,X]
[21,F,0.856677,00001000,85.6677,X]
[28,F,0.863512,00000100,86.3512,X]
[9,F,0.89193,00100000,89.193,X]
[38,F,0.896617,00000011,89.6617,X]
[39,F,0.909312,00000011,90.9312,X]
[4,F,0.924337,01000000,92.4337,X]
[29,F,0.925036,00000100,92.5036,X]
[2,F,0.927267,10000000,92.7267,X]
[10,F,0.933922,00100000,93.3922,X]
[22,F,0.975817,00001000,97.5817,X]
[40,F,0.976145,00000010,97.6145,X]
[11,F,0.977867,00100000,97.7867,X]
[5,F,0.982931,01000000,98.2931,X]
[30,F,0.994372,00000100,99.4372,X]
GUIDE_TREE_PARTITION1=(((t1:41.16,t2:41.16):22.63,(t3:36.1,t4:36.1):27.69):36.21,((t5:64.43,t6:64.43):26.67,(t7:6.78,t8:6.78):84.32):8.9);
