Taxa bit representation:
t1 10000000
t2 01000000
t3 00100000
t4 00010000
t5 00001000
t6 00000100
t7 00000010
t8 00000001
Clade List (<taxon members> = <clade name>): 

>Dataset_0
[0,F,0.0234375,11111100,2.34375,X]
[1,F,0.0859375,11111100,8.59375,X]
[97,F,0.108398,00000011,10.8398,X]
[2,F,0.160156,11111100,16.0156,X]
[98,F,0.161133,00000011,16.1133,X]
[3,F,0.163086,11111100,16.3086,X]
[4,F,0.216797,11111100,21.6797,X]
[5,F,0.236577,11110000,23.6577,X]
[6,F,0.253178,11110000,25.3178,X]
[48,F,0.261653,00010000,26.1653,X]
[7,F,0.269466,11100000,26.9466,X]
[8,F,0.308528,11100000,30.8528,X]
[9,F,0.316341,11100000,31.6341,X]
[65,F,0.32642,00001100,32.642,X]
[99,F,0.341797,00000011,34.1797,X]
[10,F,0.35052,11100000,35.052,X]
[11,F,0.361262,11100000,36.1262,X]
[49,F,0.372005,00010000,37.2005,X]
[33,F,0.399348,00100000,39.9348,X]
[34,F,0.404231,00100000,40.4231,X]
[50,F,0.412044,00010000,41.2044,X]
[35,F,0.416927,00100000,41.6927,X]
[36,F,0.417903,00100000,41.7903,X]
[12,F,0.430598,11000000,43.0598,X]
[100,F,0.431641,00000011,43.1641,X]
[51,F,0.439387,00010000,43.9387,X]
[101,F,0.448242,00000011,44.8242,X]
[66,F,0.458256,00001100,45.8256,X]
[37,F,0.470637,00100000,47.0637,X]
[52,F,0.48138,00010000,48.138,X]
[38,F,0.488216,00100000,48.8216,X]
[39,F,0.492122,00100000,49.2122,X]
[13,F,0.496028,11000000,49.6028,X]
[67,F,0.50508,00001000,50.508,X]
[14,F,0.5097,11000000,50.97,X]
[102,F,0.519531,00000011,51.9531,X]
[84,F,0.519728,00000100,51.9728,X]
[85,F,0.522658,00000100,52.2658,X]
[68,F,0.528517,00001000,52.8517,X]
[69,F,0.53047,00001000,53.047,X]
[116,F,0.550819,00000001,55.0819,X]
[86,F,0.550978,00000100,55.0978,X]
[87,F,0.565627,00000100,56.5627,X]
[117,F,0.566444,00000001,56.6444,X]
[70,F,0.569533,00001000,56.9533,X]
[118,F,0.574256,00000001,57.4256,X]
[88,F,0.576369,00000100,57.6369,X]
[40,F,0.577083,00100000,57.7083,X]
[89,F,0.577345,00000100,57.7345,X]
[53,F,0.583919,00010000,58.3919,X]
[41,F,0.584895,00100000,58.4895,X]
[54,F,0.594661,00010000,59.4661,X]
[103,F,0.594764,00000010,59.4764,X]
[119,F,0.606483,00000001,60.6483,X]
[90,F,0.618361,00000100,61.8361,X]
[104,F,0.628944,00000010,62.8944,X]
[105,F,0.62992,00000010,62.992,X]
[120,F,0.630897,00000001,63.0897,X]
[15,F,0.643489,11000000,64.3489,X]
[91,F,0.656447,00000100,65.6447,X]
[71,F,0.6584,00001000,65.84,X]
[92,F,0.660353,00000100,66.0353,X]
[72,F,0.66133,00001000,66.133,X]
[42,F,0.666927,00100000,66.6927,X]
[121,F,0.672889,00000001,67.2889,X]
[73,F,0.675002,00001000,67.5002,X]
[16,F,0.679622,11000000,67.9622,X]
[17,F,0.684505,11000000,68.4505,X]
[30,F,0.690983,01000000,69.0983,X]
[18,F,0.699772,10000000,69.9772,X]
[55,F,0.70013,00010000,70.013,X]
[19,F,0.700748,10000000,70.0748,X]
[74,F,0.707228,00001000,70.7228,X]
[20,F,0.709537,10000000,70.9537,X]
[75,F,0.711134,00001000,71.1134,X]
[21,F,0.724186,10000000,72.4186,X]
[43,F,0.72552,00100000,72.552,X]
[22,F,0.728092,10000000,72.8092,X]
[23,F,0.731998,10000000,73.1998,X]
[106,F,0.735389,00000010,73.5389,X]
[76,F,0.736525,00001000,73.6525,X]
[44,F,0.741145,00100000,74.1145,X]
[45,F,0.746028,00100000,74.6028,X]
[122,F,0.748084,00000001,74.8084,X]
[56,F,0.749934,00010000,74.9934,X]
[24,F,0.75153,10000000,75.153,X]
[107,F,0.751991,00000010,75.1991,X]
[77,F,0.762892,00001000,76.2892,X]
[25,F,0.765202,10000000,76.5202,X]
[93,F,0.766798,00000100,76.6798,X]
[123,F,0.772498,00000001,77.2498,X]
[78,F,0.774611,00001000,77.4611,X]
[57,F,0.775325,00010000,77.5325,X]
[108,F,0.778358,00000010,77.8358,X]
[124,F,0.778358,00000001,77.8358,X]
[109,F,0.781288,00000010,78.1287,X]
[125,F,0.78617,00000001,78.617,X]
[79,F,0.788283,00001000,78.8283,X]
[58,F,0.808528,00010000,80.8528,X]
[126,F,0.811561,00000001,81.1561,X]
[46,F,0.815364,00100000,81.5364,X]
[26,F,0.816959,10000000,81.6959,X]
[59,F,0.840755,00010000,84.0755,X]
[80,F,0.841994,00001000,84.1994,X]
[127,F,0.8516,00000001,85.16,X]
[94,F,0.852736,00000100,85.2736,X]
[110,F,0.856483,00000010,85.6483,X]
[27,F,0.856998,10000000,85.6998,X]
[95,F,0.860548,00000100,86.0548,X]
[111,F,0.861366,00000010,86.1366,X]
[112,F,0.869178,00000010,86.9178,X]
[113,F,0.872108,00000010,87.2108,X]
[28,F,0.878483,10000000,87.8483,X]
[60,F,0.882747,00010000,88.2747,X]
[81,F,0.887892,00001000,88.7892,X]
[61,F,0.922786,00010000,92.2786,X]
[62,F,0.926692,00010000,92.6692,X]
[29,F,0.944889,10000000,94.4889,X]
[82,F,0.945509,00001000,94.5509,X]
[83,F,0.948439,00001000,94.8439,X]
[114,F,0.949256,00000010,94.9256,X]
[128,F,0.951209,00000001,95.1209,X]
[96,F,0.951369,00000100,95.1369,X]
[47,F,0.956966,00100000,95.6966,X]
[129,F,0.959998,00000001,95.9998,X]
[63,F,0.960872,00010000,96.0872,X]
[115,F,0.962928,00000010,96.2928,X]
[31,F,0.968327,01000000,96.8327,X]
[130,F,0.968788,00000001,96.8787,X]
[64,F,0.979427,00010000,97.9427,X]
[32,F,0.99567,01000000,99.567,X]
GUIDE_TREE_PARTITION1=(((((t1:31.39,t2:31.39):30.14,t3:61.53):12.5,t4:74.03):2.41,(t5:52.91,t6:52.91):23.53):23.56,(t7:46.09,t8:46.09):53.91);
