Taxa bit representation:
t1 10000000
t2 01000000
t3 00100000
t4 00010000
t5 00001000
t6 00000100
t7 00000010
t8 00000001
Clade List (<taxon members> = <clade name>): 

>Dataset_0
[16,F,0.199387,00000010,19.9387,X]
[10,F,0.288458,00000100,28.8458,X]
[17,F,0.302903,00000010,30.2903,X]
[7,F,0.470814,00001000,47.0814,X]
[0,F,0.47472,11110000,47.472,X]
[18,F,0.474778,00000010,47.4778,X]
[11,F,0.494513,00000100,49.4513,X]
[12,F,0.529669,00000100,52.9669,X]
[13,F,0.543341,00000100,54.3341,X]
[14,F,0.590216,00000100,59.0216,X]
[1,F,0.669502,11100000,66.9502,X]
[21,F,0.698242,00000001,69.8242,X]
[22,F,0.739258,00000001,73.9258,X]
[15,F,0.756231,00000100,75.6231,X]
[8,F,0.762806,00001000,76.2806,X]
[9,F,0.770619,00001000,77.0619,X]
[5,F,0.789619,00010000,78.9619,X]
[19,F,0.795091,00000010,79.5091,X]
[20,F,0.814622,00000010,81.4622,X]
[2,F,0.827772,11000000,82.7772,X]
[3,F,0.874961,01000000,87.4961,X]
[23,F,0.899414,00000001,89.9414,X]
[4,F,0.937147,00100000,93.7147,X]
[6,F,0.96833,00010000,96.833,X]
GUIDE_TREE_PARTITION1=(((((((t1:14.75,t2:14.75):3.84,t3:18.59):16.12,t4:34.71):45.65,t5:80.36):2.22,t6:82.58):9.2,t7:91.78):8.22,t8:100);
