Taxa bit representation:
t1 10000000
t2 01000000
t3 00100000
t4 00010000
t5 00001000
t6 00000100
t7 00000010
t8 00000001
Clade List (<taxon members> = <clade name>): 

>Dataset_0
[0,F,0.00292969,11111110,0.292969,X]
[1,F,0.0146484,11111110,1.46484,X]
[154,F,0.0185547,00000001,1.85547,X]
[2,F,0.0273438,11111110,2.73438,X]
[155,F,0.03125,00000001,3.125,X]
[3,F,0.0340594,11111100,3.40594,X]
[156,F,0.046875,00000001,4.6875,X]
[129,F,0.0604266,00000010,6.04266,X]
[4,F,0.0731219,11111100,7.31219,X]
[157,F,0.0869141,00000001,8.69141,X]
[130,F,0.103395,00000010,10.3395,X]
[131,F,0.119997,00000010,11.9997,X]
[96,F,0.126436,00000100,12.6436,X]
[5,F,0.133272,11111000,13.3272,X]
[6,F,0.135225,11111000,13.5225,X]
[158,F,0.137695,00000001,13.7695,X]
[159,F,0.142578,00000001,14.2578,X]
[132,F,0.165895,00000010,16.5895,X]
[97,F,0.169405,00000100,16.9405,X]
[133,F,0.171755,00000010,17.1755,X]
[160,F,0.176758,00000001,17.6758,X]
[7,F,0.177217,11111000,17.7217,X]
[98,F,0.196748,00000100,19.6748,X]
[99,F,0.197725,00000100,19.7725,X]
[100,F,0.198702,00000100,19.8702,X]
[134,F,0.223513,00000010,22.3513,X]
[77,F,0.226659,00001000,22.6659,X]
[8,F,0.226659,11110000,22.6659,X]
[78,F,0.236425,00001000,23.6425,X]
[9,F,0.241308,11110000,24.1308,X]
[135,F,0.243044,00000010,24.3044,X]
[79,F,0.243261,00001000,24.3261,X]
[101,F,0.252412,00000100,25.2412,X]
[136,F,0.252809,00000010,25.2809,X]
[161,F,0.259766,00000001,25.9766,X]
[80,F,0.262792,00001000,26.2792,X]
[81,F,0.268652,00001000,26.8652,X]
[162,F,0.270508,00000001,27.0508,X]
[102,F,0.27292,00000100,27.292,X]
[10,F,0.274511,11110000,27.4511,X]
[163,F,0.318359,00000001,31.8359,X]
[11,F,0.324316,11110000,32.4316,X]
[12,F,0.327245,11110000,32.7245,X]
[13,F,0.328222,11110000,32.8222,X]
[137,F,0.346559,00000010,34.6559,X]
[82,F,0.358495,00001000,35.8495,X]
[103,F,0.36667,00000100,36.667,X]
[62,F,0.369833,00010000,36.9833,X]
[138,F,0.377809,00000010,37.7809,X]
[104,F,0.378389,00000100,37.8389,X]
[14,F,0.383505,11100000,38.3505,X]
[164,F,0.384766,00000001,38.4766,X]
[105,F,0.391084,00000100,39.1084,X]
[63,F,0.398153,00010000,39.8153,X]
[165,F,0.400391,00000001,40.0391,X]
[139,F,0.401247,00000010,40.1247,X]
[15,F,0.402059,11100000,40.2059,X]
[83,F,0.420995,00001000,42.0995,X]
[106,F,0.423311,00000100,42.3311,X]
[107,F,0.444795,00000100,44.4795,X]
[84,F,0.449316,00001000,44.9316,X]
[140,F,0.453981,00000010,45.3981,X]
[166,F,0.461914,00000001,46.1914,X]
[85,F,0.462011,00001000,46.2011,X]
[108,F,0.464327,00000100,46.4327,X]
[109,F,0.481905,00000100,48.1905,X]
[110,F,0.492647,00000100,49.2647,X]
[111,F,0.511202,00000100,51.1202,X]
[16,F,0.516317,11100000,51.6317,X]
[17,F,0.5212,11100000,52.12,X]
[167,F,0.521484,00000001,52.1484,X]
[112,F,0.531709,00000100,53.1709,X]
[18,F,0.532919,11100000,53.2919,X]
[19,F,0.534872,11100000,53.4872,X]
[113,F,0.539522,00000100,53.9522,X]
[20,F,0.54952,11100000,54.952,X]
[168,F,0.552734,00000001,55.2734,X]
[114,F,0.558077,00000100,55.8077,X]
[141,F,0.558473,00000010,55.8473,X]
[169,F,0.55957,00000001,55.957,X]
[64,F,0.560262,00010000,56.0262,X]
[21,F,0.566122,11100000,56.6122,X]
[142,F,0.567263,00000010,56.7263,X]
[143,F,0.571169,00000010,57.1169,X]
[65,F,0.577841,00010000,57.7841,X]
[144,F,0.586794,00000010,58.6794,X]
[170,F,0.59082,00000001,59.082,X]
[115,F,0.593233,00000100,59.3233,X]
[171,F,0.595703,00000001,59.5703,X]
[145,F,0.601442,00000010,60.1442,X]
[172,F,0.605469,00000001,60.5469,X]
[146,F,0.61902,00000010,61.902,X]
[22,F,0.620809,11100000,62.0809,X]
[66,F,0.621786,00010000,62.1786,X]
[23,F,0.624716,11100000,62.4716,X]
[24,F,0.625692,11100000,62.5692,X]
[25,F,0.636434,11100000,63.6434,X]
[147,F,0.645388,00000010,64.5387,X]
[26,F,0.653036,11100000,65.3036,X]
[67,F,0.662802,00010000,66.2802,X]
[27,F,0.666708,11100000,66.6708,X]
[116,F,0.668428,00000100,66.8428,X]
[68,F,0.670614,00010000,67.0614,X]
[148,F,0.678591,00000010,67.8591,X]
[117,F,0.681123,00000100,68.1123,X]
[118,F,0.692842,00000100,69.2842,X]
[43,F,0.69955,00100000,69.955,X]
[69,F,0.706747,00010000,70.6747,X]
[70,F,0.709677,00010000,70.9677,X]
[173,F,0.712891,00000001,71.2891,X]
[44,F,0.721034,00100000,72.1034,X]
[86,F,0.721777,00001000,72.1777,X]
[119,F,0.732881,00000100,73.2881,X]
[45,F,0.751308,00100000,75.1308,X]
[120,F,0.757295,00000100,75.7295,X]
[46,F,0.761073,00100000,76.1073,X]
[47,F,0.76498,00100000,76.498,X]
[174,F,0.771484,00000001,77.1484,X]
[71,F,0.77413,00010000,77.413,X]
[121,F,0.777803,00000100,77.7803,X]
[149,F,0.7782,00000010,77.82,X]
[28,F,0.792536,10000000,79.2536,X]
[48,F,0.803066,00100000,80.3066,X]
[175,F,0.806641,00000001,80.6641,X]
[122,F,0.8071,00000100,80.71,X]
[33,F,0.808161,01000000,80.8161,X]
[29,F,0.809138,10000000,80.9138,X]
[49,F,0.809902,00100000,80.9902,X]
[176,F,0.811523,00000001,81.1523,X]
[50,F,0.814784,00100000,81.4784,X]
[177,F,0.818359,00000001,81.8359,X]
[87,F,0.821386,00001000,82.1386,X]
[30,F,0.824763,10000000,82.4763,X]
[51,F,0.826503,00100000,82.6503,X]
[123,F,0.826631,00000100,82.6631,X]
[52,F,0.829433,00100000,82.9433,X]
[88,F,0.854589,00001000,85.4589,X]
[34,F,0.856013,01000000,85.6013,X]
[35,F,0.858942,01000000,85.8942,X]
[53,F,0.859706,00100000,85.9706,X]
[36,F,0.860895,01000000,86.0895,X]
[72,F,0.861044,00010000,86.1044,X]
[150,F,0.861208,00000010,86.1208,X]
[73,F,0.868856,00010000,86.8856,X]
[54,F,0.869472,00100000,86.9472,X]
[55,F,0.876308,00100000,87.6308,X]
[74,F,0.877645,00010000,87.7645,X]
[178,F,0.880859,00000001,88.0859,X]
[124,F,0.881319,00000100,88.1319,X]
[151,F,0.882692,00000010,88.2692,X]
[89,F,0.882909,00001000,88.2909,X]
[37,F,0.889216,01000000,88.9216,X]
[38,F,0.895075,01000000,89.5075,X]
[31,F,0.898981,10000000,89.8981,X]
[152,F,0.899294,00000010,89.9294,X]
[56,F,0.899745,00100000,89.9745,X]
[90,F,0.90537,00001000,90.537,X]
[179,F,0.90918,00000001,90.918,X]
[91,F,0.915136,00001000,91.5136,X]
[180,F,0.916016,00000001,91.6016,X]
[92,F,0.930761,00001000,93.0761,X]
[181,F,0.931641,00000001,93.1641,X]
[57,F,0.932948,00100000,93.2948,X]
[58,F,0.935878,00100000,93.5878,X]
[182,F,0.9375,00000001,93.75,X]
[75,F,0.938192,00010000,93.8192,X]
[39,F,0.942927,01000000,94.2927,X]
[125,F,0.946748,00000100,94.6748,X]
[40,F,0.951716,01000000,95.1716,X]
[183,F,0.952148,00000001,95.2148,X]
[59,F,0.95248,00100000,95.248,X]
[126,F,0.958467,00000100,95.8467,X]
[93,F,0.963964,00001000,96.3964,X]
[127,F,0.968233,00000100,96.8233,X]
[32,F,0.97027,10000000,97.027,X]
[153,F,0.970583,00000010,97.0583,X]
[60,F,0.971034,00100000,97.1034,X]
[184,F,0.97168,00000001,97.168,X]
[61,F,0.97787,00100000,97.787,X]
[41,F,0.979059,01000000,97.9059,X]
[128,F,0.982881,00000100,98.2881,X]
[94,F,0.983495,00001000,98.3495,X]
[95,F,0.984472,00001000,98.4472,X]
[185,F,0.990234,00000001,99.0234,X]
[76,F,0.991903,00010000,99.1903,X]
[42,F,0.998591,01000000,99.8591,X]
GUIDE_TREE_PARTITION1=(((((((t1:21.43,t2:21.43):11.74,t3:33.17):33.46,t4:66.63):11.29,t5:77.92):10.12,t6:88.04):9.14,t7:97.18):2.82,t8:100);
