Taxa bit representation:
t1 10000000
t2 01000000
t3 00100000
t4 00010000
t5 00001000
t6 00000100
t7 00000010
t8 00000001
Clade List (<taxon members> = <clade name>): 

>Dataset_0
[0,F,0.000976562,11110000,0.0976562,X]
[32,F,0.00976562,00001111,0.976562,X]
[33,F,0.0332031,00001111,3.32031,X]
[1,F,0.0654297,11110000,6.54297,X]
[2,F,0.0810547,11110000,8.10547,X]
[3,F,0.0888672,11110000,8.88672,X]
[4,F,0.114258,11110000,11.4258,X]
[5,F,0.123047,11110000,12.3047,X]
[34,F,0.176758,00001111,17.6758,X]
[6,F,0.222656,11110000,22.2656,X]
[7,F,0.230469,11110000,23.0469,X]
[35,F,0.235028,00001100,23.5028,X]
[36,F,0.284833,00001100,28.4833,X]
[66,F,0.309247,00000011,30.9247,X]
[67,F,0.317059,00000011,31.7059,X]
[68,F,0.351239,00000011,35.1239,X]
[37,F,0.352216,00001100,35.2216,X]
[38,F,0.363934,00001100,36.3934,X]
[8,F,0.368164,11110000,36.8164,X]
[69,F,0.371747,00000011,37.1747,X]
[9,F,0.373047,11110000,37.3047,X]
[70,F,0.400067,00000011,40.0067,X]
[39,F,0.403973,00001100,40.3973,X]
[40,F,0.424481,00001100,42.4481,X]
[71,F,0.431317,00000011,43.1317,X]
[72,F,0.43327,00000011,43.327,X]
[73,F,0.465497,00000011,46.5497,X]
[10,F,0.47168,11110000,47.168,X]
[41,F,0.485028,00001100,48.5028,X]
[11,F,0.500977,11110000,50.0977,X]
[42,F,0.530927,00001100,53.0927,X]
[12,F,0.541016,11110000,54.1016,X]
[74,F,0.565106,00000011,56.5106,X]
[75,F,0.577802,00000011,57.7802,X]
[87,F,0.583906,00000001,58.3906,X]
[76,F,0.590742,00000010,59.0742,X]
[77,F,0.613203,00000010,61.3203,X]
[78,F,0.616133,00000010,61.6133,X]
[13,F,0.618164,11110000,61.8164,X]
[43,F,0.62393,00001000,62.393,X]
[88,F,0.626875,00000001,62.6875,X]
[14,F,0.632812,11110000,63.2812,X]
[79,F,0.6425,00000010,64.25,X]
[44,F,0.646391,00001000,64.6391,X]
[45,F,0.662016,00001000,66.2016,X]
[59,F,0.671781,00000100,67.1781,X]
[60,F,0.674711,00000100,67.4711,X]
[46,F,0.679594,00001000,67.9594,X]
[89,F,0.690352,00000001,69.0352,X]
[47,F,0.700102,00001000,70.0102,X]
[15,F,0.702148,11110000,70.2148,X]
[61,F,0.725492,00000100,72.5492,X]
[16,F,0.743331,11000000,74.3331,X]
[48,F,0.746,00001000,74.6,X]
[17,F,0.760909,11000000,76.0909,X]
[80,F,0.76457,00000010,76.457,X]
[81,F,0.768477,00000010,76.8477,X]
[49,F,0.778227,00001000,77.8227,X]
[18,F,0.781417,11000000,78.1417,X]
[90,F,0.805586,00000001,80.5586,X]
[50,F,0.8085,00001000,80.85,X]
[26,F,0.812667,00110000,81.2667,X]
[19,F,0.818527,11000000,81.8527,X]
[27,F,0.82048,00110000,82.048,X]
[20,F,0.829269,11000000,82.9269,X]
[51,F,0.844633,00001000,84.4633,X]
[82,F,0.854414,00000010,85.4414,X]
[52,F,0.855375,00001000,85.5375,X]
[62,F,0.859281,00000100,85.9281,X]
[21,F,0.866378,11000000,86.6378,X]
[22,F,0.871261,11000000,87.1261,X]
[28,F,0.873214,00110000,87.3214,X]
[63,F,0.879789,00000100,87.9789,X]
[83,F,0.880781,00000010,88.0781,X]
[64,F,0.882719,00000100,88.2719,X]
[91,F,0.88957,00000001,88.957,X]
[53,F,0.893461,00001000,89.3461,X]
[29,F,0.916609,00010000,91.6609,X]
[65,F,0.916898,00000100,91.6898,X]
[84,F,0.921797,00000010,92.1797,X]
[30,F,0.922469,00010000,92.2469,X]
[85,F,0.943281,00000010,94.3281,X]
[54,F,0.947172,00001000,94.7172,X]
[55,F,0.969633,00001000,96.9633,X]
[31,F,0.986922,00010000,98.6922,X]
[56,F,0.987211,00001000,98.7211,X]
[23,F,0.992248,10000000,99.2248,X]
[57,F,0.99307,00001000,99.307,X]
[24,F,0.993225,01000000,99.3225,X]
[58,F,0.994047,00001000,99.4047,X]
[86,F,0.996016,00000010,99.6016,X]
[25,F,0.999084,01000000,99.9084,X]
GUIDE_TREE_PARTITION1=(((t1:8.49,t2:8.49):19.13,(t3:12.05,t4:12.05):15.57):72.38,((t5:44.15,t6:44.15):37.23,(t7:42,t8:42):39.38):18.62);
