Taxa bit representation:
t1 10000000
t2 01000000
t3 00100000
t4 00010000
t5 00001000
t6 00000100
t7 00000010
t8 00000001
Clade List (<taxon members> = <clade name>): 

>Dataset_0
[0,F,0.0615234,11110000,6.15234,X]
[17,F,0.224173,00000011,22.4173,X]
[18,F,0.25933,00000011,25.933,X]
[1,F,0.259766,11110000,25.9766,X]
[11,F,0.325736,00001100,32.5736,X]
[2,F,0.37793,11110000,37.793,X]
[12,F,0.502972,00000100,50.2972,X]
[13,F,0.526409,00000100,52.6409,X]
[3,F,0.566022,11000000,56.6022,X]
[4,F,0.567975,11000000,56.7975,X]
[5,F,0.572858,11000000,57.2858,X]
[19,F,0.582572,00000011,58.2572,X]
[14,F,0.599652,00000100,59.9652,X]
[15,F,0.613323,00000100,61.3323,X]
[20,F,0.626855,00000010,62.6855,X]
[6,F,0.67442,11000000,67.442,X]
[16,F,0.7393,00000100,73.93,X]
[7,F,0.772077,11000000,77.2077,X]
[21,F,0.852441,00000010,85.2441,X]
[9,F,0.875592,00110000,87.5592,X]
[8,F,0.980764,10000000,98.0764,X]
[10,F,0.983394,00010000,98.3394,X]
GUIDE_TREE_PARTITION1=(((t1:7.49,t2:7.49):46.65,(t3:7.52,t4:7.52):46.62):45.86,((t5:51.07,t6:51.07):48.29,(t7:39.17,t8:39.17):60.19):0.64);
