Taxa bit representation:
t1 10000000
t2 01000000
t3 00100000
t4 00010000
t5 00001000
t6 00000100
t7 00000010
t8 00000001
Clade List (<taxon members> = <clade name>): 

>Dataset_0
[8,F,0.0195312,00001111,1.95312,X]
[0,F,0.18992,11000000,18.992,X]
[9,F,0.224609,00001111,22.4609,X]
[10,F,0.347656,00001111,34.7656,X]
[4,F,0.413553,00110000,41.3553,X]
[11,F,0.471169,00001100,47.1169,X]
[14,F,0.481981,00000001,48.1981,X]
[15,F,0.530809,00000001,53.0809,X]
[5,F,0.533339,00010000,53.3339,X]
[12,F,0.551317,00000010,55.1317,X]
[1,F,0.587381,11000000,58.7381,X]
[2,F,0.75828,11000000,75.828,X]
[13,F,0.772997,00000010,77.2997,X]
[6,F,0.873183,00010000,87.3183,X]
[3,F,0.96132,10000000,96.132,X]
[7,F,0.975722,00010000,97.5722,X]
[16,F,0.986864,00000001,98.6864,X]
GUIDE_TREE_PARTITION1=(((t1:12.95,t2:12.95):70.89,(t3:50.67,t4:50.67):33.17):16.16,((t5:0.16,t6:0.16):63.27,(t7:56.88,t8:56.88):6.55):36.57);
