Taxa bit representation:
t1 10000000
t2 01000000
t3 00100000
t4 00010000
t5 00001000
t6 00000100
t7 00000010
t8 00000001
Clade List (<taxon members> = <clade name>): 

>Dataset_0
[0,F,0.0224609,11111110,2.24609,X]
[1,F,0.0478516,11111110,4.78516,X]
[2,F,0.113281,11111110,11.3281,X]
[7,F,0.393731,00000010,39.3731,X]
[12,F,0.450195,00000001,45.0195,X]
[8,F,0.528497,00000010,52.8497,X]
[9,F,0.609552,00000010,60.9552,X]
[5,F,0.619945,00000100,61.9945,X]
[13,F,0.636719,00000001,63.6719,X]
[10,F,0.797052,00000010,79.7052,X]
[14,F,0.821289,00000001,82.1289,X]
[3,F,0.856577,11110000,85.6577,X]
[6,F,0.879711,00000100,87.9711,X]
[11,F,0.888848,00000010,88.8848,X]
[15,F,0.949219,00000001,94.9219,X]
[4,F,0.999225,10000000,99.9225,X]
GUIDE_TREE_PARTITION1=(((((((t1:7.89,t2:7.89):2.38,t3:10.27):2.54,t4:12.81):20.38,t5:33.19):15.46,t6:48.65):38.93,t7:87.58):12.42,t8:100);
