Taxa bit representation:
t1 10000000
t2 01000000
t3 00100000
t4 00010000
t5 00001000
t6 00000100
t7 00000010
t8 00000001
Clade List (<taxon members> = <clade name>): 

>Dataset_0
[6,F,0.230469,00001111,23.0469,X]
[7,F,0.276367,00001111,27.6367,X]
[8,F,0.302734,00001111,30.2734,X]
[0,F,0.441406,11110000,44.1406,X]
[9,F,0.445312,00001111,44.5312,X]
[1,F,0.464844,11110000,46.4844,X]
[2,F,0.527344,11110000,52.7344,X]
[3,F,0.658395,00100000,65.8395,X]
[10,F,0.772313,00001100,77.2313,X]
[11,F,0.806492,00001100,80.6492,X]
[5,F,0.917184,00010000,91.7184,X]
[4,F,0.987497,00100000,98.7497,X]
GUIDE_TREE_PARTITION1=(((t1:4.09,t2:4.09):37.47,(t3:35.43,t4:35.43):6.13):58.44,((t5:13.44,t6:13.44):10.11,(t7:2.12,t8:2.12):21.43):76.45);
