Taxa bit representation:
t1 10000000
t2 01000000
t3 00100000
t4 00010000
t5 00001000
t6 00000100
t7 00000010
t8 00000001
Clade List (<taxon members> = <clade name>): 

>Dataset_0
[0,F,0.106494,11111100,10.6494,X]
[8,F,0.21582,00000001,21.582,X]
[9,F,0.295898,00000001,29.5898,X]
[10,F,0.350586,00000001,35.0586,X]
[11,F,0.428711,00000001,42.8711,X]
[1,F,0.461962,11111100,46.1962,X]
[2,F,0.506884,00000010,50.6884,X]
[12,F,0.672852,00000001,67.2852,X]
[3,F,0.682666,00000010,68.2666,X]
[4,F,0.683642,00000010,68.3642,X]
[5,F,0.805713,00000010,80.5713,X]
[6,F,0.902392,00000010,90.2392,X]
[13,F,0.959961,00000001,95.9961,X]
[7,F,0.98247,00000010,98.247,X]
GUIDE_TREE_PARTITION1=(((((((t1:0.31,t2:0.31):0.34,t3:0.65):9.56,t4:10.21):7,t5:17.21):2.59,t6:19.8):75.41,t7:95.21):4.79,t8:100);
