Taxa bit representation:
t1 10000000
t2 01000000
t3 00100000
t4 00010000
t5 00001000
t6 00000100
t7 00000010
t8 00000001
Clade List (<taxon members> = <clade name>): 

>Dataset_0
[152,F,0.0429844,00000001,4.29844,X]
[79,F,0.0602531,00001100,6.02531,X]
[80,F,0.0807609,00001100,8.07609,X]
[153,F,0.0918125,00000001,9.18125,X]
[81,F,0.103222,00001100,10.3222,X]
[82,F,0.113964,00001100,11.3964,X]
[83,F,0.114941,00001100,11.4941,X]
[154,F,0.153336,00000001,15.3336,X]
[84,F,0.156933,00001100,15.6933,X]
[155,F,0.157242,00000001,15.7242,X]
[85,F,0.158886,00001100,15.8886,X]
[127,F,0.167008,00000010,16.7008,X]
[156,F,0.169937,00000001,16.9937,X]
[0,F,0.175488,11110000,17.5488,X]
[1,F,0.18037,11110000,18.037,X]
[128,F,0.187516,00000010,18.7516,X]
[157,F,0.189469,00000001,18.9469,X]
[129,F,0.191422,00000010,19.1422,X]
[86,F,0.193066,00001100,19.3066,X]
[130,F,0.200211,00000010,20.0211,X]
[158,F,0.209,00000001,20.9,X]
[159,F,0.216812,00000001,21.6812,X]
[2,F,0.237988,11110000,23.7988,X]
[87,F,0.2458,00001100,24.58,X]
[131,F,0.249039,00000010,24.9039,X]
[160,F,0.272477,00000001,27.2477,X]
[88,F,0.273144,00001100,27.3144,X]
[161,F,0.273453,00000001,27.3453,X]
[57,F,0.28673,00010000,28.673,X]
[132,F,0.287125,00000010,28.7125,X]
[103,F,0.293072,00000100,29.3072,X]
[104,F,0.298931,00000100,29.8931,X]
[58,F,0.299425,00010000,29.9425,X]
[162,F,0.303727,00000001,30.3727,X]
[3,F,0.304308,11100000,30.4308,X]
[133,F,0.306656,00000010,30.6656,X]
[41,F,0.306953,00100000,30.6953,X]
[59,F,0.325792,00010000,32.5792,X]
[105,F,0.337017,00000100,33.7017,X]
[4,F,0.346016,11000000,34.6016,X]
[89,F,0.351666,00001000,35.1666,X]
[42,F,0.355781,00100000,35.5781,X]
[90,F,0.357525,00001000,35.7525,X]
[43,F,0.358711,00100000,35.8711,X]
[44,F,0.361641,00100000,36.1641,X]
[60,F,0.361925,00010000,36.1925,X]
[106,F,0.369244,00000100,36.9244,X]
[5,F,0.383125,11000000,38.3125,X]
[134,F,0.386734,00000010,38.6734,X]
[6,F,0.389961,11000000,38.9961,X]
[45,F,0.391914,00100000,39.1914,X]
[107,F,0.392681,00000100,39.2681,X]
[135,F,0.402359,00000010,40.2359,X]
[19,F,0.406889,01000000,40.6889,X]
[7,F,0.407866,10000000,40.7866,X]
[61,F,0.409777,00010000,40.9777,X]
[108,F,0.413189,00000100,41.3189,X]
[136,F,0.418961,00000010,41.8961,X]
[109,F,0.420025,00000100,42.0025,X]
[110,F,0.421002,00000100,42.1002,X]
[8,F,0.428373,10000000,42.8373,X]
[9,F,0.434233,10000000,43.4233,X]
[62,F,0.436144,00010000,43.6144,X]
[20,F,0.443022,01000000,44.3022,X]
[91,F,0.449322,00001000,44.9322,X]
[10,F,0.459623,10000000,45.9623,X]
[137,F,0.459977,00000010,45.9977,X]
[111,F,0.460064,00000100,46.0064,X]
[92,F,0.461041,00001000,46.1041,X]
[63,F,0.464464,00010000,46.4464,X]
[112,F,0.464947,00000100,46.4947,X]
[46,F,0.470039,00100000,47.0039,X]
[47,F,0.471992,00100000,47.1992,X]
[113,F,0.473736,00000100,47.3736,X]
[21,F,0.48892,01000000,48.892,X]
[138,F,0.49025,00000010,49.025,X]
[93,F,0.490337,00001000,49.0337,X]
[64,F,0.497667,00010000,49.7667,X]
[114,F,0.49815,00000100,49.815,X]
[115,F,0.500103,00000100,50.0103,X]
[65,F,0.50548,00010000,50.548,X]
[22,F,0.506498,01000000,50.6498,X]
[66,F,0.508409,00010000,50.8409,X]
[23,F,0.509428,01000000,50.9428,X]
[163,F,0.51857,00000001,51.857,X]
[67,F,0.520128,00010000,52.0128,X]
[68,F,0.525988,00010000,52.5988,X]
[24,F,0.529936,01000000,52.9936,X]
[48,F,0.544258,00100000,54.4258,X]
[11,F,0.545561,10000000,54.5561,X]
[164,F,0.545914,00000001,54.5914,X]
[165,F,0.550797,00000001,55.0797,X]
[116,F,0.552837,00000100,55.2837,X]
[139,F,0.563492,00000010,56.3492,X]
[140,F,0.564469,00000010,56.4469,X]
[25,F,0.572905,01000000,57.2905,X]
[141,F,0.573258,00000010,57.3258,X]
[166,F,0.58693,00000001,58.693,X]
[12,F,0.592436,10000000,59.2436,X]
[94,F,0.59483,00001000,59.483,X]
[167,F,0.598648,00000001,59.8648,X]
[26,F,0.599272,01000000,59.9272,X]
[27,F,0.610991,01000000,61.0991,X]
[142,F,0.61232,00000010,61.232,X]
[49,F,0.612617,00100000,61.2617,X]
[13,F,0.623686,10000000,62.3686,X]
[117,F,0.644634,00000100,64.4634,X]
[28,F,0.665678,01000000,66.5678,X]
[118,F,0.666119,00000100,66.6119,X]
[168,F,0.667984,00000001,66.7984,X]
[50,F,0.670234,00100000,67.0234,X]
[29,F,0.671538,01000000,67.1538,X]
[30,F,0.673491,01000000,67.3491,X]
[31,F,0.689116,01000000,68.9116,X]
[119,F,0.689556,00000100,68.9556,X]
[51,F,0.691719,00100000,69.1719,X]
[95,F,0.696392,00001000,69.6392,X]
[120,F,0.700298,00000100,70.0298,X]
[52,F,0.701484,00100000,70.1484,X]
[69,F,0.702745,00010000,70.2745,X]
[169,F,0.71193,00000001,71.193,X]
[70,F,0.719347,00010000,71.9347,X]
[170,F,0.73732,00000001,73.732,X]
[53,F,0.744453,00100000,74.4453,X]
[171,F,0.749039,00000001,74.9039,X]
[54,F,0.749336,00100000,74.9336,X]
[32,F,0.756498,01000000,75.6498,X]
[96,F,0.761822,00001000,76.1822,X]
[97,F,0.765728,00001000,76.5728,X]
[33,F,0.775053,01000000,77.5053,X]
[143,F,0.779312,00000010,77.9312,X]
[34,F,0.784819,01000000,78.4819,X]
[35,F,0.787748,01000000,78.7748,X]
[14,F,0.798491,10000000,79.8491,X]
[121,F,0.802837,00000100,80.2837,X]
[71,F,0.803331,00010000,80.3331,X]
[98,F,0.806744,00001000,80.6744,X]
[172,F,0.818375,00000001,81.8375,X]
[15,F,0.823881,10000000,82.3881,X]
[122,F,0.835064,00000100,83.5064,X]
[36,F,0.8356,01000000,83.56,X]
[144,F,0.848648,00000010,84.8648,X]
[16,F,0.851225,10000000,85.1225,X]
[72,F,0.852159,00010000,85.2159,X]
[37,F,0.86685,01000000,86.685,X]
[73,F,0.870714,00010000,87.0714,X]
[123,F,0.87608,00000100,87.608,X]
[38,F,0.876616,01000000,87.6616,X]
[173,F,0.876969,00000001,87.6969,X]
[145,F,0.877945,00000010,87.7945,X]
[74,F,0.881456,00010000,88.1456,X]
[39,F,0.888334,01000000,88.8334,X]
[55,F,0.890937,00100000,89.0938,X]
[124,F,0.893658,00000100,89.3658,X]
[99,F,0.899517,00001000,89.9517,X]
[40,F,0.900053,01000000,90.0053,X]
[174,F,0.916031,00000001,91.6031,X]
[100,F,0.920025,00001000,92.0025,X]
[146,F,0.922867,00000010,92.2867,X]
[147,F,0.941422,00000010,94.1422,X]
[125,F,0.941509,00000100,94.1509,X]
[148,F,0.945328,00000010,94.5328,X]
[149,F,0.955094,00000010,95.5094,X]
[75,F,0.963488,00010000,96.3488,X]
[17,F,0.967436,10000000,96.7436,X]
[56,F,0.969062,00100000,96.9062,X]
[76,F,0.970323,00010000,97.0323,X]
[101,F,0.970806,00001000,97.0806,X]
[150,F,0.971695,00000010,97.1695,X]
[77,F,0.975206,00010000,97.5206,X]
[18,F,0.977202,10000000,97.7202,X]
[102,F,0.979595,00001000,97.9595,X]
[126,F,0.984478,00000100,98.4478,X]
[151,F,0.98732,00000010,98.732,X]
[78,F,0.988878,00010000,98.8878,X]
[175,F,0.999039,00000001,99.9039,X]
GUIDE_TREE_PARTITION1=(((((t1:60.19,t2:60.19):9.31,t3:69.5):2.12,t4:71.62):22.55,(t5:72.06,t6:72.06):22.11):5.83,(t7:97.85,t8:97.85):2.15);
