Taxa bit representation:
t1 10000000
t2 01000000
t3 00100000
t4 00010000
t5 00001000
t6 00000100
t7 00000010
t8 00000001
Clade List (<taxon members> = <clade name>): 

>Dataset_0
[0,F,0.118164,11111110,11.8164,X]
[1,F,0.205252,11111100,20.5252,X]
[14,F,0.325369,00000010,32.5369,X]
[15,F,0.355469,00000001,35.5469,X]
[2,F,0.623453,11100000,62.3453,X]
[12,F,0.703106,00000100,70.3106,X]
[10,F,0.707437,00010000,70.7437,X]
[11,F,0.757014,00001000,75.7014,X]
[13,F,0.759747,00000100,75.9747,X]
[3,F,0.830362,11000000,83.0362,X]
[6,F,0.873331,00100000,87.3331,X]
[7,F,0.91337,00100000,91.337,X]
[8,F,0.928019,00100000,92.8019,X]
[9,F,0.943644,00100000,94.3644,X]
[4,F,0.9706,01000000,97.06,X]
[5,F,0.99892,01000000,99.892,X]
GUIDE_TREE_PARTITION1=(((((((t1:9.19,t2:9.19):24.18,t3:33.37):4.48,t4:37.85):7.64,t5:45.49):9.59,t6:55.08):29.18,t7:84.26):15.74,t8:100);
