Taxa bit representation:
t1 10000000
t2 01000000
t3 00100000
t4 00010000
t5 00001000
t6 00000100
t7 00000010
t8 00000001
Clade List (<taxon members> = <clade name>): 

>Dataset_0
[0,F,0.0117188,11111110,1.17188,X]
[1,F,0.0371094,11111110,3.71094,X]
[85,F,0.0537109,00000001,5.37109,X]
[86,F,0.0576172,00000001,5.76172,X]
[2,F,0.0742188,11111110,7.42188,X]
[87,F,0.078125,00000001,7.8125,X]
[3,F,0.125,11111110,12.5,X]
[4,F,0.125977,11111110,12.5977,X]
[5,F,0.143555,11111110,14.3555,X]
[6,F,0.175781,11111110,17.5781,X]
[88,F,0.244141,00000001,24.4141,X]
[7,F,0.245117,11111110,24.5117,X]
[8,F,0.25583,11111100,25.583,X]
[89,F,0.269531,00000001,26.9531,X]
[65,F,0.286103,00000010,28.6103,X]
[66,F,0.28708,00000010,28.708,X]
[9,F,0.332002,11111100,33.2002,X]
[10,F,0.355439,11111100,35.5439,X]
[67,F,0.37497,00000010,37.497,X]
[11,F,0.395478,11111100,39.5478,X]
[55,F,0.414055,00000100,41.4055,X]
[90,F,0.414062,00000001,41.4062,X]
[91,F,0.447266,00000001,44.7266,X]
[12,F,0.448234,11111000,44.8234,X]
[68,F,0.461884,00000010,46.1884,X]
[69,F,0.46872,00000010,46.872,X]
[13,F,0.475578,11111000,47.5578,X]
[92,F,0.478516,00000001,47.8516,X]
[56,F,0.515617,00000100,51.5617,X]
[57,F,0.525383,00000100,52.5383,X]
[93,F,0.537109,00000001,53.7109,X]
[94,F,0.546875,00000001,54.6875,X]
[41,F,0.558961,00001000,55.8961,X]
[58,F,0.559562,00000100,55.9562,X]
[14,F,0.577516,11110000,57.7516,X]
[15,F,0.590211,11110000,59.0211,X]
[70,F,0.590791,00000010,59.0791,X]
[16,F,0.605836,11110000,60.5836,X]
[42,F,0.621461,00001000,62.1461,X]
[71,F,0.63083,00000010,63.083,X]
[43,F,0.636109,00001000,63.6109,X]
[44,F,0.638062,00001000,63.8062,X]
[17,F,0.647828,11110000,64.7828,X]
[59,F,0.661125,00000100,66.1125,X]
[18,F,0.663453,11110000,66.3453,X]
[72,F,0.674775,00000010,67.4775,X]
[73,F,0.678681,00000010,67.8681,X]
[34,F,0.685048,00010000,68.5048,X]
[95,F,0.689453,00000001,68.9453,X]
[19,F,0.690908,11100000,69.0908,X]
[20,F,0.718252,11100000,71.8252,X]
[74,F,0.723603,00000010,72.3603,X]
[45,F,0.730836,00001000,73.0836,X]
[75,F,0.731416,00000010,73.1416,X]
[96,F,0.734375,00000001,73.4375,X]
[76,F,0.741181,00000010,74.1181,X]
[46,F,0.744508,00001000,74.4508,X]
[35,F,0.748525,00010000,74.8525,X]
[77,F,0.74997,00000010,74.997,X]
[97,F,0.75293,00000001,75.293,X]
[98,F,0.754883,00000001,75.4883,X]
[47,F,0.765016,00001000,76.5016,X]
[78,F,0.770478,00000010,77.0478,X]
[48,F,0.775758,00001000,77.5758,X]
[21,F,0.775869,11100000,77.5869,X]
[22,F,0.780752,11100000,78.0752,X]
[79,F,0.782197,00000010,78.2197,X]
[99,F,0.789062,00000001,78.9062,X]
[49,F,0.78943,00001000,78.943,X]
[36,F,0.789541,00010000,78.9541,X]
[23,F,0.789541,11100000,78.9541,X]
[60,F,0.790031,00000100,79.0031,X]
[50,F,0.790406,00001000,79.0406,X]
[37,F,0.7954,00010000,79.54,X]
[61,F,0.79882,00000100,79.882,X]
[100,F,0.798828,00000001,79.8828,X]
[24,F,0.807119,11100000,80.7119,X]
[80,F,0.807588,00000010,80.7588,X]
[62,F,0.831047,00000100,83.1047,X]
[51,F,0.834352,00001000,83.4352,X]
[81,F,0.836884,00000010,83.6884,X]
[25,F,0.841298,11100000,84.1298,X]
[26,F,0.852041,11100000,85.2041,X]
[101,F,0.852539,00000001,85.2539,X]
[102,F,0.861328,00000001,86.1328,X]
[82,F,0.876923,00000010,87.6923,X]
[38,F,0.883291,00010000,88.3291,X]
[30,F,0.886408,00100000,88.6408,X]
[103,F,0.888672,00000001,88.8672,X]
[31,F,0.898127,00100000,89.8127,X]
[83,F,0.90622,00000010,90.622,X]
[39,F,0.913564,00010000,91.3564,X]
[52,F,0.915406,00001000,91.5406,X]
[63,F,0.92382,00000100,92.382,X]
[32,F,0.927423,00100000,92.7423,X]
[28,F,0.949809,01000000,94.9809,X]
[84,F,0.951142,00000010,95.1142,X]
[53,F,0.951539,00001000,95.1539,X]
[64,F,0.952141,00000100,95.2141,X]
[54,F,0.964234,00001000,96.4234,X]
[27,F,0.984966,10000000,98.4966,X]
[40,F,0.98583,00010000,98.583,X]
[29,F,0.987895,01000000,98.7895,X]
[33,F,0.999689,00100000,99.9689,X]
GUIDE_TREE_PARTITION1=(((((((t1:8.73,t2:8.73):4.68,t3:13.41):19.55,t4:32.96):13.39,t5:46.35):14.1,t6:60.45):14.26,t7:74.71):25.29,t8:100);
