Taxa bit representation:
t1 10000000
t2 01000000
t3 00100000
t4 00010000
t5 00001000
t6 00000100
t7 00000010
t8 00000001
Clade List (<taxon members> = <clade name>): 

>Dataset_0
[0,F,0.00585938,11110000,0.585938,X]
[1,F,0.0107422,11110000,1.07422,X]
[19,F,0.0166063,00110000,1.66063,X]
[34,F,0.0302734,00001111,3.02734,X]
[2,F,0.0410203,11000000,4.10203,X]
[3,F,0.0634813,11000000,6.34813,X]
[35,F,0.106445,00001111,10.6445,X]
[36,F,0.113281,00001111,11.3281,X]
[27,F,0.136369,00010000,13.6369,X]
[28,F,0.151017,00010000,15.1017,X]
[4,F,0.160161,11000000,16.0161,X]
[20,F,0.168595,00100000,16.8595,X]
[29,F,0.170548,00010000,17.0548,X]
[5,F,0.2002,11000000,20.02,X]
[6,F,0.20313,11000000,20.313,X]
[37,F,0.230119,00001100,23.0119,X]
[38,F,0.233048,00001100,23.3048,X]
[7,F,0.235356,11000000,23.5356,X]
[52,F,0.237931,00000011,23.7931,X]
[21,F,0.318986,00100000,31.8986,X]
[39,F,0.337541,00001100,33.7541,X]
[53,F,0.34047,00000011,34.047,X]
[8,F,0.344731,11000000,34.4731,X]
[9,F,0.347661,11000000,34.7661,X]
[40,F,0.357072,00001100,35.7072,X]
[10,F,0.395512,11000000,39.5512,X]
[41,F,0.407853,00001100,40.7853,X]
[42,F,0.425431,00001100,42.5431,X]
[22,F,0.459611,00100000,45.9611,X]
[30,F,0.461564,00010000,46.1564,X]
[43,F,0.489884,00001100,48.9884,X]
[23,F,0.531877,00100000,53.1877,X]
[54,F,0.537736,00000011,53.7736,X]
[31,F,0.539689,00010000,53.9689,X]
[44,F,0.553361,00001100,55.3361,X]
[24,F,0.561173,00100000,56.1173,X]
[32,F,0.586564,00010000,58.6564,X]
[11,F,0.590825,11000000,59.0825,X]
[55,F,0.600777,00000010,60.0777,X]
[12,F,0.608403,11000000,60.8403,X]
[25,F,0.645158,00100000,64.5158,X]
[13,F,0.688481,11000000,68.8481,X]
[45,F,0.693986,00001100,69.3986,X]
[14,F,0.694341,11000000,69.4341,X]
[62,F,0.697456,00000001,69.7456,X]
[46,F,0.738908,00001100,73.8908,X]
[56,F,0.752144,00000010,75.2144,X]
[57,F,0.75605,00000010,75.605,X]
[49,F,0.804539,00000100,80.4539,X]
[33,F,0.80922,00010000,80.922,X]
[50,F,0.813328,00000100,81.3328,X]
[63,F,0.826362,00000001,82.6363,X]
[58,F,0.836128,00000010,83.6128,X]
[59,F,0.838081,00000010,83.8081,X]
[15,F,0.845797,10000000,84.5797,X]
[60,F,0.84687,00000010,84.687,X]
[47,F,0.851414,00001000,85.1414,X]
[48,F,0.856297,00001000,85.6297,X]
[64,F,0.866402,00000001,86.6402,X]
[61,F,0.87812,00000010,87.812,X]
[16,F,0.904391,10000000,90.4391,X]
[51,F,0.91782,00000100,91.782,X]
[17,F,0.922945,01000000,92.2945,X]
[18,F,0.925875,01000000,92.5875,X]
[65,F,0.934761,00000001,93.4761,X]
[66,F,0.942573,00000001,94.2573,X]
[26,F,0.947892,00100000,94.7892,X]
GUIDE_TREE_PARTITION1=(((t1:24.6,t2:24.6):74.13,(t3:96.91,t4:96.91):1.82):1.27,((t5:23.55,t6:23.55):60.86,(t7:40.02,t8:40.02):44.39):15.59);
