Taxa bit representation:
t1 10000000
t2 01000000
t3 00100000
t4 00010000
t5 00001000
t6 00000100
t7 00000010
t8 00000001
Clade List (<taxon members> = <clade name>): 

>Dataset_0
[0,F,0.0136719,11110000,1.36719,X]
[24,F,0.0795297,00110000,7.95297,X]
[25,F,0.0834359,00110000,8.34359,X]
[56,F,0.0869141,00001111,8.69141,X]
[1,F,0.092225,11000000,9.2225,X]
[2,F,0.101014,11000000,10.1014,X]
[57,F,0.112305,00001111,11.2305,X]
[26,F,0.115663,00110000,11.5663,X]
[3,F,0.143983,11000000,14.3983,X]
[4,F,0.16742,11000000,16.742,X]
[58,F,0.167969,00001111,16.7969,X]
[27,F,0.183045,00110000,18.3045,X]
[59,F,0.208008,00001111,20.8008,X]
[5,F,0.210389,11000000,21.0389,X]
[60,F,0.223633,00001111,22.3633,X]
[28,F,0.225038,00110000,22.5038,X]
[61,F,0.230777,00001100,23.0777,X]
[38,F,0.23943,00010000,23.943,X]
[62,F,0.252261,00001100,25.2261,X]
[39,F,0.256031,00010000,25.6031,X]
[63,F,0.266909,00001100,26.6909,X]
[29,F,0.27068,00100000,27.068,X]
[6,F,0.280702,11000000,28.0702,X]
[64,F,0.284488,00001100,28.4488,X]
[96,F,0.29523,00000011,29.523,X]
[65,F,0.315738,00001100,31.5738,X]
[66,F,0.324527,00001100,32.4527,X]
[7,F,0.3266,11000000,32.66,X]
[97,F,0.361636,00000011,36.1636,X]
[85,F,0.393258,00000100,39.3258,X]
[8,F,0.413514,11000000,41.3514,X]
[30,F,0.415211,00100000,41.5211,X]
[67,F,0.416695,00001000,41.6695,X]
[98,F,0.429995,00000011,42.9995,X]
[40,F,0.433766,00010000,43.3766,X]
[41,F,0.437672,00010000,43.7672,X]
[68,F,0.443063,00001000,44.3063,X]
[31,F,0.448414,00100000,44.8414,X]
[42,F,0.450367,00010000,45.0367,X]
[69,F,0.454781,00001000,45.4781,X]
[9,F,0.456483,11000000,45.6483,X]
[70,F,0.461617,00001000,46.1617,X]
[86,F,0.487984,00000100,48.7984,X]
[87,F,0.498727,00000100,49.8727,X]
[10,F,0.502381,11000000,50.2381,X]
[11,F,0.505311,11000000,50.5311,X]
[12,F,0.516053,11000000,51.6053,X]
[71,F,0.520211,00001000,52.0211,X]
[88,F,0.562203,00000100,56.2203,X]
[89,F,0.567086,00000100,56.7086,X]
[72,F,0.573922,00001000,57.3922,X]
[99,F,0.580386,00000011,58.0386,X]
[73,F,0.590523,00001000,59.0523,X]
[74,F,0.59443,00001000,59.443,X]
[13,F,0.609803,11000000,60.9803,X]
[43,F,0.613453,00010000,61.3453,X]
[90,F,0.623727,00000100,62.3727,X]
[32,F,0.624195,00100000,62.4195,X]
[91,F,0.638375,00000100,63.8375,X]
[44,F,0.641773,00010000,64.1773,X]
[75,F,0.643258,00001000,64.3258,X]
[92,F,0.644234,00000100,64.4234,X]
[76,F,0.655953,00001000,65.5953,X]
[45,F,0.673023,00010000,67.3023,X]
[100,F,0.674059,00000010,67.4059,X]
[107,F,0.678942,00000001,67.8942,X]
[46,F,0.690602,00010000,69.0602,X]
[33,F,0.697437,00100000,69.7437,X]
[47,F,0.70525,00010000,70.525,X]
[34,F,0.706227,00100000,70.6227,X]
[48,F,0.70818,00010000,70.818,X]
[35,F,0.725758,00100000,72.5758,X]
[49,F,0.728687,00010000,72.8687,X]
[14,F,0.72992,11000000,72.992,X]
[15,F,0.740663,11000000,74.0662,X]
[77,F,0.74775,00001000,74.775,X]
[108,F,0.748278,00000001,74.8278,X]
[101,F,0.755114,00000010,75.5114,X]
[36,F,0.757984,00100000,75.7984,X]
[78,F,0.758492,00001000,75.8492,X]
[79,F,0.760445,00001000,76.0445,X]
[102,F,0.762927,00000010,76.2927,X]
[50,F,0.778492,00010000,77.8492,X]
[109,F,0.784411,00000001,78.4411,X]
[110,F,0.791247,00000001,79.1247,X]
[16,F,0.79535,11000000,79.535,X]
[17,F,0.79828,11000000,79.828,X]
[93,F,0.798531,00000100,79.8531,X]
[18,F,0.814881,11000000,81.4881,X]
[51,F,0.821461,00010000,82.1461,X]
[80,F,0.821969,00001000,82.1969,X]
[94,F,0.823922,00000100,82.3922,X]
[111,F,0.82445,00000001,82.445,X]
[52,F,0.828297,00010000,82.8297,X]
[112,F,0.829333,00000001,82.9333,X]
[81,F,0.852242,00001000,85.2242,X]
[53,F,0.860523,00010000,86.0523,X]
[54,F,0.871266,00010000,87.1266,X]
[113,F,0.871325,00000001,87.1325,X]
[82,F,0.883492,00001000,88.3492,X]
[19,F,0.887147,11000000,88.7147,X]
[20,F,0.890077,11000000,89.0077,X]
[21,F,0.89203,11000000,89.203,X]
[37,F,0.902516,00100000,90.2516,X]
[103,F,0.906481,00000010,90.6481,X]
[95,F,0.926461,00000100,92.6461,X]
[22,F,0.947253,01000000,94.7253,X]
[104,F,0.95238,00000010,95.238,X]
[105,F,0.955309,00000010,95.5309,X]
[114,F,0.959216,00000001,95.9216,X]
[106,F,0.969958,00000010,96.9958,X]
[115,F,0.971911,00000001,97.1911,X]
[23,F,0.983386,01000000,98.3386,X]
[55,F,0.98357,00010000,98.357,X]
[83,F,0.986031,00001000,98.6031,X]
[84,F,0.991891,00001000,99.1891,X]
GUIDE_TREE_PARTITION1=(((t1:5.47,t2:5.47):93.12,(t3:76.35,t4:76.35):22.24):1.41,((t5:65.85,t6:65.85):11.17,(t7:33.18,t8:33.18):43.84):22.98);
