Taxa bit representation:
t1 10000000
t2 01000000
t3 00100000
t4 00010000
t5 00001000
t6 00000100
t7 00000010
t8 00000001
Clade List (<taxon members> = <clade name>): 

>Dataset_0
[0,F,0.00488281,11111100,0.488281,X]
[1,F,0.0078125,11111100,0.78125,X]
[53,F,0.0966797,00000011,9.66797,X]
[54,F,0.117188,00000011,11.7188,X]
[55,F,0.136719,00000011,13.6719,X]
[2,F,0.143555,11111100,14.3555,X]
[3,F,0.152344,11111100,15.2344,X]
[56,F,0.154297,00000011,15.4297,X]
[4,F,0.165039,11111100,16.5039,X]
[57,F,0.175781,00000011,17.5781,X]
[58,F,0.176758,00000011,17.6758,X]
[5,F,0.180664,11111100,18.0664,X]
[6,F,0.182617,11111100,18.2617,X]
[7,F,0.186523,11111100,18.6523,X]
[8,F,0.213867,11111100,21.3867,X]
[59,F,0.232422,00000011,23.2422,X]
[60,F,0.242188,00000011,24.2188,X]
[61,F,0.279297,00000011,27.9297,X]
[62,F,0.297852,00000011,29.7852,X]
[63,F,0.333008,00000011,33.3008,X]
[64,F,0.339844,00000011,33.9844,X]
[65,F,0.355469,00000011,35.5469,X]
[66,F,0.369141,00000011,36.9141,X]
[67,F,0.374023,00000011,37.4023,X]
[68,F,0.375,00000011,37.5,X]
[69,F,0.379883,00000011,37.9883,X]
[9,F,0.401367,11111100,40.1367,X]
[70,F,0.414062,00000011,41.4062,X]
[10,F,0.424336,11110000,42.4336,X]
[11,F,0.438008,11110000,43.8008,X]
[12,F,0.467305,11110000,46.7305,X]
[13,F,0.481953,11110000,48.1953,X]
[31,F,0.484883,00001100,48.4883,X]
[32,F,0.505391,00001100,50.5391,X]
[71,F,0.524414,00000011,52.4414,X]
[72,F,0.532227,00000011,53.2227,X]
[14,F,0.534687,11110000,53.4688,X]
[73,F,0.538086,00000011,53.8086,X]
[74,F,0.561523,00000011,56.1523,X]
[75,F,0.563477,00000011,56.3477,X]
[76,F,0.566406,00000011,56.6406,X]
[15,F,0.57082,11110000,57.082,X]
[77,F,0.571289,00000011,57.1289,X]
[33,F,0.591328,00001100,59.1328,X]
[34,F,0.615742,00001100,61.5742,X]
[35,F,0.624531,00001100,62.4531,X]
[16,F,0.63625,11110000,63.625,X]
[36,F,0.643086,00001100,64.3086,X]
[37,F,0.662617,00001100,66.2617,X]
[38,F,0.708516,00001100,70.8516,X]
[39,F,0.717305,00001100,71.7305,X]
[78,F,0.71875,00000011,71.875,X]
[23,F,0.726591,00010000,72.6591,X]
[79,F,0.745117,00000011,74.5117,X]
[24,F,0.748075,00010000,74.8075,X]
[25,F,0.751005,00010000,75.1005,X]
[80,F,0.75293,00000011,75.293,X]
[81,F,0.760483,00000010,76.0483,X]
[26,F,0.76077,00010000,76.077,X]
[89,F,0.766342,00000001,76.6342,X]
[82,F,0.772202,00000010,77.2202,X]
[90,F,0.774155,00000001,77.4155,X]
[91,F,0.779038,00000001,77.9038,X]
[27,F,0.785184,00010000,78.5184,X]
[40,F,0.790297,00001000,79.0297,X]
[41,F,0.793227,00001000,79.3227,X]
[50,F,0.797133,00000100,79.7133,X]
[92,F,0.800522,00000001,80.0522,X]
[42,F,0.807875,00001000,80.7875,X]
[28,F,0.808622,00010000,80.8622,X]
[83,F,0.810288,00000010,81.0288,X]
[17,F,0.82327,11100000,82.327,X]
[43,F,0.835219,00001000,83.5219,X]
[84,F,0.835678,00000010,83.5678,X]
[18,F,0.837919,11100000,83.7919,X]
[51,F,0.869398,00000100,86.9398,X]
[29,F,0.896513,00010000,89.6513,X]
[19,F,0.909295,11000000,90.9295,X]
[21,F,0.912225,00100000,91.2225,X]
[85,F,0.91478,00000010,91.478,X]
[44,F,0.927992,00001000,92.7992,X]
[45,F,0.929945,00001000,92.9945,X]
[46,F,0.931898,00001000,93.1898,X]
[52,F,0.931898,00000100,93.1898,X]
[47,F,0.937758,00001000,93.7758,X]
[86,F,0.942123,00000010,94.2123,X]
[87,F,0.952866,00000010,95.2866,X]
[48,F,0.974867,00001000,97.4867,X]
[88,F,0.975327,00000010,97.5327,X]
[22,F,0.980584,00100000,98.0584,X]
[93,F,0.981186,00000001,98.1186,X]
[30,F,0.98245,00010000,98.245,X]
[49,F,0.994398,00001000,99.4398,X]
[20,F,0.994997,10000000,99.4997,X]
GUIDE_TREE_PARTITION1=(((((t1:3.43,t2:3.43):6.91,t3:10.34):19.54,t4:29.88):28.37,(t5:23.9,t6:23.9):34.35):41.75,(t7:24.44,t8:24.44):75.56);
