Taxa bit representation:
t1 10000000
t2 01000000
t3 00100000
t4 00010000
t5 00001000
t6 00000100
t7 00000010
t8 00000001
Clade List (<taxon members> = <clade name>): 

>Dataset_0
[85,F,0.0175781,00000011,1.75781,X]
[86,F,0.0693359,00000011,6.93359,X]
[0,F,0.0722656,11111100,7.22656,X]
[1,F,0.0849609,11111100,8.49609,X]
[2,F,0.0869141,11111100,8.69141,X]
[3,F,0.104492,11111100,10.4492,X]
[87,F,0.105469,00000011,10.5469,X]
[88,F,0.106445,00000011,10.6445,X]
[4,F,0.109375,11111100,10.9375,X]
[5,F,0.119141,11111100,11.9141,X]
[6,F,0.158203,11111100,15.8203,X]
[49,F,0.170806,00001100,17.0806,X]
[7,F,0.192291,11110000,19.2291,X]
[89,F,0.201172,00000011,20.1172,X]
[50,F,0.210845,00001100,21.0845,X]
[51,F,0.213775,00001100,21.3775,X]
[8,F,0.221588,11110000,22.1588,X]
[90,F,0.222656,00000011,22.2656,X]
[91,F,0.241211,00000011,24.1211,X]
[92,F,0.242188,00000011,24.2188,X]
[52,F,0.259673,00001100,25.9673,X]
[114,F,0.29362,00000001,29.362,X]
[93,F,0.29655,00000010,29.655,X]
[115,F,0.300456,00000001,30.0456,X]
[94,F,0.304363,00000010,30.4363,X]
[9,F,0.308502,11110000,30.8502,X]
[116,F,0.312175,00000001,31.2175,X]
[10,F,0.330963,11110000,33.0963,X]
[95,F,0.354167,00000010,35.4167,X]
[11,F,0.36323,11100000,36.323,X]
[30,F,0.368113,00010000,36.8113,X]
[31,F,0.375925,00010000,37.5925,X]
[32,F,0.381784,00010000,38.1784,X]
[33,F,0.400339,00010000,40.0339,X]
[53,F,0.406158,00001100,40.6158,X]
[117,F,0.407878,00000001,40.7878,X]
[54,F,0.420806,00001100,42.0806,X]
[34,F,0.446238,00010000,44.6238,X]
[96,F,0.44987,00000010,44.987,X]
[35,F,0.45112,00010000,45.112,X]
[118,F,0.4528,00000001,45.28,X]
[36,F,0.468698,00010000,46.8698,X]
[12,F,0.475534,11100000,47.5534,X]
[13,F,0.476511,11100000,47.6511,X]
[97,F,0.478191,00000010,47.8191,X]
[55,F,0.4794,00001100,47.94,X]
[37,F,0.48237,00010000,48.237,X]
[119,F,0.506511,00000001,50.6511,X]
[98,F,0.507488,00000010,50.7488,X]
[38,F,0.517527,00010000,51.7527,X]
[39,F,0.525339,00010000,52.5339,X]
[120,F,0.527995,00000001,52.7995,X]
[14,F,0.537058,11100000,53.7058,X]
[56,F,0.540923,00001100,54.0923,X]
[15,F,0.543894,11100000,54.3894,X]
[99,F,0.553386,00000010,55.3386,X]
[69,F,0.564913,00000100,56.4913,X]
[70,F,0.59128,00000100,59.128,X]
[57,F,0.603975,00001000,60.3975,X]
[100,F,0.608073,00000010,60.8073,X]
[121,F,0.610027,00000001,61.0027,X]
[101,F,0.619792,00000010,61.9792,X]
[122,F,0.619792,00000001,61.9792,X]
[58,F,0.621553,00001000,62.1553,X]
[123,F,0.6403,00000001,64.03,X]
[102,F,0.641277,00000010,64.1277,X]
[103,F,0.64323,00000010,64.323,X]
[59,F,0.646944,00001000,64.6944,X]
[71,F,0.648897,00000100,64.8897,X]
[104,F,0.654948,00000010,65.4948,X]
[72,F,0.665498,00000100,66.5498,X]
[16,F,0.665964,11100000,66.5964,X]
[40,F,0.67573,00010000,67.573,X]
[105,F,0.677409,00000010,67.7409,X]
[60,F,0.681123,00001000,68.1123,X]
[17,F,0.694284,11100000,69.4284,X]
[124,F,0.695964,00000001,69.5964,X]
[18,F,0.706003,11100000,70.6003,X]
[41,F,0.706003,00010000,70.6003,X]
[42,F,0.708933,00010000,70.8933,X]
[73,F,0.748506,00000100,74.8506,X]
[74,F,0.749483,00000100,74.9483,X]
[106,F,0.750652,00000010,75.0652,X]
[125,F,0.750652,00000001,75.0652,X]
[43,F,0.750925,00010000,75.0925,X]
[75,F,0.751436,00000100,75.1436,X]
[76,F,0.759248,00000100,75.9248,X]
[61,F,0.760225,00001000,76.0225,X]
[77,F,0.77585,00000100,77.585,X]
[62,F,0.77585,00001000,77.585,X]
[107,F,0.777019,00000010,77.7019,X]
[19,F,0.792917,11100000,79.2917,X]
[44,F,0.795847,00010000,79.5847,X]
[78,F,0.802217,00000100,80.2217,X]
[126,F,0.806316,00000001,80.6316,X]
[63,F,0.81003,00001000,81.003,X]
[45,F,0.813425,00010000,81.3425,X]
[20,F,0.817331,11100000,81.7331,X]
[21,F,0.830027,11100000,83.0027,X]
[64,F,0.831514,00001000,83.1514,X]
[22,F,0.841745,11100000,84.1745,X]
[79,F,0.844209,00000100,84.4209,X]
[127,F,0.855144,00000001,85.5144,X]
[108,F,0.86198,00000010,86.198,X]
[80,F,0.87253,00000100,87.253,X]
[109,F,0.876628,00000010,87.6628,X]
[128,F,0.884441,00000001,88.4441,X]
[110,F,0.891277,00000010,89.1277,X]
[111,F,0.89323,00000010,89.323,X]
[65,F,0.894991,00001000,89.4991,X]
[46,F,0.895456,00010000,89.5456,X]
[81,F,0.899873,00000100,89.9873,X]
[129,F,0.910808,00000001,91.0808,X]
[82,F,0.912569,00000100,91.2569,X]
[83,F,0.915498,00000100,91.5498,X]
[47,F,0.921823,00010000,92.1823,X]
[23,F,0.922936,11000000,92.2936,X]
[130,F,0.928386,00000001,92.8386,X]
[48,F,0.945261,00010000,94.5261,X]
[24,F,0.954495,01000000,95.4495,X]
[112,F,0.963542,00000010,96.3542,X]
[25,F,0.965237,01000000,96.5237,X]
[84,F,0.96628,00000100,96.628,X]
[26,F,0.969144,01000000,96.9144,X]
[66,F,0.973116,00001000,97.3116,X]
[27,F,0.9786,00100000,97.86,X]
[67,F,0.981905,00001000,98.1905,X]
[68,F,0.983858,00001000,98.3858,X]
[28,F,0.984459,00100000,98.4459,X]
[29,F,0.988366,00100000,98.8366,X]
[131,F,0.996745,00000001,99.6745,X]
[113,F,0.997722,00000010,99.7722,X]
GUIDE_TREE_PARTITION1=(((((t1:5.82,t2:5.82):8.82,t3:14.64):49.33,t4:63.97):19.34,(t5:44.29,t6:44.29):39.02):16.69,(t7:73.47,t8:73.47):26.53);
