Taxa bit representation:
t1 10000000
t2 01000000
t3 00100000
t4 00010000
t5 00001000
t6 00000100
t7 00000010
t8 00000001
Clade List (<taxon members> = <clade name>): 

>Dataset_0
[19,F,0.234375,00000001,23.4375,X]
[20,F,0.408203,00000001,40.8203,X]
[12,F,0.474016,00000100,47.4016,X]
[7,F,0.518872,00001000,51.8872,X]
[16,F,0.540409,00000010,54.0409,X]
[21,F,0.544922,00000001,54.4922,X]
[8,F,0.654614,00001000,65.4614,X]
[17,F,0.682987,00000010,68.2987,X]
[0,F,0.747631,10000000,74.7631,X]
[13,F,0.777727,00000100,77.7727,X]
[22,F,0.802734,00000001,80.2734,X]
[9,F,0.804028,00001000,80.4028,X]
[10,F,0.826489,00001000,82.6489,X]
[11,F,0.890942,00001000,89.0942,X]
[6,F,0.896262,00010000,89.6262,X]
[3,F,0.902905,01000000,90.2905,X]
[5,F,0.911461,00100000,91.1461,X]
[1,F,0.933178,10000000,93.3178,X]
[14,F,0.933977,00000100,93.3977,X]
[18,F,0.934941,00000010,93.4941,X]
[2,F,0.94978,10000000,94.978,X]
[15,F,0.990617,00000100,99.0617,X]
[4,F,0.996655,01000000,99.6655,X]
GUIDE_TREE_PARTITION1=(((((((t1:33.44,t2:33.44):8.91,t3:42.35):3.18,t4:45.53):16.45,t5:61.98):7.22,t6:69.2):5.47,t7:74.67):25.33,t8:100);
