Taxa bit representation:
t1 10000000
t2 01000000
t3 00100000
t4 00010000
t5 00001000
t6 00000100
t7 00000010
t8 00000001
Clade List (<taxon members> = <clade name>): 

>Dataset_0
[38,F,0.0263672,00000001,2.63672,X]
[0,F,0.0729125,11111100,7.29125,X]
[27,F,0.143225,00000010,14.3225,X]
[28,F,0.156897,00000010,15.6897,X]
[1,F,0.167639,11111100,16.7639,X]
[39,F,0.177734,00000001,17.7734,X]
[2,F,0.187278,11111000,18.7278,X]
[40,F,0.196289,00000001,19.6289,X]
[41,F,0.197266,00000001,19.7266,X]
[19,F,0.269309,00000100,26.9309,X]
[29,F,0.287756,00000010,28.7756,X]
[20,F,0.336692,00000100,33.6692,X]
[3,F,0.360753,11110000,36.0753,X]
[30,F,0.378577,00000010,37.8577,X]
[4,F,0.391027,11110000,39.1027,X]
[13,F,0.402745,00001000,40.2745,X]
[5,F,0.417394,11110000,41.7394,X]
[14,F,0.450597,00001000,45.0597,X]
[21,F,0.486106,00000100,48.6106,X]
[6,F,0.496495,11110000,49.6495,X]
[42,F,0.499023,00000001,49.9023,X]
[43,F,0.53125,00000001,53.125,X]
[7,F,0.54272,11100000,54.272,X]
[31,F,0.571936,00000010,57.1936,X]
[22,F,0.57595,00000100,57.595,X]
[32,F,0.589514,00000010,58.9514,X]
[44,F,0.614258,00000001,61.4258,X]
[33,F,0.628577,00000010,62.8577,X]
[15,F,0.632237,00001000,63.2237,X]
[9,F,0.69897,00010000,69.897,X]
[23,F,0.714622,00000100,71.4622,X]
[34,F,0.720373,00000010,72.0373,X]
[10,F,0.745845,00010000,74.5845,X]
[16,F,0.757237,00001000,75.7237,X]
[24,F,0.783958,00000100,78.3958,X]
[25,F,0.807395,00000100,80.7395,X]
[8,F,0.813831,11000000,81.3831,X]
[17,F,0.829503,00001000,82.9503,X]
[35,F,0.829748,00000010,82.9748,X]
[11,F,0.838619,00010000,83.8619,X]
[36,F,0.883459,00000010,88.3459,X]
[18,F,0.888097,00001000,88.8097,X]
[37,F,0.920569,00000010,92.0569,X]
[12,F,0.969478,00010000,96.9478,X]
[45,F,0.985352,00000001,98.5352,X]
[26,F,0.988059,00000100,98.8059,X]
GUIDE_TREE_PARTITION1=(((((((t1:11.86,t2:11.86):21.21,t3:33.07):15.49,t4:48.56):21.81,t5:70.37):12.66,t6:83.03):16.71,t7:99.74):0.26,t8:100);
