Taxa bit representation:
t1 10000000
t2 01000000
t3 00100000
t4 00010000
t5 00001000
t6 00000100
t7 00000010
t8 00000001
Clade List (<taxon members> = <clade name>): 

>Dataset_0
[86,F,0.000976562,00000001,0.0976562,X]
[87,F,0.0253906,00000001,2.53906,X]
[0,F,0.0830078,11111110,8.30078,X]
[1,F,0.120117,11111110,12.0117,X]
[88,F,0.139648,00000001,13.9648,X]
[89,F,0.154297,00000001,15.4297,X]
[90,F,0.15625,00000001,15.625,X]
[2,F,0.172436,11111100,17.2436,X]
[3,F,0.195873,11111100,19.5873,X]
[69,F,0.205639,00000010,20.5639,X]
[70,F,0.221264,00000010,22.1264,X]
[4,F,0.249584,11111100,24.9584,X]
[91,F,0.257812,00000001,25.7812,X]
[5,F,0.25935,11111100,25.935,X]
[92,F,0.259766,00000001,25.9766,X]
[71,F,0.26228,00000010,26.228,X]
[93,F,0.28125,00000001,28.125,X]
[72,F,0.286694,00000010,28.6694,X]
[6,F,0.286694,11111100,28.6694,X]
[7,F,0.306225,11111100,30.6225,X]
[73,F,0.310131,00000010,31.0131,X]
[74,F,0.334545,00000010,33.4545,X]
[94,F,0.341797,00000001,34.1797,X]
[95,F,0.349609,00000001,34.9609,X]
[75,F,0.371655,00000010,37.1655,X]
[76,F,0.377514,00000010,37.7514,X]
[8,F,0.389389,11111000,38.9389,X]
[77,F,0.391186,00000010,39.1186,X]
[78,F,0.414623,00000010,41.4623,X]
[96,F,0.416016,00000001,41.6016,X]
[97,F,0.419922,00000001,41.9922,X]
[79,F,0.429272,00000010,42.9272,X]
[98,F,0.44043,00000001,44.043,X]
[57,F,0.445053,00000100,44.5053,X]
[9,F,0.459702,11111000,45.9702,X]
[80,F,0.462475,00000010,46.2475,X]
[42,F,0.513036,00001000,51.3036,X]
[99,F,0.513672,00000001,51.3672,X]
[100,F,0.525391,00000001,52.5391,X]
[101,F,0.52832,00000001,52.832,X]
[102,F,0.539062,00000001,53.9062,X]
[103,F,0.541016,00000001,54.1016,X]
[10,F,0.544286,11110000,54.4286,X]
[58,F,0.556381,00000100,55.6381,X]
[59,F,0.573959,00000100,57.3959,X]
[43,F,0.576512,00001000,57.6512,X]
[104,F,0.581055,00000001,58.1055,X]
[60,F,0.588608,00000100,58.8608,X]
[44,F,0.59702,00001000,59.702,X]
[105,F,0.606445,00000001,60.6445,X]
[45,F,0.612645,00001000,61.2645,X]
[81,F,0.613842,00000010,61.3842,X]
[82,F,0.614819,00000010,61.4819,X]
[11,F,0.624731,11100000,62.4731,X]
[31,F,0.626684,00010000,62.6684,X]
[61,F,0.628647,00000100,62.8647,X]
[106,F,0.633789,00000001,63.3789,X]
[107,F,0.642578,00000001,64.2578,X]
[32,F,0.653052,00010000,65.3052,X]
[33,F,0.663794,00010000,66.3794,X]
[108,F,0.694336,00000001,69.4336,X]
[109,F,0.701172,00000001,70.1172,X]
[46,F,0.707372,00001000,70.7372,X]
[12,F,0.711489,11000000,71.1489,X]
[34,F,0.714575,00010000,71.4575,X]
[47,F,0.718114,00001000,71.8114,X]
[35,F,0.72727,00010000,72.727,X]
[62,F,0.729233,00000100,72.9233,X]
[21,F,0.731997,00100000,73.1997,X]
[13,F,0.73688,11000000,73.688,X]
[36,F,0.748755,00010000,74.8755,X]
[110,F,0.749023,00000001,74.9023,X]
[14,F,0.753481,11000000,75.3481,X]
[15,F,0.764223,11000000,76.4223,X]
[63,F,0.765366,00000100,76.5366,X]
[111,F,0.773438,00000001,77.3438,X]
[48,F,0.781591,00001000,78.1591,X]
[112,F,0.788086,00000001,78.8086,X]
[16,F,0.791567,11000000,79.1567,X]
[64,F,0.791733,00000100,79.1733,X]
[49,F,0.793309,00001000,79.3309,X]
[113,F,0.797852,00000001,79.7852,X]
[114,F,0.800781,00000001,80.0781,X]
[115,F,0.810547,00000001,81.0547,X]
[65,F,0.817123,00000100,81.7123,X]
[50,F,0.820653,00001000,82.0653,X]
[17,F,0.828677,11000000,82.8677,X]
[22,F,0.834536,00100000,83.4536,X]
[37,F,0.845434,00010000,84.5434,X]
[66,F,0.847397,00000100,84.7397,X]
[18,F,0.851137,11000000,85.1137,X]
[23,F,0.852114,00100000,85.2114,X]
[24,F,0.854067,00100000,85.4067,X]
[25,F,0.856997,00100000,85.6997,X]
[51,F,0.858739,00001000,85.8739,X]
[19,F,0.859927,11000000,85.9927,X]
[116,F,0.864258,00000001,86.4258,X]
[26,F,0.865786,00100000,86.5786,X]
[83,F,0.879467,00000010,87.9467,X]
[117,F,0.883789,00000001,88.3789,X]
[84,F,0.88728,00000010,88.728,X]
[118,F,0.887695,00000001,88.7695,X]
[52,F,0.889989,00001000,88.9989,X]
[119,F,0.893555,00000001,89.3555,X]
[27,F,0.894106,00100000,89.4106,X]
[53,F,0.895848,00001000,89.5848,X]
[67,F,0.899155,00000100,89.9155,X]
[28,F,0.899966,00100000,89.9966,X]
[120,F,0.910156,00000001,91.0156,X]
[121,F,0.913086,00000001,91.3086,X]
[85,F,0.916577,00000010,91.6577,X]
[38,F,0.919653,00010000,91.9653,X]
[54,F,0.925145,00001000,92.5145,X]
[55,F,0.94077,00001000,94.077,X]
[56,F,0.947606,00001000,94.7606,X]
[39,F,0.955786,00010000,95.5786,X]
[29,F,0.958559,00100000,95.8559,X]
[122,F,0.960938,00000001,96.0938,X]
[40,F,0.961645,00010000,96.1645,X]
[123,F,0.961914,00000001,96.1914,X]
[124,F,0.974609,00000001,97.4609,X]
[30,F,0.975161,00100000,97.5161,X]
[20,F,0.991839,10000000,99.1839,X]
[41,F,0.997778,00010000,99.7778,X]
[68,F,0.997788,00000100,99.7788,X]
GUIDE_TREE_PARTITION1=(((((((t1:4.82,t2:4.82):31.16,t3:35.98):3.5,t4:39.48):9.9,t5:49.38):12.56,t6:61.94):21.5,t7:83.44):16.56,t8:100);
