Taxa bit representation:
t1 10000000
t2 01000000
t3 00100000
t4 00010000
t5 00001000
t6 00000100
t7 00000010
t8 00000001
Clade List (<taxon members> = <clade name>): 

>Dataset_0
[38,F,0.00976562,00001111,0.976562,X]
[0,F,0.0117188,11110000,1.17188,X]
[39,F,0.0185547,00001111,1.85547,X]
[1,F,0.0263672,11110000,2.63672,X]
[40,F,0.0625,00001111,6.25,X]
[41,F,0.0703125,00001111,7.03125,X]
[42,F,0.106445,00001111,10.6445,X]
[2,F,0.118164,11110000,11.8164,X]
[3,F,0.142578,11110000,14.2578,X]
[4,F,0.148438,11110000,14.8438,X]
[43,F,0.166992,00001111,16.6992,X]
[5,F,0.196289,11110000,19.6289,X]
[6,F,0.205078,11110000,20.5078,X]
[44,F,0.205078,00001111,20.5078,X]
[45,F,0.233398,00001111,23.3398,X]
[7,F,0.246094,11110000,24.6094,X]
[46,F,0.250977,00001111,25.0977,X]
[8,F,0.260742,11110000,26.0742,X]
[47,F,0.27832,00001111,27.832,X]
[9,F,0.290039,11110000,29.0039,X]
[48,F,0.305664,00001111,30.5664,X]
[49,F,0.317383,00001111,31.7383,X]
[50,F,0.339844,00001111,33.9844,X]
[10,F,0.347656,11110000,34.7656,X]
[11,F,0.411133,11110000,41.1133,X]
[12,F,0.456055,11110000,45.6055,X]
[51,F,0.470703,00001111,47.0703,X]
[13,F,0.487305,11110000,48.7305,X]
[52,F,0.490325,00001100,49.0325,X]
[14,F,0.505859,11110000,50.5859,X]
[53,F,0.546966,00001100,54.6966,X]
[68,F,0.578216,00000011,57.8216,X]
[69,F,0.60263,00000011,60.263,X]
[15,F,0.612305,11110000,61.2305,X]
[54,F,0.637786,00001100,63.7786,X]
[55,F,0.645598,00001100,64.5598,X]
[16,F,0.662109,11110000,66.2109,X]
[17,F,0.677259,11000000,67.7259,X]
[56,F,0.679277,00001000,67.9277,X]
[70,F,0.681731,00000011,68.1731,X]
[25,F,0.687819,00100000,68.7819,X]
[26,F,0.699538,00100000,69.9537,X]
[30,F,0.713209,00010000,71.3209,X]
[62,F,0.719316,00000100,71.9316,X]
[27,F,0.731764,00100000,73.1764,X]
[63,F,0.732011,00000100,73.2011,X]
[64,F,0.73787,00000100,73.787,X]
[57,F,0.738847,00001000,73.8847,X]
[58,F,0.751542,00001000,75.1542,X]
[71,F,0.752044,00000011,75.2044,X]
[31,F,0.764967,00010000,76.4967,X]
[18,F,0.810072,11000000,81.0072,X]
[32,F,0.810866,00010000,81.0866,X]
[33,F,0.821608,00010000,82.1608,X]
[19,F,0.836439,11000000,83.6439,X]
[65,F,0.846269,00000100,84.6269,X]
[20,F,0.853366,10000000,85.3366,X]
[21,F,0.868991,10000000,86.8991,X]
[23,F,0.878756,01000000,87.8756,X]
[59,F,0.881425,00001000,88.1425,X]
[60,F,0.89412,00001000,89.412,X]
[66,F,0.89412,00000100,89.412,X]
[34,F,0.895827,00010000,89.5827,X]
[61,F,0.907792,00001000,90.7792,X]
[72,F,0.90927,00000011,90.927,X]
[35,F,0.916334,00010000,91.6334,X]
[67,F,0.93123,00000100,93.123,X]
[24,F,0.958834,01000000,95.8834,X]
[36,F,0.96028,00010000,96.028,X]
[73,F,0.962589,00000010,96.2589,X]
[28,F,0.965163,00100000,96.5162,X]
[29,F,0.971022,00100000,97.1022,X]
[37,F,0.983717,00010000,98.3717,X]
[22,F,0.994967,10000000,99.4967,X]
GUIDE_TREE_PARTITION1=(((t1:15.64,t2:15.64):17.22,(t3:32.39,t4:32.39):0.47):67.14,((t5:32.17,t6:32.17):20.36,(t7:4.62,t8:4.62):47.91):47.47);
