Taxa bit representation:
t1 10000000
t2 01000000
t3 00100000
t4 00010000
t5 00001000
t6 00000100
t7 00000010
t8 00000001
Clade List (<taxon members> = <clade name>): 

>Dataset_0
[11,F,0.0810547,00001111,8.10547,X]
[0,F,0.119141,11110000,11.9141,X]
[8,F,0.238275,00110000,23.8275,X]
[12,F,0.309113,00001100,30.9113,X]
[10,F,0.365953,00010000,36.5953,X]
[1,F,0.390434,10000000,39.0434,X]
[2,F,0.407036,10000000,40.7036,X]
[4,F,0.605278,01000000,60.5278,X]
[3,F,0.703911,10000000,70.3911,X]
[13,F,0.716339,00001100,71.6339,X]
[5,F,0.831841,01000000,83.1841,X]
[6,F,0.850395,01000000,85.0395,X]
[14,F,0.880402,00000011,88.0402,X]
[9,F,0.893297,00100000,89.3297,X]
[7,F,0.927544,01000000,92.7544,X]
GUIDE_TREE_PARTITION1=(((t1:78.73,t2:78.73):2.13,(t3:69.85,t4:69.85):11.01):19.14,((t5:6.29,t6:6.29):63.58,(t7:2.68,t8:2.68):67.19):30.13);
