Taxa bit representation:
t1 10000000
t2 01000000
t3 00100000
t4 00010000
t5 00001000
t6 00000100
t7 00000010
t8 00000001
Clade List (<taxon members> = <clade name>): 

>Dataset_0
[92,F,0.0107422,00000001,1.07422,X]
[0,F,0.0244141,11111110,2.44141,X]
[93,F,0.0869141,00000001,8.69141,X]
[69,F,0.122702,00000010,12.2702,X]
[70,F,0.124655,00000010,12.4655,X]
[1,F,0.124655,11111100,12.4655,X]
[94,F,0.135742,00000001,13.5742,X]
[71,F,0.153952,00000010,15.3952,X]
[2,F,0.166819,11111000,16.6819,X]
[3,F,0.172678,11111000,17.2678,X]
[95,F,0.180664,00000001,18.0664,X]
[4,F,0.198069,11111000,19.8069,X]
[96,F,0.209961,00000001,20.9961,X]
[97,F,0.217773,00000001,21.7773,X]
[98,F,0.21875,00000001,21.875,X]
[99,F,0.234375,00000001,23.4375,X]
[100,F,0.24707,00000001,24.707,X]
[5,F,0.26222,11110000,26.222,X]
[55,F,0.273264,00000100,27.3264,X]
[101,F,0.283203,00000001,28.3203,X]
[37,F,0.284681,00001000,28.4681,X]
[102,F,0.291992,00000001,29.1992,X]
[103,F,0.294922,00000001,29.4922,X]
[104,F,0.303711,00000001,30.3711,X]
[38,F,0.305189,00001000,30.5189,X]
[72,F,0.306295,00000010,30.6295,X]
[6,F,0.309095,11110000,30.9095,X]
[73,F,0.328756,00000010,32.8756,X]
[105,F,0.329102,00000001,32.9102,X]
[7,F,0.331556,11110000,33.1556,X]
[8,F,0.350111,11110000,35.0111,X]
[9,F,0.356947,11110000,35.6947,X]
[106,F,0.358398,00000001,35.8398,X]
[39,F,0.366712,00001000,36.6713,X]
[40,F,0.368666,00001000,36.8666,X]
[107,F,0.384766,00000001,38.4766,X]
[10,F,0.385267,11110000,38.5267,X]
[41,F,0.386244,00001000,38.6244,X]
[108,F,0.386719,00000001,38.6719,X]
[109,F,0.408203,00000001,40.8203,X]
[110,F,0.416992,00000001,41.6992,X]
[111,F,0.418945,00000001,41.8945,X]
[112,F,0.423828,00000001,42.3828,X]
[42,F,0.433119,00001000,43.3119,X]
[74,F,0.438131,00000010,43.8131,X]
[43,F,0.439955,00001000,43.9955,X]
[75,F,0.44985,00000010,44.985,X]
[56,F,0.472483,00000100,47.2483,X]
[76,F,0.488912,00000010,48.8912,X]
[11,F,0.490736,11110000,49.0736,X]
[12,F,0.500502,11110000,50.0502,X]
[57,F,0.509592,00000100,50.9592,X]
[44,F,0.522962,00001000,52.2963,X]
[45,F,0.532728,00001000,53.2728,X]
[13,F,0.542494,11110000,54.2494,X]
[14,F,0.54347,11110000,54.347,X]
[77,F,0.549459,00000010,54.9459,X]
[15,F,0.550306,11110000,55.0306,X]
[46,F,0.563978,00001000,56.3978,X]
[47,F,0.570814,00001000,57.0814,X]
[16,F,0.571791,11110000,57.1791,X]
[78,F,0.57485,00000010,57.485,X]
[79,F,0.582662,00000010,58.2662,X]
[113,F,0.584961,00000001,58.4961,X]
[80,F,0.587545,00000010,58.7545,X]
[81,F,0.594381,00000010,59.4381,X]
[114,F,0.594727,00000001,59.4727,X]
[115,F,0.595703,00000001,59.5703,X]
[48,F,0.606947,00001000,60.6947,X]
[17,F,0.621595,11110000,62.1595,X]
[58,F,0.624827,00000100,62.4827,X]
[49,F,0.625502,00001000,62.5502,X]
[82,F,0.649069,00000010,64.9069,X]
[59,F,0.6551,00000100,65.51,X]
[60,F,0.65803,00000100,65.803,X]
[116,F,0.661133,00000001,66.1133,X]
[117,F,0.666992,00000001,66.6992,X]
[118,F,0.675781,00000001,67.5781,X]
[30,F,0.707259,00010000,70.7259,X]
[18,F,0.712142,11100000,71.2142,X]
[119,F,0.713867,00000001,71.3867,X]
[50,F,0.715345,00001000,71.5345,X]
[51,F,0.723158,00001000,72.3158,X]
[19,F,0.758041,11100000,75.8041,X]
[83,F,0.766256,00000010,76.6256,X]
[20,F,0.772689,11100000,77.2689,X]
[31,F,0.782455,00010000,78.2455,X]
[61,F,0.78303,00000100,78.303,X]
[84,F,0.79067,00000010,79.067,X]
[120,F,0.801758,00000001,80.1758,X]
[85,F,0.803366,00000010,80.3366,X]
[21,F,0.807845,11100000,80.7845,X]
[52,F,0.812025,00001000,81.2025,X]
[62,F,0.820139,00000100,82.0139,X]
[22,F,0.825423,11100000,82.5423,X]
[53,F,0.826673,00001000,82.6673,X]
[63,F,0.830881,00000100,83.0881,X]
[64,F,0.838694,00000100,83.8694,X]
[32,F,0.840072,00010000,84.0072,X]
[121,F,0.842773,00000001,84.2773,X]
[86,F,0.846334,00000010,84.6334,X]
[87,F,0.847311,00000010,84.7311,X]
[23,F,0.861556,11100000,86.1556,X]
[122,F,0.865234,00000001,86.5234,X]
[33,F,0.869369,00010000,86.9369,X]
[123,F,0.871094,00000001,87.1094,X]
[34,F,0.886947,00010000,88.6947,X]
[65,F,0.909983,00000100,90.9983,X]
[88,F,0.917623,00000010,91.7623,X]
[26,F,0.918461,00100000,91.8461,X]
[54,F,0.927259,00001000,92.7259,X]
[27,F,0.931156,00100000,93.1156,X]
[124,F,0.932617,00000001,93.2617,X]
[35,F,0.936752,00010000,93.6752,X]
[89,F,0.937155,00000010,93.7155,X]
[90,F,0.943991,00000010,94.3991,X]
[66,F,0.945139,00000100,94.5139,X]
[91,F,0.945944,00000010,94.5944,X]
[125,F,0.946289,00000001,94.6289,X]
[28,F,0.954594,00100000,95.4594,X]
[126,F,0.963867,00000001,96.3867,X]
[29,F,0.970219,00100000,97.0219,X]
[67,F,0.976389,00000100,97.6389,X]
[36,F,0.97972,00010000,97.972,X]
[68,F,0.986155,00000100,98.6155,X]
[24,F,0.986213,10000000,98.6213,X]
[25,F,0.996955,10000000,99.6955,X]
GUIDE_TREE_PARTITION1=(((((((t1:2.16,t2:2.16):8.24,t3:10.4):19.46,t4:29.86):46.75,t5:76.61):7.88,t6:84.49):4.9,t7:89.39):10.61,t8:100);
