Taxa bit representation:
t1 10000000
t2 01000000
t3 00100000
t4 00010000
t5 00001000
t6 00000100
t7 00000010
t8 00000001
Clade List (<taxon members> = <clade name>): 

>Dataset_0
[0,F,0.0117188,11111100,1.17188,X]
[1,F,0.0136719,11111100,1.36719,X]
[50,F,0.0817766,00001100,8.17766,X]
[89,F,0.0878906,00000011,8.78906,X]
[2,F,0.0886125,11110000,8.86125,X]
[51,F,0.0915422,00001100,9.15422,X]
[3,F,0.0983781,11110000,9.83781,X]
[4,F,0.0993547,11110000,9.93547,X]
[5,F,0.102284,11110000,10.2284,X]
[90,F,0.137695,00000011,13.7695,X]
[91,F,0.162109,00000011,16.2109,X]
[6,F,0.166737,11110000,16.6737,X]
[7,F,0.194081,11110000,19.4081,X]
[92,F,0.207031,00000011,20.7031,X]
[74,F,0.208003,00000100,20.8003,X]
[52,F,0.211909,00001000,21.1909,X]
[93,F,0.225586,00000011,22.5586,X]
[94,F,0.230469,00000011,23.0469,X]
[95,F,0.234375,00000011,23.4375,X]
[53,F,0.239253,00001000,23.9253,X]
[75,F,0.244136,00000100,24.4136,X]
[76,F,0.249019,00000100,24.9019,X]
[54,F,0.252925,00001000,25.2925,X]
[55,F,0.262691,00001000,26.2691,X]
[114,F,0.26723,00000001,26.723,X]
[115,F,0.272113,00000001,27.2113,X]
[96,F,0.280902,00000010,28.0902,X]
[8,F,0.285878,11110000,28.5878,X]
[116,F,0.299456,00000001,29.9456,X]
[77,F,0.311519,00000100,31.1519,X]
[56,F,0.316402,00001000,31.6402,X]
[9,F,0.320467,11100000,32.0467,X]
[97,F,0.328753,00000010,32.8753,X]
[98,F,0.332659,00000010,33.2659,X]
[57,F,0.342769,00001000,34.2769,X]
[78,F,0.361323,00000100,36.1323,X]
[79,F,0.363277,00000100,36.3277,X]
[36,F,0.369295,00010000,36.9295,X]
[80,F,0.372066,00000100,37.2066,X]
[99,F,0.380511,00000010,38.0511,X]
[117,F,0.381488,00000001,38.1488,X]
[58,F,0.383784,00001000,38.3784,X]
[37,F,0.398592,00010000,39.8592,X]
[10,F,0.410311,11100000,41.0311,X]
[38,F,0.411287,00010000,41.1287,X]
[11,F,0.435702,11100000,43.5702,X]
[100,F,0.446917,00000010,44.6917,X]
[81,F,0.455073,00000100,45.5073,X]
[118,F,0.462542,00000001,46.2542,X]
[59,F,0.463863,00001000,46.3863,X]
[119,F,0.465472,00000001,46.5472,X]
[12,F,0.465975,11100000,46.5975,X]
[82,F,0.469722,00000100,46.9722,X]
[101,F,0.493792,00000010,49.3792,X]
[13,F,0.51285,11100000,51.285,X]
[39,F,0.549959,00010000,54.9959,X]
[83,F,0.558589,00000100,55.8589,X]
[14,F,0.560702,11100000,56.0702,X]
[102,F,0.570941,00000010,57.0941,X]
[103,F,0.578753,00000010,57.8753,X]
[40,F,0.599764,00010000,59.9764,X]
[60,F,0.605464,00001000,60.5464,X]
[84,F,0.610347,00000100,61.0347,X]
[104,F,0.61098,00000010,61.098,X]
[41,F,0.631991,00010000,63.1991,X]
[15,F,0.63492,11100000,63.492,X]
[105,F,0.63637,00000010,63.637,X]
[120,F,0.640277,00000001,64.0277,X]
[42,F,0.644686,00010000,64.4686,X]
[43,F,0.651522,00010000,65.1522,X]
[16,F,0.652498,11100000,65.2498,X]
[17,F,0.663241,11100000,66.3241,X]
[61,F,0.676753,00001000,67.6753,X]
[106,F,0.681292,00000010,68.1292,X]
[85,F,0.683589,00000100,68.3589,X]
[44,F,0.724764,00010000,72.4764,X]
[62,F,0.741206,00001000,74.1206,X]
[31,F,0.746992,00100000,74.6992,X]
[18,F,0.75702,10000000,75.702,X]
[121,F,0.766253,00000001,76.6253,X]
[86,F,0.77148,00000100,77.148,X]
[22,F,0.771669,01000000,77.1669,X]
[23,F,0.785341,01000000,78.5341,X]
[45,F,0.786288,00010000,78.6287,X]
[46,F,0.788241,00010000,78.8241,X]
[32,F,0.797773,00100000,79.7773,X]
[87,F,0.806636,00000100,80.6636,X]
[107,F,0.822894,00000010,82.2894,X]
[122,F,0.8268,00000001,82.68,X]
[63,F,0.836909,00001000,83.6909,X]
[64,F,0.841792,00001000,84.1792,X]
[108,F,0.844378,00000010,84.4378,X]
[65,F,0.851558,00001000,85.1558,X]
[24,F,0.855653,01000000,85.5653,X]
[109,F,0.864886,00000010,86.4886,X]
[123,F,0.882464,00000001,88.2464,X]
[66,F,0.883784,00001000,88.3784,X]
[19,F,0.883973,10000000,88.3973,X]
[88,F,0.888667,00000100,88.8667,X]
[67,F,0.894527,00001000,89.4527,X]
[20,F,0.903505,10000000,90.3505,X]
[68,F,0.904292,00001000,90.4292,X]
[47,F,0.905428,00010000,90.5428,X]
[33,F,0.907148,00100000,90.7148,X]
[25,F,0.908388,01000000,90.8388,X]
[69,F,0.917964,00001000,91.7964,X]
[70,F,0.923823,00001000,92.3823,X]
[71,F,0.92773,00001000,92.773,X]
[34,F,0.928633,00100000,92.8633,X]
[48,F,0.928866,00010000,92.8866,X]
[110,F,0.933245,00000010,93.3245,X]
[26,F,0.934755,01000000,93.4755,X]
[21,F,0.935731,10000000,93.5731,X]
[111,F,0.939105,00000010,93.9105,X]
[112,F,0.942034,00000010,94.2034,X]
[124,F,0.94887,00000001,94.887,X]
[35,F,0.951094,00100000,95.1094,X]
[49,F,0.955233,00010000,95.5233,X]
[27,F,0.955263,01000000,95.5263,X]
[113,F,0.956683,00000010,95.6683,X]
[28,F,0.959169,01000000,95.9169,X]
[125,F,0.962542,00000001,96.2542,X]
[126,F,0.964495,00000001,96.4495,X]
[29,F,0.97577,01000000,97.577,X]
[72,F,0.976558,00001000,97.6558,X]
[127,F,0.985003,00000001,98.5003,X]
[30,F,0.991395,01000000,99.1395,X]
[73,F,0.995113,00001000,99.5113,X]
GUIDE_TREE_PARTITION1=(((((t1:27.13,t2:27.13):2.37,t3:29.5):41.09,t4:70.59):21.33,(t5:82.52,t6:82.52):9.4):8.08,(t7:73.57,t8:73.57):26.43);
