Taxa bit representation:
t1 10000000
t2 01000000
t3 00100000
t4 00010000
t5 00001000
t6 00000100
t7 00000010
t8 00000001
Clade List (<taxon members> = <clade name>): 

>Dataset_0
[0,F,0.0273437,11111110,2.73437,X]
[9,F,0.159672,00000100,15.9672,X]
[10,F,0.182133,00000100,18.2133,X]
[11,F,0.219242,00000100,21.9242,X]
[1,F,0.223148,11111000,22.3148,X]
[22,F,0.419922,00000001,41.9922,X]
[23,F,0.430664,00000001,43.0664,X]
[12,F,0.432133,00000100,43.2133,X]
[19,F,0.449937,00000010,44.9937,X]
[13,F,0.477055,00000100,47.7055,X]
[14,F,0.592289,00000100,59.2289,X]
[2,F,0.632158,11110000,63.2158,X]
[20,F,0.649156,00000010,64.9156,X]
[15,F,0.681156,00000100,68.1156,X]
[16,F,0.691898,00000100,69.1898,X]
[5,F,0.73523,00010000,73.523,X]
[24,F,0.793945,00000001,79.3945,X]
[3,F,0.795777,11100000,79.5777,X]
[8,F,0.803056,00001000,80.3056,X]
[6,F,0.808472,00010000,80.8472,X]
[17,F,0.810062,00000100,81.0062,X]
[25,F,0.832031,00000001,83.2031,X]
[18,F,0.906742,00000100,90.6742,X]
[4,F,0.928972,00100000,92.8972,X]
[7,F,0.941284,00010000,94.1284,X]
[26,F,0.990234,00000001,99.0234,X]
[21,F,0.994859,00000010,99.4859,X]
GUIDE_TREE_PARTITION1=(((((((t1:5.72,t2:5.72):2.75,t3:8.47):24.55,t4:33.02):15.19,t5:48.21):43.44,t6:91.65):3.2,t7:94.85):5.15,t8:100);
