Taxa bit representation:
t1 10000000
t2 01000000
t3 00100000
t4 00010000
t5 00001000
t6 00000100
t7 00000010
t8 00000001
Clade List (<taxon members> = <clade name>): 

>Dataset_0
[59,F,0.116005,00000001,11.6005,X]
[0,F,0.140625,11111100,14.0625,X]
[1,F,0.145508,11111100,14.5508,X]
[2,F,0.155273,11111100,15.5273,X]
[60,F,0.18827,00000001,18.827,X]
[61,F,0.1912,00000001,19.12,X]
[46,F,0.19413,00000010,19.413,X]
[47,F,0.258583,00000010,25.8583,X]
[48,F,0.320106,00000010,32.0106,X]
[3,F,0.34082,11111100,34.082,X]
[49,F,0.34745,00000010,34.745,X]
[50,F,0.367958,00000010,36.7958,X]
[51,F,0.385536,00000010,38.5536,X]
[4,F,0.387666,11100000,38.7666,X]
[52,F,0.403114,00000010,40.3114,X]
[53,F,0.421669,00000010,42.1669,X]
[5,F,0.428473,11000000,42.8473,X]
[62,F,0.44413,00000001,44.413,X]
[34,F,0.454514,00001100,45.4514,X]
[25,F,0.464814,00010000,46.4814,X]
[35,F,0.478928,00001100,47.8928,X]
[26,F,0.482392,00010000,48.2392,X]
[36,F,0.482834,00001100,48.2834,X]
[10,F,0.486144,01000000,48.6144,X]
[6,F,0.489073,10000000,48.9073,X]
[27,F,0.514619,00010000,51.4619,X]
[7,F,0.515441,10000000,51.5441,X]
[11,F,0.520323,01000000,52.0323,X]
[12,F,0.525206,01000000,52.5206,X]
[28,F,0.528291,00010000,52.8291,X]
[41,F,0.539202,00000100,53.9202,X]
[13,F,0.543761,01000000,54.3761,X]
[54,F,0.546669,00000010,54.6669,X]
[55,F,0.558388,00000010,55.8388,X]
[37,F,0.558733,00001000,55.8733,X]
[14,F,0.595519,01000000,59.5519,X]
[29,F,0.607392,00010000,60.7392,X]
[15,F,0.621886,01000000,62.1886,X]
[56,F,0.693153,00000010,69.3153,X]
[20,F,0.697028,00100000,69.7028,X]
[8,F,0.700987,10000000,70.0987,X]
[42,F,0.712053,00000100,71.2053,X]
[30,F,0.712861,00010000,71.2861,X]
[38,F,0.727678,00001000,72.7678,X]
[43,F,0.743303,00000100,74.3303,X]
[16,F,0.752745,01000000,75.2745,X]
[57,F,0.767372,00000010,76.7372,X]
[39,F,0.76967,00001000,76.967,X]
[31,F,0.792939,00010000,79.2939,X]
[63,F,0.804481,00000001,80.4481,X]
[21,F,0.809333,00100000,80.9333,X]
[44,F,0.816545,00000100,81.6545,X]
[32,F,0.822236,00010000,82.2236,X]
[40,F,0.825334,00001000,82.5334,X]
[17,F,0.843566,01000000,84.3566,X]
[18,F,0.856261,01000000,85.6261,X]
[22,F,0.859137,00100000,85.9137,X]
[33,F,0.879853,00010000,87.9853,X]
[9,F,0.903136,10000000,90.3136,X]
[64,F,0.911903,00000001,91.1903,X]
[23,F,0.918708,00100000,91.8708,X]
[45,F,0.939592,00000100,93.9592,X]
[58,F,0.946083,00000010,94.6083,X]
[19,F,0.983214,01000000,98.3214,X]
[24,F,0.998786,00100000,99.8786,X]
GUIDE_TREE_PARTITION1=(((((t1:54.12,t2:54.12):6.06,t3:60.18):2.03,t4:62.21):1.03,(t5:47.74,t6:47.74):15.5):36.76,(t7:93.38,t8:93.38):6.62);
