Taxa bit representation:
t1 10000000
t2 01000000
t3 00100000
t4 00010000
t5 00001000
t6 00000100
t7 00000010
t8 00000001
Clade List (<taxon members> = <clade name>): 

>Dataset_0
[5,F,0.0488281,00001111,4.88281,X]
[6,F,0.245377,00001100,24.5377,X]
[16,F,0.269919,00000001,26.9919,X]
[0,F,0.367187,11110000,36.7187,X]
[7,F,0.423111,00001100,42.3111,X]
[8,F,0.449478,00001100,44.9478,X]
[2,F,0.456356,00110000,45.6356,X]
[17,F,0.481833,00000001,48.1833,X]
[14,F,0.532614,00000010,53.2614,X]
[18,F,0.56777,00000001,56.777,X]
[9,F,0.643981,00001000,64.3981,X]
[10,F,0.663513,00000100,66.3513,X]
[1,F,0.686153,10000000,68.6153,X]
[3,F,0.789364,00110000,78.9364,X]
[11,F,0.793395,00000100,79.3395,X]
[15,F,0.821677,00000010,82.1677,X]
[12,F,0.824645,00000100,82.4645,X]
[13,F,0.87738,00000100,87.738,X]
[19,F,0.929098,00000001,92.9098,X]
[4,F,0.975887,00110000,97.5887,X]
GUIDE_TREE_PARTITION1=(((t1:44.08,t2:44.08):13.8,(t3:0.66,t4:0.66):57.22):42.12,((t5:40.68,t6:40.68):41.13,(t7:80.43,t8:80.43):1.38):18.19);
