Taxa bit representation:
t1 10000000
t2 01000000
t3 00100000
t4 00010000
t5 00001000
t6 00000100
t7 00000010
t8 00000001
Clade List (<taxon members> = <clade name>): 

>Dataset_0
[0,F,0.0166016,11110000,1.66016,X]
[8,F,0.0957031,00001111,9.57031,X]
[9,F,0.184625,00001100,18.4625,X]
[1,F,0.345561,10000000,34.5561,X]
[15,F,0.348688,00000011,34.8688,X]
[10,F,0.360406,00001100,36.0406,X]
[4,F,0.366069,01000000,36.6069,X]
[5,F,0.463725,01000000,46.3725,X]
[12,F,0.475628,00000100,47.5628,X]
[13,F,0.490277,00000100,49.0277,X]
[14,F,0.605511,00000100,60.5511,X]
[16,F,0.648288,00000010,64.8287,X]
[2,F,0.711772,10000000,71.1772,X]
[18,F,0.757663,00000001,75.7662,X]
[19,F,0.759616,00000001,75.9616,X]
[7,F,0.774366,00110000,77.4366,X]
[3,F,0.85142,10000000,85.142,X]
[6,F,0.864116,01000000,86.4116,X]
[20,F,0.886569,00000001,88.6569,X]
[17,F,0.925631,00000010,92.5631,X]
[11,F,0.987347,00001000,98.7347,X]
GUIDE_TREE_PARTITION1=(((t1:67.69,t2:67.69):5.85,(t3:20.7,t4:20.7):52.84):26.46,((t5:63.57,t6:63.57):25.78,(t7:40.64,t8:40.64):48.71):10.65);
