Taxa bit representation:
t1 10000000
t2 01000000
t3 00100000
t4 00010000
t5 00001000
t6 00000100
t7 00000010
t8 00000001
Clade List (<taxon members> = <clade name>): 

>Dataset_0
[91,F,0.0341797,00000001,3.41797,X]
[0,F,0.0664062,11111110,6.64062,X]
[92,F,0.0693359,00000001,6.93359,X]
[93,F,0.12793,00000001,12.793,X]
[94,F,0.132812,00000001,13.2812,X]
[1,F,0.134297,11111100,13.4297,X]
[95,F,0.151367,00000001,15.1367,X]
[2,F,0.162617,11111100,16.2617,X]
[75,F,0.192891,00000010,19.2891,X]
[53,F,0.218131,00000100,21.8131,X]
[96,F,0.219727,00000001,21.9727,X]
[3,F,0.221395,11110000,22.1395,X]
[40,F,0.229208,00001000,22.9208,X]
[54,F,0.230827,00000100,23.0827,X]
[41,F,0.251669,00001000,25.1669,X]
[55,F,0.254264,00000100,25.4264,X]
[4,F,0.263387,11110000,26.3388,X]
[5,F,0.273153,11110000,27.3153,X]
[76,F,0.277852,00000010,27.7852,X]
[77,F,0.280781,00000010,28.0781,X]
[56,F,0.283561,00000100,28.3561,X]
[97,F,0.294922,00000001,29.4922,X]
[98,F,0.34668,00000001,34.668,X]
[78,F,0.354023,00000010,35.4023,X]
[57,F,0.362662,00000100,36.2662,X]
[58,F,0.367545,00000100,36.7545,X]
[99,F,0.392578,00000001,39.2578,X]
[79,F,0.396016,00000010,39.6016,X]
[59,F,0.399772,00000100,39.9772,X]
[6,F,0.409872,11110000,40.9872,X]
[100,F,0.419922,00000001,41.9922,X]
[60,F,0.424186,00000100,42.4186,X]
[7,F,0.426473,11110000,42.6473,X]
[42,F,0.429403,00001000,42.9403,X]
[43,F,0.446981,00001000,44.6981,X]
[44,F,0.454794,00001000,45.4794,X]
[61,F,0.461295,00000100,46.1295,X]
[80,F,0.47707,00000010,47.707,X]
[8,F,0.50607,11100000,50.607,X]
[62,F,0.510123,00000100,51.0123,X]
[63,F,0.517936,00000100,51.7936,X]
[45,F,0.5212,00001000,52.12,X]
[101,F,0.536133,00000001,53.6133,X]
[64,F,0.556998,00000100,55.6998,X]
[29,F,0.558805,00010000,55.8805,X]
[102,F,0.560547,00000001,56.0547,X]
[30,F,0.563688,00010000,56.3687,X]
[9,F,0.566617,11100000,56.6617,X]
[81,F,0.578633,00000010,57.8633,X]
[31,F,0.594938,00010000,59.4937,X]
[82,F,0.603047,00000010,60.3047,X]
[46,F,0.603231,00001000,60.3231,X]
[10,F,0.610563,11100000,61.0562,X]
[103,F,0.615234,00000001,61.5234,X]
[47,F,0.61788,00001000,61.788,X]
[65,F,0.640983,00000100,64.0983,X]
[11,F,0.644742,11100000,64.4742,X]
[66,F,0.659537,00000100,65.9537,X]
[83,F,0.659687,00000010,65.9688,X]
[104,F,0.672852,00000001,67.2852,X]
[84,F,0.673359,00000010,67.3359,X]
[85,F,0.685078,00000010,68.5078,X]
[105,F,0.714844,00000001,71.4844,X]
[67,F,0.725944,00000100,72.5944,X]
[32,F,0.726773,00010000,72.6773,X]
[106,F,0.739258,00000001,73.9258,X]
[107,F,0.742188,00000001,74.2188,X]
[33,F,0.742398,00010000,74.2398,X]
[34,F,0.750211,00010000,75.0211,X]
[22,F,0.750766,00100000,75.0766,X]
[108,F,0.753906,00000001,75.3906,X]
[23,F,0.754672,00100000,75.4672,X]
[86,F,0.763203,00000010,76.3203,X]
[12,F,0.765414,11000000,76.5414,X]
[68,F,0.79235,00000100,79.235,X]
[48,F,0.794637,00001000,79.4638,X]
[87,F,0.800312,00000010,80.0312,X]
[35,F,0.801969,00010000,80.1969,X]
[88,F,0.811055,00000010,81.1055,X]
[24,F,0.819125,00100000,81.9125,X]
[49,F,0.821981,00001000,82.1981,X]
[69,F,0.832389,00000100,83.2389,X]
[17,F,0.832753,01000000,83.2753,X]
[36,F,0.838102,00010000,83.8102,X]
[25,F,0.850375,00100000,85.0375,X]
[26,F,0.857211,00100000,85.7211,X]
[37,F,0.857633,00010000,85.7633,X]
[18,F,0.858144,01000000,85.8144,X]
[19,F,0.860097,01000000,86.0097,X]
[13,F,0.863027,10000000,86.3027,X]
[20,F,0.866933,01000000,86.6933,X]
[27,F,0.877719,00100000,87.7719,X]
[38,F,0.879117,00010000,87.9117,X]
[109,F,0.883789,00000001,88.3789,X]
[89,F,0.894062,00000010,89.4062,X]
[50,F,0.904989,00001000,90.4989,X]
[28,F,0.907992,00100000,90.7992,X]
[51,F,0.909872,00001000,90.9872,X]
[90,F,0.911641,00000010,91.1641,X]
[21,F,0.919667,01000000,91.9667,X]
[70,F,0.926139,00000100,92.6139,X]
[14,F,0.942128,10000000,94.2128,X]
[52,F,0.943075,00001000,94.3075,X]
[15,F,0.946034,10000000,94.6034,X]
[110,F,0.954102,00000001,95.4102,X]
[16,F,0.9558,10000000,95.58,X]
[71,F,0.961295,00000100,96.1295,X]
[72,F,0.962272,00000100,96.2272,X]
[73,F,0.965202,00000100,96.5202,X]
[39,F,0.972867,00010000,97.2867,X]
[74,F,0.987662,00000100,98.7662,X]
GUIDE_TREE_PARTITION1=(((((((t1:16.92,t2:16.92):8.98,t3:25.9):29.45,t4:55.35):23.78,t5:79.13):1.01,t6:80.14):9.36,t7:89.5):10.5,t8:100);
