Taxa bit representation:
t1 10000000
t2 01000000
t3 00100000
t4 00010000
t5 00001000
t6 00000100
t7 00000010
t8 00000001
Clade List (<taxon members> = <clade name>): 

>Dataset_0
[37,F,0.100586,00000011,10.0586,X]
[38,F,0.263672,00000011,26.3672,X]
[0,F,0.293528,11100000,29.3528,X]
[1,F,0.309153,11100000,30.9153,X]
[20,F,0.380131,00001100,38.0131,X]
[21,F,0.382084,00001100,38.2084,X]
[22,F,0.387453,00001000,38.7453,X]
[2,F,0.390208,11100000,39.0208,X]
[23,F,0.394289,00001000,39.4289,X]
[39,F,0.40332,00000011,40.332,X]
[31,F,0.446047,00000100,44.6047,X]
[3,F,0.446848,11100000,44.6848,X]
[4,F,0.46052,11100000,46.052,X]
[5,F,0.472239,11100000,47.2239,X]
[40,F,0.476931,00000010,47.6931,X]
[15,F,0.482005,00010000,48.2005,X]
[32,F,0.514406,00000100,51.4406,X]
[24,F,0.566164,00001000,56.6164,X]
[25,F,0.569094,00001000,56.9094,X]
[33,F,0.617922,00000100,61.7922,X]
[34,F,0.642336,00000100,64.2336,X]
[12,F,0.652953,00100000,65.2953,X]
[6,F,0.656859,11000000,65.6859,X]
[26,F,0.671633,00001000,67.1633,X]
[41,F,0.677127,00000010,67.7127,X]
[42,F,0.678103,00000010,67.8103,X]
[7,F,0.700805,11000000,70.0805,X]
[43,F,0.701541,00000010,70.1541,X]
[45,F,0.7074,00000001,70.74,X]
[13,F,0.7135,00100000,71.35,X]
[27,F,0.716555,00001000,71.6555,X]
[28,F,0.739992,00001000,73.9992,X]
[44,F,0.761111,00000010,76.1111,X]
[16,F,0.802317,00010000,80.2317,X]
[8,F,0.80725,11000000,80.725,X]
[29,F,0.847414,00001000,84.7414,X]
[46,F,0.856814,00000001,85.6814,X]
[47,F,0.859744,00000001,85.9744,X]
[14,F,0.863891,00100000,86.3891,X]
[17,F,0.864817,00010000,86.4817,X]
[9,F,0.86975,11000000,86.975,X]
[48,F,0.883181,00000001,88.3181,X]
[35,F,0.887453,00000100,88.7453,X]
[36,F,0.900148,00000100,90.0148,X]
[18,F,0.911692,00010000,91.1692,X]
[19,F,0.927317,00010000,92.7317,X]
[30,F,0.946047,00001000,94.6047,X]
[11,F,0.955998,01000000,95.5998,X]
[10,F,0.971623,10000000,97.1623,X]
GUIDE_TREE_PARTITION1=(((((t1:8.99,t2:8.99):25.91,t3:34.9):40.63,t4:75.53):0.91,(t5:61.45,t6:61.45):14.99):23.56,(t7:54.26,t8:54.26):45.74);
