Taxa bit representation:
t1 10000000
t2 01000000
t3 00100000
t4 00010000
t5 00001000
t6 00000100
t7 00000010
t8 00000001
Clade List (<taxon members> = <clade name>): 

>Dataset_0
[0,F,0.0234375,11110000,2.34375,X]
[48,F,0.0244141,00001111,2.44141,X]
[1,F,0.0664062,11110000,6.64062,X]
[2,F,0.0888672,11110000,8.88672,X]
[49,F,0.129883,00001111,12.9883,X]
[3,F,0.136719,11110000,13.6719,X]
[4,F,0.163086,11110000,16.3086,X]
[5,F,0.210938,11110000,21.0938,X]
[6,F,0.21875,11110000,21.875,X]
[7,F,0.223633,11110000,22.3633,X]
[8,F,0.228516,11110000,22.8516,X]
[84,F,0.273162,00000011,27.3162,X]
[50,F,0.291683,00001000,29.1683,X]
[85,F,0.297577,00000011,29.7577,X]
[9,F,0.308594,11110000,30.8594,X]
[86,F,0.310272,00000011,31.0272,X]
[51,F,0.316097,00001000,31.6097,X]
[52,F,0.320003,00001000,32.0003,X]
[10,F,0.321289,11110000,32.1289,X]
[11,F,0.334961,11110000,33.4961,X]
[87,F,0.346542,00000010,34.6542,X]
[103,F,0.349472,00000001,34.9472,X]
[104,F,0.352402,00000001,35.2402,X]
[53,F,0.362972,00001000,36.2972,X]
[12,F,0.365234,11110000,36.5234,X]
[54,F,0.386409,00001000,38.6409,X]
[88,F,0.391464,00000010,39.1464,X]
[13,F,0.394531,11110000,39.4531,X]
[105,F,0.396347,00000001,39.6347,X]
[14,F,0.398438,11110000,39.8438,X]
[55,F,0.403011,00001000,40.3011,X]
[73,F,0.403011,00000100,40.3011,X]
[106,F,0.418808,00000001,41.8808,X]
[15,F,0.422852,11110000,42.2852,X]
[16,F,0.428711,11110000,42.8711,X]
[89,F,0.448105,00000010,44.8105,X]
[90,F,0.451034,00000010,45.1034,X]
[74,F,0.468441,00000100,46.8441,X]
[75,F,0.47137,00000100,47.137,X]
[56,F,0.476253,00001000,47.6253,X]
[76,F,0.47723,00000100,47.723,X]
[91,F,0.498886,00000010,49.8886,X]
[92,F,0.499862,00000010,49.9862,X]
[17,F,0.511719,11110000,51.1719,X]
[93,F,0.515487,00000010,51.5487,X]
[107,F,0.521347,00000001,52.1347,X]
[77,F,0.528011,00000100,52.8011,X]
[18,F,0.544922,11110000,54.4922,X]
[108,F,0.546737,00000001,54.6737,X]
[109,F,0.547714,00000001,54.7714,X]
[19,F,0.56033,11000000,56.033,X]
[20,F,0.561306,11000000,56.1306,X]
[94,F,0.565292,00000010,56.5292,X]
[57,F,0.569027,00001000,56.9027,X]
[78,F,0.578792,00000100,57.8792,X]
[79,F,0.589534,00000100,58.9534,X]
[21,F,0.607205,11000000,60.7205,X]
[110,F,0.64537,00000001,64.537,X]
[80,F,0.649105,00000100,64.9105,X]
[58,F,0.652034,00001000,65.2034,X]
[95,F,0.661972,00000010,66.1972,X]
[96,F,0.671737,00000010,67.1737,X]
[111,F,0.673691,00000001,67.3691,X]
[22,F,0.67947,11000000,67.947,X]
[23,F,0.688259,11000000,68.8259,X]
[81,F,0.697933,00000100,69.7933,X]
[97,F,0.712753,00000010,71.2753,X]
[37,F,0.716748,01000000,71.6748,X]
[59,F,0.718441,00001000,71.8441,X]
[24,F,0.73042,10000000,73.042,X]
[43,F,0.731228,00110000,73.1228,X]
[60,F,0.737972,00001000,73.7972,X]
[112,F,0.741073,00000001,74.1073,X]
[61,F,0.743831,00001000,74.3831,X]
[25,F,0.759717,10000000,75.9717,X]
[26,F,0.760694,10000000,76.0694,X]
[113,F,0.762558,00000001,76.2558,X]
[62,F,0.770198,00001000,77.0198,X]
[27,F,0.771436,10000000,77.1436,X]
[63,F,0.778011,00001000,77.8011,X]
[64,F,0.780941,00001000,78.0941,X]
[65,F,0.791683,00001000,79.1683,X]
[44,F,0.795681,00110000,79.5681,X]
[114,F,0.798691,00000001,79.8691,X]
[38,F,0.79878,01000000,79.878,X]
[115,F,0.802597,00000001,80.2597,X]
[39,F,0.82417,01000000,82.417,X]
[66,F,0.826839,00001000,82.6839,X]
[98,F,0.830917,00000010,83.0917,X]
[45,F,0.833767,00110000,83.3767,X]
[99,F,0.843612,00000010,84.3612,X]
[67,F,0.845394,00001000,84.5394,X]
[82,F,0.856136,00000100,85.6136,X]
[68,F,0.865902,00001000,86.5902,X]
[28,F,0.872022,10000000,87.2022,X]
[29,F,0.876905,10000000,87.6905,X]
[30,F,0.877881,10000000,87.7881,X]
[31,F,0.878858,10000000,87.8858,X]
[69,F,0.888362,00001000,88.8362,X]
[32,F,0.890577,10000000,89.0577,X]
[47,F,0.890848,00010000,89.0848,X]
[116,F,0.892441,00000001,89.2441,X]
[33,F,0.907178,10000000,90.7178,X]
[40,F,0.910108,01000000,91.0108,X]
[117,F,0.910995,00000001,91.0995,X]
[41,F,0.924756,01000000,92.4756,X]
[100,F,0.92662,00000010,92.662,X]
[83,F,0.937191,00000100,93.7191,X]
[101,F,0.937362,00000010,93.7362,X]
[34,F,0.954053,10000000,95.4053,X]
[118,F,0.959823,00000001,95.9823,X]
[35,F,0.964795,10000000,96.4795,X]
[46,F,0.973856,00100000,97.3856,X]
[36,F,0.98335,10000000,98.335,X]
[102,F,0.984237,00000010,98.4237,X]
[70,F,0.986019,00001000,98.6019,X]
[42,F,0.988233,01000000,98.8233,X]
[71,F,0.997737,00001000,99.7737,X]
[72,F,0.998714,00001000,99.8714,X]
GUIDE_TREE_PARTITION1=(((t1:29.79,t2:29.79):14.47,(t3:12.38,t4:12.38):31.88):55.74,((t5:71.32,t6:71.32):5.27,(t7:66.42,t8:66.42):10.17):23.41);
