Taxa bit representation:
t1 10000000
t2 01000000
t3 00100000
t4 00010000
t5 00001000
t6 00000100
t7 00000010
t8 00000001
Clade List (<taxon members> = <clade name>): 

>Dataset_0
[76,F,0.0341797,00001111,3.41797,X]
[41,F,0.0472531,00110000,4.72531,X]
[77,F,0.0703125,00001111,7.03125,X]
[78,F,0.0742188,00001111,7.42188,X]
[0,F,0.0745969,11000000,7.45969,X]
[1,F,0.07655,11000000,7.655,X]
[42,F,0.0990109,00110000,9.90109,X]
[2,F,0.123425,11000000,12.3425,X]
[3,F,0.159558,11000000,15.9558,X]
[4,F,0.182995,11000000,18.2995,X]
[5,F,0.184948,11000000,18.4948,X]
[6,F,0.188855,11000000,18.8855,X]
[43,F,0.210339,00110000,21.0339,X]
[44,F,0.214245,00110000,21.4245,X]
[7,F,0.227917,11000000,22.7917,X]
[45,F,0.236706,00110000,23.6706,X]
[8,F,0.263073,11000000,26.3073,X]
[79,F,0.28125,00001111,28.125,X]
[9,F,0.301159,11000000,30.1159,X]
[10,F,0.320691,11000000,32.0691,X]
[11,F,0.327527,11000000,32.7527,X]
[80,F,0.338867,00001111,33.8867,X]
[116,F,0.368895,00000011,36.8895,X]
[117,F,0.369872,00000011,36.9872,X]
[12,F,0.376355,11000000,37.6355,X]
[81,F,0.379637,00001100,37.9637,X]
[46,F,0.402722,00110000,40.2722,X]
[118,F,0.416747,00000011,41.6747,X]
[119,F,0.431395,00000011,43.1395,X]
[120,F,0.434325,00000011,43.4325,X]
[13,F,0.44703,10000000,44.703,X]
[121,F,0.451903,00000011,45.1903,X]
[47,F,0.462292,00110000,46.2292,X]
[122,F,0.468505,00000011,46.8505,X]
[82,F,0.473814,00001000,47.3814,X]
[14,F,0.488045,10000000,48.8045,X]
[28,F,0.489022,01000000,48.9022,X]
[83,F,0.503111,00001000,50.3111,X]
[15,F,0.50367,10000000,50.367,X]
[16,F,0.505623,10000000,50.5623,X]
[48,F,0.506238,00110000,50.6238,X]
[96,F,0.518736,00000100,51.8736,X]
[97,F,0.520689,00000100,52.0689,X]
[17,F,0.542733,10000000,54.2733,X]
[29,F,0.548592,01000000,54.8592,X]
[49,F,0.550183,00110000,55.0183,X]
[30,F,0.553475,01000000,55.3475,X]
[98,F,0.562681,00000100,56.2681,X]
[99,F,0.565611,00000100,56.5611,X]
[123,F,0.566161,00000011,56.6161,X]
[50,F,0.568738,00110000,56.8738,X]
[18,F,0.570077,10000000,57.0077,X]
[19,F,0.573983,10000000,57.3983,X]
[84,F,0.583189,00001000,58.3189,X]
[124,F,0.592528,00000011,59.2528,X]
[100,F,0.60272,00000100,60.272,X]
[51,F,0.60487,00110000,60.487,X]
[52,F,0.614636,00110000,61.4636,X]
[101,F,0.617369,00000100,61.7369,X]
[31,F,0.618905,01000000,61.8905,X]
[102,F,0.623228,00000100,62.3228,X]
[53,F,0.643933,00110000,64.3933,X]
[103,F,0.659361,00000100,65.9361,X]
[85,F,0.662291,00001000,66.2291,X]
[32,F,0.667733,01000000,66.7733,X]
[104,F,0.678892,00000100,67.8892,X]
[54,F,0.682019,00110000,68.2019,X]
[105,F,0.682798,00000100,68.2798,X]
[86,F,0.6994,00001000,69.94,X]
[55,F,0.699597,00110000,69.9597,X]
[106,F,0.703306,00000100,70.3306,X]
[125,F,0.709716,00000011,70.9716,X]
[69,F,0.714306,00010000,71.4306,X]
[87,F,0.716002,00001000,71.6002,X]
[107,F,0.718931,00000100,71.8931,X]
[56,F,0.732861,00100000,73.2861,X]
[88,F,0.745298,00001000,74.5298,X]
[126,F,0.755113,00000010,75.5113,X]
[33,F,0.762459,01000000,76.2459,X]
[132,F,0.762925,00000001,76.2925,X]
[70,F,0.765087,00010000,76.5087,X]
[89,F,0.771666,00001000,77.1666,X]
[34,F,0.772225,01000000,77.2225,X]
[20,F,0.773202,10000000,77.3202,X]
[21,F,0.777108,10000000,77.7108,X]
[90,F,0.783384,00001000,78.3384,X]
[133,F,0.783433,00000001,78.3433,X]
[108,F,0.784361,00000100,78.4361,X]
[127,F,0.786363,00000010,78.6363,X]
[109,F,0.788267,00000100,78.8267,X]
[57,F,0.791455,00100000,79.1455,X]
[128,F,0.793198,00000010,79.3198,X]
[58,F,0.799267,00100000,79.9267,X]
[59,F,0.803173,00100000,80.3173,X]
[60,F,0.810986,00100000,81.0986,X]
[91,F,0.811705,00001000,81.1705,X]
[35,F,0.820077,01000000,82.0077,X]
[134,F,0.821519,00000001,82.1519,X]
[129,F,0.825425,00000010,82.5425,X]
[22,F,0.825936,10000000,82.5936,X]
[92,F,0.82733,00001000,82.733,X]
[36,F,0.828866,01000000,82.8866,X]
[130,F,0.842027,00000010,84.2027,X]
[23,F,0.842537,10000000,84.2537,X]
[135,F,0.844956,00000001,84.4956,X]
[110,F,0.845884,00000100,84.5884,X]
[71,F,0.847119,00010000,84.7119,X]
[111,F,0.847838,00000100,84.7837,X]
[112,F,0.848814,00000100,84.8814,X]
[72,F,0.850048,00010000,85.0048,X]
[61,F,0.864697,00100000,86.4697,X]
[24,F,0.869881,10000000,86.9881,X]
[37,F,0.870858,01000000,87.0858,X]
[73,F,0.877392,00010000,87.7392,X]
[25,F,0.879647,10000000,87.9647,X]
[62,F,0.884228,00100000,88.4228,X]
[26,F,0.899178,10000000,89.9178,X]
[63,F,0.902783,00100000,90.2783,X]
[27,F,0.906991,10000000,90.6991,X]
[74,F,0.916455,00010000,91.6455,X]
[136,F,0.921128,00000001,92.1128,X]
[113,F,0.922056,00000100,92.2056,X]
[114,F,0.926939,00000100,92.6939,X]
[64,F,0.927197,00100000,92.7197,X]
[65,F,0.928173,00100000,92.8173,X]
[66,F,0.92915,00100000,92.915,X]
[115,F,0.9494,00000100,94.94,X]
[67,F,0.950634,00100000,95.0634,X]
[93,F,0.95233,00001000,95.233,X]
[94,F,0.962095,00001000,96.2095,X]
[38,F,0.966561,01000000,96.6561,X]
[95,F,0.969908,00001000,96.9908,X]
[39,F,0.971444,01000000,97.1444,X]
[75,F,0.972119,00010000,97.2119,X]
[40,F,0.984139,01000000,98.4139,X]
[68,F,0.986767,00100000,98.6767,X]
[137,F,0.987534,00000001,98.7534,X]
[131,F,0.99437,00000010,99.437,X]
GUIDE_TREE_PARTITION1=(((t1:61.84,t2:61.84):33.63,(t3:28.96,t4:28.96):66.51):4.53,((t5:61.31,t6:61.31):3.07,(t7:25.27,t8:25.27):39.11):35.62);
