Taxa bit representation:
t1 10000000
t2 01000000
t3 00100000
t4 00010000
t5 00001000
t6 00000100
t7 00000010
t8 00000001
Clade List (<taxon members> = <clade name>): 

>Dataset_0
[78,F,0.00292969,00001111,0.292969,X]
[79,F,0.00976562,00001111,0.976562,X]
[32,F,0.0155828,00110000,1.55828,X]
[0,F,0.0517156,11000000,5.17156,X]
[1,F,0.0653875,11000000,6.53875,X]
[2,F,0.0751531,11000000,7.51531,X]
[33,F,0.111286,00110000,11.1286,X]
[34,F,0.140583,00110000,14.0583,X]
[80,F,0.15332,00001111,15.332,X]
[56,F,0.175837,00010000,17.5837,X]
[35,F,0.177791,00100000,17.7791,X]
[81,F,0.17933,00001100,17.933,X]
[36,F,0.205134,00100000,20.5134,X]
[3,F,0.255817,11000000,25.5817,X]
[116,F,0.265267,00000011,26.5267,X]
[57,F,0.268611,00010000,26.8611,X]
[117,F,0.277963,00000011,27.7963,X]
[58,F,0.283259,00010000,28.3259,X]
[37,F,0.295955,00100000,29.5955,X]
[118,F,0.29847,00000011,29.847,X]
[38,F,0.309627,00100000,30.9627,X]
[82,F,0.315072,00001100,31.5072,X]
[83,F,0.319955,00001100,31.9955,X]
[59,F,0.320369,00010000,32.0369,X]
[137,F,0.322383,00000001,32.2383,X]
[119,F,0.324336,00000010,32.4336,X]
[4,F,0.327106,11000000,32.7106,X]
[60,F,0.328181,00010000,32.8181,X]
[61,F,0.329158,00010000,32.9158,X]
[5,F,0.333942,11000000,33.3942,X]
[120,F,0.354609,00000010,35.4609,X]
[39,F,0.370173,00100000,37.0173,X]
[84,F,0.371713,00001100,37.1713,X]
[138,F,0.374141,00000001,37.4141,X]
[6,F,0.395466,11000000,39.5466,X]
[7,F,0.396442,11000000,39.6442,X]
[62,F,0.4024,00010000,40.24,X]
[139,F,0.409297,00000001,40.9297,X]
[63,F,0.412166,00010000,41.2166,X]
[121,F,0.412227,00000010,41.2227,X]
[64,F,0.413142,00010000,41.3142,X]
[65,F,0.417048,00010000,41.7048,X]
[8,F,0.423786,11000000,42.3786,X]
[66,F,0.424861,00010000,42.4861,X]
[122,F,0.434688,00000010,43.4688,X]
[67,F,0.440486,00010000,44.0486,X]
[40,F,0.441462,00100000,44.1462,X]
[9,F,0.446247,11000000,44.6247,X]
[85,F,0.456673,00001100,45.6673,X]
[86,F,0.473275,00001100,47.3275,X]
[68,F,0.473689,00010000,47.3689,X]
[87,F,0.4889,00001100,48.89,X]
[41,F,0.492244,00100000,49.2244,X]
[88,F,0.497689,00001100,49.7689,X]
[42,F,0.503962,00100000,50.3962,X]
[140,F,0.505,00000001,50.5,X]
[43,F,0.508845,00100000,50.8845,X]
[69,F,0.52447,00010000,52.447,X]
[89,F,0.529544,00001000,52.9544,X]
[70,F,0.540095,00010000,54.0095,X]
[123,F,0.554805,00000010,55.4805,X]
[124,F,0.555781,00000010,55.5781,X]
[10,F,0.559528,11000000,55.9528,X]
[44,F,0.559627,00100000,55.9627,X]
[71,F,0.567439,00010000,56.7439,X]
[125,F,0.5675,00000010,56.75,X]
[104,F,0.575442,00000100,57.5442,X]
[90,F,0.576419,00001000,57.6419,X]
[105,F,0.581302,00000100,58.1302,X]
[45,F,0.587947,00100000,58.7947,X]
[106,F,0.593997,00000100,59.3997,X]
[126,F,0.596797,00000010,59.6797,X]
[127,F,0.603633,00000010,60.3633,X]
[91,F,0.607669,00001000,60.7669,X]
[92,F,0.612552,00001000,61.2552,X]
[107,F,0.612552,00000100,61.2552,X]
[108,F,0.617434,00000100,61.7434,X]
[11,F,0.6357,11000000,63.57,X]
[141,F,0.653438,00000001,65.3438,X]
[93,F,0.654544,00001000,65.4544,X]
[94,F,0.657473,00001000,65.7473,X]
[128,F,0.66418,00000010,66.418,X]
[12,F,0.670856,11000000,67.0856,X]
[72,F,0.672908,00010000,67.2908,X]
[129,F,0.673945,00000010,67.3945,X]
[130,F,0.674922,00000010,67.4922,X]
[46,F,0.679744,00100000,67.9744,X]
[73,F,0.68072,00010000,68.072,X]
[109,F,0.682864,00000100,68.2864,X]
[142,F,0.683711,00000001,68.3711,X]
[13,F,0.685505,11000000,68.5505,X]
[14,F,0.694294,11000000,69.4294,X]
[131,F,0.697383,00000010,69.7383,X]
[15,F,0.700153,11000000,70.0153,X]
[74,F,0.701228,00010000,70.1228,X]
[24,F,0.704953,01000000,70.4953,X]
[47,F,0.721736,00100000,72.1736,X]
[25,F,0.724484,01000000,72.4484,X]
[16,F,0.742062,10000000,74.2062,X]
[110,F,0.742434,00000100,74.2434,X]
[132,F,0.743281,00000010,74.3281,X]
[48,F,0.744197,00100000,74.4197,X]
[49,F,0.750056,00100000,75.0056,X]
[143,F,0.751094,00000001,75.1094,X]
[95,F,0.760012,00001000,76.0012,X]
[17,F,0.763547,10000000,76.3547,X]
[75,F,0.767634,00010000,76.7634,X]
[26,F,0.774289,01000000,77.4289,X]
[27,F,0.775266,01000000,77.5266,X]
[28,F,0.776242,01000000,77.6242,X]
[18,F,0.782102,10000000,78.2102,X]
[133,F,0.790156,00000010,79.0156,X]
[96,F,0.801028,00001000,80.1028,X]
[144,F,0.801875,00000001,80.1875,X]
[145,F,0.82043,00000001,82.043,X]
[97,F,0.821536,00001000,82.1536,X]
[98,F,0.822512,00001000,82.2512,X]
[146,F,0.841914,00000001,84.1914,X]
[111,F,0.844973,00000100,84.4973,X]
[134,F,0.853633,00000010,85.3633,X]
[50,F,0.854548,00100000,85.4548,X]
[99,F,0.854739,00001000,85.4739,X]
[135,F,0.857539,00000010,85.7539,X]
[100,F,0.860598,00001000,86.0598,X]
[112,F,0.863528,00000100,86.3528,X]
[101,F,0.868411,00001000,86.8411,X]
[19,F,0.869992,10000000,86.9992,X]
[20,F,0.872922,10000000,87.2922,X]
[29,F,0.876828,01000000,87.6828,X]
[30,F,0.903195,01000000,90.3195,X]
[21,F,0.906125,10000000,90.6125,X]
[51,F,0.911189,00100000,91.1189,X]
[22,F,0.912961,10000000,91.2961,X]
[102,F,0.913333,00001000,91.3333,X]
[52,F,0.919002,00100000,91.9002,X]
[136,F,0.921992,00000010,92.1992,X]
[31,F,0.927609,01000000,92.7609,X]
[103,F,0.929934,00001000,92.9934,X]
[147,F,0.943477,00000001,94.3477,X]
[53,F,0.948298,00100000,94.8298,X]
[54,F,0.952205,00100000,95.2205,X]
[113,F,0.952395,00000100,95.2395,X]
[55,F,0.963923,00100000,96.3923,X]
[114,F,0.97095,00000100,97.095,X]
[115,F,0.972903,00000100,97.2903,X]
[76,F,0.977595,00010000,97.7595,X]
[77,F,0.986384,00010000,98.6384,X]
[148,F,0.986445,00000001,98.6445,X]
[23,F,0.991086,10000000,99.1086,X]
GUIDE_TREE_PARTITION1=(((t1:29.7,t2:29.7):69.23,(t3:84.76,t4:84.76):14.17):1.07,((t5:49.78,t6:49.78):32.58,(t7:68.25,t8:68.25):14.11):17.64);
