Taxa bit representation:
t1 10000000
t2 01000000
t3 00100000
t4 00010000
t5 00001000
t6 00000100
t7 00000010
t8 00000001
Clade List (<taxon members> = <clade name>): 

>Dataset_0
[0,F,0.0126953,11111110,1.26953,X]
[31,F,0.187375,00000010,18.7375,X]
[1,F,0.23132,11111100,23.132,X]
[32,F,0.259641,00000010,25.9641,X]
[33,F,0.323117,00000010,32.3117,X]
[2,F,0.359708,11111000,35.9708,X]
[40,F,0.375977,00000001,37.5977,X]
[41,F,0.378906,00000001,37.8906,X]
[22,F,0.410552,00001000,41.0552,X]
[3,F,0.441802,11110000,44.1802,X]
[34,F,0.470578,00000010,47.0578,X]
[23,F,0.481841,00001000,48.1841,X]
[42,F,0.508789,00000001,50.8789,X]
[4,F,0.528716,11110000,52.8716,X]
[15,F,0.558595,00010000,55.8595,X]
[43,F,0.55957,00000001,55.957,X]
[44,F,0.568359,00000001,56.8359,X]
[26,F,0.570645,00000100,57.0645,X]
[45,F,0.579102,00000001,57.9102,X]
[24,F,0.591216,00001000,59.1216,X]
[46,F,0.592773,00000001,59.2773,X]
[47,F,0.595703,00000001,59.5703,X]
[27,F,0.608731,00000100,60.8731,X]
[16,F,0.637697,00010000,63.7697,X]
[35,F,0.662961,00000010,66.2961,X]
[36,F,0.666867,00000010,66.6867,X]
[28,F,0.695645,00000100,69.5645,X]
[37,F,0.702023,00000010,70.2023,X]
[48,F,0.740234,00000001,74.0234,X]
[49,F,0.757812,00000001,75.7812,X]
[17,F,0.777345,00010000,77.7345,X]
[29,F,0.791348,00000100,79.1348,X]
[12,F,0.793484,00100000,79.3484,X]
[18,F,0.79883,00010000,79.883,X]
[50,F,0.833984,00000001,83.3984,X]
[19,F,0.834963,00010000,83.4963,X]
[10,F,0.835995,01000000,83.5995,X]
[38,F,0.847531,00000010,84.7531,X]
[20,F,0.851564,00010000,85.1564,X]
[5,F,0.856503,10000000,85.6503,X]
[6,F,0.869198,10000000,86.9198,X]
[39,F,0.872922,00000010,87.2922,X]
[25,F,0.873442,00001000,87.3442,X]
[13,F,0.877469,00100000,87.7469,X]
[30,F,0.885098,00000100,88.5098,X]
[7,F,0.922909,10000000,92.2909,X]
[8,F,0.923886,10000000,92.3886,X]
[9,F,0.927792,10000000,92.7792,X]
[21,F,0.928713,00010000,92.8713,X]
[14,F,0.945828,00100000,94.5828,X]
[11,F,0.983456,01000000,98.3456,X]
GUIDE_TREE_PARTITION1=(((((((t1:17.67,t2:17.67):5.13,t3:22.8):22.61,t4:45.41):18.32,t5:63.73):2.35,t6:66.08):26.12,t7:92.2):7.8,t8:100);
