Taxa bit representation:
t1 10000000
t2 01000000
t3 00100000
t4 00010000
t5 00001000
t6 00000100
t7 00000010
t8 00000001
Clade List (<taxon members> = <clade name>): 

>Dataset_0
[5,F,0.304781,00110000,30.4781,X]
[0,F,0.41318,11000000,41.318,X]
[9,F,0.480469,00001111,48.0469,X]
[1,F,0.571383,11000000,57.1383,X]
[6,F,0.584078,00110000,58.4078,X]
[2,F,0.603609,11000000,60.3609,X]
[3,F,0.668063,11000000,66.8063,X]
[7,F,0.712934,00010000,71.2934,X]
[8,F,0.783247,00010000,78.3247,X]
[4,F,0.894478,01000000,89.4478,X]
[10,F,0.961795,00000011,96.1795,X]
GUIDE_TREE_PARTITION1=(((t1:24.81,t2:24.81):62.29,(t3:40.23,t4:40.23):46.87):12.9,((t5:2.53,t6:2.53):8.81,(t7:0.48,t8:0.48):10.86):88.66);
