Taxa bit representation:
t1 10000000
t2 01000000
t3 00100000
t4 00010000
t5 00001000
t6 00000100
t7 00000010
t8 00000001
Clade List (<taxon members> = <clade name>): 

>Dataset_0
[0,F,0.0234375,11110000,2.34375,X]
[46,F,0.0341797,00001111,3.41797,X]
[1,F,0.0976562,11110000,9.76562,X]
[2,F,0.121094,11110000,12.1094,X]
[3,F,0.123047,11110000,12.3047,X]
[4,F,0.129883,11110000,12.9883,X]
[5,F,0.132812,11110000,13.2812,X]
[6,F,0.133789,11110000,13.3789,X]
[7,F,0.136719,11110000,13.6719,X]
[70,F,0.14773,00000011,14.773,X]
[71,F,0.148706,00000011,14.8706,X]
[47,F,0.151636,00001100,15.1636,X]
[8,F,0.160156,11110000,16.0156,X]
[72,F,0.170191,00000011,17.0191,X]
[9,F,0.179688,11110000,17.9688,X]
[10,F,0.182617,11110000,18.2617,X]
[48,F,0.191675,00001100,19.1675,X]
[11,F,0.204102,11110000,20.4102,X]
[12,F,0.209961,11110000,20.9961,X]
[73,F,0.219019,00000011,21.9019,X]
[49,F,0.229761,00001100,22.9761,X]
[50,F,0.257105,00001100,25.7105,X]
[51,F,0.27273,00001100,27.273,X]
[13,F,0.27832,11110000,27.832,X]
[74,F,0.282495,00000011,28.2495,X]
[75,F,0.30398,00000011,30.398,X]
[76,F,0.306909,00000011,30.6909,X]
[52,F,0.312769,00001100,31.2769,X]
[53,F,0.348902,00001100,34.8902,X]
[54,F,0.353784,00001100,35.3784,X]
[14,F,0.363281,11110000,36.3281,X]
[55,F,0.405542,00001100,40.5542,X]
[15,F,0.452148,11110000,45.2148,X]
[77,F,0.465113,00000011,46.5113,X]
[16,F,0.46875,11110000,46.875,X]
[17,F,0.472656,11110000,47.2656,X]
[78,F,0.497339,00000011,49.7339,X]
[90,F,0.510413,00000001,51.0413,X]
[18,F,0.513672,11110000,51.3672,X]
[19,F,0.522461,11110000,52.2461,X]
[56,F,0.550073,00001100,55.0073,X]
[20,F,0.551758,11110000,55.1758,X]
[21,F,0.566406,11110000,56.6406,X]
[79,F,0.614905,00000010,61.4905,X]
[91,F,0.615881,00000001,61.5881,X]
[22,F,0.621094,11110000,62.1094,X]
[92,F,0.637366,00000001,63.7366,X]
[93,F,0.638342,00000001,63.8342,X]
[57,F,0.643823,00001100,64.3823,X]
[80,F,0.648108,00000010,64.8108,X]
[58,F,0.652613,00001100,65.2613,X]
[94,F,0.656897,00000001,65.6897,X]
[81,F,0.657873,00000010,65.7873,X]
[23,F,0.660156,11110000,66.0156,X]
[82,F,0.665686,00000010,66.5686,X]
[95,F,0.675452,00000001,67.5452,X]
[96,F,0.677405,00000001,67.7405,X]
[97,F,0.68717,00000001,68.717,X]
[32,F,0.68863,00110000,68.863,X]
[33,F,0.703278,00110000,70.3278,X]
[63,F,0.724242,00000100,72.4242,X]
[83,F,0.737952,00000010,73.7952,X]
[24,F,0.764802,11000000,76.4802,X]
[59,F,0.774047,00001000,77.4047,X]
[42,F,0.777239,00010000,77.7239,X]
[98,F,0.800452,00000001,80.0452,X]
[43,F,0.811419,00010000,81.1419,X]
[64,F,0.817992,00000100,81.7992,X]
[65,F,0.818969,00000100,81.8969,X]
[25,F,0.820331,10000000,82.0331,X]
[99,F,0.821936,00000001,82.1936,X]
[84,F,0.840491,00000010,84.0491,X]
[44,F,0.841692,00010000,84.1692,X]
[29,F,0.843769,01000000,84.3769,X]
[66,F,0.851195,00000100,85.1195,X]
[67,F,0.856078,00000100,85.6078,X]
[30,F,0.859394,01000000,85.9394,X]
[60,F,0.867797,00001000,86.7797,X]
[68,F,0.867797,00000100,86.7797,X]
[34,F,0.870012,00100000,87.0012,X]
[31,F,0.876972,01000000,87.6972,X]
[61,F,0.877563,00001000,87.7563,X]
[35,F,0.879778,00100000,87.9778,X]
[85,F,0.889319,00000010,88.9319,X]
[36,F,0.89052,00100000,89.052,X]
[45,F,0.894427,00010000,89.4427,X]
[37,F,0.898333,00100000,89.8333,X]
[26,F,0.912128,10000000,91.2128,X]
[86,F,0.917639,00000010,91.7639,X]
[62,F,0.918578,00001000,91.8578,X]
[27,F,0.926777,10000000,92.6777,X]
[38,F,0.942278,00100000,94.2278,X]
[69,F,0.943969,00000100,94.3969,X]
[28,F,0.959003,10000000,95.9003,X]
[39,F,0.963762,00100000,96.3762,X]
[100,F,0.967444,00000001,96.7444,X]
[87,F,0.970373,00000010,97.0373,X]
[40,F,0.978411,00100000,97.8411,X]
[88,F,0.982092,00000010,98.2092,X]
[41,F,0.982317,00100000,98.2317,X]
[101,F,0.984045,00000001,98.4045,X]
[89,F,0.985022,00000010,98.5022,X]
GUIDE_TREE_PARTITION1=(((t1:19.92,t2:19.92):11.51,(t3:26.28,t4:26.28):5.15):68.57,((t5:28.65,t6:28.65):63.12,(t7:49.74,t8:49.74):42.03):8.23);
