Taxa bit representation:
t1 10000000
t2 01000000
t3 00100000
t4 00010000
t5 00001000
t6 00000100
t7 00000010
t8 00000001
Clade List (<taxon members> = <clade name>): 

>Dataset_0
[0,F,0.20095,11111100,20.095,X]
[1,F,0.308372,11111100,30.8372,X]
[2,F,0.326927,11111100,32.6927,X]
[10,F,0.378389,00001000,37.8389,X]
[12,F,0.421653,00000010,42.1653,X]
[5,F,0.452641,00010000,45.2641,X]
[16,F,0.527344,00000001,52.7344,X]
[6,F,0.584477,00010000,58.4477,X]
[13,F,0.593528,00000010,59.3528,X]
[11,F,0.608195,00000100,60.8195,X]
[7,F,0.618656,00010000,61.8656,X]
[17,F,0.620117,00000001,62.0117,X]
[8,F,0.64893,00010000,64.893,X]
[3,F,0.788597,11000000,78.8597,X]
[18,F,0.826172,00000001,82.6172,X]
[14,F,0.86013,00000010,86.013,X]
[19,F,0.868164,00000001,86.8164,X]
[4,F,0.900902,00100000,90.0902,X]
[15,F,0.927512,00000010,92.7512,X]
[20,F,0.973633,00000001,97.3633,X]
[9,F,0.987797,00010000,98.7797,X]
GUIDE_TREE_PARTITION1=(((((((t1:11.76,t2:11.76):12.31,t3:24.07):36.33,t4:60.4):2.64,t5:63.04):2.41,t6:65.45):23.83,t7:89.28):10.72,t8:100);
