Taxa bit representation:
t1 10000000
t2 01000000
t3 00100000
t4 00010000
t5 00001000
t6 00000100
t7 00000010
t8 00000001
Clade List (<taxon members> = <clade name>): 

>Dataset_0
[0,F,0.22168,11111110,22.168,X]
[13,F,0.233398,00000001,23.3398,X]
[1,F,0.366259,11111100,36.6259,X]
[2,F,0.447314,11111100,44.7314,X]
[12,F,0.465869,00000010,46.5869,X]
[3,F,0.51183,11111000,51.183,X]
[14,F,0.548828,00000001,54.8828,X]
[9,F,0.621702,00001000,62.1702,X]
[15,F,0.624023,00000001,62.4023,X]
[4,F,0.742233,11100000,74.2233,X]
[5,F,0.77903,00100000,77.903,X]
[6,F,0.801491,00100000,80.1491,X]
[8,F,0.803756,00010000,80.3756,X]
[16,F,0.905273,00000001,90.5273,X]
[7,F,0.941139,00100000,94.1139,X]
[10,F,0.959592,00001000,95.9592,X]
[11,F,0.970814,00000100,97.0814,X]
GUIDE_TREE_PARTITION1=(((((((t1:0.14,t2:0.14):22.25,t3:22.39):19.5,t4:41.89):3.85,t5:45.74):3.37,t6:49.11):14.85,t7:63.96):36.04,t8:100);
