Taxa bit representation:
t1 10000000
t2 01000000
t3 00100000
t4 00010000
t5 00001000
t6 00000100
t7 00000010
t8 00000001
Clade List (<taxon members> = <clade name>): 

>Dataset_0
[21,F,0.125,00001111,12.5,X]
[22,F,0.128906,00001111,12.8906,X]
[0,F,0.167969,11110000,16.7969,X]
[23,F,0.202148,00001111,20.2148,X]
[1,F,0.21875,11110000,21.875,X]
[24,F,0.264648,00001111,26.4648,X]
[2,F,0.287109,11110000,28.7109,X]
[25,F,0.37515,00001000,37.515,X]
[26,F,0.407377,00001000,40.7377,X]
[14,F,0.420172,00110000,42.0172,X]
[15,F,0.433844,00110000,43.3844,X]
[27,F,0.462064,00001000,46.2064,X]
[16,F,0.468023,00110000,46.8023,X]
[34,F,0.492337,00000100,49.2338,X]
[28,F,0.536283,00001000,53.6283,X]
[38,F,0.550484,00000011,55.0484,X]
[3,F,0.583258,11000000,58.3258,X]
[4,F,0.636969,11000000,63.6969,X]
[29,F,0.639798,00001000,63.9798,X]
[45,F,0.661486,00000001,66.1486,X]
[39,F,0.68297,00000010,68.297,X]
[40,F,0.697619,00000010,69.7619,X]
[10,F,0.710453,01000000,71.0453,X]
[11,F,0.712406,01000000,71.2406,X]
[41,F,0.723009,00000010,72.3009,X]
[5,F,0.731938,10000000,73.1938,X]
[35,F,0.75308,00000100,75.308,X]
[6,F,0.771977,10000000,77.1977,X]
[36,F,0.773587,00000100,77.3588,X]
[30,F,0.786283,00001000,78.6283,X]
[37,F,0.801908,00000100,80.1908,X]
[17,F,0.803961,00110000,80.3961,X]
[42,F,0.806994,00000010,80.6994,X]
[12,F,0.813969,01000000,81.3969,X]
[31,F,0.81558,00001000,81.558,X]
[32,F,0.823392,00001000,82.3392,X]
[7,F,0.860844,10000000,86.0844,X]
[19,F,0.863156,00010000,86.3156,X]
[43,F,0.863634,00000010,86.3634,X]
[33,F,0.867337,00001000,86.7338,X]
[44,F,0.875353,00000010,87.5353,X]
[46,F,0.896837,00000001,89.6837,X]
[47,F,0.899767,00000001,89.9767,X]
[20,F,0.903195,00010000,90.3195,X]
[48,F,0.916369,00000001,91.6369,X]
[18,F,0.916867,00100000,91.6867,X]
[13,F,0.957523,01000000,95.7523,X]
[8,F,0.962406,10000000,96.2406,X]
[9,F,0.966313,10000000,96.6313,X]
GUIDE_TREE_PARTITION1=(((t1:29.15,t2:29.15):30.2,(t3:17.2,t4:17.2):42.15):40.65,((t5:65.61,t6:65.61):6.49,(t7:43.91,t8:43.91):28.19):27.9);
