Taxa bit representation:
t1 10000000
t2 01000000
t3 00100000
t4 00010000
t5 00001000
t6 00000100
t7 00000010
t8 00000001
Clade List (<taxon members> = <clade name>): 

>Dataset_0
[97,F,0.0175781,00000001,1.75781,X]
[0,F,0.0351562,11111110,3.51562,X]
[98,F,0.0458984,00000001,4.58984,X]
[99,F,0.0478516,00000001,4.78516,X]
[78,F,0.0625656,00000010,6.25656,X]
[1,F,0.0809672,11111000,8.09672,X]
[79,F,0.0850266,00000010,8.50266,X]
[100,F,0.109375,00000001,10.9375,X]
[63,F,0.110264,00000100,11.0264,X]
[80,F,0.1153,00000010,11.53,X]
[81,F,0.136784,00000010,13.6784,X]
[2,F,0.152256,11111000,15.2256,X]
[82,F,0.162175,00000010,16.2175,X]
[64,F,0.169834,00000100,16.9834,X]
[101,F,0.176758,00000001,17.6758,X]
[83,F,0.198308,00000010,19.8308,X]
[3,F,0.214756,11111000,21.4756,X]
[4,F,0.216709,11111000,21.6709,X]
[65,F,0.220616,00000100,22.0616,X]
[102,F,0.228516,00000001,22.8516,X]
[66,F,0.236241,00000100,23.6241,X]
[84,F,0.239323,00000010,23.9323,X]
[67,F,0.240147,00000100,24.0147,X]
[5,F,0.255772,11111000,25.5772,X]
[6,F,0.261631,11111000,26.1631,X]
[7,F,0.265537,11111000,26.5537,X]
[85,F,0.273503,00000010,27.3503,X]
[103,F,0.311523,00000001,31.1523,X]
[86,F,0.337956,00000010,33.7956,X]
[68,F,0.341709,00000100,34.1709,X]
[44,F,0.345677,00001000,34.5677,X]
[8,F,0.354466,11110000,35.4466,X]
[87,F,0.354558,00000010,35.4558,X]
[45,F,0.366184,00001000,36.6184,X]
[69,F,0.376866,00000100,37.6866,X]
[104,F,0.376953,00000001,37.6953,X]
[9,F,0.377903,11110000,37.7903,X]
[10,F,0.379856,11110000,37.9856,X]
[11,F,0.384739,11110000,38.4739,X]
[70,F,0.386631,00000100,38.6631,X]
[46,F,0.426731,00001000,42.6731,X]
[105,F,0.438477,00000001,43.8477,X]
[12,F,0.44138,11110000,44.138,X]
[13,F,0.444309,11110000,44.4309,X]
[14,F,0.446263,11110000,44.6262,X]
[15,F,0.452122,11110000,45.2122,X]
[47,F,0.457005,00001000,45.7005,X]
[16,F,0.467747,11110000,46.7747,X]
[106,F,0.472656,00000001,47.2656,X]
[107,F,0.475586,00000001,47.5586,X]
[88,F,0.478581,00000010,47.8581,X]
[71,F,0.490147,00000100,49.0147,X]
[48,F,0.490208,00001000,49.0208,X]
[72,F,0.491123,00000100,49.1123,X]
[108,F,0.491211,00000001,49.1211,X]
[49,F,0.493138,00001000,49.3137,X]
[89,F,0.497136,00000010,49.7136,X]
[50,F,0.509739,00001000,50.9739,X]
[51,F,0.517552,00001000,51.7552,X]
[109,F,0.520508,00000001,52.0508,X]
[73,F,0.533116,00000100,53.3116,X]
[52,F,0.534153,00001000,53.4153,X]
[17,F,0.546848,11110000,54.6848,X]
[53,F,0.561497,00001000,56.1497,X]
[18,F,0.582981,11110000,58.2981,X]
[90,F,0.585027,00000010,58.5027,X]
[110,F,0.59082,00000001,59.082,X]
[54,F,0.605442,00001000,60.5442,X]
[35,F,0.608831,00010000,60.8831,X]
[111,F,0.615234,00000001,61.5234,X]
[19,F,0.62348,11100000,62.348,X]
[36,F,0.626409,00010000,62.6409,X]
[20,F,0.635198,11100000,63.5198,X]
[37,F,0.639105,00010000,63.9105,X]
[55,F,0.645481,00001000,64.5481,X]
[56,F,0.662083,00001000,66.2083,X]
[112,F,0.663086,00000001,66.3086,X]
[113,F,0.667969,00000001,66.7969,X]
[21,F,0.671836,11000000,67.1836,X]
[38,F,0.677191,00010000,67.7191,X]
[39,F,0.68012,00010000,68.012,X]
[114,F,0.688477,00000001,68.8477,X]
[91,F,0.690495,00000010,69.0495,X]
[57,F,0.69138,00001000,69.138,X]
[74,F,0.700108,00000100,70.0108,X]
[115,F,0.713867,00000001,71.3867,X]
[22,F,0.722617,11000000,72.2617,X]
[116,F,0.745117,00000001,74.5117,X]
[117,F,0.75293,00000001,75.293,X]
[118,F,0.753906,00000001,75.3906,X]
[75,F,0.763584,00000100,76.3584,X]
[58,F,0.777317,00001000,77.7317,X]
[76,F,0.790928,00000100,79.0928,X]
[30,F,0.808555,00100000,80.8555,X]
[59,F,0.815403,00001000,81.5403,X]
[23,F,0.825156,11000000,82.5156,X]
[60,F,0.840794,00001000,84.0794,X]
[24,F,0.841758,11000000,84.1758,X]
[119,F,0.847656,00000001,84.7656,X]
[92,F,0.855534,00000010,85.5534,X]
[25,F,0.856406,11000000,85.6406,X]
[40,F,0.857855,00010000,85.7855,X]
[93,F,0.876042,00000010,87.6042,X]
[41,F,0.877386,00010000,87.7386,X]
[61,F,0.887669,00001000,88.7669,X]
[62,F,0.896458,00001000,89.6458,X]
[31,F,0.897422,00100000,89.7422,X]
[77,F,0.904209,00000100,90.4209,X]
[94,F,0.912175,00000010,91.2175,X]
[42,F,0.915472,00010000,91.5472,X]
[32,F,0.935508,00100000,93.5508,X]
[43,F,0.93598,00010000,93.598,X]
[120,F,0.948242,00000001,94.8242,X]
[28,F,0.963327,01000000,96.3327,X]
[33,F,0.964805,00100000,96.4805,X]
[95,F,0.965886,00000010,96.5886,X]
[29,F,0.966256,01000000,96.6256,X]
[121,F,0.969727,00000001,96.9727,X]
[26,F,0.981881,10000000,98.1881,X]
[27,F,0.991647,10000000,99.1647,X]
[96,F,0.995183,00000010,99.5183,X]
[34,F,0.997031,00100000,99.7031,X]
GUIDE_TREE_PARTITION1=(((((((t1:6.89,t2:6.89):26.61,t3:33.5):7.57,t4:41.07):24.46,t5:65.53):29.01,t6:94.54):0.18,t7:94.72):5.28,t8:100);
