Taxa bit representation:
t1 10000000
t2 01000000
t3 00100000
t4 00010000
t5 00001000
t6 00000100
t7 00000010
t8 00000001
Clade List (<taxon members> = <clade name>): 

>Dataset_0
[109,F,0.03125,00000001,3.125,X]
[110,F,0.0566406,00000001,5.66406,X]
[84,F,0.087125,00000010,8.7125,X]
[0,F,0.0920078,11111100,9.20078,X]
[85,F,0.103727,00000010,10.3727,X]
[86,F,0.119352,00000010,11.9352,X]
[1,F,0.129117,11111100,12.9117,X]
[2,F,0.156461,11111100,15.6461,X]
[3,F,0.182828,11111100,18.2828,X]
[87,F,0.209195,00000010,20.9195,X]
[111,F,0.21582,00000001,21.582,X]
[4,F,0.217984,11111100,21.7984,X]
[88,F,0.232633,00000010,23.2633,X]
[5,F,0.242398,11111100,24.2398,X]
[89,F,0.265836,00000010,26.5836,X]
[90,F,0.279508,00000010,27.9508,X]
[112,F,0.305664,00000001,30.5664,X]
[91,F,0.310758,00000010,31.0758,X]
[113,F,0.324219,00000001,32.4219,X]
[68,F,0.331192,00000100,33.1192,X]
[92,F,0.344938,00000010,34.4937,X]
[93,F,0.365445,00000010,36.5445,X]
[69,F,0.376114,00000100,37.6114,X]
[114,F,0.385742,00000001,38.5742,X]
[6,F,0.386958,11110000,38.6958,X]
[94,F,0.391813,00000010,39.1812,X]
[56,F,0.3977,00001000,39.77,X]
[115,F,0.407227,00000001,40.7227,X]
[116,F,0.408203,00000001,40.8203,X]
[95,F,0.430875,00000010,43.0875,X]
[117,F,0.448242,00000001,44.8242,X]
[7,F,0.462972,11100000,46.2972,X]
[118,F,0.481445,00000001,48.1445,X]
[70,F,0.491348,00000100,49.1348,X]
[71,F,0.505997,00000100,50.5997,X]
[8,F,0.506917,11100000,50.6917,X]
[9,F,0.517659,11100000,51.7659,X]
[43,F,0.519613,00010000,51.9613,X]
[96,F,0.532438,00000010,53.2437,X]
[119,F,0.543945,00000001,54.3945,X]
[10,F,0.554769,11100000,55.4769,X]
[120,F,0.556641,00000001,55.6641,X]
[11,F,0.560628,11100000,56.0628,X]
[12,F,0.5743,11100000,57.43,X]
[72,F,0.574356,00000100,57.4356,X]
[13,F,0.576253,11100000,57.6253,X]
[73,F,0.576309,00000100,57.6309,X]
[44,F,0.57723,00010000,57.723,X]
[97,F,0.578336,00000010,57.8336,X]
[14,F,0.588948,11100000,58.8948,X]
[98,F,0.589078,00000010,58.9078,X]
[74,F,0.591934,00000100,59.1934,X]
[57,F,0.601802,00001000,60.1802,X]
[58,F,0.602778,00001000,60.2778,X]
[59,F,0.604731,00001000,60.4731,X]
[29,F,0.607319,00100000,60.7319,X]
[15,F,0.613178,11000000,61.3178,X]
[45,F,0.617269,00010000,61.7269,X]
[99,F,0.624234,00000010,62.4234,X]
[30,F,0.631733,00100000,63.1733,X]
[31,F,0.636616,00100000,63.6616,X]
[75,F,0.647598,00000100,64.7598,X]
[46,F,0.656331,00010000,65.6331,X]
[76,F,0.666153,00000100,66.6153,X]
[60,F,0.669184,00001000,66.9184,X]
[100,F,0.675992,00000010,67.5992,X]
[32,F,0.681537,00100000,68.1537,X]
[101,F,0.681852,00000010,68.1852,X]
[33,F,0.688373,00100000,68.8373,X]
[61,F,0.689692,00001000,68.9692,X]
[62,F,0.693598,00001000,69.3598,X]
[63,F,0.701411,00001000,70.1411,X]
[16,F,0.704975,11000000,70.4975,X]
[121,F,0.708984,00000001,70.8984,X]
[34,F,0.714741,00100000,71.4741,X]
[47,F,0.719808,00010000,71.9808,X]
[35,F,0.730366,00100000,73.0366,X]
[77,F,0.734513,00000100,73.4513,X]
[78,F,0.735489,00000100,73.5489,X]
[79,F,0.739395,00000100,73.9395,X]
[80,F,0.743302,00000100,74.3302,X]
[122,F,0.746094,00000001,74.6094,X]
[48,F,0.755941,00010000,75.5941,X]
[102,F,0.765836,00000010,76.5836,X]
[49,F,0.769613,00010000,76.9613,X]
[123,F,0.771484,00000001,77.1484,X]
[103,F,0.785367,00000010,78.5367,X]
[17,F,0.789025,10000000,78.9025,X]
[23,F,0.796837,01000000,79.6837,X]
[50,F,0.796956,00010000,79.6956,X]
[36,F,0.801655,00100000,80.1655,X]
[37,F,0.810444,00100000,81.0444,X]
[51,F,0.810628,00010000,81.0628,X]
[18,F,0.811486,10000000,81.1486,X]
[19,F,0.815392,10000000,81.5392,X]
[81,F,0.816544,00000100,81.6544,X]
[64,F,0.822505,00001000,82.2505,X]
[20,F,0.825158,10000000,82.5158,X]
[24,F,0.825158,01000000,82.5158,X]
[124,F,0.826172,00000001,82.6172,X]
[52,F,0.826253,00010000,82.6253,X]
[53,F,0.842855,00010000,84.2855,X]
[54,F,0.845784,00010000,84.5784,X]
[82,F,0.84877,00000100,84.877,X]
[104,F,0.853727,00000010,85.3727,X]
[38,F,0.858295,00100000,85.8295,X]
[105,F,0.865445,00000010,86.5445,X]
[25,F,0.884728,01000000,88.4728,X]
[39,F,0.885639,00100000,88.5639,X]
[65,F,0.886958,00001000,88.6958,X]
[21,F,0.892541,10000000,89.2541,X]
[106,F,0.895719,00000010,89.5719,X]
[125,F,0.912109,00000001,91.2109,X]
[66,F,0.914302,00001000,91.4302,X]
[83,F,0.923966,00000100,92.3966,X]
[22,F,0.933556,10000000,93.3556,X]
[40,F,0.94228,00100000,94.228,X]
[107,F,0.951383,00000010,95.1383,X]
[67,F,0.954341,00001000,95.4341,X]
[126,F,0.960938,00000001,96.0938,X]
[26,F,0.962853,01000000,96.2853,X]
[108,F,0.963102,00000010,96.3102,X]
[41,F,0.964741,00100000,96.4741,X]
[42,F,0.968647,00100000,96.8647,X]
[55,F,0.984456,00010000,98.4456,X]
[27,F,0.986291,01000000,98.6291,X]
[28,F,0.997033,01000000,99.7033,X]
GUIDE_TREE_PARTITION1=(((((((t1:22.66,t2:22.66):17.78,t3:40.44):14.63,t4:55.07):11.41,t5:66.48):4.6,t6:71.08):21.77,t7:92.85):7.15,t8:100);
