Taxa bit representation:
t1 10000000
t2 01000000
t3 00100000
t4 00010000
t5 00001000
t6 00000100
t7 00000010
t8 00000001
Clade List (<taxon members> = <clade name>): 

>Dataset_0
[15,F,0.192219,00000011,19.2219,X]
[9,F,0.193195,00001100,19.3195,X]
[0,F,0.225873,11000000,22.5873,X]
[1,F,0.262006,11000000,26.2006,X]
[16,F,0.311359,00000011,31.1359,X]
[4,F,0.428022,00110000,42.8022,X]
[10,F,0.453937,00001100,45.3937,X]
[11,F,0.540852,00001100,54.0852,X]
[5,F,0.551998,00100000,55.1998,X]
[2,F,0.659467,10000000,65.9467,X]
[6,F,0.677975,00100000,67.7975,X]
[8,F,0.723873,00010000,72.3873,X]
[7,F,0.741452,00100000,74.1452,X]
[17,F,0.819156,00000010,81.9156,X]
[18,F,0.848453,00000010,84.8453,X]
[12,F,0.896255,00001000,89.6255,X]
[3,F,0.899702,10000000,89.9702,X]
[19,F,0.924625,00000001,92.4625,X]
[20,F,0.928531,00000001,92.8531,X]
[14,F,0.934341,00000100,93.4341,X]
[13,F,0.93727,00001000,93.727,X]
GUIDE_TREE_PARTITION1=(((t1:42.94,t2:42.94):56.25,(t3:49.39,t4:49.39):49.8):0.81,((t5:12.23,t6:12.23):69.72,(t7:21.6,t8:21.6):60.35):18.05);
