Taxa bit representation:
t1 10000000
t2 01000000
t3 00100000
t4 00010000
t5 00001000
t6 00000100
t7 00000010
t8 00000001
Clade List (<taxon members> = <clade name>): 

>Dataset_0
[109,F,0.0078125,00000001,0.78125,X]
[110,F,0.0429688,00000001,4.29688,X]
[0,F,0.0478516,11111110,4.78516,X]
[111,F,0.0878906,00000001,8.78906,X]
[112,F,0.0966797,00000001,9.66797,X]
[1,F,0.0976562,11111110,9.76562,X]
[2,F,0.128877,11111100,12.8877,X]
[3,F,0.129853,11111100,12.9853,X]
[78,F,0.141572,00000010,14.1572,X]
[4,F,0.142548,11111100,14.2548,X]
[79,F,0.145478,00000010,14.5478,X]
[5,F,0.152314,11111100,15.2314,X]
[6,F,0.172822,11111100,17.2822,X]
[80,F,0.175752,00000010,17.5752,X]
[7,F,0.200166,11111100,20.0166,X]
[81,F,0.205048,00000010,20.5048,X]
[82,F,0.215791,00000010,21.5791,X]
[83,F,0.231416,00000010,23.1416,X]
[113,F,0.235352,00000001,23.5352,X]
[84,F,0.237275,00000010,23.7275,X]
[63,F,0.23983,00000100,23.983,X]
[8,F,0.250572,11111000,25.0572,X]
[85,F,0.263642,00000010,26.3642,X]
[64,F,0.264244,00000100,26.4244,X]
[114,F,0.267578,00000001,26.7578,X]
[65,F,0.279869,00000100,27.9869,X]
[9,F,0.281025,11110000,28.1025,X]
[10,F,0.284931,11110000,28.4931,X]
[41,F,0.294697,00001000,29.4697,X]
[42,F,0.309345,00001000,30.9345,X]
[86,F,0.310517,00000010,31.0517,X]
[43,F,0.319111,00001000,31.9111,X]
[115,F,0.329102,00000001,32.9102,X]
[87,F,0.335908,00000010,33.5908,X]
[88,F,0.358369,00000010,35.8369,X]
[116,F,0.362305,00000001,36.2305,X]
[117,F,0.369141,00000001,36.9141,X]
[44,F,0.369892,00001000,36.9892,X]
[89,F,0.370088,00000010,37.0087,X]
[118,F,0.371094,00000001,37.1094,X]
[90,F,0.382783,00000010,38.2783,X]
[45,F,0.385517,00001000,38.5517,X]
[46,F,0.386494,00001000,38.6494,X]
[66,F,0.39022,00000100,39.022,X]
[119,F,0.391602,00000001,39.1602,X]
[91,F,0.392548,00000010,39.2548,X]
[92,F,0.419892,00000010,41.9892,X]
[11,F,0.423603,11110000,42.3603,X]
[120,F,0.423828,00000001,42.3828,X]
[93,F,0.4404,00000010,44.04,X]
[121,F,0.448242,00000001,44.8242,X]
[47,F,0.456806,00001000,45.6806,X]
[94,F,0.481416,00000010,48.1416,X]
[95,F,0.518525,00000010,51.8525,X]
[48,F,0.521259,00001000,52.1259,X]
[27,F,0.547267,00010000,54.7267,X]
[67,F,0.547447,00000100,54.7447,X]
[68,F,0.551353,00000100,55.1353,X]
[69,F,0.555259,00000100,55.5259,X]
[96,F,0.555634,00000010,55.5634,X]
[97,F,0.558564,00000010,55.8564,X]
[122,F,0.5625,00000001,56.25,X]
[12,F,0.562892,11100000,56.2892,X]
[13,F,0.584377,11100000,58.4377,X]
[49,F,0.587666,00001000,58.7666,X]
[28,F,0.598048,00010000,59.8048,X]
[50,F,0.599384,00001000,59.9384,X]
[29,F,0.600978,00010000,60.0978,X]
[98,F,0.603486,00000010,60.3486,X]
[99,F,0.613252,00000010,61.3252,X]
[51,F,0.616963,00001000,61.6963,X]
[100,F,0.626923,00000010,62.6923,X]
[123,F,0.629883,00000001,62.9883,X]
[30,F,0.632228,00010000,63.2228,X]
[52,F,0.632588,00001000,63.2588,X]
[70,F,0.636314,00000100,63.6314,X]
[124,F,0.646484,00000001,64.6484,X]
[71,F,0.659752,00000100,65.9752,X]
[72,F,0.669517,00000100,66.9517,X]
[125,F,0.679688,00000001,67.9688,X]
[53,F,0.691181,00001000,69.1181,X]
[54,F,0.703877,00001000,70.3877,X]
[126,F,0.711914,00000001,71.1914,X]
[31,F,0.718166,00010000,71.8166,X]
[127,F,0.737305,00000001,73.7305,X]
[128,F,0.738281,00000001,73.8281,X]
[14,F,0.738673,11100000,73.8673,X]
[129,F,0.743164,00000001,74.3164,X]
[101,F,0.747041,00000010,74.7041,X]
[55,F,0.748798,00001000,74.8798,X]
[73,F,0.751548,00000100,75.1548,X]
[74,F,0.756431,00000100,75.6431,X]
[75,F,0.758384,00000100,75.8384,X]
[56,F,0.777119,00001000,77.7119,X]
[57,F,0.782002,00001000,78.2002,X]
[58,F,0.786884,00001000,78.6884,X]
[32,F,0.789455,00010000,78.9455,X]
[102,F,0.790009,00000010,79.0009,X]
[59,F,0.791767,00001000,79.1767,X]
[33,F,0.808009,00010000,80.8009,X]
[130,F,0.80957,00000001,80.957,X]
[15,F,0.8334,11100000,83.34,X]
[16,F,0.837306,11100000,83.7306,X]
[34,F,0.839259,00010000,83.9259,X]
[76,F,0.853111,00000100,85.3111,X]
[131,F,0.871094,00000001,87.1094,X]
[17,F,0.872463,11100000,87.2463,X]
[77,F,0.89022,00000100,89.022,X]
[35,F,0.894923,00010000,89.4923,X]
[103,F,0.900361,00000010,90.0361,X]
[132,F,0.912109,00000001,91.2109,X]
[133,F,0.914062,00000001,91.4062,X]
[18,F,0.914297,11000000,91.4297,X]
[60,F,0.920673,00001000,92.0673,X]
[61,F,0.923603,00001000,92.3603,X]
[36,F,0.92715,00010000,92.715,X]
[104,F,0.933564,00000010,93.3564,X]
[37,F,0.937892,00010000,93.7892,X]
[38,F,0.940822,00010000,94.0822,X]
[19,F,0.949453,11000000,94.9453,X]
[20,F,0.954336,11000000,95.4336,X]
[21,F,0.963125,11000000,96.3125,X]
[134,F,0.97168,00000001,97.168,X]
[135,F,0.973633,00000001,97.3633,X]
[39,F,0.974025,00010000,97.4025,X]
[22,F,0.976806,10000000,97.6806,X]
[105,F,0.979463,00000010,97.9463,X]
[62,F,0.980244,00001000,98.0244,X]
[106,F,0.980439,00000010,98.0439,X]
[23,F,0.980713,10000000,98.0713,X]
[25,F,0.982656,00100000,98.2656,X]
[107,F,0.985322,00000010,98.5322,X]
[24,F,0.985595,01000000,98.5595,X]
[40,F,0.985744,00010000,98.5744,X]
[136,F,0.989258,00000001,98.9258,X]
[108,F,0.990205,00000010,99.0205,X]
[26,F,0.991445,00100000,99.1445,X]
GUIDE_TREE_PARTITION1=(((((((t1:2.71,t2:2.71):8.79,t3:11.5):36.41,t4:47.91):25.55,t5:73.46):2.85,t6:76.31):10.9,t7:87.21):12.79,t8:100);
