Taxa bit representation:
t1 10000000
t2 01000000
t3 00100000
t4 00010000
t5 00001000
t6 00000100
t7 00000010
t8 00000001
Clade List (<taxon members> = <clade name>): 

>Dataset_0
[71,F,0.00683594,00001111,0.683594,X]
[0,F,0.0214844,11110000,2.14844,X]
[1,F,0.0332031,11110000,3.32031,X]
[2,F,0.0585938,11110000,5.85938,X]
[72,F,0.102539,00001111,10.2539,X]
[3,F,0.160156,11110000,16.0156,X]
[4,F,0.171875,11110000,17.1875,X]
[73,F,0.203125,00001111,20.3125,X]
[74,F,0.210938,00001111,21.0938,X]
[75,F,0.213867,00001111,21.3867,X]
[5,F,0.227833,11000000,22.7833,X]
[6,F,0.238575,11000000,23.8575,X]
[112,F,0.239166,00000011,23.9166,X]
[7,F,0.239552,11000000,23.9552,X]
[8,F,0.25127,11000000,25.127,X]
[76,F,0.255253,00001000,25.5253,X]
[113,F,0.255767,00000011,25.5767,X]
[9,F,0.264942,11000000,26.4942,X]
[10,F,0.276661,11000000,27.6661,X]
[36,F,0.307911,00110000,30.7911,X]
[99,F,0.31287,00000100,31.287,X]
[77,F,0.31873,00001000,31.873,X]
[78,F,0.322636,00001000,32.2636,X]
[79,F,0.332402,00001000,33.2402,X]
[37,F,0.352833,00110000,35.2833,X]
[11,F,0.358692,11000000,35.8692,X]
[114,F,0.384277,00000010,38.4277,X]
[134,F,0.398925,00000001,39.8925,X]
[135,F,0.400878,00000001,40.0878,X]
[38,F,0.403614,00110000,40.3614,X]
[100,F,0.407597,00000100,40.7597,X]
[101,F,0.414433,00000100,41.4433,X]
[115,F,0.427245,00000010,42.7245,X]
[80,F,0.432988,00001000,43.2988,X]
[12,F,0.44463,11000000,44.463,X]
[81,F,0.460331,00001000,46.0331,X]
[136,F,0.460448,00000001,46.0448,X]
[13,F,0.467091,11000000,46.7091,X]
[137,F,0.467284,00000001,46.7284,X]
[14,F,0.471973,11000000,47.1973,X]
[15,F,0.480762,11000000,48.0763,X]
[116,F,0.481933,00000010,48.1933,X]
[39,F,0.506153,00110000,50.6153,X]
[82,F,0.511113,00001000,51.1113,X]
[102,F,0.515019,00000100,51.5019,X]
[40,F,0.529678,00100000,52.9678,X]
[117,F,0.530761,00000010,53.0761,X]
[118,F,0.533691,00000010,53.3691,X]
[16,F,0.534473,11000000,53.4473,X]
[17,F,0.546192,11000000,54.6192,X]
[138,F,0.546386,00000001,54.6386,X]
[41,F,0.552139,00100000,55.2139,X]
[83,F,0.557011,00001000,55.7011,X]
[55,F,0.557022,00010000,55.7022,X]
[139,F,0.558105,00000001,55.8105,X]
[119,F,0.561034,00000010,56.1034,X]
[42,F,0.568741,00100000,56.8741,X]
[84,F,0.579472,00001000,57.9472,X]
[120,F,0.579589,00000010,57.9589,X]
[43,F,0.586319,00100000,58.6319,X]
[140,F,0.586425,00000001,58.6425,X]
[103,F,0.59412,00000100,59.412,X]
[141,F,0.594237,00000001,59.4237,X]
[142,F,0.60205,00000001,60.205,X]
[44,F,0.609756,00100000,60.9756,X]
[56,F,0.610733,00010000,61.0733,X]
[57,F,0.615616,00010000,61.5616,X]
[143,F,0.619628,00000001,61.9628,X]
[121,F,0.627441,00000010,62.7441,X]
[85,F,0.632206,00001000,63.2206,X]
[86,F,0.636113,00001000,63.6113,X]
[58,F,0.636123,00010000,63.6123,X]
[144,F,0.645019,00000001,64.5019,X]
[122,F,0.646972,00000010,64.6972,X]
[18,F,0.654591,11000000,65.4591,X]
[104,F,0.655644,00000100,65.5644,X]
[145,F,0.656737,00000001,65.6737,X]
[59,F,0.660537,00010000,66.0537,X]
[105,F,0.663456,00000100,66.3456,X]
[45,F,0.672256,00100000,67.2256,X]
[106,F,0.673222,00000100,67.3222,X]
[87,F,0.675175,00001000,67.5175,X]
[88,F,0.680058,00001000,68.0058,X]
[146,F,0.680175,00000001,68.0175,X]
[147,F,0.681152,00000001,68.1152,X]
[46,F,0.682998,00100000,68.2998,X]
[19,F,0.683887,11000000,68.3888,X]
[60,F,0.687881,00010000,68.7881,X]
[89,F,0.688847,00001000,68.8847,X]
[90,F,0.692753,00001000,69.2753,X]
[148,F,0.6958,00000001,69.58,X]
[91,F,0.697636,00001000,69.7636,X]
[20,F,0.703472,10000000,70.3472,X]
[31,F,0.710308,01000000,71.0308,X]
[92,F,0.714238,00001000,71.4238,X]
[21,F,0.715191,10000000,71.5191,X]
[149,F,0.722167,00000001,72.2167,X]
[61,F,0.726944,00010000,72.6944,X]
[47,F,0.72792,00100000,72.792,X]
[62,F,0.732803,00010000,73.2803,X]
[63,F,0.747452,00010000,74.7452,X]
[32,F,0.748394,01000000,74.8394,X]
[107,F,0.749394,00000100,74.9394,X]
[48,F,0.764053,00100000,76.4053,X]
[108,F,0.766972,00000100,76.6972,X]
[123,F,0.767089,00000010,76.7089,X]
[124,F,0.768066,00000010,76.8066,X]
[125,F,0.79248,00000010,79.248,X]
[126,F,0.794433,00000010,79.4433,X]
[64,F,0.79628,00010000,79.628,X]
[49,F,0.798233,00100000,79.8233,X]
[33,F,0.808941,01000000,80.8941,X]
[150,F,0.813964,00000001,81.3964,X]
[50,F,0.816787,00100000,81.6787,X]
[93,F,0.820683,00001000,82.0683,X]
[94,F,0.821659,00001000,82.1659,X]
[65,F,0.830459,00010000,83.0459,X]
[22,F,0.835308,10000000,83.5308,X]
[127,F,0.837402,00000010,83.7402,X]
[109,F,0.838261,00000100,83.8261,X]
[95,F,0.838261,00001000,83.8261,X]
[66,F,0.843155,00010000,84.3155,X]
[34,F,0.84898,01000000,84.898,X]
[23,F,0.851909,10000000,85.1909,X]
[35,F,0.857769,01000000,85.7769,X]
[96,F,0.857792,00001000,85.7792,X]
[128,F,0.868652,00000010,86.8652,X]
[51,F,0.871475,00100000,87.1475,X]
[67,F,0.872452,00010000,87.2452,X]
[24,F,0.889019,10000000,88.9019,X]
[129,F,0.894042,00000010,89.4042,X]
[25,F,0.894878,10000000,89.4878,X]
[97,F,0.901738,00001000,90.1738,X]
[68,F,0.905655,00010000,90.5655,X]
[26,F,0.907573,10000000,90.7573,X]
[52,F,0.92128,00100000,92.128,X]
[69,F,0.930069,00010000,93.0069,X]
[130,F,0.936034,00000010,93.6034,X]
[131,F,0.938964,00000010,93.8964,X]
[110,F,0.944706,00000100,94.4706,X]
[27,F,0.945659,10000000,94.5659,X]
[111,F,0.951542,00000100,95.1542,X]
[28,F,0.965191,10000000,96.5191,X]
[53,F,0.971084,00100000,97.1084,X]
[29,F,0.972027,10000000,97.2027,X]
[151,F,0.976073,00000001,97.6073,X]
[98,F,0.978886,00001000,97.8886,X]
[70,F,0.979873,00010000,97.9873,X]
[54,F,0.98085,00100000,98.085,X]
[132,F,0.989745,00000010,98.9745,X]
[133,F,0.991698,00000010,99.1698,X]
[30,F,0.995464,10000000,99.5464,X]
GUIDE_TREE_PARTITION1=(((t1:31.02,t2:31.02):49.81,(t3:48.79,t4:48.79):32.04):19.17,((t5:74.67,t6:74.67):2.39,(t7:61.67,t8:61.67):15.39):22.94);
