Taxa bit representation:
t1 10000000
t2 01000000
t3 00100000
t4 00010000
t5 00001000
t6 00000100
t7 00000010
t8 00000001
Clade List (<taxon members> = <clade name>): 

>Dataset_0
[0,F,0.0107422,11110000,1.07422,X]
[39,F,0.0214844,00001111,2.14844,X]
[1,F,0.0287125,11000000,2.87125,X]
[2,F,0.0462906,11000000,4.62906,X]
[23,F,0.0902359,00110000,9.02359,X]
[3,F,0.113673,11000000,11.3673,X]
[40,F,0.132812,00001111,13.2812,X]
[24,F,0.150783,00110000,15.0783,X]
[4,F,0.161525,11000000,16.1525,X]
[13,F,0.230805,01000000,23.0805,X]
[14,F,0.241547,01000000,24.1547,X]
[41,F,0.288108,00001100,28.8108,X]
[42,F,0.304709,00001100,30.4709,X]
[15,F,0.318695,01000000,31.8695,X]
[5,F,0.331391,10000000,33.1391,X]
[6,F,0.33432,10000000,33.432,X]
[16,F,0.346039,01000000,34.6039,X]
[54,F,0.348655,00000011,34.8655,X]
[43,F,0.355491,00001100,35.5491,X]
[44,F,0.372092,00001100,37.2092,X]
[45,F,0.441428,00001100,44.1428,X]
[55,F,0.447288,00000011,44.7287,X]
[17,F,0.447602,01000000,44.7602,X]
[7,F,0.475922,10000000,47.5922,X]
[18,F,0.485687,01000000,48.5688,X]
[56,F,0.498069,00000011,49.8069,X]
[25,F,0.527736,00110000,52.7736,X]
[26,F,0.530666,00110000,53.0666,X]
[57,F,0.532248,00000011,53.2248,X]
[8,F,0.539398,10000000,53.9398,X]
[9,F,0.568695,10000000,56.8695,X]
[34,F,0.583705,00010000,58.3705,X]
[10,F,0.598969,10000000,59.8969,X]
[11,F,0.606781,10000000,60.6781,X]
[58,F,0.616233,00000011,61.6233,X]
[27,F,0.617884,00100000,61.7884,X]
[28,F,0.631556,00100000,63.1556,X]
[59,F,0.633811,00000011,63.3811,X]
[60,F,0.635764,00000011,63.5764,X]
[35,F,0.663783,00010000,66.3783,X]
[19,F,0.694672,01000000,69.4672,X]
[20,F,0.70932,01000000,70.932,X]
[36,F,0.747767,00010000,74.7767,X]
[46,F,0.749045,00001100,74.9045,X]
[29,F,0.753627,00100000,75.3627,X]
[47,F,0.792644,00001000,79.2644,X]
[51,F,0.839519,00000100,83.9519,X]
[61,F,0.850608,00000011,85.0608,X]
[30,F,0.851283,00100000,85.1283,X]
[21,F,0.863617,01000000,86.3617,X]
[48,F,0.868816,00001000,86.8816,X]
[37,F,0.870814,00010000,87.0814,X]
[12,F,0.876313,10000000,87.6313,X]
[22,F,0.889984,01000000,88.9984,X]
[31,F,0.894252,00100000,89.4252,X]
[62,F,0.909664,00000010,90.9664,X]
[32,F,0.91183,00100000,91.183,X]
[63,F,0.914547,00000010,91.4547,X]
[52,F,0.915691,00000100,91.5691,X]
[53,F,0.929362,00000100,92.9363,X]
[64,F,0.935055,00000010,93.5055,X]
[33,F,0.935267,00100000,93.5267,X]
[49,F,0.937175,00001000,93.7175,X]
[38,F,0.938197,00010000,93.8197,X]
[50,F,0.944987,00001000,94.4988,X]
[66,F,0.949703,00000001,94.9703,X]
[67,F,0.966305,00000001,96.6305,X]
[65,F,0.984859,00000010,98.4859,X]
GUIDE_TREE_PARTITION1=(((t1:81.9,t2:81.9):16.01,(t3:46.61,t4:46.61):51.3):2.09,((t5:23.47,t6:23.47):49.77,(t7:14.6,t8:14.6):58.64):26.76);
