Taxa bit representation:
t1 10000000
t2 01000000
t3 00100000
t4 00010000
t5 00001000
t6 00000100
t7 00000010
t8 00000001
Clade List (<taxon members> = <clade name>): 

>Dataset_0
[44,F,0.0078125,00000001,0.78125,X]
[32,F,0.0101063,00000010,1.01063,X]
[45,F,0.0292969,00000001,2.92969,X]
[33,F,0.0315906,00000010,3.15906,X]
[0,F,0.0452094,11111000,4.52094,X]
[25,F,0.0520453,00000100,5.20453,X]
[1,F,0.0741781,11110000,7.41781,X]
[46,F,0.0917969,00000001,9.17969,X]
[14,F,0.106405,00001000,10.6405,X]
[34,F,0.123387,00000010,12.3387,X]
[15,F,0.139608,00001000,13.9608,X]
[26,F,0.163373,00000100,16.3373,X]
[27,F,0.191694,00000100,19.1694,X]
[35,F,0.192723,00000010,19.2723,X]
[28,F,0.308881,00000100,30.8881,X]
[36,F,0.3187,00000010,31.87,X]
[16,F,0.341756,00001000,34.1756,X]
[17,F,0.352498,00001000,35.2498,X]
[11,F,0.363925,00010000,36.3925,X]
[2,F,0.388339,11100000,38.8339,X]
[47,F,0.401367,00000001,40.1367,X]
[37,F,0.41245,00000010,41.245,X]
[18,F,0.441366,00001000,44.1366,X]
[3,F,0.449862,11100000,44.9862,X]
[19,F,0.461873,00001000,46.1873,X]
[48,F,0.473633,00000001,47.3633,X]
[4,F,0.503573,11100000,50.3573,X]
[38,F,0.516942,00000010,51.6942,X]
[39,F,0.53452,00000010,53.452,X]
[20,F,0.551717,00001000,55.1717,X]
[49,F,0.59082,00000001,59.082,X]
[50,F,0.600586,00000001,60.0586,X]
[29,F,0.60185,00000100,60.185,X]
[40,F,0.622411,00000010,62.2411,X]
[51,F,0.626953,00000001,62.6953,X]
[21,F,0.65035,00001000,65.035,X]
[41,F,0.652684,00000010,65.2684,X]
[52,F,0.654297,00000001,65.4297,X]
[12,F,0.671542,00010000,67.1542,X]
[42,F,0.679052,00000010,67.9052,X]
[53,F,0.703125,00000001,70.3125,X]
[54,F,0.745117,00000001,74.5117,X]
[22,F,0.748983,00001000,74.8983,X]
[55,F,0.777344,00000001,77.7344,X]
[9,F,0.817655,01000000,81.7655,X]
[30,F,0.876264,00000100,87.6264,X]
[5,F,0.890897,10000000,89.0897,X]
[43,F,0.895848,00000010,89.5848,X]
[13,F,0.899081,00010000,89.9081,X]
[31,F,0.912397,00000100,91.2397,X]
[10,F,0.941678,01000000,94.1678,X]
[23,F,0.950155,00001000,95.0155,X]
[6,F,0.953397,10000000,95.3397,X]
[7,F,0.974881,10000000,97.4881,X]
[24,F,0.976522,00001000,97.6522,X]
[8,F,0.998319,10000000,99.8319,X]
GUIDE_TREE_PARTITION1=(((((((t1:26.34,t2:26.34):2.57,t3:28.91):36.26,t4:65.17):29.17,t5:94.34):4.85,t6:99.19):0.19,t7:99.38):0.62,t8:100);
