Taxa bit representation:
t1 10000000
t2 01000000
t3 00100000
t4 00010000
t5 00001000
t6 00000100
t7 00000010
t8 00000001
Clade List (<taxon members> = <clade name>): 

>Dataset_0
[67,F,0.0283203,00000011,2.83203,X]
[68,F,0.0341797,00000011,3.41797,X]
[69,F,0.0380859,00000011,3.80859,X]
[0,F,0.0585938,11111100,5.85938,X]
[1,F,0.0634766,11111100,6.34766,X]
[2,F,0.0810547,11111100,8.10547,X]
[3,F,0.09375,11111100,9.375,X]
[4,F,0.117188,11111100,11.7188,X]
[70,F,0.126953,00000011,12.6953,X]
[71,F,0.140625,00000011,14.0625,X]
[5,F,0.179688,11111100,17.9688,X]
[6,F,0.188477,11111100,18.8477,X]
[72,F,0.208984,00000011,20.8984,X]
[7,F,0.235352,11111100,23.5352,X]
[8,F,0.242188,11111100,24.2188,X]
[73,F,0.262695,00000011,26.2695,X]
[9,F,0.294922,11111100,29.4922,X]
[74,F,0.358398,00000011,35.8398,X]
[53,F,0.400948,00001100,40.0948,X]
[75,F,0.414062,00000011,41.4062,X]
[54,F,0.435128,00001100,43.5128,X]
[10,F,0.460753,11100000,46.0753,X]
[35,F,0.46173,00010000,46.173,X]
[11,F,0.48712,11100000,48.712,X]
[76,F,0.511719,00000011,51.1719,X]
[77,F,0.524414,00000011,52.4414,X]
[12,F,0.527159,11100000,52.7159,X]
[36,F,0.534972,00010000,53.4972,X]
[55,F,0.555245,00001100,55.5245,X]
[78,F,0.561523,00000011,56.1523,X]
[37,F,0.564269,00010000,56.4269,X]
[79,F,0.566406,00000011,56.6406,X]
[38,F,0.568175,00010000,56.8175,X]
[39,F,0.58087,00010000,58.087,X]
[40,F,0.588683,00010000,58.8683,X]
[56,F,0.597238,00001100,59.7238,X]
[41,F,0.621886,00010000,62.1886,X]
[26,F,0.630253,00100000,63.0253,X]
[13,F,0.642948,11000000,64.2948,X]
[14,F,0.644902,11000000,64.4902,X]
[27,F,0.646855,00100000,64.6855,X]
[28,F,0.676152,00100000,67.6152,X]
[42,F,0.692198,00010000,69.2198,X]
[43,F,0.701964,00010000,70.1964,X]
[80,F,0.709236,00000010,70.9236,X]
[44,F,0.710753,00010000,71.0753,X]
[57,F,0.712472,00001100,71.2472,X]
[45,F,0.714659,00010000,71.4659,X]
[29,F,0.715214,00100000,71.5214,X]
[15,F,0.72498,11000000,72.498,X]
[58,F,0.726144,00001100,72.6144,X]
[16,F,0.731816,11000000,73.1816,X]
[30,F,0.740605,00100000,74.0605,X]
[81,F,0.753181,00000010,75.3181,X]
[31,F,0.75623,00100000,75.623,X]
[91,F,0.765877,00000001,76.5877,X]
[17,F,0.773808,11000000,77.3808,X]
[92,F,0.778572,00000001,77.8572,X]
[82,F,0.794197,00000010,79.4197,X]
[59,F,0.79548,00001100,79.548,X]
[46,F,0.798644,00010000,79.8644,X]
[83,F,0.800056,00000010,80.0056,X]
[18,F,0.800175,11000000,80.0175,X]
[60,F,0.805245,00001100,80.5245,X]
[47,F,0.817198,00010000,81.7198,X]
[48,F,0.818175,00010000,81.8175,X]
[32,F,0.822636,00100000,82.2636,X]
[84,F,0.831306,00000010,83.1306,X]
[85,F,0.833259,00000010,83.3259,X]
[93,F,0.839119,00000001,83.9119,X]
[33,F,0.840214,00100000,84.0214,X]
[19,F,0.840214,11000000,84.0214,X]
[61,F,0.862863,00001100,86.2863,X]
[62,F,0.867745,00001100,86.7745,X]
[94,F,0.870369,00000001,87.0369,X]
[86,F,0.880134,00000010,88.0134,X]
[20,F,0.880253,11000000,88.0253,X]
[49,F,0.884581,00010000,88.4581,X]
[87,F,0.885017,00000010,88.5017,X]
[63,F,0.901925,00001100,90.1925,X]
[88,F,0.911384,00000010,91.1384,X]
[89,F,0.913337,00000010,91.3337,X]
[90,F,0.915291,00000010,91.5291,X]
[21,F,0.916783,10000000,91.6783,X]
[64,F,0.920653,00001000,92.0653,X]
[22,F,0.935337,10000000,93.5337,X]
[23,F,0.941197,01000000,94.1197,X]
[50,F,0.951964,00010000,95.1964,X]
[51,F,0.965636,00010000,96.5636,X]
[65,F,0.97827,00001000,97.827,X]
[24,F,0.978306,01000000,97.8306,X]
[25,F,0.982212,01000000,98.2212,X]
[34,F,0.983769,00100000,98.3769,X]
[66,F,0.98413,00000100,98.413,X]
[52,F,0.986144,00010000,98.6144,X]
[95,F,0.990486,00000001,99.0486,X]
GUIDE_TREE_PARTITION1=(((((t1:8.81,t2:8.81):28.36,t3:37.17):16.95,t4:54.12):7.25,(t5:8.13,t6:8.13):53.24):38.63,(t7:29.76,t8:29.76):70.24);
