Taxa bit representation:
t1 10000000
t2 01000000
t3 00100000
t4 00010000
t5 00001000
t6 00000100
t7 00000010
t8 00000001
Clade List (<taxon members> = <clade name>): 

>Dataset_0
[0,F,0.0107422,11110000,1.07422,X]
[1,F,0.0498047,11110000,4.98047,X]
[64,F,0.115234,00001111,11.5234,X]
[65,F,0.138672,00001111,13.8672,X]
[2,F,0.148438,11110000,14.8438,X]
[66,F,0.148438,00001111,14.8438,X]
[67,F,0.15332,00001111,15.332,X]
[68,F,0.165039,00001111,16.5039,X]
[69,F,0.171875,00001111,17.1875,X]
[70,F,0.202148,00001111,20.2148,X]
[3,F,0.223633,11110000,22.3633,X]
[71,F,0.251433,00001100,25.1433,X]
[72,F,0.260222,00001100,26.0222,X]
[73,F,0.262175,00001100,26.2175,X]
[101,F,0.305144,00000011,30.5144,X]
[4,F,0.310958,11000000,31.0958,X]
[5,F,0.315841,11000000,31.5841,X]
[74,F,0.324675,00001100,32.4675,X]
[6,F,0.326583,11000000,32.6583,X]
[39,F,0.35588,00110000,35.588,X]
[40,F,0.373458,00110000,37.3458,X]
[75,F,0.378386,00001100,37.8386,X]
[76,F,0.379363,00001100,37.9363,X]
[41,F,0.433028,00110000,43.3028,X]
[42,F,0.434005,00110000,43.4005,X]
[102,F,0.456511,00000011,45.6511,X]
[103,F,0.4653,00000011,46.53,X]
[77,F,0.466277,00001100,46.6277,X]
[7,F,0.484091,10000000,48.4091,X]
[43,F,0.496505,00110000,49.6505,X]
[78,F,0.498503,00001100,49.8503,X]
[44,F,0.504317,00110000,50.4317,X]
[8,F,0.504598,10000000,50.4598,X]
[79,F,0.515105,00001100,51.5105,X]
[104,F,0.518034,00000011,51.8034,X]
[9,F,0.525106,10000000,52.5106,X]
[21,F,0.531942,01000000,53.1942,X]
[45,F,0.548263,00110000,54.8263,X]
[105,F,0.554167,00000011,55.4167,X]
[106,F,0.55612,00000011,55.612,X]
[10,F,0.558309,10000000,55.8309,X]
[80,F,0.56198,00001100,56.198,X]
[46,F,0.564864,00110000,56.4864,X]
[22,F,0.574911,01000000,57.4911,X]
[23,F,0.58663,01000000,58.663,X]
[11,F,0.587606,10000000,58.7606,X]
[12,F,0.590536,10000000,59.0536,X]
[107,F,0.596159,00000011,59.6159,X]
[89,F,0.599114,00000100,59.9114,X]
[24,F,0.606161,01000000,60.6161,X]
[25,F,0.609091,01000000,60.9091,X]
[108,F,0.613738,00000011,61.3738,X]
[26,F,0.61788,01000000,61.788,X]
[90,F,0.624505,00000100,62.4505,X]
[13,F,0.637411,10000000,63.7411,X]
[14,F,0.638387,10000000,63.8387,X]
[27,F,0.642294,01000000,64.2294,X]
[28,F,0.64913,01000000,64.913,X]
[109,F,0.653777,00000011,65.3777,X]
[47,F,0.663497,00110000,66.3497,X]
[48,F,0.66545,00110000,66.545,X]
[91,F,0.667473,00000100,66.7473,X]
[92,F,0.674309,00000100,67.4309,X]
[29,F,0.68038,01000000,68.038,X]
[93,F,0.694817,00000100,69.4817,X]
[15,F,0.697958,10000000,69.7958,X]
[94,F,0.70263,00000100,70.263,X]
[30,F,0.704794,01000000,70.4794,X]
[49,F,0.712325,00110000,71.2325,X]
[95,F,0.713372,00000100,71.3372,X]
[81,F,0.716302,00001000,71.6302,X]
[50,F,0.721114,00110000,72.1114,X]
[31,F,0.735067,01000000,73.5067,X]
[96,F,0.742669,00000100,74.2669,X]
[51,F,0.746505,00110000,74.6505,X]
[97,F,0.755364,00000100,75.5364,X]
[16,F,0.756552,10000000,75.6552,X]
[32,F,0.760458,01000000,76.0458,X]
[52,F,0.764083,00110000,76.4083,X]
[33,F,0.765341,01000000,76.5341,X]
[17,F,0.7712,10000000,77.12,X]
[18,F,0.776083,10000000,77.6083,X]
[19,F,0.783895,10000000,78.3895,X]
[53,F,0.785567,00110000,78.5567,X]
[20,F,0.785848,10000000,78.5848,X]
[110,F,0.827605,00000011,82.7605,X]
[111,F,0.832488,00000011,83.2488,X]
[54,F,0.834395,00110000,83.4395,X]
[82,F,0.841302,00001000,84.1302,X]
[55,F,0.842208,00110000,84.2208,X]
[112,F,0.845183,00000011,84.5183,X]
[83,F,0.845208,00001000,84.5208,X]
[34,F,0.857137,01000000,85.7138,X]
[84,F,0.865716,00001000,86.5716,X]
[56,F,0.877364,00110000,87.7364,X]
[98,F,0.877434,00000100,87.7434,X]
[57,F,0.889083,00110000,88.9083,X]
[58,F,0.897872,00110000,89.7872,X]
[59,F,0.901778,00110000,90.1778,X]
[35,F,0.904989,01000000,90.4989,X]
[99,F,0.914544,00000100,91.4544,X]
[85,F,0.916497,00001000,91.6497,X]
[86,F,0.920403,00001000,92.0403,X]
[117,F,0.921353,00000001,92.1353,X]
[36,F,0.921591,01000000,92.1591,X]
[37,F,0.93038,01000000,93.038,X]
[100,F,0.931145,00000100,93.1145,X]
[113,F,0.948697,00000010,94.8697,X]
[114,F,0.949673,00000010,94.9673,X]
[118,F,0.95358,00000001,95.358,X]
[87,F,0.962395,00001000,96.2395,X]
[60,F,0.967208,00110000,96.7208,X]
[61,F,0.969161,00110000,96.9161,X]
[62,F,0.982142,00010000,98.2142,X]
[63,F,0.985072,00010000,98.5072,X]
[115,F,0.985806,00000010,98.5806,X]
[116,F,0.988736,00000010,98.8736,X]
[38,F,0.990927,01000000,99.0927,X]
[88,F,0.995598,00001000,99.5598,X]
GUIDE_TREE_PARTITION1=(((t1:54.13,t2:54.13):19.95,(t3:2.86,t4:2.86):71.22):25.92,((t5:42.53,t6:42.53):35.94,(t7:8.06,t8:8.06):70.41):21.53);
