Taxa bit representation:
t1 10000000
t2 01000000
t3 00100000
t4 00010000
t5 00001000
t6 00000100
t7 00000010
t8 00000001
Clade List (<taxon members> = <clade name>): 

>Dataset_0
[0,F,0.00488281,11111110,0.488281,X]
[1,F,0.0405141,11111100,4.05141,X]
[2,F,0.0571156,11111100,5.71156,X]
[38,F,0.106445,00000001,10.6445,X]
[22,F,0.17093,00000100,17.093,X]
[3,F,0.17093,11111000,17.093,X]
[4,F,0.205109,11111000,20.5109,X]
[39,F,0.224609,00000001,22.4609,X]
[23,F,0.229523,00000100,22.9523,X]
[31,F,0.277819,00000010,27.7819,X]
[15,F,0.374056,00001000,37.4056,X]
[24,F,0.376984,00000100,37.6984,X]
[32,F,0.383288,00000010,38.3287,X]
[33,F,0.414538,00000010,41.4537,X]
[40,F,0.416992,00000001,41.6992,X]
[16,F,0.46683,00001000,46.683,X]
[34,F,0.485827,00000010,48.5827,X]
[5,F,0.488314,11110000,48.8314,X]
[17,F,0.497103,00001000,49.7103,X]
[35,F,0.503405,00000010,50.3405,X]
[36,F,0.515123,00000010,51.5123,X]
[41,F,0.550781,00000001,55.0781,X]
[42,F,0.568359,00000001,56.8359,X]
[25,F,0.625031,00000100,62.5031,X]
[43,F,0.647461,00000001,64.7461,X]
[18,F,0.674837,00001000,67.4838,X]
[26,F,0.692414,00000100,69.2414,X]
[9,F,0.707348,00010000,70.7348,X]
[37,F,0.719225,00000010,71.9225,X]
[19,F,0.721712,00001000,72.1713,X]
[10,F,0.766919,00010000,76.6919,X]
[6,F,0.782402,11000000,78.2402,X]
[8,F,0.810722,00100000,81.0722,X]
[11,F,0.823559,00010000,82.3559,X]
[27,F,0.833039,00000100,83.3039,X]
[20,F,0.833041,00001000,83.3041,X]
[28,F,0.860383,00000100,86.0383,X]
[12,F,0.885083,00010000,88.5083,X]
[7,F,0.8908,11000000,89.08,X]
[13,F,0.896802,00010000,89.6802,X]
[44,F,0.930664,00000001,93.0664,X]
[29,F,0.933625,00000100,93.3625,X]
[45,F,0.945312,00000001,94.5312,X]
[30,F,0.961945,00000100,96.1945,X]
[14,F,0.963208,00010000,96.3208,X]
[21,F,0.990267,00001000,99.0267,X]
GUIDE_TREE_PARTITION1=(((((((t1:0.38,t2:0.38):29.29,t3:29.67):1.06,t4:30.73):35.38,t5:66.11):17.09,t6:83.2):15.19,t7:98.39):1.61,t8:100);
