Taxa bit representation:
t1 10000000
t2 01000000
t3 00100000
t4 00010000
t5 00001000
t6 00000100
t7 00000010
t8 00000001
Clade List (<taxon members> = <clade name>): 

>Dataset_0
[0,F,0.0224609,11111110,2.24609,X]
[1,F,0.0283203,11111110,2.83203,X]
[2,F,0.0751953,11111110,7.51953,X]
[3,F,0.120059,11111100,12.0059,X]
[78,F,0.130802,00000010,13.0802,X]
[96,F,0.146484,00000001,14.6484,X]
[4,F,0.168887,11111100,16.8887,X]
[5,F,0.185489,11111100,18.5489,X]
[6,F,0.206973,11111100,20.6973,X]
[79,F,0.211856,00000010,21.1856,X]
[80,F,0.213809,00000010,21.3809,X]
[97,F,0.234375,00000001,23.4375,X]
[98,F,0.249023,00000001,24.9023,X]
[99,F,0.254883,00000001,25.4883,X]
[100,F,0.255859,00000001,25.5859,X]
[7,F,0.262637,11111100,26.2637,X]
[8,F,0.265567,11111100,26.5567,X]
[81,F,0.27045,00000010,27.045,X]
[82,F,0.285098,00000010,28.5098,X]
[9,F,0.290958,11111100,29.0958,X]
[83,F,0.290958,00000010,29.0958,X]
[10,F,0.29877,11111100,29.877,X]
[101,F,0.300781,00000001,30.0781,X]
[102,F,0.310547,00000001,31.0547,X]
[103,F,0.317383,00000001,31.7383,X]
[11,F,0.354434,11111100,35.4434,X]
[104,F,0.387695,00000001,38.7695,X]
[84,F,0.413028,00000010,41.3028,X]
[105,F,0.425781,00000001,42.5781,X]
[44,F,0.438825,00001000,43.8825,X]
[85,F,0.447208,00000010,44.7208,X]
[45,F,0.458356,00001000,45.8356,X]
[12,F,0.468889,11100000,46.8889,X]
[61,F,0.469828,00000100,46.9828,X]
[46,F,0.484723,00001000,48.4723,X]
[62,F,0.508891,00000100,50.8891,X]
[13,F,0.526506,11100000,52.6506,X]
[14,F,0.55385,11100000,55.385,X]
[106,F,0.5625,00000001,56.25,X]
[47,F,0.562848,00001000,56.2848,X]
[86,F,0.575137,00000010,57.5137,X]
[87,F,0.588809,00000010,58.8809,X]
[63,F,0.590922,00000100,59.0922,X]
[107,F,0.595703,00000001,59.5703,X]
[88,F,0.598575,00000010,59.8575,X]
[15,F,0.605608,11100000,60.5608,X]
[48,F,0.608747,00001000,60.8747,X]
[36,F,0.630022,00010000,63.0022,X]
[108,F,0.632812,00000001,63.2812,X]
[64,F,0.635844,00000100,63.5844,X]
[37,F,0.636858,00010000,63.6858,X]
[38,F,0.6476,00010000,64.76,X]
[65,F,0.651469,00000100,65.1469,X]
[109,F,0.652344,00000001,65.2344,X]
[26,F,0.653184,00100000,65.3184,X]
[49,F,0.662458,00001000,66.2458,X]
[66,F,0.664164,00000100,66.4164,X]
[67,F,0.669047,00000100,66.9047,X]
[27,F,0.671739,00100000,67.1739,X]
[16,F,0.681505,11000000,68.1505,X]
[39,F,0.684709,00010000,68.4709,X]
[40,F,0.689592,00010000,68.9592,X]
[28,F,0.6942,00100000,69.42,X]
[68,F,0.694437,00000100,69.4437,X]
[41,F,0.696428,00010000,69.6428,X]
[29,F,0.702989,00100000,70.2989,X]
[89,F,0.709903,00000010,70.9903,X]
[69,F,0.716898,00000100,71.6898,X]
[70,F,0.717875,00000100,71.7875,X]
[30,F,0.730333,00100000,73.0333,X]
[31,F,0.733262,00100000,73.3262,X]
[50,F,0.736677,00001000,73.6677,X]
[110,F,0.743164,00000001,74.3164,X]
[51,F,0.747419,00001000,74.7419,X]
[90,F,0.750919,00000010,75.0919,X]
[91,F,0.757755,00000010,75.7755,X]
[52,F,0.759137,00001000,75.9137,X]
[71,F,0.766703,00000100,76.6703,X]
[72,F,0.769633,00000100,76.9633,X]
[73,F,0.780375,00000100,78.0375,X]
[53,F,0.786481,00001000,78.6481,X]
[74,F,0.796,00000100,79.6,X]
[54,F,0.796247,00001000,79.6247,X]
[55,F,0.815778,00001000,81.5778,X]
[32,F,0.8192,00100000,81.92,X]
[111,F,0.824219,00000001,82.4219,X]
[56,F,0.83238,00001000,83.238,X]
[17,F,0.842852,10000000,84.2852,X]
[21,F,0.847734,01000000,84.7734,X]
[112,F,0.851562,00000001,85.1562,X]
[18,F,0.851641,10000000,85.1641,X]
[75,F,0.852641,00000100,85.2641,X]
[57,F,0.859723,00001000,85.9723,X]
[19,F,0.861406,10000000,86.1406,X]
[76,F,0.864359,00000100,86.4359,X]
[113,F,0.866211,00000001,86.6211,X]
[92,F,0.870059,00000010,87.0059,X]
[20,F,0.874102,10000000,87.4102,X]
[58,F,0.874372,00001000,87.4372,X]
[33,F,0.880723,00100000,88.0723,X]
[22,F,0.880937,01000000,88.0937,X]
[42,F,0.883928,00010000,88.3928,X]
[77,F,0.893656,00000100,89.3656,X]
[59,F,0.899762,00001000,89.9762,X]
[23,F,0.901445,01000000,90.1445,X]
[93,F,0.92377,00000010,92.377,X]
[94,F,0.932559,00000010,93.2559,X]
[24,F,0.932695,01000000,93.2695,X]
[25,F,0.950273,01000000,95.0273,X]
[34,F,0.967637,00100000,96.7637,X]
[35,F,0.97252,00100000,97.252,X]
[60,F,0.986677,00001000,98.6677,X]
[43,F,0.993303,00010000,99.3303,X]
[95,F,0.997989,00000010,99.7989,X]
GUIDE_TREE_PARTITION1=(((((((t1:20.5,t2:20.5):16.33,t3:36.83):17.16,t4:53.99):3.69,t5:57.68):0.22,t6:57.9):30.68,t7:88.58):11.42,t8:100);
