Taxa bit representation:
t1 10000000
t2 01000000
t3 00100000
t4 00010000
t5 00001000
t6 00000100
t7 00000010
t8 00000001
Clade List (<taxon members> = <clade name>): 

>Dataset_0
[0,F,0.0957031,11110000,9.57031,X]
[1,F,0.161133,11110000,16.1133,X]
[19,F,0.239383,00000001,23.9383,X]
[10,F,0.262948,00001100,26.2948,X]
[20,F,0.274539,00000001,27.4539,X]
[11,F,0.324472,00001100,32.4472,X]
[2,F,0.362305,11110000,36.2305,X]
[3,F,0.430664,11110000,43.0664,X]
[21,F,0.438602,00000001,43.8602,X]
[4,F,0.441406,11110000,44.1406,X]
[17,F,0.590945,00000010,59.0945,X]
[5,F,0.643714,11000000,64.3714,X]
[22,F,0.667117,00000001,66.7117,X]
[12,F,0.715097,00001100,71.5097,X]
[18,F,0.739383,00000010,73.9383,X]
[6,F,0.77848,11000000,77.848,X]
[13,F,0.793222,00001100,79.3222,X]
[9,F,0.824125,00010000,82.4125,X]
[15,F,0.838709,00000100,83.8709,X]
[7,F,0.850745,11000000,85.0745,X]
[16,F,0.872889,00000100,87.2889,X]
[14,F,0.946131,00001000,94.6131,X]
[8,F,0.965689,10000000,96.5689,X]
GUIDE_TREE_PARTITION1=(((t1:4.31,t2:4.31):46.26,(t3:19.15,t4:19.15):31.42):49.43,((t5:19.84,t6:19.84):74.08,(t7:89.05,t8:89.05):4.87):6.08);
