Taxa bit representation:
t1 10000000
t2 01000000
t3 00100000
t4 00010000
t5 00001000
t6 00000100
t7 00000010
t8 00000001
Clade List (<taxon members> = <clade name>): 

>Dataset_0
[17,F,0.0742188,00000001,7.42188,X]
[18,F,0.0820312,00000001,8.20312,X]
[0,F,0.141647,11111100,14.1647,X]
[14,F,0.290084,00000010,29.0084,X]
[1,F,0.306886,11111000,30.6886,X]
[2,F,0.447202,11110000,44.7202,X]
[9,F,0.502866,00001000,50.2866,X]
[3,F,0.543881,11110000,54.3881,X]
[4,F,0.559995,11100000,55.9995,X]
[12,F,0.564698,00000100,56.4698,X]
[10,F,0.572202,00001000,57.2202,X]
[11,F,0.587827,00001000,58.7827,X]
[5,F,0.599058,11100000,59.9058,X]
[13,F,0.611573,00000100,61.1573,X]
[19,F,0.621094,00000001,62.1094,X]
[15,F,0.736373,00000010,73.6373,X]
[20,F,0.807617,00000001,80.7617,X]
[6,F,0.823848,01000000,82.3848,X]
[7,F,0.893184,01000000,89.3184,X]
[8,F,0.895138,01000000,89.5138,X]
[16,F,0.903366,00000010,90.3366,X]
GUIDE_TREE_PARTITION1=(((((((t1:19.08,t2:19.08):0.6,t3:19.68):25.59,t4:45.27):11.67,t5:56.94):22.43,t6:79.37):12.52,t7:91.89):8.11,t8:100);
