Taxa bit representation:
t1 10000000
t2 01000000
t3 00100000
t4 00010000
t5 00001000
t6 00000100
t7 00000010
t8 00000001
Clade List (<taxon members> = <clade name>): 

>Dataset_0
[29,F,0.0537109,00000011,5.37109,X]
[30,F,0.0986328,00000011,9.86328,X]
[31,F,0.107422,00000011,10.7422,X]
[0,F,0.165039,11111100,16.5039,X]
[1,F,0.219581,11110000,21.9581,X]
[16,F,0.237159,00001100,23.7159,X]
[32,F,0.293945,00000011,29.3945,X]
[37,F,0.414631,00000001,41.4631,X]
[33,F,0.449788,00000010,44.9787,X]
[2,F,0.460792,11110000,46.0792,X]
[34,F,0.474202,00000010,47.4202,X]
[38,F,0.487873,00000001,48.7873,X]
[3,F,0.502784,11110000,50.2784,X]
[22,F,0.504809,00000100,50.4809,X]
[4,F,0.507667,11110000,50.7667,X]
[35,F,0.527913,00000010,52.7912,X]
[17,F,0.538989,00001000,53.8989,X]
[18,F,0.579028,00001000,57.9028,X]
[36,F,0.620686,00000010,62.0686,X]
[23,F,0.636645,00000100,63.6645,X]
[24,F,0.638598,00000100,63.8598,X]
[39,F,0.650959,00000001,65.0959,X]
[25,F,0.666919,00000100,66.6919,X]
[5,F,0.717153,11100000,71.7153,X]
[19,F,0.7177,00001000,71.77,X]
[20,F,0.724536,00001000,72.4536,X]
[13,F,0.725942,00010000,72.5942,X]
[14,F,0.748403,00010000,74.8403,X]
[26,F,0.764575,00000100,76.4575,X]
[27,F,0.785083,00000100,78.5083,X]
[6,F,0.798208,11100000,79.8208,X]
[21,F,0.80852,00001000,80.852,X]
[7,F,0.80895,11100000,80.895,X]
[8,F,0.81188,11100000,81.188,X]
[28,F,0.84563,00000100,84.563,X]
[40,F,0.869709,00000001,86.9709,X]
[11,F,0.911645,00100000,91.1645,X]
[15,F,0.915395,00010000,91.5395,X]
[9,F,0.960295,10000000,96.0295,X]
[12,F,0.966333,00100000,96.6333,X]
[10,F,0.986662,10000000,98.6662,X]
GUIDE_TREE_PARTITION1=(((((t1:5.24,t2:5.24):7.99,t3:13.23):27.75,t4:40.98):42.14,(t5:65.73,t6:65.73):17.39):16.88,(t7:60.49,t8:60.49):39.51);
