Taxa bit representation:
t1 10000000
t2 01000000
t3 00100000
t4 00010000
t5 00001000
t6 00000100
t7 00000010
t8 00000001
Clade List (<taxon members> = <clade name>): 

>Dataset_0
[13,F,0.0800781,00000011,8.00781,X]
[0,F,0.124023,11111100,12.4023,X]
[14,F,0.12793,00000011,12.793,X]
[1,F,0.230469,11111100,23.0469,X]
[15,F,0.265623,00000010,26.5623,X]
[2,F,0.413139,11110000,41.3139,X]
[16,F,0.421873,00000010,42.1873,X]
[3,F,0.548667,11100000,54.8667,X]
[8,F,0.565483,00001100,56.5483,X]
[4,F,0.666831,11100000,66.6831,X]
[17,F,0.694334,00000001,69.4334,X]
[18,F,0.712889,00000001,71.2889,X]
[19,F,0.757811,00000001,75.7811,X]
[20,F,0.759764,00000001,75.9764,X]
[9,F,0.775444,00001100,77.5444,X]
[21,F,0.79492,00000001,79.492,X]
[5,F,0.812833,11000000,81.2833,X]
[10,F,0.823295,00001100,82.3295,X]
[11,F,0.827202,00001100,82.7202,X]
[6,F,0.84213,00100000,84.213,X]
[22,F,0.92285,00000001,92.285,X]
[23,F,0.932616,00000001,93.2616,X]
[12,F,0.956308,00000100,95.6308,X]
[7,F,0.979331,00010000,97.9331,X]
GUIDE_TREE_PARTITION1=(((((t1:1.8,t2:1.8):20.53,t3:22.33):25.44,t4:47.77):21.17,(t5:6.42,t6:6.42):62.52):31.06,(t7:79.59,t8:79.59):20.41);
