Taxa bit representation:
t1 10000000
t2 01000000
t3 00100000
t4 00010000
t5 00001000
t6 00000100
t7 00000010
t8 00000001
Clade List (<taxon members> = <clade name>): 

>Dataset_0
[18,F,0.0904062,00110000,9.04062,X]
[31,F,0.185547,00001111,18.5547,X]
[0,F,0.195875,11000000,19.5875,X]
[1,F,0.243878,10000000,24.3878,X]
[19,F,0.316969,00110000,31.6969,X]
[8,F,0.341534,01000000,34.1534,X]
[32,F,0.413086,00001111,41.3086,X]
[9,F,0.419659,01000000,41.9659,X]
[2,F,0.44212,10000000,44.212,X]
[20,F,0.443077,00100000,44.3077,X]
[10,F,0.446027,01000000,44.6027,X]
[33,F,0.455078,00001111,45.5078,X]
[11,F,0.463605,01000000,46.3605,X]
[12,F,0.465558,01000000,46.5558,X]
[3,F,0.480206,10000000,48.0206,X]
[13,F,0.489972,01000000,48.9972,X]
[27,F,0.497764,00010000,49.7764,X]
[34,F,0.513672,00001111,51.3672,X]
[14,F,0.526105,01000000,52.6105,X]
[15,F,0.589581,01000000,58.9581,X]
[4,F,0.628644,10000000,62.8644,X]
[35,F,0.642578,00001111,64.2578,X]
[36,F,0.649414,00001111,64.9414,X]
[5,F,0.654034,10000000,65.4034,X]
[28,F,0.658897,00010000,65.8897,X]
[37,F,0.705438,00001100,70.5438,X]
[38,F,0.740594,00001100,74.0594,X]
[16,F,0.752667,01000000,75.2667,X]
[41,F,0.766495,00000001,76.6495,X]
[6,F,0.769269,10000000,76.9269,X]
[40,F,0.807511,00000010,80.7511,X]
[21,F,0.829795,00100000,82.9795,X]
[22,F,0.856163,00100000,85.6163,X]
[42,F,0.858292,00000001,85.8292,X]
[29,F,0.864952,00010000,86.4952,X]
[7,F,0.873761,10000000,87.3761,X]
[30,F,0.88253,00010000,88.253,X]
[43,F,0.901261,00000001,90.1261,X]
[17,F,0.907941,01000000,90.7941,X]
[39,F,0.933953,00001100,93.3953,X]
[23,F,0.943077,00100000,94.3077,X]
[44,F,0.94423,00000001,94.423,X]
[45,F,0.948136,00000001,94.8136,X]
[24,F,0.959678,00100000,95.9678,X]
[46,F,0.967667,00000001,96.7667,X]
[25,F,0.978233,00100000,97.8233,X]
[26,F,0.980186,00100000,98.0186,X]
GUIDE_TREE_PARTITION1=(((t1:77.37,t2:77.37):20.23,(t3:55.79,t4:55.79):41.81):2.4,((t5:5.72,t6:5.72):26.08,(t7:30.87,t8:30.87):0.93):68.2);
