Taxa bit representation:
t1 10000000
t2 01000000
t3 00100000
t4 00010000
t5 00001000
t6 00000100
t7 00000010
t8 00000001
Clade List (<taxon members> = <clade name>): 

>Dataset_0
[0,F,0.0242719,11110000,2.42719,X]
[15,F,0.21023,00000010,21.023,X]
[19,F,0.218042,00000001,21.8042,X]
[1,F,0.290873,11110000,29.0873,X]
[16,F,0.29812,00000010,29.812,X]
[13,F,0.524272,00001100,52.4272,X]
[2,F,0.531756,11100000,53.1756,X]
[9,F,0.532733,00010000,53.2733,X]
[17,F,0.595972,00000010,59.5972,X]
[20,F,0.649683,00000001,64.9683,X]
[18,F,0.665308,00000010,66.5308,X]
[3,F,0.727069,11100000,72.7069,X]
[4,F,0.772967,11100000,77.2967,X]
[14,F,0.817241,00001100,81.7241,X]
[10,F,0.846209,00010000,84.6209,X]
[11,F,0.87453,00010000,87.453,X]
[7,F,0.87573,01000000,87.573,X]
[8,F,0.882566,01000000,88.2566,X]
[5,F,0.929441,10000000,92.9441,X]
[12,F,0.985858,00010000,98.5858,X]
[6,F,0.995847,10000000,99.5847,X]
GUIDE_TREE_PARTITION1=(((((t1:12.72,t2:12.72):5.44,t3:18.16):32.18,t4:50.34):48.6,(t5:11.61,t6:11.61):87.33):1.06,(t7:98.02,t8:98.02):1.98);
