Taxa bit representation:
t1 10000000
t2 01000000
t3 00100000
t4 00010000
t5 00001000
t6 00000100
t7 00000010
t8 00000001
Clade List (<taxon members> = <clade name>): 

>Dataset_0
[0,F,0.0429688,11111110,4.29688,X]
[103,F,0.0546875,00000001,5.46875,X]
[1,F,0.105469,11111110,10.5469,X]
[104,F,0.107422,00000001,10.7422,X]
[105,F,0.114258,00000001,11.4258,X]
[2,F,0.125977,11111110,12.5977,X]
[3,F,0.126953,11111110,12.6953,X]
[106,F,0.12793,00000001,12.793,X]
[4,F,0.133789,11111110,13.3789,X]
[5,F,0.147461,11111110,14.7461,X]
[107,F,0.149414,00000001,14.9414,X]
[108,F,0.207031,00000001,20.7031,X]
[86,F,0.225286,00000010,22.5286,X]
[87,F,0.243841,00000010,24.3841,X]
[109,F,0.246094,00000001,24.6094,X]
[88,F,0.258489,00000010,25.8489,X]
[89,F,0.264348,00000010,26.4348,X]
[90,F,0.268255,00000010,26.8255,X]
[6,F,0.272161,11111100,27.2161,X]
[91,F,0.284856,00000010,28.4856,X]
[110,F,0.302734,00000001,30.2734,X]
[7,F,0.304388,11111100,30.4388,X]
[8,F,0.3122,11111100,31.22,X]
[111,F,0.339844,00000001,33.9844,X]
[9,F,0.356145,11111100,35.6145,X]
[10,F,0.357122,11111100,35.7122,X]
[112,F,0.392578,00000001,39.2578,X]
[113,F,0.394531,00000001,39.4531,X]
[92,F,0.403997,00000010,40.3997,X]
[93,F,0.409856,00000010,40.9856,X]
[114,F,0.442383,00000001,44.2383,X]
[94,F,0.466497,00000010,46.6497,X]
[11,F,0.470403,11111100,47.0403,X]
[12,F,0.477306,11111000,47.7306,X]
[13,F,0.480236,11111000,48.0236,X]
[14,F,0.490978,11111000,49.0978,X]
[15,F,0.498791,11111000,49.8791,X]
[95,F,0.508489,00000010,50.8489,X]
[16,F,0.514666,11110000,51.4666,X]
[75,F,0.516369,00000100,51.6369,X]
[64,F,0.53908,00001000,53.908,X]
[76,F,0.541759,00000100,54.1759,X]
[77,F,0.542736,00000100,54.2736,X]
[115,F,0.542969,00000001,54.2969,X]
[78,F,0.546642,00000100,54.6642,X]
[65,F,0.549822,00001000,54.9822,X]
[79,F,0.573986,00000100,57.3986,X]
[116,F,0.583008,00000001,58.3008,X]
[66,F,0.587908,00001000,58.7908,X]
[67,F,0.591814,00001000,59.1814,X]
[26,F,0.604172,01000000,60.4172,X]
[27,F,0.611008,01000000,61.1008,X]
[41,F,0.619098,00100000,61.9098,X]
[28,F,0.620773,01000000,62.0773,X]
[17,F,0.62175,10000000,62.175,X]
[51,F,0.625248,00010000,62.5248,X]
[96,F,0.630559,00000010,63.0559,X]
[117,F,0.633789,00000001,63.3789,X]
[118,F,0.647461,00000001,64.7461,X]
[52,F,0.655522,00010000,65.5522,X]
[80,F,0.656017,00000100,65.6017,X]
[68,F,0.657244,00001000,65.7244,X]
[42,F,0.678669,00100000,67.8669,X]
[29,F,0.679367,01000000,67.9367,X]
[53,F,0.679936,00010000,67.9936,X]
[81,F,0.690197,00000100,69.0197,X]
[54,F,0.693608,00010000,69.3608,X]
[69,F,0.700212,00001000,70.0212,X]
[43,F,0.70113,00100000,70.113,X]
[18,F,0.708664,10000000,70.8664,X]
[44,F,0.708942,00100000,70.8942,X]
[19,F,0.710617,10000000,71.0617,X]
[119,F,0.710938,00000001,71.0938,X]
[20,F,0.720383,10000000,72.0383,X]
[120,F,0.726562,00000001,72.6562,X]
[30,F,0.735031,01000000,73.5031,X]
[121,F,0.735352,00000001,73.5352,X]
[70,F,0.742205,00001000,74.2205,X]
[45,F,0.751911,00100000,75.1911,X]
[31,F,0.753586,01000000,75.3586,X]
[82,F,0.758556,00000100,75.8556,X]
[32,F,0.759445,01000000,75.9445,X]
[97,F,0.769231,00000010,76.9231,X]
[71,F,0.770525,00001000,77.0525,X]
[21,F,0.772141,10000000,77.2141,X]
[55,F,0.778569,00010000,77.8569,X]
[33,F,0.78093,01000000,78.093,X]
[83,F,0.783947,00000100,78.3947,X]
[34,F,0.788742,01000000,78.8742,X]
[46,F,0.798786,00100000,79.8786,X]
[35,F,0.803391,01000000,80.3391,X]
[36,F,0.80925,01000000,80.925,X]
[84,F,0.810314,00000100,81.0314,X]
[122,F,0.813477,00000001,81.3477,X]
[123,F,0.818359,00000001,81.8359,X]
[124,F,0.84082,00000001,84.082,X]
[22,F,0.84343,10000000,84.343,X]
[37,F,0.865891,01000000,86.5891,X]
[47,F,0.873981,00100000,87.3981,X]
[98,F,0.878606,00000010,87.8606,X]
[38,F,0.880539,01000000,88.0539,X]
[56,F,0.89185,00010000,89.185,X]
[39,F,0.892258,01000000,89.2258,X]
[48,F,0.895466,00100000,89.5466,X]
[72,F,0.896502,00001000,89.6502,X]
[57,F,0.900639,00010000,90.0639,X]
[99,F,0.902044,00000010,90.2044,X]
[100,F,0.906927,00000010,90.6927,X]
[58,F,0.907475,00010000,90.7475,X]
[59,F,0.910405,00010000,91.0405,X]
[73,F,0.936541,00001000,93.6541,X]
[60,F,0.947514,00010000,94.7514,X]
[61,F,0.95142,00010000,95.142,X]
[62,F,0.952397,00010000,95.2397,X]
[23,F,0.960617,10000000,96.0617,X]
[40,F,0.96257,01000000,96.257,X]
[24,F,0.9655,10000000,96.55,X]
[101,F,0.966497,00000010,96.6497,X]
[49,F,0.967731,00100000,96.7731,X]
[25,F,0.96843,10000000,96.843,X]
[50,F,0.968708,00100000,96.8708,X]
[85,F,0.969494,00000100,96.9494,X]
[63,F,0.970952,00010000,97.0952,X]
[102,F,0.991888,00000010,99.1887,X]
[74,F,0.999041,00001000,99.9041,X]
GUIDE_TREE_PARTITION1=(((((((t1:40.95,t2:40.95):1.73,t3:42.68):2.51,t4:45.19):4.32,t5:49.51):3.15,t6:52.66):28.62,t7:81.28):18.72,t8:100);
