Taxa bit representation:
t1 10000000
t2 01000000
t3 00100000
t4 00010000
t5 00001000
t6 00000100
t7 00000010
t8 00000001
Clade List (<taxon members> = <clade name>): 

>Dataset_0
[12,F,0.0566406,00000001,5.66406,X]
[0,F,0.100689,11111100,10.0689,X]
[13,F,0.107422,00000001,10.7422,X]
[10,F,0.162212,00000010,16.2212,X]
[14,F,0.177734,00000001,17.7734,X]
[7,F,0.294819,00000100,29.4819,X]
[1,F,0.336811,11111000,33.6811,X]
[8,F,0.458881,00000100,45.8881,X]
[11,F,0.488384,00000010,48.8384,X]
[2,F,0.630422,11100000,63.0422,X]
[9,F,0.68642,00000100,68.642,X]
[6,F,0.711477,00010000,71.1477,X]
[5,F,0.806083,00100000,80.6083,X]
[3,F,0.819202,01000000,81.9202,X]
[4,F,0.89342,01000000,89.342,X]
GUIDE_TREE_PARTITION1=(((((((t1:25.99,t2:25.99):0.14,t3:26.13):15.32,t4:41.45):6,t5:47.45):36.74,t6:84.19):12.87,t7:97.06):2.94,t8:100);
