Taxa bit representation:
t1 10000000
t2 01000000
t3 00100000
t4 00010000
t5 00001000
t6 00000100
t7 00000010
t8 00000001
Clade List (<taxon members> = <clade name>): 

>Dataset_0
[44,F,0.0625,00000011,6.25,X]
[31,F,0.110773,00001100,11.0773,X]
[32,F,0.112727,00001100,11.2727,X]
[45,F,0.166016,00000011,16.6016,X]
[33,F,0.17425,00001100,17.425,X]
[46,F,0.198242,00000011,19.8242,X]
[20,F,0.204095,00010000,20.4095,X]
[21,F,0.207025,00010000,20.7025,X]
[0,F,0.228509,11100000,22.8509,X]
[47,F,0.263672,00000011,26.3672,X]
[22,F,0.274408,00010000,27.4408,X]
[48,F,0.289062,00000011,28.9062,X]
[23,F,0.321283,00010000,32.1283,X]
[17,F,0.33213,00100000,33.213,X]
[34,F,0.334406,00001100,33.4406,X]
[10,F,0.364561,01000000,36.4561,X]
[11,F,0.37628,01000000,37.628,X]
[12,F,0.388975,01000000,38.8975,X]
[1,F,0.391905,10000000,39.1905,X]
[35,F,0.410405,00001000,41.0405,X]
[49,F,0.411133,00000011,41.1133,X]
[24,F,0.430658,00010000,43.0658,X]
[2,F,0.43292,10000000,43.292,X]
[36,F,0.438725,00001000,43.8725,X]
[37,F,0.466069,00001000,46.6069,X]
[13,F,0.468077,01000000,46.8077,X]
[25,F,0.47558,00010000,47.558,X]
[26,F,0.492181,00010000,49.2181,X]
[38,F,0.510991,00001000,51.0991,X]
[50,F,0.53418,00000011,53.418,X]
[42,F,0.583256,00000100,58.3256,X]
[3,F,0.590147,10000000,59.0147,X]
[43,F,0.595952,00000100,59.5952,X]
[51,F,0.601562,00000011,60.1562,X]
[14,F,0.605772,01000000,60.5772,X]
[52,F,0.606445,00000011,60.6445,X]
[4,F,0.628233,10000000,62.8233,X]
[18,F,0.651466,00100000,65.1466,X]
[15,F,0.663389,01000000,66.3389,X]
[27,F,0.675775,00010000,67.5775,X]
[5,F,0.68292,10000000,68.292,X]
[6,F,0.700498,10000000,70.0498,X]
[53,F,0.71265,00000010,71.265,X]
[57,F,0.71265,00000001,71.265,X]
[39,F,0.758061,00001000,75.8061,X]
[28,F,0.761713,00010000,76.1713,X]
[40,F,0.775639,00001000,77.5639,X]
[16,F,0.785459,01000000,78.5459,X]
[19,F,0.787208,00100000,78.7208,X]
[41,F,0.865483,00001000,86.5483,X]
[29,F,0.888666,00010000,88.8666,X]
[30,F,0.890619,00010000,89.0619,X]
[7,F,0.905577,10000000,90.5577,X]
[8,F,0.929991,10000000,92.9991,X]
[54,F,0.953861,00000010,95.3861,X]
[55,F,0.954838,00000010,95.4838,X]
[56,F,0.958744,00000010,95.8744,X]
[9,F,0.996397,10000000,99.6397,X]
GUIDE_TREE_PARTITION1=(((((t1:65.79,t2:65.79):1.29,t3:67.08):13.78,t4:80.86):11.09,(t5:63.94,t6:63.94):28.01):8.05,(t7:31.86,t8:31.86):68.14);
