Taxa bit representation:
t1 10000000
t2 01000000
t3 00100000
t4 00010000
t5 00001000
t6 00000100
t7 00000010
t8 00000001
Clade List (<taxon members> = <clade name>): 

>Dataset_0
[18,F,0.169308,00000010,16.9308,X]
[0,F,0.177273,11110000,17.7273,X]
[23,F,0.254883,00000001,25.4883,X]
[19,F,0.466183,00000010,46.6183,X]
[11,F,0.471002,00010000,47.1002,X]
[8,F,0.485341,00100000,48.5341,X]
[1,F,0.499013,11000000,49.9013,X]
[15,F,0.526933,00000100,52.6933,X]
[12,F,0.557916,00010000,55.7916,X]
[13,F,0.571588,00010000,57.1588,X]
[20,F,0.621456,00000010,62.1456,X]
[2,F,0.6441,10000000,64.41,X]
[3,F,0.673397,10000000,67.3397,X]
[21,F,0.696652,00000010,69.6652,X]
[9,F,0.774403,00100000,77.4403,X]
[6,F,0.79742,01000000,79.742,X]
[24,F,0.813477,00000001,81.3477,X]
[16,F,0.814042,00000100,81.4042,X]
[4,F,0.825741,10000000,82.5741,X]
[17,F,0.877519,00000100,87.7519,X]
[25,F,0.895508,00000001,89.5508,X]
[7,F,0.914608,01000000,91.4608,X]
[10,F,0.93163,00100000,93.163,X]
[22,F,0.93298,00000010,93.298,X]
[5,F,0.943905,10000000,94.3905,X]
[14,F,0.955594,00001000,95.5594,X]
GUIDE_TREE_PARTITION1=(((((((t1:48.09,t2:48.09):27.79,t3:75.88):3.68,t4:79.56):5.74,t5:85.3):3.12,t6:88.42):2.95,t7:91.37):8.63,t8:100);
