Taxa bit representation:
t1 10000000
t2 01000000
t3 00100000
t4 00010000
t5 00001000
t6 00000100
t7 00000010
t8 00000001
Clade List (<taxon members> = <clade name>): 

>Dataset_0
[42,F,0.0107422,00000001,1.07422,X]
[0,F,0.0556766,11111100,5.56766,X]
[43,F,0.0878906,00000001,8.78906,X]
[44,F,0.113281,00000001,11.3281,X]
[1,F,0.141614,11111100,14.1614,X]
[2,F,0.147473,11111100,14.7473,X]
[3,F,0.256848,11111100,25.6848,X]
[4,F,0.337566,11111000,33.7566,X]
[5,F,0.361003,11111000,36.1003,X]
[31,F,0.421887,00000010,42.1887,X]
[45,F,0.438477,00000001,43.8477,X]
[6,F,0.444011,11111000,44.4011,X]
[26,F,0.456706,00000100,45.6706,X]
[46,F,0.495117,00000001,49.5117,X]
[7,F,0.500652,11111000,50.0652,X]
[47,F,0.512695,00000001,51.2695,X]
[27,F,0.535808,00000100,53.5808,X]
[48,F,0.549805,00000001,54.9805,X]
[32,F,0.55177,00000010,55.177,X]
[8,F,0.553386,11111000,55.3386,X]
[33,F,0.567395,00000010,56.7395,X]
[49,F,0.59082,00000001,59.082,X]
[28,F,0.599284,00000100,59.9284,X]
[34,F,0.608411,00000010,60.8411,X]
[35,F,0.640637,00000010,64.0637,X]
[50,F,0.668945,00000001,66.8945,X]
[29,F,0.675456,00000100,67.5456,X]
[36,F,0.732434,00000010,73.2434,X]
[51,F,0.754883,00000001,75.4883,X]
[9,F,0.759595,10000000,75.9595,X]
[16,F,0.764383,00100000,76.4383,X]
[24,F,0.768677,00001000,76.8677,X]
[37,F,0.778333,00000010,77.8333,X]
[10,F,0.780103,10000000,78.0103,X]
[38,F,0.808606,00000010,80.8606,X]
[52,F,0.814453,00000001,81.4453,X]
[17,F,0.816141,00100000,81.6141,X]
[18,F,0.828836,00100000,82.8836,X]
[25,F,0.836059,00001000,83.6059,X]
[11,F,0.842603,10000000,84.2603,X]
[20,F,0.845167,00010000,84.5167,X]
[21,F,0.84712,00010000,84.712,X]
[12,F,0.848463,10000000,84.8463,X]
[14,F,0.852369,01000000,85.2369,X]
[30,F,0.855144,00000100,85.5144,X]
[19,F,0.859109,00100000,85.9109,X]
[39,F,0.8672,00000010,86.72,X]
[13,F,0.872877,10000000,87.2877,X]
[15,F,0.893384,01000000,89.3384,X]
[40,F,0.909192,00000010,90.9192,X]
[22,F,0.914503,00010000,91.4503,X]
[23,F,0.923292,00010000,92.3292,X]
[41,F,0.955091,00000010,95.5091,X]
[53,F,0.960938,00000001,96.0938,X]
GUIDE_TREE_PARTITION1=(((((((t1:25.31,t2:25.31):11.24,t3:36.55):0.32,t4:36.87):5.11,t5:41.98):25.24,t6:67.22):27.31,t7:94.53):5.47,t8:100);
