Taxa bit representation:
t1 10000000
t2 01000000
t3 00100000
t4 00010000
t5 00001000
t6 00000100
t7 00000010
t8 00000001
Clade List (<taxon members> = <clade name>): 

>Dataset_0
[0,F,0.0957484,11111100,9.57484,X]
[9,F,0.200061,00001000,20.0061,X]
[10,F,0.213733,00001000,21.3733,X]
[1,F,0.239558,11100000,23.9558,X]
[19,F,0.332031,00000001,33.2031,X]
[14,F,0.403469,00000100,40.3469,X]
[15,F,0.441452,00000010,44.1452,X]
[20,F,0.513672,00000001,51.3672,X]
[2,F,0.577448,11100000,57.7448,X]
[3,F,0.68487,11100000,68.487,X]
[11,F,0.702014,00001000,70.2014,X]
[7,F,0.787409,00010000,78.7409,X]
[21,F,0.795898,00000001,79.5898,X]
[8,F,0.81573,00010000,81.573,X]
[4,F,0.837214,11100000,83.7214,X]
[16,F,0.840866,00000010,84.0866,X]
[17,F,0.845748,00000010,84.5748,X]
[5,F,0.887995,11100000,88.7995,X]
[6,F,0.918172,00100000,91.8172,X]
[22,F,0.921875,00000001,92.1875,X]
[12,F,0.942248,00001000,94.2248,X]
[18,F,0.945358,00000010,94.5358,X]
[13,F,0.966662,00001000,96.6662,X]
GUIDE_TREE_PARTITION1=(((((((t1:0.42,t2:0.42):9.13,t3:9.55):71.67,t4:81.22):1.02,t5:82.24):0.46,t6:82.7):9.19,t7:91.89):8.11,t8:100);
