Taxa bit representation:
t1 10000000
t2 01000000
t3 00100000
t4 00010000
t5 00001000
t6 00000100
t7 00000010
t8 00000001
Clade List (<taxon members> = <clade name>): 

>Dataset_0
[0,F,0.000976562,11111100,0.0976562,X]
[27,F,0.00292969,00000011,0.292969,X]
[28,F,0.0166016,00000011,1.66016,X]
[29,F,0.0419922,00000011,4.19922,X]
[30,F,0.0458984,00000011,4.58984,X]
[1,F,0.18457,11111100,18.457,X]
[2,F,0.269531,11111100,26.9531,X]
[3,F,0.287109,11111100,28.7109,X]
[31,F,0.420955,00000010,42.0955,X]
[19,F,0.446677,00001100,44.6677,X]
[32,F,0.456111,00000010,45.6111,X]
[4,F,0.503317,11110000,50.3317,X]
[20,F,0.522848,00001100,52.2848,X]
[36,F,0.5274,00000001,52.74,X]
[5,F,0.534567,11110000,53.4567,X]
[21,F,0.548239,00001100,54.8239,X]
[22,F,0.558981,00001100,55.8981,X]
[6,F,0.561911,11110000,56.1911,X]
[7,F,0.584825,11100000,58.4825,X]
[37,F,0.599666,00000001,59.9666,X]
[8,F,0.615098,11100000,61.5098,X]
[9,F,0.617052,11100000,61.7052,X]
[16,F,0.620958,00010000,62.0958,X]
[33,F,0.62115,00000010,62.115,X]
[23,F,0.629294,00001100,62.9294,X]
[10,F,0.6317,11100000,63.17,X]
[17,F,0.648302,00010000,64.8302,X]
[38,F,0.660213,00000001,66.0213,X]
[24,F,0.748434,00001100,74.8434,X]
[34,F,0.753963,00000010,75.3963,X]
[39,F,0.786189,00000001,78.6189,X]
[25,F,0.798239,00001100,79.8239,X]
[13,F,0.827208,00100000,82.7208,X]
[18,F,0.835802,00010000,83.5802,X]
[35,F,0.8399,00000010,83.99,X]
[40,F,0.852595,00000001,85.2595,X]
[11,F,0.893931,01000000,89.3931,X]
[14,F,0.895567,00100000,89.5567,X]
[12,F,0.948619,01000000,94.8619,X]
[26,F,0.960163,00000100,96.0162,X]
[15,F,0.972716,00100000,97.2716,X]
[41,F,0.998103,00000001,99.8103,X]
GUIDE_TREE_PARTITION1=(((((t1:12.56,t2:12.56):6.77,t3:19.33):23.75,t4:43.08):18.6,(t5:14.14,t6:14.14):47.54):38.32,(t7:59.76,t8:59.76):40.24);
