Taxa bit representation:
t1 10000000
t2 01000000
t3 00100000
t4 00010000
t5 00001000
t6 00000100
t7 00000010
t8 00000001
Clade List (<taxon members> = <clade name>): 

>Dataset_0
[8,F,0.0196359,00000001,1.96359,X]
[9,F,0.0733469,00000001,7.33469,X]
[2,F,0.137686,00010000,13.7686,X]
[10,F,0.251081,00000001,25.1081,X]
[11,F,0.324323,00000001,32.4323,X]
[12,F,0.340925,00000001,34.0925,X]
[7,F,0.361433,00000010,36.1433,X]
[3,F,0.381827,00010000,38.1827,X]
[13,F,0.597761,00000001,59.7761,X]
[0,F,0.658742,11000000,65.8742,X]
[14,F,0.675886,00000001,67.5886,X]
[4,F,0.75585,00010000,75.585,X]
[1,F,0.77593,00100000,77.593,X]
[6,F,0.842773,00001000,84.2773,X]
[5,F,0.914053,00010000,91.4053,X]
GUIDE_TREE_PARTITION1=(((((t1:5.22,t2:5.22):36.23,t3:41.45):48.59,t4:90.04):1.4,(t5:43.75,t6:43.75):47.69):8.56,(t7:98.72,t8:98.72):1.28);
