Taxa bit representation:
t1 10000000
t2 01000000
t3 00100000
t4 00010000
t5 00001000
t6 00000100
t7 00000010
t8 00000001
Clade List (<taxon members> = <clade name>): 

>Dataset_0
[0,F,0.0917969,11110000,9.17969,X]
[1,F,0.109375,11110000,10.9375,X]
[12,F,0.132812,00001111,13.2812,X]
[2,F,0.148438,11110000,14.8438,X]
[8,F,0.479327,00100000,47.9327,X]
[13,F,0.501845,00000010,50.1845,X]
[14,F,0.70497,00000010,70.497,X]
[9,F,0.739092,00100000,73.9092,X]
[10,F,0.769366,00100000,76.9366,X]
[11,F,0.785967,00010000,78.5967,X]
[5,F,0.813761,01000000,81.3761,X]
[6,F,0.937784,01000000,93.7784,X]
[15,F,0.944228,00000010,94.4228,X]
[7,F,0.955363,01000000,95.5362,X]
[16,F,0.955947,00000001,95.5947,X]
[3,F,0.963175,10000000,96.3175,X]
[4,F,0.991495,10000000,99.1495,X]
GUIDE_TREE_PARTITION1=(((t1:64.62,t2:64.62):6.27,(t3:61.54,t4:61.54):9.35):29.11,((t5:9.23,t6:9.23):52.75,(t7:60.46,t8:60.46):1.52):38.02);
