Taxa bit representation:
t1 10000000
t2 01000000
t3 00100000
t4 00010000
t5 00001000
t6 00000100
t7 00000010
t8 00000001
Clade List (<taxon members> = <clade name>): 

>Dataset_0
[14,F,0.0172016,00110000,1.72016,X]
[26,F,0.168945,00001111,16.8945,X]
[6,F,0.198981,01000000,19.8981,X]
[7,F,0.205817,01000000,20.5817,X]
[27,F,0.224609,00001111,22.4609,X]
[8,F,0.225348,01000000,22.5348,X]
[9,F,0.243903,01000000,24.3903,X]
[28,F,0.246531,00001100,24.6531,X]
[15,F,0.27892,00110000,27.892,X]
[19,F,0.309077,00010000,30.9077,X]
[0,F,0.315192,10000000,31.5192,X]
[20,F,0.330561,00010000,33.0561,X]
[21,F,0.347163,00010000,34.7163,X]
[16,F,0.356928,00100000,35.6928,X]
[36,F,0.361766,00000011,36.1766,X]
[37,F,0.407664,00000011,40.7664,X]
[10,F,0.436286,01000000,43.6286,X]
[22,F,0.440912,00010000,44.0912,X]
[29,F,0.464305,00001100,46.4305,X]
[30,F,0.494578,00001100,49.4578,X]
[11,F,0.517341,01000000,51.7341,X]
[31,F,0.552195,00001100,55.2195,X]
[38,F,0.589305,00000011,58.9305,X]
[23,F,0.607905,00010000,60.7905,X]
[39,F,0.669383,00000011,66.9383,X]
[40,F,0.673289,00000011,67.3289,X]
[41,F,0.707469,00000011,70.7469,X]
[1,F,0.7107,10000000,71.07,X]
[2,F,0.717536,10000000,71.7536,X]
[24,F,0.732905,00010000,73.2905,X]
[42,F,0.736766,00000011,73.6766,X]
[3,F,0.791755,10000000,79.1755,X]
[12,F,0.811286,01000000,81.1286,X]
[17,F,0.813959,00100000,81.3959,X]
[43,F,0.814891,00000011,81.4891,X]
[18,F,0.818842,00100000,81.8842,X]
[44,F,0.822703,00000011,82.2703,X]
[33,F,0.837177,00000100,83.7177,X]
[4,F,0.845466,10000000,84.5466,X]
[45,F,0.858836,00000011,85.8836,X]
[46,F,0.893992,00000011,89.3992,X]
[32,F,0.900653,00001000,90.0653,X]
[34,F,0.954364,00000100,95.4364,X]
[35,F,0.95827,00000100,95.827,X]
[5,F,0.961677,10000000,96.1677,X]
[25,F,0.979975,00010000,97.9975,X]
[13,F,0.981208,01000000,98.1208,X]
GUIDE_TREE_PARTITION1=(((t1:91.43,t2:91.43):8.51,(t3:69.19,t4:69.19):30.75):0.06,((t5:16.38,t6:16.38):60.92,(t7:8.63,t8:8.63):68.67):22.7);
