Taxa bit representation:
t1 10000000
t2 01000000
t3 00100000
t4 00010000
t5 00001000
t6 00000100
t7 00000010
t8 00000001
Clade List (<taxon members> = <clade name>): 

>Dataset_0
[42,F,0.00292969,00000011,0.292969,X]
[43,F,0.00585937,00000011,0.585937,X]
[44,F,0.00976562,00000011,0.976562,X]
[0,F,0.0736734,11110000,7.36734,X]
[45,F,0.102539,00000011,10.2539,X]
[46,F,0.107422,00000011,10.7422,X]
[25,F,0.212345,00001100,21.2345,X]
[18,F,0.226237,00010000,22.6237,X]
[26,F,0.271916,00001100,27.1916,X]
[1,F,0.279948,11100000,27.9948,X]
[47,F,0.315663,00000010,31.5663,X]
[2,F,0.331706,11100000,33.1706,X]
[34,F,0.346342,00000100,34.6342,X]
[3,F,0.366862,11100000,36.6862,X]
[55,F,0.37328,00000001,37.328,X]
[56,F,0.377186,00000001,37.7186,X]
[19,F,0.400066,00010000,40.0066,X]
[27,F,0.417631,00001000,41.7631,X]
[57,F,0.423084,00000001,42.3084,X]
[20,F,0.42448,00010000,42.448,X]
[48,F,0.43285,00000010,43.285,X]
[11,F,0.433525,00100000,43.3525,X]
[4,F,0.458916,11000000,45.8916,X]
[12,F,0.47747,00100000,47.747,X]
[49,F,0.52367,00000010,52.367,X]
[28,F,0.559233,00001000,55.9233,X]
[50,F,0.559803,00000010,55.9803,X]
[21,F,0.560222,00010000,56.0222,X]
[58,F,0.565662,00000001,56.5662,X]
[13,F,0.618095,00100000,61.8095,X]
[59,F,0.634998,00000001,63.4998,X]
[35,F,0.635405,00000100,63.5405,X]
[22,F,0.663737,00010000,66.3737,X]
[29,F,0.675444,00001000,67.5444,X]
[51,F,0.684803,00000010,68.4803,X]
[23,F,0.692058,00010000,69.2058,X]
[30,F,0.700834,00001000,70.0834,X]
[24,F,0.70573,00010000,70.573,X]
[14,F,0.706962,00100000,70.6962,X]
[52,F,0.721912,00000010,72.1912,X]
[36,F,0.722319,00000100,72.2319,X]
[15,F,0.728447,00100000,72.8447,X]
[60,F,0.741444,00000001,74.1444,X]
[16,F,0.748955,00100000,74.8955,X]
[5,F,0.758387,10000000,75.8388,X]
[37,F,0.767241,00000100,76.7241,X]
[31,F,0.783842,00001000,78.3842,X]
[38,F,0.794584,00000100,79.4584,X]
[6,F,0.837489,10000000,83.7489,X]
[53,F,0.838123,00000010,83.8123,X]
[8,F,0.89413,01000000,89.413,X]
[17,F,0.895439,00100000,89.5439,X]
[9,F,0.902919,01000000,90.2919,X]
[54,F,0.911366,00000010,91.1366,X]
[32,F,0.919584,00001000,91.9584,X]
[39,F,0.933256,00000100,93.3256,X]
[10,F,0.949794,01000000,94.9794,X]
[40,F,0.955717,00000100,95.5717,X]
[41,F,0.95767,00000100,95.767,X]
[33,F,0.964506,00001000,96.4506,X]
[61,F,0.975819,00000001,97.5819,X]
[7,F,0.98788,10000000,98.788,X]
[62,F,0.988514,00000001,98.8514,X]
GUIDE_TREE_PARTITION1=(((((t1:35.88,t2:35.88):22.33,t3:58.21):21.51,t4:79.72):15.94,(t5:66.44,t6:66.44):29.22):4.34,(t7:72.34,t8:72.34):27.66);
