Taxa bit representation:
t1 10000000
t2 01000000
t3 00100000
t4 00010000
t5 00001000
t6 00000100
t7 00000010
t8 00000001
Clade List (<taxon members> = <clade name>): 

>Dataset_0
[7,F,0.0615234,00001111,6.15234,X]
[0,F,0.157227,11110000,15.7227,X]
[1,F,0.308594,11110000,30.8594,X]
[2,F,0.7402,11000000,74.02,X]
[4,F,0.804653,00110000,80.4653,X]
[3,F,0.857387,11000000,85.7387,X]
[5,F,0.869861,00100000,86.9861,X]
[8,F,0.895658,00001100,89.5658,X]
[6,F,0.971423,00010000,97.1423,X]
GUIDE_TREE_PARTITION1=(((t1:5.65,t2:5.65):26.58,(t3:15.26,t4:15.26):16.97):67.77,((t5:5.81,t6:5.81):9.8,(t7:5.21,t8:5.21):10.4):84.39);
