Taxa bit representation:
t1 10000000
t2 01000000
t3 00100000
t4 00010000
t5 00001000
t6 00000100
t7 00000010
t8 00000001
Clade List (<taxon members> = <clade name>): 

>Dataset_0
[0,F,0.0361328,11111110,3.61328,X]
[1,F,0.0634766,11111110,6.34766,X]
[50,F,0.0722656,00000001,7.22656,X]
[41,F,0.136317,00000010,13.6317,X]
[2,F,0.164637,11111100,16.4637,X]
[3,F,0.191005,11111100,19.1005,X]
[42,F,0.238856,00000010,23.8856,X]
[51,F,0.256836,00000001,25.6836,X]
[52,F,0.273437,00000001,27.3437,X]
[53,F,0.303711,00000001,30.3711,X]
[37,F,0.321464,00000100,32.1464,X]
[54,F,0.381836,00000001,38.1836,X]
[34,F,0.419494,00001000,41.9494,X]
[43,F,0.446864,00000010,44.6864,X]
[55,F,0.447266,00000001,44.7266,X]
[56,F,0.463867,00000001,46.3867,X]
[10,F,0.486748,01000000,48.6748,X]
[19,F,0.493497,00100000,49.3497,X]
[57,F,0.500977,00000001,50.0977,X]
[44,F,0.504481,00000010,50.4481,X]
[20,F,0.505216,00100000,50.5216,X]
[21,F,0.507169,00100000,50.7169,X]
[11,F,0.514092,01000000,51.4092,X]
[12,F,0.53167,01000000,53.167,X]
[58,F,0.540039,00000001,54.0039,X]
[59,F,0.550781,00000001,55.0781,X]
[13,F,0.560967,01000000,56.0967,X]
[45,F,0.571864,00000010,57.1864,X]
[14,F,0.587334,01000000,58.7334,X]
[38,F,0.603691,00000100,60.3691,X]
[4,F,0.610772,10000000,61.0772,X]
[15,F,0.616631,01000000,61.6631,X]
[29,F,0.629847,00010000,62.9847,X]
[60,F,0.630859,00000001,63.0859,X]
[22,F,0.631192,00100000,63.1192,X]
[61,F,0.631836,00000001,63.1836,X]
[35,F,0.640197,00001000,64.0197,X]
[62,F,0.655273,00000001,65.5273,X]
[16,F,0.674248,01000000,67.4248,X]
[23,F,0.689786,00100000,68.9786,X]
[5,F,0.698663,10000000,69.8663,X]
[24,F,0.71713,00100000,71.713,X]
[17,F,0.723077,01000000,72.3077,X]
[30,F,0.72555,00010000,72.555,X]
[46,F,0.738856,00000010,73.8856,X]
[6,F,0.751397,10000000,75.1397,X]
[31,F,0.754847,00010000,75.4847,X]
[18,F,0.763116,01000000,76.3116,X]
[36,F,0.785705,00001000,78.5705,X]
[7,F,0.811944,10000000,81.1944,X]
[47,F,0.822841,00000010,82.2841,X]
[25,F,0.837247,00100000,83.7247,X]
[39,F,0.871269,00000100,87.1269,X]
[8,F,0.872491,10000000,87.2491,X]
[26,F,0.878262,00100000,87.8262,X]
[48,F,0.906825,00000010,90.6825,X]
[32,F,0.917933,00010000,91.7933,X]
[27,F,0.929044,00100000,92.9044,X]
[28,F,0.937833,00100000,93.7833,X]
[49,F,0.945887,00000010,94.5887,X]
[9,F,0.947686,10000000,94.7686,X]
[40,F,0.949394,00000100,94.9394,X]
[63,F,0.962891,00000001,96.2891,X]
[33,F,0.998011,00010000,99.8011,X]
GUIDE_TREE_PARTITION1=(((((((t1:52.79,t2:52.79):0.79,t3:53.58):1.99,t4:55.57):8.34,t5:63.91):9.51,t6:73.42):18.71,t7:92.13):7.87,t8:100);
