Taxa bit representation:
t1 10000000
t2 01000000
t3 00100000
t4 00010000
t5 00001000
t6 00000100
t7 00000010
t8 00000001
Clade List (<taxon members> = <clade name>): 

>Dataset_0
[13,F,0.0654297,00001111,6.54297,X]
[0,F,0.112305,11110000,11.2305,X]
[14,F,0.127764,00001100,12.7764,X]
[21,F,0.13167,00000011,13.167,X]
[1,F,0.197266,11110000,19.7266,X]
[2,F,0.211914,11110000,21.1914,X]
[15,F,0.241045,00001100,24.1045,X]
[3,F,0.280273,11110000,28.0273,X]
[22,F,0.347491,00000011,34.7491,X]
[23,F,0.360186,00000011,36.0186,X]
[4,F,0.373047,11110000,37.3047,X]
[24,F,0.390459,00000011,39.0459,X]
[16,F,0.405108,00001100,40.5108,X]
[17,F,0.439287,00001100,43.9288,X]
[32,F,0.447425,00000001,44.7425,X]
[18,F,0.47542,00001100,47.542,X]
[5,F,0.488281,11110000,48.8281,X]
[33,F,0.576331,00000001,57.6331,X]
[34,F,0.611487,00000001,61.1487,X]
[25,F,0.67887,00000010,67.887,X]
[11,F,0.741959,00110000,74.1959,X]
[35,F,0.746253,00000001,74.6253,X]
[26,F,0.759925,00000010,75.9925,X]
[36,F,0.777503,00000001,77.7503,X]
[37,F,0.783362,00000001,78.3362,X]
[19,F,0.813311,00001100,81.3311,X]
[6,F,0.82328,10000000,82.328,X]
[7,F,0.830116,10000000,83.0116,X]
[20,F,0.830889,00001100,83.0889,X]
[12,F,0.85817,00110000,85.817,X]
[38,F,0.874183,00000001,87.4183,X]
[8,F,0.884803,10000000,88.4803,X]
[27,F,0.895667,00000010,89.5667,X]
[28,F,0.899573,00000010,89.9573,X]
[29,F,0.905433,00000010,90.5433,X]
[30,F,0.912269,00000010,91.2269,X]
[9,F,0.918983,10000000,91.8983,X]
[31,F,0.923011,00000010,92.3011,X]
[10,F,0.941444,01000000,94.1444,X]
[39,F,0.996253,00000001,99.6253,X]
GUIDE_TREE_PARTITION1=(((t1:21.09,t2:21.09):5.3,(t3:10.42,t4:10.42):15.97):73.61,((t5:6.42,t6:6.42):86.37,(t7:56.82,t8:56.82):35.97):7.21);
