Taxa bit representation:
t1 10000000
t2 01000000
t3 00100000
t4 00010000
t5 00001000
t6 00000100
t7 00000010
t8 00000001
Clade List (<taxon members> = <clade name>): 

>Dataset_0
[8,F,0.0672844,00001100,6.72844,X]
[0,F,0.116113,11110000,11.6113,X]
[9,F,0.125878,00001100,12.5878,X]
[10,F,0.140625,00000011,14.0625,X]
[1,F,0.14248,11110000,14.248,X]
[13,F,0.31412,00000001,31.412,X]
[2,F,0.520767,11000000,52.0767,X]
[3,F,0.551041,00100000,55.1041,X]
[11,F,0.563144,00000010,56.3144,X]
[14,F,0.642245,00000001,64.2245,X]
[15,F,0.671542,00000001,67.1542,X]
[6,F,0.773069,00010000,77.3069,X]
[4,F,0.862564,00100000,86.2564,X]
[5,F,0.887955,00100000,88.7955,X]
[16,F,0.892245,00000001,89.2245,X]
[12,F,0.923495,00000010,92.3495,X]
[7,F,0.941037,00010000,94.1037,X]
GUIDE_TREE_PARTITION1=(((((t1:26.71,t2:26.71):55.1,t3:81.81):1.43,t4:83.24):12.18,(t5:1.92,t6:1.92):93.5):4.58,(t7:83.92,t8:83.92):16.08);
