Taxa bit representation:
t1 10000000
t2 01000000
t3 00100000
t4 00010000
t5 00001000
t6 00000100
t7 00000010
t8 00000001
Clade List (<taxon members> = <clade name>): 

>Dataset_0
[0,F,0.0820312,11111100,8.20312,X]
[1,F,0.0947266,11111100,9.47266,X]
[70,F,0.100586,00000011,10.0586,X]
[71,F,0.119141,00000011,11.9141,X]
[2,F,0.138672,11111100,13.8672,X]
[72,F,0.174805,00000011,17.4805,X]
[73,F,0.176758,00000011,17.6758,X]
[37,F,0.200756,00001100,20.0756,X]
[3,F,0.239819,11110000,23.9819,X]
[38,F,0.254467,00001100,25.4467,X]
[74,F,0.254883,00000011,25.4883,X]
[39,F,0.273998,00001100,27.3998,X]
[4,F,0.275952,11110000,27.5952,X]
[75,F,0.288086,00000011,28.8086,X]
[5,F,0.298412,11110000,29.8412,X]
[40,F,0.307202,00001100,30.7202,X]
[76,F,0.314453,00000011,31.4453,X]
[6,F,0.320873,11110000,32.0873,X]
[7,F,0.32478,11110000,32.478,X]
[77,F,0.341797,00000011,34.1797,X]
[41,F,0.346264,00001100,34.6264,X]
[8,F,0.358959,11110000,35.8959,X]
[78,F,0.359375,00000011,35.9375,X]
[42,F,0.360912,00001100,36.0912,X]
[9,F,0.364819,11110000,36.4819,X]
[10,F,0.366772,11110000,36.6772,X]
[43,F,0.38728,00001100,38.728,X]
[79,F,0.402344,00000011,40.2344,X]
[11,F,0.419506,11110000,41.9506,X]
[57,F,0.434166,00000100,43.4166,X]
[58,F,0.441002,00000100,44.1002,X]
[80,F,0.445312,00000011,44.5312,X]
[12,F,0.44978,11110000,44.978,X]
[59,F,0.451744,00000100,45.1744,X]
[13,F,0.452709,11110000,45.2709,X]
[81,F,0.478516,00000011,47.8516,X]
[14,F,0.510327,11110000,51.0327,X]
[82,F,0.525391,00000011,52.5391,X]
[83,F,0.530273,00000011,53.0273,X]
[60,F,0.537681,00000100,53.7681,X]
[15,F,0.565014,11110000,56.5014,X]
[16,F,0.585522,11110000,58.5522,X]
[44,F,0.589439,00001000,58.9439,X]
[45,F,0.594322,00001000,59.4322,X]
[17,F,0.60017,11110000,60.017,X]
[46,F,0.60897,00001000,60.897,X]
[84,F,0.611328,00000011,61.1328,X]
[85,F,0.660156,00000011,66.0156,X]
[91,F,0.675306,00000001,67.5306,X]
[18,F,0.677319,11110000,67.7319,X]
[47,F,0.683189,00001000,68.3189,X]
[19,F,0.685131,11110000,68.5131,X]
[61,F,0.687095,00000100,68.7095,X]
[86,F,0.726087,00000010,72.6088,X]
[48,F,0.728111,00001000,72.8111,X]
[62,F,0.730064,00000100,73.0064,X]
[49,F,0.731041,00001000,73.1041,X]
[63,F,0.732017,00000100,73.2017,X]
[64,F,0.73983,00000100,73.983,X]
[65,F,0.744712,00000100,74.4712,X]
[92,F,0.760267,00000001,76.0267,X]
[93,F,0.764173,00000001,76.4173,X]
[20,F,0.768411,11100000,76.8411,X]
[27,F,0.769388,00010000,76.9387,X]
[28,F,0.779153,00010000,77.9153,X]
[50,F,0.783775,00001000,78.3775,X]
[87,F,0.792494,00000010,79.2494,X]
[21,F,0.809427,11100000,80.9427,X]
[29,F,0.831888,00010000,83.1887,X]
[66,F,0.834556,00000100,83.4556,X]
[22,F,0.840677,11100000,84.0677,X]
[30,F,0.845559,00010000,84.5559,X]
[31,F,0.847513,00010000,84.7512,X]
[51,F,0.86483,00001000,86.483,X]
[88,F,0.865736,00000010,86.5736,X]
[94,F,0.872572,00000001,87.2572,X]
[52,F,0.879478,00001000,87.9478,X]
[53,F,0.880455,00001000,88.0455,X]
[95,F,0.883314,00000001,88.3314,X]
[32,F,0.888528,00010000,88.8528,X]
[67,F,0.89022,00000100,89.022,X]
[33,F,0.896341,00010000,89.6341,X]
[54,F,0.897056,00001000,89.7056,X]
[96,F,0.899916,00000001,89.9916,X]
[55,F,0.900962,00001000,90.0962,X]
[97,F,0.907728,00000001,90.7728,X]
[98,F,0.917494,00000001,91.7494,X]
[34,F,0.928567,00010000,92.8567,X]
[99,F,0.935072,00000001,93.5072,X]
[23,F,0.938333,11100000,93.8333,X]
[100,F,0.943861,00000001,94.3861,X]
[25,F,0.946006,00100000,94.6006,X]
[35,F,0.953958,00010000,95.3958,X]
[68,F,0.95565,00000100,95.565,X]
[89,F,0.956556,00000010,95.6556,X]
[36,F,0.956888,00010000,95.6887,X]
[101,F,0.964369,00000001,96.4369,X]
[69,F,0.968345,00000100,96.8345,X]
[26,F,0.971397,00100000,97.1397,X]
[90,F,0.977064,00000010,97.7064,X]
[24,F,0.995466,01000000,99.5466,X]
[56,F,0.997642,00001000,99.7642,X]
GUIDE_TREE_PARTITION1=(((((t1:1.43,t2:1.43):4.36,t3:5.79):22.74,t4:28.53):54.91,(t5:57.56,t6:57.56):25.88):16.56,(t7:32.86,t8:32.86):67.14);
