Taxa bit representation:
t1 10000000
t2 01000000
t3 00100000
t4 00010000
t5 00001000
t6 00000100
t7 00000010
t8 00000001
Clade List (<taxon members> = <clade name>): 

>Dataset_0
[0,F,0.0175781,11111100,1.75781,X]
[1,F,0.0214844,11111100,2.14844,X]
[2,F,0.0332031,11111100,3.32031,X]
[3,F,0.0488281,11111100,4.88281,X]
[69,F,0.0498047,00000011,4.98047,X]
[4,F,0.0546875,11111100,5.46875,X]
[5,F,0.0810547,11111100,8.10547,X]
[70,F,0.0869141,00000011,8.69141,X]
[71,F,0.106445,00000011,10.6445,X]
[72,F,0.112305,00000011,11.2305,X]
[6,F,0.134766,11111100,13.4766,X]
[7,F,0.135742,11111100,13.5742,X]
[73,F,0.138672,00000011,13.8672,X]
[74,F,0.143555,00000011,14.3555,X]
[75,F,0.167969,00000011,16.7969,X]
[76,F,0.196289,00000011,19.6289,X]
[77,F,0.222656,00000011,22.2656,X]
[8,F,0.237305,11111100,23.7305,X]
[78,F,0.300781,00000011,30.0781,X]
[9,F,0.312731,11110000,31.2731,X]
[10,F,0.319567,11110000,31.9567,X]
[41,F,0.32152,00001100,32.152,X]
[42,F,0.325427,00001100,32.5427,X]
[11,F,0.331286,11110000,33.1286,X]
[94,F,0.335112,00000001,33.5112,X]
[79,F,0.342925,00000010,34.2925,X]
[12,F,0.350817,11110000,35.0817,X]
[80,F,0.401519,00000010,40.1519,X]
[81,F,0.411284,00000010,41.1284,X]
[95,F,0.443511,00000001,44.3511,X]
[13,F,0.44945,11110000,44.945,X]
[43,F,0.450427,00001100,45.0427,X]
[44,F,0.454333,00001100,45.4333,X]
[45,F,0.473864,00001100,47.3864,X]
[82,F,0.485503,00000010,48.5503,X]
[96,F,0.485503,00000001,48.5503,X]
[46,F,0.498278,00001100,49.8278,X]
[47,F,0.508044,00001100,50.8044,X]
[14,F,0.526598,11110000,52.6598,X]
[48,F,0.532458,00001100,53.2458,X]
[83,F,0.562652,00000010,56.2652,X]
[84,F,0.566558,00000010,56.6558,X]
[97,F,0.566558,00000001,56.6558,X]
[98,F,0.568511,00000001,56.8511,X]
[15,F,0.568591,11110000,56.8591,X]
[99,F,0.582183,00000001,58.2183,X]
[100,F,0.600737,00000001,60.0737,X]
[101,F,0.630034,00000001,63.0034,X]
[16,F,0.630777,11100000,63.0777,X]
[33,F,0.66105,00010000,66.105,X]
[17,F,0.662027,11100000,66.2027,X]
[102,F,0.674956,00000001,67.4956,X]
[34,F,0.676675,00010000,67.6675,X]
[60,F,0.69567,00000100,69.567,X]
[103,F,0.707183,00000001,70.7183,X]
[49,F,0.709342,00001000,70.9342,X]
[104,F,0.713042,00000001,71.3042,X]
[105,F,0.714019,00000001,71.4019,X]
[106,F,0.715972,00000001,71.5972,X]
[107,F,0.724761,00000001,72.4761,X]
[18,F,0.727456,11100000,72.7456,X]
[85,F,0.731597,00000010,73.1597,X]
[61,F,0.734733,00000100,73.4733,X]
[50,F,0.746452,00001000,74.6452,X]
[62,F,0.756217,00000100,75.6217,X]
[35,F,0.762612,00010000,76.2612,X]
[51,F,0.76403,00001000,76.403,X]
[52,F,0.766959,00001000,76.6959,X]
[86,F,0.768706,00000010,76.8706,X]
[53,F,0.768912,00001000,76.8912,X]
[87,F,0.773589,00000010,77.3589,X]
[36,F,0.782144,00010000,78.2144,X]
[54,F,0.811881,00001000,81.1881,X]
[19,F,0.818277,11100000,81.8277,X]
[108,F,0.818511,00000001,81.8511,X]
[88,F,0.82437,00000010,82.437,X]
[63,F,0.843131,00000100,84.3131,X]
[55,F,0.861686,00001000,86.1686,X]
[109,F,0.862456,00000001,86.2456,X]
[37,F,0.888589,00010000,88.8589,X]
[38,F,0.890542,00010000,89.0542,X]
[56,F,0.892936,00001000,89.2936,X]
[110,F,0.893706,00000001,89.3706,X]
[26,F,0.895106,00100000,89.5106,X]
[64,F,0.896842,00000100,89.6842,X]
[89,F,0.899566,00000010,89.9566,X]
[90,F,0.902495,00000010,90.2495,X]
[91,F,0.905425,00000010,90.5425,X]
[65,F,0.905631,00000100,90.5631,X]
[66,F,0.909537,00000100,90.9537,X]
[92,F,0.912261,00000010,91.2261,X]
[20,F,0.914637,11000000,91.4638,X]
[57,F,0.915397,00001000,91.5397,X]
[27,F,0.917567,00100000,91.7567,X]
[21,F,0.923427,11000000,92.3427,X]
[111,F,0.925933,00000001,92.5933,X]
[39,F,0.926675,00010000,92.6675,X]
[112,F,0.926909,00000001,92.6909,X]
[67,F,0.928092,00000100,92.8092,X]
[40,F,0.928628,00010000,92.8628,X]
[28,F,0.931239,00100000,93.1239,X]
[22,F,0.935145,11000000,93.5145,X]
[58,F,0.937858,00001000,93.7858,X]
[68,F,0.94567,00000100,94.567,X]
[29,F,0.946864,00100000,94.6864,X]
[30,F,0.95077,00100000,95.077,X]
[31,F,0.951747,00100000,95.1747,X]
[24,F,0.962525,01000000,96.2525,X]
[23,F,0.966431,10000000,96.6431,X]
[93,F,0.971831,00000010,97.1831,X]
[32,F,0.981044,00100000,98.1044,X]
[25,F,0.993775,01000000,99.3775,X]
[59,F,0.996452,00001000,99.6452,X]
GUIDE_TREE_PARTITION1=(((((t1:5.31,t2:5.31):5.57,t3:10.88):26.14,t4:37.02):33.66,(t5:36.39,t6:36.39):34.29):29.32,(t7:67.27,t8:67.27):32.73);
