Taxa bit representation:
t1 10000000
t2 01000000
t3 00100000
t4 00010000
t5 00001000
t6 00000100
t7 00000010
t8 00000001
Clade List (<taxon members> = <clade name>): 

>Dataset_0
[0,F,0.143555,11110000,14.3555,X]
[17,F,0.200306,00000001,20.0306,X]
[10,F,0.25428,00000100,25.428,X]
[1,F,0.267444,11000000,26.7444,X]
[7,F,0.296741,00110000,29.6741,X]
[2,F,0.417834,11000000,41.7834,X]
[11,F,0.451545,00000100,45.1545,X]
[12,F,0.587287,00000100,58.7287,X]
[3,F,0.608655,10000000,60.8655,X]
[18,F,0.614369,00000001,61.4369,X]
[15,F,0.625111,00000010,62.5111,X]
[9,F,0.693733,00001000,69.3733,X]
[13,F,0.733772,00000100,73.3772,X]
[19,F,0.856556,00000001,85.6556,X]
[20,F,0.895619,00000001,89.5619,X]
[4,F,0.897717,10000000,89.7717,X]
[16,F,0.94933,00000010,94.933,X]
[8,F,0.9538,00100000,95.38,X]
[5,F,0.969006,10000000,96.9006,X]
[14,F,0.986702,00000100,98.6702,X]
[6,F,0.989514,01000000,98.9514,X]
GUIDE_TREE_PARTITION1=(((t1:53.49,t2:53.49):28.75,(t3:10.87,t4:10.87):71.37):17.76,((t5:84.24,t6:84.24):12.36,(t7:92.86,t8:92.86):3.74):3.4);
