Taxa bit representation:
t1 10000000
t2 01000000
t3 00100000
t4 00010000
t5 00001000
t6 00000100
t7 00000010
t8 00000001
Clade List (<taxon members> = <clade name>): 

>Dataset_0
[34,F,0.0566406,00000011,5.66406,X]
[0,F,0.134914,11110000,13.4914,X]
[22,F,0.179836,00001100,17.9836,X]
[23,F,0.188625,00001100,18.8625,X]
[24,F,0.205227,00001100,20.5227,X]
[35,F,0.211914,00000011,21.1914,X]
[1,F,0.222805,11110000,22.2805,X]
[2,F,0.23257,11110000,23.257,X]
[36,F,0.257812,00000011,25.7812,X]
[3,F,0.290188,11110000,29.0188,X]
[37,F,0.296875,00000011,29.6875,X]
[25,F,0.302883,00001100,30.2883,X]
[38,F,0.31543,00000011,31.543,X]
[4,F,0.320461,11110000,32.0461,X]
[26,F,0.33218,00001100,33.218,X]
[13,F,0.350459,00010000,35.0459,X]
[5,F,0.359248,11100000,35.9248,X]
[27,F,0.3605,00001100,36.05,X]
[6,F,0.429561,11100000,42.9561,X]
[28,F,0.494289,00001100,49.4289,X]
[7,F,0.521358,11100000,52.1358,X]
[8,F,0.527217,11100000,52.7217,X]
[29,F,0.530422,00001100,53.0422,X]
[14,F,0.588741,00010000,58.8741,X]
[30,F,0.599758,00001100,59.9758,X]
[15,F,0.607295,00010000,60.7295,X]
[41,F,0.639948,00000001,63.9948,X]
[9,F,0.658077,11100000,65.8077,X]
[16,F,0.686397,00010000,68.6397,X]
[10,F,0.706905,11100000,70.6905,X]
[31,F,0.722805,00001100,72.2805,X]
[42,F,0.731745,00000001,73.1745,X]
[11,F,0.746944,11100000,74.6944,X]
[17,F,0.823116,00010000,82.3116,X]
[32,F,0.823391,00001100,82.3391,X]
[18,F,0.836788,00010000,83.6788,X]
[33,F,0.864955,00001000,86.4955,X]
[19,F,0.867061,00010000,86.7061,X]
[12,F,0.870967,11100000,87.0967,X]
[20,F,0.886592,00010000,88.6592,X]
[39,F,0.889948,00000010,88.9948,X]
[40,F,0.911433,00000010,91.1433,X]
[21,F,0.913936,00010000,91.3936,X]
[43,F,0.961237,00000001,96.1238,X]
[44,F,0.970027,00000001,97.0027,X]
GUIDE_TREE_PARTITION1=(((((t1:5.26,t2:5.26):3.51,t3:8.77):56.77,t4:65.54):23.41,(t5:15.36,t6:15.36):73.59):11.05,(t7:49.97,t8:49.97):50.03);
