Taxa bit representation:
t1 10000000
t2 01000000
t3 00100000
t4 00010000
t5 00001000
t6 00000100
t7 00000010
t8 00000001
Clade List (<taxon members> = <clade name>): 

>Dataset_0
[0,F,0.000976562,11111110,0.0976562,X]
[1,F,0.015625,11111110,1.5625,X]
[116,F,0.0292969,00000001,2.92969,X]
[93,F,0.0573031,00000010,5.73031,X]
[117,F,0.0605469,00000001,6.05469,X]
[118,F,0.0673828,00000001,6.73828,X]
[2,F,0.0914828,11111100,9.14828,X]
[94,F,0.110038,00000010,11.0038,X]
[3,F,0.18035,11111100,18.035,X]
[95,F,0.18035,00000010,18.035,X]
[96,F,0.190116,00000010,19.0116,X]
[97,F,0.193045,00000010,19.3045,X]
[119,F,0.198242,00000001,19.8242,X]
[4,F,0.215002,11111000,21.5002,X]
[66,F,0.218908,00000100,21.8908,X]
[120,F,0.219727,00000001,21.9727,X]
[67,F,0.227697,00000100,22.7697,X]
[68,F,0.237463,00000100,23.7463,X]
[5,F,0.272619,11111000,27.2619,X]
[121,F,0.275391,00000001,27.5391,X]
[69,F,0.305822,00000100,30.5822,X]
[98,F,0.306327,00000010,30.6327,X]
[122,F,0.318359,00000001,31.8359,X]
[99,F,0.319022,00000010,31.9022,X]
[123,F,0.332031,00000001,33.2031,X]
[100,F,0.335623,00000010,33.5623,X]
[101,F,0.345389,00000010,34.5389,X]
[102,F,0.351248,00000010,35.1248,X]
[6,F,0.364416,11111000,36.4416,X]
[70,F,0.367345,00000100,36.7345,X]
[71,F,0.376134,00000100,37.6134,X]
[124,F,0.382812,00000001,38.2812,X]
[103,F,0.3991,00000010,39.91,X]
[7,F,0.444494,11111000,44.4494,X]
[125,F,0.448242,00000001,44.8242,X]
[126,F,0.472656,00000001,47.2656,X]
[72,F,0.508947,00000100,50.8947,X]
[127,F,0.530273,00000001,53.0273,X]
[104,F,0.542655,00000010,54.2655,X]
[73,F,0.54508,00000100,54.508,X]
[74,F,0.549963,00000100,54.9963,X]
[42,F,0.551189,00001000,55.1189,X]
[8,F,0.552166,11110000,55.2166,X]
[43,F,0.555095,00001000,55.5095,X]
[9,F,0.557048,11110000,55.7048,X]
[44,F,0.569744,00001000,56.9744,X]
[75,F,0.57047,00000100,57.047,X]
[105,F,0.582694,00000010,58.2694,X]
[45,F,0.587322,00001000,58.7322,X]
[76,F,0.588048,00000100,58.8048,X]
[128,F,0.589844,00000001,58.9844,X]
[46,F,0.592205,00001000,59.2205,X]
[47,F,0.600017,00001000,60.0017,X]
[129,F,0.602539,00000001,60.2539,X]
[77,F,0.605627,00000100,60.5627,X]
[78,F,0.60758,00000100,60.758,X]
[10,F,0.629314,11110000,62.9314,X]
[11,F,0.630291,11110000,63.0291,X]
[12,F,0.634197,11110000,63.4197,X]
[130,F,0.634766,00000001,63.4766,X]
[31,F,0.63733,00010000,63.733,X]
[48,F,0.649822,00001000,64.9822,X]
[49,F,0.653728,00001000,65.3728,X]
[79,F,0.671056,00000100,67.1056,X]
[23,F,0.677748,00100000,67.7748,X]
[50,F,0.678142,00001000,67.8142,X]
[51,F,0.682048,00001000,68.2048,X]
[131,F,0.682617,00000001,68.2617,X]
[106,F,0.68328,00000010,68.328,X]
[13,F,0.685561,11000000,68.5561,X]
[52,F,0.69572,00001000,69.572,X]
[107,F,0.702811,00000010,70.2811,X]
[14,F,0.704116,11000000,70.4116,X]
[24,F,0.708998,00100000,70.8998,X]
[132,F,0.712891,00000001,71.2891,X]
[15,F,0.714858,11000000,71.4858,X]
[25,F,0.720717,00100000,72.0717,X]
[80,F,0.720861,00000100,72.0861,X]
[133,F,0.726562,00000001,72.6562,X]
[16,F,0.730483,11000000,73.0483,X]
[134,F,0.740234,00000001,74.0234,X]
[108,F,0.743827,00000010,74.3827,X]
[81,F,0.745275,00000100,74.5275,X]
[53,F,0.747478,00001000,74.7478,X]
[109,F,0.769217,00000010,76.9217,X]
[54,F,0.771892,00001000,77.1892,X]
[110,F,0.790702,00000010,79.0702,X]
[135,F,0.792969,00000001,79.2969,X]
[55,F,0.793377,00001000,79.3377,X]
[26,F,0.797866,00100000,79.7866,X]
[82,F,0.798009,00000100,79.8009,X]
[32,F,0.801392,00010000,80.1392,X]
[56,F,0.818767,00001000,81.8767,X]
[33,F,0.836548,00010000,83.6548,X]
[57,F,0.840252,00001000,84.0252,X]
[136,F,0.841797,00000001,84.1797,X]
[83,F,0.844884,00000100,84.4884,X]
[34,F,0.854127,00010000,85.4127,X]
[111,F,0.856131,00000010,85.6131,X]
[137,F,0.856445,00000001,85.6445,X]
[58,F,0.856853,00001000,85.6853,X]
[59,F,0.85783,00001000,85.783,X]
[84,F,0.863439,00000100,86.3439,X]
[21,F,0.863742,01000000,86.3742,X]
[85,F,0.865392,00000100,86.5392,X]
[86,F,0.866369,00000100,86.6369,X]
[17,F,0.868625,10000000,86.8625,X]
[87,F,0.875158,00000100,87.5158,X]
[18,F,0.880344,10000000,88.0344,X]
[35,F,0.882447,00010000,88.2447,X]
[60,F,0.88908,00001000,88.908,X]
[36,F,0.890259,00010000,89.0259,X]
[88,F,0.898595,00000100,89.8595,X]
[37,F,0.900025,00010000,90.0025,X]
[61,F,0.902752,00001000,90.2752,X]
[38,F,0.903931,00010000,90.3931,X]
[112,F,0.911795,00000010,91.1795,X]
[138,F,0.918945,00000001,91.8945,X]
[113,F,0.925467,00000010,92.5467,X]
[27,F,0.926772,00100000,92.6772,X]
[28,F,0.935561,00100000,93.5561,X]
[114,F,0.937186,00000010,93.7186,X]
[19,F,0.938938,10000000,93.8938,X]
[39,F,0.942017,00010000,94.2017,X]
[89,F,0.942541,00000100,94.2541,X]
[90,F,0.944494,00000100,94.4494,X]
[139,F,0.948242,00000001,94.8242,X]
[40,F,0.966431,00010000,96.6431,X]
[115,F,0.967459,00000010,96.7459,X]
[91,F,0.967931,00000100,96.7931,X]
[29,F,0.970717,00100000,97.0717,X]
[62,F,0.974041,00001000,97.4041,X]
[63,F,0.975017,00001000,97.5017,X]
[92,F,0.97672,00000100,97.672,X]
[41,F,0.97815,00010000,97.815,X]
[30,F,0.981459,00100000,98.1459,X]
[64,F,0.983806,00001000,98.3806,X]
[140,F,0.988281,00000001,98.8281,X]
[22,F,0.989719,01000000,98.9719,X]
[20,F,0.992648,10000000,99.2648,X]
[65,F,0.994548,00001000,99.4548,X]
GUIDE_TREE_PARTITION1=(((((((t1:14.7,t2:14.7):18.99,t3:33.69):2.87,t4:36.56):9.2,t5:45.76):34.4,t6:80.16):17.43,t7:97.59):2.41,t8:100);
