Taxa bit representation:
t1 10000000
t2 01000000
t3 00100000
t4 00010000
t5 00001000
t6 00000100
t7 00000010
t8 00000001
Clade List (<taxon members> = <clade name>): 

>Dataset_0
[27,F,0.059625,00000010,5.9625,X]
[0,F,0.0664609,11111100,6.64609,X]
[1,F,0.119195,11111100,11.9195,X]
[28,F,0.122125,00000010,12.2125,X]
[29,F,0.143609,00000010,14.3609,X]
[36,F,0.161133,00000001,16.1133,X]
[37,F,0.164062,00000001,16.4062,X]
[30,F,0.217828,00000010,21.7828,X]
[17,F,0.233956,00000100,23.3956,X]
[18,F,0.241769,00000100,24.1769,X]
[38,F,0.244141,00000001,24.4141,X]
[19,F,0.391183,00000100,39.1183,X]
[31,F,0.401422,00000010,40.1422,X]
[13,F,0.422669,00001000,42.2669,X]
[2,F,0.424622,11110000,42.4622,X]
[3,F,0.452942,11110000,45.2942,X]
[39,F,0.458008,00000001,45.8008,X]
[40,F,0.461914,00000001,46.1914,X]
[4,F,0.522278,11110000,52.2278,X]
[20,F,0.525948,00000100,52.5948,X]
[21,F,0.537667,00000100,53.7667,X]
[41,F,0.557617,00000001,55.7617,X]
[42,F,0.573242,00000001,57.3242,X]
[22,F,0.579659,00000100,57.9659,X]
[32,F,0.607477,00000010,60.7477,X]
[43,F,0.625977,00000001,62.5977,X]
[14,F,0.659973,00001000,65.9973,X]
[5,F,0.682434,11110000,68.2434,X]
[9,F,0.685853,00010000,68.5853,X]
[23,F,0.690011,00000100,69.0011,X]
[24,F,0.692941,00000100,69.2941,X]
[6,F,0.707337,11100000,70.7338,X]
[33,F,0.72857,00000010,72.857,X]
[34,F,0.766656,00000010,76.6656,X]
[10,F,0.77472,00010000,77.472,X]
[11,F,0.810853,00010000,81.0853,X]
[15,F,0.825989,00001000,82.5989,X]
[25,F,0.845284,00000100,84.5284,X]
[44,F,0.863281,00000001,86.3281,X]
[16,F,0.874817,00001000,87.4817,X]
[26,F,0.901925,00000100,90.1925,X]
[45,F,0.911133,00000001,91.1133,X]
[46,F,0.919922,00000001,91.9922,X]
[12,F,0.920228,00010000,92.0228,X]
[7,F,0.95503,00100000,95.503,X]
[35,F,0.960992,00000010,96.0992,X]
[8,F,0.991162,00100000,99.1162,X]
GUIDE_TREE_PARTITION1=(((((((t1:0.31,t2:0.31):4.48,t3:4.79):26.82,t4:31.61):42.92,t5:74.53):11.84,t6:86.37):9.23,t7:95.6):4.4,t8:100);
