Taxa bit representation:
t1 10000000
t2 01000000
t3 00100000
t4 00010000
t5 00001000
t6 00000100
t7 00000010
t8 00000001
Clade List (<taxon members> = <clade name>): 

>Dataset_0
[0,F,0.046875,11111100,4.6875,X]
[1,F,0.078125,11111100,7.8125,X]
[24,F,0.235352,00000011,23.5352,X]
[2,F,0.338867,11111100,33.8867,X]
[3,F,0.34668,11111100,34.668,X]
[4,F,0.400391,11111100,40.0391,X]
[19,F,0.436872,00001100,43.6872,X]
[20,F,0.465192,00001100,46.5192,X]
[25,F,0.474609,00000011,47.4609,X]
[5,F,0.478278,11100000,47.8278,X]
[16,F,0.481208,00010000,48.1208,X]
[21,F,0.491559,00001100,49.1559,X]
[6,F,0.579841,11100000,57.9841,X]
[22,F,0.612653,00001100,61.2653,X]
[26,F,0.642578,00000011,64.2578,X]
[27,F,0.676758,00000011,67.6758,X]
[7,F,0.685047,11000000,68.5047,X]
[8,F,0.712391,11000000,71.2391,X]
[11,F,0.71532,00100000,71.532,X]
[12,F,0.753406,00100000,75.3406,X]
[28,F,0.761719,00000011,76.1719,X]
[29,F,0.764648,00000011,76.4648,X]
[23,F,0.773786,00001100,77.3786,X]
[30,F,0.838552,00000010,83.8552,X]
[9,F,0.889942,10000000,88.9942,X]
[13,F,0.897938,00100000,89.7938,X]
[31,F,0.900075,00000010,90.0075,X]
[32,F,0.916677,00000010,91.6677,X]
[10,F,0.947559,10000000,94.7559,X]
[17,F,0.951911,00010000,95.1911,X]
[18,F,0.966559,00010000,96.6559,X]
[14,F,0.980945,00100000,98.0945,X]
[15,F,0.997547,00100000,99.7547,X]
GUIDE_TREE_PARTITION1=(((((t1:12.08,t2:12.08):25.47,t3:37.55):16.38,t4:53.93):3.75,(t5:9.48,t6:9.48):48.2):42.32,(t7:20.93,t8:20.93):79.07);
