Taxa bit representation:
t1 10000000
t2 01000000
t3 00100000
t4 00010000
t5 00001000
t6 00000100
t7 00000010
t8 00000001
Clade List (<taxon members> = <clade name>): 

>Dataset_0
[0,F,0.00488281,11110000,0.488281,X]
[1,F,0.0332031,11110000,3.32031,X]
[46,F,0.0419922,00001111,4.19922,X]
[47,F,0.0449219,00001111,4.49219,X]
[48,F,0.0458984,00001111,4.58984,X]
[2,F,0.0498047,11110000,4.98047,X]
[49,F,0.0537109,00001111,5.37109,X]
[3,F,0.0722656,11110000,7.22656,X]
[4,F,0.0751953,11110000,7.51953,X]
[5,F,0.0927734,11110000,9.27734,X]
[50,F,0.105469,00001111,10.5469,X]
[6,F,0.123047,11110000,12.3047,X]
[51,F,0.125,00001111,12.5,X]
[7,F,0.134766,11110000,13.4766,X]
[8,F,0.138672,11110000,13.8672,X]
[9,F,0.151367,11110000,15.1367,X]
[52,F,0.15918,00001111,15.918,X]
[53,F,0.167969,00001111,16.7969,X]
[54,F,0.169922,00001111,16.9922,X]
[10,F,0.170898,11110000,17.0898,X]
[11,F,0.186523,11110000,18.6523,X]
[55,F,0.200195,00001111,20.0195,X]
[12,F,0.210938,11110000,21.0938,X]
[56,F,0.210938,00001111,21.0938,X]
[57,F,0.219727,00001111,21.9727,X]
[13,F,0.224609,11110000,22.4609,X]
[14,F,0.254883,11110000,25.4883,X]
[15,F,0.258789,11110000,25.8789,X]
[16,F,0.266602,11110000,26.6602,X]
[58,F,0.305664,00001111,30.5664,X]
[17,F,0.311523,11110000,31.1523,X]
[18,F,0.337891,11110000,33.7891,X]
[59,F,0.344727,00001111,34.4727,X]
[19,F,0.349609,11110000,34.9609,X]
[60,F,0.359375,00001111,35.9375,X]
[61,F,0.368164,00001111,36.8164,X]
[20,F,0.392578,11110000,39.2578,X]
[21,F,0.406989,11000000,40.6989,X]
[31,F,0.45777,00110000,45.777,X]
[62,F,0.466797,00001111,46.6797,X]
[32,F,0.469489,00110000,46.9489,X]
[63,F,0.476562,00001111,47.6562,X]
[22,F,0.492927,11000000,49.2927,X]
[64,F,0.516602,00001111,51.6602,X]
[33,F,0.525153,00110000,52.5153,X]
[65,F,0.53418,00001111,53.418,X]
[66,F,0.541777,00001100,54.1777,X]
[67,F,0.546659,00001100,54.6659,X]
[34,F,0.550544,00110000,55.0544,X]
[68,F,0.553495,00001100,55.3495,X]
[35,F,0.565192,00110000,56.5192,X]
[78,F,0.57498,00000011,57.498,X]
[36,F,0.575934,00110000,57.5934,X]
[37,F,0.577887,00110000,57.7888,X]
[79,F,0.595487,00000011,59.5487,X]
[80,F,0.60037,00000011,60.037,X]
[69,F,0.625761,00001100,62.5761,X]
[23,F,0.632575,11000000,63.2575,X]
[81,F,0.658964,00000011,65.8964,X]
[82,F,0.680448,00000011,68.0448,X]
[38,F,0.699958,00110000,69.9958,X]
[39,F,0.714606,00110000,71.4606,X]
[24,F,0.721442,11000000,72.1442,X]
[25,F,0.723395,11000000,72.3395,X]
[70,F,0.72537,00001100,72.537,X]
[40,F,0.726325,00110000,72.6325,X]
[83,F,0.751737,00000011,75.1737,X]
[26,F,0.752692,11000000,75.2692,X]
[84,F,0.754667,00000011,75.4667,X]
[41,F,0.756598,00110000,75.6598,X]
[27,F,0.765387,11000000,76.5387,X]
[71,F,0.769316,00001100,76.9316,X]
[85,F,0.777128,00000011,77.7128,X]
[42,F,0.782966,00110000,78.2966,X]
[72,F,0.82205,00001100,82.205,X]
[86,F,0.824013,00000010,82.4013,X]
[91,F,0.828895,00000001,82.8895,X]
[43,F,0.83277,00110000,83.277,X]
[28,F,0.843512,11000000,84.3512,X]
[44,F,0.861091,00110000,86.1091,X]
[73,F,0.870878,00001100,87.0878,X]
[92,F,0.890419,00000001,89.0419,X]
[87,F,0.896278,00000010,89.6278,X]
[74,F,0.902128,00001100,90.2128,X]
[88,F,0.907997,00000010,90.7997,X]
[29,F,0.908942,11000000,90.8942,X]
[30,F,0.911872,11000000,91.1872,X]
[75,F,0.91287,00001100,91.287,X]
[89,F,0.922645,00000010,92.2645,X]
[93,F,0.934364,00000001,93.4364,X]
[76,F,0.940214,00001100,94.0214,X]
[94,F,0.943153,00000001,94.3153,X]
[77,F,0.970878,00000100,97.0878,X]
[45,F,0.972189,00100000,97.2189,X]
[90,F,0.97245,00000010,97.245,X]
[95,F,0.989052,00000001,98.9052,X]
GUIDE_TREE_PARTITION1=(((t1:4.88,t2:4.88):55.3,(t3:3.66,t4:3.66):56.52):39.82,((t5:4.67,t6:4.67):41.25,(t7:18.38,t8:18.38):27.54):54.08);
