Taxa bit representation:
t1 10000000
t2 01000000
t3 00100000
t4 00010000
t5 00001000
t6 00000100
t7 00000010
t8 00000001
Clade List (<taxon members> = <clade name>): 

>Dataset_0
[0,F,0.00683594,11111100,0.683594,X]
[1,F,0.0205078,11111100,2.05078,X]
[2,F,0.0627625,11110000,6.27625,X]
[67,F,0.0881531,00001100,8.81531,X]
[106,F,0.0898438,00000011,8.98438,X]
[68,F,0.0940125,00001100,9.40125,X]
[69,F,0.104755,00001100,10.4755,X]
[3,F,0.12038,11110000,12.038,X]
[70,F,0.133075,00001100,13.3075,X]
[107,F,0.142578,00000011,14.2578,X]
[46,F,0.143272,00010000,14.3272,X]
[71,F,0.15163,00001100,15.163,X]
[108,F,0.15332,00000011,15.332,X]
[109,F,0.163086,00000011,16.3086,X]
[72,F,0.177997,00001100,17.7997,X]
[73,F,0.203387,00001100,20.3388,X]
[110,F,0.208008,00000011,20.8008,X]
[111,F,0.208984,00000011,20.8984,X]
[74,F,0.21413,00001100,21.413,X]
[4,F,0.230186,11100000,23.0186,X]
[5,F,0.246787,11100000,24.6788,X]
[6,F,0.269248,11100000,26.9248,X]
[30,F,0.278036,00100000,27.8036,X]
[7,F,0.282919,11000000,28.2919,X]
[31,F,0.286825,00100000,28.6825,X]
[75,F,0.312762,00001100,31.2763,X]
[47,F,0.316123,00010000,31.6123,X]
[76,F,0.318622,00001100,31.8622,X]
[32,F,0.319052,00100000,31.9052,X]
[77,F,0.319598,00001100,31.9598,X]
[48,F,0.332725,00010000,33.2725,X]
[49,F,0.336631,00010000,33.6631,X]
[137,F,0.339106,00000001,33.9106,X]
[78,F,0.343036,00001100,34.3036,X]
[8,F,0.345419,11000000,34.5419,X]
[79,F,0.363544,00001100,36.3544,X]
[33,F,0.36495,00100000,36.495,X]
[50,F,0.373741,00010000,37.3741,X]
[112,F,0.393794,00000010,39.3794,X]
[113,F,0.403559,00000010,40.3559,X]
[80,F,0.406512,00001100,40.6512,X]
[81,F,0.424091,00001100,42.4091,X]
[138,F,0.432856,00000001,43.2856,X]
[114,F,0.433833,00000010,43.3833,X]
[34,F,0.440145,00100000,44.0145,X]
[9,F,0.446981,11000000,44.6981,X]
[115,F,0.453364,00000010,45.3364,X]
[51,F,0.454795,00010000,45.4795,X]
[35,F,0.4587,00100000,45.87,X]
[116,F,0.466059,00000010,46.6059,X]
[52,F,0.466514,00010000,46.6514,X]
[10,F,0.474325,11000000,47.4325,X]
[53,F,0.483116,00010000,48.3116,X]
[117,F,0.492427,00000010,49.2427,X]
[36,F,0.498739,00100000,49.8739,X]
[93,F,0.502289,00000100,50.2289,X]
[54,F,0.506553,00010000,50.6553,X]
[55,F,0.508506,00010000,50.8506,X]
[11,F,0.511434,11000000,51.1434,X]
[12,F,0.528036,11000000,52.8036,X]
[139,F,0.532466,00000001,53.2466,X]
[13,F,0.533895,11000000,53.3895,X]
[37,F,0.545614,00100000,54.5614,X]
[82,F,0.554047,00001000,55.4047,X]
[118,F,0.55688,00000010,55.688,X]
[14,F,0.561239,11000000,56.1239,X]
[140,F,0.568598,00000001,56.8598,X]
[141,F,0.574458,00000001,57.4458,X]
[15,F,0.577841,11000000,57.7841,X]
[83,F,0.59018,00001000,59.018,X]
[94,F,0.59018,00000100,59.018,X]
[38,F,0.594442,00100000,59.4442,X]
[119,F,0.600825,00000010,60.0825,X]
[120,F,0.612544,00000010,61.2544,X]
[121,F,0.61645,00000010,61.645,X]
[56,F,0.622764,00010000,62.2764,X]
[122,F,0.625239,00000010,62.5239,X]
[95,F,0.628266,00000100,62.8266,X]
[96,F,0.638031,00000100,63.8031,X]
[84,F,0.651703,00001000,65.1703,X]
[39,F,0.654989,00100000,65.4989,X]
[142,F,0.659419,00000001,65.9419,X]
[85,F,0.659516,00001000,65.9516,X]
[40,F,0.671591,00100000,67.1591,X]
[97,F,0.680023,00000100,68.0023,X]
[57,F,0.680381,00010000,68.0381,X]
[123,F,0.68188,00000010,68.188,X]
[143,F,0.684809,00000001,68.4809,X]
[58,F,0.698936,00010000,69.8936,X]
[124,F,0.699458,00000010,69.9458,X]
[144,F,0.702388,00000001,70.2388,X]
[98,F,0.703461,00000100,70.3461,X]
[125,F,0.705317,00000010,70.5317,X]
[16,F,0.70577,11000000,70.577,X]
[17,F,0.710653,11000000,71.0653,X]
[99,F,0.722016,00000100,72.2016,X]
[18,F,0.724325,11000000,72.4325,X]
[19,F,0.726278,11000000,72.6278,X]
[41,F,0.731161,00100000,73.1161,X]
[100,F,0.732758,00000100,73.2758,X]
[42,F,0.734091,00100000,73.4091,X]
[101,F,0.742523,00000100,74.2523,X]
[86,F,0.759125,00001000,75.9125,X]
[20,F,0.760425,10000000,76.0425,X]
[59,F,0.764366,00010000,76.4366,X]
[126,F,0.767817,00000010,76.7817,X]
[127,F,0.771723,00000010,77.1723,X]
[128,F,0.773677,00000010,77.3677,X]
[60,F,0.781944,00010000,78.1944,X]
[87,F,0.782563,00001000,78.2563,X]
[43,F,0.785848,00100000,78.5848,X]
[21,F,0.789722,10000000,78.9722,X]
[129,F,0.793208,00000010,79.3208,X]
[61,F,0.803428,00010000,80.3428,X]
[44,F,0.810262,00100000,81.0263,X]
[130,F,0.812739,00000010,81.2739,X]
[62,F,0.815147,00010000,81.5147,X]
[145,F,0.820552,00000001,82.0552,X]
[22,F,0.827808,10000000,82.7808,X]
[131,F,0.833247,00000010,83.3247,X]
[63,F,0.834678,00010000,83.4678,X]
[26,F,0.837573,01000000,83.7573,X]
[146,F,0.839106,00000001,83.9106,X]
[132,F,0.840083,00000010,84.0083,X]
[23,F,0.855152,10000000,85.5152,X]
[88,F,0.855805,00001000,85.5805,X]
[133,F,0.862544,00000010,86.2544,X]
[102,F,0.862641,00000100,86.2641,X]
[134,F,0.870356,00000010,87.0356,X]
[64,F,0.874717,00010000,87.4717,X]
[89,F,0.880219,00001000,88.0219,X]
[90,F,0.889008,00001000,88.9008,X]
[91,F,0.890961,00001000,89.0961,X]
[147,F,0.89477,00000001,89.477,X]
[135,F,0.896723,00000010,89.6723,X]
[148,F,0.898677,00000001,89.8677,X]
[45,F,0.908895,00100000,90.8895,X]
[27,F,0.912769,01000000,91.2769,X]
[149,F,0.946528,00000001,94.6528,X]
[103,F,0.947602,00000100,94.7602,X]
[104,F,0.953461,00000100,95.3461,X]
[150,F,0.955317,00000001,95.5317,X]
[151,F,0.9602,00000001,96.02,X]
[28,F,0.96355,01000000,96.355,X]
[136,F,0.970942,00000010,97.0942,X]
[152,F,0.981684,00000001,98.1684,X]
[29,F,0.982105,01000000,98.2105,X]
[92,F,0.982758,00001000,98.2758,X]
[24,F,0.983081,10000000,98.3081,X]
[105,F,0.989594,00000100,98.9594,X]
[153,F,0.99145,00000001,99.145,X]
[65,F,0.992881,00010000,99.2881,X]
[66,F,0.997764,00010000,99.7764,X]
[25,F,0.999683,10000000,99.9683,X]
GUIDE_TREE_PARTITION1=(((((t1:25.52,t2:25.52):47.36,t3:72.88):14.16,t4:87.04):10.59,(t5:50.65,t6:50.65):46.98):2.37,(t7:66.48,t8:66.48):33.52);
