Taxa bit representation:
t1 10000000
t2 01000000
t3 00100000
t4 00010000
t5 00001000
t6 00000100
t7 00000010
t8 00000001
Clade List (<taxon members> = <clade name>): 

>Dataset_0
[0,F,0.0078125,11111110,0.78125,X]
[78,F,0.0175781,00000001,1.75781,X]
[1,F,0.0322266,11111110,3.22266,X]
[2,F,0.0390625,11111110,3.90625,X]
[3,F,0.0410156,11111110,4.10156,X]
[4,F,0.046875,11111110,4.6875,X]
[79,F,0.0898438,00000001,8.98438,X]
[5,F,0.101562,11111110,10.1562,X]
[80,F,0.121094,00000001,12.1094,X]
[81,F,0.168945,00000001,16.8945,X]
[82,F,0.172852,00000001,17.2852,X]
[6,F,0.203125,11111110,20.3125,X]
[83,F,0.227539,00000001,22.7539,X]
[84,F,0.233398,00000001,23.3398,X]
[7,F,0.235352,11111110,23.5352,X]
[8,F,0.25293,11111110,25.293,X]
[85,F,0.253906,00000001,25.3906,X]
[9,F,0.291992,11111110,29.1992,X]
[10,F,0.338867,11111110,33.8867,X]
[86,F,0.356445,00000001,35.6445,X]
[87,F,0.386719,00000001,38.6719,X]
[88,F,0.387695,00000001,38.7695,X]
[50,F,0.391042,00000100,39.1042,X]
[31,F,0.39163,00001000,39.163,X]
[61,F,0.399697,00000010,39.9697,X]
[89,F,0.407227,00000001,40.7227,X]
[62,F,0.407509,00000010,40.7509,X]
[90,F,0.423828,00000001,42.3828,X]
[63,F,0.425088,00000010,42.5087,X]
[64,F,0.428994,00000010,42.8994,X]
[51,F,0.433034,00000100,43.3034,X]
[32,F,0.440458,00001000,44.0458,X]
[11,F,0.440458,11110000,44.0458,X]
[91,F,0.444336,00000001,44.4336,X]
[33,F,0.446317,00001000,44.6317,X]
[12,F,0.453153,11110000,45.3153,X]
[92,F,0.47168,00000001,47.168,X]
[93,F,0.484375,00000001,48.4375,X]
[13,F,0.489286,11110000,48.9286,X]
[65,F,0.507119,00000010,50.7119,X]
[34,F,0.531278,00001000,53.1278,X]
[66,F,0.533486,00000010,53.3486,X]
[67,F,0.548134,00000010,54.8134,X]
[94,F,0.548828,00000001,54.8828,X]
[95,F,0.552734,00000001,55.2734,X]
[14,F,0.575223,11110000,57.5223,X]
[35,F,0.575223,00001000,57.5223,X]
[52,F,0.594167,00000100,59.4167,X]
[36,F,0.597684,00001000,59.7684,X]
[68,F,0.598916,00000010,59.8916,X]
[37,F,0.626981,00001000,62.6981,X]
[53,F,0.639089,00000100,63.9089,X]
[96,F,0.645508,00000001,64.5508,X]
[38,F,0.671903,00001000,67.1903,X]
[97,F,0.674805,00000001,67.4805,X]
[54,F,0.676198,00000100,67.6198,X]
[98,F,0.694336,00000001,69.4336,X]
[69,F,0.697548,00000010,69.7548,X]
[15,F,0.722684,11110000,72.2684,X]
[99,F,0.734375,00000001,73.4375,X]
[26,F,0.743925,00010000,74.3925,X]
[55,F,0.746511,00000100,74.6511,X]
[16,F,0.753691,11100000,75.3691,X]
[56,F,0.756277,00000100,75.6277,X]
[39,F,0.76663,00001000,76.663,X]
[70,F,0.767861,00000010,76.7861,X]
[40,F,0.783231,00001000,78.3231,X]
[71,F,0.787392,00000010,78.7392,X]
[72,F,0.792275,00000010,79.2275,X]
[73,F,0.796181,00000010,79.6181,X]
[74,F,0.797158,00000010,79.7158,X]
[57,F,0.802175,00000100,80.2175,X]
[27,F,0.807402,00010000,80.7402,X]
[17,F,0.809355,11100000,80.9355,X]
[18,F,0.815214,11100000,81.5214,X]
[75,F,0.820595,00000010,82.0595,X]
[19,F,0.826877,11000000,82.6877,X]
[28,F,0.827909,00010000,82.7909,X]
[41,F,0.831083,00001000,83.1083,X]
[100,F,0.837891,00000001,83.7891,X]
[42,F,0.850614,00001000,85.0614,X]
[24,F,0.85715,00100000,85.715,X]
[20,F,0.86008,11000000,86.008,X]
[29,F,0.863066,00010000,86.3066,X]
[21,F,0.864962,11000000,86.4963,X]
[25,F,0.864962,00100000,86.4963,X]
[58,F,0.875417,00000100,87.5417,X]
[101,F,0.882812,00000001,88.2812,X]
[59,F,0.898855,00000100,89.8855,X]
[22,F,0.901095,11000000,90.1095,X]
[23,F,0.903048,11000000,90.3048,X]
[43,F,0.920927,00001000,92.0927,X]
[76,F,0.92997,00000010,92.997,X]
[44,F,0.942411,00001000,94.2411,X]
[45,F,0.946317,00001000,94.6317,X]
[60,F,0.949636,00000100,94.9636,X]
[30,F,0.953886,00010000,95.3886,X]
[46,F,0.963895,00001000,96.3895,X]
[47,F,0.966825,00001000,96.6825,X]
[77,F,0.983681,00000010,98.3681,X]
[48,F,0.992216,00001000,99.2216,X]
[49,F,0.993192,00001000,99.3192,X]
GUIDE_TREE_PARTITION1=(((((((t1:0.4,t2:0.4):17.01,t3:17.41):9.76,t4:27.17):33.96,t5:61.13):0.84,t6:61.97):0.99,t7:62.96):37.04,t8:100);
