Taxa bit representation:
t1 10000000
t2 01000000
t3 00100000
t4 00010000
t5 00001000
t6 00000100
t7 00000010
t8 00000001
Clade List (<taxon members> = <clade name>): 

>Dataset_0
[40,F,0.0458984,00001111,4.58984,X]
[0,F,0.0478516,11110000,4.78516,X]
[1,F,0.150391,11110000,15.0391,X]
[41,F,0.160156,00001111,16.0156,X]
[42,F,0.18457,00001111,18.457,X]
[43,F,0.200195,00001111,20.0195,X]
[2,F,0.211914,11110000,21.1914,X]
[3,F,0.25,11110000,25,X]
[44,F,0.25293,00001111,25.293,X]
[45,F,0.274414,00001111,27.4414,X]
[4,F,0.28125,11110000,28.125,X]
[46,F,0.304877,00001100,30.4877,X]
[5,F,0.30957,11110000,30.957,X]
[61,F,0.316595,00000011,31.6595,X]
[6,F,0.333008,11110000,33.3008,X]
[47,F,0.337103,00001100,33.7103,X]
[7,F,0.347656,11110000,34.7656,X]
[8,F,0.353516,11110000,35.3516,X]
[62,F,0.362494,00000011,36.2494,X]
[48,F,0.377142,00001100,37.7142,X]
[63,F,0.386908,00000011,38.6908,X]
[49,F,0.40058,00001100,40.058,X]
[50,F,0.409369,00001100,40.9369,X]
[9,F,0.428711,11110000,42.8711,X]
[51,F,0.43183,00001100,43.183,X]
[10,F,0.432617,11110000,43.2617,X]
[11,F,0.464844,11110000,46.4844,X]
[52,F,0.475775,00001100,47.5775,X]
[12,F,0.489258,11110000,48.9258,X]
[13,F,0.491211,11110000,49.1211,X]
[64,F,0.498236,00000011,49.8236,X]
[14,F,0.499023,11110000,49.9023,X]
[53,F,0.508002,00001100,50.8002,X]
[15,F,0.512695,11110000,51.2695,X]
[65,F,0.51972,00000011,51.972,X]
[28,F,0.522277,00110000,52.2277,X]
[16,F,0.536925,11000000,53.6925,X]
[17,F,0.537902,11000000,53.7902,X]
[29,F,0.544737,00110000,54.4737,X]
[18,F,0.544737,11000000,54.4737,X]
[19,F,0.548644,11000000,54.8644,X]
[20,F,0.550597,11000000,55.0597,X]
[30,F,0.560362,00110000,56.0362,X]
[66,F,0.565619,00000011,56.5619,X]
[67,F,0.583197,00000011,58.3197,X]
[31,F,0.58673,00110000,58.673,X]
[68,F,0.603705,00000011,60.3705,X]
[69,F,0.622259,00000011,62.2259,X]
[21,F,0.622862,11000000,62.2862,X]
[22,F,0.626769,11000000,62.6769,X]
[54,F,0.640814,00001100,64.0814,X]
[32,F,0.671691,00110000,67.1691,X]
[70,F,0.699437,00000010,69.9437,X]
[23,F,0.701964,11000000,70.1964,X]
[55,F,0.717963,00001100,71.7963,X]
[33,F,0.718566,00110000,71.8566,X]
[71,F,0.722875,00000010,72.2875,X]
[24,F,0.735167,11000000,73.5167,X]
[83,F,0.747289,00000001,74.7289,X]
[84,F,0.757055,00000001,75.7055,X]
[72,F,0.767797,00000010,76.7797,X]
[25,F,0.7713,11000000,77.13,X]
[34,F,0.773253,00110000,77.3253,X]
[73,F,0.778539,00000010,77.8539,X]
[85,F,0.797094,00000001,79.7094,X]
[56,F,0.80683,00001100,80.683,X]
[86,F,0.807836,00000001,80.7836,X]
[35,F,0.811339,00110000,81.1339,X]
[74,F,0.816625,00000010,81.6625,X]
[75,F,0.824437,00000010,82.4437,X]
[76,F,0.826391,00000010,82.6391,X]
[77,F,0.828344,00000010,82.8344,X]
[36,F,0.840636,00110000,84.0636,X]
[57,F,0.847845,00001100,84.7845,X]
[78,F,0.854711,00000010,85.4711,X]
[79,F,0.862523,00000010,86.2523,X]
[58,F,0.86347,00001100,86.347,X]
[80,F,0.888891,00000010,88.8891,X]
[26,F,0.895323,11000000,89.5323,X]
[59,F,0.89765,00001100,89.765,X]
[81,F,0.910375,00000010,91.0375,X]
[87,F,0.924047,00000001,92.4047,X]
[88,F,0.934789,00000001,93.4789,X]
[60,F,0.958197,00001100,95.8197,X]
[82,F,0.968969,00000010,96.8969,X]
[37,F,0.971514,00100000,97.1514,X]
[89,F,0.972875,00000001,97.2875,X]
[27,F,0.972878,01000000,97.2878,X]
[90,F,0.976781,00000001,97.6781,X]
[91,F,0.980687,00000001,98.0687,X]
[38,F,0.991045,00100000,99.1045,X]
[39,F,0.996905,00010000,99.6905,X]
GUIDE_TREE_PARTITION1=(((t1:4.47,t2:4.47):43.4,(t3:5.29,t4:5.29):42.58):52.13,((t5:1.98,t6:1.98):67.63,(t7:32.4,t8:32.4):37.21):30.39);
