Taxa bit representation:
t1 10000000
t2 01000000
t3 00100000
t4 00010000
t5 00001000
t6 00000100
t7 00000010
t8 00000001
Clade List (<taxon members> = <clade name>): 

>Dataset_0
[0,F,0.00390625,11111110,0.390625,X]
[1,F,0.0879266,11111100,8.79266,X]
[46,F,0.120117,00000001,12.0117,X]
[47,F,0.124023,00000001,12.4023,X]
[34,F,0.155139,00000100,15.5139,X]
[2,F,0.179553,11111000,17.9553,X]
[48,F,0.180664,00000001,18.0664,X]
[35,F,0.186389,00000100,18.6389,X]
[49,F,0.224609,00000001,22.4609,X]
[3,F,0.225933,11110000,22.5933,X]
[26,F,0.233745,00001000,23.3745,X]
[36,F,0.256702,00000100,25.6702,X]
[4,F,0.28062,11110000,28.062,X]
[50,F,0.28125,00000001,28.125,X]
[51,F,0.3125,00000001,31.25,X]
[27,F,0.348003,00001000,34.8003,X]
[52,F,0.404297,00000001,40.4297,X]
[28,F,0.418316,00001000,41.8316,X]
[5,F,0.420356,11100000,42.0356,X]
[22,F,0.427192,00010000,42.7192,X]
[37,F,0.429553,00000100,42.9553,X]
[6,F,0.431098,11100000,43.1098,X]
[7,F,0.44477,11100000,44.477,X]
[53,F,0.445312,00000001,44.5312,X]
[29,F,0.450542,00001000,45.0542,X]
[8,F,0.469184,11100000,46.9184,X]
[43,F,0.480505,00000010,48.0505,X]
[9,F,0.484809,11100000,48.4809,X]
[38,F,0.4901,00000100,49.01,X]
[30,F,0.506206,00001000,50.6206,X]
[10,F,0.515083,11100000,51.5083,X]
[39,F,0.553577,00000100,55.3577,X]
[54,F,0.585937,00000001,58.5937,X]
[31,F,0.611675,00001000,61.1675,X]
[55,F,0.643555,00000001,64.3555,X]
[15,F,0.653694,00100000,65.3694,X]
[11,F,0.666389,11000000,66.6389,X]
[40,F,0.679553,00000100,67.9553,X]
[12,F,0.728889,11000000,72.8889,X]
[16,F,0.749397,00100000,74.9397,X]
[41,F,0.804553,00000100,80.4553,X]
[23,F,0.811958,00010000,81.1958,X]
[44,F,0.822302,00000010,82.2302,X]
[42,F,0.841662,00000100,84.1662,X]
[13,F,0.849983,11000000,84.9983,X]
[32,F,0.853862,00001000,85.3862,X]
[14,F,0.857795,11000000,85.7795,X]
[33,F,0.858745,00001000,85.8745,X]
[17,F,0.870491,00100000,87.0491,X]
[18,F,0.87342,00100000,87.342,X]
[45,F,0.884802,00000010,88.4802,X]
[24,F,0.904731,00010000,90.4731,X]
[19,F,0.952522,00100000,95.2522,X]
[56,F,0.962891,00000001,96.2891,X]
[25,F,0.985786,00010000,98.5786,X]
[20,F,0.996467,00100000,99.6467,X]
[21,F,0.999397,00100000,99.9397,X]
GUIDE_TREE_PARTITION1=(((((((t1:3.34,t2:3.34):37.15,t3:40.49):20.99,t4:61.48):19.54,t5:81.02):7.47,t6:88.49):5.94,t7:94.43):5.57,t8:100);
