Taxa bit representation:
t1 10000000
t2 01000000
t3 00100000
t4 00010000
t5 00001000
t6 00000100
t7 00000010
t8 00000001
Clade List (<taxon members> = <clade name>): 

>Dataset_0
[0,F,0.0175781,11110000,1.75781,X]
[1,F,0.0263672,11110000,2.63672,X]
[2,F,0.0322266,11110000,3.22266,X]
[3,F,0.0400391,11110000,4.00391,X]
[4,F,0.0439453,11110000,4.39453,X]
[5,F,0.0712891,11110000,7.12891,X]
[68,F,0.0791016,00001111,7.91016,X]
[69,F,0.0917969,00001111,9.17969,X]
[6,F,0.128906,11110000,12.8906,X]
[7,F,0.152344,11110000,15.2344,X]
[8,F,0.173828,11110000,17.3828,X]
[98,F,0.183581,00000011,18.3581,X]
[70,F,0.197253,00001100,19.7253,X]
[99,F,0.201159,00000011,20.1159,X]
[100,F,0.231433,00000011,23.1433,X]
[71,F,0.248034,00001100,24.8034,X]
[9,F,0.266484,11000000,26.6484,X]
[10,F,0.270391,11000000,27.0391,X]
[35,F,0.287969,00110000,28.7969,X]
[72,F,0.290027,00001100,29.0027,X]
[73,F,0.326159,00001100,32.6159,X]
[74,F,0.341784,00001100,34.1784,X]
[36,F,0.358281,00110000,35.8281,X]
[75,F,0.360339,00001100,36.0339,X]
[37,F,0.362187,00110000,36.2188,X]
[101,F,0.362292,00000011,36.2292,X]
[11,F,0.395391,11000000,39.5391,X]
[38,F,0.398277,00100000,39.8277,X]
[12,F,0.407109,11000000,40.7109,X]
[13,F,0.424687,11000000,42.4688,X]
[39,F,0.432456,00100000,43.2456,X]
[76,F,0.433581,00001100,43.3581,X]
[14,F,0.443242,11000000,44.3242,X]
[15,F,0.454961,11000000,45.4961,X]
[102,F,0.460497,00000010,46.0497,X]
[77,F,0.464831,00001100,46.4831,X]
[103,F,0.46538,00000010,46.538,X]
[40,F,0.473472,00100000,47.3472,X]
[104,F,0.474169,00000010,47.4169,X]
[41,F,0.483237,00100000,48.3237,X]
[53,F,0.487144,00010000,48.7144,X]
[119,F,0.499559,00000001,49.9559,X]
[78,F,0.513659,00001100,51.3659,X]
[42,F,0.514487,00100000,51.4487,X]
[16,F,0.516484,11000000,51.6484,X]
[105,F,0.517137,00000010,51.7137,X]
[120,F,0.517137,00000001,51.7137,X]
[54,F,0.520347,00010000,52.0347,X]
[79,F,0.520495,00001100,52.0495,X]
[17,F,0.521367,11000000,52.1367,X]
[80,F,0.525378,00001100,52.5378,X]
[18,F,0.540898,11000000,54.0898,X]
[81,F,0.54198,00001100,54.198,X]
[55,F,0.542808,00010000,54.2808,X]
[82,F,0.545886,00001100,54.5886,X]
[121,F,0.562059,00000001,56.2059,X]
[19,F,0.574102,11000000,57.4102,X]
[106,F,0.577684,00000010,57.7684,X]
[83,F,0.580066,00001100,58.0066,X]
[20,F,0.614141,11000000,61.4141,X]
[56,F,0.619956,00010000,61.9956,X]
[107,F,0.620653,00000010,62.0653,X]
[57,F,0.626792,00010000,62.6792,X]
[21,F,0.626836,11000000,62.6836,X]
[43,F,0.645347,00100000,64.5347,X]
[84,F,0.653308,00001100,65.3308,X]
[108,F,0.657762,00000010,65.7762,X]
[85,F,0.658191,00001100,65.8191,X]
[44,F,0.663902,00100000,66.3902,X]
[86,F,0.667956,00001100,66.7956,X]
[122,F,0.675341,00000001,67.5341,X]
[123,F,0.679247,00000001,67.9247,X]
[87,F,0.689441,00001100,68.9441,X]
[58,F,0.711753,00010000,71.1753,X]
[109,F,0.725145,00000010,72.5145,X]
[110,F,0.731981,00000010,73.1981,X]
[124,F,0.74077,00000001,74.077,X]
[59,F,0.74105,00010000,74.105,X]
[45,F,0.742027,00100000,74.2027,X]
[111,F,0.752489,00000010,75.2489,X]
[125,F,0.770067,00000001,77.0067,X]
[26,F,0.775478,01000000,77.5478,X]
[112,F,0.776903,00000010,77.6903,X]
[113,F,0.781786,00000010,78.1786,X]
[22,F,0.787197,10000000,78.7197,X]
[114,F,0.793505,00000010,79.3505,X]
[27,F,0.795986,01000000,79.5986,X]
[60,F,0.796714,00010000,79.6714,X]
[115,F,0.801317,00000010,80.1317,X]
[61,F,0.822105,00010000,82.2105,X]
[88,F,0.828113,00001100,82.8113,X]
[46,F,0.849448,00100000,84.9448,X]
[47,F,0.853355,00100000,85.3355,X]
[62,F,0.862144,00010000,86.2144,X]
[89,F,0.867175,00001100,86.7175,X]
[48,F,0.871909,00100000,87.1909,X]
[90,F,0.873006,00001000,87.3006,X]
[49,F,0.873862,00100000,87.3863,X]
[126,F,0.882372,00000001,88.2372,X]
[63,F,0.885581,00010000,88.5581,X]
[64,F,0.887534,00010000,88.7534,X]
[94,F,0.887655,00000100,88.7655,X]
[95,F,0.893514,00000100,89.3514,X]
[91,F,0.894491,00001000,89.4491,X]
[96,F,0.89742,00000100,89.742,X]
[92,F,0.899373,00001000,89.9373,X]
[50,F,0.905112,00100000,90.5113,X]
[97,F,0.909139,00000100,90.9139,X]
[28,F,0.909267,01000000,90.9267,X]
[51,F,0.914878,00100000,91.4878,X]
[127,F,0.918505,00000001,91.8505,X]
[29,F,0.920986,01000000,92.0986,X]
[23,F,0.922939,10000000,92.2939,X]
[116,F,0.923387,00000010,92.3387,X]
[30,F,0.926845,01000000,92.6845,X]
[65,F,0.92855,00010000,92.855,X]
[24,F,0.933681,10000000,93.3681,X]
[66,F,0.941245,00010000,94.1245,X]
[31,F,0.944423,01000000,94.4423,X]
[52,F,0.951011,00100000,95.1011,X]
[32,F,0.956142,01000000,95.6142,X]
[93,F,0.95992,00001000,95.992,X]
[117,F,0.96245,00000010,96.245,X]
[128,F,0.964403,00000001,96.4403,X]
[129,F,0.973192,00000001,97.3192,X]
[33,F,0.977627,01000000,97.7627,X]
[130,F,0.985887,00000001,98.5887,X]
[67,F,0.989097,00010000,98.9097,X]
[25,F,0.990322,10000000,99.0322,X]
[118,F,0.99077,00000010,99.077,X]
[34,F,0.995205,01000000,99.5205,X]
GUIDE_TREE_PARTITION1=(((t1:24.21,t2:24.21):57.54,(t3:60.27,t4:60.27):21.48):18.25,((t5:13.09,t6:13.09):73.63,(t7:56.88,t8:56.88):29.84):13.28);
