Taxa bit representation:
t1 10000000
t2 01000000
t3 00100000
t4 00010000
t5 00001000
t6 00000100
t7 00000010
t8 00000001
Clade List (<taxon members> = <clade name>): 

>Dataset_0
[35,F,0.0914969,00000010,9.14969,X]
[0,F,0.128606,11111100,12.8606,X]
[18,F,0.151802,00001000,15.1802,X]
[1,F,0.16352,11110000,16.352,X]
[19,F,0.218208,00001000,21.8208,X]
[36,F,0.262395,00000010,26.2395,X]
[46,F,0.269531,00000001,26.9531,X]
[37,F,0.276067,00000010,27.6067,X]
[2,F,0.290473,11110000,29.0473,X]
[3,F,0.295356,11110000,29.5356,X]
[47,F,0.348633,00000001,34.8633,X]
[4,F,0.362739,11110000,36.2739,X]
[48,F,0.366211,00000001,36.6211,X]
[20,F,0.381294,00001000,38.1294,X]
[5,F,0.394966,11110000,39.4966,X]
[38,F,0.430364,00000010,43.0364,X]
[6,F,0.433052,11110000,43.3052,X]
[39,F,0.435247,00000010,43.5247,X]
[26,F,0.439441,00000100,43.9441,X]
[27,F,0.460925,00000100,46.0925,X]
[40,F,0.495794,00000010,49.5794,X]
[49,F,0.496094,00000001,49.6094,X]
[28,F,0.515613,00000100,51.5613,X]
[7,F,0.52172,11100000,52.172,X]
[29,F,0.540027,00000100,54.0027,X]
[30,F,0.552722,00000100,55.2722,X]
[41,F,0.556341,00000010,55.6341,X]
[31,F,0.572253,00000100,57.2253,X]
[50,F,0.581055,00000001,58.1055,X]
[51,F,0.616211,00000001,61.6211,X]
[15,F,0.619377,00010000,61.9377,X]
[8,F,0.672111,11100000,67.2111,X]
[9,F,0.676994,11100000,67.6994,X]
[32,F,0.699206,00000100,69.9206,X]
[42,F,0.713567,00000010,71.3567,X]
[33,F,0.727527,00000100,72.7527,X]
[43,F,0.741888,00000010,74.1887,X]
[21,F,0.751411,00001000,75.1411,X]
[34,F,0.76073,00000100,76.073,X]
[52,F,0.793945,00000001,79.3945,X]
[53,F,0.829102,00000001,82.9102,X]
[16,F,0.833244,00010000,83.3244,X]
[10,F,0.83715,11100000,83.715,X]
[22,F,0.851997,00001000,85.1997,X]
[23,F,0.863716,00001000,86.3716,X]
[44,F,0.866888,00000010,86.6887,X]
[12,F,0.877648,00100000,87.7648,X]
[13,F,0.909875,00100000,90.9875,X]
[24,F,0.925239,00001000,92.5239,X]
[45,F,0.930364,00000010,93.0364,X]
[11,F,0.932336,11000000,93.2336,X]
[14,F,0.965539,00100000,96.5539,X]
[25,F,0.982856,00001000,98.2856,X]
[54,F,0.986328,00000001,98.6328,X]
[17,F,0.99633,00010000,99.633,X]
[55,F,1,00000001,100,X]
GUIDE_TREE_PARTITION1=(((((((t1:4.3,t2:4.3):9.4,t3:13.7):36.96,t4:50.66):35.82,t5:86.48):0.24,t6:86.72):7.06,t7:93.78):6.22,t8:100);
