Taxa bit representation:
t1 10000000
t2 01000000
t3 00100000
t4 00010000
t5 00001000
t6 00000100
t7 00000010
t8 00000001
Clade List (<taxon members> = <clade name>): 

>Dataset_0
[28,F,0.00292969,00000001,0.292969,X]
[0,F,0.0195312,11111110,1.95312,X]
[29,F,0.0351562,00000001,3.51562,X]
[30,F,0.0498047,00000001,4.98047,X]
[31,F,0.129883,00000001,12.9883,X]
[1,F,0.146484,11111110,14.6484,X]
[32,F,0.193359,00000001,19.3359,X]
[2,F,0.198625,11111100,19.8625,X]
[33,F,0.227539,00000001,22.7539,X]
[22,F,0.324602,00000010,32.4602,X]
[19,F,0.337331,00000100,33.7331,X]
[23,F,0.393938,00000010,39.3938,X]
[3,F,0.394948,11111000,39.4948,X]
[4,F,0.402761,11111000,40.2761,X]
[24,F,0.409563,00000010,40.9563,X]
[5,F,0.44573,11111000,44.573,X]
[25,F,0.447648,00000010,44.7648,X]
[6,F,0.469167,11111000,46.9167,X]
[7,F,0.484792,11111000,48.4792,X]
[20,F,0.580495,00000100,58.0495,X]
[34,F,0.625,00000001,62.5,X]
[8,F,0.654714,11111000,65.4714,X]
[35,F,0.682617,00000001,68.2617,X]
[26,F,0.690813,00000010,69.0813,X]
[14,F,0.693506,00001000,69.3506,X]
[21,F,0.693777,00000100,69.3777,X]
[15,F,0.712061,00001000,71.2061,X]
[16,F,0.741358,00001000,74.1358,X]
[11,F,0.816506,00010000,81.6506,X]
[12,F,0.863381,00010000,86.3381,X]
[13,F,0.8751,00010000,87.51,X]
[9,F,0.890725,11100000,89.0725,X]
[27,F,0.891984,00000010,89.1984,X]
[17,F,0.90542,00001000,90.542,X]
[18,F,0.969873,00001000,96.9873,X]
[10,F,0.97842,00100000,97.842,X]
GUIDE_TREE_PARTITION1=(((((((t1:4.37,t2:4.37):0.62,t3:4.99):13.75,t4:18.74):12.3,t5:31.04):43.43,t6:74.47):7.23,t7:81.7):18.3,t8:100);
