Taxa bit representation:
t1 10000000
t2 01000000
t3 00100000
t4 00010000
t5 00001000
t6 00000100
t7 00000010
t8 00000001
Clade List (<taxon members> = <clade name>): 

>Dataset_0
[12,F,0.0195312,00001111,1.95312,X]
[0,F,0.0371094,11110000,3.71094,X]
[1,F,0.0625,11110000,6.25,X]
[23,F,0.166889,00000011,16.6889,X]
[2,F,0.198242,11110000,19.8242,X]
[24,F,0.204975,00000011,20.4975,X]
[25,F,0.212788,00000011,21.2788,X]
[3,F,0.228516,11110000,22.8516,X]
[26,F,0.274311,00000011,27.4311,X]
[27,F,0.28603,00000011,28.603,X]
[28,F,0.293842,00000011,29.3842,X]
[29,F,0.297748,00000011,29.7748,X]
[30,F,0.315327,00000011,31.5327,X]
[13,F,0.37392,00001100,37.392,X]
[14,F,0.434467,00001100,43.4467,X]
[15,F,0.524311,00001100,52.4311,X]
[16,F,0.529194,00001100,52.9194,X]
[31,F,0.547748,00000011,54.7748,X]
[4,F,0.572266,11110000,57.2266,X]
[32,F,0.586811,00000011,58.6811,X]
[17,F,0.609272,00001100,60.9272,X]
[18,F,0.666889,00001100,66.6889,X]
[33,F,0.706928,00000011,70.6928,X]
[7,F,0.773108,00110000,77.3108,X]
[19,F,0.790913,00001100,79.0913,X]
[8,F,0.809241,00110000,80.9241,X]
[5,F,0.830725,11000000,83.0725,X]
[20,F,0.868136,00001000,86.8136,X]
[21,F,0.88962,00001000,88.962,X]
[22,F,0.89255,00000100,89.255,X]
[34,F,0.921916,00000001,92.1916,X]
[9,F,0.935797,00100000,93.5797,X]
[10,F,0.988531,00010000,98.8531,X]
[6,F,0.988852,01000000,98.8852,X]
[11,F,0.999273,00010000,99.9273,X]
GUIDE_TREE_PARTITION1=(((t1:12.15,t2:12.15):12.59,(t3:15.6,t4:15.6):9.14):75.26,((t5:13.87,t6:13.87):82.82,(t7:11.91,t8:11.91):84.78):3.31);
