Taxa bit representation:
t1 10000000
t2 01000000
t3 00100000
t4 00010000
t5 00001000
t6 00000100
t7 00000010
t8 00000001
Clade List (<taxon members> = <clade name>): 

>Dataset_0
[6,F,0.0771422,00000010,7.71422,X]
[0,F,0.0869078,11111100,8.69078,X]
[11,F,0.0888672,00000001,8.88672,X]
[12,F,0.276367,00000001,27.6367,X]
[7,F,0.280267,00000010,28.0267,X]
[13,F,0.368164,00000001,36.8164,X]
[14,F,0.513672,00000001,51.3672,X]
[1,F,0.534638,11111000,53.4638,X]
[15,F,0.631836,00000001,63.1836,X]
[4,F,0.705536,00000100,70.5536,X]
[16,F,0.862305,00000001,86.2305,X]
[8,F,0.919916,00000010,91.9916,X]
[5,F,0.939911,00000100,93.9911,X]
[9,F,0.956048,00000010,95.6048,X]
[3,F,0.965081,00100000,96.5081,X]
[10,F,0.976556,00000010,97.6556,X]
[2,F,0.979442,01000000,97.9442,X]
GUIDE_TREE_PARTITION1=(((((((t1:3.13,t2:3.13):5.44,t3:8.57):12.1,t4:20.67):17.12,t5:37.79):29.84,t6:67.63):25.73,t7:93.36):6.64,t8:100);
