Taxa bit representation:
t1 10000000
t2 01000000
t3 00100000
t4 00010000
t5 00001000
t6 00000100
t7 00000010
t8 00000001
Clade List (<taxon members> = <clade name>): 

>Dataset_0
[0,F,0.00976562,11111110,0.976562,X]
[29,F,0.0273438,00000001,2.73438,X]
[30,F,0.0595703,00000001,5.95703,X]
[1,F,0.144067,11111000,14.4067,X]
[2,F,0.150903,11111000,15.0903,X]
[31,F,0.166992,00000001,16.6992,X]
[23,F,0.170225,00000010,17.0225,X]
[32,F,0.214844,00000001,21.4844,X]
[33,F,0.328125,00000001,32.8125,X]
[34,F,0.333008,00000001,33.3008,X]
[35,F,0.339844,00000001,33.9844,X]
[17,F,0.418481,00000100,41.8481,X]
[14,F,0.419777,00001000,41.9777,X]
[18,F,0.426294,00000100,42.6294,X]
[24,F,0.43292,00000010,43.292,X]
[36,F,0.461914,00000001,46.1914,X]
[37,F,0.463867,00000001,46.3867,X]
[3,F,0.486183,11110000,48.6183,X]
[38,F,0.523438,00000001,52.3438,X]
[25,F,0.550108,00000010,55.0108,X]
[19,F,0.5552,00000100,55.52,X]
[15,F,0.566261,00001000,56.6261,X]
[4,F,0.596078,11100000,59.6078,X]
[5,F,0.605844,11100000,60.5844,X]
[20,F,0.611841,00000100,61.1841,X]
[39,F,0.677734,00000001,67.7734,X]
[26,F,0.704405,00000010,70.4405,X]
[21,F,0.733911,00000100,73.3911,X]
[40,F,0.744141,00000001,74.4141,X]
[41,F,0.75293,00000001,75.293,X]
[6,F,0.765023,11100000,76.5023,X]
[42,F,0.773438,00000001,77.3438,X]
[16,F,0.816261,00001000,81.6261,X]
[43,F,0.821289,00000001,82.1289,X]
[7,F,0.822641,11100000,82.2641,X]
[44,F,0.837891,00000001,83.7891,X]
[8,F,0.840219,11100000,84.0219,X]
[9,F,0.864633,11100000,86.4633,X]
[13,F,0.872445,00010000,87.2445,X]
[22,F,0.888208,00000100,88.8208,X]
[27,F,0.891905,00000010,89.1905,X]
[11,F,0.933041,00100000,93.3041,X]
[12,F,0.986752,00100000,98.6752,X]
[10,F,0.986752,11000000,98.6752,X]
[28,F,0.99542,00000010,99.542,X]
GUIDE_TREE_PARTITION1=(((((((t1:0.88,t2:0.88):11.48,t3:12.36):36.04,t4:48.4):9.72,t5:58.12):30.11,t6:88.23):2.56,t7:90.79):9.21,t8:100);
