Taxa bit representation:
t1 10000000
t2 01000000
t3 00100000
t4 00010000
t5 00001000
t6 00000100
t7 00000010
t8 00000001
Clade List (<taxon members> = <clade name>): 

>Dataset_0
[0,F,0.00683594,11111100,0.683594,X]
[1,F,0.0693359,11111100,6.93359,X]
[17,F,0.154759,00000001,15.4759,X]
[10,F,0.21588,00001100,21.588,X]
[2,F,0.231383,11100000,23.1383,X]
[11,F,0.288145,00001100,28.8145,X]
[3,F,0.375138,11000000,37.5138,X]
[7,F,0.380997,00100000,38.0997,X]
[8,F,0.399552,00100000,39.9552,X]
[12,F,0.419981,00001100,41.9981,X]
[4,F,0.433731,11000000,43.3731,X]
[5,F,0.585098,11000000,58.5098,X]
[13,F,0.767637,00001100,76.7638,X]
[14,F,0.796934,00001100,79.6934,X]
[18,F,0.799291,00000001,79.9291,X]
[15,F,0.810606,00001100,81.0606,X]
[16,F,0.850072,00000010,85.0072,X]
[9,F,0.867125,00010000,86.7125,X]
[6,F,0.966059,10000000,96.6059,X]
GUIDE_TREE_PARTITION1=(((((t1:10.23,t2:10.23):60.85,t3:71.08):6.27,t4:77.35):4.48,(t5:0.72,t6:0.72):81.11):18.17,(t7:97.61,t8:97.61):2.39);
