Taxa bit representation:
t1 10000000
t2 01000000
t3 00100000
t4 00010000
t5 00001000
t6 00000100
t7 00000010
t8 00000001
Clade List (<taxon members> = <clade name>): 

>Dataset_0
[0,F,0.00585937,11110000,0.585937,X]
[1,F,0.0185547,11110000,1.85547,X]
[2,F,0.0224609,11110000,2.24609,X]
[26,F,0.0594953,00110000,5.94953,X]
[3,F,0.0604719,11000000,6.04719,X]
[57,F,0.0703125,00001111,7.03125,X]
[27,F,0.0731672,00110000,7.31672,X]
[28,F,0.0917219,00110000,9.17219,X]
[4,F,0.103441,11000000,10.3441,X]
[29,F,0.139573,00110000,13.9573,X]
[5,F,0.148362,11000000,14.8362,X]
[30,F,0.187425,00110000,18.7425,X]
[6,F,0.198167,11000000,19.8167,X]
[58,F,0.204102,00001111,20.4102,X]
[7,F,0.232347,11000000,23.2347,X]
[31,F,0.245042,00110000,24.5042,X]
[8,F,0.254808,11000000,25.4808,X]
[59,F,0.263672,00001111,26.3672,X]
[60,F,0.294922,00001111,29.4922,X]
[61,F,0.321289,00001111,32.1289,X]
[32,F,0.32512,00110000,32.512,X]
[33,F,0.326097,00110000,32.6097,X]
[9,F,0.33098,11000000,33.098,X]
[62,F,0.360352,00001111,36.0352,X]
[63,F,0.365234,00001111,36.5234,X]
[64,F,0.366211,00001111,36.6211,X]
[34,F,0.395433,00110000,39.5433,X]
[35,F,0.403245,00110000,40.3245,X]
[10,F,0.411058,11000000,41.1058,X]
[65,F,0.416992,00001111,41.6992,X]
[66,F,0.439453,00001111,43.9453,X]
[67,F,0.442383,00001111,44.2383,X]
[11,F,0.474534,11000000,47.4534,X]
[12,F,0.479417,11000000,47.9417,X]
[68,F,0.543945,00001111,54.3945,X]
[13,F,0.550706,11000000,55.0706,X]
[36,F,0.565355,00110000,56.5355,X]
[14,F,0.589769,11000000,58.9769,X]
[69,F,0.592773,00001111,59.2773,X]
[70,F,0.608398,00001111,60.8398,X]
[15,F,0.638597,11000000,63.8597,X]
[16,F,0.644456,11000000,64.4456,X]
[37,F,0.650316,00110000,65.0316,X]
[17,F,0.663987,11000000,66.3987,X]
[18,F,0.686448,11000000,68.6448,X]
[48,F,0.732095,00010000,73.2095,X]
[49,F,0.741861,00010000,74.1861,X]
[38,F,0.770181,00100000,77.0181,X]
[19,F,0.776292,11000000,77.6292,X]
[75,F,0.787742,00000011,78.7742,X]
[71,F,0.788719,00001100,78.8719,X]
[76,F,0.791648,00000011,79.1648,X]
[39,F,0.794595,00100000,79.4595,X]
[20,F,0.797777,11000000,79.7777,X]
[50,F,0.805337,00010000,80.5337,X]
[21,F,0.811448,11000000,81.1448,X]
[40,F,0.819009,00100000,81.9009,X]
[41,F,0.834634,00100000,83.4634,X]
[51,F,0.860025,00010000,86.0025,X]
[42,F,0.871744,00100000,87.1744,X]
[77,F,0.879539,00000011,87.9539,X]
[22,F,0.89055,11000000,89.055,X]
[72,F,0.894188,00001100,89.4188,X]
[78,F,0.898094,00000011,89.8094,X]
[43,F,0.898111,00100000,89.8111,X]
[52,F,0.900064,00010000,90.0064,X]
[44,F,0.90397,00100000,90.397,X]
[23,F,0.905198,11000000,90.5198,X]
[53,F,0.9069,00010000,90.69,X]
[45,F,0.910806,00100000,91.0806,X]
[79,F,0.913719,00000011,91.3719,X]
[54,F,0.913736,00010000,91.3736,X]
[24,F,0.914577,10000000,91.4577,X]
[46,F,0.927408,00100000,92.7408,X]
[80,F,0.928367,00000011,92.8367,X]
[73,F,0.93032,00001100,93.032,X]
[25,F,0.931178,01000000,93.1178,X]
[81,F,0.938606,00000010,93.8606,X]
[82,F,0.939583,00000010,93.9583,X]
[55,F,0.942056,00010000,94.2056,X]
[56,F,0.960611,00010000,96.0611,X]
[84,F,0.971809,00000001,97.1809,X]
[83,F,0.978645,00000010,97.8645,X]
[47,F,0.982095,00100000,98.2095,X]
[85,F,0.986458,00000001,98.6458,X]
[74,F,0.999736,00001000,99.9736,X]
GUIDE_TREE_PARTITION1=(((t1:8.64,t2:8.64):86.68,(t3:28.06,t4:28.06):67.26):4.68,((t5:0.71,t6:0.71):21.59,(t7:6.53,t8:6.53):15.77):77.7);
