Taxa bit representation:
t1 10000000
t2 01000000
t3 00100000
t4 00010000
t5 00001000
t6 00000100
t7 00000010
t8 00000001
Clade List (<taxon members> = <clade name>): 

>Dataset_0
[0,F,0.105255,11111100,10.5255,X]
[19,F,0.232422,00000001,23.2422,X]
[20,F,0.360352,00000001,36.0352,X]
[12,F,0.400502,00000100,40.0502,X]
[9,F,0.42075,00001000,42.075,X]
[15,F,0.507598,00000010,50.7598,X]
[10,F,0.513523,00001000,51.3523,X]
[1,F,0.528925,11000000,52.8925,X]
[7,F,0.53933,00010000,53.933,X]
[8,F,0.543236,00010000,54.3236,X]
[5,F,0.568964,00100000,56.8964,X]
[16,F,0.574981,00000010,57.4981,X]
[17,F,0.577911,00000010,57.7911,X]
[21,F,0.592773,00000001,59.2773,X]
[22,F,0.631836,00000001,63.1836,X]
[11,F,0.658055,00001000,65.8055,X]
[18,F,0.68338,00000010,68.338,X]
[23,F,0.754883,00000001,75.4883,X]
[24,F,0.786133,00000001,78.6133,X]
[13,F,0.826283,00000100,82.6283,X]
[3,F,0.829527,01000000,82.9527,X]
[14,F,0.846791,00000100,84.6791,X]
[4,F,0.865659,01000000,86.5659,X]
[2,F,0.89398,10000000,89.398,X]
[25,F,0.921875,00000001,92.1875,X]
[6,F,0.967402,00100000,96.7402,X]
GUIDE_TREE_PARTITION1=(((((((t1:26.52,t2:26.52):22.15,t3:48.67):10.19,t4:58.86):2.19,t5:61.05):6.81,t6:67.86):29.72,t7:97.58):2.42,t8:100);
