Taxa bit representation:
t1 10000000
t2 01000000
t3 00100000
t4 00010000
t5 00001000
t6 00000100
t7 00000010
t8 00000001
Clade List (<taxon members> = <clade name>): 

>Dataset_0
[100,F,0.00683594,00000011,0.683594,X]
[0,F,0.0224609,11111100,2.24609,X]
[1,F,0.0449219,11111100,4.49219,X]
[101,F,0.0810547,00000011,8.10547,X]
[63,F,0.109489,00001100,10.9489,X]
[2,F,0.139763,11110000,13.9763,X]
[3,F,0.157341,11110000,15.7341,X]
[4,F,0.162223,11110000,16.2223,X]
[64,F,0.173942,00001100,17.3942,X]
[5,F,0.198356,11110000,19.8356,X]
[102,F,0.21582,00000011,21.582,X]
[6,F,0.240348,11110000,24.0348,X]
[7,F,0.242302,11110000,24.2302,X]
[8,F,0.250114,11110000,25.0114,X]
[103,F,0.256836,00000011,25.6836,X]
[65,F,0.262809,00001100,26.2809,X]
[66,F,0.272575,00001100,27.2575,X]
[104,F,0.283203,00000011,28.3203,X]
[67,F,0.294059,00001100,29.4059,X]
[105,F,0.294922,00000011,29.4922,X]
[68,F,0.363395,00001100,36.3395,X]
[69,F,0.368278,00001100,36.8278,X]
[9,F,0.372184,11110000,37.2184,X]
[106,F,0.379883,00000011,37.9883,X]
[70,F,0.379997,00001100,37.9997,X]
[71,F,0.412223,00001100,41.2223,X]
[10,F,0.430536,11000000,43.0536,X]
[25,F,0.438683,01000000,43.8683,X]
[107,F,0.454102,00000011,45.4102,X]
[108,F,0.456055,00000011,45.6055,X]
[52,F,0.463519,00010000,46.3519,X]
[42,F,0.469598,00100000,46.9598,X]
[26,F,0.471886,01000000,47.1886,X]
[72,F,0.47277,00001100,47.277,X]
[11,F,0.477745,10000000,47.7745,X]
[109,F,0.478516,00000011,47.8516,X]
[12,F,0.480675,10000000,48.0675,X]
[27,F,0.481652,01000000,48.1652,X]
[28,F,0.486534,01000000,48.6534,X]
[43,F,0.48913,00100000,48.913,X]
[110,F,0.498047,00000011,49.8047,X]
[13,F,0.505089,10000000,50.5089,X]
[29,F,0.514855,01000000,51.4855,X]
[44,F,0.516473,00100000,51.6473,X]
[45,F,0.521356,00100000,52.1356,X]
[14,F,0.521691,10000000,52.1691,X]
[111,F,0.527344,00000011,52.7344,X]
[112,F,0.52832,00000011,52.832,X]
[113,F,0.536133,00000011,53.6133,X]
[114,F,0.543945,00000011,54.3945,X]
[46,F,0.550653,00100000,55.0653,X]
[73,F,0.552848,00001100,55.2848,X]
[30,F,0.552941,01000000,55.2941,X]
[115,F,0.555664,00000011,55.5664,X]
[53,F,0.563128,00010000,56.3128,X]
[74,F,0.577263,00001100,57.7263,X]
[116,F,0.610352,00000011,61.0352,X]
[75,F,0.614372,00001100,61.4372,X]
[47,F,0.630731,00100000,63.0731,X]
[31,F,0.633995,01000000,63.3995,X]
[117,F,0.646484,00000011,64.6484,X]
[76,F,0.652789,00001000,65.2789,X]
[88,F,0.654742,00000100,65.4742,X]
[15,F,0.672081,10000000,67.2081,X]
[89,F,0.689898,00000100,68.9898,X]
[54,F,0.691058,00010000,69.1058,X]
[32,F,0.704308,01000000,70.4308,X]
[33,F,0.713097,01000000,71.3097,X]
[34,F,0.714073,01000000,71.4073,X]
[55,F,0.719378,00010000,71.9378,X]
[16,F,0.724816,10000000,72.4816,X]
[35,F,0.725792,01000000,72.5792,X]
[77,F,0.727008,00001000,72.7008,X]
[78,F,0.745563,00001000,74.5563,X]
[118,F,0.749023,00000011,74.9023,X]
[90,F,0.761188,00000100,76.1188,X]
[17,F,0.764855,10000000,76.4855,X]
[91,F,0.783648,00000100,78.3648,X]
[79,F,0.786578,00001000,78.6578,X]
[92,F,0.787555,00000100,78.7555,X]
[18,F,0.790245,10000000,79.0245,X]
[36,F,0.791222,01000000,79.1222,X]
[93,F,0.79732,00000100,79.732,X]
[37,F,0.799034,01000000,79.9034,X]
[80,F,0.804156,00001000,80.4156,X]
[119,F,0.810547,00000011,81.0547,X]
[56,F,0.817034,00010000,81.7034,X]
[48,F,0.819208,00100000,81.9208,X]
[120,F,0.828125,00000011,82.8125,X]
[57,F,0.833636,00010000,83.3636,X]
[19,F,0.835167,10000000,83.5167,X]
[58,F,0.835589,00010000,83.5589,X]
[20,F,0.83712,10000000,83.712,X]
[21,F,0.851769,10000000,85.1769,X]
[81,F,0.86568,00001000,86.568,X]
[82,F,0.872516,00001000,87.2516,X]
[121,F,0.874023,00000011,87.4023,X]
[49,F,0.879755,00100000,87.9755,X]
[83,F,0.884234,00001000,88.4234,X]
[94,F,0.887164,00000100,88.7164,X]
[95,F,0.894,00000100,89.4,X]
[22,F,0.89962,10000000,89.962,X]
[38,F,0.901573,01000000,90.1573,X]
[59,F,0.908831,00010000,90.8831,X]
[39,F,0.914269,01000000,91.4269,X]
[84,F,0.920367,00001000,92.0367,X]
[50,F,0.92663,00100000,92.663,X]
[60,F,0.929339,00010000,92.9339,X]
[122,F,0.933594,00000011,93.3594,X]
[85,F,0.938922,00001000,93.8922,X]
[40,F,0.940636,01000000,94.0636,X]
[96,F,0.948688,00000100,94.8688,X]
[61,F,0.94887,00010000,94.887,X]
[86,F,0.951617,00001000,95.1617,X]
[97,F,0.954547,00000100,95.4547,X]
[98,F,0.955523,00000100,95.5523,X]
[87,F,0.9565,00001000,95.65,X]
[99,F,0.962359,00000100,96.2359,X]
[51,F,0.967645,00100000,96.7645,X]
[123,F,0.967773,00000011,96.7773,X]
[23,F,0.974816,10000000,97.4816,X]
[124,F,0.977539,00000011,97.7539,X]
[41,F,0.987511,01000000,98.7511,X]
[125,F,0.993983,00000001,99.3983,X]
[24,F,0.997277,10000000,99.7277,X]
[62,F,0.998675,00010000,99.8675,X]
GUIDE_TREE_PARTITION1=(((((t1:56.62,t2:56.62):1.01,t3:57.63):3.44,t4:61.07):28.86,(t5:35.6,t6:35.6):54.33):10.07,(t7:1.09,t8:1.09):98.91);
