Taxa bit representation:
t1 10000000
t2 01000000
t3 00100000
t4 00010000
t5 00001000
t6 00000100
t7 00000010
t8 00000001
Clade List (<taxon members> = <clade name>): 

>Dataset_0
[0,F,0.0214844,11111100,2.14844,X]
[1,F,0.0449219,11111100,4.49219,X]
[65,F,0.046875,00000011,4.6875,X]
[66,F,0.0546875,00000011,5.46875,X]
[2,F,0.0644531,11111100,6.44531,X]
[3,F,0.133789,11111100,13.3789,X]
[67,F,0.142578,00000011,14.2578,X]
[4,F,0.174805,11111100,17.4805,X]
[5,F,0.177734,11111100,17.7734,X]
[68,F,0.211914,00000011,21.1914,X]
[6,F,0.217773,11111100,21.7773,X]
[69,F,0.228516,00000011,22.8516,X]
[7,F,0.234375,11111100,23.4375,X]
[70,F,0.239258,00000011,23.9258,X]
[8,F,0.257672,11110000,25.7672,X]
[50,F,0.264508,00001100,26.4508,X]
[9,F,0.264508,11110000,26.4508,X]
[71,F,0.293945,00000011,29.3945,X]
[51,F,0.307477,00001100,30.7477,X]
[52,F,0.310406,00001100,31.0406,X]
[10,F,0.335797,11110000,33.5797,X]
[72,F,0.366211,00000011,36.6211,X]
[73,F,0.367188,00000011,36.7188,X]
[53,F,0.396344,00001100,39.6344,X]
[74,F,0.404297,00000011,40.4297,X]
[54,F,0.414898,00001100,41.4898,X]
[55,F,0.416852,00001100,41.6852,X]
[11,F,0.442242,11110000,44.2242,X]
[34,F,0.485703,00010000,48.5703,X]
[12,F,0.51207,11100000,51.207,X]
[35,F,0.518906,00010000,51.8906,X]
[36,F,0.527695,00010000,52.7695,X]
[56,F,0.544781,00001100,54.4781,X]
[75,F,0.560547,00000011,56.0547,X]
[13,F,0.563828,11100000,56.3828,X]
[76,F,0.572266,00000011,57.2266,X]
[77,F,0.573242,00000011,57.3242,X]
[57,F,0.575055,00001100,57.5055,X]
[14,F,0.584336,11100000,58.4336,X]
[58,F,0.586773,00001100,58.6773,X]
[37,F,0.598984,00010000,59.8984,X]
[38,F,0.622422,00010000,62.2422,X]
[39,F,0.624375,00010000,62.4375,X]
[78,F,0.637695,00000011,63.7695,X]
[40,F,0.639023,00010000,63.9023,X]
[41,F,0.64,00010000,64,X]
[15,F,0.647813,11100000,64.7812,X]
[16,F,0.648789,11100000,64.8789,X]
[17,F,0.649766,11100000,64.9766,X]
[18,F,0.681992,11100000,68.1992,X]
[19,F,0.707431,11000000,70.7431,X]
[42,F,0.709336,00010000,70.9336,X]
[43,F,0.723984,00010000,72.3984,X]
[59,F,0.730328,00001100,73.0328,X]
[60,F,0.738141,00001100,73.8141,X]
[44,F,0.749375,00010000,74.9375,X]
[29,F,0.757236,00100000,75.7236,X]
[45,F,0.758164,00010000,75.8164,X]
[79,F,0.761719,00000011,76.1719,X]
[30,F,0.788486,00100000,78.8486,X]
[61,F,0.797711,00001100,79.7711,X]
[62,F,0.798687,00001100,79.8688,X]
[20,F,0.803134,11000000,80.3134,X]
[46,F,0.816758,00010000,81.6758,X]
[21,F,0.821689,11000000,82.1689,X]
[31,F,0.829502,00100000,82.9502,X]
[80,F,0.836914,00000011,83.6914,X]
[47,F,0.847031,00010000,84.7031,X]
[48,F,0.848984,00010000,84.8984,X]
[22,F,0.852939,11000000,85.2939,X]
[81,F,0.854492,00000011,85.4492,X]
[32,F,0.854892,00100000,85.4892,X]
[23,F,0.858798,11000000,85.8798,X]
[49,F,0.877305,00010000,87.7305,X]
[24,F,0.898837,11000000,89.8837,X]
[33,F,0.927158,00100000,92.7158,X]
[63,F,0.9315,00001100,93.15,X]
[25,F,0.932959,10000000,93.2959,X]
[26,F,0.935889,10000000,93.5889,X]
[83,F,0.938589,00000001,93.8589,X]
[64,F,0.948283,00000100,94.8283,X]
[27,F,0.972022,10000000,97.2022,X]
[82,F,0.980581,00000010,98.0581,X]
[28,F,0.980811,01000000,98.0811,X]
GUIDE_TREE_PARTITION1=(((((t1:7.29,t2:7.29):23.92,t3:31.21):23.54,t4:54.75):20.85,(t5:5.66,t6:5.66):69.94):24.4,(t7:7.02,t8:7.02):92.98);
