Taxa bit representation:
t1 10000000
t2 01000000
t3 00100000
t4 00010000
t5 00001000
t6 00000100
t7 00000010
t8 00000001
Clade List (<taxon members> = <clade name>): 

>Dataset_0
[0,F,0.0126953,11111110,1.26953,X]
[1,F,0.0136719,11111110,1.36719,X]
[2,F,0.0234375,11111110,2.34375,X]
[100,F,0.0390625,00000001,3.90625,X]
[3,F,0.046875,11111110,4.6875,X]
[4,F,0.0507812,11111110,5.07812,X]
[5,F,0.0566406,11111110,5.66406,X]
[101,F,0.0576172,00000001,5.76172,X]
[102,F,0.0810547,00000001,8.10547,X]
[103,F,0.0820312,00000001,8.20312,X]
[104,F,0.0917969,00000001,9.17969,X]
[6,F,0.108398,11111110,10.8398,X]
[7,F,0.115234,11111110,11.5234,X]
[8,F,0.118164,11111110,11.8164,X]
[9,F,0.133789,11111110,13.3789,X]
[105,F,0.15918,00000001,15.918,X]
[106,F,0.206055,00000001,20.6055,X]
[10,F,0.213867,11111110,21.3867,X]
[11,F,0.21875,11111110,21.875,X]
[12,F,0.254883,11111110,25.4883,X]
[107,F,0.267578,00000001,26.7578,X]
[13,F,0.274414,11111110,27.4414,X]
[14,F,0.300781,11111110,30.0781,X]
[15,F,0.305664,11111110,30.5664,X]
[16,F,0.324219,11111110,32.4219,X]
[17,F,0.347656,11111110,34.7656,X]
[108,F,0.356445,00000001,35.6445,X]
[18,F,0.37207,11111110,37.207,X]
[19,F,0.402359,11111100,40.2359,X]
[20,F,0.419938,11111100,41.9937,X]
[109,F,0.424805,00000001,42.4805,X]
[21,F,0.431656,11111100,43.1656,X]
[110,F,0.4375,00000001,43.75,X]
[83,F,0.448258,00000010,44.8258,X]
[111,F,0.449219,00000001,44.9219,X]
[84,F,0.454117,00000010,45.4117,X]
[85,F,0.467789,00000010,46.7789,X]
[86,F,0.469742,00000010,46.9742,X]
[22,F,0.482438,11111100,48.2437,X]
[112,F,0.484375,00000001,48.4375,X]
[87,F,0.486344,00000010,48.6344,X]
[113,F,0.492188,00000001,49.2188,X]
[23,F,0.500992,11111100,50.0992,X]
[71,F,0.528791,00000100,52.8791,X]
[72,F,0.533673,00000100,53.3673,X]
[73,F,0.550275,00000100,55.0275,X]
[88,F,0.550797,00000010,55.0797,X]
[114,F,0.551758,00000001,55.1758,X]
[115,F,0.579102,00000001,57.9102,X]
[58,F,0.597894,00001000,59.7894,X]
[89,F,0.599625,00000010,59.9625,X]
[59,F,0.615472,00001000,61.5472,X]
[24,F,0.616088,11100000,61.6088,X]
[74,F,0.617658,00000100,61.7658,X]
[50,F,0.62097,00010000,62.097,X]
[60,F,0.629144,00001000,62.9144,X]
[61,F,0.631097,00001000,63.1097,X]
[116,F,0.639648,00000001,63.9648,X]
[90,F,0.64357,00000010,64.357,X]
[117,F,0.644531,00000001,64.4531,X]
[32,F,0.650642,01000000,65.0642,X]
[75,F,0.657697,00000100,65.7697,X]
[40,F,0.660009,00100000,66.0009,X]
[91,F,0.663102,00000010,66.3102,X]
[25,F,0.667244,10000000,66.7244,X]
[33,F,0.670173,01000000,67.0173,X]
[34,F,0.682869,01000000,68.2869,X]
[76,F,0.683088,00000100,68.3088,X]
[92,F,0.688492,00000010,68.8492,X]
[62,F,0.701409,00001000,70.1409,X]
[93,F,0.702164,00000010,70.2164,X]
[41,F,0.709814,00100000,70.9814,X]
[42,F,0.712744,00100000,71.2744,X]
[43,F,0.714697,00100000,71.4697,X]
[44,F,0.71958,00100000,71.958,X]
[51,F,0.719603,00010000,71.9603,X]
[63,F,0.72387,00001000,72.387,X]
[52,F,0.733275,00010000,73.3275,X]
[118,F,0.740234,00000001,74.0234,X]
[77,F,0.745588,00000100,74.5588,X]
[64,F,0.759027,00001000,75.9027,X]
[94,F,0.7715,00000010,77.15,X]
[53,F,0.772338,00010000,77.2338,X]
[45,F,0.775244,00100000,77.5244,X]
[54,F,0.776244,00010000,77.6244,X]
[95,F,0.781266,00000010,78.1266,X]
[35,F,0.781502,01000000,78.1502,X]
[46,F,0.783056,00100000,78.3056,X]
[36,F,0.807869,01000000,80.7869,X]
[55,F,0.828002,00010000,82.8002,X]
[26,F,0.836189,10000000,83.6189,X]
[65,F,0.842034,00001000,84.2034,X]
[119,F,0.845703,00000001,84.5703,X]
[56,F,0.858275,00010000,85.8275,X]
[78,F,0.864728,00000100,86.4728,X]
[47,F,0.880713,00100000,88.0713,X]
[48,F,0.881689,00100000,88.1689,X]
[96,F,0.890641,00000010,89.0641,X]
[66,F,0.892816,00001000,89.2816,X]
[67,F,0.907464,00001000,90.7464,X]
[120,F,0.910156,00000001,91.0156,X]
[79,F,0.910627,00000100,91.0627,X]
[121,F,0.913086,00000001,91.3086,X]
[27,F,0.913338,10000000,91.3338,X]
[122,F,0.921875,00000001,92.1875,X]
[49,F,0.922705,00100000,92.2705,X]
[28,F,0.926033,10000000,92.6033,X]
[68,F,0.926995,00001000,92.6995,X]
[123,F,0.941406,00000001,94.1406,X]
[124,F,0.955078,00000001,95.5078,X]
[97,F,0.95607,00000010,95.607,X]
[80,F,0.958478,00000100,95.8478,X]
[98,F,0.959,00000010,95.9,X]
[37,F,0.964119,01000000,96.4119,X]
[38,F,0.970955,01000000,97.0955,X]
[99,F,0.972672,00000010,97.2672,X]
[69,F,0.975823,00001000,97.5823,X]
[29,F,0.975838,10000000,97.5838,X]
[70,F,0.9768,00001000,97.68,X]
[30,F,0.979744,10000000,97.9744,X]
[81,F,0.979963,00000100,97.9963,X]
[57,F,0.980345,00010000,98.0345,X]
[39,F,0.98072,01000000,98.072,X]
[31,F,0.984627,10000000,98.4627,X]
[82,F,0.995588,00000100,99.5588,X]
GUIDE_TREE_PARTITION1=(((((((t1:36.01,t2:36.01):1.7,t3:37.71):6.15,t4:43.86):2.21,t5:46.07):3.59,t6:49.66):10.69,t7:60.35):39.65,t8:100);
