Taxa bit representation:
t1 10000000
t2 01000000
t3 00100000
t4 00010000
t5 00001000
t6 00000100
t7 00000010
t8 00000001
Clade List (<taxon members> = <clade name>): 

>Dataset_0
[16,F,0.321289,00000001,32.1289,X]
[8,F,0.358444,00001000,35.8444,X]
[14,F,0.3727,00000010,37.27,X]
[11,F,0.382323,00000100,38.2323,X]
[15,F,0.434223,00000010,43.4223,X]
[9,F,0.446334,00001000,44.6334,X]
[12,F,0.600097,00000100,60.0097,X]
[0,F,0.716878,11100000,71.6878,X]
[3,F,0.760367,01000000,76.0367,X]
[4,F,0.762798,00100000,76.2798,X]
[1,F,0.769156,10000000,76.9156,X]
[6,F,0.774495,00010000,77.4495,X]
[10,F,0.779342,00001000,77.9342,X]
[13,F,0.812987,00000100,81.2987,X]
[2,F,0.843375,10000000,84.3375,X]
[5,F,0.974712,00100000,97.4712,X]
[7,F,0.994222,00010000,99.4222,X]
GUIDE_TREE_PARTITION1=(((((((t1:26.6,t2:26.6):1.71,t3:28.31):20.51,t4:48.82):18.07,t5:66.89):7.28,t6:74.17):19.81,t7:93.98):6.02,t8:100);
