Taxa bit representation:
t1 10000000
t2 01000000
t3 00100000
t4 00010000
t5 00001000
t6 00000100
t7 00000010
t8 00000001
Clade List (<taxon members> = <clade name>): 

>Dataset_0
[0,F,0.280452,11110000,28.0452,X]
[12,F,0.28418,00000011,28.418,X]
[13,F,0.334961,00000011,33.4961,X]
[14,F,0.388672,00000011,38.8672,X]
[15,F,0.447266,00000011,44.7266,X]
[1,F,0.458238,11000000,45.8238,X]
[9,F,0.498884,00000100,49.8884,X]
[6,F,0.529158,00001000,52.9158,X]
[4,F,0.543198,00100000,54.3198,X]
[5,F,0.555833,00010000,55.5833,X]
[10,F,0.597517,00000100,59.7517,X]
[16,F,0.715692,00000010,71.5692,X]
[17,F,0.791864,00000001,79.1864,X]
[18,F,0.878778,00000001,87.8778,X]
[7,F,0.879744,00001000,87.9744,X]
[2,F,0.894797,10000000,89.4797,X]
[3,F,0.935812,01000000,93.5812,X]
[11,F,0.984236,00000100,98.4236,X]
[8,F,0.988142,00001000,98.8142,X]
GUIDE_TREE_PARTITION1=(((((t1:19.7,t2:19.7):36.82,t3:56.52):4.01,t4:60.53):22.46,(t5:64.76,t6:64.76):18.23):17.01,(t7:45.13,t8:45.13):54.87);
