Taxa bit representation:
t1 10000000
t2 01000000
t3 00100000
t4 00010000
t5 00001000
t6 00000100
t7 00000010
t8 00000001
Clade List (<taxon members> = <clade name>): 

>Dataset_0
[0,F,0.00976562,11111100,0.976562,X]
[1,F,0.0146484,11111100,1.46484,X]
[76,F,0.0449219,00000011,4.49219,X]
[2,F,0.0537109,11111100,5.37109,X]
[3,F,0.0576172,11111100,5.76172,X]
[4,F,0.0664062,11111100,6.64062,X]
[77,F,0.0693359,00000011,6.93359,X]
[78,F,0.101562,00000011,10.1562,X]
[79,F,0.105469,00000011,10.5469,X]
[80,F,0.136719,00000011,13.6719,X]
[81,F,0.144531,00000011,14.4531,X]
[82,F,0.166992,00000011,16.6992,X]
[5,F,0.167969,11111100,16.7969,X]
[6,F,0.173828,11111100,17.3828,X]
[7,F,0.18457,11111100,18.457,X]
[83,F,0.188477,00000011,18.8477,X]
[84,F,0.196289,00000011,19.6289,X]
[85,F,0.202148,00000011,20.2148,X]
[45,F,0.232675,00001100,23.2675,X]
[46,F,0.255136,00001100,25.5136,X]
[47,F,0.258066,00001100,25.8066,X]
[86,F,0.270508,00000011,27.0508,X]
[87,F,0.275391,00000011,27.5391,X]
[8,F,0.27662,11110000,27.662,X]
[48,F,0.289316,00001100,28.9316,X]
[9,F,0.290292,11110000,29.0292,X]
[88,F,0.297852,00000011,29.7852,X]
[89,F,0.310547,00000011,31.0547,X]
[10,F,0.318612,11110000,31.8612,X]
[49,F,0.330331,00001100,33.0331,X]
[11,F,0.330331,11110000,33.0331,X]
[50,F,0.379159,00001100,37.9159,X]
[51,F,0.380136,00001100,38.0136,X]
[52,F,0.393808,00001100,39.3808,X]
[90,F,0.398277,00000010,39.8277,X]
[108,F,0.409995,00000001,40.9995,X]
[12,F,0.414316,11110000,41.4316,X]
[109,F,0.423667,00000001,42.3667,X]
[110,F,0.444175,00000001,44.4175,X]
[53,F,0.468027,00001100,46.8027,X]
[111,F,0.484214,00000001,48.4214,X]
[91,F,0.493003,00000010,49.3003,X]
[54,F,0.505136,00001100,50.5136,X]
[112,F,0.506675,00000001,50.6675,X]
[13,F,0.516855,11110000,51.6855,X]
[14,F,0.523691,11110000,52.3691,X]
[113,F,0.534995,00000001,53.4995,X]
[15,F,0.539316,11110000,53.9316,X]
[16,F,0.540292,11110000,54.0292,X]
[55,F,0.548105,00001100,54.8105,X]
[56,F,0.552987,00001100,55.2987,X]
[92,F,0.559409,00000010,55.9409,X]
[17,F,0.565683,11110000,56.5683,X]
[114,F,0.570152,00000001,57.0152,X]
[93,F,0.575034,00000010,57.5034,X]
[115,F,0.578941,00000001,57.8941,X]
[18,F,0.593027,11110000,59.3027,X]
[19,F,0.596933,11110000,59.6933,X]
[94,F,0.609214,00000010,60.9214,X]
[20,F,0.609628,11110000,60.9628,X]
[57,F,0.609628,00001100,60.9628,X]
[21,F,0.612558,11110000,61.2558,X]
[95,F,0.619956,00000010,61.9956,X]
[22,F,0.629159,11110000,62.9159,X]
[68,F,0.643167,00000100,64.3167,X]
[116,F,0.643394,00000001,64.3394,X]
[117,F,0.648277,00000001,64.8277,X]
[118,F,0.65023,00000001,65.023,X]
[58,F,0.651956,00001000,65.1956,X]
[59,F,0.653909,00001000,65.3909,X]
[119,F,0.655112,00000001,65.5113,X]
[60,F,0.655863,00001000,65.5863,X]
[96,F,0.657066,00000010,65.7066,X]
[61,F,0.661722,00001000,66.1722,X]
[120,F,0.688316,00000001,68.8316,X]
[36,F,0.691291,00010000,69.1291,X]
[97,F,0.696128,00000010,69.6128,X]
[121,F,0.704917,00000001,70.4917,X]
[122,F,0.707847,00000001,70.7847,X]
[37,F,0.707892,00010000,70.7892,X]
[98,F,0.71273,00000010,71.273,X]
[69,F,0.714456,00000100,71.4456,X]
[62,F,0.721292,00001000,72.1292,X]
[23,F,0.722541,11100000,72.2541,X]
[38,F,0.724494,00010000,72.4494,X]
[70,F,0.736917,00000100,73.6917,X]
[99,F,0.74105,00000010,74.105,X]
[123,F,0.752769,00000001,75.2769,X]
[71,F,0.757425,00000100,75.7425,X]
[63,F,0.787698,00001000,78.7698,X]
[100,F,0.805503,00000010,80.5503,X]
[39,F,0.805548,00010000,80.5548,X]
[64,F,0.80723,00001000,80.723,X]
[72,F,0.811136,00000100,81.1136,X]
[24,F,0.817267,11100000,81.7267,X]
[101,F,0.826011,00000010,82.6011,X]
[40,F,0.833869,00010000,83.3869,X]
[25,F,0.842658,11100000,84.2658,X]
[102,F,0.843589,00000010,84.3589,X]
[103,F,0.854331,00000010,85.4331,X]
[104,F,0.860191,00000010,86.0191,X]
[105,F,0.868003,00000010,86.8003,X]
[26,F,0.883673,11100000,88.3673,X]
[65,F,0.885355,00001000,88.5355,X]
[41,F,0.890509,00010000,89.0509,X]
[27,F,0.909731,11000000,90.9731,X]
[42,F,0.913947,00010000,91.3947,X]
[28,F,0.92438,11000000,92.438,X]
[30,F,0.925356,00100000,92.5356,X]
[106,F,0.92562,00000010,92.562,X]
[66,F,0.930277,00001000,93.0277,X]
[107,F,0.944175,00000010,94.4175,X]
[67,F,0.96348,00001000,96.348,X]
[31,F,0.965395,00100000,96.5395,X]
[32,F,0.976137,00100000,97.6137,X]
[73,F,0.979105,00000100,97.9105,X]
[33,F,0.980044,00100000,98.0044,X]
[43,F,0.982306,00010000,98.2306,X]
[29,F,0.982692,10000000,98.2692,X]
[34,F,0.987856,00100000,98.7856,X]
[44,F,0.988166,00010000,98.8166,X]
[74,F,0.989847,00000100,98.9847,X]
[75,F,0.99473,00000100,99.473,X]
[35,F,0.998598,00100000,99.8598,X]
GUIDE_TREE_PARTITION1=(((((t1:5.93,t2:5.93):5.05,t3:10.98):22.43,t4:33.41):48.01,(t5:38.32,t6:38.32):43.1):18.58,(t7:60.27,t8:60.27):39.73);
