Taxa bit representation:
t1 10000000
t2 01000000
t3 00100000
t4 00010000
t5 00001000
t6 00000100
t7 00000010
t8 00000001
Clade List (<taxon members> = <clade name>): 

>Dataset_0
[0,F,0.00292969,11111110,0.292969,X]
[1,F,0.0820312,11111110,8.20312,X]
[2,F,0.148438,11111110,14.8438,X]
[3,F,0.191406,11111110,19.1406,X]
[4,F,0.283203,11111110,28.3203,X]
[5,F,0.375977,11111110,37.5977,X]
[6,F,0.382812,11111110,38.2812,X]
[7,F,0.384766,11111110,38.4766,X]
[27,F,0.41572,00000010,41.572,X]
[33,F,0.455078,00000001,45.5078,X]
[28,F,0.48115,00000010,48.115,X]
[29,F,0.547556,00000010,54.7556,X]
[34,F,0.547852,00000001,54.7852,X]
[21,F,0.564697,00000100,56.4697,X]
[8,F,0.572509,11111000,57.2509,X]
[22,F,0.578369,00000100,57.8369,X]
[9,F,0.582006,11110000,58.2006,X]
[10,F,0.633583,11100000,63.3583,X]
[35,F,0.640625,00000001,64.0625,X]
[23,F,0.642822,00000100,64.2822,X]
[24,F,0.652588,00000100,65.2588,X]
[25,F,0.709228,00000100,70.9228,X]
[16,F,0.718544,00010000,71.8544,X]
[19,F,0.718725,00001000,71.8725,X]
[11,F,0.734169,11100000,73.4169,X]
[12,F,0.743934,11100000,74.3934,X]
[30,F,0.815134,00000010,81.5134,X]
[13,F,0.8162,11100000,81.62,X]
[31,F,0.830759,00000010,83.0759,X]
[36,F,0.844727,00000001,84.4727,X]
[32,F,0.852244,00000010,85.2244,X]
[14,F,0.887489,11100000,88.7489,X]
[37,F,0.889648,00000001,88.9648,X]
[15,F,0.906044,11100000,90.6044,X]
[20,F,0.934545,00001000,93.4545,X]
[26,F,0.964111,00000100,96.4111,X]
[17,F,0.971473,00010000,97.1473,X]
[18,F,0.982216,00010000,98.2216,X]
GUIDE_TREE_PARTITION1=(((((((t1:0.3,t2:0.3):1.56,t3:1.86):35.27,t4:37.13):5.06,t5:42.19):10.52,t6:52.71):8.55,t7:61.26):38.74,t8:100);
