Taxa bit representation:
t1 10000000
t2 01000000
t3 00100000
t4 00010000
t5 00001000
t6 00000100
t7 00000010
t8 00000001
Clade List (<taxon members> = <clade name>): 

>Dataset_0
[0,F,0.00488281,11111110,0.488281,X]
[118,F,0.0400391,00000001,4.00391,X]
[1,F,0.0859375,11111110,8.59375,X]
[119,F,0.107422,00000001,10.7422,X]
[94,F,0.123055,00000010,12.3055,X]
[120,F,0.12793,00000001,12.793,X]
[95,F,0.148445,00000010,14.8445,X]
[2,F,0.154305,11111100,15.4305,X]
[3,F,0.172859,11111100,17.2859,X]
[4,F,0.175789,11111100,17.5789,X]
[5,F,0.177742,11111100,17.7742,X]
[6,F,0.191414,11111100,19.1414,X]
[7,F,0.209969,11111100,20.9969,X]
[8,F,0.214852,11111100,21.4852,X]
[96,F,0.235359,00000010,23.5359,X]
[9,F,0.239266,11111100,23.9266,X]
[97,F,0.26075,00000010,26.075,X]
[10,F,0.26523,11110000,26.523,X]
[98,F,0.276375,00000010,27.6375,X]
[11,F,0.280855,11110000,28.0855,X]
[99,F,0.295906,00000010,29.5906,X]
[12,F,0.298433,11110000,29.8433,X]
[59,F,0.300386,00001000,30.0386,X]
[13,F,0.300386,11110000,30.0386,X]
[121,F,0.3125,00000001,31.25,X]
[122,F,0.319336,00000001,31.9336,X]
[100,F,0.321297,00000010,32.1297,X]
[14,F,0.3248,11110000,32.48,X]
[60,F,0.344331,00001000,34.4331,X]
[61,F,0.351167,00001000,35.1167,X]
[62,F,0.355073,00001000,35.5073,X]
[76,F,0.358034,00000100,35.8034,X]
[123,F,0.366211,00000001,36.6211,X]
[124,F,0.37207,00000001,37.207,X]
[125,F,0.373047,00000001,37.3047,X]
[101,F,0.38868,00000010,38.868,X]
[15,F,0.406831,11110000,40.6831,X]
[77,F,0.412722,00000100,41.2722,X]
[78,F,0.413698,00000100,41.3698,X]
[63,F,0.420503,00001000,42.0503,X]
[79,F,0.420534,00000100,42.0534,X]
[126,F,0.425781,00000001,42.5781,X]
[64,F,0.430269,00001000,43.0269,X]
[65,F,0.451753,00001000,45.1753,X]
[44,F,0.452148,00010000,45.2148,X]
[66,F,0.460542,00001000,46.0542,X]
[45,F,0.472656,00010000,47.2656,X]
[67,F,0.484956,00001000,48.4956,X]
[80,F,0.488894,00000100,48.8894,X]
[68,F,0.504487,00001000,50.4487,X]
[46,F,0.515625,00010000,51.5625,X]
[81,F,0.527956,00000100,52.7956,X]
[102,F,0.535164,00000010,53.5164,X]
[127,F,0.538086,00000001,53.8086,X]
[16,F,0.548183,11000000,54.8183,X]
[17,F,0.551113,11000000,55.1112,X]
[82,F,0.5553,00000100,55.53,X]
[47,F,0.557617,00010000,55.7617,X]
[69,F,0.567964,00001000,56.7964,X]
[103,F,0.583992,00000010,58.3992,X]
[18,F,0.586269,11000000,58.6269,X]
[128,F,0.589844,00000001,58.9844,X]
[129,F,0.591797,00000001,59.1797,X]
[48,F,0.594727,00010000,59.4727,X]
[104,F,0.594734,00000010,59.4734,X]
[49,F,0.599609,00010000,59.9609,X]
[19,F,0.607753,11000000,60.7753,X]
[83,F,0.612917,00000100,61.2917,X]
[84,F,0.613894,00000100,61.3894,X]
[50,F,0.62207,00010000,62.207,X]
[130,F,0.62207,00000001,62.207,X]
[131,F,0.623047,00000001,62.3047,X]
[105,F,0.624031,00000010,62.4031,X]
[106,F,0.626961,00000010,62.6961,X]
[29,F,0.628283,01000000,62.8283,X]
[30,F,0.629259,01000000,62.9259,X]
[85,F,0.632448,00000100,63.2448,X]
[51,F,0.641602,00010000,64.1602,X]
[86,F,0.644167,00000100,64.4167,X]
[107,F,0.644539,00000010,64.4539,X]
[20,F,0.645861,10000000,64.5861,X]
[87,F,0.657839,00000100,65.7839,X]
[31,F,0.666369,01000000,66.6369,X]
[108,F,0.668953,00000010,66.8953,X]
[109,F,0.671883,00000010,67.1883,X]
[132,F,0.676758,00000001,67.6758,X]
[21,F,0.678087,10000000,67.8087,X]
[70,F,0.679292,00001000,67.9292,X]
[110,F,0.680672,00000010,68.0672,X]
[37,F,0.682948,00100000,68.2948,X]
[71,F,0.684175,00001000,68.4175,X]
[111,F,0.685555,00000010,68.5555,X]
[32,F,0.68883,01000000,68.883,X]
[133,F,0.700195,00000001,70.0195,X]
[38,F,0.701503,00100000,70.1503,X]
[22,F,0.701525,10000000,70.1525,X]
[88,F,0.702761,00000100,70.2761,X]
[134,F,0.703125,00000001,70.3125,X]
[33,F,0.716173,01000000,71.6173,X]
[52,F,0.723633,00010000,72.3633,X]
[23,F,0.729845,10000000,72.9845,X]
[72,F,0.750581,00001000,75.0581,X]
[135,F,0.757812,00000001,75.7812,X]
[136,F,0.760742,00000001,76.0742,X]
[39,F,0.768886,00100000,76.8886,X]
[89,F,0.77112,00000100,77.112,X]
[137,F,0.775391,00000001,77.5391,X]
[53,F,0.776367,00010000,77.6367,X]
[138,F,0.783203,00000001,78.3203,X]
[40,F,0.784511,00100000,78.4511,X]
[90,F,0.789675,00000100,78.9675,X]
[54,F,0.794922,00010000,79.4922,X]
[91,F,0.796511,00000100,79.6511,X]
[41,F,0.800136,00100000,80.0136,X]
[24,F,0.803087,10000000,80.3087,X]
[139,F,0.806641,00000001,80.6641,X]
[42,F,0.823573,00100000,82.3573,X]
[112,F,0.842781,00000010,84.2781,X]
[43,F,0.846034,00100000,84.6034,X]
[140,F,0.848633,00000001,84.8633,X]
[141,F,0.852539,00000001,85.2539,X]
[25,F,0.881212,10000000,88.1212,X]
[26,F,0.886095,10000000,88.6095,X]
[92,F,0.891238,00000100,89.1238,X]
[113,F,0.892586,00000010,89.2586,X]
[34,F,0.892931,01000000,89.2931,X]
[55,F,0.893555,00010000,89.3555,X]
[56,F,0.895508,00010000,89.5508,X]
[27,F,0.897814,10000000,89.7814,X]
[73,F,0.899019,00001000,89.9019,X]
[142,F,0.921875,00000001,92.1875,X]
[28,F,0.926134,10000000,92.6134,X]
[114,F,0.926766,00000010,92.6766,X]
[74,F,0.936128,00001000,93.6128,X]
[115,F,0.939461,00000010,93.9461,X]
[57,F,0.949219,00010000,94.9219,X]
[35,F,0.951525,01000000,95.1525,X]
[116,F,0.952156,00000010,95.2156,X]
[58,F,0.954102,00010000,95.4102,X]
[143,F,0.966797,00000001,96.6797,X]
[36,F,0.977892,01000000,97.7892,X]
[93,F,0.984011,00000100,98.4011,X]
[75,F,0.984956,00001000,98.4956,X]
[117,F,0.990242,00000010,99.0242,X]
GUIDE_TREE_PARTITION1=(((((((t1:37.66,t2:37.66):14.26,t3:51.92):4.33,t4:56.25):17.52,t5:73.77):1.95,t6:75.72):13.83,t7:89.55):10.45,t8:100);
