Taxa bit representation:
t1 10000000
t2 01000000
t3 00100000
t4 00010000
t5 00001000
t6 00000100
t7 00000010
t8 00000001
Clade List (<taxon members> = <clade name>): 

>Dataset_0
[0,F,0.00976562,11111110,0.976562,X]
[58,F,0.046875,00000001,4.6875,X]
[59,F,0.0742188,00000001,7.42188,X]
[1,F,0.1254,11111100,12.54,X]
[60,F,0.125977,00000001,12.5977,X]
[46,F,0.157627,00000010,15.7627,X]
[2,F,0.167392,11111100,16.7392,X]
[3,F,0.181064,11111100,18.1064,X]
[47,F,0.18497,00000010,18.497,X]
[48,F,0.210361,00000010,21.0361,X]
[61,F,0.210938,00000001,21.0938,X]
[62,F,0.213867,00000001,21.3867,X]
[49,F,0.214267,00000010,21.4267,X]
[50,F,0.275791,00000010,27.5791,X]
[4,F,0.399439,11111000,39.9439,X]
[5,F,0.410181,11111000,41.0181,X]
[63,F,0.424805,00000001,42.4805,X]
[6,F,0.464869,11111000,46.4869,X]
[34,F,0.531275,00000100,53.1275,X]
[35,F,0.533228,00000100,53.3228,X]
[51,F,0.533603,00000010,53.3603,X]
[36,F,0.539087,00000100,53.9087,X]
[52,F,0.539462,00000010,53.9462,X]
[24,F,0.562672,00001000,56.2672,X]
[64,F,0.579102,00000001,57.9102,X]
[7,F,0.588062,11110000,58.8062,X]
[37,F,0.589869,00000100,58.9869,X]
[25,F,0.593922,00001000,59.3922,X]
[53,F,0.600009,00000010,60.0009,X]
[54,F,0.632236,00000010,63.2236,X]
[26,F,0.640797,00001000,64.0797,X]
[8,F,0.646656,11110000,64.6656,X]
[9,F,0.652516,11110000,65.2516,X]
[27,F,0.652516,00001000,65.2516,X]
[28,F,0.67107,00001000,67.107,X]
[38,F,0.682642,00000100,68.2642,X]
[19,F,0.701175,00010000,70.1175,X]
[65,F,0.717773,00000001,71.7773,X]
[29,F,0.723805,00001000,72.3805,X]
[30,F,0.759937,00001000,75.9937,X]
[31,F,0.761891,00001000,76.1891,X]
[10,F,0.762698,11100000,76.2698,X]
[55,F,0.763095,00000010,76.3095,X]
[39,F,0.790064,00000100,79.0064,X]
[20,F,0.791995,00010000,79.1995,X]
[40,F,0.829127,00000100,82.9127,X]
[41,F,0.83108,00000100,83.108,X]
[12,F,0.848658,01000000,84.8658,X]
[11,F,0.854517,10000000,85.4517,X]
[13,F,0.86233,01000000,86.233,X]
[56,F,0.863681,00000010,86.3681,X]
[21,F,0.864261,00010000,86.4261,X]
[42,F,0.89358,00000100,89.358,X]
[43,F,0.897486,00000100,89.7486,X]
[22,F,0.900394,00010000,90.0394,X]
[44,F,0.901392,00000100,90.1392,X]
[57,F,0.901767,00000010,90.1767,X]
[17,F,0.902719,00100000,90.2719,X]
[14,F,0.935572,01000000,93.5572,X]
[32,F,0.945484,00001000,94.5484,X]
[15,F,0.952173,01000000,95.2173,X]
[33,F,0.966969,00001000,96.6969,X]
[23,F,0.981448,00010000,98.1448,X]
[66,F,0.982422,00000001,98.2422,X]
[67,F,0.991211,00000001,99.1211,X]
[45,F,0.991236,00000100,99.1236,X]
[16,F,0.994166,01000000,99.4166,X]
[18,F,0.999398,00100000,99.9398,X]
GUIDE_TREE_PARTITION1=(((((((t1:20.31,t2:20.31):3.09,t3:23.4):11.17,t4:34.57):10.53,t5:45.1):25.21,t6:70.31):23.4,t7:93.71):6.29,t8:100);
