Taxa bit representation:
t1 10000000
t2 01000000
t3 00100000
t4 00010000
t5 00001000
t6 00000100
t7 00000010
t8 00000001
Clade List (<taxon members> = <clade name>): 

>Dataset_0
[0,F,0.0634766,11111110,6.34766,X]
[1,F,0.0869141,11111110,8.69141,X]
[2,F,0.115234,11111110,11.5234,X]
[3,F,0.172852,11111110,17.2852,X]
[45,F,0.201172,00000001,20.1172,X]
[46,F,0.229492,00000001,22.9492,X]
[4,F,0.306641,11111110,30.6641,X]
[5,F,0.332031,11111110,33.2031,X]
[6,F,0.357422,11111110,35.7422,X]
[40,F,0.372119,00000010,37.2119,X]
[32,F,0.498312,00000100,49.8312,X]
[47,F,0.505859,00000001,50.5859,X]
[48,F,0.526367,00000001,52.6367,X]
[41,F,0.596728,00000010,59.6728,X]
[7,F,0.600852,11111000,60.0852,X]
[8,F,0.608664,11111000,60.8664,X]
[33,F,0.61843,00000100,61.843,X]
[34,F,0.633078,00000100,63.3078,X]
[29,F,0.663436,00001000,66.3436,X]
[9,F,0.666366,11110000,66.6366,X]
[10,F,0.683653,11100000,68.3653,X]
[21,F,0.699278,00010000,69.9278,X]
[35,F,0.704367,00000100,70.4367,X]
[22,F,0.714903,00010000,71.4903,X]
[36,F,0.745383,00000100,74.5383,X]
[23,F,0.74713,00010000,74.713,X]
[49,F,0.75293,00000001,75.293,X]
[30,F,0.759139,00001000,75.9139,X]
[12,F,0.774448,01000000,77.4448,X]
[13,F,0.780308,01000000,78.0308,X]
[42,F,0.791064,00000010,79.1064,X]
[24,F,0.80963,00010000,80.963,X]
[14,F,0.82523,01000000,82.523,X]
[37,F,0.856711,00000100,85.6711,X]
[50,F,0.863281,00000001,86.3281,X]
[43,F,0.880908,00000010,88.0908,X]
[19,F,0.892537,00100000,89.2537,X]
[15,F,0.905308,01000000,90.5308,X]
[44,F,0.908252,00000010,90.8252,X]
[16,F,0.912144,01000000,91.2144,X]
[38,F,0.913352,00000100,91.3352,X]
[31,F,0.913436,00001000,91.3436,X]
[25,F,0.916075,00010000,91.6075,X]
[20,F,0.922811,00100000,92.2811,X]
[11,F,0.933628,10000000,93.3628,X]
[26,F,0.947325,00010000,94.7325,X]
[17,F,0.95023,01000000,95.023,X]
[27,F,0.954161,00010000,95.4161,X]
[39,F,0.969992,00000100,96.9992,X]
[28,F,0.990294,00010000,99.0294,X]
[18,F,0.996128,01000000,99.6128,X]
GUIDE_TREE_PARTITION1=(((((((t1:24.02,t2:24.02):1.57,t3:25.59):6.24,t4:31.83):2.51,t5:34.34):16.61,t6:50.95):13.01,t7:63.96):36.04,t8:100);
