Taxa bit representation:
t1 10000000
t2 01000000
t3 00100000
t4 00010000
t5 00001000
t6 00000100
t7 00000010
t8 00000001
Clade List (<taxon members> = <clade name>): 

>Dataset_0
[0,F,0.0732422,11111110,7.32422,X]
[9,F,0.259386,00000010,25.9386,X]
[1,F,0.300402,11111100,30.0402,X]
[10,F,0.430284,00000010,43.0284,X]
[11,F,0.442003,00000010,44.2003,X]
[12,F,0.695909,00000010,69.5909,X]
[8,F,0.702108,00000100,70.2108,X]
[2,F,0.72793,11100000,72.793,X]
[14,F,0.757812,00000001,75.7812,X]
[13,F,0.829698,00000010,82.9698,X]
[3,F,0.838281,11100000,83.8281,X]
[15,F,0.848633,00000001,84.8633,X]
[5,F,0.899806,00100000,89.9806,X]
[6,F,0.943733,00001000,94.3733,X]
[4,F,0.965236,11000000,96.5236,X]
[7,F,0.974006,00001000,97.4006,X]
GUIDE_TREE_PARTITION1=(((((((t1:1.62,t2:1.62):8.79,t3:10.41):17.09,t4:27.5):25.49,t5:52.99):10.1,t6:63.09):27.28,t7:90.37):9.63,t8:100);
