Taxa bit representation:
t1 10000000
t2 01000000
t3 00100000
t4 00010000
t5 00001000
t6 00000100
t7 00000010
t8 00000001
Clade List (<taxon members> = <clade name>): 

>Dataset_0
[144,F,0.0166016,00000011,1.66016,X]
[145,F,0.0253906,00000011,2.53906,X]
[0,F,0.0303828,11100000,3.03828,X]
[72,F,0.0352656,00010000,3.52656,X]
[73,F,0.0469844,00010000,4.69844,X]
[99,F,0.0495969,00001100,4.95969,X]
[100,F,0.0505734,00001100,5.05734,X]
[1,F,0.0528437,11100000,5.28437,X]
[2,F,0.0538203,11100000,5.38203,X]
[74,F,0.0645625,00010000,6.45625,X]
[146,F,0.0693359,00000011,6.93359,X]
[75,F,0.0811641,00010000,8.11641,X]
[101,F,0.0847531,00001100,8.47531,X]
[3,F,0.0850703,11100000,8.50703,X]
[48,F,0.0993063,00100000,9.93063,X]
[4,F,0.113955,11000000,11.3955,X]
[5,F,0.12372,11000000,12.372,X]
[147,F,0.138672,00000011,13.8672,X]
[148,F,0.143555,00000011,14.3555,X]
[6,F,0.144228,11000000,14.4228,X]
[102,F,0.1453,00001100,14.53,X]
[49,F,0.152041,00100000,15.2041,X]
[76,F,0.154406,00010000,15.4406,X]
[103,F,0.156042,00001100,15.6042,X]
[149,F,0.186523,00000011,18.6523,X]
[50,F,0.187197,00100000,18.7197,X]
[7,F,0.18915,11000000,18.915,X]
[51,F,0.196962,00100000,19.6962,X]
[8,F,0.199892,11000000,19.9892,X]
[150,F,0.21875,00000011,21.875,X]
[9,F,0.230166,11000000,23.0166,X]
[52,F,0.232119,00100000,23.2119,X]
[10,F,0.241884,11000000,24.1884,X]
[151,F,0.24707,00000011,24.707,X]
[77,F,0.254992,00010000,25.4992,X]
[104,F,0.264441,00001100,26.4441,X]
[78,F,0.2755,00010000,27.55,X]
[105,F,0.283972,00001100,28.3972,X]
[79,F,0.286242,00010000,28.6242,X]
[152,F,0.293945,00000011,29.3945,X]
[153,F,0.298828,00000011,29.8828,X]
[106,F,0.306433,00001100,30.6433,X]
[154,F,0.319336,00000011,31.9336,X]
[155,F,0.320312,00000011,32.0312,X]
[53,F,0.333681,00100000,33.3681,X]
[107,F,0.337683,00001100,33.7683,X]
[54,F,0.3454,00100000,34.54,X]
[156,F,0.355469,00000011,35.5469,X]
[157,F,0.37207,00000011,37.207,X]
[158,F,0.375,00000011,37.5,X]
[80,F,0.375109,00010000,37.5109,X]
[159,F,0.375977,00000011,37.5977,X]
[108,F,0.377722,00001100,37.7722,X]
[55,F,0.37958,00100000,37.958,X]
[81,F,0.379992,00010000,37.9992,X]
[109,F,0.403112,00001100,40.3112,X]
[110,F,0.406042,00001100,40.6042,X]
[11,F,0.412783,11000000,41.2783,X]
[111,F,0.415808,00001100,41.5808,X]
[112,F,0.422644,00001100,42.2644,X]
[56,F,0.425478,00100000,42.5478,X]
[57,F,0.432314,00100000,43.2314,X]
[12,F,0.433291,11000000,43.3291,X]
[113,F,0.439245,00001100,43.9245,X]
[180,F,0.441558,00000001,44.1558,X]
[58,F,0.443056,00100000,44.3056,X]
[114,F,0.446081,00001100,44.6081,X]
[13,F,0.446962,11000000,44.6962,X]
[181,F,0.450347,00000001,45.0347,X]
[182,F,0.4523,00000001,45.23,X]
[59,F,0.452822,00100000,45.2822,X]
[126,F,0.45413,00000100,45.413,X]
[127,F,0.455106,00000100,45.5106,X]
[82,F,0.46007,00010000,46.007,X]
[83,F,0.461047,00010000,46.1047,X]
[60,F,0.463564,00100000,46.3564,X]
[14,F,0.465517,11000000,46.5517,X]
[128,F,0.465848,00000100,46.5848,X]
[160,F,0.472808,00000010,47.2808,X]
[15,F,0.47333,11000000,47.333,X]
[161,F,0.473784,00000010,47.3784,X]
[183,F,0.476714,00000001,47.6714,X]
[129,F,0.480497,00000100,48.0497,X]
[34,F,0.484536,01000000,48.4536,X]
[61,F,0.485048,00100000,48.5048,X]
[35,F,0.485513,01000000,48.5513,X]
[130,F,0.488309,00000100,48.8309,X]
[184,F,0.495269,00000001,49.5269,X]
[131,F,0.496122,00000100,49.6122,X]
[84,F,0.49718,00010000,49.718,X]
[162,F,0.500152,00000010,50.0152,X]
[62,F,0.500673,00100000,50.0673,X]
[163,F,0.503081,00000010,50.3081,X]
[164,F,0.506988,00000010,50.6988,X]
[16,F,0.510903,10000000,51.0903,X]
[17,F,0.516763,10000000,51.6763,X]
[36,F,0.516763,01000000,51.6763,X]
[37,F,0.524575,01000000,52.4575,X]
[38,F,0.529458,01000000,52.9458,X]
[185,F,0.532378,00000001,53.2378,X]
[165,F,0.548003,00000010,54.8003,X]
[132,F,0.549833,00000100,54.9833,X]
[133,F,0.551786,00000100,55.1786,X]
[18,F,0.554848,10000000,55.4848,X]
[134,F,0.556669,00000100,55.6669,X]
[186,F,0.559722,00000001,55.9722,X]
[187,F,0.564605,00000001,56.4605,X]
[188,F,0.568511,00000001,56.8511,X]
[39,F,0.581216,01000000,58.1216,X]
[19,F,0.581216,10000000,58.1216,X]
[20,F,0.589028,10000000,58.9028,X]
[115,F,0.590848,00001000,59.0848,X]
[116,F,0.591825,00001000,59.1825,X]
[85,F,0.592883,00010000,59.2883,X]
[166,F,0.594878,00000010,59.4878,X]
[40,F,0.598794,01000000,59.8794,X]
[21,F,0.59977,10000000,59.977,X]
[22,F,0.6027,10000000,60.27,X]
[41,F,0.609536,01000000,60.9536,X]
[86,F,0.611437,00010000,61.1437,X]
[189,F,0.616363,00000001,61.6363,X]
[167,F,0.627105,00000010,62.7105,X]
[168,F,0.631988,00000010,63.1988,X]
[169,F,0.632964,00000010,63.2964,X]
[190,F,0.635894,00000001,63.5894,X]
[87,F,0.658312,00010000,65.8312,X]
[117,F,0.661161,00001000,66.1161,X]
[118,F,0.67288,00001000,67.288,X]
[88,F,0.672961,00010000,67.2961,X]
[63,F,0.673525,00100000,67.3525,X]
[170,F,0.675933,00000010,67.5933,X]
[191,F,0.675933,00000001,67.5933,X]
[192,F,0.679839,00000001,67.9839,X]
[171,F,0.686675,00000010,68.6675,X]
[23,F,0.686684,10000000,68.6684,X]
[135,F,0.693388,00000100,69.3388,X]
[136,F,0.694364,00000100,69.4364,X]
[89,F,0.704211,00010000,70.4211,X]
[24,F,0.705239,10000000,70.5239,X]
[137,F,0.711942,00000100,71.1942,X]
[64,F,0.715517,00100000,71.5517,X]
[193,F,0.715972,00000001,71.5972,X]
[119,F,0.716825,00001000,71.6825,X]
[90,F,0.727648,00010000,72.7648,X]
[65,F,0.729189,00100000,72.9189,X]
[172,F,0.73355,00000010,73.355,X]
[173,F,0.746245,00000010,74.6245,X]
[91,F,0.755969,00010000,75.5969,X]
[25,F,0.770669,10000000,77.0669,X]
[120,F,0.775419,00001000,77.5419,X]
[26,F,0.776528,10000000,77.6528,X]
[138,F,0.781278,00000100,78.1278,X]
[92,F,0.795031,00010000,79.5031,X]
[42,F,0.795083,01000000,79.5083,X]
[66,F,0.795595,00100000,79.5595,X]
[139,F,0.810575,00000100,81.0575,X]
[27,F,0.814614,10000000,81.4614,X]
[43,F,0.82145,01000000,82.145,X]
[174,F,0.823394,00000010,82.3394,X]
[93,F,0.826281,00010000,82.6281,X]
[28,F,0.835122,10000000,83.5122,X]
[29,F,0.85563,10000000,85.563,X]
[44,F,0.859536,01000000,85.9536,X]
[94,F,0.860461,00010000,86.0461,X]
[95,F,0.868273,00010000,86.8273,X]
[175,F,0.868316,00000010,86.8316,X]
[96,F,0.87218,00010000,87.218,X]
[97,F,0.875109,00010000,87.5109,X]
[121,F,0.880887,00001000,88.0887,X]
[194,F,0.881011,00000001,88.1011,X]
[98,F,0.884875,00010000,88.4875,X]
[67,F,0.885439,00100000,88.5439,X]
[68,F,0.894228,00100000,89.4228,X]
[69,F,0.898134,00100000,89.8134,X]
[30,F,0.898598,10000000,89.8598,X]
[45,F,0.899575,01000000,89.9575,X]
[122,F,0.905302,00001000,90.5302,X]
[195,F,0.915191,00000001,91.5191,X]
[123,F,0.917997,00001000,91.7997,X]
[46,F,0.91813,01000000,91.813,X]
[140,F,0.921903,00000100,92.1903,X]
[47,F,0.923013,01000000,92.3012,X]
[124,F,0.924833,00001000,92.4833,X]
[176,F,0.932769,00000010,93.2769,X]
[70,F,0.934267,00100000,93.4267,X]
[31,F,0.936684,10000000,93.6684,X]
[141,F,0.939481,00000100,93.9481,X]
[32,F,0.939614,10000000,93.9614,X]
[71,F,0.944033,00100000,94.4033,X]
[142,F,0.956083,00000100,95.6083,X]
[196,F,0.967925,00000001,96.7925,X]
[143,F,0.971708,00000100,97.1708,X]
[125,F,0.973661,00001000,97.3661,X]
[197,F,0.979644,00000001,97.9644,X]
[177,F,0.981597,00000010,98.1597,X]
[178,F,0.992339,00000010,99.2339,X]
[179,F,0.993316,00000010,99.3316,X]
[33,F,0.994302,10000000,99.4302,X]
GUIDE_TREE_PARTITION1=(((((t1:52.23,t2:52.23):38.23,t3:90.46):6.99,t4:97.45):0.52,(t5:54.88,t6:54.88):43.09):2.03,(t7:61.02,t8:61.02):38.98);
