Taxa bit representation:
t1 10000000
t2 01000000
t3 00100000
t4 00010000
t5 00001000
t6 00000100
t7 00000010
t8 00000001
Clade List (<taxon members> = <clade name>): 

>Dataset_0
[0,F,0.0136719,11111100,1.36719,X]
[95,F,0.0341797,00000011,3.41797,X]
[96,F,0.0351562,00000011,3.51562,X]
[1,F,0.0869141,11111100,8.69141,X]
[97,F,0.0966797,00000011,9.66797,X]
[2,F,0.113281,11111100,11.3281,X]
[98,F,0.168945,00000011,16.8945,X]
[3,F,0.191406,11111100,19.1406,X]
[4,F,0.241211,11111100,24.1211,X]
[99,F,0.260742,00000011,26.0742,X]
[5,F,0.275353,11110000,27.5353,X]
[6,F,0.286095,11110000,28.6095,X]
[100,F,0.297852,00000011,29.7852,X]
[7,F,0.319298,11110000,31.9298,X]
[64,F,0.320275,00001100,32.0275,X]
[8,F,0.322228,11110000,32.2228,X]
[9,F,0.325158,11110000,32.5158,X]
[65,F,0.347619,00001100,34.7619,X]
[66,F,0.359338,00001100,35.9338,X]
[67,F,0.363244,00001100,36.3244,X]
[101,F,0.37207,00000011,37.207,X]
[102,F,0.386719,00000011,38.6719,X]
[103,F,0.390625,00000011,39.0625,X]
[68,F,0.403283,00001100,40.3283,X]
[10,F,0.422814,11110000,42.2814,X]
[84,F,0.435253,00000100,43.5253,X]
[104,F,0.450195,00000011,45.0195,X]
[85,F,0.456738,00000100,45.6737,X]
[11,F,0.456994,11110000,45.6994,X]
[69,F,0.459667,00001000,45.9667,X]
[105,F,0.466797,00000011,46.6797,X]
[106,F,0.473633,00000011,47.3633,X]
[70,F,0.487988,00001000,48.7987,X]
[12,F,0.505822,11110000,50.5822,X]
[71,F,0.520214,00001000,52.0214,X]
[86,F,0.520214,00000100,52.0214,X]
[13,F,0.521336,11100000,52.1336,X]
[14,F,0.526219,11100000,52.6219,X]
[87,F,0.533886,00000100,53.3886,X]
[15,F,0.547703,11100000,54.7703,X]
[107,F,0.558594,00000011,55.8594,X]
[50,F,0.560398,00010000,56.0398,X]
[72,F,0.566113,00001000,56.6112,X]
[16,F,0.570164,11100000,57.0164,X]
[108,F,0.578125,00000011,57.8125,X]
[17,F,0.584812,11100000,58.4812,X]
[109,F,0.584961,00000011,58.4961,X]
[51,F,0.589695,00010000,58.9695,X]
[73,F,0.59248,00001000,59.248,X]
[18,F,0.604689,11000000,60.4689,X]
[74,F,0.606152,00001000,60.6152,X]
[52,F,0.635594,00010000,63.5594,X]
[41,F,0.642775,00100000,64.2775,X]
[29,F,0.648289,01000000,64.8289,X]
[30,F,0.649266,01000000,64.9266,X]
[42,F,0.650587,00100000,65.0588,X]
[53,F,0.653172,00010000,65.3172,X]
[88,F,0.655956,00000100,65.5956,X]
[75,F,0.657909,00001000,65.7909,X]
[43,F,0.664259,00100000,66.4259,X]
[76,F,0.666698,00001000,66.6698,X]
[54,F,0.66782,00010000,66.782,X]
[31,F,0.668797,01000000,66.8797,X]
[32,F,0.681492,01000000,68.1492,X]
[110,F,0.699219,00000011,69.9219,X]
[77,F,0.705761,00001000,70.5761,X]
[33,F,0.706883,01000000,70.6883,X]
[19,F,0.732273,10000000,73.2273,X]
[89,F,0.736034,00000100,73.6034,X]
[78,F,0.737988,00001000,73.7987,X]
[34,F,0.738133,01000000,73.8133,X]
[111,F,0.738281,00000011,73.8281,X]
[20,F,0.746922,10000000,74.6922,X]
[44,F,0.747267,00100000,74.7267,X]
[55,F,0.752781,00010000,75.2781,X]
[112,F,0.757812,00000011,75.7812,X]
[56,F,0.765477,00010000,76.5477,X]
[113,F,0.769531,00000011,76.9531,X]
[57,F,0.774266,00010000,77.4266,X]
[79,F,0.775097,00001000,77.5097,X]
[21,F,0.775242,10000000,77.5242,X]
[45,F,0.778517,00100000,77.8517,X]
[120,F,0.783177,00000001,78.3177,X]
[90,F,0.786816,00000100,78.6816,X]
[58,F,0.788914,00010000,78.8914,X]
[114,F,0.789036,00000010,78.9036,X]
[115,F,0.798802,00000010,79.8802,X]
[116,F,0.799778,00000010,79.9778,X]
[80,F,0.80537,00001000,80.537,X]
[91,F,0.813183,00000100,81.3183,X]
[121,F,0.814427,00000001,81.4427,X]
[22,F,0.818211,10000000,81.8211,X]
[35,F,0.820164,01000000,82.0164,X]
[92,F,0.820995,00000100,82.0995,X]
[59,F,0.827,00010000,82.7,X]
[81,F,0.827831,00001000,82.7831,X]
[82,F,0.840527,00001000,84.0527,X]
[122,F,0.845677,00000001,84.5677,X]
[36,F,0.857273,01000000,85.7273,X]
[23,F,0.865086,10000000,86.5086,X]
[46,F,0.871291,00100000,87.1291,X]
[37,F,0.873875,01000000,87.3875,X]
[24,F,0.893406,10000000,89.3406,X]
[93,F,0.894238,00000100,89.4237,X]
[117,F,0.898411,00000010,89.8411,X]
[38,F,0.903172,01000000,90.3172,X]
[123,F,0.905247,00000001,90.5247,X]
[25,F,0.906102,10000000,90.6102,X]
[60,F,0.908055,00010000,90.8055,X]
[47,F,0.909377,00100000,90.9377,X]
[124,F,0.913059,00000001,91.3059,X]
[61,F,0.913914,00010000,91.3914,X]
[39,F,0.921727,01000000,92.1727,X]
[118,F,0.927708,00000010,92.7708,X]
[62,F,0.930516,00010000,93.0516,X]
[26,F,0.935398,10000000,93.5398,X]
[125,F,0.937473,00000001,93.7473,X]
[27,F,0.938328,10000000,93.8328,X]
[28,F,0.940281,10000000,94.0281,X]
[48,F,0.947462,00100000,94.7463,X]
[49,F,0.957228,00100000,95.7228,X]
[63,F,0.969578,00010000,96.9578,X]
[83,F,0.970409,00001000,97.0409,X]
[40,F,0.981297,01000000,98.1297,X]
[119,F,0.991184,00000010,99.1184,X]
[94,F,0.994823,00000100,99.4823,X]
GUIDE_TREE_PARTITION1=(((((t1:36.05,t2:36.05):4.36,t3:40.41):8.14,t4:48.55):24.11,(t5:56.67,t6:56.67):15.99):27.34,(t7:21.78,t8:21.78):78.22);
