Taxa bit representation:
t1 10000000
t2 01000000
t3 00100000
t4 00010000
t5 00001000
t6 00000100
t7 00000010
t8 00000001
Clade List (<taxon members> = <clade name>): 

>Dataset_0
[0,F,0.000976562,11110000,0.0976562,X]
[1,F,0.0078125,11110000,0.78125,X]
[2,F,0.0722656,11110000,7.22656,X]
[67,F,0.0800781,00001111,8.00781,X]
[3,F,0.109375,11110000,10.9375,X]
[68,F,0.15918,00001111,15.918,X]
[4,F,0.165039,11110000,16.5039,X]
[69,F,0.213867,00001111,21.3867,X]
[5,F,0.230469,11110000,23.0469,X]
[39,F,0.250483,00110000,25.0483,X]
[70,F,0.25293,00001111,25.293,X]
[40,F,0.264155,00110000,26.4155,X]
[71,F,0.268555,00001111,26.8555,X]
[41,F,0.269037,00110000,26.9037,X]
[72,F,0.28418,00001111,28.418,X]
[6,F,0.286616,11000000,28.6616,X]
[7,F,0.303217,11000000,30.3217,X]
[42,F,0.313959,00110000,31.3959,X]
[8,F,0.320795,11000000,32.0795,X]
[73,F,0.335553,00001100,33.5553,X]
[74,F,0.338483,00001100,33.8483,X]
[75,F,0.341413,00001100,34.1412,X]
[88,F,0.342389,00000011,34.2389,X]
[89,F,0.344342,00000011,34.4342,X]
[76,F,0.351178,00001100,35.1178,X]
[9,F,0.358881,11000000,35.8881,X]
[10,F,0.372553,11000000,37.2553,X]
[90,F,0.372663,00000011,37.2662,X]
[91,F,0.400006,00000011,40.0006,X]
[11,F,0.411616,11000000,41.1616,X]
[43,F,0.423334,00110000,42.3334,X]
[92,F,0.423444,00000011,42.3444,X]
[93,F,0.432233,00000011,43.2233,X]
[12,F,0.442866,11000000,44.2866,X]
[13,F,0.449702,11000000,44.9702,X]
[94,F,0.451764,00000011,45.1764,X]
[95,F,0.466413,00000011,46.6412,X]
[55,F,0.480311,00010000,48.0311,X]
[44,F,0.483241,00100000,48.3241,X]
[56,F,0.487147,00010000,48.7147,X]
[14,F,0.519038,11000000,51.9038,X]
[57,F,0.519373,00010000,51.9373,X]
[96,F,0.5211,00000011,52.11,X]
[58,F,0.541834,00010000,54.1834,X]
[15,F,0.557123,11000000,55.7123,X]
[97,F,0.565045,00000011,56.5045,X]
[77,F,0.570905,00001100,57.0905,X]
[59,F,0.576991,00010000,57.6991,X]
[26,F,0.580348,01000000,58.0348,X]
[113,F,0.583742,00000001,58.3742,X]
[78,F,0.58653,00001100,58.653,X]
[27,F,0.606716,01000000,60.6716,X]
[28,F,0.609645,01000000,60.9645,X]
[98,F,0.614992,00000010,61.4992,X]
[45,F,0.622889,00100000,62.2889,X]
[99,F,0.627687,00000010,62.7687,X]
[100,F,0.628664,00000010,62.8664,X]
[46,F,0.630702,00100000,63.0702,X]
[60,F,0.631678,00010000,63.1678,X]
[61,F,0.632655,00010000,63.2655,X]
[101,F,0.645266,00000010,64.5266,X]
[16,F,0.655544,10000000,65.5544,X]
[79,F,0.657819,00001100,65.7819,X]
[62,F,0.671717,00010000,67.1717,X]
[114,F,0.687258,00000001,68.7258,X]
[29,F,0.68777,01000000,68.777,X]
[80,F,0.690045,00001100,69.0045,X]
[102,F,0.691164,00000010,69.1164,X]
[30,F,0.704372,01000000,70.4372,X]
[63,F,0.708827,00010000,70.8827,X]
[103,F,0.709719,00000010,70.9719,X]
[115,F,0.712648,00000001,71.2648,X]
[47,F,0.716639,00100000,71.6639,X]
[48,F,0.718592,00100000,71.8592,X]
[104,F,0.720461,00000010,72.0461,X]
[116,F,0.733156,00000001,73.3156,X]
[81,F,0.733991,00001100,73.3991,X]
[49,F,0.738123,00100000,73.8123,X]
[17,F,0.742458,10000000,74.2458,X]
[18,F,0.751247,10000000,75.1247,X]
[31,F,0.754177,01000000,75.4177,X]
[32,F,0.757106,01000000,75.7106,X]
[19,F,0.762966,10000000,76.2966,X]
[105,F,0.764406,00000010,76.4406,X]
[117,F,0.781008,00000001,78.1008,X]
[50,F,0.786952,00100000,78.6952,X]
[20,F,0.791286,10000000,79.1286,X]
[118,F,0.792727,00000001,79.2727,X]
[51,F,0.793787,00100000,79.3787,X]
[21,F,0.794216,10000000,79.4216,X]
[106,F,0.795656,00000010,79.5656,X]
[33,F,0.801052,01000000,80.1052,X]
[64,F,0.802577,00010000,80.2577,X]
[34,F,0.804958,01000000,80.4958,X]
[22,F,0.808864,10000000,80.8864,X]
[82,F,0.810163,00001100,81.0162,X]
[119,F,0.819094,00000001,81.9094,X]
[107,F,0.829836,00000010,82.9836,X]
[108,F,0.832766,00000010,83.2766,X]
[35,F,0.84695,01000000,84.695,X]
[83,F,0.853131,00001100,85.3131,X]
[120,F,0.855227,00000001,85.5227,X]
[36,F,0.870387,01000000,87.0387,X]
[23,F,0.87527,10000000,87.527,X]
[65,F,0.879725,00010000,87.9725,X]
[52,F,0.880702,00100000,88.0702,X]
[53,F,0.887537,00100000,88.7537,X]
[37,F,0.894802,01000000,89.4802,X]
[121,F,0.899172,00000001,89.9172,X]
[54,F,0.905116,00100000,90.5116,X]
[38,F,0.907497,01000000,90.7497,X]
[122,F,0.912844,00000001,91.2844,X]
[109,F,0.91675,00000010,91.675,X]
[84,F,0.918561,00001100,91.8561,X]
[110,F,0.928469,00000010,92.8469,X]
[66,F,0.928553,00010000,92.8553,X]
[85,F,0.947858,00001100,94.7858,X]
[86,F,0.959577,00001100,95.9577,X]
[24,F,0.965114,10000000,96.5114,X]
[25,F,0.96902,10000000,96.902,X]
[111,F,0.974367,00000010,97.4367,X]
[123,F,0.978273,00000001,97.8273,X]
[112,F,0.990969,00000010,99.0969,X]
[87,F,0.991803,00001100,99.1803,X]
GUIDE_TREE_PARTITION1=(((t1:43.43,t2:43.43):32.01,(t3:57.34,t4:57.34):18.1):24.56,((t5:0.09,t6:0.09):66.55,(t7:42.7,t8:42.7):23.94):33.36);
