Taxa bit representation:
t1 10000000
t2 01000000
t3 00100000
t4 00010000
t5 00001000
t6 00000100
t7 00000010
t8 00000001
Clade List (<taxon members> = <clade name>): 

>Dataset_0
[105,F,0.0244141,00000011,2.44141,X]
[0,F,0.0302734,11111100,3.02734,X]
[106,F,0.0507812,00000011,5.07812,X]
[1,F,0.0605469,11111100,6.05469,X]
[2,F,0.0654297,11111100,6.54297,X]
[3,F,0.0859375,11111100,8.59375,X]
[4,F,0.0869141,11111100,8.69141,X]
[5,F,0.0957031,11111100,9.57031,X]
[65,F,0.119859,00001100,11.9859,X]
[107,F,0.130859,00000011,13.0859,X]
[66,F,0.132555,00001100,13.2555,X]
[6,F,0.141344,11110000,14.1344,X]
[67,F,0.147203,00001100,14.7203,X]
[108,F,0.148438,00000011,14.8438,X]
[68,F,0.151109,00001100,15.1109,X]
[69,F,0.159898,00001100,15.9898,X]
[49,F,0.209017,00010000,20.9017,X]
[70,F,0.209703,00001100,20.9703,X]
[71,F,0.229234,00001100,22.9234,X]
[50,F,0.241244,00010000,24.1244,X]
[109,F,0.246094,00000011,24.6094,X]
[110,F,0.250977,00000011,25.0977,X]
[7,F,0.255892,11100000,25.5892,X]
[8,F,0.278353,11100000,27.8353,X]
[51,F,0.281283,00010000,28.1283,X]
[72,F,0.288805,00001100,28.8805,X]
[9,F,0.290072,11100000,29.0072,X]
[10,F,0.297884,11100000,29.7884,X]
[73,F,0.305406,00001100,30.5406,X]
[52,F,0.317416,00010000,31.7416,X]
[74,F,0.331384,00001000,33.1384,X]
[111,F,0.333008,00000011,33.3008,X]
[89,F,0.335291,00000100,33.5291,X]
[53,F,0.347689,00010000,34.7689,X]
[75,F,0.351892,00001000,35.1892,X]
[76,F,0.359705,00001000,35.9705,X]
[11,F,0.369173,11100000,36.9173,X]
[12,F,0.372103,11100000,37.2103,X]
[90,F,0.3724,00000100,37.24,X]
[77,F,0.373377,00001000,37.3377,X]
[91,F,0.392908,00000100,39.2908,X]
[78,F,0.396814,00001000,39.6814,X]
[92,F,0.408533,00000100,40.8533,X]
[13,F,0.411166,11100000,41.1166,X]
[93,F,0.413416,00000100,41.3416,X]
[94,F,0.43783,00000100,43.783,X]
[14,F,0.442416,11100000,44.2416,X]
[95,F,0.448572,00000100,44.8572,X]
[112,F,0.450195,00000011,45.0195,X]
[54,F,0.458041,00010000,45.8041,X]
[79,F,0.459314,00001000,45.9314,X]
[15,F,0.465853,11100000,46.5853,X]
[80,F,0.472986,00001000,47.2986,X]
[16,F,0.486361,11100000,48.6361,X]
[96,F,0.502283,00000100,50.2283,X]
[97,F,0.516931,00000100,51.6931,X]
[17,F,0.517611,11100000,51.7611,X]
[81,F,0.526697,00001000,52.6697,X]
[113,F,0.52832,00000011,52.832,X]
[55,F,0.530306,00010000,53.0306,X]
[82,F,0.53158,00001000,53.158,X]
[114,F,0.541992,00000011,54.1992,X]
[26,F,0.550036,01000000,55.0036,X]
[37,F,0.555948,00100000,55.5948,X]
[18,F,0.557848,10000000,55.7848,X]
[115,F,0.561523,00000011,56.1523,X]
[116,F,0.5625,00000011,56.25,X]
[27,F,0.566638,01000000,56.6638,X]
[56,F,0.584017,00010000,58.4017,X]
[38,F,0.593058,00100000,59.3058,X]
[98,F,0.595056,00000100,59.5056,X]
[99,F,0.607752,00000100,60.7752,X]
[39,F,0.609659,00100000,60.9659,X]
[28,F,0.622302,01000000,62.2302,X]
[40,F,0.63505,00100000,63.505,X]
[117,F,0.644531,00000011,64.4531,X]
[57,F,0.655306,00010000,65.5306,X]
[41,F,0.656534,00100000,65.6534,X]
[29,F,0.663317,01000000,66.3317,X]
[100,F,0.671228,00000100,67.1228,X]
[30,F,0.694567,01000000,69.4567,X]
[19,F,0.69652,10000000,69.652,X]
[42,F,0.703409,00100000,70.3409,X]
[43,F,0.709269,00100000,70.9269,X]
[58,F,0.712923,00010000,71.2923,X]
[118,F,0.71582,00000011,71.582,X]
[20,F,0.753161,10000000,75.3161,X]
[83,F,0.763025,00001000,76.3025,X]
[31,F,0.763903,01000000,76.3903,X]
[32,F,0.772692,01000000,77.2692,X]
[101,F,0.777673,00000100,77.7673,X]
[44,F,0.785441,00100000,78.5441,X]
[119,F,0.789062,00000011,78.9062,X]
[120,F,0.800781,00000011,80.0781,X]
[84,F,0.818689,00001000,81.8689,X]
[85,F,0.819666,00001000,81.9666,X]
[86,F,0.820642,00001000,82.0642,X]
[59,F,0.828158,00010000,82.8158,X]
[45,F,0.832316,00100000,83.2316,X]
[21,F,0.838122,10000000,83.8122,X]
[33,F,0.861559,01000000,86.1559,X]
[60,F,0.863314,00010000,86.3314,X]
[121,F,0.870117,00000011,87.0117,X]
[22,F,0.878161,10000000,87.8161,X]
[23,F,0.883044,10000000,88.3044,X]
[102,F,0.894861,00000100,89.4861,X]
[34,F,0.896716,01000000,89.6716,X]
[61,F,0.923861,00010000,92.3861,X]
[87,F,0.928064,00001000,92.8064,X]
[46,F,0.932902,00100000,93.2902,X]
[62,F,0.933627,00010000,93.3627,X]
[24,F,0.936755,10000000,93.6755,X]
[103,F,0.938806,00000100,93.8806,X]
[47,F,0.954386,00100000,95.4386,X]
[88,F,0.954431,00001000,95.4431,X]
[63,F,0.955111,00010000,95.5111,X]
[64,F,0.9639,00010000,96.39,X]
[35,F,0.971911,01000000,97.1911,X]
[36,F,0.973864,01000000,97.3864,X]
[104,F,0.973963,00000100,97.3963,X]
[25,F,0.982653,10000000,98.2653,X]
[48,F,0.989542,00100000,98.9542,X]
[122,F,0.992577,00000010,99.2577,X]
GUIDE_TREE_PARTITION1=(((((t1:45.68,t2:45.68):0.19,t3:45.87):38.99,t4:84.86):3.74,(t5:69.01,t6:69.01):19.59):11.4,(t7:0.84,t8:0.84):99.16);
