Taxa bit representation:
t1 10000000
t2 01000000
t3 00100000
t4 00010000
t5 00001000
t6 00000100
t7 00000010
t8 00000001
Clade List (<taxon members> = <clade name>): 

>Dataset_0
[24,F,0.103516,00000011,10.3516,X]
[0,F,0.104492,11111100,10.4492,X]
[25,F,0.15918,00000011,15.918,X]
[1,F,0.17618,11110000,17.618,X]
[26,F,0.206825,00000010,20.6825,X]
[17,F,0.233797,00001100,23.3797,X]
[2,F,0.263094,11110000,26.3094,X]
[27,F,0.3162,00000010,31.62,X]
[28,F,0.366981,00000010,36.6981,X]
[18,F,0.387117,00001100,38.7117,X]
[3,F,0.401816,11100000,40.1816,X]
[4,F,0.414511,11100000,41.4511,X]
[5,F,0.416464,11100000,41.6464,X]
[36,F,0.480263,00000001,48.0263,X]
[6,F,0.525839,11100000,52.5839,X]
[29,F,0.568153,00000010,56.8153,X]
[30,F,0.577919,00000010,57.7919,X]
[31,F,0.618934,00000010,61.8934,X]
[32,F,0.629677,00000010,62.9677,X]
[37,F,0.654091,00000001,65.4091,X]
[11,F,0.654894,00100000,65.4894,X]
[19,F,0.657625,00001100,65.7625,X]
[7,F,0.701769,11000000,70.1769,X]
[38,F,0.704872,00000001,70.4872,X]
[33,F,0.759559,00000010,75.9559,X]
[39,F,0.769325,00000001,76.9325,X]
[12,F,0.772081,00100000,77.2081,X]
[20,F,0.796297,00001100,79.6297,X]
[34,F,0.797645,00000010,79.7645,X]
[40,F,0.804481,00000001,80.4481,X]
[13,F,0.813097,00100000,81.3097,X]
[8,F,0.828722,11000000,82.8722,X]
[41,F,0.839638,00000001,83.9638,X]
[21,F,0.848477,00001000,84.8477,X]
[22,F,0.85043,00000100,85.043,X]
[16,F,0.861777,00010000,86.1777,X]
[14,F,0.870714,00100000,87.0714,X]
[15,F,0.895128,00100000,89.5128,X]
[35,F,0.900184,00000010,90.0184,X]
[23,F,0.902188,00000100,90.2188,X]
[9,F,0.966295,10000000,96.6295,X]
[10,F,0.98778,01000000,98.778,X]
GUIDE_TREE_PARTITION1=(((((t1:4.64,t2:4.64):35.73,t3:40.37):23.55,t4:63.92):21.88,(t5:15.25,t6:15.25):70.55):14.2,(t7:80.88,t8:80.88):19.12);
