Taxa bit representation:
t1 10000000
t2 01000000
t3 00100000
t4 00010000
t5 00001000
t6 00000100
t7 00000010
t8 00000001
Clade List (<taxon members> = <clade name>): 

>Dataset_0
[42,F,0.0429688,00000011,4.29688,X]
[28,F,0.0670063,00001100,6.70063,X]
[52,F,0.175458,00000001,17.5458,X]
[29,F,0.1881,00001100,18.81,X]
[53,F,0.203778,00000001,20.3778,X]
[54,F,0.225263,00000001,22.5263,X]
[0,F,0.28358,11100000,28.358,X]
[55,F,0.321942,00000001,32.1942,X]
[56,F,0.353192,00000001,35.3192,X]
[1,F,0.357798,11100000,35.7798,X]
[30,F,0.368764,00001100,36.8764,X]
[43,F,0.382489,00000010,38.2489,X]
[57,F,0.385419,00000001,38.5419,X]
[31,F,0.398061,00001100,39.8061,X]
[2,F,0.398083,11000000,39.8083,X]
[20,F,0.412486,00010000,41.2486,X]
[21,F,0.421275,00010000,42.1275,X]
[3,F,0.449841,11000000,44.9841,X]
[22,F,0.461314,00010000,46.1314,X]
[11,F,0.491833,00100000,49.1833,X]
[44,F,0.522138,00000010,52.2138,X]
[45,F,0.536786,00000010,53.6786,X]
[12,F,0.543591,00100000,54.3591,X]
[13,F,0.553356,00100000,55.3356,X]
[4,F,0.559216,11000000,55.9216,X]
[46,F,0.560223,00000010,56.0223,X]
[5,F,0.561169,11000000,56.1169,X]
[32,F,0.569936,00001100,56.9936,X]
[23,F,0.572642,00010000,57.2642,X]
[58,F,0.58952,00000001,58.952,X]
[33,F,0.599678,00001000,59.9678,X]
[14,F,0.61195,00100000,61.195,X]
[47,F,0.612958,00000010,61.2958,X]
[37,F,0.627998,00000100,62.7998,X]
[24,F,0.631236,00010000,63.1236,X]
[6,F,0.653942,11000000,65.3942,X]
[59,F,0.666669,00000001,66.6669,X]
[25,F,0.711314,00010000,71.1314,X]
[34,F,0.724678,00001000,72.4678,X]
[15,F,0.725231,00100000,72.5231,X]
[60,F,0.725263,00000001,72.5263,X]
[48,F,0.733075,00000010,73.3075,X]
[35,F,0.73542,00001000,73.542,X]
[49,F,0.752606,00000010,75.2606,X]
[38,F,0.770577,00000100,77.0577,X]
[26,F,0.776744,00010000,77.6744,X]
[16,F,0.779919,00100000,77.9919,X]
[39,F,0.82917,00000100,82.917,X]
[50,F,0.84245,00000010,84.245,X]
[7,F,0.899267,01000000,89.9267,X]
[17,F,0.902966,00100000,90.2966,X]
[8,F,0.911963,01000000,91.1963,X]
[9,F,0.919775,01000000,91.9775,X]
[40,F,0.92292,00000100,92.292,X]
[41,F,0.943428,00000100,94.3428,X]
[51,F,0.947919,00000010,94.7919,X]
[18,F,0.95277,00100000,95.277,X]
[36,F,0.959053,00001000,95.9053,X]
[19,F,0.973278,00100000,97.3278,X]
[27,F,0.978892,00010000,97.8892,X]
[10,F,0.982275,01000000,98.2275,X]
GUIDE_TREE_PARTITION1=(((((t1:12.71,t2:12.71):47.97,t3:60.68):20.63,t4:81.31):12.38,(t5:41.79,t6:41.79):51.9):6.31,(t7:93.88,t8:93.88):6.12);
