Taxa bit representation:
t1 10000000
t2 01000000
t3 00100000
t4 00010000
t5 00001000
t6 00000100
t7 00000010
t8 00000001
Clade List (<taxon members> = <clade name>): 

>Dataset_0
[0,F,0.00292969,11110000,0.292969,X]
[32,F,0.0917969,00001111,9.17969,X]
[1,F,0.101562,11110000,10.1562,X]
[2,F,0.133789,11110000,13.3789,X]
[33,F,0.161133,00001111,16.1133,X]
[3,F,0.204102,11110000,20.4102,X]
[4,F,0.248047,11110000,24.8047,X]
[5,F,0.274414,11110000,27.4414,X]
[6,F,0.300781,11110000,30.0781,X]
[34,F,0.34668,00001111,34.668,X]
[7,F,0.358398,11110000,35.8398,X]
[8,F,0.369141,11110000,36.9141,X]
[35,F,0.400391,00001111,40.0391,X]
[36,F,0.40332,00001111,40.332,X]
[37,F,0.405273,00001111,40.5273,X]
[9,F,0.415039,11110000,41.5039,X]
[10,F,0.4375,11110000,43.75,X]
[11,F,0.462891,11110000,46.2891,X]
[12,F,0.467773,11110000,46.7773,X]
[38,F,0.479492,00001111,47.9492,X]
[19,F,0.516427,00110000,51.6427,X]
[20,F,0.555489,00110000,55.5489,X]
[21,F,0.556466,00110000,55.6466,X]
[39,F,0.564453,00001111,56.4453,X]
[22,F,0.575997,00110000,57.5997,X]
[13,F,0.626778,11000000,62.6778,X]
[40,F,0.634766,00001111,63.4766,X]
[41,F,0.691406,00001111,69.1406,X]
[23,F,0.725645,00100000,72.5645,X]
[24,F,0.728575,00100000,72.8575,X]
[25,F,0.762755,00100000,76.2755,X]
[42,F,0.807617,00001111,80.7617,X]
[14,F,0.838692,11000000,83.8692,X]
[26,F,0.84088,00100000,84.088,X]
[27,F,0.8692,00100000,86.92,X]
[15,F,0.890653,10000000,89.0653,X]
[28,F,0.893614,00100000,89.3614,X]
[30,F,0.905333,00010000,90.5333,X]
[16,F,0.930692,10000000,93.0692,X]
[31,F,0.935606,00010000,93.5606,X]
[18,F,0.966825,01000000,96.6825,X]
[17,F,0.984403,10000000,98.4403,X]
[43,F,0.985509,00001100,98.5509,X]
[29,F,0.999083,00100000,99.9083,X]
[44,F,0.999677,00000100,99.9677,X]
GUIDE_TREE_PARTITION1=(((t1:11.13,t2:11.13):40.45,(t3:31.83,t4:31.83):19.75):48.42,((t5:0.13,t6:0.13):11.28,(t7:2.39,t8:2.39):9.02):88.59);
