Taxa bit representation:
t1 10000000
t2 01000000
t3 00100000
t4 00010000
t5 00001000
t6 00000100
t7 00000010
t8 00000001
Clade List (<taxon members> = <clade name>): 

>Dataset_0
[0,F,0.251953,11110000,25.1953,X]
[1,F,0.320312,11110000,32.0312,X]
[9,F,0.375,00001111,37.5,X]
[10,F,0.397461,00001111,39.7461,X]
[2,F,0.447266,11110000,44.7266,X]
[3,F,0.46875,11110000,46.875,X]
[4,F,0.546069,11000000,54.6069,X]
[12,F,0.551973,00000100,55.1973,X]
[5,F,0.59978,11000000,59.978,X]
[6,F,0.605706,10000000,60.5706,X]
[13,F,0.618978,00000011,61.8978,X]
[7,F,0.6643,10000000,66.43,X]
[14,F,0.899252,00000011,89.9252,X]
[11,F,0.92502,00001000,92.502,X]
[8,F,0.938217,00010000,93.8217,X]
GUIDE_TREE_PARTITION1=(((t1:39.82,t2:39.82):9.87,(t3:24.44,t4:24.44):25.25):50.31,((t5:47.83,t6:47.83):10.78,(t7:5.63,t8:5.63):52.98):41.39);
