Taxa bit representation:
t1 10000000
t2 01000000
t3 00100000
t4 00010000
t5 00001000
t6 00000100
t7 00000010
t8 00000001
Clade List (<taxon members> = <clade name>): 

>Dataset_0
[0,F,0.0302734,11111100,3.02734,X]
[62,F,0.0361328,00000011,3.61328,X]
[1,F,0.0585938,11111100,5.85938,X]
[2,F,0.126953,11111100,12.6953,X]
[3,F,0.140625,11111100,14.0625,X]
[63,F,0.148438,00000011,14.8438,X]
[4,F,0.150391,11111100,15.0391,X]
[64,F,0.173828,00000011,17.3828,X]
[65,F,0.179688,00000011,17.9688,X]
[66,F,0.192383,00000011,19.2383,X]
[67,F,0.220703,00000011,22.0703,X]
[5,F,0.244159,11110000,24.4159,X]
[43,F,0.255878,00001100,25.5878,X]
[6,F,0.259784,11110000,25.9784,X]
[44,F,0.27248,00001100,27.248,X]
[68,F,0.307617,00000011,30.7617,X]
[7,F,0.323261,11110000,32.3261,X]
[45,F,0.33498,00001100,33.498,X]
[69,F,0.336914,00000011,33.6914,X]
[70,F,0.341797,00000011,34.1797,X]
[71,F,0.34375,00000011,34.375,X]
[8,F,0.347675,11110000,34.7675,X]
[72,F,0.401367,00000011,40.1367,X]
[73,F,0.405273,00000011,40.5273,X]
[9,F,0.440448,11110000,44.0448,X]
[10,F,0.456073,11110000,45.6073,X]
[74,F,0.469727,00000011,46.9727,X]
[34,F,0.48662,00010000,48.662,X]
[46,F,0.49123,00001100,49.123,X]
[47,F,0.492206,00001100,49.2206,X]
[11,F,0.511034,11100000,51.1034,X]
[23,F,0.52533,00100000,52.533,X]
[75,F,0.52832,00000011,52.832,X]
[76,F,0.540039,00000011,54.0039,X]
[35,F,0.546191,00010000,54.6191,X]
[77,F,0.548828,00000011,54.8828,X]
[78,F,0.551758,00000011,55.1758,X]
[24,F,0.559509,00100000,55.9509,X]
[36,F,0.560839,00010000,56.0839,X]
[79,F,0.579102,00000011,57.9102,X]
[80,F,0.589844,00000011,58.9844,X]
[37,F,0.599902,00010000,59.9902,X]
[48,F,0.601581,00001100,60.1581,X]
[12,F,0.603455,11000000,60.3455,X]
[49,F,0.606464,00001100,60.6464,X]
[13,F,0.61615,11000000,61.615,X]
[81,F,0.641336,00000010,64.1336,X]
[92,F,0.642313,00000001,64.2313,X]
[93,F,0.651102,00000001,65.1102,X]
[82,F,0.664773,00000010,66.4773,X]
[25,F,0.676697,00100000,67.6697,X]
[26,F,0.67865,00100000,67.865,X]
[50,F,0.690448,00001100,69.0448,X]
[94,F,0.709695,00000001,70.9695,X]
[14,F,0.714783,11000000,71.4783,X]
[95,F,0.718484,00000001,71.8484,X]
[15,F,0.718689,11000000,71.8689,X]
[51,F,0.725605,00001100,72.5605,X]
[16,F,0.729431,11000000,72.9431,X]
[96,F,0.732156,00000001,73.2156,X]
[27,F,0.735291,00100000,73.5291,X]
[52,F,0.737323,00001100,73.7323,X]
[83,F,0.743875,00000010,74.3875,X]
[17,F,0.747009,11000000,74.7009,X]
[97,F,0.747781,00000001,74.7781,X]
[38,F,0.748339,00010000,74.8339,X]
[58,F,0.761753,00000100,76.1753,X]
[53,F,0.770542,00001000,77.0542,X]
[84,F,0.778055,00000010,77.8055,X]
[98,F,0.779031,00000001,77.9031,X]
[28,F,0.789978,00100000,78.9978,X]
[54,F,0.790073,00001000,79.0073,X]
[39,F,0.793261,00010000,79.3261,X]
[18,F,0.794861,11000000,79.4861,X]
[19,F,0.808533,11000000,80.8533,X]
[29,F,0.808533,00100000,80.8533,X]
[40,F,0.814745,00010000,81.4745,X]
[59,F,0.816441,00000100,81.6441,X]
[41,F,0.817675,00010000,81.7675,X]
[20,F,0.830017,11000000,83.0017,X]
[30,F,0.839783,00100000,83.9783,X]
[21,F,0.844666,11000000,84.4666,X]
[31,F,0.845642,00100000,84.5642,X]
[85,F,0.848367,00000010,84.8367,X]
[55,F,0.85062,00001000,85.062,X]
[22,F,0.855408,11000000,85.5408,X]
[86,F,0.857156,00000010,85.7156,X]
[60,F,0.863316,00000100,86.3316,X]
[56,F,0.866245,00001000,86.6245,X]
[99,F,0.888406,00000001,88.8406,X]
[87,F,0.890359,00000010,89.0359,X]
[88,F,0.894266,00000010,89.4266,X]
[100,F,0.896219,00000001,89.6219,X]
[89,F,0.913797,00000010,91.3797,X]
[57,F,0.918003,00001000,91.8003,X]
[32,F,0.932556,00100000,93.2556,X]
[90,F,0.961648,00000010,96.1648,X]
[91,F,0.963602,00000010,96.3602,X]
[61,F,0.991245,00000100,99.1245,X]
[42,F,0.99248,00010000,99.248,X]
[33,F,0.995056,00100000,99.5056,X]
GUIDE_TREE_PARTITION1=(((((t1:2.4,t2:2.4):45.36,t3:47.76):6.41,t4:54.17):22,(t5:24.02,t6:24.02):52.15):23.83,(t7:36.55,t8:36.55):63.45);
