Taxa bit representation:
t1 10000000
t2 01000000
t3 00100000
t4 00010000
t5 00001000
t6 00000100
t7 00000010
t8 00000001
Clade List (<taxon members> = <clade name>): 

>Dataset_0
[0,F,0.228516,11110000,22.8516,X]
[1,F,0.237305,11110000,23.7305,X]
[8,F,0.292028,00000011,29.2028,X]
[9,F,0.306677,00000011,30.6677,X]
[2,F,0.332031,11110000,33.2031,X]
[10,F,0.379919,00000011,37.9919,X]
[6,F,0.502966,00001100,50.2966,X]
[3,F,0.573219,11000000,57.3219,X]
[4,F,0.607398,11000000,60.7398,X]
[7,F,0.717781,00001000,71.7781,X]
[5,F,0.816383,00110000,81.6383,X]
[11,F,0.851294,00000010,85.1294,X]
[12,F,0.913794,00000010,91.3794,X]
[13,F,0.968481,00000010,96.8481,X]
[14,F,0.98313,00000010,98.313,X]
GUIDE_TREE_PARTITION1=(((t1:35.87,t2:35.87):7.98,(t3:6.21,t4:6.21):37.64):56.15,((t5:39.55,t6:39.55):36.13,(t7:51.98,t8:51.98):23.7):24.32);
