Taxa bit representation:
t1 10000000
t2 01000000
t3 00100000
t4 00010000
t5 00001000
t6 00000100
t7 00000010
t8 00000001
Clade List (<taxon members> = <clade name>): 

>Dataset_0
[46,F,0.0989953,00000010,9.89953,X]
[33,F,0.119706,00000100,11.9706,X]
[47,F,0.140011,00000010,14.0011,X]
[34,F,0.140214,00000100,14.0214,X]
[0,F,0.160672,11110000,16.0672,X]
[35,F,0.163652,00000100,16.3652,X]
[55,F,0.208984,00000001,20.8984,X]
[15,F,0.213189,00010000,21.3189,X]
[56,F,0.21875,00000001,21.875,X]
[36,F,0.245683,00000100,24.5683,X]
[1,F,0.280263,11000000,28.0263,X]
[48,F,0.303097,00000010,30.3097,X]
[37,F,0.307206,00000100,30.7206,X]
[16,F,0.328423,00010000,32.8423,X]
[27,F,0.330594,00001000,33.0594,X]
[17,F,0.344048,00010000,34.4048,X]
[12,F,0.355458,00100000,35.5458,X]
[38,F,0.360917,00000100,36.0917,X]
[28,F,0.389188,00001000,38.9188,X]
[29,F,0.395047,00001000,39.5047,X]
[39,F,0.396073,00000100,39.6073,X]
[49,F,0.404659,00000010,40.4659,X]
[40,F,0.465409,00000100,46.5409,X]
[18,F,0.480767,00010000,48.0767,X]
[13,F,0.485341,00100000,48.5341,X]
[2,F,0.492177,11000000,49.2177,X]
[19,F,0.493463,00010000,49.3463,X]
[20,F,0.528619,00010000,52.8619,X]
[21,F,0.533502,00010000,53.3502,X]
[41,F,0.537675,00000100,53.7675,X]
[3,F,0.544491,10000000,54.4491,X]
[22,F,0.558892,00010000,55.8892,X]
[50,F,0.559933,00000010,55.9933,X]
[51,F,0.594113,00000010,59.4113,X]
[23,F,0.596978,00010000,59.6978,X]
[52,F,0.612667,00000010,61.2667,X]
[4,F,0.620663,10000000,62.0663,X]
[24,F,0.639947,00010000,63.9947,X]
[5,F,0.679256,10000000,67.9256,X]
[42,F,0.680253,00000100,68.0253,X]
[10,F,0.695858,01000000,69.5858,X]
[25,F,0.698541,00010000,69.8541,X]
[53,F,0.721066,00000010,72.1066,X]
[6,F,0.779842,10000000,77.9842,X]
[54,F,0.801144,00000010,80.1144,X]
[7,F,0.809139,10000000,80.9139,X]
[26,F,0.810845,00010000,81.0845,X]
[30,F,0.815945,00001000,81.5945,X]
[57,F,0.819336,00000001,81.9336,X]
[8,F,0.824764,10000000,82.4764,X]
[43,F,0.83455,00000100,83.455,X]
[31,F,0.838406,00001000,83.8406,X]
[32,F,0.845242,00001000,84.5242,X]
[44,F,0.86873,00000100,86.873,X]
[58,F,0.873047,00000001,87.3047,X]
[14,F,0.918934,00100000,91.8934,X]
[11,F,0.927303,01000000,92.7303,X]
[45,F,0.938066,00000100,93.8066,X]
[59,F,0.956055,00000001,95.6055,X]
[9,F,0.983944,10000000,98.3944,X]
GUIDE_TREE_PARTITION1=(((((((t1:48.09,t2:48.09):27.79,t3:75.88):3.68,t4:79.56):5.74,t5:85.3):3.12,t6:88.42):2.95,t7:91.37):8.63,t8:100);
