Taxa bit representation:
t1 10000000
t2 01000000
t3 00100000
t4 00010000
t5 00001000
t6 00000100
t7 00000010
t8 00000001
Clade List (<taxon members> = <clade name>): 

>Dataset_0
[0,F,0.00488281,11110000,0.488281,X]
[1,F,0.0380859,11110000,3.80859,X]
[55,F,0.0693359,00001111,6.93359,X]
[2,F,0.0732422,11110000,7.32422,X]
[3,F,0.110352,11110000,11.0352,X]
[56,F,0.118164,00001111,11.8164,X]
[57,F,0.119141,00001111,11.9141,X]
[58,F,0.145508,00001111,14.5508,X]
[4,F,0.18457,11110000,18.457,X]
[5,F,0.1875,11110000,18.75,X]
[6,F,0.209961,11110000,20.9961,X]
[7,F,0.229492,11110000,22.9492,X]
[59,F,0.229492,00001111,22.9492,X]
[8,F,0.240234,11110000,24.0234,X]
[60,F,0.246094,00001111,24.6094,X]
[61,F,0.248047,00001111,24.8047,X]
[62,F,0.266602,00001111,26.6602,X]
[63,F,0.267578,00001111,26.7578,X]
[64,F,0.291016,00001111,29.1016,X]
[9,F,0.311523,11110000,31.1523,X]
[10,F,0.325195,11110000,32.5195,X]
[11,F,0.34082,11110000,34.082,X]
[12,F,0.369141,11110000,36.9141,X]
[13,F,0.388672,11110000,38.8672,X]
[65,F,0.392578,00001111,39.2578,X]
[14,F,0.453125,11110000,45.3125,X]
[15,F,0.463867,11110000,46.3867,X]
[16,F,0.505859,11110000,50.5859,X]
[66,F,0.522461,00001111,52.2461,X]
[17,F,0.53418,11110000,53.418,X]
[18,F,0.55957,11110000,55.957,X]
[19,F,0.572266,11110000,57.2266,X]
[34,F,0.597855,00110000,59.7855,X]
[67,F,0.600622,00001000,60.0622,X]
[20,F,0.603714,11000000,60.3714,X]
[68,F,0.610387,00001000,61.0388,X]
[35,F,0.611036,00100000,61.1036,X]
[21,F,0.616409,11000000,61.6409,X]
[22,F,0.617386,11000000,61.7386,X]
[42,F,0.622755,00010000,62.2755,X]
[77,F,0.632848,00000100,63.2848,X]
[36,F,0.653028,00100000,65.3028,X]
[87,F,0.655194,00000011,65.5194,X]
[78,F,0.660192,00000100,66.0192,X]
[43,F,0.667677,00010000,66.7677,X]
[88,F,0.686183,00000010,68.6183,X]
[44,F,0.688184,00010000,68.8184,X]
[89,F,0.697902,00000010,69.7902,X]
[95,F,0.699855,00000001,69.9855,X]
[90,F,0.702784,00000010,70.2784,X]
[37,F,0.704786,00100000,70.4786,X]
[45,F,0.708692,00010000,70.8692,X]
[23,F,0.716019,11000000,71.6019,X]
[38,F,0.728223,00100000,72.8223,X]
[79,F,0.729528,00000100,72.9528,X]
[80,F,0.748083,00000100,74.8083,X]
[24,F,0.756058,11000000,75.6058,X]
[96,F,0.761378,00000001,76.1378,X]
[69,F,0.761755,00001000,76.1755,X]
[97,F,0.770167,00000001,77.0167,X]
[70,F,0.773473,00001000,77.3473,X]
[98,F,0.788722,00000001,78.8722,X]
[25,F,0.792191,11000000,79.2191,X]
[39,F,0.792677,00100000,79.2677,X]
[46,F,0.805372,00010000,80.5372,X]
[81,F,0.809606,00000100,80.9606,X]
[99,F,0.818995,00000001,81.8995,X]
[40,F,0.823927,00100000,82.3927,X]
[82,F,0.832067,00000100,83.2067,X]
[47,F,0.833692,00010000,83.3692,X]
[100,F,0.836573,00000001,83.6573,X]
[48,F,0.845411,00010000,84.5411,X]
[49,F,0.846388,00010000,84.6388,X]
[91,F,0.850245,00000010,85.0245,X]
[71,F,0.854528,00001000,85.4528,X]
[50,F,0.868848,00010000,86.8848,X]
[26,F,0.883011,11000000,88.3011,X]
[92,F,0.886378,00000010,88.6378,X]
[27,F,0.887894,11000000,88.7894,X]
[51,F,0.892286,00010000,89.2286,X]
[52,F,0.893263,00010000,89.3263,X]
[83,F,0.897497,00000100,89.7497,X]
[28,F,0.908402,11000000,90.8402,X]
[72,F,0.910192,00001000,91.0192,X]
[41,F,0.914747,00100000,91.4747,X]
[29,F,0.924089,10000000,92.4089,X]
[32,F,0.927995,01000000,92.7995,X]
[73,F,0.936559,00001000,93.6559,X]
[53,F,0.937208,00010000,93.7208,X]
[84,F,0.937536,00000100,93.7536,X]
[85,F,0.938512,00000100,93.8512,X]
[101,F,0.941066,00000001,94.1066,X]
[93,F,0.942042,00000010,94.2042,X]
[33,F,0.944597,01000000,94.4597,X]
[102,F,0.945948,00000001,94.5948,X]
[74,F,0.951208,00001000,95.1208,X]
[30,F,0.958269,10000000,95.8269,X]
[31,F,0.959245,10000000,95.9245,X]
[75,F,0.959997,00001000,95.9997,X]
[86,F,0.959997,00000100,95.9997,X]
[103,F,0.969386,00000001,96.9386,X]
[54,F,0.970411,00010000,97.0411,X]
[76,F,0.977575,00001000,97.7575,X]
[94,F,0.985011,00000010,98.5011,X]
[104,F,0.987941,00000001,98.7941,X]
GUIDE_TREE_PARTITION1=(((t1:8.47,t2:8.47):33.6,(t3:39.58,t4:39.58):2.49):57.93,((t5:44.43,t6:44.43):2.16,(t7:31.87,t8:31.87):14.72):53.41);
