Taxa bit representation:
t1 10000000
t2 01000000
t3 00100000
t4 00010000
t5 00001000
t6 00000100
t7 00000010
t8 00000001
Clade List (<taxon members> = <clade name>): 

>Dataset_0
[0,F,0.00976562,11111100,0.976562,X]
[76,F,0.0244141,00000011,2.44141,X]
[1,F,0.0302734,11111100,3.02734,X]
[2,F,0.0322266,11111100,3.22266,X]
[77,F,0.0546875,00000011,5.46875,X]
[78,F,0.078125,00000011,7.8125,X]
[3,F,0.0810547,11111100,8.10547,X]
[4,F,0.169922,11111100,16.9922,X]
[79,F,0.21875,00000011,21.875,X]
[80,F,0.222656,00000011,22.2656,X]
[5,F,0.245117,11111100,24.5117,X]
[81,F,0.245117,00000011,24.5117,X]
[6,F,0.25,11111100,25,X]
[48,F,0.297089,00001100,29.7089,X]
[109,F,0.300953,00000001,30.0953,X]
[82,F,0.302906,00000010,30.2906,X]
[49,F,0.305878,00001100,30.5878,X]
[83,F,0.313648,00000010,31.3648,X]
[50,F,0.31955,00001100,31.955,X]
[84,F,0.32732,00000010,32.732,X]
[7,F,0.343964,11110000,34.3964,X]
[110,F,0.355641,00000001,35.5641,X]
[63,F,0.358066,00000100,35.8066,X]
[51,F,0.364902,00001000,36.4902,X]
[52,F,0.373691,00001000,37.3691,X]
[8,F,0.383027,11110000,38.3027,X]
[111,F,0.384937,00000001,38.4937,X]
[85,F,0.386891,00000010,38.6891,X]
[86,F,0.39275,00000010,39.275,X]
[53,F,0.406894,00001000,40.6894,X]
[9,F,0.41037,11110000,41.037,X]
[54,F,0.41373,00001000,41.373,X]
[55,F,0.418612,00001000,41.8612,X]
[64,F,0.434237,00000100,43.4237,X]
[112,F,0.442555,00000001,44.2555,X]
[10,F,0.448456,11110000,44.8456,X]
[87,F,0.45525,00000010,45.525,X]
[11,F,0.459198,11110000,45.9198,X]
[88,F,0.463062,00000010,46.3062,X]
[113,F,0.464039,00000001,46.4039,X]
[56,F,0.481112,00001000,48.1112,X]
[89,F,0.48943,00000010,48.943,X]
[65,F,0.497714,00000100,49.7714,X]
[66,F,0.503573,00000100,50.3573,X]
[90,F,0.511891,00000010,51.1891,X]
[114,F,0.516773,00000001,51.6773,X]
[91,F,0.529469,00000010,52.9469,X]
[115,F,0.537281,00000001,53.7281,X]
[12,F,0.561484,11100000,56.1484,X]
[67,F,0.56412,00000100,56.412,X]
[13,F,0.566367,11100000,56.6367,X]
[14,F,0.569297,11100000,56.9297,X]
[36,F,0.576133,00010000,57.6133,X]
[37,F,0.577109,00010000,57.7109,X]
[38,F,0.579063,00010000,57.9062,X]
[15,F,0.580039,11100000,58.0039,X]
[16,F,0.588828,11100000,58.8828,X]
[57,F,0.592441,00001000,59.2441,X]
[39,F,0.594688,00010000,59.4688,X]
[92,F,0.595875,00000010,59.5875,X]
[17,F,0.60543,11100000,60.543,X]
[93,F,0.607594,00000010,60.7594,X]
[116,F,0.626148,00000001,62.6148,X]
[68,F,0.636386,00000100,63.6386,X]
[94,F,0.63982,00000010,63.982,X]
[117,F,0.64568,00000001,64.568,X]
[29,F,0.657361,00100000,65.7361,X]
[118,F,0.657398,00000001,65.7398,X]
[58,F,0.65787,00001000,65.787,X]
[95,F,0.661305,00000010,66.1305,X]
[40,F,0.665977,00010000,66.5977,X]
[96,F,0.666187,00000010,66.6187,X]
[97,F,0.667164,00000010,66.7164,X]
[18,F,0.672009,11000000,67.2009,X]
[119,F,0.697437,00000001,69.7437,X]
[120,F,0.698414,00000001,69.8414,X]
[19,F,0.704236,11000000,70.4236,X]
[69,F,0.716464,00000100,71.6464,X]
[98,F,0.719898,00000010,71.9898,X]
[20,F,0.72572,11000000,72.572,X]
[121,F,0.737477,00000001,73.7477,X]
[21,F,0.744275,11000000,74.4275,X]
[70,F,0.744784,00000100,74.4784,X]
[122,F,0.755055,00000001,75.5055,X]
[30,F,0.765759,00100000,76.5759,X]
[41,F,0.766563,00010000,76.6562,X]
[123,F,0.766773,00000001,76.6773,X]
[59,F,0.769198,00001000,76.9198,X]
[42,F,0.774375,00010000,77.4375,X]
[99,F,0.775562,00000010,77.5562,X]
[71,F,0.777011,00000100,77.7011,X]
[43,F,0.782188,00010000,78.2188,X]
[31,F,0.79115,00100000,79.115,X]
[72,F,0.791659,00000100,79.1659,X]
[32,F,0.792127,00100000,79.2127,X]
[100,F,0.799,00000010,79.9,X]
[24,F,0.80093,01000000,80.093,X]
[124,F,0.807789,00000001,80.7789,X]
[33,F,0.809705,00100000,80.9705,X]
[25,F,0.817531,01000000,81.7531,X]
[101,F,0.818531,00000010,81.8531,X]
[26,F,0.819484,01000000,81.9484,X]
[60,F,0.821933,00001000,82.1933,X]
[125,F,0.822437,00000001,82.2437,X]
[44,F,0.826133,00010000,82.6133,X]
[22,F,0.82925,10000000,82.925,X]
[126,F,0.835133,00000001,83.5133,X]
[127,F,0.841969,00000001,84.1969,X]
[73,F,0.858066,00000100,85.8066,X]
[128,F,0.863453,00000001,86.3453,X]
[74,F,0.864902,00000100,86.4902,X]
[61,F,0.864902,00001000,86.4902,X]
[129,F,0.875172,00000001,87.5172,X]
[62,F,0.87662,00001000,87.662,X]
[130,F,0.881031,00000001,88.1031,X]
[102,F,0.882008,00000010,88.2008,X]
[75,F,0.88248,00000100,88.248,X]
[45,F,0.892539,00010000,89.2539,X]
[103,F,0.909352,00000010,90.9352,X]
[27,F,0.914211,01000000,91.4211,X]
[131,F,0.916187,00000001,91.6187,X]
[132,F,0.924,00000001,92.4,X]
[34,F,0.924939,00100000,92.4939,X]
[104,F,0.929859,00000010,92.9859,X]
[35,F,0.935681,00100000,93.5681,X]
[46,F,0.939414,00010000,93.9414,X]
[47,F,0.94625,00010000,94.625,X]
[105,F,0.947437,00000010,94.7437,X]
[28,F,0.959133,01000000,95.9133,X]
[106,F,0.976734,00000010,97.6734,X]
[107,F,0.990406,00000010,99.0406,X]
[23,F,0.993313,10000000,99.3313,X]
[108,F,0.997242,00000010,99.7242,X]
GUIDE_TREE_PARTITION1=(((((t1:20.2,t2:20.2):16.31,t3:36.51):9.49,t4:46):25.17,(t5:65.17,t6:65.17):6):28.83,(t7:70.1,t8:70.1):29.9);
