Taxa bit representation:
t1 10000000
t2 01000000
t3 00100000
t4 00010000
t5 00001000
t6 00000100
t7 00000010
t8 00000001
Clade List (<taxon members> = <clade name>): 

>Dataset_0
[20,F,0.0957031,00000001,9.57031,X]
[14,F,0.148542,00000010,14.8542,X]
[0,F,0.239363,11111100,23.9363,X]
[1,F,0.313083,11111000,31.3083,X]
[9,F,0.360391,00001000,36.0391,X]
[15,F,0.466902,00000010,46.6902,X]
[12,F,0.505466,00000100,50.5466,X]
[16,F,0.507917,00000010,50.7917,X]
[17,F,0.50987,00000010,50.987,X]
[5,F,0.516447,00010000,51.6447,X]
[6,F,0.533048,00010000,53.3048,X]
[18,F,0.546003,00000010,54.6003,X]
[21,F,0.649414,00000001,64.9414,X]
[22,F,0.805664,00000001,80.5664,X]
[7,F,0.818205,00010000,81.8205,X]
[19,F,0.82237,00000010,82.237,X]
[10,F,0.825234,00001000,82.5234,X]
[23,F,0.828125,00000001,82.8125,X]
[11,F,0.852578,00001000,85.2578,X]
[8,F,0.880705,00010000,88.0705,X]
[13,F,0.919528,00000100,91.9528,X]
[2,F,0.951944,01000000,95.1944,X]
[3,F,0.963662,01000000,96.3662,X]
[4,F,0.987511,00100000,98.7511,X]
GUIDE_TREE_PARTITION1=(((((((t1:7.54,t2:7.54):5.33,t3:12.87):47.79,t4:60.66):5.84,t5:66.5):8.93,t6:75.43):17.04,t7:92.47):7.53,t8:100);
