Taxa bit representation:
t1 10000000
t2 01000000
t3 00100000
t4 00010000
t5 00001000
t6 00000100
t7 00000010
t8 00000001
Clade List (<taxon members> = <clade name>): 

>Dataset_0
[87,F,0.0205078,00000001,2.05078,X]
[0,F,0.0321953,11111100,3.21953,X]
[62,F,0.0497734,00000010,4.97734,X]
[88,F,0.0507812,00000001,5.07812,X]
[63,F,0.0595391,00000010,5.95391,X]
[89,F,0.0664062,00000001,6.64062,X]
[90,F,0.0800781,00000001,8.00781,X]
[1,F,0.103484,11111100,10.3484,X]
[64,F,0.11032,00000010,11.032,X]
[65,F,0.11325,00000010,11.325,X]
[91,F,0.129883,00000001,12.9883,X]
[2,F,0.135711,11111100,13.5711,X]
[92,F,0.152344,00000001,15.2344,X]
[93,F,0.178711,00000001,17.8711,X]
[3,F,0.188445,11111100,18.8445,X]
[4,F,0.20993,11111100,20.993,X]
[66,F,0.216766,00000010,21.6766,X]
[94,F,0.220703,00000001,22.0703,X]
[95,F,0.240234,00000001,24.0234,X]
[96,F,0.248047,00000001,24.8047,X]
[67,F,0.264617,00000010,26.4617,X]
[5,F,0.26657,11111100,26.657,X]
[68,F,0.2695,00000010,26.95,X]
[69,F,0.270477,00000010,27.0477,X]
[70,F,0.277313,00000010,27.7313,X]
[47,F,0.30233,00000100,30.233,X]
[97,F,0.318359,00000001,31.8359,X]
[48,F,0.320884,00000100,32.0884,X]
[98,F,0.349609,00000001,34.9609,X]
[71,F,0.377898,00000010,37.7898,X]
[72,F,0.382781,00000010,38.2781,X]
[99,F,0.411133,00000001,41.1133,X]
[73,F,0.413055,00000010,41.3055,X]
[74,F,0.426727,00000010,42.6727,X]
[100,F,0.429688,00000001,42.9688,X]
[101,F,0.444336,00000001,44.4336,X]
[6,F,0.45272,11111000,45.272,X]
[49,F,0.469322,00000100,46.9322,X]
[50,F,0.477134,00000100,47.7134,X]
[51,F,0.491783,00000100,49.1783,X]
[75,F,0.499969,00000010,49.9969,X]
[76,F,0.501922,00000010,50.1922,X]
[52,F,0.506431,00000100,50.6431,X]
[7,F,0.507408,11111000,50.7408,X]
[53,F,0.511314,00000100,51.1314,X]
[8,F,0.517173,11111000,51.7173,X]
[54,F,0.539634,00000100,53.9634,X]
[55,F,0.542564,00000100,54.2564,X]
[102,F,0.545898,00000001,54.5898,X]
[56,F,0.54647,00000100,54.647,X]
[9,F,0.553283,11110000,55.3283,X]
[34,F,0.557189,00001000,55.7189,X]
[77,F,0.559539,00000010,55.9539,X]
[57,F,0.566978,00000100,56.6978,X]
[35,F,0.568908,00001000,56.8908,X]
[78,F,0.569305,00000010,56.9305,X]
[58,F,0.574791,00000100,57.4791,X]
[28,F,0.579802,00010000,57.9802,X]
[79,F,0.581023,00000010,58.1023,X]
[80,F,0.586883,00000010,58.6883,X]
[29,F,0.604216,00010000,60.4216,X]
[10,F,0.609098,11100000,60.9098,X]
[36,F,0.6109,00001000,61.09,X]
[37,F,0.626525,00001000,62.6525,X]
[11,F,0.643278,11100000,64.3278,X]
[38,F,0.649963,00001000,64.9963,X]
[12,F,0.650114,11100000,65.0114,X]
[103,F,0.658203,00000001,65.8203,X]
[39,F,0.660705,00001000,66.0705,X]
[81,F,0.663055,00000010,66.3055,X]
[82,F,0.668914,00000010,66.8914,X]
[104,F,0.669922,00000001,66.9922,X]
[13,F,0.673552,11100000,67.3552,X]
[105,F,0.685547,00000001,68.5547,X]
[30,F,0.703825,00010000,70.3825,X]
[83,F,0.70407,00000010,70.407,X]
[106,F,0.707031,00000001,70.7031,X]
[59,F,0.710533,00000100,71.0533,X]
[14,F,0.727263,11100000,72.7263,X]
[40,F,0.731994,00001000,73.1994,X]
[60,F,0.749595,00000100,74.9595,X]
[22,F,0.752031,00100000,75.2031,X]
[107,F,0.759766,00000001,75.9766,X]
[15,F,0.779375,11000000,77.9375,X]
[23,F,0.796953,00100000,79.6953,X]
[61,F,0.806236,00000100,80.6236,X]
[24,F,0.816484,00100000,81.6484,X]
[108,F,0.826172,00000001,82.6172,X]
[84,F,0.827117,00000010,82.7117,X]
[41,F,0.833556,00001000,83.3556,X]
[16,F,0.835039,11000000,83.5039,X]
[109,F,0.835938,00000001,83.5938,X]
[110,F,0.842773,00000001,84.2773,X]
[111,F,0.84668,00000001,84.668,X]
[85,F,0.847625,00000010,84.7625,X]
[17,F,0.856523,11000000,85.6523,X]
[25,F,0.864336,00100000,86.4336,X]
[42,F,0.877502,00001000,87.7502,X]
[31,F,0.884489,00010000,88.4489,X]
[43,F,0.888244,00001000,88.8244,X]
[18,F,0.89168,11000000,89.168,X]
[19,F,0.904375,11000000,90.4375,X]
[32,F,0.911833,00010000,91.1833,X]
[26,F,0.92,00100000,92,X]
[44,F,0.924377,00001000,92.4377,X]
[27,F,0.927813,00100000,92.7813,X]
[20,F,0.927813,11000000,92.7813,X]
[33,F,0.946989,00010000,94.6989,X]
[112,F,0.959961,00000001,95.9961,X]
[45,F,0.961486,00001000,96.1486,X]
[21,F,0.971919,01000000,97.1919,X]
[86,F,0.98532,00000010,98.532,X]
[46,F,0.993713,00001000,99.3713,X]
GUIDE_TREE_PARTITION1=(((((((t1:3.98,t2:3.98):22.77,t3:26.75):16.93,t4:43.68):1.48,t5:45.16):24.9,t6:70.06):27.99,t7:98.05):1.95,t8:100);
