Taxa bit representation:
t1 10000000
t2 01000000
t3 00100000
t4 00010000
t5 00001000
t6 00000100
t7 00000010
t8 00000001
Clade List (<taxon members> = <clade name>): 

>Dataset_0
[0,F,0.00683594,11111100,0.683594,X]
[1,F,0.0927734,11111100,9.27734,X]
[2,F,0.294289,11110000,29.4289,X]
[13,F,0.302353,00001000,30.2353,X]
[14,F,0.32872,00001000,32.872,X]
[8,F,0.450055,00010000,45.0055,X]
[16,F,0.566025,00000100,56.6025,X]
[9,F,0.581891,00010000,58.1891,X]
[6,F,0.615048,00100000,61.5048,X]
[3,F,0.632627,11000000,63.2627,X]
[10,F,0.702984,00010000,70.2984,X]
[17,F,0.818955,00000100,81.8955,X]
[11,F,0.826031,00010000,82.6031,X]
[7,F,0.829892,00100000,82.9892,X]
[12,F,0.872906,00010000,87.2906,X]
[15,F,0.906845,00001000,90.6845,X]
[18,F,0.907227,00000011,90.7227,X]
[4,F,0.908797,01000000,90.8797,X]
[19,F,0.918013,00000010,91.8012,X]
[5,F,0.947859,01000000,94.7859,X]
[20,F,0.994184,00000001,99.4184,X]
GUIDE_TREE_PARTITION1=(((((t1:18.3,t2:18.3):40.41,t3:58.71):10.64,t4:69.35):8.35,(t5:76.21,t6:76.21):1.49):22.3,(t7:8.98,t8:8.98):91.02);
