Taxa bit representation:
t1 10000000
t2 01000000
t3 00100000
t4 00010000
t5 00001000
t6 00000100
t7 00000010
t8 00000001
Clade List (<taxon members> = <clade name>): 

>Dataset_0
[75,F,0.00585938,00001111,0.585938,X]
[76,F,0.0224609,00001111,2.24609,X]
[77,F,0.03125,00001111,3.125,X]
[78,F,0.0468594,00001100,4.68594,X]
[0,F,0.0761719,11110000,7.61719,X]
[111,F,0.0947109,00000011,9.47109,X]
[1,F,0.114258,11110000,11.4258,X]
[2,F,0.167969,11110000,16.7969,X]
[3,F,0.179559,11000000,17.9559,X]
[4,F,0.195184,11000000,19.5184,X]
[79,F,0.201156,00001100,20.1156,X]
[112,F,0.211898,00000011,21.1898,X]
[113,F,0.239242,00000011,23.9242,X]
[40,F,0.24353,00100000,24.353,X]
[5,F,0.280145,11000000,28.0145,X]
[59,F,0.283569,00010000,28.3569,X]
[114,F,0.286117,00000011,28.6117,X]
[41,F,0.286498,00100000,28.6498,X]
[80,F,0.291,00001100,29.1,X]
[81,F,0.302719,00001100,30.2719,X]
[82,F,0.311508,00001100,31.1508,X]
[115,F,0.314819,00000010,31.4819,X]
[128,F,0.317748,00000001,31.7748,X]
[60,F,0.324584,00010000,32.4584,X]
[83,F,0.333969,00001100,33.3969,X]
[129,F,0.33435,00000001,33.435,X]
[130,F,0.343139,00000001,34.3139,X]
[42,F,0.352905,00100000,35.2905,X]
[6,F,0.353388,11000000,35.3388,X]
[43,F,0.353881,00100000,35.3881,X]
[84,F,0.377914,00001100,37.7914,X]
[7,F,0.379755,11000000,37.9755,X]
[131,F,0.391967,00000001,39.1967,X]
[61,F,0.394897,00010000,39.4897,X]
[132,F,0.401733,00000001,40.1733,X]
[44,F,0.406616,00100000,40.6616,X]
[116,F,0.410522,00000010,41.0522,X]
[133,F,0.411498,00000001,41.1498,X]
[117,F,0.413452,00000010,41.3452,X]
[45,F,0.415405,00100000,41.5405,X]
[118,F,0.420287,00000010,42.0287,X]
[26,F,0.421027,01000000,42.1027,X]
[97,F,0.421089,00000100,42.1089,X]
[134,F,0.423217,00000001,42.3217,X]
[8,F,0.427863,10000000,42.7863,X]
[9,F,0.431769,10000000,43.1769,X]
[10,F,0.436652,10000000,43.6652,X]
[98,F,0.437691,00000100,43.7691,X]
[46,F,0.439819,00100000,43.9819,X]
[62,F,0.449584,00010000,44.9584,X]
[63,F,0.452514,00010000,45.2514,X]
[11,F,0.456183,10000000,45.6183,X]
[85,F,0.458198,00001000,45.8198,X]
[86,F,0.462105,00001000,46.2105,X]
[99,F,0.465034,00000100,46.5034,X]
[87,F,0.466011,00001000,46.6011,X]
[88,F,0.47187,00001000,47.187,X]
[12,F,0.474738,10000000,47.4738,X]
[89,F,0.475777,00001000,47.5777,X]
[100,F,0.476753,00000100,47.6753,X]
[101,F,0.47773,00000100,47.773,X]
[27,F,0.484503,01000000,48.4503,X]
[119,F,0.486694,00000010,48.6694,X]
[13,F,0.501105,10000000,50.1105,X]
[120,F,0.502319,00000010,50.2319,X]
[14,F,0.515753,10000000,51.5753,X]
[121,F,0.516967,00000010,51.6967,X]
[47,F,0.516967,00100000,51.6967,X]
[15,F,0.522589,10000000,52.2589,X]
[28,F,0.525519,01000000,52.5519,X]
[29,F,0.533331,01000000,53.3331,X]
[90,F,0.533394,00001000,53.3394,X]
[91,F,0.542183,00001000,54.2183,X]
[135,F,0.542358,00000001,54.2358,X]
[48,F,0.543334,00100000,54.3334,X]
[16,F,0.54505,10000000,54.505,X]
[17,F,0.547003,10000000,54.7003,X]
[64,F,0.549194,00010000,54.9194,X]
[65,F,0.5531,00010000,55.31,X]
[92,F,0.553902,00001000,55.3902,X]
[49,F,0.554077,00100000,55.4077,X]
[30,F,0.556769,01000000,55.6769,X]
[31,F,0.560675,01000000,56.0675,X]
[18,F,0.566534,10000000,56.6534,X]
[102,F,0.573433,00000100,57.3433,X]
[136,F,0.574584,00000001,57.4584,X]
[103,F,0.575386,00000100,57.5386,X]
[93,F,0.580269,00001000,58.0269,X]
[50,F,0.58728,00100000,58.728,X]
[122,F,0.589233,00000010,58.9233,X]
[51,F,0.598022,00100000,59.8022,X]
[19,F,0.61048,10000000,61.048,X]
[20,F,0.613409,10000000,61.3409,X]
[21,F,0.614386,10000000,61.4386,X]
[32,F,0.624152,01000000,62.4152,X]
[137,F,0.638061,00000001,63.8061,X]
[94,F,0.644722,00001000,64.4722,X]
[123,F,0.663452,00000010,66.3452,X]
[33,F,0.67005,01000000,67.005,X]
[66,F,0.674194,00010000,67.4194,X]
[52,F,0.67517,00100000,67.517,X]
[67,F,0.677123,00010000,67.7123,X]
[104,F,0.678902,00000100,67.8902,X]
[68,F,0.682983,00010000,68.2983,X]
[124,F,0.685912,00000010,68.5912,X]
[138,F,0.688842,00000001,68.8842,X]
[95,F,0.69355,00001000,69.355,X]
[139,F,0.695678,00000001,69.5678,X]
[105,F,0.711128,00000100,71.1128,X]
[34,F,0.722784,01000000,72.2784,X]
[140,F,0.744506,00000001,74.4506,X]
[106,F,0.751167,00000100,75.1167,X]
[141,F,0.756225,00000001,75.6225,X]
[142,F,0.767944,00000001,76.7944,X]
[53,F,0.77478,00100000,77.478,X]
[143,F,0.784545,00000001,78.4545,X]
[107,F,0.785347,00000100,78.5347,X]
[22,F,0.806769,10000000,80.6769,X]
[69,F,0.833373,00010000,83.3373,X]
[35,F,0.850714,01000000,85.0714,X]
[70,F,0.8656,00010000,86.56,X]
[54,F,0.86853,00100000,86.853,X]
[36,F,0.883917,01000000,88.3917,X]
[96,F,0.88398,00001000,88.398,X]
[144,F,0.887084,00000001,88.7084,X]
[71,F,0.890014,00010000,89.0014,X]
[145,F,0.89392,00000001,89.392,X]
[108,F,0.897652,00000100,89.7652,X]
[23,F,0.901495,10000000,90.1495,X]
[24,F,0.911261,10000000,91.1261,X]
[146,F,0.922241,00000001,92.2241,X]
[37,F,0.92298,01000000,92.298,X]
[125,F,0.923217,00000010,92.3217,X]
[147,F,0.923217,00000001,92.3217,X]
[55,F,0.9281,00100000,92.81,X]
[38,F,0.936652,01000000,93.6652,X]
[25,F,0.94837,10000000,94.837,X]
[109,F,0.949409,00000100,94.9409,X]
[126,F,0.955444,00000010,95.5444,X]
[72,F,0.966186,00010000,96.6186,X]
[56,F,0.970092,00100000,97.0092,X]
[73,F,0.971069,00010000,97.1069,X]
[148,F,0.973022,00000001,97.3022,X]
[57,F,0.983764,00100000,98.3764,X]
[110,F,0.988472,00000100,98.8472,X]
[58,F,0.9906,00100000,99.06,X]
[127,F,0.997436,00000010,99.7436,X]
[74,F,0.997436,00010000,99.7436,X]
[39,F,0.998175,01000000,99.8175,X]
GUIDE_TREE_PARTITION1=(((t1:61.12,t2:61.12):21.51,(t3:75.94,t4:75.94):6.69):17.37,((t5:58.77,t6:58.77):37.13,(t7:69.69,t8:69.69):26.21):4.1);
