Taxa bit representation:
t1 10000000
t2 01000000
t3 00100000
t4 00010000
t5 00001000
t6 00000100
t7 00000010
t8 00000001
Clade List (<taxon members> = <clade name>): 

>Dataset_0
[26,F,0.0429688,00000011,4.29688,X]
[27,F,0.109375,00000011,10.9375,X]
[28,F,0.114258,00000011,11.4258,X]
[29,F,0.171875,00000011,17.1875,X]
[30,F,0.177734,00000011,17.7734,X]
[31,F,0.208984,00000011,20.8984,X]
[32,F,0.269834,00000010,26.9834,X]
[39,F,0.309873,00000001,30.9873,X]
[0,F,0.311523,11111100,31.1523,X]
[40,F,0.319639,00000001,31.9639,X]
[41,F,0.326475,00000001,32.6475,X]
[42,F,0.343077,00000001,34.3077,X]
[33,F,0.419248,00000010,41.9248,X]
[19,F,0.421933,00001100,42.1933,X]
[20,F,0.467831,00001100,46.7831,X]
[34,F,0.535459,00000010,53.5459,X]
[1,F,0.548648,11000000,54.8648,X]
[15,F,0.572222,00010000,57.2222,X]
[2,F,0.586734,11000000,58.6734,X]
[3,F,0.606266,11000000,60.6266,X]
[43,F,0.62335,00000001,62.335,X]
[35,F,0.637022,00000010,63.7022,X]
[44,F,0.672178,00000001,67.2178,X]
[4,F,0.68732,11000000,68.732,X]
[36,F,0.693663,00000010,69.3663,X]
[5,F,0.715641,11000000,71.5641,X]
[6,F,0.729313,11000000,72.9313,X]
[7,F,0.741031,11000000,74.1031,X]
[45,F,0.74542,00000001,74.542,X]
[37,F,0.749327,00000010,74.9327,X]
[24,F,0.759916,00000100,75.9916,X]
[8,F,0.779117,11000000,77.9117,X]
[16,F,0.784136,00010000,78.4136,X]
[9,F,0.784977,11000000,78.4977,X]
[10,F,0.802236,10000000,80.2236,X]
[17,F,0.822222,00010000,82.2222,X]
[38,F,0.856748,00000010,85.6748,X]
[13,F,0.857242,00100000,85.7242,X]
[46,F,0.861631,00000001,86.1631,X]
[47,F,0.882139,00000001,88.2139,X]
[25,F,0.882962,00000100,88.2963,X]
[48,F,0.890928,00000001,89.0928,X]
[49,F,0.891905,00000001,89.1905,X]
[50,F,0.894834,00000001,89.4834,X]
[21,F,0.896634,00001000,89.6634,X]
[22,F,0.9064,00001000,90.64,X]
[14,F,0.922672,00100000,92.2672,X]
[11,F,0.943838,10000000,94.3838,X]
[12,F,0.957509,10000000,95.7509,X]
[18,F,0.983355,00010000,98.3355,X]
[23,F,0.998197,00001000,99.8197,X]
[51,F,0.999327,00000001,99.9327,X]
GUIDE_TREE_PARTITION1=(((((t1:20.46,t2:20.46):26.14,t3:46.6):6.92,t4:53.52):14.15,(t5:34.36,t6:34.36):33.31):32.33,(t7:78.29,t8:78.29):21.71);
