Taxa bit representation:
t1 10000000
t2 01000000
t3 00100000
t4 00010000
t5 00001000
t6 00000100
t7 00000010
t8 00000001
Clade List (<taxon members> = <clade name>): 

>Dataset_0
[0,F,0.00976562,11110000,0.976562,X]
[18,F,0.129348,00000011,12.9348,X]
[1,F,0.143555,11110000,14.3555,X]
[19,F,0.182083,00000011,18.2083,X]
[13,F,0.324008,00001000,32.4008,X]
[16,F,0.329867,00000100,32.9867,X]
[2,F,0.333148,11000000,33.3148,X]
[3,F,0.356586,11000000,35.6586,X]
[14,F,0.500766,00001000,50.0766,X]
[15,F,0.544711,00001000,54.4711,X]
[20,F,0.58052,00000011,58.052,X]
[4,F,0.581195,11000000,58.1195,X]
[21,F,0.633255,00000011,63.3255,X]
[8,F,0.640766,00110000,64.0766,X]
[17,F,0.676547,00000100,67.6547,X]
[11,F,0.686708,00010000,68.6708,X]
[23,F,0.700744,00000001,70.0744,X]
[6,F,0.714833,01000000,71.4833,X]
[7,F,0.767567,01000000,76.7567,X]
[12,F,0.835145,00010000,83.5145,X]
[22,F,0.854064,00000010,85.4064,X]
[9,F,0.931825,00100000,93.1825,X]
[5,F,0.950184,10000000,95.0184,X]
[10,F,0.971864,00100000,97.1864,X]
GUIDE_TREE_PARTITION1=(((t1:32.13,t2:32.13):36.02,(t3:33.38,t4:33.38):34.77):31.85,((t5:69.65,t6:69.65):18.88,(t7:32.66,t8:32.66):55.87):11.47);
