Taxa bit representation:
t1 10000000
t2 01000000
t3 00100000
t4 00010000
t5 00001000
t6 00000100
t7 00000010
t8 00000001
Clade List (<taxon members> = <clade name>): 

>Dataset_0
[0,F,0.0224609,11111100,2.24609,X]
[13,F,0.0820312,00000011,8.20312,X]
[14,F,0.0869141,00000011,8.69141,X]
[11,F,0.227244,00010000,22.7244,X]
[12,F,0.284861,00010000,28.4861,X]
[1,F,0.396189,11100000,39.6189,X]
[15,F,0.558594,00000011,55.8594,X]
[2,F,0.610322,10000000,61.0322,X]
[3,F,0.613252,01000000,61.3252,X]
[5,F,0.65452,00100000,65.452,X]
[6,F,0.662333,00100000,66.2333,X]
[16,F,0.671875,00000011,67.1875,X]
[7,F,0.721903,00100000,72.1903,X]
[8,F,0.769755,00100000,76.9755,X]
[9,F,0.78538,00100000,78.538,X]
[10,F,0.834208,00100000,83.4208,X]
[4,F,0.884736,01000000,88.4736,X]
GUIDE_TREE_PARTITION1=(((((t1:49.71,t2:49.71):0.17,t3:49.88):30.13,t4:80.01):11.08,(t5:65.78,t6:65.78):25.31):8.91,(t7:19.77,t8:19.77):80.23);
