Taxa bit representation:
t1 10000000
t2 01000000
t3 00100000
t4 00010000
t5 00001000
t6 00000100
t7 00000010
t8 00000001
Clade List (<taxon members> = <clade name>): 

>Dataset_0
[43,F,0.0791016,00000011,7.91016,X]
[26,F,0.123431,00001100,12.3431,X]
[44,F,0.132812,00000011,13.2812,X]
[27,F,0.133197,00001100,13.3197,X]
[45,F,0.141602,00000011,14.1602,X]
[46,F,0.199219,00000011,19.9219,X]
[0,F,0.204125,11100000,20.4125,X]
[33,F,0.208217,00000100,20.8217,X]
[47,F,0.225586,00000011,22.5586,X]
[1,F,0.31643,11100000,31.643,X]
[48,F,0.323242,00000011,32.3242,X]
[12,F,0.334008,00010000,33.4008,X]
[13,F,0.343773,00010000,34.3773,X]
[28,F,0.344936,00001000,34.4936,X]
[2,F,0.362328,11100000,36.2328,X]
[34,F,0.365444,00000100,36.5444,X]
[3,F,0.374047,11100000,37.4047,X]
[49,F,0.375,00000011,37.5,X]
[14,F,0.390648,00010000,39.0648,X]
[4,F,0.395531,11100000,39.5531,X]
[15,F,0.40432,00010000,40.432,X]
[35,F,0.406459,00000100,40.6459,X]
[36,F,0.426967,00000100,42.6967,X]
[16,F,0.450219,00010000,45.0219,X]
[17,F,0.459984,00010000,45.9984,X]
[5,F,0.486352,11100000,48.6352,X]
[50,F,0.537109,00000011,53.7109,X]
[29,F,0.543178,00001000,54.3178,X]
[18,F,0.549828,00010000,54.9828,X]
[51,F,0.564848,00000010,56.4848,X]
[6,F,0.569781,11000000,56.9781,X]
[19,F,0.574242,00010000,57.4242,X]
[52,F,0.577544,00000010,57.7544,X]
[30,F,0.597866,00001000,59.7866,X]
[37,F,0.604702,00000100,60.4702,X]
[53,F,0.610747,00000010,61.0747,X]
[54,F,0.656645,00000010,65.6645,X]
[38,F,0.660366,00000100,66.0366,X]
[39,F,0.672084,00000100,67.2084,X]
[20,F,0.699242,00010000,69.9242,X]
[21,F,0.713891,00010000,71.3891,X]
[22,F,0.764672,00010000,76.4672,X]
[40,F,0.766811,00000100,76.6811,X]
[7,F,0.767047,11000000,76.7047,X]
[23,F,0.792992,00010000,79.2992,X]
[8,F,0.817828,11000000,81.7828,X]
[9,F,0.83443,11000000,83.443,X]
[10,F,0.867633,11000000,86.7633,X]
[57,F,0.869536,00000001,86.9536,X]
[58,F,0.879302,00000001,87.9302,X]
[55,F,0.884184,00000010,88.4184,X]
[56,F,0.891997,00000010,89.1997,X]
[31,F,0.911342,00001000,91.1342,X]
[41,F,0.921108,00000100,92.1108,X]
[32,F,0.925991,00001000,92.5991,X]
[42,F,0.957241,00000100,95.7241,X]
[11,F,0.960586,01000000,96.0586,X]
[24,F,0.962914,00010000,96.2914,X]
[25,F,0.997094,00010000,99.7094,X]
GUIDE_TREE_PARTITION1=(((((t1:7.75,t2:7.75):40.35,t3:48.1):39.3,t4:87.4):8.46,(t5:84.94,t6:84.94):10.92):4.14,(t7:44.98,t8:44.98):55.02);
