Taxa bit representation:
t1 10000000
t2 01000000
t3 00100000
t4 00010000
t5 00001000
t6 00000100
t7 00000010
t8 00000001
Clade List (<taxon members> = <clade name>): 

>Dataset_0
[0,F,0.00195312,11111110,0.195312,X]
[1,F,0.0578125,11111100,5.78125,X]
[108,F,0.0673828,00000001,6.73828,X]
[2,F,0.0822266,11111100,8.22266,X]
[84,F,0.108594,00000010,10.8594,X]
[85,F,0.1125,00000010,11.25,X]
[86,F,0.124219,00000010,12.4219,X]
[3,F,0.125195,11111100,12.5195,X]
[87,F,0.137891,00000010,13.7891,X]
[4,F,0.156455,11111000,15.6455,X]
[88,F,0.158398,00000010,15.8398,X]
[68,F,0.165244,00000100,16.5244,X]
[89,F,0.171094,00000010,17.1094,X]
[69,F,0.171103,00000100,17.1103,X]
[5,F,0.182822,11111000,18.2822,X]
[90,F,0.195508,00000010,19.5508,X]
[6,F,0.196494,11111000,19.6494,X]
[70,F,0.198447,00000100,19.8447,X]
[109,F,0.212891,00000001,21.2891,X]
[7,F,0.225791,11111000,22.5791,X]
[71,F,0.227744,00000100,22.7744,X]
[72,F,0.230673,00000100,23.0673,X]
[8,F,0.23165,11111000,23.165,X]
[73,F,0.235556,00000100,23.5556,X]
[110,F,0.243164,00000001,24.3164,X]
[74,F,0.249228,00000100,24.9228,X]
[111,F,0.261719,00000001,26.1719,X]
[112,F,0.270508,00000001,27.0508,X]
[91,F,0.287305,00000010,28.7305,X]
[75,F,0.287314,00000100,28.7314,X]
[9,F,0.299944,11110000,29.9944,X]
[52,F,0.302873,00001000,30.2873,X]
[92,F,0.309766,00000010,30.9766,X]
[53,F,0.328264,00001000,32.8264,X]
[54,F,0.334123,00001000,33.4123,X]
[113,F,0.355469,00000001,35.5469,X]
[93,F,0.355664,00000010,35.5664,X]
[55,F,0.360491,00001000,36.0491,X]
[56,F,0.367327,00001000,36.7327,X]
[10,F,0.376116,11110000,37.6116,X]
[114,F,0.386719,00000001,38.6719,X]
[11,F,0.3976,11110000,39.76,X]
[12,F,0.405412,11110000,40.5412,X]
[115,F,0.407227,00000001,40.7227,X]
[57,F,0.413225,00001000,41.3225,X]
[94,F,0.419141,00000010,41.9141,X]
[95,F,0.433789,00000010,43.3789,X]
[13,F,0.454241,11110000,45.4241,X]
[58,F,0.456194,00001000,45.6194,X]
[14,F,0.4601,11110000,46.01,X]
[96,F,0.463086,00000010,46.3086,X]
[15,F,0.464006,11110000,46.4006,X]
[59,F,0.477678,00001000,47.7678,X]
[16,F,0.504045,11110000,50.4045,X]
[116,F,0.515625,00000001,51.5625,X]
[76,F,0.524619,00000100,52.4619,X]
[17,F,0.526506,11110000,52.6506,X]
[117,F,0.52832,00000001,52.832,X]
[18,F,0.534319,11110000,53.4319,X]
[118,F,0.541016,00000001,54.1016,X]
[77,F,0.542197,00000100,54.2197,X]
[97,F,0.549023,00000010,54.9023,X]
[60,F,0.584123,00001000,58.4123,X]
[78,F,0.590048,00000100,59.0048,X]
[98,F,0.593945,00000010,59.3945,X]
[19,F,0.59888,11100000,59.888,X]
[20,F,0.633059,11100000,63.3059,X]
[99,F,0.633984,00000010,63.3984,X]
[100,F,0.644727,00000010,64.4727,X]
[101,F,0.645703,00000010,64.5703,X]
[21,F,0.647708,11100000,64.7708,X]
[61,F,0.651506,00001000,65.1506,X]
[40,F,0.659427,00010000,65.9427,X]
[41,F,0.676028,00010000,67.6028,X]
[42,F,0.687747,00010000,68.7747,X]
[22,F,0.69263,11100000,69.263,X]
[23,F,0.693606,11100000,69.3606,X]
[102,F,0.694531,00000010,69.4531,X]
[79,F,0.704306,00000100,70.4306,X]
[62,F,0.70717,00001000,70.717,X]
[24,F,0.714114,11100000,71.4114,X]
[43,F,0.728762,00010000,72.8762,X]
[25,F,0.729739,11100000,72.9739,X]
[119,F,0.733398,00000001,73.3398,X]
[103,F,0.736523,00000010,73.6523,X]
[26,F,0.737552,11100000,73.7552,X]
[44,F,0.751223,00010000,75.1223,X]
[63,F,0.754045,00001000,75.4045,X]
[27,F,0.754153,11100000,75.4153,X]
[28,F,0.75513,11100000,75.513,X]
[120,F,0.759766,00000001,75.9766,X]
[121,F,0.761719,00000001,76.1719,X]
[104,F,0.762891,00000010,76.2891,X]
[105,F,0.763867,00000010,76.3867,X]
[122,F,0.779297,00000001,77.9297,X]
[106,F,0.779492,00000010,77.9492,X]
[64,F,0.786272,00001000,78.6272,X]
[123,F,0.790039,00000001,79.0039,X]
[45,F,0.807864,00010000,80.7864,X]
[46,F,0.8147,00010000,81.47,X]
[47,F,0.816653,00010000,81.6653,X]
[107,F,0.818555,00000010,81.8555,X]
[124,F,0.823242,00000001,82.3242,X]
[29,F,0.829348,11100000,82.9348,X]
[125,F,0.833008,00000001,83.3008,X]
[80,F,0.85958,00000100,85.958,X]
[126,F,0.866211,00000001,86.6211,X]
[35,F,0.867212,00100000,86.7212,X]
[36,F,0.872095,00100000,87.2095,X]
[30,F,0.878472,10000000,87.8472,X]
[127,F,0.891602,00000001,89.1602,X]
[48,F,0.893802,00010000,89.3802,X]
[31,F,0.901909,10000000,90.1909,X]
[32,F,0.902886,01000000,90.2886,X]
[65,F,0.910295,00001000,91.0295,X]
[37,F,0.913111,00100000,91.3111,X]
[128,F,0.915039,00000001,91.5039,X]
[38,F,0.925806,00100000,92.5806,X]
[81,F,0.940634,00000100,94.0634,X]
[66,F,0.946428,00001000,94.6428,X]
[49,F,0.951419,00010000,95.1419,X]
[33,F,0.954644,01000000,95.4644,X]
[50,F,0.956302,00010000,95.6302,X]
[39,F,0.959986,00100000,95.9986,X]
[67,F,0.962053,00001000,96.2053,X]
[82,F,0.982627,00000100,98.2627,X]
[129,F,0.985352,00000001,98.5352,X]
[83,F,0.989462,00000100,98.9462,X]
[51,F,0.992434,00010000,99.2434,X]
[34,F,0.993706,01000000,99.3706,X]
GUIDE_TREE_PARTITION1=(((((((t1:13.52,t2:13.52):0.54,t3:14.06):29.47,t4:43.53):29.21,t5:72.74):13.47,t6:86.21):8.79,t7:95):5,t8:100);
