Taxa bit representation:
t1 10000000
t2 01000000
t3 00100000
t4 00010000
t5 00001000
t6 00000100
t7 00000010
t8 00000001
Clade List (<taxon members> = <clade name>): 

>Dataset_0
[0,F,0.00488281,11110000,0.488281,X]
[1,F,0.0146484,11110000,1.46484,X]
[67,F,0.0517578,00001111,5.17578,X]
[2,F,0.0878906,11110000,8.78906,X]
[68,F,0.0996094,00001111,9.96094,X]
[69,F,0.108398,00001111,10.8398,X]
[70,F,0.131836,00001111,13.1836,X]
[71,F,0.145508,00001111,14.5508,X]
[72,F,0.165039,00001111,16.5039,X]
[73,F,0.169922,00001111,16.9922,X]
[74,F,0.191406,00001111,19.1406,X]
[75,F,0.194336,00001111,19.4336,X]
[3,F,0.195312,11110000,19.5312,X]
[76,F,0.219727,00001111,21.9727,X]
[4,F,0.274414,11110000,27.4414,X]
[77,F,0.277344,00001111,27.7344,X]
[5,F,0.287109,11110000,28.7109,X]
[6,F,0.318359,11110000,31.8359,X]
[78,F,0.319336,00001111,31.9336,X]
[79,F,0.338867,00001111,33.8867,X]
[7,F,0.358398,11110000,35.8398,X]
[8,F,0.360352,11110000,36.0352,X]
[9,F,0.364258,11110000,36.4258,X]
[10,F,0.367188,11110000,36.7188,X]
[11,F,0.375977,11110000,37.5977,X]
[12,F,0.396484,11110000,39.6484,X]
[38,F,0.468848,00110000,46.8848,X]
[80,F,0.470703,00001111,47.0703,X]
[81,F,0.493164,00001111,49.3164,X]
[82,F,0.510742,00001111,51.0742,X]
[39,F,0.525238,00100000,52.5237,X]
[83,F,0.53418,00001111,53.418,X]
[40,F,0.563323,00100000,56.3323,X]
[13,F,0.582219,10000000,58.2219,X]
[52,F,0.583831,00010000,58.3831,X]
[84,F,0.585436,00001100,58.5436,X]
[53,F,0.59262,00010000,59.262,X]
[85,F,0.593248,00001100,59.3248,X]
[14,F,0.597844,10000000,59.7844,X]
[25,F,0.602727,01000000,60.2727,X]
[26,F,0.603703,01000000,60.3703,X]
[15,F,0.606633,10000000,60.6633,X]
[54,F,0.612152,00010000,61.2152,X]
[27,F,0.625188,01000000,62.5187,X]
[55,F,0.640472,00010000,64.0472,X]
[88,F,0.652425,00000100,65.2425,X]
[16,F,0.655461,10000000,65.5461,X]
[41,F,0.656097,00100000,65.6097,X]
[28,F,0.660344,01000000,66.0344,X]
[29,F,0.666203,01000000,66.6203,X]
[17,F,0.668156,10000000,66.8156,X]
[89,F,0.671956,00000100,67.1956,X]
[42,F,0.682464,00100000,68.2464,X]
[43,F,0.683441,00100000,68.3441,X]
[56,F,0.687347,00010000,68.7347,X]
[97,F,0.691881,00000011,69.1881,X]
[98,F,0.702623,00000011,70.2623,X]
[44,F,0.702972,00100000,70.2972,X]
[57,F,0.703948,00010000,70.3948,X]
[18,F,0.707219,10000000,70.7219,X]
[99,F,0.709459,00000011,70.9459,X]
[90,F,0.718831,00000100,71.8831,X]
[100,F,0.720202,00000011,72.0202,X]
[91,F,0.722738,00000100,72.2738,X]
[19,F,0.728703,10000000,72.8703,X]
[20,F,0.738469,10000000,73.8469,X]
[30,F,0.752141,01000000,75.2141,X]
[31,F,0.753117,01000000,75.3117,X]
[32,F,0.754094,01000000,75.4094,X]
[58,F,0.763519,00010000,76.3519,X]
[92,F,0.773519,00000100,77.3519,X]
[59,F,0.778167,00010000,77.8167,X]
[86,F,0.782308,00001000,78.2308,X]
[101,F,0.797556,00000010,79.7556,X]
[102,F,0.803416,00000010,80.3416,X]
[109,F,0.809275,00000001,80.9275,X]
[21,F,0.811711,10000000,81.1711,X]
[93,F,0.815511,00000100,81.5511,X]
[45,F,0.821136,00100000,82.1136,X]
[87,F,0.82137,00001000,82.137,X]
[110,F,0.836619,00000001,83.6619,X]
[46,F,0.837738,00100000,83.7738,X]
[60,F,0.84262,00010000,84.262,X]
[111,F,0.845408,00000001,84.5408,X]
[94,F,0.845784,00000100,84.5784,X]
[112,F,0.852244,00000001,85.2244,X]
[61,F,0.852386,00010000,85.2386,X]
[62,F,0.855316,00010000,85.5316,X]
[103,F,0.870798,00000010,87.0798,X]
[95,F,0.875081,00000100,87.5081,X]
[33,F,0.876164,01000000,87.6164,X]
[47,F,0.886566,00100000,88.6566,X]
[104,F,0.891306,00000010,89.1306,X]
[63,F,0.898284,00010000,89.8284,X]
[64,F,0.911956,00010000,91.1956,X]
[48,F,0.912933,00100000,91.2933,X]
[105,F,0.914744,00000010,91.4744,X]
[49,F,0.914886,00100000,91.4886,X]
[22,F,0.916203,10000000,91.6203,X]
[106,F,0.916697,00000010,91.6697,X]
[34,F,0.91718,01000000,91.718,X]
[113,F,0.917673,00000001,91.7673,X]
[35,F,0.918156,01000000,91.8156,X]
[96,F,0.933675,00000100,93.3675,X]
[36,F,0.933781,01000000,93.3781,X]
[50,F,0.944183,00100000,94.4183,X]
[37,F,0.94843,01000000,94.843,X]
[23,F,0.952336,10000000,95.2336,X]
[51,F,0.960784,00100000,96.0784,X]
[65,F,0.961761,00010000,96.1761,X]
[24,F,0.97675,10000000,97.675,X]
[107,F,0.985056,00000010,98.5056,X]
[108,F,0.986033,00000010,98.6033,X]
[66,F,0.999847,00010000,99.9847,X]
GUIDE_TREE_PARTITION1=(((t1:42.95,t2:42.95):11.63,(t3:49.82,t4:49.82):4.76):45.42,((t5:36.32,t6:36.32):5.82,(t7:23.76,t8:23.76):18.38):57.86);
