Taxa bit representation:
t1 10000000
t2 01000000
t3 00100000
t4 00010000
t5 00001000
t6 00000100
t7 00000010
t8 00000001
Clade List (<taxon members> = <clade name>): 

>Dataset_0
[20,F,0.116211,00000001,11.6211,X]
[0,F,0.163086,11111110,16.3086,X]
[1,F,0.211638,11111100,21.1638,X]
[2,F,0.274138,11111100,27.4138,X]
[17,F,0.285856,00000010,28.5856,X]
[21,F,0.394531,00000001,39.4531,X]
[11,F,0.412717,00000100,41.2717,X]
[3,F,0.449005,11110000,44.9005,X]
[18,F,0.451872,00000010,45.1872,X]
[19,F,0.556364,00000010,55.6364,X]
[12,F,0.587522,00000100,58.7522,X]
[9,F,0.626739,00001000,62.6739,X]
[4,F,0.669708,11110000,66.9708,X]
[10,F,0.699005,00001000,69.9005,X]
[5,F,0.803606,11100000,80.3606,X]
[13,F,0.881467,00000100,88.1467,X]
[14,F,0.890256,00000100,89.0256,X]
[6,F,0.899486,01000000,89.9486,X]
[15,F,0.913694,00000100,91.3694,X]
[22,F,0.970703,00000001,97.0703,X]
[7,F,0.971752,01000000,97.1752,X]
[16,F,0.990842,00000100,99.0842,X]
[8,F,0.998919,00010000,99.8919,X]
GUIDE_TREE_PARTITION1=(((((((t1:13.86,t2:13.86):1.97,t3:15.83):10.45,t4:26.28):33.8,t5:60.08):4.41,t6:64.49):16.69,t7:81.18):18.82,t8:100);
