Taxa bit representation:
t1 10000000
t2 01000000
t3 00100000
t4 00010000
t5 00001000
t6 00000100
t7 00000010
t8 00000001
Clade List (<taxon members> = <clade name>): 

>Dataset_0
[0,F,0.0634766,11111100,6.34766,X]
[1,F,0.0849609,11111100,8.49609,X]
[2,F,0.104492,11111100,10.4492,X]
[3,F,0.109375,11111100,10.9375,X]
[12,F,0.170836,00001100,17.0836,X]
[4,F,0.272398,11110000,27.2398,X]
[5,F,0.435484,11110000,43.5484,X]
[13,F,0.468687,00001100,46.8687,X]
[6,F,0.489195,11110000,48.9195,X]
[15,F,0.644598,00000001,64.4598,X]
[16,F,0.662177,00000001,66.2177,X]
[9,F,0.801153,00100000,80.1153,X]
[11,F,0.882939,00010000,88.2939,X]
[10,F,0.910528,00100000,91.0528,X]
[7,F,0.916603,10000000,91.6603,X]
[8,F,0.969338,01000000,96.9338,X]
[14,F,0.969794,00000010,96.9794,X]
GUIDE_TREE_PARTITION1=(((((t1:24.16,t2:24.16):8.42,t3:32.58):8.13,t4:40.71):42.89,(t5:4.82,t6:4.82):78.78):16.4,(t7:52.63,t8:52.63):47.37);
