Taxa bit representation:
t1 10000000
t2 01000000
t3 00100000
t4 00010000
t5 00001000
t6 00000100
t7 00000010
t8 00000001
Clade List (<taxon members> = <clade name>): 

>Dataset_0
[18,F,0.0214844,00001111,2.14844,X]
[19,F,0.216797,00001111,21.6797,X]
[0,F,0.217773,11110000,21.7773,X]
[20,F,0.217773,00001111,21.7773,X]
[27,F,0.310114,00000011,31.0114,X]
[28,F,0.328669,00000011,32.8669,X]
[21,F,0.414606,00001100,41.4606,X]
[29,F,0.414606,00000011,41.4606,X]
[22,F,0.429255,00001100,42.9255,X]
[9,F,0.443777,00110000,44.3777,X]
[30,F,0.446833,00000011,44.6833,X]
[1,F,0.469167,11000000,46.9167,X]
[2,F,0.496511,11000000,49.6511,X]
[31,F,0.50445,00000011,50.445,X]
[10,F,0.529714,00110000,52.9714,X]
[32,F,0.536677,00000011,53.6677,X]
[7,F,0.572137,01000000,57.2137,X]
[33,F,0.59527,00000011,59.527,X]
[23,F,0.627497,00001100,62.7497,X]
[11,F,0.660573,00110000,66.0573,X]
[24,F,0.677302,00001100,67.7302,X]
[12,F,0.680359,00100000,68.0359,X]
[13,F,0.688172,00100000,68.8172,X]
[25,F,0.697809,00001100,69.7809,X]
[3,F,0.727411,10000000,72.7411,X]
[14,F,0.76825,00100000,76.825,X]
[37,F,0.77002,00000001,77.002,X]
[26,F,0.798395,00001100,79.8395,X]
[4,F,0.805536,10000000,80.5536,X]
[8,F,0.836786,01000000,83.6786,X]
[34,F,0.8667,00000010,86.67,X]
[16,F,0.867859,00010000,86.7859,X]
[35,F,0.871583,00000010,87.1583,X]
[5,F,0.881708,10000000,88.1708,X]
[36,F,0.882325,00000010,88.2325,X]
[17,F,0.888367,00010000,88.8367,X]
[6,F,0.924677,10000000,92.4677,X]
[15,F,0.965516,00100000,96.5516,X]
[38,F,0.970216,00000001,97.0216,X]
[39,F,0.980958,00000001,98.0958,X]
GUIDE_TREE_PARTITION1=(((t1:45.13,t2:45.13):16.84,(t3:32.55,t4:32.55):29.42):38.03,((t5:6.23,t6:6.23):65.2,(t7:32.08,t8:32.08):39.35):28.57);
