Taxa bit representation:
t1 10000000
t2 01000000
t3 00100000
t4 00010000
t5 00001000
t6 00000100
t7 00000010
t8 00000001
Clade List (<taxon members> = <clade name>): 

>Dataset_0
[0,F,0.0507812,11111100,5.07812,X]
[45,F,0.0791016,00000011,7.91016,X]
[46,F,0.0820312,00000011,8.20312,X]
[1,F,0.0869141,11111100,8.69141,X]
[47,F,0.115234,00000011,11.5234,X]
[24,F,0.269183,00001100,26.9183,X]
[2,F,0.343402,11110000,34.3402,X]
[32,F,0.394806,00000100,39.4806,X]
[33,F,0.431916,00000100,43.1916,X]
[48,F,0.43457,00000011,43.457,X]
[3,F,0.475237,11110000,47.5237,X]
[34,F,0.504181,00000100,50.4181,X]
[35,F,0.572541,00000100,57.2541,X]
[36,F,0.57547,00000100,57.547,X]
[18,F,0.580227,00010000,58.0227,X]
[19,F,0.595852,00010000,59.5852,X]
[25,F,0.608673,00001000,60.8673,X]
[20,F,0.61343,00010000,61.343,X]
[37,F,0.619416,00000100,61.9416,X]
[38,F,0.66922,00000100,66.922,X]
[39,F,0.671173,00000100,67.1173,X]
[49,F,0.717359,00000010,71.7359,X]
[11,F,0.724995,00100000,72.4995,X]
[40,F,0.726838,00000100,72.6838,X]
[41,F,0.761017,00000100,76.1017,X]
[12,F,0.763081,00100000,76.3081,X]
[53,F,0.763258,00000001,76.3258,X]
[26,F,0.783478,00001000,78.3478,X]
[54,F,0.790602,00000001,79.0602,X]
[13,F,0.810933,00100000,81.0933,X]
[14,F,0.817769,00100000,81.7769,X]
[21,F,0.820461,00010000,82.0461,X]
[55,F,0.830641,00000001,83.0641,X]
[50,F,0.838453,00000010,83.8453,X]
[4,F,0.847381,10000000,84.7381,X]
[42,F,0.877228,00000100,87.7228,X]
[27,F,0.885041,00001000,88.5041,X]
[15,F,0.887105,00100000,88.7105,X]
[43,F,0.88797,00000100,88.797,X]
[16,F,0.891988,00100000,89.1988,X]
[7,F,0.901092,01000000,90.1092,X]
[8,F,0.907928,01000000,90.7928,X]
[28,F,0.911408,00001000,91.1408,X]
[5,F,0.913788,10000000,91.3788,X]
[9,F,0.914764,01000000,91.4764,X]
[51,F,0.919508,00000010,91.9508,X]
[52,F,0.922438,00000010,92.2438,X]
[44,F,0.926056,00000100,92.6056,X]
[29,F,0.938752,00001000,93.8752,X]
[22,F,0.948391,00010000,94.8391,X]
[23,F,0.962063,00010000,96.2063,X]
[56,F,0.962477,00000001,96.2477,X]
[30,F,0.964142,00001000,96.4142,X]
[17,F,0.975972,00100000,97.5972,X]
[10,F,0.978241,01000000,97.8241,X]
[31,F,0.978791,00001000,97.8791,X]
[6,F,0.991913,10000000,99.1913,X]
GUIDE_TREE_PARTITION1=(((((t1:26.59,t2:26.59):2.18,t3:28.77):16.43,t4:45.2):28.37,(t5:67.16,t6:67.16):6.41):26.43,(t7:28.85,t8:28.85):71.15);
