Taxa bit representation:
t1 10000000
t2 01000000
t3 00100000
t4 00010000
t5 00001000
t6 00000100
t7 00000010
t8 00000001
Clade List (<taxon members> = <clade name>): 

>Dataset_0
[26,F,0.0390625,00000011,3.90625,X]
[0,F,0.0449219,11111100,4.49219,X]
[1,F,0.125,11111100,12.5,X]
[27,F,0.216797,00000011,21.6797,X]
[2,F,0.223633,11111100,22.3633,X]
[3,F,0.232422,11111100,23.2422,X]
[28,F,0.34668,00000011,34.668,X]
[4,F,0.463209,11110000,46.3209,X]
[15,F,0.487623,00001100,48.7623,X]
[5,F,0.514967,11110000,51.4967,X]
[12,F,0.532719,00010000,53.2719,X]
[13,F,0.546391,00010000,54.6391,X]
[6,F,0.546391,11100000,54.6391,X]
[14,F,0.632328,00010000,63.2328,X]
[16,F,0.640944,00001100,64.0944,X]
[17,F,0.674027,00001000,67.4027,X]
[23,F,0.715042,00000100,71.5042,X]
[18,F,0.725784,00001000,72.5784,X]
[19,F,0.771683,00001000,77.1683,X]
[24,F,0.783402,00000100,78.3402,X]
[20,F,0.785355,00001000,78.5355,X]
[7,F,0.803833,10000000,80.3833,X]
[10,F,0.807739,01000000,80.7739,X]
[8,F,0.813598,10000000,81.3598,X]
[11,F,0.822388,01000000,82.2388,X]
[29,F,0.862305,00000011,86.2305,X]
[21,F,0.882034,00001000,88.2034,X]
[25,F,0.895706,00000100,89.5706,X]
[22,F,0.930862,00001000,93.0862,X]
[30,F,0.974266,00000010,97.4266,X]
[9,F,0.974731,10000000,97.4731,X]
GUIDE_TREE_PARTITION1=(((((t1:23.23,t2:23.23):0.86,t3:24.09):23.81,t4:47.9):9.49,(t5:35.82,t6:35.82):21.57):42.61,(t7:3.55,t8:3.55):96.45);
