Taxa bit representation:
t1 10000000
t2 01000000
t3 00100000
t4 00010000
t5 00001000
t6 00000100
t7 00000010
t8 00000001
Clade List (<taxon members> = <clade name>): 

>Dataset_0
[137,F,0.0625,00000011,6.25,X]
[138,F,0.0644531,00000011,6.44531,X]
[89,F,0.0755484,00001100,7.55484,X]
[90,F,0.0853141,00001100,8.53141,X]
[0,F,0.0970328,11110000,9.70328,X]
[91,F,0.100939,00001100,10.0939,X]
[92,F,0.119494,00001100,11.9494,X]
[93,F,0.127306,00001100,12.7306,X]
[1,F,0.132189,11110000,13.2189,X]
[114,F,0.135206,00000100,13.5206,X]
[139,F,0.144531,00000011,14.4531,X]
[94,F,0.145948,00001000,14.5948,X]
[2,F,0.15465,11110000,15.465,X]
[3,F,0.160509,11110000,16.0509,X]
[70,F,0.163653,00010000,16.3653,X]
[115,F,0.170363,00000100,17.0362,X]
[71,F,0.176348,00010000,17.6348,X]
[41,F,0.22855,00100000,22.855,X]
[42,F,0.229527,00100000,22.9527,X]
[116,F,0.230909,00000100,23.0909,X]
[95,F,0.238722,00001000,23.8722,X]
[43,F,0.243198,00100000,24.3198,X]
[44,F,0.245152,00100000,24.5152,X]
[117,F,0.273878,00000100,27.3878,X]
[140,F,0.27832,00000011,27.832,X]
[45,F,0.279331,00100000,27.9331,X]
[96,F,0.280714,00001000,28.0714,X]
[97,F,0.285597,00001000,28.5597,X]
[46,F,0.292027,00100000,29.2027,X]
[98,F,0.296339,00001000,29.6339,X]
[99,F,0.316847,00001000,31.6847,X]
[141,F,0.317383,00000011,31.7383,X]
[142,F,0.319336,00000011,31.9336,X]
[118,F,0.35298,00000100,35.298,X]
[143,F,0.359375,00000011,35.9375,X]
[4,F,0.374172,10000000,37.4172,X]
[100,F,0.383253,00001000,38.3253,X]
[5,F,0.386867,10000000,38.6867,X]
[47,F,0.38773,00100000,38.773,X]
[6,F,0.39468,10000000,39.468,X]
[7,F,0.406398,10000000,40.6398,X]
[144,F,0.411133,00000011,41.1133,X]
[8,F,0.411281,10000000,41.1281,X]
[145,F,0.417969,00000011,41.7969,X]
[9,F,0.419094,10000000,41.9094,X]
[28,F,0.424953,01000000,42.4953,X]
[10,F,0.424953,10000000,42.4953,X]
[101,F,0.431105,00001000,43.1105,X]
[119,F,0.44087,00000100,44.087,X]
[120,F,0.441847,00000100,44.1847,X]
[102,F,0.4438,00001000,44.38,X]
[29,F,0.444484,01000000,44.4484,X]
[11,F,0.447414,10000000,44.7414,X]
[103,F,0.450636,00001000,45.0636,X]
[48,F,0.457066,00100000,45.7066,X]
[12,F,0.458156,10000000,45.8156,X]
[49,F,0.460972,00100000,46.0972,X]
[72,F,0.462481,00010000,46.2481,X]
[73,F,0.467364,00010000,46.7364,X]
[74,F,0.472247,00010000,47.2247,X]
[30,F,0.489406,01000000,48.9406,X]
[75,F,0.500567,00010000,50.0567,X]
[50,F,0.502964,00100000,50.2964,X]
[121,F,0.513136,00000100,51.3136,X]
[51,F,0.513706,00100000,51.3706,X]
[13,F,0.517727,10000000,51.7727,X]
[31,F,0.517727,01000000,51.7727,X]
[52,F,0.525425,00100000,52.5425,X]
[122,F,0.525831,00000100,52.5831,X]
[32,F,0.526516,01000000,52.6516,X]
[76,F,0.553302,00010000,55.3302,X]
[123,F,0.556105,00000100,55.6105,X]
[77,F,0.558184,00010000,55.8184,X]
[14,F,0.558742,10000000,55.8742,X]
[15,F,0.572414,10000000,57.2414,X]
[104,F,0.578566,00001000,57.8566,X]
[146,F,0.588509,00000010,58.8509,X]
[78,F,0.589434,00010000,58.9434,X]
[53,F,0.589878,00100000,58.9878,X]
[147,F,0.595345,00000010,59.5345,X]
[16,F,0.599758,10000000,59.9758,X]
[17,F,0.604641,10000000,60.4641,X]
[79,F,0.609942,00010000,60.9942,X]
[54,F,0.612339,00100000,61.2339,X]
[80,F,0.618731,00010000,61.8731,X]
[55,F,0.621128,00100000,62.1128,X]
[162,F,0.622689,00000001,62.2689,X]
[148,F,0.625619,00000010,62.5619,X]
[18,F,0.631984,10000000,63.1984,X]
[124,F,0.640089,00000100,64.0089,X]
[105,F,0.641066,00001000,64.1066,X]
[56,F,0.643589,00100000,64.3589,X]
[19,F,0.643703,10000000,64.3703,X]
[163,F,0.646127,00000001,64.6127,X]
[149,F,0.647103,00000010,64.7103,X]
[164,F,0.64808,00000001,64.808,X]
[106,F,0.648878,00001000,64.8878,X]
[81,F,0.656817,00010000,65.6817,X]
[150,F,0.667611,00000010,66.7611,X]
[165,F,0.667611,00000001,66.7611,X]
[57,F,0.669956,00100000,66.9956,X]
[33,F,0.673,01000000,67.3,X]
[125,F,0.678175,00000100,67.8175,X]
[126,F,0.683058,00000100,68.3058,X]
[127,F,0.687941,00000100,68.7941,X]
[166,F,0.690072,00000001,69.0072,X]
[58,F,0.695347,00100000,69.5347,X]
[151,F,0.701791,00000010,70.1791,X]
[59,F,0.704136,00100000,70.4136,X]
[107,F,0.715284,00001000,71.5284,X]
[82,F,0.717364,00010000,71.7364,X]
[20,F,0.720852,10000000,72.0852,X]
[60,F,0.723667,00100000,72.3667,X]
[61,F,0.726597,00100000,72.6597,X]
[167,F,0.731088,00000001,73.1088,X]
[34,F,0.734523,01000000,73.4523,X]
[83,F,0.738848,00010000,73.8848,X]
[152,F,0.742806,00000010,74.2806,X]
[84,F,0.746661,00010000,74.6661,X]
[108,F,0.751417,00001000,75.1417,X]
[153,F,0.752572,00000010,75.2572,X]
[128,F,0.7563,00000100,75.63,X]
[154,F,0.761361,00000010,76.1361,X]
[21,F,0.762844,10000000,76.2844,X]
[62,F,0.770542,00100000,77.0542,X]
[63,F,0.772495,00100000,77.2495,X]
[35,F,0.781398,01000000,78.1398,X]
[168,F,0.783822,00000001,78.3822,X]
[109,F,0.78462,00001000,78.462,X]
[22,F,0.789211,10000000,78.9211,X]
[129,F,0.793409,00000100,79.3409,X]
[36,F,0.798977,01000000,79.8977,X]
[130,F,0.801222,00000100,80.1222,X]
[169,F,0.807259,00000001,80.7259,X]
[155,F,0.809213,00000010,80.9213,X]
[64,F,0.813511,00100000,81.3511,X]
[23,F,0.819484,10000000,81.9484,X]
[37,F,0.824367,01000000,82.4367,X]
[131,F,0.824659,00000100,82.4659,X]
[65,F,0.833042,00100000,83.3042,X]
[110,F,0.833448,00001000,83.3448,X]
[85,F,0.8492,00010000,84.92,X]
[24,F,0.850734,10000000,85.0734,X]
[111,F,0.853956,00001000,85.3956,X]
[170,F,0.855111,00000001,85.5111,X]
[156,F,0.869759,00000010,86.9759,X]
[86,F,0.873614,00010000,87.3614,X]
[132,F,0.875441,00000100,87.5441,X]
[87,F,0.875567,00010000,87.5567,X]
[25,F,0.876125,10000000,87.6125,X]
[66,F,0.890659,00100000,89.0659,X]
[157,F,0.897103,00000010,89.7103,X]
[112,F,0.898878,00001000,89.8878,X]
[158,F,0.910775,00000010,91.0775,X]
[171,F,0.910775,00000001,91.0775,X]
[172,F,0.914681,00000001,91.4681,X]
[38,F,0.92007,01000000,92.007,X]
[67,F,0.932652,00100000,93.2652,X]
[133,F,0.933058,00000100,93.3058,X]
[68,F,0.933628,00100000,93.3628,X]
[26,F,0.938625,10000000,93.8625,X]
[113,F,0.9438,00001000,94.38,X]
[39,F,0.947414,01000000,94.7414,X]
[134,F,0.958448,00000100,95.8448,X]
[173,F,0.963509,00000001,96.3509,X]
[69,F,0.97562,00100000,97.562,X]
[88,F,0.980059,00010000,98.0059,X]
[159,F,0.984994,00000010,98.4994,X]
[27,F,0.987453,10000000,98.7453,X]
[160,F,0.9889,00000010,98.89,X]
[40,F,0.994289,01000000,99.4289,X]
[161,F,0.997689,00000010,99.7689,X]
[135,F,0.998487,00000100,99.8487,X]
[136,F,0.999464,00000100,99.9464,X]
GUIDE_TREE_PARTITION1=(((((t1:63.95,t2:63.95):16.32,t3:80.27):3.56,t4:83.83):10.08,(t5:86.87,t6:86.87):7.04):6.09,(t7:44.86,t8:44.86):55.14);
