Taxa bit representation:
t1 10000000
t2 01000000
t3 00100000
t4 00010000
t5 00001000
t6 00000100
t7 00000010
t8 00000001
Clade List (<taxon members> = <clade name>): 

>Dataset_0
[0,F,0.0166016,11110000,1.66016,X]
[49,F,0.0234375,00001111,2.34375,X]
[1,F,0.0585938,11110000,5.85938,X]
[2,F,0.0615234,11110000,6.15234,X]
[3,F,0.0654297,11110000,6.54297,X]
[50,F,0.0712891,00001111,7.12891,X]
[4,F,0.0888672,11110000,8.88672,X]
[5,F,0.112305,11110000,11.2305,X]
[6,F,0.166992,11110000,16.6992,X]
[7,F,0.249023,11110000,24.9023,X]
[51,F,0.283203,00001111,28.3203,X]
[8,F,0.286133,11110000,28.6133,X]
[52,F,0.291992,00001111,29.1992,X]
[53,F,0.294922,00001111,29.4922,X]
[9,F,0.295898,11110000,29.5898,X]
[54,F,0.296875,00001111,29.6875,X]
[55,F,0.308653,00001100,30.8653,X]
[78,F,0.322325,00000011,32.2325,X]
[56,F,0.326231,00001100,32.6231,X]
[10,F,0.328125,11110000,32.8125,X]
[79,F,0.338927,00000011,33.8927,X]
[11,F,0.339844,11110000,33.9844,X]
[57,F,0.362364,00001100,36.2364,X]
[80,F,0.3692,00000011,36.92,X]
[58,F,0.402403,00001100,40.2403,X]
[12,F,0.418945,11110000,41.8945,X]
[59,F,0.425841,00001100,42.5841,X]
[13,F,0.433594,11110000,43.3594,X]
[81,F,0.435606,00000011,43.5606,X]
[60,F,0.440489,00001100,44.0489,X]
[61,F,0.443419,00001100,44.3419,X]
[62,F,0.473366,00001000,47.3366,X]
[14,F,0.475586,11110000,47.5586,X]
[82,F,0.477598,00000011,47.7598,X]
[83,F,0.478575,00000011,47.8575,X]
[63,F,0.49485,00001000,49.485,X]
[34,F,0.49863,00110000,49.863,X]
[84,F,0.502989,00000011,50.2989,X]
[35,F,0.515231,00110000,51.5231,X]
[36,F,0.521091,00110000,52.1091,X]
[37,F,0.537692,00110000,53.7692,X]
[38,F,0.58652,00110000,58.652,X]
[69,F,0.592506,00000100,59.2506,X]
[39,F,0.597263,00110000,59.7263,X]
[70,F,0.601295,00000100,60.1295,X]
[40,F,0.608005,00110000,60.8005,X]
[71,F,0.611061,00000100,61.1061,X]
[15,F,0.615817,11000000,61.5817,X]
[16,F,0.655856,11000000,65.5856,X]
[72,F,0.675514,00000100,67.5514,X]
[85,F,0.685606,00000011,68.5606,X]
[86,F,0.697325,00000011,69.7325,X]
[17,F,0.700778,11000000,70.0778,X]
[18,F,0.70443,10000000,70.443,X]
[41,F,0.705661,00110000,70.5661,X]
[87,F,0.719786,00000011,71.9786,X]
[19,F,0.730797,10000000,73.0797,X]
[88,F,0.732481,00000011,73.2481,X]
[89,F,0.753966,00000011,75.3966,X]
[25,F,0.754234,01000000,75.4234,X]
[26,F,0.767906,01000000,76.7906,X]
[20,F,0.780602,10000000,78.0602,X]
[21,F,0.796227,10000000,79.6227,X]
[90,F,0.796934,00000011,79.6934,X]
[27,F,0.799156,01000000,79.9156,X]
[91,F,0.820372,00000011,82.0372,X]
[92,F,0.821348,00000011,82.1348,X]
[97,F,0.82583,00000001,82.583,X]
[28,F,0.828453,01000000,82.8453,X]
[29,F,0.832359,01000000,83.2359,X]
[30,F,0.833336,01000000,83.3336,X]
[98,F,0.837548,00000001,83.7548,X]
[99,F,0.848291,00000001,84.8291,X]
[31,F,0.848961,01000000,84.8961,X]
[42,F,0.864909,00100000,86.4909,X]
[73,F,0.865944,00000100,86.5944,X]
[22,F,0.871422,10000000,87.1422,X]
[74,F,0.875709,00000100,87.5709,X]
[100,F,0.877587,00000001,87.7587,X]
[44,F,0.879558,00010000,87.9558,X]
[75,F,0.890358,00000100,89.0358,X]
[23,F,0.897789,10000000,89.7789,X]
[93,F,0.902978,00000010,90.2978,X]
[24,F,0.906578,10000000,90.6578,X]
[45,F,0.911784,00010000,91.1784,X]
[64,F,0.927467,00001000,92.7467,X]
[101,F,0.928369,00000001,92.8369,X]
[46,F,0.929363,00010000,92.9363,X]
[94,F,0.930322,00000010,93.0322,X]
[76,F,0.93235,00000100,93.235,X]
[65,F,0.940163,00001000,94.0162,X]
[43,F,0.944988,00100000,94.4988,X]
[102,F,0.945947,00000001,94.5947,X]
[66,F,0.946022,00001000,94.6022,X]
[95,F,0.9479,00000010,94.79,X]
[103,F,0.948877,00000001,94.8877,X]
[32,F,0.952477,01000000,95.2477,X]
[96,F,0.953759,00000010,95.3759,X]
[47,F,0.957683,00010000,95.7683,X]
[48,F,0.962566,00010000,96.2566,X]
[77,F,0.968483,00000100,96.8483,X]
[67,F,0.974342,00001000,97.4342,X]
[33,F,0.977867,01000000,97.7867,X]
[68,F,0.988014,00001000,98.8014,X]
GUIDE_TREE_PARTITION1=(((t1:29.85,t2:29.85):20.58,(t3:17.22,t4:17.22):33.21):49.57,((t5:53.64,t6:53.64):15.69,(t7:17.71,t8:17.71):51.62):30.67);
