Taxa bit representation:
t1 10000000
t2 01000000
t3 00100000
t4 00010000
t5 00001000
t6 00000100
t7 00000010
t8 00000001
Clade List (<taxon members> = <clade name>): 

>Dataset_0
[27,F,0.0703125,00000001,7.03125,X]
[0,F,0.0717641,11111100,7.17641,X]
[28,F,0.0898438,00000001,8.98438,X]
[1,F,0.115709,11111100,11.5709,X]
[2,F,0.131334,11111100,13.1334,X]
[12,F,0.146906,00000100,14.6906,X]
[13,F,0.156672,00000100,15.6672,X]
[29,F,0.191406,00000001,19.1406,X]
[14,F,0.221125,00000100,22.1125,X]
[15,F,0.261164,00000100,26.1164,X]
[3,F,0.331477,11111000,33.1477,X]
[18,F,0.38817,00000010,38.817,X]
[30,F,0.392578,00000001,39.2578,X]
[19,F,0.468248,00000010,46.8248,X]
[31,F,0.480469,00000001,48.0469,X]
[20,F,0.492663,00000010,49.2662,X]
[21,F,0.508288,00000010,50.8287,X]
[32,F,0.521484,00000001,52.1484,X]
[4,F,0.524836,11111000,52.4836,X]
[22,F,0.531725,00000010,53.1725,X]
[23,F,0.58153,00000010,58.153,X]
[24,F,0.586413,00000010,58.6412,X]
[5,F,0.600031,11111000,60.0031,X]
[6,F,0.604914,11111000,60.4914,X]
[25,F,0.611803,00000010,61.1803,X]
[7,F,0.621516,11111000,62.1516,X]
[26,F,0.627428,00000010,62.7428,X]
[33,F,0.628906,00000001,62.8906,X]
[16,F,0.643,00000100,64.3,X]
[34,F,0.661133,00000001,66.1133,X]
[8,F,0.763117,11111000,76.3117,X]
[35,F,0.765625,00000001,76.5625,X]
[17,F,0.776789,00000100,77.6789,X]
[36,F,0.779297,00000001,77.9297,X]
[10,F,0.779795,00001000,77.9795,X]
[11,F,0.79542,00001000,79.542,X]
[9,F,0.827647,11110000,82.7647,X]
[37,F,0.84082,00000001,84.082,X]
GUIDE_TREE_PARTITION1=(((((((t1:0.69,t2:0.69):3.56,t3:4.25):7.1,t4:11.35):11.94,t5:23.29):62.41,t6:85.7):12.69,t7:98.39):1.61,t8:100);
