Taxa bit representation:
t1 10000000
t2 01000000
t3 00100000
t4 00010000
t5 00001000
t6 00000100
t7 00000010
t8 00000001
Clade List (<taxon members> = <clade name>): 

>Dataset_0
[19,F,0.12793,00000011,12.793,X]
[20,F,0.21582,00000011,21.582,X]
[0,F,0.236919,11110000,23.6919,X]
[21,F,0.259766,00000011,25.9766,X]
[22,F,0.447266,00000011,44.7266,X]
[23,F,0.571289,00000011,57.1289,X]
[1,F,0.574809,11110000,57.4809,X]
[14,F,0.613756,00000100,61.3756,X]
[24,F,0.646484,00000011,64.6484,X]
[2,F,0.7543,11100000,75.43,X]
[9,F,0.756253,00010000,75.6253,X]
[15,F,0.762194,00000100,76.2194,X]
[11,F,0.779772,00001000,77.9772,X]
[12,F,0.804186,00001000,80.4186,X]
[3,F,0.812308,11000000,81.2308,X]
[16,F,0.817858,00000100,81.7858,X]
[17,F,0.832506,00000100,83.2506,X]
[4,F,0.842581,11000000,84.2581,X]
[18,F,0.852038,00000100,85.2037,X]
[5,F,0.865042,00100000,86.5042,X]
[6,F,0.900198,00100000,90.0198,X]
[13,F,0.904772,00001000,90.4772,X]
[10,F,0.955472,00010000,95.5472,X]
[7,F,0.981253,00100000,98.1253,X]
[8,F,0.991019,00100000,99.1019,X]
GUIDE_TREE_PARTITION1=(((((t1:0.79,t2:0.79):20.03,t3:20.82):10,t4:30.82):65.41,(t5:48.39,t6:48.39):47.84):3.77,(t7:5.87,t8:5.87):94.13);
