Taxa bit representation:
t1 10000000
t2 01000000
t3 00100000
t4 00010000
t5 00001000
t6 00000100
t7 00000010
t8 00000001
Clade List (<taxon members> = <clade name>): 

>Dataset_0
[68,F,0.00878906,00000011,0.878906,X]
[69,F,0.0195312,00000011,1.95312,X]
[70,F,0.0341797,00000011,3.41797,X]
[0,F,0.0556641,11111100,5.56641,X]
[71,F,0.118164,00000011,11.8164,X]
[1,F,0.138672,11111100,13.8672,X]
[72,F,0.151367,00000011,15.1367,X]
[2,F,0.15625,11111100,15.625,X]
[3,F,0.169195,11110000,16.9195,X]
[46,F,0.191656,00001100,19.1656,X]
[47,F,0.193609,00001100,19.3609,X]
[4,F,0.200445,11110000,20.0445,X]
[5,F,0.205328,11110000,20.5328,X]
[48,F,0.206305,00001100,20.6305,X]
[73,F,0.245117,00000011,24.5117,X]
[6,F,0.25318,11110000,25.318,X]
[74,F,0.291016,00000011,29.1016,X]
[7,F,0.292242,11110000,29.2242,X]
[49,F,0.306891,00001100,30.6891,X]
[96,F,0.327153,00000001,32.7153,X]
[75,F,0.345708,00000010,34.5708,X]
[8,F,0.351812,11110000,35.1812,X]
[76,F,0.360356,00000010,36.0356,X]
[50,F,0.381109,00001100,38.1109,X]
[97,F,0.3877,00000001,38.77,X]
[98,F,0.388677,00000001,38.8677,X]
[77,F,0.391606,00000010,39.1606,X]
[78,F,0.397466,00000010,39.7466,X]
[9,F,0.402594,11110000,40.2594,X]
[10,F,0.413336,11110000,41.3336,X]
[51,F,0.413336,00001100,41.3336,X]
[11,F,0.414312,11110000,41.4312,X]
[99,F,0.415044,00000001,41.5044,X]
[52,F,0.431891,00001100,43.1891,X]
[100,F,0.454106,00000001,45.4106,X]
[101,F,0.461919,00000001,46.1919,X]
[53,F,0.462164,00001100,46.2164,X]
[54,F,0.481695,00001100,48.1695,X]
[102,F,0.485356,00000001,48.5356,X]
[79,F,0.492192,00000010,49.2192,X]
[80,F,0.500981,00000010,50.0981,X]
[81,F,0.51563,00000010,51.563,X]
[35,F,0.52633,00010000,52.633,X]
[82,F,0.526372,00000010,52.6372,X]
[103,F,0.529302,00000001,52.9302,X]
[36,F,0.543908,00010000,54.3908,X]
[104,F,0.544927,00000001,54.4927,X]
[12,F,0.546837,11100000,54.6837,X]
[105,F,0.558598,00000001,55.8598,X]
[13,F,0.565392,11100000,56.5392,X]
[14,F,0.570275,11100000,57.0275,X]
[83,F,0.573247,00000010,57.3247,X]
[15,F,0.575158,11100000,57.5158,X]
[55,F,0.575445,00001100,57.5445,X]
[16,F,0.579064,11100000,57.9064,X]
[56,F,0.594,00001100,59.4,X]
[17,F,0.606408,11100000,60.6408,X]
[106,F,0.619145,00000001,61.9145,X]
[84,F,0.621098,00000010,62.1098,X]
[107,F,0.622075,00000001,62.2075,X]
[18,F,0.623986,11100000,62.3986,X]
[85,F,0.628911,00000010,62.8911,X]
[108,F,0.632817,00000001,63.2817,X]
[57,F,0.634039,00001100,63.4039,X]
[86,F,0.654302,00000010,65.4302,X]
[109,F,0.665044,00000001,66.5044,X]
[37,F,0.666955,00010000,66.6955,X]
[87,F,0.681645,00000010,68.1645,X]
[38,F,0.688439,00010000,68.8439,X]
[110,F,0.688481,00000001,68.8481,X]
[88,F,0.698247,00000010,69.8247,X]
[111,F,0.698247,00000001,69.8247,X]
[26,F,0.701405,00100000,70.1405,X]
[112,F,0.70313,00000001,70.313,X]
[27,F,0.705311,00100000,70.5311,X]
[19,F,0.718006,11000000,71.8006,X]
[39,F,0.732384,00010000,73.2384,X]
[40,F,0.736291,00010000,73.6291,X]
[60,F,0.741644,00000100,74.1644,X]
[41,F,0.743127,00010000,74.3127,X]
[28,F,0.743397,00100000,74.3397,X]
[89,F,0.750005,00000010,75.0005,X]
[90,F,0.751958,00000010,75.1958,X]
[42,F,0.757775,00010000,75.7775,X]
[113,F,0.757817,00000001,75.7817,X]
[29,F,0.764881,00100000,76.4881,X]
[91,F,0.777348,00000010,77.7348,X]
[20,F,0.780506,11000000,78.0506,X]
[92,F,0.782231,00000010,78.2231,X]
[93,F,0.787114,00000010,78.7114,X]
[94,F,0.788091,00000010,78.8091,X]
[114,F,0.810552,00000001,81.0552,X]
[115,F,0.811528,00000001,81.1528,X]
[21,F,0.812733,11000000,81.2733,X]
[116,F,0.816411,00000001,81.6411,X]
[43,F,0.840783,00010000,84.0783,X]
[58,F,0.851019,00001000,85.1019,X]
[117,F,0.862309,00000001,86.2309,X]
[30,F,0.863514,00100000,86.3514,X]
[31,F,0.869373,00100000,86.9373,X]
[61,F,0.884222,00000100,88.4222,X]
[44,F,0.903283,00010000,90.3283,X]
[62,F,0.905706,00000100,90.5706,X]
[59,F,0.918402,00001000,91.8402,X]
[22,F,0.919178,11000000,91.9178,X]
[32,F,0.925037,00100000,92.5037,X]
[23,F,0.928944,11000000,92.8944,X]
[24,F,0.938709,11000000,93.8709,X]
[63,F,0.950628,00000100,95.0628,X]
[33,F,0.958241,00100000,95.8241,X]
[34,F,0.963123,00100000,96.3123,X]
[45,F,0.972619,00010000,97.2619,X]
[95,F,0.975591,00000010,97.5591,X]
[64,F,0.976995,00000100,97.6995,X]
[65,F,0.977972,00000100,97.7972,X]
[66,F,0.982855,00000100,98.2855,X]
[118,F,0.985356,00000001,98.5356,X]
[119,F,0.991216,00000001,99.1216,X]
[25,F,0.991353,10000000,99.1353,X]
[67,F,0.99262,00000100,99.262,X]
[120,F,0.997075,00000001,99.7075,X]
GUIDE_TREE_PARTITION1=(((((t1:1.06,t2:1.06):33.78,t3:34.84):12.82,t4:47.66):36.69,(t5:34.82,t6:34.82):49.53):15.65,(t7:67.48,t8:67.48):32.52);
