Taxa bit representation:
t1 10000000
t2 01000000
t3 00100000
t4 00010000
t5 00001000
t6 00000100
t7 00000010
t8 00000001
Clade List (<taxon members> = <clade name>): 

>Dataset_0
[102,F,0.0273438,00000001,2.73438,X]
[0,F,0.0309906,11111100,3.09906,X]
[1,F,0.03685,11111100,3.685,X]
[78,F,0.0397797,00000010,3.97797,X]
[79,F,0.0583344,00000010,5.83344,X]
[2,F,0.108139,11111100,10.8139,X]
[103,F,0.113281,00000001,11.3281,X]
[104,F,0.137695,00000001,13.7695,X]
[105,F,0.140625,00000001,14.0625,X]
[80,F,0.141342,00000010,14.1342,X]
[106,F,0.142578,00000001,14.2578,X]
[81,F,0.149155,00000010,14.9155,X]
[107,F,0.162109,00000001,16.2109,X]
[3,F,0.16478,11111100,16.478,X]
[4,F,0.187241,11111100,18.7241,X]
[5,F,0.216537,11111100,21.6537,X]
[82,F,0.217514,00000010,21.7514,X]
[83,F,0.22435,00000010,22.435,X]
[84,F,0.231186,00000010,23.1186,X]
[6,F,0.238022,11111100,23.8022,X]
[85,F,0.240952,00000010,24.0952,X]
[86,F,0.241928,00000010,24.1928,X]
[108,F,0.25293,00000001,25.293,X]
[7,F,0.292709,11111100,29.2709,X]
[8,F,0.293686,11111100,29.3686,X]
[87,F,0.309311,00000010,30.9311,X]
[88,F,0.32103,00000010,32.103,X]
[9,F,0.338608,11111100,33.8608,X]
[62,F,0.379978,00000100,37.9978,X]
[89,F,0.399155,00000010,39.9155,X]
[90,F,0.402084,00000010,40.2084,X]
[63,F,0.445408,00000100,44.5408,X]
[64,F,0.452244,00000100,45.2244,X]
[109,F,0.462891,00000001,46.2891,X]
[65,F,0.464939,00000100,46.4939,X]
[91,F,0.47142,00000010,47.142,X]
[110,F,0.50293,00000001,50.293,X]
[92,F,0.50853,00000010,50.853,X]
[66,F,0.529392,00000100,52.9392,X]
[10,F,0.542955,11100000,54.2955,X]
[93,F,0.543686,00000010,54.3686,X]
[50,F,0.56377,00001000,56.377,X]
[39,F,0.568345,00010000,56.8345,X]
[11,F,0.584947,11100000,58.4947,X]
[51,F,0.587208,00001000,58.7208,X]
[52,F,0.589161,00001000,58.9161,X]
[12,F,0.58983,11100000,58.983,X]
[40,F,0.602525,00010000,60.2525,X]
[111,F,0.609375,00000001,60.9375,X]
[112,F,0.619141,00000001,61.9141,X]
[67,F,0.622166,00000100,62.2166,X]
[53,F,0.623341,00001000,62.3341,X]
[68,F,0.638767,00000100,63.8767,X]
[94,F,0.655991,00000010,65.5991,X]
[41,F,0.656236,00010000,65.6236,X]
[69,F,0.670994,00000100,67.0994,X]
[42,F,0.671861,00010000,67.1861,X]
[113,F,0.673828,00000001,67.3828,X]
[114,F,0.682617,00000001,68.2617,X]
[43,F,0.689439,00010000,68.9439,X]
[22,F,0.69633,01000000,69.633,X]
[30,F,0.696502,00100000,69.6502,X]
[115,F,0.699219,00000001,69.9219,X]
[95,F,0.702866,00000010,70.2866,X]
[31,F,0.709197,00100000,70.9197,X]
[13,F,0.712931,10000000,71.2931,X]
[23,F,0.712931,01000000,71.2931,X]
[14,F,0.716837,10000000,71.6837,X]
[54,F,0.717091,00001000,71.7091,X]
[32,F,0.719939,00100000,71.9939,X]
[33,F,0.727752,00100000,72.7752,X]
[24,F,0.733439,01000000,73.3439,X]
[116,F,0.734375,00000001,73.4375,X]
[55,F,0.742481,00001000,74.2481,X]
[70,F,0.746189,00000100,74.6189,X]
[34,F,0.747283,00100000,74.7283,X]
[25,F,0.751017,01000000,75.1017,X]
[71,F,0.754002,00000100,75.4002,X]
[44,F,0.7744,00010000,77.44,X]
[15,F,0.776408,10000000,77.6408,X]
[26,F,0.777384,01000000,77.7384,X]
[35,F,0.777556,00100000,77.7556,X]
[72,F,0.779392,00000100,77.9392,X]
[117,F,0.78125,00000001,78.125,X]
[56,F,0.78838,00001000,78.838,X]
[73,F,0.789158,00000100,78.9158,X]
[16,F,0.799845,10000000,79.9845,X]
[118,F,0.801758,00000001,80.1758,X]
[96,F,0.807358,00000010,80.7358,X]
[57,F,0.81377,00001000,81.377,X]
[74,F,0.814548,00000100,81.4548,X]
[27,F,0.829142,01000000,82.9142,X]
[75,F,0.833103,00000100,83.3103,X]
[119,F,0.833984,00000001,83.3984,X]
[76,F,0.835056,00000100,83.5056,X]
[45,F,0.835923,00010000,83.5923,X]
[58,F,0.837208,00001000,83.7208,X]
[59,F,0.852833,00001000,85.2833,X]
[17,F,0.859416,10000000,85.9416,X]
[97,F,0.870834,00000010,87.0834,X]
[18,F,0.876994,10000000,87.6994,X]
[77,F,0.877048,00000100,87.7048,X]
[60,F,0.877247,00001000,87.7247,X]
[28,F,0.881877,01000000,88.1877,X]
[46,F,0.886705,00010000,88.6705,X]
[29,F,0.900431,01000000,90.0431,X]
[36,F,0.90158,00100000,90.158,X]
[120,F,0.90918,00000001,90.918,X]
[47,F,0.912095,00010000,91.2095,X]
[19,F,0.917033,10000000,91.7033,X]
[48,F,0.922837,00010000,92.2837,X]
[20,F,0.927775,10000000,92.7775,X]
[98,F,0.945053,00000010,94.5053,X]
[49,F,0.950181,00010000,95.0181,X]
[37,F,0.962127,00100000,96.2127,X]
[99,F,0.976303,00000010,97.6303,X]
[38,F,0.976775,00100000,97.6775,X]
[100,F,0.980209,00000010,98.0209,X]
[101,F,0.984116,00000010,98.4116,X]
[61,F,0.985645,00001000,98.5645,X]
[121,F,0.988281,00000001,98.8281,X]
[21,F,0.991252,10000000,99.1252,X]
GUIDE_TREE_PARTITION1=(((((((t1:30.66,t2:30.66):1.35,t3:32.01):15.55,t4:47.56):14.52,t5:62.08):1.68,t6:63.76):35.68,t7:99.44):0.56,t8:100);
