Taxa bit representation:
t1 10000000
t2 01000000
t3 00100000
t4 00010000
t5 00001000
t6 00000100
t7 00000010
t8 00000001
Clade List (<taxon members> = <clade name>): 

>Dataset_0
[16,F,0.128906,00000001,12.8906,X]
[10,F,0.182444,00000100,18.2444,X]
[0,F,0.222483,11111000,22.2483,X]
[13,F,0.2708,00000010,27.08,X]
[17,F,0.325195,00000001,32.5195,X]
[1,F,0.429747,11100000,42.9747,X]
[11,F,0.462717,00000100,46.2717,X]
[2,F,0.468809,11100000,46.8809,X]
[8,F,0.477598,00010000,47.7598,X]
[14,F,0.632128,00000010,63.2128,X]
[3,F,0.677706,01000000,67.7706,X]
[18,F,0.731445,00000001,73.1445,X]
[5,F,0.731491,00100000,73.1491,X]
[15,F,0.74248,00000010,74.248,X]
[12,F,0.84553,00000100,84.553,X]
[6,F,0.872116,00100000,87.2116,X]
[19,F,0.875,00000001,87.5,X]
[7,F,0.932663,00100000,93.2662,X]
[9,F,0.96295,00010000,96.295,X]
[4,F,0.996066,01000000,99.6066,X]
GUIDE_TREE_PARTITION1=(((((((t1:32.62,t2:32.62):15.52,t3:48.14):14.94,t4:63.08):3.07,t5:66.15):18.34,t6:84.49):0.93,t7:85.42):14.58,t8:100);
