Taxa bit representation:
t1 10000000
t2 01000000
t3 00100000
t4 00010000
t5 00001000
t6 00000100
t7 00000010
t8 00000001
Clade List (<taxon members> = <clade name>): 

>Dataset_0
[0,F,0.0146484,11111100,1.46484,X]
[1,F,0.0361328,11111100,3.61328,X]
[14,F,0.0556641,00000011,5.56641,X]
[2,F,0.0830078,11111100,8.30078,X]
[15,F,0.195312,00000011,19.5312,X]
[16,F,0.198242,00000011,19.8242,X]
[3,F,0.262695,11111100,26.2695,X]
[7,F,0.351406,00010000,35.1406,X]
[10,F,0.403738,00001100,40.3738,X]
[17,F,0.528173,00000001,52.8173,X]
[8,F,0.622891,00010000,62.2891,X]
[11,F,0.625634,00000100,62.5634,X]
[18,F,0.673681,00000001,67.3681,X]
[19,F,0.821142,00000001,82.1142,X]
[12,F,0.834619,00000100,83.4619,X]
[5,F,0.864495,00100000,86.4495,X]
[6,F,0.893792,00100000,89.3792,X]
[4,F,0.910369,01000000,91.0369,X]
[9,F,0.980313,00010000,98.0312,X]
[13,F,0.981103,00000100,98.1103,X]
GUIDE_TREE_PARTITION1=(((((t1:44.51,t2:44.51):1.56,t3:46.07):19.18,t4:65.25):2.97,(t5:42.71,t6:42.71):25.51):31.78,(t7:50.21,t8:50.21):49.79);
