Taxa bit representation:
t1 10000000
t2 01000000
t3 00100000
t4 00010000
t5 00001000
t6 00000100
t7 00000010
t8 00000001
Clade List (<taxon members> = <clade name>): 

>Dataset_0
[0,F,0.0800781,11111110,8.00781,X]
[1,F,0.0927734,11111110,9.27734,X]
[13,F,0.141602,00000001,14.1602,X]
[14,F,0.152344,00000001,15.2344,X]
[15,F,0.19043,00000001,19.043,X]
[2,F,0.211914,11111110,21.1914,X]
[3,F,0.293945,11111110,29.3945,X]
[10,F,0.52182,00000010,52.182,X]
[16,F,0.56543,00000001,56.543,X]
[4,F,0.577484,11111100,57.7484,X]
[11,F,0.722016,00000010,72.2016,X]
[8,F,0.755106,00000100,75.5106,X]
[9,F,0.833231,00000100,83.3231,X]
[7,F,0.855642,00010000,85.5642,X]
[12,F,0.930023,00000010,93.0023,X]
[6,F,0.9757,00100000,97.57,X]
[17,F,0.982422,00000001,98.2422,X]
[5,F,0.999927,10000000,99.9927,X]
GUIDE_TREE_PARTITION1=(((((((t1:9.48,t2:9.48):5.45,t3:14.93):0.58,t4:15.51):18.41,t5:33.92):3.46,t6:37.38):32.02,t7:69.4):30.6,t8:100);
