Taxa bit representation:
t1 10000000
t2 01000000
t3 00100000
t4 00010000
t5 00001000
t6 00000100
t7 00000010
t8 00000001
Clade List (<taxon members> = <clade name>): 

>Dataset_0
[0,F,0.0302734,11110000,3.02734,X]
[1,F,0.03125,11110000,3.125,X]
[2,F,0.220703,11110000,22.0703,X]
[12,F,0.373047,00001111,37.3047,X]
[6,F,0.397369,00100000,39.7369,X]
[9,F,0.443267,00010000,44.3267,X]
[13,F,0.456055,00001111,45.6055,X]
[17,F,0.567148,00000011,56.7148,X]
[10,F,0.619048,00010000,61.9048,X]
[7,F,0.619048,00100000,61.9048,X]
[3,F,0.625689,10000000,62.5689,X]
[4,F,0.734088,01000000,73.4087,X]
[5,F,0.751666,01000000,75.1666,X]
[8,F,0.772369,00100000,77.2369,X]
[14,F,0.779062,00001100,77.9062,X]
[15,F,0.786875,00001100,78.6875,X]
[18,F,0.823712,00000001,82.3712,X]
[16,F,0.892344,00001100,89.2344,X]
[11,F,0.985259,00010000,98.5259,X]
[19,F,0.989728,00000001,98.9728,X]
GUIDE_TREE_PARTITION1=(((t1:50.81,t2:50.81):23.43,(t3:70.81,t4:70.81):3.43):25.76,((t5:7.31,t6:7.31):37.44,(t7:24.66,t8:24.66):20.09):55.25);
