Taxa bit representation:
t1 10000000
t2 01000000
t3 00100000
t4 00010000
t5 00001000
t6 00000100
t7 00000010
t8 00000001
Clade List (<taxon members> = <clade name>): 

>Dataset_0
[23,F,0.106445,00000001,10.6445,X]
[18,F,0.138033,00000010,13.8033,X]
[24,F,0.19043,00000001,19.043,X]
[25,F,0.234375,00000001,23.4375,X]
[26,F,0.249023,00000001,24.9023,X]
[19,F,0.287447,00000010,28.7447,X]
[20,F,0.291353,00000010,29.1353,X]
[0,F,0.361413,11100000,36.1412,X]
[1,F,0.38778,11100000,38.778,X]
[14,F,0.399583,00000100,39.9583,X]
[10,F,0.451242,00001000,45.1242,X]
[15,F,0.48845,00000100,48.845,X]
[8,F,0.499108,00010000,49.9108,X]
[2,F,0.534264,11100000,53.4264,X]
[11,F,0.566477,00001000,56.6477,X]
[9,F,0.615319,00010000,61.5319,X]
[21,F,0.658541,00000010,65.8541,X]
[12,F,0.692453,00001000,69.2453,X]
[13,F,0.728586,00001000,72.8586,X]
[4,F,0.746955,01000000,74.6955,X]
[6,F,0.764058,00100000,76.4058,X]
[5,F,0.782111,01000000,78.2111,X]
[3,F,0.784064,10000000,78.4064,X]
[16,F,0.802903,00000100,80.2903,X]
[7,F,0.814839,00100000,81.4839,X]
[17,F,0.888841,00000100,88.8841,X]
[22,F,0.931978,00000010,93.1978,X]
GUIDE_TREE_PARTITION1=(((((((t1:39.66,t2:39.66):1.61,t3:41.27):23.37,t4:64.64):3.81,t5:68.45):10.83,t6:79.28):16.78,t7:96.06):3.94,t8:100);
