Taxa bit representation:
t1 10000000
t2 01000000
t3 00100000
t4 00010000
t5 00001000
t6 00000100
t7 00000010
t8 00000001
Clade List (<taxon members> = <clade name>): 

>Dataset_0
[7,F,0.0146484,00000011,1.46484,X]
[0,F,0.0830078,11111100,8.30078,X]
[8,F,0.310547,00000011,31.0547,X]
[10,F,0.441984,00000001,44.1984,X]
[11,F,0.505461,00000001,50.5461,X]
[12,F,0.760344,00000001,76.0344,X]
[9,F,0.833586,00000010,83.3586,X]
[13,F,0.837492,00000001,83.7492,X]
[2,F,0.841177,00100000,84.1177,X]
[5,F,0.850662,00001100,85.0662,X]
[3,F,0.900747,00100000,90.0747,X]
[1,F,0.913742,01000000,91.3742,X]
[6,F,0.928036,00001000,92.8036,X]
[4,F,0.945919,00010000,94.5919,X]
GUIDE_TREE_PARTITION1=(((((t1:9.7,t2:9.7):18.78,t3:28.48):3.1,t4:31.58):6.01,(t5:14.13,t6:14.13):23.46):62.41,(t7:64.2,t8:64.2):35.8);
