Taxa bit representation:
t1 10000000
t2 01000000
t3 00100000
t4 00010000
t5 00001000
t6 00000100
t7 00000010
t8 00000001
Clade List (<taxon members> = <clade name>): 

>Dataset_0
[93,F,0.0136719,00000001,1.36719,X]
[94,F,0.0175781,00000001,1.75781,X]
[95,F,0.0341797,00000001,3.41797,X]
[0,F,0.0664062,11111110,6.64062,X]
[96,F,0.135742,00000001,13.5742,X]
[1,F,0.149414,11111110,14.9414,X]
[97,F,0.173828,00000001,17.3828,X]
[98,F,0.179688,00000001,17.9688,X]
[2,F,0.209853,11111100,20.9853,X]
[99,F,0.22168,00000001,22.168,X]
[3,F,0.23622,11111100,23.622,X]
[4,F,0.241103,11111100,24.1103,X]
[100,F,0.291992,00000001,29.1992,X]
[5,F,0.297814,11111000,29.7814,X]
[6,F,0.316369,11111000,31.6369,X]
[66,F,0.325087,00000010,32.5087,X]
[50,F,0.325158,00000100,32.5158,X]
[51,F,0.331994,00000100,33.1994,X]
[101,F,0.338867,00000001,33.8867,X]
[52,F,0.341759,00000100,34.1759,X]
[53,F,0.386681,00000100,38.6681,X]
[102,F,0.389648,00000001,38.9648,X]
[7,F,0.392541,11111000,39.2541,X]
[103,F,0.40332,00000001,40.332,X]
[104,F,0.408203,00000001,40.8203,X]
[67,F,0.412002,00000010,41.2002,X]
[68,F,0.417861,00000010,41.7861,X]
[8,F,0.425744,11111000,42.5744,X]
[69,F,0.445205,00000010,44.5205,X]
[54,F,0.450158,00000100,45.0158,X]
[9,F,0.450559,11110000,45.0559,X]
[36,F,0.465208,00001000,46.5208,X]
[105,F,0.475586,00000001,47.5586,X]
[55,F,0.478478,00000100,47.8478,X]
[70,F,0.480361,00000010,48.0361,X]
[56,F,0.480431,00000100,48.0431,X]
[71,F,0.495009,00000010,49.5009,X]
[37,F,0.514036,00001000,51.4036,X]
[106,F,0.516602,00000001,51.6602,X]
[107,F,0.517578,00000001,51.7578,X]
[72,F,0.519423,00000010,51.9423,X]
[10,F,0.519895,11110000,51.9895,X]
[108,F,0.523438,00000001,52.3438,X]
[11,F,0.524778,11110000,52.4778,X]
[109,F,0.52832,00000001,52.832,X]
[110,F,0.541992,00000001,54.1992,X]
[73,F,0.542861,00000010,54.2861,X]
[74,F,0.547744,00000010,54.7744,X]
[75,F,0.549697,00000010,54.9697,X]
[12,F,0.557005,11110000,55.7005,X]
[38,F,0.563841,00001000,56.3841,X]
[111,F,0.56543,00000001,56.543,X]
[13,F,0.565794,11110000,56.5794,X]
[76,F,0.577041,00000010,57.7041,X]
[77,F,0.587783,00000010,58.7783,X]
[57,F,0.590783,00000100,59.0783,X]
[14,F,0.591184,11110000,59.1184,X]
[15,F,0.592161,11110000,59.2161,X]
[39,F,0.595091,00001000,59.5091,X]
[16,F,0.598997,11110000,59.8997,X]
[58,F,0.599572,00000100,59.9572,X]
[40,F,0.609739,00001000,60.9739,X]
[41,F,0.612669,00001000,61.2669,X]
[78,F,0.61415,00000010,61.415,X]
[79,F,0.618056,00000010,61.8056,X]
[112,F,0.625,00000001,62.5,X]
[59,F,0.626916,00000100,62.6916,X]
[80,F,0.634658,00000010,63.4658,X]
[26,F,0.634873,00010000,63.4873,X]
[27,F,0.655381,00010000,65.5381,X]
[113,F,0.692383,00000001,69.2383,X]
[28,F,0.692491,00010000,69.2491,X]
[81,F,0.694228,00000010,69.4228,X]
[82,F,0.698134,00000010,69.8134,X]
[114,F,0.711914,00000001,71.1914,X]
[17,F,0.719834,11100000,71.9834,X]
[29,F,0.720811,00010000,72.0811,X]
[83,F,0.733291,00000010,73.3291,X]
[42,F,0.733762,00001000,73.3762,X]
[115,F,0.743164,00000001,74.3164,X]
[60,F,0.751916,00000100,75.1916,X]
[61,F,0.755822,00000100,75.5822,X]
[43,F,0.759153,00001000,75.9153,X]
[84,F,0.760634,00000010,76.0634,X]
[30,F,0.762803,00010000,76.2803,X]
[18,F,0.765086,11000000,76.5086,X]
[85,F,0.76747,00000010,76.747,X]
[116,F,0.770508,00000001,77.0508,X]
[31,F,0.771592,00010000,77.1592,X]
[117,F,0.774414,00000001,77.4414,X]
[118,F,0.775391,00000001,77.5391,X]
[62,F,0.791955,00000100,79.1955,X]
[119,F,0.811523,00000001,81.1523,X]
[19,F,0.821727,11000000,82.1727,X]
[120,F,0.832031,00000001,83.2031,X]
[44,F,0.836302,00001000,83.6302,X]
[23,F,0.844187,00100000,84.4188,X]
[20,F,0.848094,11000000,84.8094,X]
[32,F,0.852647,00010000,85.2647,X]
[121,F,0.861328,00000001,86.1328,X]
[122,F,0.866211,00000001,86.6211,X]
[123,F,0.868164,00000001,86.8164,X]
[63,F,0.876916,00000100,87.6916,X]
[24,F,0.891062,00100000,89.1063,X]
[33,F,0.895616,00010000,89.5616,X]
[86,F,0.904189,00000010,90.4189,X]
[64,F,0.904259,00000100,90.4259,X]
[45,F,0.906614,00001000,90.6614,X]
[87,F,0.908095,00000010,90.8095,X]
[124,F,0.914062,00000001,91.4062,X]
[25,F,0.9145,00100000,91.45,X]
[46,F,0.918333,00001000,91.8333,X]
[88,F,0.92372,00000010,92.372,X]
[47,F,0.926145,00001000,92.6145,X]
[48,F,0.929075,00001000,92.9075,X]
[89,F,0.934462,00000010,93.4462,X]
[90,F,0.942275,00000010,94.2275,X]
[91,F,0.947158,00000010,94.7158,X]
[125,F,0.949219,00000001,94.9219,X]
[34,F,0.963975,00010000,96.3975,X]
[35,F,0.966905,00010000,96.6905,X]
[49,F,0.967161,00001000,96.7161,X]
[21,F,0.967234,11000000,96.7234,X]
[65,F,0.968712,00000100,96.8713,X]
[22,F,0.971141,11000000,97.1141,X]
[92,F,0.978408,00000010,97.8408,X]
GUIDE_TREE_PARTITION1=(((((((t1:0.44,t2:0.44):26.86,t3:27.3):12.24,t4:39.54):15.99,t5:55.53):17.13,t6:72.66):6.55,t7:79.21):20.79,t8:100);
