Taxa bit representation:
t1 10000000
t2 01000000
t3 00100000
t4 00010000
t5 00001000
t6 00000100
t7 00000010
t8 00000001
Clade List (<taxon members> = <clade name>): 

>Dataset_0
[0,F,0.0566406,11111100,5.66406,X]
[1,F,0.0820312,11111100,8.20312,X]
[94,F,0.0889812,00000001,8.89813,X]
[2,F,0.101562,11111100,10.1562,X]
[68,F,0.155388,00000010,15.5388,X]
[3,F,0.15918,11111100,15.918,X]
[69,F,0.176872,00000010,17.6872,X]
[70,F,0.178825,00000010,17.8825,X]
[95,F,0.212028,00000001,21.2028,X]
[96,F,0.213981,00000001,21.3981,X]
[4,F,0.223633,11111100,22.3633,X]
[71,F,0.226677,00000010,22.6677,X]
[5,F,0.227539,11111100,22.7539,X]
[72,F,0.231559,00000010,23.1559,X]
[97,F,0.243278,00000001,24.3278,X]
[73,F,0.253044,00000010,25.3044,X]
[98,F,0.254997,00000001,25.4997,X]
[99,F,0.299919,00000001,29.9919,X]
[74,F,0.301872,00000010,30.1872,X]
[75,F,0.305778,00000010,30.5778,X]
[100,F,0.309684,00000001,30.9684,X]
[76,F,0.325309,00000010,32.5309,X]
[6,F,0.336914,11111100,33.6914,X]
[7,F,0.34668,11111100,34.668,X]
[8,F,0.396484,11111100,39.6484,X]
[101,F,0.400505,00000001,40.0505,X]
[9,F,0.405273,11111100,40.5273,X]
[10,F,0.410156,11111100,41.0156,X]
[77,F,0.425895,00000010,42.5895,X]
[102,F,0.446403,00000001,44.6403,X]
[11,F,0.456055,11111100,45.6055,X]
[103,F,0.487419,00000001,48.7419,X]
[104,F,0.493278,00000001,49.3278,X]
[78,F,0.501091,00000010,50.1091,X]
[12,F,0.501725,11100000,50.1725,X]
[105,F,0.510856,00000001,51.0856,X]
[13,F,0.524186,11100000,52.4186,X]
[50,F,0.530011,00001100,53.0011,X]
[79,F,0.532341,00000010,53.2341,X]
[51,F,0.54173,00001100,54.173,X]
[32,F,0.54567,00010000,54.567,X]
[14,F,0.5486,11100000,54.86,X]
[52,F,0.549542,00001100,54.9542,X]
[33,F,0.554459,00010000,55.4459,X]
[34,F,0.556412,00010000,55.6412,X]
[35,F,0.567155,00010000,56.7155,X]
[106,F,0.573356,00000001,57.3356,X]
[80,F,0.584098,00000010,58.4098,X]
[107,F,0.601677,00000001,60.1677,X]
[81,F,0.63195,00000010,63.195,X]
[24,F,0.634253,00100000,63.4253,X]
[53,F,0.638409,00001100,63.8409,X]
[36,F,0.63942,00010000,63.942,X]
[25,F,0.649878,00100000,64.9878,X]
[15,F,0.66062,11000000,66.062,X]
[26,F,0.66062,00100000,66.062,X]
[82,F,0.665153,00000010,66.5153,X]
[54,F,0.671613,00001100,67.1613,X]
[27,F,0.693823,00100000,69.3823,X]
[83,F,0.69445,00000010,69.445,X]
[16,F,0.6948,11000000,69.48,X]
[84,F,0.701286,00000010,70.1286,X]
[85,F,0.703239,00000010,70.3239,X]
[17,F,0.711402,11000000,71.1402,X]
[86,F,0.715934,00000010,71.5934,X]
[28,F,0.716284,00100000,71.6284,X]
[37,F,0.737077,00010000,73.7077,X]
[55,F,0.739972,00001100,73.9972,X]
[87,F,0.742302,00000010,74.2302,X]
[38,F,0.745866,00010000,74.5866,X]
[29,F,0.751441,00100000,75.1441,X]
[39,F,0.758561,00010000,75.8561,X]
[40,F,0.775162,00010000,77.5162,X]
[108,F,0.775505,00000001,77.5505,X]
[60,F,0.794798,00000100,79.4798,X]
[41,F,0.796647,00010000,79.6647,X]
[42,F,0.803483,00010000,80.3483,X]
[109,F,0.803825,00000001,80.3825,X]
[18,F,0.8198,11000000,81.98,X]
[19,F,0.820777,11000000,82.0777,X]
[43,F,0.821061,00010000,82.1061,X]
[88,F,0.82238,00000010,82.238,X]
[44,F,0.824967,00010000,82.4967,X]
[61,F,0.83972,00000100,83.972,X]
[110,F,0.848747,00000001,84.8747,X]
[62,F,0.849486,00000100,84.9486,X]
[56,F,0.851439,00001000,85.1439,X]
[111,F,0.864372,00000001,86.4372,X]
[112,F,0.868278,00000001,86.8278,X]
[57,F,0.869017,00001000,86.9017,X]
[30,F,0.874487,00100000,87.4488,X]
[58,F,0.879759,00001000,87.9759,X]
[63,F,0.880736,00000100,88.0736,X]
[20,F,0.8823,11000000,88.23,X]
[64,F,0.891478,00000100,89.1478,X]
[89,F,0.891716,00000010,89.1716,X]
[45,F,0.898209,00010000,89.8209,X]
[46,F,0.906998,00010000,90.6998,X]
[21,F,0.912573,11000000,91.2573,X]
[47,F,0.912858,00010000,91.2858,X]
[59,F,0.912963,00001000,91.2963,X]
[90,F,0.920036,00000010,92.0036,X]
[65,F,0.928588,00000100,92.8588,X]
[48,F,0.937272,00010000,93.7272,X]
[113,F,0.94152,00000001,94.152,X]
[91,F,0.94738,00000010,94.738,X]
[31,F,0.950659,00100000,95.0659,X]
[66,F,0.956908,00000100,95.6908,X]
[49,F,0.959733,00010000,95.9733,X]
[92,F,0.962028,00000010,96.2028,X]
[23,F,0.970736,01000000,97.0736,X]
[93,F,0.970817,00000010,97.0817,X]
[22,F,0.971712,10000000,97.1713,X]
[67,F,0.978392,00000100,97.8392,X]
[114,F,0.982536,00000001,98.2536,X]
[115,F,0.990348,00000001,99.0348,X]
[116,F,0.992302,00000001,99.2302,X]
GUIDE_TREE_PARTITION1=(((((t1:3.61,t2:3.61):39.41,t3:43.02):8.37,t4:51.39):0.98,(t5:25.11,t6:25.11):27.26):47.63,(t7:96.18,t8:96.18):3.82);
