Taxa bit representation:
t1 10000000
t2 01000000
t3 00100000
t4 00010000
t5 00001000
t6 00000100
t7 00000010
t8 00000001
Clade List (<taxon members> = <clade name>): 

>Dataset_0
[101,F,0.0273438,00000011,2.73438,X]
[102,F,0.0478516,00000011,4.78516,X]
[103,F,0.0625,00000011,6.25,X]
[0,F,0.0742188,11111100,7.42188,X]
[104,F,0.0888672,00000011,8.88672,X]
[63,F,0.0889359,00001100,8.89359,X]
[64,F,0.100655,00001100,10.0655,X]
[40,F,0.119531,00010000,11.9531,X]
[65,F,0.126045,00001100,12.6045,X]
[66,F,0.139717,00001100,13.9717,X]
[1,F,0.175195,11100000,17.5195,X]
[41,F,0.176172,00010000,17.6172,X]
[67,F,0.214913,00001100,21.4913,X]
[42,F,0.218164,00010000,21.8164,X]
[68,F,0.223702,00001100,22.3702,X]
[105,F,0.228516,00000011,22.8516,X]
[106,F,0.257812,00000011,25.7812,X]
[107,F,0.262695,00000011,26.2695,X]
[69,F,0.265694,00001100,26.5694,X]
[70,F,0.267647,00001100,26.7647,X]
[43,F,0.282617,00010000,28.2617,X]
[44,F,0.283594,00010000,28.3594,X]
[71,F,0.288155,00001100,28.8155,X]
[108,F,0.291016,00000011,29.1016,X]
[72,F,0.293038,00001100,29.3038,X]
[45,F,0.31875,00010000,31.875,X]
[73,F,0.319405,00001100,31.9405,X]
[74,F,0.330147,00001100,33.0147,X]
[2,F,0.331445,11100000,33.1445,X]
[3,F,0.338281,11100000,33.8281,X]
[75,F,0.344795,00001100,34.4795,X]
[76,F,0.370186,00001100,37.0186,X]
[77,F,0.373116,00001100,37.3116,X]
[46,F,0.388086,00010000,38.8086,X]
[109,F,0.398438,00000011,39.8438,X]
[4,F,0.413477,11100000,41.3477,X]
[47,F,0.414453,00010000,41.4453,X]
[5,F,0.417383,11100000,41.7383,X]
[110,F,0.420898,00000011,42.0898,X]
[78,F,0.420967,00001100,42.0967,X]
[79,F,0.42292,00001100,42.292,X]
[6,F,0.425195,11100000,42.5195,X]
[48,F,0.427148,00010000,42.7148,X]
[7,F,0.428125,11100000,42.8125,X]
[111,F,0.441406,00000011,44.1406,X]
[80,F,0.441475,00001100,44.1475,X]
[8,F,0.44668,11100000,44.668,X]
[81,F,0.465889,00001100,46.5889,X]
[20,F,0.501442,01000000,50.1442,X]
[21,F,0.506325,01000000,50.6325,X]
[82,F,0.513741,00001100,51.3741,X]
[49,F,0.514062,00010000,51.4062,X]
[29,F,0.514297,00100000,51.4297,X]
[112,F,0.521484,00000011,52.1484,X]
[50,F,0.528711,00010000,52.8711,X]
[9,F,0.540505,10000000,54.0505,X]
[51,F,0.563867,00010000,56.3867,X]
[83,F,0.572334,00001100,57.2334,X]
[113,F,0.579102,00000011,57.9102,X]
[84,F,0.591866,00001100,59.1866,X]
[10,F,0.596169,10000000,59.6169,X]
[30,F,0.597305,00100000,59.7305,X]
[85,F,0.604561,00001100,60.4561,X]
[11,F,0.610817,10000000,61.0817,X]
[114,F,0.618164,00000011,61.8164,X]
[31,F,0.624648,00100000,62.4648,X]
[52,F,0.638086,00010000,63.8086,X]
[86,F,0.648506,00001100,64.8506,X]
[115,F,0.65625,00000011,65.625,X]
[53,F,0.657617,00010000,65.7617,X]
[12,F,0.667458,10000000,66.7458,X]
[22,F,0.670387,01000000,67.0387,X]
[23,F,0.702614,01000000,70.2614,X]
[24,F,0.722145,01000000,72.2145,X]
[116,F,0.730469,00000011,73.0469,X]
[117,F,0.752284,00000010,75.2284,X]
[118,F,0.753261,00000010,75.3261,X]
[32,F,0.762344,00100000,76.2344,X]
[87,F,0.77253,00001100,77.253,X]
[88,F,0.776436,00001100,77.6436,X]
[33,F,0.781875,00100000,78.1875,X]
[34,F,0.782852,00100000,78.2852,X]
[25,F,0.785622,01000000,78.5622,X]
[123,F,0.789394,00000001,78.9394,X]
[119,F,0.7933,00000010,79.33,X]
[13,F,0.795387,10000000,79.5387,X]
[54,F,0.796289,00010000,79.6289,X]
[93,F,0.802853,00000100,80.2853,X]
[120,F,0.807948,00000010,80.7948,X]
[94,F,0.810666,00000100,81.0666,X]
[14,F,0.827614,10000000,82.7614,X]
[26,F,0.846169,01000000,84.6169,X]
[27,F,0.853005,01000000,85.3005,X]
[89,F,0.853634,00001000,85.3634,X]
[55,F,0.855859,00010000,85.5859,X]
[35,F,0.864883,00100000,86.4883,X]
[56,F,0.869531,00010000,86.9531,X]
[57,F,0.873437,00010000,87.3438,X]
[58,F,0.874414,00010000,87.4414,X]
[124,F,0.876308,00000001,87.6308,X]
[36,F,0.878555,00100000,87.8555,X]
[37,F,0.89418,00100000,89.418,X]
[95,F,0.89465,00000100,89.465,X]
[121,F,0.894863,00000010,89.4862,X]
[96,F,0.901486,00000100,90.1486,X]
[38,F,0.905898,00100000,90.5898,X]
[59,F,0.907617,00010000,90.7617,X]
[97,F,0.914181,00000100,91.4181,X]
[15,F,0.914528,10000000,91.4528,X]
[16,F,0.917458,10000000,91.7458,X]
[98,F,0.921017,00000100,92.1017,X]
[17,F,0.921364,10000000,92.1364,X]
[60,F,0.932031,00010000,93.2031,X]
[122,F,0.932948,00000010,93.2948,X]
[18,F,0.933083,10000000,93.3083,X]
[90,F,0.933712,00001000,93.3712,X]
[99,F,0.934689,00000100,93.4689,X]
[61,F,0.934961,00010000,93.4961,X]
[19,F,0.941872,10000000,94.1872,X]
[91,F,0.944455,00001000,94.4455,X]
[92,F,0.946408,00001000,94.6408,X]
[100,F,0.949337,00000100,94.9337,X]
[39,F,0.971328,00100000,97.1328,X]
[125,F,0.979823,00000001,97.9823,X]
[62,F,0.984766,00010000,98.4766,X]
[28,F,0.998512,01000000,99.8512,X]
GUIDE_TREE_PARTITION1=(((((t1:50.93,t2:50.93):0.57,t3:51.5):38.5,t4:90):1.79,(t5:19.91,t6:19.91):71.88):8.21,(t7:26.92,t8:26.92):73.08);
