Taxa bit representation:
t1 10000000
t2 01000000
t3 00100000
t4 00010000
t5 00001000
t6 00000100
t7 00000010
t8 00000001
Clade List (<taxon members> = <clade name>): 

>Dataset_0
[47,F,0.0957031,00000001,9.57031,X]
[33,F,0.165059,00000100,16.5059,X]
[0,F,0.183614,11111000,18.3614,X]
[34,F,0.200216,00000100,20.0216,X]
[1,F,0.227559,11111000,22.7559,X]
[24,F,0.267502,00001000,26.7502,X]
[48,F,0.273438,00000001,27.3438,X]
[40,F,0.280359,00000010,28.0359,X]
[35,F,0.307638,00000100,30.7638,X]
[2,F,0.310058,11100000,31.0058,X]
[3,F,0.311034,11100000,31.1034,X]
[4,F,0.318847,11100000,31.8847,X]
[41,F,0.324305,00000010,32.4305,X]
[11,F,0.347325,00100000,34.7325,X]
[25,F,0.374923,00001000,37.4923,X]
[26,F,0.388595,00001000,38.8595,X]
[5,F,0.390294,11000000,39.0294,X]
[27,F,0.453048,00001000,45.3048,X]
[42,F,0.49618,00000010,49.618,X]
[6,F,0.507481,11000000,50.7481,X]
[28,F,0.519455,00001000,51.9455,X]
[29,F,0.53215,00001000,53.215,X]
[43,F,0.532312,00000010,53.2312,X]
[49,F,0.533203,00000001,53.3203,X]
[12,F,0.562169,00100000,56.2169,X]
[13,F,0.58463,00100000,58.463,X]
[30,F,0.596603,00001000,59.6603,X]
[31,F,0.602463,00001000,60.2463,X]
[36,F,0.658223,00000100,65.8223,X]
[7,F,0.670567,11000000,67.0567,X]
[37,F,0.679708,00000100,67.9708,X]
[17,F,0.693847,00010000,69.3847,X]
[18,F,0.712402,00010000,71.2402,X]
[44,F,0.730555,00000010,73.0555,X]
[32,F,0.7509,00001000,75.09,X]
[19,F,0.757323,00010000,75.7323,X]
[50,F,0.771484,00000001,77.1484,X]
[20,F,0.78662,00010000,78.662,X]
[38,F,0.790059,00000100,79.0059,X]
[45,F,0.794031,00000010,79.4031,X]
[14,F,0.794591,00100000,79.4591,X]
[15,F,0.80045,00100000,80.045,X]
[8,F,0.823888,11000000,82.3888,X]
[21,F,0.824706,00010000,82.4706,X]
[22,F,0.835448,00010000,83.5448,X]
[23,F,0.853027,00010000,85.3027,X]
[51,F,0.857422,00000001,85.7422,X]
[52,F,0.875977,00000001,87.5977,X]
[9,F,0.893895,10000000,89.3895,X]
[46,F,0.918055,00000010,91.8055,X]
[16,F,0.92838,00100000,92.838,X]
[39,F,0.932638,00000100,93.2638,X]
[10,F,0.993505,01000000,99.3505,X]
GUIDE_TREE_PARTITION1=(((((((t1:11.88,t2:11.88):54.95,t3:66.83):7.34,t4:74.17):0.74,t5:74.91):15.42,t6:90.33):0.97,t7:91.3):8.7,t8:100);
