Taxa bit representation:
t1 10000000
t2 01000000
t3 00100000
t4 00010000
t5 00001000
t6 00000100
t7 00000010
t8 00000001
Clade List (<taxon members> = <clade name>): 

>Dataset_0
[0,F,0.0234375,11110000,2.34375,X]
[1,F,0.0302734,11110000,3.02734,X]
[47,F,0.0439453,00001111,4.39453,X]
[2,F,0.0634766,11110000,6.34766,X]
[3,F,0.0742188,11110000,7.42188,X]
[4,F,0.0917969,11110000,9.17969,X]
[48,F,0.100861,00001100,10.0861,X]
[90,F,0.116486,00000011,11.6486,X]
[49,F,0.120392,00001100,12.0392,X]
[5,F,0.121094,11110000,12.1094,X]
[50,F,0.124298,00001100,12.4298,X]
[51,F,0.138947,00001100,13.8947,X]
[52,F,0.178986,00001100,17.8986,X]
[91,F,0.183869,00000011,18.3869,X]
[6,F,0.191406,11110000,19.1406,X]
[7,F,0.204102,11110000,20.4102,X]
[8,F,0.205078,11110000,20.5078,X]
[92,F,0.218048,00000011,21.8048,X]
[93,F,0.232697,00000011,23.2697,X]
[94,F,0.238556,00000011,23.8556,X]
[9,F,0.242188,11110000,24.2188,X]
[53,F,0.253205,00001100,25.3205,X]
[54,F,0.26297,00001100,26.297,X]
[95,F,0.276642,00000011,27.6642,X]
[10,F,0.310547,11110000,31.0547,X]
[11,F,0.336914,11110000,33.6914,X]
[55,F,0.341005,00001000,34.1005,X]
[96,F,0.341095,00000011,34.1095,X]
[73,F,0.342958,00000100,34.2958,X]
[56,F,0.364442,00001000,36.4442,X]
[12,F,0.371094,11110000,37.1094,X]
[74,F,0.381044,00000100,38.1044,X]
[97,F,0.408478,00000011,40.8478,X]
[75,F,0.414247,00000100,41.4247,X]
[57,F,0.415223,00001000,41.5223,X]
[98,F,0.415314,00000011,41.5314,X]
[99,F,0.417267,00000011,41.7267,X]
[58,F,0.41913,00001000,41.913,X]
[13,F,0.445312,11110000,44.5312,X]
[14,F,0.47168,11110000,47.168,X]
[76,F,0.471864,00000100,47.1864,X]
[31,F,0.507991,00110000,50.7991,X]
[77,F,0.511903,00000100,51.1903,X]
[78,F,0.529481,00000100,52.9481,X]
[32,F,0.538264,00110000,53.8264,X]
[100,F,0.539338,00000011,53.9338,X]
[33,F,0.546077,00110000,54.6077,X]
[34,F,0.551936,00110000,55.1936,X]
[59,F,0.561708,00001000,56.1708,X]
[21,F,0.562331,01000000,56.2331,X]
[60,F,0.564638,00001000,56.4638,X]
[61,F,0.570497,00001000,57.0497,X]
[15,F,0.57112,10000000,57.112,X]
[62,F,0.571473,00001000,57.1473,X]
[63,F,0.579286,00001000,57.9286,X]
[35,F,0.587092,00110000,58.7092,X]
[64,F,0.598817,00001000,59.8817,X]
[79,F,0.611513,00000100,61.1513,X]
[36,F,0.623225,00110000,62.3225,X]
[37,F,0.636897,00110000,63.6897,X]
[38,F,0.640803,00110000,64.0803,X]
[22,F,0.642409,01000000,64.2409,X]
[16,F,0.646316,10000000,64.6316,X]
[23,F,0.646316,01000000,64.6316,X]
[101,F,0.655548,00000011,65.5548,X]
[80,F,0.659364,00000100,65.9364,X]
[39,F,0.664241,00110000,66.4241,X]
[40,F,0.666194,00110000,66.6194,X]
[17,F,0.669753,10000000,66.9753,X]
[102,F,0.677033,00000011,67.7033,X]
[81,F,0.677919,00000100,67.7919,X]
[82,F,0.680848,00000100,68.0848,X]
[65,F,0.682802,00001000,68.2802,X]
[103,F,0.698517,00000011,69.8517,X]
[24,F,0.704909,01000000,70.4909,X]
[111,F,0.711566,00000001,71.1566,X]
[83,F,0.736513,00000100,73.6513,X]
[104,F,0.740862,00000010,74.0862,X]
[66,F,0.748231,00001000,74.8231,X]
[112,F,0.752581,00000001,75.2581,X]
[18,F,0.752761,10000000,75.2761,X]
[67,F,0.756044,00001000,75.6044,X]
[84,F,0.771669,00000100,77.1669,X]
[105,F,0.772112,00000010,77.2112,X]
[25,F,0.780105,01000000,78.0105,X]
[113,F,0.781878,00000001,78.1878,X]
[26,F,0.788894,01000000,78.8894,X]
[41,F,0.794123,00110000,79.4123,X]
[27,F,0.804519,01000000,80.4519,X]
[106,F,0.806292,00000010,80.6292,X]
[85,F,0.806825,00000100,80.6825,X]
[86,F,0.807802,00000100,80.7802,X]
[114,F,0.816058,00000001,81.6058,X]
[87,F,0.820497,00000100,82.0497,X]
[42,F,0.827327,00110000,82.7327,X]
[115,F,0.845355,00000001,84.5355,X]
[107,F,0.848284,00000010,84.8284,X]
[108,F,0.850237,00000010,85.0237,X]
[28,F,0.856277,01000000,85.6277,X]
[43,F,0.8576,00110000,85.76,X]
[19,F,0.866042,10000000,86.6042,X]
[116,F,0.883441,00000001,88.3441,X]
[44,F,0.885077,00100000,88.5077,X]
[88,F,0.900575,00000100,90.0575,X]
[109,F,0.913714,00000010,91.3714,X]
[68,F,0.9162,00001000,91.62,X]
[69,F,0.917177,00001000,91.7177,X]
[70,F,0.922059,00001000,92.2059,X]
[29,F,0.925612,01000000,92.5613,X]
[89,F,0.943544,00000100,94.3544,X]
[20,F,0.955886,10000000,95.5886,X]
[110,F,0.957659,00000010,95.7659,X]
[46,F,0.958319,00010000,95.8319,X]
[30,F,0.967605,01000000,96.7605,X]
[71,F,0.974794,00001000,97.4794,X]
[45,F,0.979803,00100000,97.9803,X]
[72,F,0.983583,00001000,98.3583,X]
GUIDE_TREE_PARTITION1=(((t1:45.72,t2:45.72):6.02,(t3:11.59,t4:11.59):40.15):48.26,((t5:70.88,t6:70.88):21.28,(t7:29.82,t8:29.82):62.34):7.84);
