Taxa bit representation:
t1 10000000
t2 01000000
t3 00100000
t4 00010000
t5 00001000
t6 00000100
t7 00000010
t8 00000001
Clade List (<taxon members> = <clade name>): 

>Dataset_0
[69,F,0.0273438,00001111,2.73438,X]
[0,F,0.0332031,11110000,3.32031,X]
[70,F,0.0507812,00001111,5.07812,X]
[1,F,0.053625,11000000,5.3625,X]
[71,F,0.0771484,00001111,7.71484,X]
[72,F,0.0966797,00001111,9.66797,X]
[73,F,0.100586,00001111,10.0586,X]
[74,F,0.106445,00001111,10.6445,X]
[2,F,0.116125,11000000,11.6125,X]
[3,F,0.118078,11000000,11.8078,X]
[4,F,0.12882,11000000,12.882,X]
[24,F,0.169836,00110000,16.9836,X]
[75,F,0.198242,00001111,19.8242,X]
[5,F,0.232336,11000000,23.2336,X]
[25,F,0.25382,00110000,25.382,X]
[6,F,0.267492,11000000,26.7492,X]
[26,F,0.277258,00110000,27.7258,X]
[76,F,0.282227,00001111,28.2227,X]
[7,F,0.310461,11000000,31.0461,X]
[77,F,0.318359,00001111,31.8359,X]
[8,F,0.330969,11000000,33.0969,X]
[27,F,0.337316,00100000,33.7316,X]
[53,F,0.349034,00010000,34.9034,X]
[78,F,0.359375,00001111,35.9375,X]
[9,F,0.361242,11000000,36.1242,X]
[10,F,0.362219,11000000,36.2219,X]
[28,F,0.366612,00100000,36.6612,X]
[29,F,0.375402,00100000,37.5402,X]
[30,F,0.397862,00100000,39.7862,X]
[54,F,0.406652,00010000,40.6652,X]
[79,F,0.410156,00001111,41.0156,X]
[31,F,0.428136,00100000,42.8136,X]
[32,F,0.434972,00100000,43.4972,X]
[33,F,0.439855,00100000,43.9855,X]
[11,F,0.446203,11000000,44.6203,X]
[80,F,0.446289,00001111,44.6289,X]
[12,F,0.450109,11000000,45.0109,X]
[34,F,0.451573,00100000,45.1573,X]
[55,F,0.456456,00010000,45.6456,X]
[56,F,0.461339,00010000,46.1339,X]
[13,F,0.473547,11000000,47.3547,X]
[35,F,0.510167,00100000,51.0167,X]
[81,F,0.514216,00001100,51.4216,X]
[92,F,0.524958,00000011,52.4958,X]
[36,F,0.530675,00100000,53.0675,X]
[14,F,0.531164,11000000,53.1164,X]
[93,F,0.53277,00000011,53.277,X]
[57,F,0.540441,00010000,54.0441,X]
[58,F,0.54923,00010000,54.923,X]
[94,F,0.570856,00000011,57.0856,X]
[37,F,0.575597,00100000,57.5597,X]
[82,F,0.588434,00001100,58.8434,X]
[83,F,0.612848,00001100,61.2848,X]
[84,F,0.620661,00001100,62.0661,X]
[38,F,0.629308,00100000,62.9308,X]
[85,F,0.631403,00001100,63.1403,X]
[95,F,0.639216,00000011,63.9216,X]
[86,F,0.648005,00001100,64.8005,X]
[15,F,0.655188,11000000,65.5187,X]
[96,F,0.655817,00000011,65.5817,X]
[59,F,0.675206,00010000,67.5206,X]
[39,F,0.679112,00100000,67.9112,X]
[40,F,0.695714,00100000,69.5714,X]
[16,F,0.698156,11000000,69.8156,X]
[60,F,0.712316,00010000,71.2316,X]
[97,F,0.716364,00000011,71.6364,X]
[98,F,0.717341,00000011,71.7341,X]
[61,F,0.724034,00010000,72.4034,X]
[62,F,0.725987,00010000,72.5987,X]
[41,F,0.739659,00100000,73.9659,X]
[99,F,0.742731,00000011,74.2731,X]
[63,F,0.76798,00010000,76.798,X]
[42,F,0.773839,00100000,77.3839,X]
[43,F,0.788487,00100000,78.8487,X]
[64,F,0.800206,00010000,80.0206,X]
[44,F,0.801183,00100000,80.1183,X]
[100,F,0.803383,00000010,80.3383,X]
[106,F,0.806312,00000001,80.6312,X]
[65,F,0.818761,00010000,81.8761,X]
[45,F,0.821691,00100000,82.1691,X]
[66,F,0.835362,00010000,83.5362,X]
[87,F,0.840388,00001100,84.0388,X]
[17,F,0.842688,11000000,84.2687,X]
[46,F,0.843175,00100000,84.3175,X]
[88,F,0.844294,00001100,84.4294,X]
[101,F,0.844398,00000010,84.4398,X]
[102,F,0.861977,00000010,86.1977,X]
[47,F,0.862706,00100000,86.2706,X]
[48,F,0.873448,00100000,87.3448,X]
[89,F,0.884333,00001100,88.4333,X]
[103,F,0.894203,00000010,89.4203,X]
[67,F,0.904698,00010000,90.4698,X]
[49,F,0.906652,00100000,90.6652,X]
[104,F,0.906898,00000010,90.6898,X]
[107,F,0.912758,00000001,91.2758,X]
[68,F,0.92423,00010000,92.423,X]
[105,F,0.92643,00000010,92.643,X]
[50,F,0.936925,00100000,93.6925,X]
[20,F,0.937059,01000000,93.7059,X]
[108,F,0.938148,00000001,93.8148,X]
[90,F,0.952067,00001000,95.2067,X]
[51,F,0.95548,00100000,95.548,X]
[21,F,0.967333,01000000,96.7333,X]
[18,F,0.968309,10000000,96.8309,X]
[22,F,0.970263,01000000,97.0263,X]
[23,F,0.981005,01000000,98.1005,X]
[19,F,0.991747,10000000,99.1747,X]
[91,F,0.993083,00000100,99.3083,X]
[52,F,0.996495,00100000,99.6495,X]
GUIDE_TREE_PARTITION1=(((t1:6.88,t2:6.88):89.32,(t3:70.37,t4:70.37):25.83):3.8,((t5:7.43,t6:7.43):45.25,(t7:20.15,t8:20.15):32.53):47.32);
