Taxa bit representation:
t1 10000000
t2 01000000
t3 00100000
t4 00010000
t5 00001000
t6 00000100
t7 00000010
t8 00000001
Clade List (<taxon members> = <clade name>): 

>Dataset_0
[0,F,0.00195312,11110000,0.195312,X]
[52,F,0.0332031,00001111,3.32031,X]
[53,F,0.0380859,00001111,3.80859,X]
[1,F,0.046875,11110000,4.6875,X]
[54,F,0.0742188,00001111,7.42188,X]
[2,F,0.0908203,11110000,9.08203,X]
[55,F,0.120117,00001111,12.0117,X]
[56,F,0.121094,00001111,12.1094,X]
[3,F,0.145508,11110000,14.5508,X]
[4,F,0.165039,11110000,16.5039,X]
[5,F,0.176758,11110000,17.6758,X]
[57,F,0.176758,00001111,17.6758,X]
[6,F,0.240234,11110000,24.0234,X]
[7,F,0.290039,11110000,29.0039,X]
[8,F,0.300781,11110000,30.0781,X]
[9,F,0.325195,11110000,32.5195,X]
[58,F,0.339844,00001111,33.9844,X]
[59,F,0.383789,00001111,38.3789,X]
[60,F,0.420898,00001111,42.0898,X]
[10,F,0.441406,11110000,44.1406,X]
[11,F,0.464844,11110000,46.4844,X]
[12,F,0.512695,11110000,51.2695,X]
[13,F,0.520508,11110000,52.0508,X]
[14,F,0.536133,11110000,53.6133,X]
[15,F,0.547852,11110000,54.7852,X]
[16,F,0.552734,11110000,55.2734,X]
[61,F,0.576456,00001100,57.6456,X]
[62,F,0.582316,00001100,58.2316,X]
[17,F,0.588867,11110000,58.8867,X]
[36,F,0.620806,00110000,62.0806,X]
[77,F,0.647745,00000011,64.7745,X]
[78,F,0.649698,00000011,64.9698,X]
[37,F,0.65108,00110000,65.108,X]
[38,F,0.652056,00110000,65.2056,X]
[39,F,0.654986,00110000,65.4986,X]
[79,F,0.665323,00000011,66.5323,X]
[18,F,0.665728,11000000,66.5728,X]
[80,F,0.674113,00000011,67.4112,X]
[63,F,0.685831,00001100,68.5831,X]
[19,F,0.689166,11000000,68.9166,X]
[20,F,0.714556,11000000,71.4556,X]
[21,F,0.735808,10000000,73.5808,X]
[64,F,0.738566,00001100,73.8566,X]
[40,F,0.742877,00110000,74.2877,X]
[65,F,0.759073,00001100,75.9073,X]
[81,F,0.76005,00000011,76.005,X]
[30,F,0.779753,01000000,77.9753,X]
[82,F,0.7913,00000011,79.13,X]
[22,F,0.796355,10000000,79.6355,X]
[23,F,0.797331,10000000,79.7331,X]
[31,F,0.797331,01000000,79.7331,X]
[83,F,0.798136,00000011,79.8136,X]
[66,F,0.799113,00001100,79.9112,X]
[67,F,0.805948,00001100,80.5948,X]
[32,F,0.815886,01000000,81.5886,X]
[41,F,0.818072,00110000,81.8072,X]
[69,F,0.818977,00000100,81.8977,X]
[24,F,0.824675,10000000,82.4675,X]
[42,F,0.83272,00110000,83.272,X]
[84,F,0.836183,00000010,83.6183,X]
[25,F,0.842253,10000000,84.2253,X]
[88,F,0.848878,00000001,84.8878,X]
[43,F,0.851583,00100000,85.1583,X]
[85,F,0.858644,00000010,85.8644,X]
[33,F,0.860808,01000000,86.0808,X]
[44,F,0.866231,00100000,86.6231,X]
[26,F,0.869597,10000000,86.9597,X]
[27,F,0.877409,10000000,87.7409,X]
[47,F,0.883809,00010000,88.3809,X]
[70,F,0.885383,00000100,88.5383,X]
[45,F,0.890645,00100000,89.0645,X]
[71,F,0.892219,00000100,89.2219,X]
[34,F,0.896941,01000000,89.6941,X]
[89,F,0.897706,00000001,89.7706,X]
[48,F,0.900411,00010000,90.0411,X]
[86,F,0.916261,00000010,91.6261,X]
[72,F,0.916633,00000100,91.6633,X]
[35,F,0.917448,01000000,91.7448,X]
[49,F,0.926778,00010000,92.6778,X]
[73,F,0.946906,00000100,94.6906,X]
[50,F,0.950216,00010000,95.0216,X]
[90,F,0.961183,00000001,96.1183,X]
[28,F,0.96237,10000000,96.237,X]
[68,F,0.962531,00001000,96.2531,X]
[74,F,0.963508,00000100,96.3508,X]
[91,F,0.977784,00000001,97.7784,X]
[75,F,0.982063,00000100,98.2063,X]
[76,F,0.990852,00000100,99.0852,X]
[46,F,0.992208,00100000,99.2208,X]
[51,F,0.993184,00010000,99.3184,X]
[87,F,0.998292,00000010,99.8292,X]
[29,F,0.99948,10000000,99.948,X]
GUIDE_TREE_PARTITION1=(((t1:28.47,t2:28.47):9.84,(t3:15.33,t4:15.33):22.98):61.69,((t5:18.2,t6:18.2):27.67,(t7:16.87,t8:16.87):29):54.13);
