Taxa bit representation:
t1 10000000
t2 01000000
t3 00100000
t4 00010000
t5 00001000
t6 00000100
t7 00000010
t8 00000001
Clade List (<taxon members> = <clade name>): 

>Dataset_0
[0,F,0.0253906,11111100,2.53906,X]
[22,F,0.03125,00000011,3.125,X]
[1,F,0.0478516,11111100,4.78516,X]
[23,F,0.178711,00000011,17.8711,X]
[24,F,0.181641,00000011,18.1641,X]
[2,F,0.231445,11111100,23.1445,X]
[3,F,0.250977,11111100,25.0977,X]
[25,F,0.306641,00000011,30.6641,X]
[26,F,0.321289,00000011,32.1289,X]
[27,F,0.403986,00000010,40.3986,X]
[28,F,0.404963,00000010,40.4963,X]
[4,F,0.414114,11110000,41.4114,X]
[16,F,0.460989,00001100,46.0989,X]
[5,F,0.474661,11110000,47.4661,X]
[6,F,0.478567,11110000,47.8567,X]
[29,F,0.499689,00000010,49.9689,X]
[33,F,0.567072,00000001,56.7072,X]
[17,F,0.573294,00001100,57.3294,X]
[7,F,0.615286,11110000,61.5286,X]
[18,F,0.655461,00001000,65.5461,X]
[30,F,0.728205,00000010,72.8205,X]
[19,F,0.759953,00001000,75.9953,X]
[20,F,0.852727,00001000,85.2727,X]
[12,F,0.866797,00010000,86.6797,X]
[13,F,0.87168,00010000,87.168,X]
[34,F,0.880548,00000001,88.0548,X]
[35,F,0.892267,00000001,89.2267,X]
[21,F,0.913273,00001000,91.3273,X]
[8,F,0.92783,10000000,92.783,X]
[31,F,0.930353,00000010,93.0353,X]
[9,F,0.934666,10000000,93.4666,X]
[36,F,0.945978,00000001,94.5978,X]
[14,F,0.956641,00010000,95.6641,X]
[11,F,0.965644,00100000,96.5644,X]
[10,F,0.969822,01000000,96.9822,X]
[15,F,0.973242,00010000,97.3242,X]
[32,F,0.977228,00000010,97.7228,X]
GUIDE_TREE_PARTITION1=(((((t1:13.76,t2:13.76):11.16,t3:24.92):10.08,t4:35):26.03,(t5:36.7,t6:36.7):24.33):38.97,(t7:63.41,t8:63.41):36.59);
