Taxa bit representation:
t1 10000000
t2 01000000
t3 00100000
t4 00010000
t5 00001000
t6 00000100
t7 00000010
t8 00000001
Clade List (<taxon members> = <clade name>): 

>Dataset_0
[11,F,0.28425,00001100,28.425,X]
[4,F,0.420481,00100000,42.0481,X]
[6,F,0.422434,00010000,42.2434,X]
[7,F,0.518138,00010000,51.8138,X]
[2,F,0.655077,01000000,65.5077,X]
[13,F,0.666086,00000011,66.6086,X]
[0,F,0.737108,10000000,73.7108,X]
[1,F,0.746873,10000000,74.6873,X]
[14,F,0.772169,00000010,77.2169,X]
[8,F,0.80427,00010000,80.427,X]
[5,F,0.831614,00100000,83.1614,X]
[15,F,0.872755,00000001,87.2755,X]
[16,F,0.904981,00000001,90.4981,X]
[3,F,0.909959,01000000,90.9959,X]
[9,F,0.919505,00010000,91.9505,X]
[12,F,0.953192,00001000,95.3192,X]
[10,F,0.982005,00010000,98.2005,X]
[17,F,0.986036,00000001,98.6036,X]
GUIDE_TREE_PARTITION1=(((t1:59.59,t2:59.59):27.23,(t3:63.03,t4:63.03):23.79):13.18,((t5:15.13,t6:15.13):65.82,(t7:27.08,t8:27.08):53.87):19.05);
