Taxa bit representation:
t1 10000000
t2 01000000
t3 00100000
t4 00010000
t5 00001000
t6 00000100
t7 00000010
t8 00000001
Clade List (<taxon members> = <clade name>): 

>Dataset_0
[0,F,0.128906,11110000,12.8906,X]
[1,F,0.141602,11110000,14.1602,X]
[14,F,0.190397,00000011,19.0397,X]
[8,F,0.272616,00110000,27.2616,X]
[2,F,0.295077,11000000,29.5077,X]
[9,F,0.488436,00110000,48.8436,X]
[10,F,0.500155,00110000,50.0155,X]
[3,F,0.548538,10000000,54.8537,X]
[15,F,0.618131,00000011,61.8131,X]
[4,F,0.643264,10000000,64.3264,X]
[6,F,0.659866,01000000,65.9866,X]
[16,F,0.662077,00000011,66.2077,X]
[13,F,0.834291,00001000,83.4291,X]
[11,F,0.848788,00110000,84.8787,X]
[7,F,0.896194,01000000,89.6194,X]
[12,F,0.907248,00100000,90.7248,X]
[17,F,0.928242,00000010,92.8242,X]
[5,F,0.951858,10000000,95.1858,X]
GUIDE_TREE_PARTITION1=(((t1:47.49,t2:47.49):35.6,(t3:10.74,t4:10.74):72.35):16.91,((t5:19.11,t6:19.11):71.03,(t7:8.25,t8:8.25):81.89):9.86);
