Taxa bit representation:
t1 10000000
t2 01000000
t3 00100000
t4 00010000
t5 00001000
t6 00000100
t7 00000010
t8 00000001
Clade List (<taxon members> = <clade name>): 

>Dataset_0
[0,F,0.0253906,11110000,2.53906,X]
[26,F,0.110352,00001111,11.0352,X]
[1,F,0.155273,11110000,15.5273,X]
[42,F,0.195195,00000011,19.5195,X]
[27,F,0.209844,00001100,20.9844,X]
[43,F,0.236211,00000011,23.6211,X]
[44,F,0.269414,00000011,26.9414,X]
[45,F,0.282109,00000011,28.2109,X]
[2,F,0.313477,11110000,31.3477,X]
[52,F,0.348766,00000001,34.8766,X]
[28,F,0.360234,00001100,36.0234,X]
[53,F,0.380016,00000001,38.0016,X]
[46,F,0.390758,00000010,39.0758,X]
[3,F,0.400391,11110000,40.0391,X]
[54,F,0.428844,00000001,42.8844,X]
[47,F,0.455211,00000010,45.5211,X]
[4,F,0.482422,11110000,48.2422,X]
[5,F,0.488281,11110000,48.8281,X]
[6,F,0.506836,11110000,50.6836,X]
[33,F,0.525342,00000100,52.5342,X]
[16,F,0.527266,00110000,52.7266,X]
[29,F,0.541944,00001000,54.1944,X]
[34,F,0.547803,00000100,54.7803,X]
[7,F,0.559492,11000000,55.9492,X]
[55,F,0.599742,00000001,59.9742,X]
[35,F,0.613233,00000100,61.3233,X]
[36,F,0.614209,00000100,61.4209,X]
[17,F,0.638594,00110000,63.8594,X]
[30,F,0.660108,00001000,66.0108,X]
[8,F,0.674275,10000000,67.4275,X]
[37,F,0.695264,00000100,69.5264,X]
[56,F,0.708141,00000001,70.8141,X]
[48,F,0.723766,00000010,72.3766,X]
[13,F,0.725056,01000000,72.5056,X]
[18,F,0.727461,00110000,72.7461,X]
[19,F,0.743086,00110000,74.3086,X]
[20,F,0.746992,00110000,74.6992,X]
[9,F,0.804158,10000000,80.4158,X]
[24,F,0.80712,00010000,80.712,X]
[38,F,0.808545,00000100,80.8545,X]
[10,F,0.852986,10000000,85.2986,X]
[14,F,0.868611,01000000,86.8611,X]
[21,F,0.888175,00100000,88.8175,X]
[31,F,0.896436,00001000,89.6436,X]
[49,F,0.90443,00000010,90.443,X]
[15,F,0.912556,01000000,91.2556,X]
[50,F,0.922984,00000010,92.2984,X]
[22,F,0.924308,00100000,92.4308,X]
[39,F,0.924756,00000100,92.4756,X]
[51,F,0.945445,00000010,94.5445,X]
[11,F,0.951619,10000000,95.1619,X]
[40,F,0.963819,00000100,96.3819,X]
[41,F,0.973584,00000100,97.3584,X]
[12,F,0.982869,10000000,98.2869,X]
[23,F,0.982902,00100000,98.2902,X]
[32,F,0.984327,00001000,98.4327,X]
[25,F,0.996573,00010000,99.6573,X]
GUIDE_TREE_PARTITION1=(((t1:43.51,t2:43.51):4.74,(t3:22.12,t4:22.12):26.13):51.75,((t5:54.79,t6:54.79):26.96,(t7:66.1,t8:66.1):15.65):18.25);
