Taxa bit representation:
t1 10000000
t2 01000000
t3 00100000
t4 00010000
t5 00001000
t6 00000100
t7 00000010
t8 00000001
Clade List (<taxon members> = <clade name>): 

>Dataset_0
[15,F,0.0458984,00000011,4.58984,X]
[0,F,0.128542,11110000,12.8542,X]
[1,F,0.253542,11110000,25.3542,X]
[16,F,0.328125,00000011,32.8125,X]
[17,F,0.438477,00000011,43.8477,X]
[7,F,0.498769,00010000,49.8769,X]
[8,F,0.522206,00010000,52.2206,X]
[4,F,0.629617,00100000,62.9617,X]
[18,F,0.688477,00000011,68.8477,X]
[3,F,0.694575,01000000,69.4575,X]
[9,F,0.719472,00010000,71.9472,X]
[5,F,0.743875,00100000,74.3875,X]
[12,F,0.797891,00001000,79.7891,X]
[10,F,0.822987,00010000,82.2987,X]
[14,F,0.893594,00000100,89.3594,X]
[21,F,0.913825,00000001,91.3825,X]
[6,F,0.929422,00100000,92.9422,X]
[11,F,0.929433,00010000,92.9433,X]
[2,F,0.953364,10000000,95.3364,X]
[19,F,0.956794,00000010,95.6794,X]
[20,F,0.962653,00000010,96.2653,X]
[13,F,0.967812,00001000,96.7812,X]
GUIDE_TREE_PARTITION1=(((((t1:35.23,t2:35.23):13.82,t3:49.05):5.37,t4:54.42):33.8,(t5:85.25,t6:85.25):2.97):11.78,(t7:16.43,t8:16.43):83.57);
