Taxa bit representation:
t1 10000000
t2 01000000
t3 00100000
t4 00010000
t5 00001000
t6 00000100
t7 00000010
t8 00000001
Clade List (<taxon members> = <clade name>): 

>Dataset_0
[36,F,0.0253906,00000001,2.53906,X]
[0,F,0.0898438,11111110,8.98438,X]
[37,F,0.202148,00000001,20.2148,X]
[1,F,0.206055,11111110,20.6055,X]
[2,F,0.25,11111110,25,X]
[38,F,0.342773,00000001,34.2773,X]
[39,F,0.381836,00000001,38.1836,X]
[40,F,0.405273,00000001,40.5273,X]
[41,F,0.454102,00000001,45.4102,X]
[3,F,0.457967,11111000,45.7967,X]
[23,F,0.487895,00000010,48.7895,X]
[24,F,0.513286,00000010,51.3286,X]
[15,F,0.531209,00000100,53.1209,X]
[25,F,0.57188,00000010,57.188,X]
[4,F,0.596877,11110000,59.6877,X]
[42,F,0.610352,00000001,61.0352,X]
[26,F,0.620708,00000010,62.0708,X]
[5,F,0.649611,11110000,64.9611,X]
[27,F,0.654888,00000010,65.4888,X]
[16,F,0.698202,00000100,69.8202,X]
[43,F,0.701172,00000001,70.1172,X]
[6,F,0.761916,11110000,76.1916,X]
[28,F,0.762309,00000010,76.2309,X]
[17,F,0.791952,00000100,79.1952,X]
[7,F,0.804809,11100000,80.4809,X]
[29,F,0.819927,00000010,81.9927,X]
[12,F,0.832228,00001000,83.2228,X]
[13,F,0.849806,00001000,84.9806,X]
[8,F,0.853012,11000000,85.3012,X]
[44,F,0.859375,00000001,85.9375,X]
[30,F,0.861919,00000010,86.1919,X]
[45,F,0.87793,00000001,87.793,X]
[9,F,0.878403,11000000,87.8403,X]
[46,F,0.878906,00000001,87.8906,X]
[10,F,0.890122,00100000,89.0122,X]
[18,F,0.904256,00000100,90.4256,X]
[31,F,0.914653,00000010,91.4653,X]
[32,F,0.921489,00000010,92.1489,X]
[19,F,0.923787,00000100,92.3787,X]
[33,F,0.927348,00000010,92.7348,X]
[14,F,0.929884,00001000,92.9884,X]
[34,F,0.948833,00000010,94.8833,X]
[35,F,0.951763,00000010,95.1763,X]
[20,F,0.960897,00000100,96.0897,X]
[11,F,0.962387,00100000,96.2387,X]
[47,F,0.969727,00000001,96.9727,X]
[21,F,0.973592,00000100,97.3592,X]
[22,F,0.983358,00000100,98.3358,X]
GUIDE_TREE_PARTITION1=(((((((t1:1.99,t2:1.99):13.49,t3:15.48):7.75,t4:23.23):23.43,t5:46.66):22.68,t6:69.34):1.89,t7:71.23):28.77,t8:100);
