Taxa bit representation:
t1 10000000
t2 01000000
t3 00100000
t4 00010000
t5 00001000
t6 00000100
t7 00000010
t8 00000001
Clade List (<taxon members> = <clade name>): 

>Dataset_0
[16,F,0.0224609,00000011,2.24609,X]
[17,F,0.192383,00000011,19.2383,X]
[0,F,0.313189,11100000,31.3189,X]
[1,F,0.383161,10000000,38.3161,X]
[2,F,0.385114,01000000,38.5114,X]
[7,F,0.40108,00010000,40.108,X]
[18,F,0.460125,00000010,46.0125,X]
[3,F,0.498395,01000000,49.8395,X]
[4,F,0.501325,01000000,50.1325,X]
[5,F,0.540388,01000000,54.0388,X]
[8,F,0.587603,00010000,58.7603,X]
[12,F,0.595333,00000100,59.5333,X]
[20,F,0.609539,00000001,60.9539,X]
[13,F,0.610958,00000100,61.0958,X]
[21,F,0.618328,00000001,61.8328,X]
[9,F,0.659786,00001000,65.9786,X]
[10,F,0.676388,00001000,67.6388,X]
[14,F,0.801388,00000100,80.1388,X]
[11,F,0.854122,00001000,85.4122,X]
[19,F,0.900555,00000010,90.0555,X]
[15,F,0.927364,00000100,92.7364,X]
[6,F,0.948328,00100000,94.8328,X]
GUIDE_TREE_PARTITION1=(((((t1:63.93,t2:63.93):2.37,t3:66.3):3.26,t4:69.56):6.96,(t5:69.08,t6:69.08):7.44):23.48,(t7:55.55,t8:55.55):44.45);
