Taxa bit representation:
t1 10000000
t2 01000000
t3 00100000
t4 00010000
t5 00001000
t6 00000100
t7 00000010
t8 00000001
Clade List (<taxon members> = <clade name>): 

>Dataset_0
[0,F,0.305664,11111100,30.5664,X]
[5,F,0.418578,00001100,41.8578,X]
[9,F,0.441191,00000010,44.1191,X]
[6,F,0.465453,00001100,46.5453,X]
[1,F,0.485961,11110000,48.5961,X]
[10,F,0.63162,00000010,63.162,X]
[12,F,0.655058,00000001,65.5058,X]
[3,F,0.74333,00010000,74.333,X]
[13,F,0.767362,00000001,76.7362,X]
[4,F,0.786298,00010000,78.6298,X]
[7,F,0.797484,00001100,79.7484,X]
[8,F,0.939703,00000100,93.9703,X]
[11,F,0.982206,00000010,98.2206,X]
[2,F,0.99517,10000000,99.517,X]
GUIDE_TREE_PARTITION1=(((((t1:6.44,t2:6.44):14.11,t3:20.55):11.66,t4:32.21):27.69,(t5:9.35,t6:9.35):50.55):40.1,(t7:58.42,t8:58.42):41.58);
