Taxa bit representation:
t1 10000000
t2 01000000
t3 00100000
t4 00010000
t5 00001000
t6 00000100
t7 00000010
t8 00000001
Clade List (<taxon members> = <clade name>): 

>Dataset_0
[0,F,0.0654297,11110000,6.54297,X]
[50,F,0.0732422,00001111,7.32422,X]
[1,F,0.0869141,11110000,8.69141,X]
[2,F,0.144531,11110000,14.4531,X]
[3,F,0.162109,11110000,16.2109,X]
[51,F,0.179688,00001111,17.9688,X]
[4,F,0.217773,11110000,21.7773,X]
[52,F,0.243164,00001111,24.3164,X]
[53,F,0.246094,00001111,24.6094,X]
[5,F,0.257812,11110000,25.7812,X]
[6,F,0.261719,11110000,26.1719,X]
[72,F,0.28103,00000011,28.103,X]
[54,F,0.305444,00001100,30.5444,X]
[73,F,0.30935,00000011,30.935,X]
[55,F,0.331811,00001100,33.1811,X]
[7,F,0.358398,11110000,35.8398,X]
[8,F,0.381836,11110000,38.1836,X]
[9,F,0.393555,11110000,39.3555,X]
[56,F,0.4031,00001100,40.31,X]
[10,F,0.408203,11110000,40.8203,X]
[57,F,0.412866,00001100,41.2866,X]
[11,F,0.422852,11110000,42.2852,X]
[12,F,0.441406,11110000,44.1406,X]
[58,F,0.442163,00001100,44.2163,X]
[59,F,0.448022,00001100,44.8022,X]
[60,F,0.455834,00001100,45.5834,X]
[74,F,0.458764,00000011,45.8764,X]
[13,F,0.472491,11000000,47.2491,X]
[34,F,0.485186,00110000,48.5186,X]
[61,F,0.49685,00001100,49.685,X]
[35,F,0.502764,00110000,50.2764,X]
[14,F,0.503741,11000000,50.3741,X]
[75,F,0.521264,00000011,52.1264,X]
[76,F,0.523217,00000011,52.3217,X]
[36,F,0.535967,00110000,53.5967,X]
[77,F,0.538842,00000011,53.8842,X]
[15,F,0.539873,11000000,53.9873,X]
[62,F,0.544702,00001100,54.4702,X]
[63,F,0.586694,00001100,58.6694,X]
[16,F,0.586748,11000000,58.6748,X]
[37,F,0.593584,00110000,59.3584,X]
[78,F,0.607202,00000011,60.7202,X]
[38,F,0.608233,00110000,60.8233,X]
[39,F,0.618975,00110000,61.8975,X]
[17,F,0.671709,11000000,67.1709,X]
[40,F,0.675616,00110000,67.5616,X]
[64,F,0.682397,00001100,68.2397,X]
[79,F,0.692163,00000011,69.2163,X]
[41,F,0.707842,00110000,70.7842,X]
[18,F,0.716631,11000000,71.6631,X]
[25,F,0.732606,01000000,73.2606,X]
[80,F,0.733861,00000010,73.3861,X]
[42,F,0.742022,00110000,74.2022,X]
[89,F,0.743627,00000001,74.3627,X]
[19,F,0.748231,10000000,74.8231,X]
[26,F,0.765809,01000000,76.5809,X]
[27,F,0.787294,01000000,78.7294,X]
[81,F,0.788548,00000010,78.8548,X]
[43,F,0.81917,00110000,81.917,X]
[20,F,0.82245,10000000,82.245,X]
[44,F,0.824053,00110000,82.4053,X]
[28,F,0.82538,01000000,82.538,X]
[82,F,0.841283,00000010,84.1283,X]
[21,F,0.85663,10000000,85.663,X]
[29,F,0.858583,01000000,85.8583,X]
[65,F,0.870873,00001100,87.0873,X]
[83,F,0.881322,00000010,88.1322,X]
[30,F,0.890809,01000000,89.0809,X]
[22,F,0.898622,10000000,89.8622,X]
[23,F,0.904481,10000000,90.4481,X]
[31,F,0.907411,01000000,90.7411,X]
[66,F,0.907983,00001100,90.7983,X]
[32,F,0.914247,01000000,91.4247,X]
[46,F,0.915577,00010000,91.5577,X]
[67,F,0.917706,00001000,91.7706,X]
[84,F,0.918431,00000010,91.8431,X]
[47,F,0.927295,00010000,92.7295,X]
[24,F,0.930848,10000000,93.0848,X]
[85,F,0.931127,00000010,93.1127,X]
[69,F,0.940167,00000100,94.0167,X]
[48,F,0.941944,00010000,94.1944,X]
[70,F,0.943097,00000100,94.3097,X]
[49,F,0.944873,00010000,94.4873,X]
[68,F,0.948956,00001000,94.8956,X]
[86,F,0.949681,00000010,94.9681,X]
[87,F,0.951634,00000010,95.1634,X]
[90,F,0.951634,00000001,95.1634,X]
[88,F,0.962377,00000010,96.2377,X]
[45,F,0.98003,00100000,98.003,X]
[33,F,0.993348,01000000,99.3348,X]
[71,F,0.993878,00000100,99.3878,X]
GUIDE_TREE_PARTITION1=(((t1:27.13,t2:27.13):28.16,(t3:8.54,t4:8.54):46.75):44.71,((t5:8.62,t6:8.62):63.57,(t7:28.86,t8:28.86):43.33):27.81);
