Taxa bit representation:
t1 10000000
t2 01000000
t3 00100000
t4 00010000
t5 00001000
t6 00000100
t7 00000010
t8 00000001
Clade List (<taxon members> = <clade name>): 

>Dataset_0
[22,F,0.0219719,00001100,2.19719,X]
[36,F,0.0405266,00000011,4.05266,X]
[37,F,0.0473625,00000011,4.73625,X]
[23,F,0.0493156,00001100,4.93156,X]
[38,F,0.0502922,00000011,5.02922,X]
[0,F,0.0664062,11110000,6.64062,X]
[1,F,0.0791016,11110000,7.91016,X]
[39,F,0.13623,00000011,13.623,X]
[24,F,0.143066,00001100,14.3066,X]
[40,F,0.145995,00000011,14.5995,X]
[2,F,0.172852,11110000,17.2852,X]
[3,F,0.213867,11110000,21.3867,X]
[48,F,0.355866,00000001,35.5866,X]
[49,F,0.358795,00000001,35.8795,X]
[4,F,0.367984,11000000,36.7984,X]
[25,F,0.431152,00001100,43.1152,X]
[13,F,0.437328,01000000,43.7328,X]
[5,F,0.451977,10000000,45.1977,X]
[41,F,0.464264,00000010,46.4264,X]
[42,F,0.494537,00000010,49.4537,X]
[19,F,0.494937,00110000,49.4937,X]
[26,F,0.519042,00001100,51.9042,X]
[14,F,0.531078,01000000,53.1078,X]
[43,F,0.531647,00000010,53.1647,X]
[6,F,0.537914,10000000,53.7914,X]
[50,F,0.556061,00000001,55.6061,X]
[44,F,0.574616,00000010,57.4616,X]
[15,F,0.577953,01000000,57.7953,X]
[45,F,0.5961,00000010,59.61,X]
[21,F,0.626012,00010000,62.6013,X]
[46,F,0.660553,00000010,66.0553,X]
[51,F,0.690827,00000001,69.0827,X]
[16,F,0.700023,01000000,70.0023,X]
[20,F,0.712927,00100000,71.2927,X]
[17,F,0.734203,01000000,73.4203,X]
[27,F,0.742675,00001100,74.2675,X]
[7,F,0.769359,10000000,76.9359,X]
[52,F,0.792389,00000001,79.2389,X]
[8,F,0.814281,10000000,81.4281,X]
[9,F,0.853344,10000000,85.3344,X]
[10,F,0.85725,10000000,85.725,X]
[53,F,0.867584,00000001,86.7584,X]
[28,F,0.868652,00001100,86.8652,X]
[29,F,0.873534,00001100,87.3534,X]
[54,F,0.885162,00000001,88.5162,X]
[47,F,0.894928,00000010,89.4928,X]
[18,F,0.909984,01000000,90.9984,X]
[30,F,0.920409,00001100,92.0409,X]
[11,F,0.923656,10000000,92.3656,X]
[31,F,0.929198,00001100,92.9198,X]
[55,F,0.930084,00000001,93.0084,X]
[32,F,0.948389,00001000,94.8389,X]
[12,F,0.956859,10000000,95.6859,X]
[34,F,0.971827,00000100,97.1827,X]
[35,F,0.983545,00000100,98.3545,X]
[33,F,0.992334,00001000,99.2334,X]
GUIDE_TREE_PARTITION1=(((t1:61.15,t2:61.15):10.45,(t3:38.18,t4:38.18):33.42):28.4,((t5:6.04,t6:6.04):93.13,(t7:84.14,t8:84.14):15.03):0.83);
