Taxa bit representation:
t1 10000000
t2 01000000
t3 00100000
t4 00010000
t5 00001000
t6 00000100
t7 00000010
t8 00000001
Clade List (<taxon members> = <clade name>): 

>Dataset_0
[0,F,0.0117188,11111100,1.17188,X]
[1,F,0.0683594,11111100,6.83594,X]
[35,F,0.124023,00000011,12.4023,X]
[36,F,0.168945,00000011,16.8945,X]
[2,F,0.172255,11110000,17.2255,X]
[37,F,0.185547,00000011,18.5547,X]
[45,F,0.197166,00000001,19.7166,X]
[46,F,0.203025,00000001,20.3025,X]
[25,F,0.267958,00001100,26.7958,X]
[26,F,0.310927,00001100,31.0927,X]
[47,F,0.364158,00000001,36.4158,X]
[38,F,0.3749,00000010,37.49,X]
[39,F,0.37783,00000010,37.783,X]
[3,F,0.385786,11100000,38.5786,X]
[12,F,0.454778,00100000,45.4778,X]
[40,F,0.454978,00000010,45.4978,X]
[27,F,0.456434,00001100,45.6434,X]
[41,F,0.460838,00000010,46.0838,X]
[48,F,0.460838,00000001,46.0838,X]
[4,F,0.463567,11000000,46.3567,X]
[42,F,0.507713,00000010,50.7713,X]
[49,F,0.511619,00000001,51.1619,X]
[22,F,0.514692,00010000,51.4692,X]
[13,F,0.534856,00100000,53.4856,X]
[14,F,0.537786,00100000,53.7786,X]
[15,F,0.556341,00100000,55.6341,X]
[16,F,0.567083,00100000,56.7083,X]
[5,F,0.571092,10000000,57.1092,X]
[10,F,0.571092,01000000,57.1092,X]
[17,F,0.597356,00100000,59.7356,X]
[50,F,0.636619,00000001,63.6619,X]
[6,F,0.637498,10000000,63.7498,X]
[31,F,0.677341,00000100,67.7341,X]
[28,F,0.682223,00001000,68.2223,X]
[29,F,0.696872,00001000,69.6872,X]
[18,F,0.702825,00100000,70.2825,X]
[19,F,0.719427,00100000,71.9427,X]
[32,F,0.739841,00000100,73.9841,X]
[20,F,0.754583,00100000,75.4583,X]
[30,F,0.759372,00001000,75.9372,X]
[21,F,0.772161,00100000,77.2161,X]
[43,F,0.77822,00000010,77.822,X]
[51,F,0.783103,00000001,78.3103,X]
[23,F,0.812544,00010000,81.2544,X]
[7,F,0.815233,10000000,81.5233,X]
[11,F,0.827928,01000000,82.7928,X]
[52,F,0.87783,00000001,87.783,X]
[33,F,0.899997,00000100,89.9997,X]
[34,F,0.93027,00000100,93.027,X]
[8,F,0.93535,10000000,93.535,X]
[44,F,0.94033,00000010,94.033,X]
[24,F,0.956098,00010000,95.6098,X]
[9,F,0.99492,10000000,99.492,X]
GUIDE_TREE_PARTITION1=(((((t1:47.09,t2:47.09):9.19,t3:56.28):8.95,t4:65.23):19.4,(t5:50.43,t6:50.43):34.2):15.37,(t7:81.26,t8:81.26):18.74);
