Taxa bit representation:
t1 10000000
t2 01000000
t3 00100000
t4 00010000
t5 00001000
t6 00000100
t7 00000010
t8 00000001
Clade List (<taxon members> = <clade name>): 

>Dataset_0
[0,F,0.0273438,11111100,2.73438,X]
[6,F,0.359694,00000010,35.9694,X]
[9,F,0.459303,00000001,45.9303,X]
[7,F,0.596022,00000010,59.6022,X]
[2,F,0.633123,00001100,63.3123,X]
[3,F,0.669256,00001100,66.9256,X]
[5,F,0.82918,00000100,82.918,X]
[4,F,0.863359,00001000,86.3359,X]
[8,F,0.892897,00000010,89.2897,X]
[1,F,0.97312,00100000,97.312,X]
GUIDE_TREE_PARTITION1=(((((t1:8.23,t2:8.23):9.79,t3:18.02):7.21,t4:25.23):36.36,(t5:33,t6:33):28.59):38.41,(t7:69.89,t8:69.89):30.11);
