Taxa bit representation:
t1 10000000
t2 01000000
t3 00100000
t4 00010000
t5 00001000
t6 00000100
t7 00000010
t8 00000001
Clade List (<taxon members> = <clade name>): 

>Dataset_0
[16,F,0.230469,00000001,23.0469,X]
[0,F,0.273903,11110000,27.3903,X]
[12,F,0.285153,00000010,28.5153,X]
[17,F,0.336914,00000001,33.6914,X]
[18,F,0.344727,00000001,34.4727,X]
[7,F,0.357887,00001000,35.7887,X]
[13,F,0.388669,00000010,38.8669,X]
[8,F,0.430153,00001000,43.0153,X]
[5,F,0.503814,00010000,50.3814,X]
[9,F,0.586403,00001000,58.6403,X]
[1,F,0.591075,11000000,59.1075,X]
[4,F,0.593028,00100000,59.3028,X]
[14,F,0.605466,00000010,60.5466,X]
[2,F,0.623683,10000000,62.3683,X]
[3,F,0.673487,10000000,67.3487,X]
[15,F,0.688473,00000010,68.8473,X]
[6,F,0.704009,00010000,70.4009,X]
[10,F,0.716286,00001000,71.6286,X]
[11,F,0.861794,00001000,86.1794,X]
[19,F,0.979492,00000001,97.9492,X]
GUIDE_TREE_PARTITION1=(((((((t1:38.12,t2:38.12):7.46,t3:45.58):18.98,t4:64.56):11.37,t5:75.93):7.46,t6:83.39):13.29,t7:96.68):3.32,t8:100);
