Taxa bit representation:
t1 10000000
t2 01000000
t3 00100000
t4 00010000
t5 00001000
t6 00000100
t7 00000010
t8 00000001
Clade List (<taxon members> = <clade name>): 

>Dataset_0
[4,F,0.0244141,00001111,2.44141,X]
[5,F,0.306641,00001111,30.6641,X]
[6,F,0.412109,00001111,41.2109,X]
[7,F,0.666016,00001111,66.6016,X]
[1,F,0.698278,01000000,69.8278,X]
[0,F,0.817419,10000000,81.7419,X]
[2,F,0.823642,00010000,82.3642,X]
[9,F,0.826428,00000011,82.6428,X]
[3,F,0.899814,00010000,89.9814,X]
[10,F,0.936409,00000010,93.6409,X]
[11,F,0.937386,00000001,93.7386,X]
[8,F,0.961611,00001000,96.1611,X]
GUIDE_TREE_PARTITION1=(((t1:44.43,t2:44.43):0.43,(t3:18.71,t4:18.71):26.15):55.14,((t5:9.21,t6:9.21):13.03,(t7:10.07,t8:10.07):12.17):77.76);
