Taxa bit representation:
t1 10000000
t2 01000000
t3 00100000
t4 00010000
t5 00001000
t6 00000100
t7 00000010
t8 00000001
Clade List (<taxon members> = <clade name>): 

>Dataset_0
[0,F,0.34082,11110000,34.082,X]
[1,F,0.50293,11110000,50.293,X]
[9,F,0.565867,00000010,56.5867,X]
[5,F,0.586305,00001100,58.6305,X]
[6,F,0.628297,00001100,62.8297,X]
[7,F,0.646852,00001100,64.6852,X]
[8,F,0.671266,00001100,67.1266,X]
[10,F,0.730906,00000010,73.0906,X]
[2,F,0.733173,11000000,73.3173,X]
[11,F,0.795359,00000010,79.5359,X]
[12,F,0.808055,00000010,80.8055,X]
[3,F,0.861652,01000000,86.1652,X]
[13,F,0.882273,00000010,88.2273,X]
[4,F,0.966144,01000000,96.6144,X]
GUIDE_TREE_PARTITION1=(((t1:18.62,t2:18.62):17.34,(t3:34.31,t4:34.31):1.65):64.04,((t5:0.26,t6:0.26):58.59,(t7:52.3,t8:52.3):6.55):41.15);
