Taxa bit representation:
t1 10000000
t2 01000000
t3 00100000
t4 00010000
t5 00001000
t6 00000100
t7 00000010
t8 00000001
Clade List (<taxon members> = <clade name>): 

>Dataset_0
[0,F,0.143555,11111110,14.3555,X]
[1,F,0.316895,11111000,31.6895,X]
[12,F,0.343262,00000100,34.3262,X]
[14,F,0.350006,00000010,35.0006,X]
[7,F,0.358795,00010000,35.8795,X]
[2,F,0.425202,11100000,42.5202,X]
[15,F,0.447662,00000010,44.7662,X]
[16,F,0.450592,00000010,45.0592,X]
[3,F,0.509186,11100000,50.9186,X]
[13,F,0.562012,00000100,56.2012,X]
[17,F,0.573639,00000010,57.3639,X]
[8,F,0.612702,00010000,61.2702,X]
[9,F,0.740631,00010000,74.0631,X]
[5,F,0.764367,00100000,76.4367,X]
[6,F,0.793664,00100000,79.3664,X]
[10,F,0.820709,00010000,82.0709,X]
[11,F,0.836559,00001000,83.6559,X]
[4,F,0.857141,11000000,85.7141,X]
[18,F,0.959381,00000010,95.9381,X]
[19,F,0.973053,00000010,97.3053,X]
[20,F,0.97403,00000010,97.403,X]
[21,F,0.975006,00000010,97.5006,X]
GUIDE_TREE_PARTITION1=(((((((t1:12.53,t2:12.53):26.17,t3:38.7):26.69,t4:65.39):1.54,t5:66.93):8.9,t6:75.83):8.31,t7:84.14):15.86,t8:100);
