Taxa bit representation:
t1 10000000
t2 01000000
t3 00100000
t4 00010000
t5 00001000
t6 00000100
t7 00000010
t8 00000001
Clade List (<taxon members> = <clade name>): 

>Dataset_0
[17,F,0.0390625,00000001,3.90625,X]
[18,F,0.0419922,00000001,4.19922,X]
[0,F,0.20642,11111100,20.642,X]
[8,F,0.283812,00001000,28.3812,X]
[19,F,0.303711,00000001,30.3711,X]
[15,F,0.319702,00000010,31.9702,X]
[13,F,0.37378,00000100,37.378,X]
[1,F,0.408812,11110000,40.8812,X]
[9,F,0.486937,00001000,48.6937,X]
[2,F,0.501586,11110000,50.1586,X]
[10,F,0.534789,00001000,53.4789,X]
[16,F,0.558959,00000010,55.8959,X]
[20,F,0.661133,00000001,66.1133,X]
[11,F,0.698852,00001000,69.8852,X]
[12,F,0.781859,00001000,78.1859,X]
[6,F,0.792028,00010000,79.2028,X]
[7,F,0.889684,00010000,88.9684,X]
[3,F,0.91495,00100000,91.495,X]
[4,F,0.91788,00100000,91.788,X]
[5,F,0.924716,00100000,92.4716,X]
[14,F,0.957764,00000100,95.7764,X]
GUIDE_TREE_PARTITION1=(((((((t1:14.87,t2:14.87):3.01,t3:17.88):7.8,t4:25.68):46.72,t5:72.4):6.14,t6:78.54):3.65,t7:82.19):17.81,t8:100);
