Taxa bit representation:
t1 10000000
t2 01000000
t3 00100000
t4 00010000
t5 00001000
t6 00000100
t7 00000010
t8 00000001
Clade List (<taxon members> = <clade name>): 

>Dataset_0
[21,F,0.107422,00000001,10.7422,X]
[0,F,0.109209,11111000,10.9209,X]
[17,F,0.1332,00000010,13.32,X]
[18,F,0.333395,00000010,33.3395,X]
[8,F,0.450452,00001000,45.0452,X]
[9,F,0.467053,00001000,46.7053,X]
[19,F,0.474997,00000010,47.4997,X]
[14,F,0.51253,00000100,51.253,X]
[10,F,0.515881,00001000,51.5881,X]
[11,F,0.546155,00001000,54.6155,X]
[1,F,0.557873,11110000,55.7873,X]
[22,F,0.606445,00000001,60.6445,X]
[15,F,0.632647,00000100,63.2647,X]
[2,F,0.648694,11110000,64.8694,X]
[12,F,0.674084,00001000,67.4084,X]
[13,F,0.735608,00001000,73.5608,X]
[5,F,0.744989,00100000,74.4989,X]
[6,F,0.755756,00010000,75.5756,X]
[7,F,0.787006,00010000,78.7006,X]
[3,F,0.854366,01000000,85.4366,X]
[20,F,0.856833,00000010,85.6833,X]
[16,F,0.906084,00000100,90.6084,X]
[4,F,0.97253,01000000,97.253,X]
GUIDE_TREE_PARTITION1=(((((((t1:21.79,t2:21.79):10.84,t3:32.63):1.56,t4:34.19):44.3,t5:78.49):14.3,t6:92.79):0.14,t7:92.93):7.07,t8:100);
