Taxa bit representation:
t1 10000000
t2 01000000
t3 00100000
t4 00010000
t5 00001000
t6 00000100
t7 00000010
t8 00000001
Clade List (<taxon members> = <clade name>): 

>Dataset_0
[65,F,0.0214844,00001111,2.14844,X]
[24,F,0.0524312,00110000,5.24313,X]
[66,F,0.0605469,00001111,6.05469,X]
[0,F,0.0661031,11000000,6.61031,X]
[1,F,0.0895406,11000000,8.95406,X]
[25,F,0.0905172,00110000,9.05172,X]
[26,F,0.119814,00110000,11.9814,X]
[87,F,0.139906,00000011,13.9906,X]
[2,F,0.153994,11000000,15.3994,X]
[27,F,0.166689,00110000,16.6689,X]
[67,F,0.181898,00001100,18.1898,X]
[68,F,0.196547,00001100,19.6547,X]
[88,F,0.199477,00000011,19.9477,X]
[89,F,0.224867,00000011,22.4867,X]
[69,F,0.22975,00001100,22.975,X]
[70,F,0.237563,00001100,23.7563,X]
[28,F,0.239931,00110000,23.9931,X]
[90,F,0.243422,00000011,24.3422,X]
[3,F,0.244814,11000000,24.4814,X]
[91,F,0.245375,00000011,24.5375,X]
[29,F,0.247744,00110000,24.7744,X]
[4,F,0.276064,11000000,27.6064,X]
[5,F,0.305361,11000000,30.5361,X]
[92,F,0.305922,00000011,30.5922,X]
[93,F,0.312758,00000011,31.2758,X]
[6,F,0.321962,11000000,32.1962,X]
[71,F,0.342055,00001100,34.2055,X]
[94,F,0.349867,00000011,34.9867,X]
[7,F,0.363955,11000000,36.3955,X]
[30,F,0.365908,00110000,36.5908,X]
[8,F,0.365908,11000000,36.5908,X]
[72,F,0.368422,00001100,36.8422,X]
[31,F,0.37372,00110000,37.372,X]
[32,F,0.393252,00110000,39.3252,X]
[73,F,0.396742,00001100,39.6742,X]
[33,F,0.400087,00110000,40.0087,X]
[34,F,0.402041,00110000,40.2041,X]
[95,F,0.410414,00000011,41.0414,X]
[9,F,0.425478,11000000,42.5478,X]
[96,F,0.451331,00000010,45.1331,X]
[35,F,0.465517,00110000,46.5517,X]
[10,F,0.466494,11000000,46.6494,X]
[11,F,0.468447,11000000,46.8447,X]
[74,F,0.490492,00001100,49.0492,X]
[36,F,0.490908,00110000,49.0908,X]
[97,F,0.492347,00000010,49.2347,X]
[37,F,0.496767,00110000,49.6767,X]
[38,F,0.497744,00110000,49.7744,X]
[104,F,0.500159,00000001,50.0159,X]
[12,F,0.509463,11000000,50.9463,X]
[105,F,0.511878,00000001,51.1878,X]
[39,F,0.517275,00110000,51.7275,X]
[106,F,0.52555,00000001,52.555,X]
[107,F,0.534339,00000001,53.4339,X]
[75,F,0.540297,00001100,54.0297,X]
[40,F,0.555456,00100000,55.5456,X]
[76,F,0.565688,00001100,56.5688,X]
[108,F,0.567542,00000001,56.7542,X]
[13,F,0.568056,11000000,56.8056,X]
[109,F,0.569495,00000001,56.9495,X]
[14,F,0.570986,11000000,57.0986,X]
[15,F,0.579775,11000000,57.9775,X]
[98,F,0.59098,00000010,59.098,X]
[50,F,0.596472,00010000,59.6472,X]
[51,F,0.599402,00010000,59.9402,X]
[99,F,0.605628,00000010,60.5628,X]
[41,F,0.612097,00100000,61.2097,X]
[52,F,0.623816,00010000,62.3816,X]
[53,F,0.630652,00010000,63.0652,X]
[77,F,0.641859,00001100,64.1859,X]
[54,F,0.644323,00010000,64.4323,X]
[78,F,0.644789,00001100,64.4789,X]
[110,F,0.646644,00000001,64.6644,X]
[100,F,0.672034,00000010,67.2034,X]
[79,F,0.673109,00001100,67.3109,X]
[101,F,0.685706,00000010,68.5706,X]
[111,F,0.733558,00000001,73.3558,X]
[42,F,0.743933,00100000,74.3933,X]
[16,F,0.744814,11000000,74.4814,X]
[80,F,0.745375,00001100,74.5375,X]
[55,F,0.749792,00010000,74.9792,X]
[17,F,0.75165,11000000,75.165,X]
[43,F,0.763464,00100000,76.3464,X]
[18,F,0.772158,11000000,77.2158,X]
[112,F,0.77555,00000001,77.555,X]
[19,F,0.783877,11000000,78.3877,X]
[56,F,0.783972,00010000,78.3972,X]
[81,F,0.79225,00001100,79.225,X]
[44,F,0.795691,00100000,79.5691,X]
[113,F,0.797034,00000001,79.7034,X]
[45,F,0.80155,00100000,80.155,X]
[46,F,0.803503,00100000,80.3503,X]
[20,F,0.809267,11000000,80.9267,X]
[114,F,0.824378,00000001,82.4378,X]
[102,F,0.825355,00000010,82.5355,X]
[47,F,0.826941,00100000,82.6941,X]
[21,F,0.831728,11000000,83.1728,X]
[115,F,0.833167,00000001,83.3167,X]
[103,F,0.844886,00000010,84.4886,X]
[48,F,0.869909,00100000,86.9909,X]
[82,F,0.875258,00001100,87.5258,X]
[57,F,0.884558,00010000,88.4558,X]
[58,F,0.899206,00010000,89.9206,X]
[22,F,0.903994,11000000,90.3994,X]
[59,F,0.918737,00010000,91.8738,X]
[60,F,0.920691,00010000,92.0691,X]
[116,F,0.923011,00000001,92.3011,X]
[61,F,0.924597,00010000,92.4597,X]
[83,F,0.938734,00001100,93.8734,X]
[23,F,0.946963,11000000,94.6963,X]
[117,F,0.950355,00000001,95.0355,X]
[62,F,0.956823,00010000,95.6823,X]
[63,F,0.961706,00010000,96.1706,X]
[84,F,0.963536,00001000,96.3536,X]
[64,F,0.979284,00010000,97.9284,X]
[49,F,0.979284,00100000,97.9284,X]
[86,F,0.984044,00000100,98.4044,X]
[85,F,0.993809,00001000,99.3809,X]
[118,F,0.998206,00000001,99.8206,X]
GUIDE_TREE_PARTITION1=(((t1:2.76,t2:2.76):93.95,(t3:47.97,t4:47.97):48.74):3.29,((t5:4.33,t6:4.33):82.07,(t7:56.82,t8:56.82):29.58):13.6);
