Taxa bit representation:
t1 10000000
t2 01000000
t3 00100000
t4 00010000
t5 00001000
t6 00000100
t7 00000010
t8 00000001
Clade List (<taxon members> = <clade name>): 

>Dataset_0
[0,F,0.000976562,11111100,0.0976562,X]
[1,F,0.00390625,11111100,0.390625,X]
[88,F,0.015625,00000011,1.5625,X]
[2,F,0.0175781,11111100,1.75781,X]
[89,F,0.0244141,00000011,2.44141,X]
[90,F,0.0458984,00000011,4.58984,X]
[3,F,0.0697484,11110000,6.97484,X]
[4,F,0.0853734,11110000,8.53734,X]
[44,F,0.111741,00001100,11.1741,X]
[91,F,0.112305,00000011,11.2305,X]
[5,F,0.118577,11110000,11.8577,X]
[6,F,0.14592,11110000,14.592,X]
[92,F,0.175781,00000011,17.5781,X]
[7,F,0.205491,11110000,20.5491,X]
[45,F,0.215256,00001100,21.5256,X]
[46,F,0.221116,00001100,22.1116,X]
[47,F,0.223069,00001100,22.3069,X]
[111,F,0.237591,00000001,23.7591,X]
[93,F,0.248333,00000010,24.8333,X]
[48,F,0.267097,00001000,26.7097,X]
[94,F,0.287395,00000010,28.7395,X]
[8,F,0.289917,11100000,28.9917,X]
[112,F,0.295208,00000001,29.5208,X]
[49,F,0.309089,00001000,30.9089,X]
[63,F,0.310066,00000100,31.0066,X]
[64,F,0.312019,00000100,31.2019,X]
[27,F,0.314331,00010000,31.4331,X]
[65,F,0.318855,00000100,31.8855,X]
[113,F,0.322552,00000001,32.2552,X]
[95,F,0.331341,00000010,33.1341,X]
[28,F,0.341675,00010000,34.1675,X]
[114,F,0.345012,00000001,34.5012,X]
[29,F,0.345581,00010000,34.5581,X]
[115,F,0.347942,00000001,34.7942,X]
[116,F,0.362591,00000001,36.2591,X]
[66,F,0.370613,00000100,37.0613,X]
[67,F,0.379402,00000100,37.9402,X]
[68,F,0.381355,00000100,38.1355,X]
[30,F,0.392456,00010000,39.2456,X]
[31,F,0.394409,00010000,39.4409,X]
[9,F,0.397339,11100000,39.7339,X]
[117,F,0.403606,00000001,40.3606,X]
[69,F,0.407722,00000100,40.7722,X]
[70,F,0.412605,00000100,41.2605,X]
[10,F,0.41687,11100000,41.687,X]
[71,F,0.42237,00000100,42.237,X]
[72,F,0.424323,00000100,42.4323,X]
[96,F,0.426067,00000010,42.6067,X]
[118,F,0.432903,00000001,43.2903,X]
[11,F,0.441284,11100000,44.1284,X]
[73,F,0.447761,00000100,44.7761,X]
[119,F,0.450481,00000001,45.0481,X]
[50,F,0.45362,00001000,45.362,X]
[32,F,0.457886,00010000,45.7886,X]
[33,F,0.475464,00010000,47.5464,X]
[74,F,0.479988,00000100,47.9988,X]
[75,F,0.4878,00000100,48.78,X]
[97,F,0.489544,00000010,48.9544,X]
[51,F,0.507331,00001000,50.7331,X]
[76,F,0.515144,00000100,51.5144,X]
[120,F,0.515911,00000001,51.5911,X]
[77,F,0.52198,00000100,52.198,X]
[12,F,0.525269,11100000,52.5269,X]
[98,F,0.529583,00000010,52.9583,X]
[52,F,0.5503,00001000,55.03,X]
[13,F,0.564331,11100000,56.4331,X]
[121,F,0.572552,00000001,57.2552,X]
[53,F,0.574714,00001000,57.4714,X]
[54,F,0.579597,00001000,57.9597,X]
[122,F,0.610637,00000001,61.0637,X]
[78,F,0.6128,00000100,61.28,X]
[55,F,0.626472,00001000,62.6472,X]
[14,F,0.628784,11100000,62.8784,X]
[79,F,0.64698,00000100,64.698,X]
[99,F,0.650677,00000010,65.0677,X]
[34,F,0.651245,00010000,65.1245,X]
[56,F,0.651863,00001000,65.1863,X]
[35,F,0.655152,00010000,65.5152,X]
[100,F,0.664348,00000010,66.4348,X]
[80,F,0.668464,00000100,66.8464,X]
[15,F,0.6698,11100000,66.98,X]
[123,F,0.68095,00000001,68.095,X]
[101,F,0.687786,00000010,68.7786,X]
[36,F,0.697144,00010000,69.7144,X]
[124,F,0.698528,00000001,69.8528,X]
[16,F,0.699097,11100000,69.9097,X]
[102,F,0.700481,00000010,70.0481,X]
[57,F,0.702644,00001000,70.2644,X]
[125,F,0.704387,00000001,70.4387,X]
[126,F,0.720012,00000001,72.0012,X]
[127,F,0.722942,00000001,72.2942,X]
[58,F,0.741706,00001000,74.1706,X]
[81,F,0.759284,00000100,75.9284,X]
[17,F,0.770386,11100000,77.0386,X]
[128,F,0.77177,00000001,77.177,X]
[103,F,0.773723,00000010,77.3723,X]
[129,F,0.778606,00000001,77.8606,X]
[130,F,0.779583,00000001,77.9583,X]
[59,F,0.781745,00001000,78.1745,X]
[82,F,0.789558,00000100,78.9558,X]
[104,F,0.794231,00000010,79.4231,X]
[131,F,0.795208,00000001,79.5208,X]
[18,F,0.820191,11100000,82.0191,X]
[105,F,0.824505,00000010,82.4505,X]
[132,F,0.826458,00000001,82.6458,X]
[83,F,0.835456,00000100,83.5456,X]
[60,F,0.845222,00001000,84.5222,X]
[61,F,0.847175,00001000,84.7175,X]
[37,F,0.849487,00010000,84.9487,X]
[106,F,0.860637,00000010,86.0637,X]
[38,F,0.861206,00010000,86.1206,X]
[107,F,0.884075,00000010,88.4075,X]
[108,F,0.887005,00000010,88.7005,X]
[84,F,0.887214,00000100,88.7214,X]
[23,F,0.893142,00100000,89.3142,X]
[133,F,0.89677,00000001,89.677,X]
[19,F,0.906814,11000000,90.6814,X]
[109,F,0.908489,00000010,90.8489,X]
[24,F,0.909744,00100000,90.9744,X]
[62,F,0.915534,00001000,91.5534,X]
[134,F,0.917278,00000001,91.7278,X]
[85,F,0.919441,00000100,91.9441,X]
[25,F,0.922439,00100000,92.2439,X]
[39,F,0.927612,00010000,92.7612,X]
[40,F,0.942261,00010000,94.2261,X]
[20,F,0.9449,11000000,94.49,X]
[86,F,0.949714,00000100,94.9714,X]
[110,F,0.952434,00000010,95.2434,X]
[41,F,0.955933,00010000,95.5933,X]
[42,F,0.963745,00010000,96.3745,X]
[87,F,0.967292,00000100,96.7292,X]
[22,F,0.979219,01000000,97.9219,X]
[43,F,0.9823,00010000,98.23,X]
[135,F,0.991497,00000001,99.1497,X]
[26,F,0.992752,00100000,99.2752,X]
[21,F,0.992891,10000000,99.2891,X]
GUIDE_TREE_PARTITION1=(((((t1:3.25,t2:3.25):8.51,t3:11.76):65.01,t4:76.77):17.72,(t5:76.22,t6:76.22):18.27):5.51,(t7:78.78,t8:78.78):21.22);
