Taxa bit representation:
t1 10000000
t2 01000000
t3 00100000
t4 00010000
t5 00001000
t6 00000100
t7 00000010
t8 00000001
Clade List (<taxon members> = <clade name>): 

>Dataset_0
[0,F,0.0117188,11111100,1.17188,X]
[1,F,0.0283203,11111100,2.83203,X]
[69,F,0.0517578,00000011,5.17578,X]
[2,F,0.0615234,11111100,6.15234,X]
[70,F,0.0644531,00000011,6.44531,X]
[71,F,0.0909313,00000010,9.09313,X]
[3,F,0.121094,11111100,12.1094,X]
[86,F,0.124134,00000001,12.4134,X]
[87,F,0.139759,00000001,13.9759,X]
[4,F,0.140625,11111100,14.0625,X]
[88,F,0.150502,00000001,15.0502,X]
[72,F,0.158314,00000010,15.8314,X]
[89,F,0.176869,00000001,17.6869,X]
[90,F,0.211048,00000001,21.1048,X]
[73,F,0.246205,00000010,24.6205,X]
[5,F,0.250977,11111100,25.0977,X]
[6,F,0.254883,11111100,25.4883,X]
[74,F,0.25597,00000010,25.597,X]
[7,F,0.300781,11111100,30.0781,X]
[91,F,0.306752,00000001,30.6752,X]
[92,F,0.333119,00000001,33.3119,X]
[39,F,0.335873,00001100,33.5873,X]
[8,F,0.345639,11110000,34.5639,X]
[93,F,0.363392,00000001,36.3392,X]
[75,F,0.377064,00000010,37.7064,X]
[9,F,0.381772,11110000,38.1772,X]
[94,F,0.38683,00000001,38.683,X]
[40,F,0.40228,00001100,40.228,X]
[95,F,0.41808,00000001,41.808,X]
[96,F,0.422963,00000001,42.2963,X]
[41,F,0.4306,00001100,43.06,X]
[10,F,0.431577,11110000,43.1577,X]
[97,F,0.434681,00000001,43.4681,X]
[42,F,0.436459,00001100,43.6459,X]
[43,F,0.445248,00001100,44.5248,X]
[76,F,0.471791,00000010,47.1791,X]
[44,F,0.483334,00001100,48.3334,X]
[45,F,0.495053,00001100,49.5053,X]
[98,F,0.504017,00000001,50.4017,X]
[77,F,0.507923,00000010,50.7923,X]
[99,F,0.507923,00000001,50.7923,X]
[11,F,0.511655,11110000,51.1655,X]
[100,F,0.539173,00000001,53.9173,X]
[101,F,0.548939,00000001,54.8939,X]
[102,F,0.553822,00000001,55.3822,X]
[12,F,0.561459,11110000,56.1459,X]
[78,F,0.563588,00000010,56.3588,X]
[79,F,0.575306,00000010,57.5306,X]
[103,F,0.580189,00000001,58.0189,X]
[13,F,0.584897,11110000,58.4897,X]
[104,F,0.587025,00000001,58.7025,X]
[14,F,0.58978,11110000,58.978,X]
[15,F,0.596616,11110000,59.6616,X]
[46,F,0.596616,00001100,59.6616,X]
[47,F,0.599545,00001100,59.9545,X]
[16,F,0.606381,11110000,60.6381,X]
[105,F,0.627064,00000001,62.7064,X]
[17,F,0.63473,11100000,63.473,X]
[80,F,0.643666,00000010,64.3666,X]
[106,F,0.645619,00000001,64.5619,X]
[18,F,0.647425,11100000,64.7425,X]
[32,F,0.650355,00010000,65.0355,X]
[33,F,0.653284,00010000,65.3284,X]
[57,F,0.669169,00000100,66.9169,X]
[34,F,0.686487,00010000,68.6487,X]
[19,F,0.689417,11100000,68.9417,X]
[20,F,0.701136,11100000,70.1136,X]
[58,F,0.714091,00000100,71.4091,X]
[21,F,0.718714,11100000,71.8714,X]
[59,F,0.758036,00000100,75.8036,X]
[107,F,0.76183,00000001,76.183,X]
[48,F,0.763895,00001000,76.3895,X]
[49,F,0.768778,00001000,76.8778,X]
[108,F,0.775502,00000001,77.5502,X]
[109,F,0.780384,00000001,78.0384,X]
[25,F,0.780456,00100000,78.0456,X]
[110,F,0.788197,00000001,78.8197,X]
[111,F,0.789173,00000001,78.9173,X]
[22,F,0.791198,11000000,79.1198,X]
[35,F,0.793909,00010000,79.3909,X]
[60,F,0.801005,00000100,80.1005,X]
[81,F,0.801869,00000010,80.1869,X]
[112,F,0.801869,00000001,80.1869,X]
[61,F,0.806864,00000100,80.6864,X]
[26,F,0.808777,00100000,80.8777,X]
[27,F,0.815612,00100000,81.5613,X]
[62,F,0.817606,00000100,81.7606,X]
[28,F,0.825378,00100000,82.5378,X]
[36,F,0.829066,00010000,82.9066,X]
[50,F,0.833231,00001000,83.3231,X]
[113,F,0.841908,00000001,84.1908,X]
[29,F,0.842956,00100000,84.2956,X]
[51,F,0.843973,00001000,84.3973,X]
[52,F,0.84495,00001000,84.495,X]
[82,F,0.845814,00000010,84.5814,X]
[30,F,0.851745,00100000,85.1745,X]
[83,F,0.856556,00000010,85.6556,X]
[63,F,0.867411,00000100,86.7411,X]
[64,F,0.877177,00000100,87.7177,X]
[114,F,0.894642,00000001,89.4642,X]
[65,F,0.903544,00000100,90.3544,X]
[53,F,0.906473,00001000,90.6473,X]
[84,F,0.909291,00000010,90.9291,X]
[115,F,0.909291,00000001,90.9291,X]
[31,F,0.914245,00100000,91.4245,X]
[116,F,0.920033,00000001,92.0033,X]
[37,F,0.922816,00010000,92.2816,X]
[66,F,0.929911,00000100,92.9911,X]
[23,F,0.942128,10000000,94.2128,X]
[24,F,0.943105,01000000,94.3105,X]
[67,F,0.943583,00000100,94.3583,X]
[54,F,0.946512,00001000,94.6513,X]
[85,F,0.947377,00000010,94.7377,X]
[55,F,0.947489,00001000,94.7489,X]
[56,F,0.954325,00001000,95.4325,X]
[68,F,0.97288,00000100,97.288,X]
[38,F,0.97848,00010000,97.848,X]
[117,F,0.978627,00000001,97.8627,X]
[118,F,0.999134,00000001,99.9134,X]
GUIDE_TREE_PARTITION1=(((((t1:10.67,t2:10.67):14.8,t3:25.47):11.35,t4:36.82):32.62,(t5:37.38,t6:37.38):32.06):30.56,(t7:92.86,t8:92.86):7.14);
