Taxa bit representation:
t1 10000000
t2 01000000
t3 00100000
t4 00010000
t5 00001000
t6 00000100
t7 00000010
t8 00000001
Clade List (<taxon members> = <clade name>): 

>Dataset_0
[41,F,0.00878906,00000001,0.878906,X]
[0,F,0.0421828,11111100,4.21828,X]
[32,F,0.0519484,00000010,5.19484,X]
[33,F,0.0802687,00000010,8.02688,X]
[42,F,0.101562,00000001,10.1562,X]
[1,F,0.110542,11111100,11.0542,X]
[43,F,0.120117,00000001,12.0117,X]
[34,F,0.216011,00000010,21.6011,X]
[35,F,0.269722,00000010,26.9722,X]
[26,F,0.284155,00000100,28.4155,X]
[2,F,0.345678,11111000,34.5678,X]
[3,F,0.355444,11111000,35.5444,X]
[44,F,0.404297,00000001,40.4297,X]
[45,F,0.416992,00000001,41.6992,X]
[27,F,0.433569,00000100,43.3569,X]
[18,F,0.442309,00001000,44.2309,X]
[28,F,0.457983,00000100,45.7983,X]
[46,F,0.459961,00000001,45.9961,X]
[36,F,0.47187,00000010,47.187,X]
[19,F,0.480395,00001000,48.0395,X]
[4,F,0.495044,11110000,49.5044,X]
[29,F,0.54685,00000100,54.685,X]
[20,F,0.570239,00001000,57.0239,X]
[21,F,0.571216,00001000,57.1216,X]
[30,F,0.573217,00000100,57.3217,X]
[5,F,0.611655,11100000,61.1655,X]
[12,F,0.634116,00010000,63.4116,X]
[22,F,0.65227,00001000,65.227,X]
[47,F,0.682617,00000001,68.2617,X]
[48,F,0.685547,00000001,68.5547,X]
[37,F,0.715034,00000010,71.5034,X]
[49,F,0.719727,00000001,71.9727,X]
[50,F,0.723633,00000001,72.3633,X]
[31,F,0.730444,00000100,73.0444,X]
[6,F,0.730795,11100000,73.0795,X]
[13,F,0.763022,00010000,76.3022,X]
[38,F,0.778511,00000010,77.8511,X]
[7,F,0.791891,11000000,79.1891,X]
[23,F,0.820239,00001000,82.0239,X]
[9,F,0.839742,00100000,83.9742,X]
[8,F,0.861227,11000000,86.1227,X]
[39,F,0.883003,00000010,88.3003,X]
[10,F,0.907125,00100000,90.7125,X]
[51,F,0.907227,00000001,90.7227,X]
[14,F,0.918295,00010000,91.8295,X]
[15,F,0.930014,00010000,93.0014,X]
[40,F,0.930855,00000010,93.0855,X]
[24,F,0.938403,00001000,93.8403,X]
[11,F,0.961813,00100000,96.1813,X]
[16,F,0.973959,00010000,97.3959,X]
[17,F,0.984702,00010000,98.4702,X]
[25,F,0.988208,00001000,98.8208,X]
GUIDE_TREE_PARTITION1=(((((((t1:12.65,t2:12.65):10.7,t3:23.35):17.34,t4:40.69):18.79,t5:59.48):20.21,t6:79.69):16.58,t7:96.27):3.73,t8:100);
