Taxa bit representation:
t1 10000000
t2 01000000
t3 00100000
t4 00010000
t5 00001000
t6 00000100
t7 00000010
t8 00000001
Clade List (<taxon members> = <clade name>): 

>Dataset_0
[55,F,0.00292969,00000011,0.292969,X]
[56,F,0.0253906,00000011,2.53906,X]
[0,F,0.03125,11111100,3.125,X]
[1,F,0.0615234,11111100,6.15234,X]
[64,F,0.0806984,00000001,8.06984,X]
[57,F,0.107066,00000010,10.7066,X]
[2,F,0.157227,11111100,15.7227,X]
[3,F,0.176758,11111100,17.6758,X]
[45,F,0.221733,00001100,22.1733,X]
[4,F,0.234998,11100000,23.4998,X]
[46,F,0.250053,00001100,25.0053,X]
[23,F,0.270008,00100000,27.0008,X]
[34,F,0.275037,00010000,27.5038,X]
[47,F,0.277397,00001100,27.7397,X]
[5,F,0.301258,11000000,30.1258,X]
[58,F,0.303355,00000010,30.3355,X]
[35,F,0.308241,00010000,30.8241,X]
[59,F,0.309214,00000010,30.9214,X]
[24,F,0.321766,00100000,32.1766,X]
[36,F,0.322889,00010000,32.2889,X]
[25,F,0.341297,00100000,34.1297,X]
[65,F,0.359995,00000001,35.9995,X]
[60,F,0.364878,00000010,36.4878,X]
[37,F,0.374647,00010000,37.4647,X]
[26,F,0.385242,00100000,38.5242,X]
[27,F,0.393055,00100000,39.3055,X]
[48,F,0.396537,00001100,39.6538,X]
[6,F,0.417469,11000000,41.7469,X]
[66,F,0.461558,00000001,46.1558,X]
[38,F,0.475233,00010000,47.5233,X]
[13,F,0.485703,01000000,48.5703,X]
[7,F,0.493516,10000000,49.3516,X]
[28,F,0.52782,00100000,52.782,X]
[14,F,0.554063,01000000,55.4063,X]
[15,F,0.559922,01000000,55.9922,X]
[8,F,0.562852,10000000,56.2852,X]
[61,F,0.602183,00000010,60.2183,X]
[62,F,0.604136,00000010,60.4136,X]
[39,F,0.643202,00010000,64.3202,X]
[40,F,0.656873,00010000,65.6873,X]
[16,F,0.662461,01000000,66.2461,X]
[41,F,0.662733,00010000,66.2733,X]
[17,F,0.665391,01000000,66.5391,X]
[42,F,0.678358,00010000,67.8358,X]
[9,F,0.723008,10000000,72.3008,X]
[67,F,0.729136,00000001,72.9136,X]
[49,F,0.729641,00001000,72.9641,X]
[10,F,0.751328,10000000,75.1328,X]
[50,F,0.757961,00000100,75.7961,X]
[51,F,0.776516,00000100,77.6516,X]
[29,F,0.815906,00100000,81.5906,X]
[30,F,0.816883,00100000,81.6883,X]
[18,F,0.817734,01000000,81.7734,X]
[11,F,0.866563,10000000,86.6563,X]
[12,F,0.874375,10000000,87.4375,X]
[43,F,0.893202,00010000,89.3202,X]
[19,F,0.893906,01000000,89.3906,X]
[31,F,0.904773,00100000,90.4773,X]
[63,F,0.905894,00000010,90.5894,X]
[32,F,0.90868,00100000,90.868,X]
[20,F,0.914414,01000000,91.4414,X]
[21,F,0.919297,01000000,91.9297,X]
[22,F,0.933945,01000000,93.3945,X]
[52,F,0.936672,00000100,93.6672,X]
[53,F,0.940578,00000100,94.0578,X]
[33,F,0.970203,00100000,97.0203,X]
[54,F,0.975734,00000100,97.5734,X]
[44,F,0.979139,00010000,97.9139,X]
GUIDE_TREE_PARTITION1=(((((t1:54.75,t2:54.75):20.3,t3:75.05):6.04,t4:81.09):0.35,(t5:32.7,t6:32.7):48.74):18.56,(t7:96.52,t8:96.52):3.48);
