Taxa bit representation:
t1 10000000
t2 01000000
t3 00100000
t4 00010000
t5 00001000
t6 00000100
t7 00000010
t8 00000001
Clade List (<taxon members> = <clade name>): 

>Dataset_0
[0,F,0.111328,11111100,11.1328,X]
[11,F,0.138606,00001100,13.8606,X]
[12,F,0.297786,00001100,29.7786,X]
[13,F,0.395442,00001100,39.5442,X]
[17,F,0.505166,00000100,50.5166,X]
[14,F,0.555947,00001000,55.5947,X]
[3,F,0.600397,00100000,60.0397,X]
[4,F,0.628717,00100000,62.8717,X]
[15,F,0.705361,00001000,70.5361,X]
[7,F,0.774905,00010000,77.4905,X]
[8,F,0.785647,00010000,78.5647,X]
[5,F,0.787897,00100000,78.7897,X]
[9,F,0.802248,00010000,80.2248,X]
[6,F,0.808405,00100000,80.8405,X]
[1,F,0.882253,10000000,88.2253,X]
[18,F,0.8964,00000010,89.64,X]
[16,F,0.89872,00001000,89.872,X]
[10,F,0.932131,00010000,93.2131,X]
[19,F,0.937416,00000010,93.7416,X]
[2,F,0.946706,01000000,94.6706,X]
GUIDE_TREE_PARTITION1=(((((t1:24.47,t2:24.47):24.67,t3:49.14):9.6,t4:58.74):27.79,(t5:50.46,t6:50.46):36.07):13.47,(t7:29.11,t8:29.11):70.89);
