Taxa bit representation:
t1 10000000
t2 01000000
t3 00100000
t4 00010000
t5 00001000
t6 00000100
t7 00000010
t8 00000001
Clade List (<taxon members> = <clade name>): 

>Dataset_0
[0,F,0.0691203,11111100,6.91203,X]
[26,F,0.152294,00000100,15.2294,X]
[43,F,0.163086,00000001,16.3086,X]
[27,F,0.171825,00000100,17.1825,X]
[36,F,0.201933,00000010,20.1933,X]
[37,F,0.207792,00000010,20.7792,X]
[1,F,0.2187,11111000,21.87,X]
[2,F,0.251903,11111000,25.1903,X]
[3,F,0.258739,11111000,25.8739,X]
[38,F,0.270292,00000010,27.0292,X]
[28,F,0.323192,00000100,32.3192,X]
[44,F,0.329102,00000001,32.9102,X]
[4,F,0.34077,11111000,34.077,X]
[45,F,0.355469,00000001,35.5469,X]
[29,F,0.395458,00000100,39.5458,X]
[30,F,0.411083,00000100,41.1083,X]
[39,F,0.422636,00000010,42.2636,X]
[31,F,0.453075,00000100,45.3075,X]
[32,F,0.495067,00000100,49.5067,X]
[40,F,0.520292,00000010,52.0292,X]
[5,F,0.553661,11111000,55.3661,X]
[46,F,0.575195,00000001,57.5195,X]
[47,F,0.583984,00000001,58.3984,X]
[48,F,0.589844,00000001,58.9844,X]
[49,F,0.611328,00000001,61.1328,X]
[6,F,0.632763,11111000,63.2762,X]
[7,F,0.634716,11111000,63.4716,X]
[15,F,0.700703,00010000,70.0703,X]
[13,F,0.716595,00100000,71.6595,X]
[20,F,0.720794,00001000,72.0794,X]
[50,F,0.728516,00000001,72.8516,X]
[8,F,0.752728,11000000,75.2728,X]
[41,F,0.753691,00000010,75.3691,X]
[9,F,0.757611,11000000,75.7611,X]
[21,F,0.768645,00001000,76.8645,X]
[51,F,0.776367,00000001,77.6367,X]
[10,F,0.783002,11000000,78.3002,X]
[33,F,0.807567,00000100,80.7567,X]
[11,F,0.848431,11000000,84.8431,X]
[16,F,0.854023,00010000,85.4023,X]
[22,F,0.861419,00001000,86.1419,X]
[23,F,0.874114,00001000,87.4114,X]
[24,F,0.879973,00001000,87.9973,X]
[14,F,0.887494,00100000,88.7494,X]
[34,F,0.895458,00000100,89.5458,X]
[17,F,0.896992,00010000,89.6992,X]
[25,F,0.906341,00001000,90.6341,X]
[18,F,0.941914,00010000,94.1914,X]
[35,F,0.943309,00000100,94.3309,X]
[12,F,0.951109,10000000,95.1109,X]
[19,F,0.991719,00010000,99.1719,X]
[42,F,0.993925,00000010,99.3925,X]
GUIDE_TREE_PARTITION1=(((((((t1:8.6,t2:8.6):21.01,t3:29.61):3.64,t4:33.25):0.53,t5:33.78):56.85,t6:90.63):5.29,t7:95.92):4.08,t8:100);
