Taxa bit representation:
t1 10000000
t2 01000000
t3 00100000
t4 00010000
t5 00001000
t6 00000100
t7 00000010
t8 00000001
Clade List (<taxon members> = <clade name>): 

>Dataset_0
[20,F,0.0498047,00000001,4.98047,X]
[0,F,0.191572,11111000,19.1572,X]
[10,F,0.314619,00000100,31.4619,X]
[14,F,0.340453,00000010,34.0453,X]
[15,F,0.436156,00000010,43.6156,X]
[6,F,0.477892,00001000,47.7892,X]
[16,F,0.507445,00000010,50.7445,X]
[7,F,0.573595,00001000,57.3595,X]
[1,F,0.586291,11110000,58.6291,X]
[2,F,0.665392,11110000,66.5392,X]
[17,F,0.665648,00000010,66.5648,X]
[3,F,0.701525,11110000,70.1525,X]
[11,F,0.74333,00000100,74.333,X]
[12,F,0.781416,00000100,78.1416,X]
[18,F,0.783813,00000010,78.3813,X]
[21,F,0.813477,00000001,81.3477,X]
[13,F,0.937666,00000100,93.7666,X]
[8,F,0.941759,00001000,94.1759,X]
[4,F,0.94953,10000000,94.953,X]
[19,F,0.961547,00000010,96.1547,X]
[9,F,0.979845,00001000,97.9845,X]
[5,F,0.997381,10000000,99.7381,X]
GUIDE_TREE_PARTITION1=(((((((t1:5.34,t2:5.34):10.72,t3:16.06):7.62,t4:23.68):45.23,t5:68.91):25.8,t6:94.71):2.69,t7:97.4):2.6,t8:100);
