Taxa bit representation:
t1 10000000
t2 01000000
t3 00100000
t4 00010000
t5 00001000
t6 00000100
t7 00000010
t8 00000001
Clade List (<taxon members> = <clade name>): 

>Dataset_0
[0,F,0.0195312,11111100,1.95312,X]
[1,F,0.0498047,11111100,4.98047,X]
[73,F,0.0507812,00000011,5.07812,X]
[2,F,0.0966797,11111100,9.66797,X]
[3,F,0.115234,11111100,11.5234,X]
[74,F,0.126953,00000011,12.6953,X]
[75,F,0.178711,00000011,17.8711,X]
[4,F,0.200195,11111100,20.0195,X]
[76,F,0.209961,00000011,20.9961,X]
[5,F,0.212891,11111100,21.2891,X]
[6,F,0.22168,11111100,22.168,X]
[77,F,0.224609,00000011,22.4609,X]
[7,F,0.226562,11111100,22.6562,X]
[8,F,0.256836,11111100,25.6836,X]
[9,F,0.262695,11111100,26.2695,X]
[78,F,0.283203,00000011,28.3203,X]
[79,F,0.302734,00000011,30.2734,X]
[80,F,0.305664,00000011,30.5664,X]
[81,F,0.321289,00000011,32.1289,X]
[10,F,0.350747,11110000,35.0747,X]
[95,F,0.370253,00000001,37.0253,X]
[96,F,0.373183,00000001,37.3183,X]
[54,F,0.397622,00001100,39.7622,X]
[55,F,0.411294,00001100,41.1294,X]
[56,F,0.417153,00001100,41.7153,X]
[82,F,0.422011,00000010,42.2011,X]
[97,F,0.4308,00000001,43.08,X]
[98,F,0.436659,00000001,43.6659,X]
[11,F,0.437661,11110000,43.7661,X]
[57,F,0.459145,00001100,45.9145,X]
[58,F,0.467934,00001100,46.7934,X]
[12,F,0.484536,11110000,48.4536,X]
[42,F,0.493653,00010000,49.3653,X]
[59,F,0.500161,00001100,50.0161,X]
[13,F,0.521083,11000000,52.1083,X]
[26,F,0.529872,00100000,52.9872,X]
[60,F,0.536294,00001100,53.6294,X]
[61,F,0.546059,00001100,54.6059,X]
[62,F,0.547036,00001100,54.7036,X]
[43,F,0.547364,00010000,54.7364,X]
[99,F,0.557753,00000001,55.7753,X]
[14,F,0.559169,11000000,55.9169,X]
[83,F,0.565566,00000010,56.5566,X]
[63,F,0.583169,00001100,58.3169,X]
[27,F,0.587489,00100000,58.7489,X]
[64,F,0.590005,00001100,59.0005,X]
[15,F,0.591395,11000000,59.1395,X]
[28,F,0.600184,00100000,60.0184,X]
[84,F,0.600722,00000010,60.0722,X]
[65,F,0.601723,00001100,60.1723,X]
[29,F,0.621669,00100000,62.1669,X]
[85,F,0.631972,00000010,63.1972,X]
[100,F,0.634902,00000001,63.4902,X]
[66,F,0.63688,00001100,63.688,X]
[101,F,0.639784,00000001,63.9784,X]
[44,F,0.649903,00010000,64.9903,X]
[16,F,0.649989,11000000,64.9989,X]
[17,F,0.658778,11000000,65.8778,X]
[102,F,0.686659,00000001,68.6659,X]
[103,F,0.688613,00000001,68.8613,X]
[86,F,0.692519,00000010,69.2519,X]
[30,F,0.699794,00100000,69.9794,X]
[87,F,0.701308,00000010,70.1308,X]
[18,F,0.709559,11000000,70.9559,X]
[45,F,0.712403,00010000,71.2403,X]
[19,F,0.712489,11000000,71.2489,X]
[104,F,0.720839,00000001,72.0839,X]
[46,F,0.735841,00010000,73.5841,X]
[67,F,0.740395,00001100,74.0395,X]
[88,F,0.742323,00000010,74.2323,X]
[47,F,0.742677,00010000,74.2677,X]
[20,F,0.748622,11000000,74.8622,X]
[21,F,0.755458,11000000,75.5458,X]
[68,F,0.75602,00001100,75.602,X]
[31,F,0.756434,00100000,75.6434,X]
[69,F,0.777505,00001100,77.7505,X]
[32,F,0.777919,00100000,77.7919,X]
[33,F,0.782802,00100000,78.2802,X]
[48,F,0.789552,00010000,78.9552,X]
[34,F,0.791591,00100000,79.1591,X]
[105,F,0.792128,00000001,79.2128,X]
[89,F,0.795058,00000010,79.5058,X]
[49,F,0.802247,00010000,80.2247,X]
[50,F,0.806153,00010000,80.6153,X]
[90,F,0.826308,00000010,82.6308,X]
[106,F,0.83998,00000001,83.998,X]
[35,F,0.843348,00100000,84.3348,X]
[36,F,0.846278,00100000,84.6278,X]
[91,F,0.873183,00000010,87.3183,X]
[37,F,0.874598,00100000,87.4598,X]
[38,F,0.882411,00100000,88.2411,X]
[22,F,0.883144,10000000,88.3144,X]
[70,F,0.887856,00001100,88.7856,X]
[107,F,0.890761,00000001,89.0761,X]
[51,F,0.895997,00010000,89.5997,X]
[92,F,0.897597,00000010,89.7597,X]
[23,F,0.898769,10000000,89.8769,X]
[39,F,0.902919,00100000,90.2919,X]
[52,F,0.908692,00010000,90.8692,X]
[40,F,0.914637,00100000,91.4638,X]
[93,F,0.921034,00000010,92.1034,X]
[24,F,0.929042,10000000,92.9042,X]
[71,F,0.932778,00001100,93.2778,X]
[108,F,0.937636,00000001,93.7636,X]
[94,F,0.963027,00000010,96.3027,X]
[53,F,0.96338,00010000,96.338,X]
[25,F,0.966152,10000000,96.6152,X]
[109,F,0.978652,00000001,97.8652,X]
[72,F,0.991566,00001000,99.1566,X]
[41,F,0.998622,00100000,99.8622,X]
GUIDE_TREE_PARTITION1=(((((t1:14.42,t2:14.42):33.96,t3:48.38):2.45,t4:50.83):20.15,(t5:1.82,t6:1.82):69.16):29.02,(t7:63.17,t8:63.17):36.83);
