Taxa bit representation:
t1 10000000
t2 01000000
t3 00100000
t4 00010000
t5 00001000
t6 00000100
t7 00000010
t8 00000001
Clade List (<taxon members> = <clade name>): 

>Dataset_0
[25,F,0.0107422,00000011,1.07422,X]
[0,F,0.0224609,11111100,2.24609,X]
[1,F,0.0341797,11111100,3.41797,X]
[2,F,0.0390625,11111100,3.90625,X]
[3,F,0.078125,11111100,7.8125,X]
[26,F,0.178711,00000011,17.8711,X]
[27,F,0.185547,00000011,18.5547,X]
[28,F,0.201172,00000011,20.1172,X]
[29,F,0.228516,00000011,22.8516,X]
[30,F,0.333984,00000011,33.3984,X]
[4,F,0.368164,11111100,36.8164,X]
[31,F,0.432617,00000011,43.2617,X]
[5,F,0.43457,11111100,43.457,X]
[6,F,0.469727,11111100,46.9727,X]
[20,F,0.501078,00001100,50.1078,X]
[32,F,0.516602,00000011,51.6602,X]
[33,F,0.524414,00000011,52.4414,X]
[38,F,0.594528,00000001,59.4528,X]
[7,F,0.64268,11110000,64.268,X]
[39,F,0.651169,00000001,65.1169,X]
[21,F,0.698344,00001100,69.8344,X]
[40,F,0.706833,00000001,70.6833,X]
[41,F,0.740036,00000001,74.0036,X]
[22,F,0.751078,00001100,75.1078,X]
[14,F,0.761516,00010000,76.1516,X]
[42,F,0.794723,00000001,79.4723,X]
[15,F,0.806438,00010000,80.6437,X]
[23,F,0.811625,00001100,81.1625,X]
[8,F,0.825856,00100000,82.5856,X]
[9,F,0.833669,00100000,83.3669,X]
[16,F,0.833781,00010000,83.3781,X]
[10,F,0.867848,00100000,86.7848,X]
[11,F,0.879567,00100000,87.9567,X]
[12,F,0.88738,00100000,88.738,X]
[34,F,0.891403,00000010,89.1403,X]
[24,F,0.902445,00001100,90.2445,X]
[35,F,0.92363,00000010,92.363,X]
[17,F,0.925578,00010000,92.5578,X]
[13,F,0.954762,00100000,95.4762,X]
[36,F,0.957809,00000010,95.7809,X]
[18,F,0.979289,00010000,97.9289,X]
[19,F,0.989055,00010000,98.9055,X]
[37,F,0.999802,00000010,99.9802,X]
GUIDE_TREE_PARTITION1=(((((t1:5.36,t2:5.36):15.57,t3:20.93):13.27,t4:34.2):17.45,(t5:5.35,t6:5.35):46.3):48.35,(t7:45.43,t8:45.43):54.57);
