Taxa bit representation:
t1 10000000
t2 01000000
t3 00100000
t4 00010000
t5 00001000
t6 00000100
t7 00000010
t8 00000001
Clade List (<taxon members> = <clade name>): 

>Dataset_0
[9,F,0.0634766,00000001,6.34766,X]
[10,F,0.133789,00000001,13.3789,X]
[11,F,0.255859,00000001,25.5859,X]
[12,F,0.397461,00000001,39.7461,X]
[13,F,0.462891,00000001,46.2891,X]
[14,F,0.483398,00000001,48.3398,X]
[15,F,0.489258,00000001,48.9258,X]
[0,F,0.520723,11111000,52.0723,X]
[7,F,0.570528,00000100,57.0528,X]
[1,F,0.614795,11110000,61.4795,X]
[16,F,0.797852,00000001,79.7852,X]
[17,F,0.849609,00000001,84.9609,X]
[3,F,0.857222,00100000,85.7222,X]
[6,F,0.867725,00001000,86.7725,X]
[4,F,0.885542,00100000,88.5542,X]
[5,F,0.936366,00010000,93.6366,X]
[2,F,0.960864,10000000,96.0864,X]
[8,F,0.987594,00000010,98.7594,X]
GUIDE_TREE_PARTITION1=(((((((t1:15.73,t2:15.73):3.04,t3:18.77):1.07,t4:19.84):26.2,t5:46.04):8.04,t6:54.08):21.77,t7:75.85):24.15,t8:100);
