Taxa bit representation:
t1 10000000
t2 01000000
t3 00100000
t4 00010000
t5 00001000
t6 00000100
t7 00000010
t8 00000001
Clade List (<taxon members> = <clade name>): 

>Dataset_0
[48,F,0.112305,00000011,11.2305,X]
[0,F,0.136339,11100000,13.6339,X]
[22,F,0.153213,00001000,15.3213,X]
[49,F,0.165039,00000011,16.5039,X]
[1,F,0.182237,11100000,18.2237,X]
[50,F,0.246094,00000011,24.6094,X]
[40,F,0.264541,00000100,26.4541,X]
[2,F,0.275011,11100000,27.5011,X]
[3,F,0.326769,11100000,32.6769,X]
[23,F,0.339736,00001000,33.9736,X]
[41,F,0.346572,00000100,34.6572,X]
[24,F,0.365127,00001000,36.5127,X]
[16,F,0.369737,00010000,36.9738,X]
[51,F,0.371094,00000011,37.1094,X]
[25,F,0.375869,00001000,37.5869,X]
[4,F,0.389269,11100000,38.9269,X]
[17,F,0.404894,00010000,40.4894,X]
[52,F,0.430664,00000011,43.0664,X]
[5,F,0.466417,11100000,46.6417,X]
[26,F,0.471572,00001000,47.1572,X]
[18,F,0.489855,00010000,48.9855,X]
[58,F,0.518459,00000001,51.8459,X]
[27,F,0.519423,00001000,51.9423,X]
[53,F,0.524319,00000010,52.4319,X]
[28,F,0.530166,00001000,53.0166,X]
[29,F,0.55165,00001000,55.165,X]
[59,F,0.555569,00000001,55.5569,X]
[6,F,0.563097,11100000,56.3097,X]
[7,F,0.569933,11100000,56.9933,X]
[30,F,0.57997,00001000,57.997,X]
[54,F,0.580959,00000010,58.0959,X]
[42,F,0.588759,00000100,58.8759,X]
[55,F,0.598537,00000010,59.8537,X]
[8,F,0.619022,11000000,61.9022,X]
[43,F,0.646377,00000100,64.6377,X]
[44,F,0.651259,00000100,65.1259,X]
[31,F,0.654189,00001000,65.4189,X]
[32,F,0.668837,00001000,66.8837,X]
[45,F,0.669814,00000100,66.9814,X]
[19,F,0.693956,00010000,69.3956,X]
[60,F,0.727444,00000001,72.7444,X]
[9,F,0.753787,11000000,75.3787,X]
[33,F,0.753798,00001000,75.3798,X]
[61,F,0.770412,00000001,77.0412,X]
[10,F,0.78992,11000000,78.992,X]
[34,F,0.793837,00001000,79.3837,X]
[62,F,0.811428,00000001,81.1428,X]
[20,F,0.81212,00010000,81.212,X]
[13,F,0.814731,01000000,81.4731,X]
[56,F,0.818264,00000010,81.8264,X]
[14,F,0.818637,01000000,81.8637,X]
[46,F,0.839736,00000100,83.9736,X]
[35,F,0.849502,00001000,84.9502,X]
[11,F,0.855747,10000000,85.5747,X]
[47,F,0.857314,00000100,85.7314,X]
[12,F,0.881137,10000000,88.1137,X]
[36,F,0.904189,00001000,90.4189,X]
[37,F,0.909072,00001000,90.9072,X]
[63,F,0.913967,00000001,91.3967,X]
[15,F,0.918827,00100000,91.8827,X]
[38,F,0.918837,00001000,91.8837,X]
[39,F,0.943252,00001000,94.3252,X]
[21,F,0.994738,00010000,99.4738,X]
[57,F,0.997952,00000010,99.7952,X]
GUIDE_TREE_PARTITION1=(((((t1:20.48,t2:20.48):22.11,t3:42.59):47.78,t4:90.37):7.14,(t5:91.71,t6:91.71):5.8):2.49,(t7:48.74,t8:48.74):51.26);
