Taxa bit representation:
t1 10000000
t2 01000000
t3 00100000
t4 00010000
t5 00001000
t6 00000100
t7 00000010
t8 00000001
Clade List (<taxon members> = <clade name>): 

>Dataset_0
[12,F,0.0712891,00001111,7.12891,X]
[13,F,0.0927734,00001111,9.27734,X]
[14,F,0.141602,00001111,14.1602,X]
[15,F,0.178711,00001111,17.8711,X]
[0,F,0.255859,11110000,25.5859,X]
[1,F,0.301758,11110000,30.1758,X]
[25,F,0.33892,00000001,33.892,X]
[16,F,0.43605,00001100,43.605,X]
[26,F,0.451225,00000001,45.1225,X]
[2,F,0.461914,11110000,46.1914,X]
[27,F,0.533256,00000001,53.3256,X]
[17,F,0.616714,00001100,61.6714,X]
[22,F,0.62017,00000010,62.017,X]
[8,F,0.716441,00110000,71.6441,X]
[3,F,0.734019,11000000,73.4019,X]
[4,F,0.743784,11000000,74.3784,X]
[23,F,0.77642,00000010,77.642,X]
[18,F,0.777464,00001000,77.7464,X]
[9,F,0.803355,00110000,80.3355,X]
[5,F,0.815073,11000000,81.5073,X]
[6,F,0.836558,11000000,83.6558,X]
[19,F,0.842894,00001000,84.2894,X]
[7,F,0.868784,11000000,86.8784,X]
[10,F,0.876597,00110000,87.6597,X]
[28,F,0.880912,00000001,88.0913,X]
[20,F,0.883909,00001000,88.3909,X]
[11,F,0.937612,00010000,93.7612,X]
[29,F,0.944389,00000001,94.4389,X]
[21,F,0.96887,00001000,96.887,X]
[24,F,0.994194,00000010,99.4194,X]
GUIDE_TREE_PARTITION1=(((t1:9.49,t2:9.49):30.78,(t3:7.02,t4:7.02):33.25):59.73,((t5:34.07,t6:34.07):37.95,(t7:68.94,t8:68.94):3.08):27.98);
