Taxa bit representation:
t1 10000000
t2 01000000
t3 00100000
t4 00010000
t5 00001000
t6 00000100
t7 00000010
t8 00000001
Clade List (<taxon members> = <clade name>): 

>Dataset_0
[0,F,0.00976562,11111100,0.976562,X]
[27,F,0.0742188,00000011,7.42188,X]
[28,F,0.0791016,00000011,7.91016,X]
[1,F,0.0927734,11111100,9.27734,X]
[2,F,0.193359,11111100,19.3359,X]
[29,F,0.236328,00000011,23.6328,X]
[43,F,0.303142,00000001,30.3142,X]
[30,F,0.361736,00000010,36.1736,X]
[31,F,0.391033,00000010,39.1033,X]
[32,F,0.407634,00000010,40.7634,X]
[33,F,0.437908,00000010,43.7908,X]
[34,F,0.442791,00000010,44.2791,X]
[44,F,0.478923,00000001,47.8923,X]
[3,F,0.485461,11110000,48.5461,X]
[4,F,0.520617,11110000,52.0617,X]
[45,F,0.520916,00000001,52.0916,X]
[35,F,0.537517,00000010,53.7517,X]
[36,F,0.592205,00000010,59.2205,X]
[37,F,0.665447,00000010,66.5447,X]
[38,F,0.6674,00000010,66.74,X]
[46,F,0.715252,00000001,71.5252,X]
[16,F,0.719836,00001100,71.9836,X]
[47,F,0.740642,00000001,74.0642,X]
[10,F,0.741177,00100000,74.1177,X]
[17,F,0.755372,00001000,75.5372,X]
[18,F,0.77588,00001000,77.588,X]
[25,F,0.793458,00000100,79.3458,X]
[26,F,0.795411,00000100,79.5411,X]
[11,F,0.796841,00100000,79.6841,X]
[19,F,0.798341,00001000,79.8341,X]
[20,F,0.803223,00001000,80.3223,X]
[12,F,0.80563,00100000,80.563,X]
[21,F,0.817872,00001000,81.7872,X]
[39,F,0.82365,00000010,82.365,X]
[48,F,0.837322,00000001,83.7322,X]
[15,F,0.838077,00010000,83.8077,X]
[22,F,0.856934,00001000,85.6934,X]
[40,F,0.860759,00000010,86.0759,X]
[13,F,0.873012,00100000,87.3012,X]
[5,F,0.907192,11000000,90.7192,X]
[41,F,0.911541,00000010,91.1541,X]
[6,F,0.923948,10000000,92.3948,X]
[7,F,0.925902,10000000,92.5902,X]
[23,F,0.939942,00001000,93.9942,X]
[49,F,0.953533,00000001,95.3533,X]
[14,F,0.957973,00100000,95.7973,X]
[8,F,0.959105,10000000,95.9105,X]
[24,F,0.970216,00001000,97.0216,X]
[42,F,0.990642,00000010,99.0642,X]
[50,F,0.990642,00000001,99.0642,X]
[9,F,0.994261,01000000,99.4261,X]
GUIDE_TREE_PARTITION1=(((((t1:9.07,t2:9.07):23.16,t3:32.23):15.31,t4:47.54):12.41,(t5:25.83,t6:25.83):34.12):40.05,(t7:70.76,t8:70.76):29.24);
