Taxa bit representation:
t1 10000000
t2 01000000
t3 00100000
t4 00010000
t5 00001000
t6 00000100
t7 00000010
t8 00000001
Clade List (<taxon members> = <clade name>): 

>Dataset_0
[16,F,0.00990625,00000010,0.990625,X]
[0,F,0.0516563,11110000,5.16563,X]
[22,F,0.100727,00000001,10.0727,X]
[23,F,0.138813,00000001,13.8813,X]
[17,F,0.167133,00000010,16.7133,X]
[10,F,0.178516,00000100,17.8516,X]
[11,F,0.192188,00000100,19.2188,X]
[1,F,0.219625,11110000,21.9625,X]
[24,F,0.289203,00000001,28.9203,X]
[25,F,0.313617,00000001,31.3617,X]
[26,F,0.322406,00000001,32.2406,X]
[7,F,0.339648,00001000,33.9648,X]
[8,F,0.376758,00001000,37.6758,X]
[2,F,0.38857,11110000,38.857,X]
[18,F,0.450336,00000010,45.0336,X]
[12,F,0.462695,00000100,46.2695,X]
[3,F,0.478089,11100000,47.8089,X]
[9,F,0.513477,00001000,51.3477,X]
[27,F,0.613422,00000001,61.3422,X]
[28,F,0.704242,00000001,70.4242,X]
[13,F,0.776172,00000100,77.6172,X]
[5,F,0.798402,00010000,79.8402,X]
[19,F,0.854633,00000010,85.4633,X]
[20,F,0.870258,00000010,87.0258,X]
[14,F,0.875781,00000100,87.5781,X]
[29,F,0.913227,00000001,91.3227,X]
[6,F,0.923402,00010000,92.3402,X]
[21,F,0.936664,00000010,93.6664,X]
[4,F,0.938077,10000000,93.8077,X]
[30,F,0.94057,00000001,94.057,X]
[15,F,0.996875,00000100,99.6875,X]
GUIDE_TREE_PARTITION1=(((((t1:6.29,t2:6.29):29.21,t3:35.5):17.57,t4:53.07):45.28,(t5:86.25,t6:86.25):12.1):1.65,(t7:99.4,t8:99.4):0.6);
