Taxa bit representation:
t1 10000000
t2 01000000
t3 00100000
t4 00010000
t5 00001000
t6 00000100
t7 00000010
t8 00000001
Clade List (<taxon members> = <clade name>): 

>Dataset_0
[51,F,0.03125,00001111,3.125,X]
[52,F,0.0488281,00001111,4.88281,X]
[0,F,0.0771484,11110000,7.71484,X]
[1,F,0.0810547,11110000,8.10547,X]
[53,F,0.0879063,00001100,8.79063,X]
[74,F,0.0976719,00000011,9.76719,X]
[75,F,0.11818,00000011,11.818,X]
[2,F,0.139236,11000000,13.9236,X]
[76,F,0.148453,00000011,14.8453,X]
[3,F,0.152908,11000000,15.2908,X]
[21,F,0.16072,00110000,16.072,X]
[77,F,0.167984,00000011,16.7984,X]
[54,F,0.199234,00001100,19.9234,X]
[78,F,0.203141,00000011,20.3141,X]
[22,F,0.233963,00110000,23.3963,X]
[23,F,0.256423,00110000,25.6423,X]
[24,F,0.26033,00110000,26.033,X]
[55,F,0.261734,00001100,26.1734,X]
[79,F,0.328141,00000011,32.8141,X]
[80,F,0.346695,00000011,34.6695,X]
[56,F,0.357438,00001100,35.7437,X]
[96,F,0.363053,00000001,36.3053,X]
[25,F,0.365798,00110000,36.5798,X]
[81,F,0.375748,00000010,37.5748,X]
[82,F,0.383561,00000010,38.3561,X]
[26,F,0.436766,00100000,43.6766,X]
[4,F,0.439041,11000000,43.9041,X]
[97,F,0.440202,00000001,44.0202,X]
[5,F,0.44197,11000000,44.197,X]
[98,F,0.444108,00000001,44.4108,X]
[27,F,0.446531,00100000,44.6531,X]
[83,F,0.448991,00000010,44.8991,X]
[6,F,0.468338,11000000,46.8338,X]
[84,F,0.470475,00000010,47.0475,X]
[28,F,0.479734,00100000,47.9734,X]
[85,F,0.480241,00000010,48.0241,X]
[41,F,0.480711,00010000,48.0711,X]
[86,F,0.48317,00000010,48.317,X]
[57,F,0.501969,00001100,50.1969,X]
[87,F,0.513444,00000010,51.3444,X]
[99,F,0.513444,00000001,51.3444,X]
[100,F,0.515397,00000001,51.5397,X]
[29,F,0.533445,00100000,53.3445,X]
[88,F,0.553483,00000010,55.3483,X]
[101,F,0.553483,00000001,55.3483,X]
[58,F,0.554703,00001100,55.4703,X]
[30,F,0.561766,00100000,56.1766,X]
[102,F,0.562272,00000001,56.2272,X]
[103,F,0.568131,00000001,56.8131,X]
[42,F,0.585203,00010000,58.5203,X]
[7,F,0.59822,11000000,59.822,X]
[31,F,0.618406,00100000,61.8406,X]
[104,F,0.619889,00000001,61.9889,X]
[8,F,0.630447,11000000,63.0447,X]
[43,F,0.631102,00010000,63.1102,X]
[59,F,0.6465,00001100,64.65,X]
[9,F,0.647048,11000000,64.7048,X]
[89,F,0.658952,00000010,65.8952,X]
[10,F,0.678298,11000000,67.8298,X]
[44,F,0.680906,00010000,68.0906,X]
[60,F,0.681656,00001100,68.1656,X]
[32,F,0.690672,00100000,69.0672,X]
[90,F,0.693131,00000010,69.3131,X]
[61,F,0.693375,00001100,69.3375,X]
[45,F,0.699461,00010000,69.9461,X]
[46,F,0.70825,00010000,70.825,X]
[62,F,0.709977,00001100,70.9977,X]
[105,F,0.718522,00000001,71.8522,X]
[47,F,0.718992,00010000,71.8992,X]
[63,F,0.719742,00001100,71.9742,X]
[11,F,0.724197,11000000,72.4197,X]
[12,F,0.739822,11000000,73.9822,X]
[91,F,0.749772,00000010,74.9772,X]
[106,F,0.749772,00000001,74.9772,X]
[33,F,0.775633,00100000,77.5633,X]
[13,F,0.775955,11000000,77.5955,X]
[48,F,0.778563,00010000,77.8563,X]
[34,F,0.782469,00100000,78.2469,X]
[70,F,0.782989,00000100,78.2989,X]
[35,F,0.788328,00100000,78.8328,X]
[14,F,0.792556,11000000,79.2556,X]
[92,F,0.802506,00000010,80.2506,X]
[15,F,0.813064,11000000,81.3064,X]
[64,F,0.819122,00001000,81.9122,X]
[16,F,0.821853,11000000,82.1853,X]
[49,F,0.826414,00010000,82.6414,X]
[107,F,0.827897,00000001,82.7897,X]
[36,F,0.849852,00100000,84.9852,X]
[108,F,0.850358,00000001,85.0358,X]
[65,F,0.855255,00001000,85.5255,X]
[93,F,0.860123,00000010,86.0123,X]
[50,F,0.86157,00010000,86.157,X]
[94,F,0.862077,00000010,86.2077,X]
[66,F,0.862091,00001000,86.2091,X]
[71,F,0.865997,00000100,86.5997,X]
[67,F,0.866973,00001000,86.6973,X]
[109,F,0.88942,00000001,88.942,X]
[37,F,0.900633,00100000,90.0633,X]
[17,F,0.908767,11000000,90.8767,X]
[38,F,0.910398,00100000,91.0398,X]
[39,F,0.911375,00100000,91.1375,X]
[40,F,0.916258,00100000,91.6258,X]
[72,F,0.920684,00000100,92.0684,X]
[68,F,0.924591,00001000,92.4591,X]
[95,F,0.928483,00000010,92.8483,X]
[18,F,0.930252,11000000,93.0252,X]
[73,F,0.93338,00000100,93.338,X]
[19,F,0.976892,01000000,97.6892,X]
[110,F,0.979264,00000001,97.9264,X]
[20,F,0.983728,01000000,98.3728,X]
[69,F,0.991973,00001000,99.1973,X]
GUIDE_TREE_PARTITION1=(((t1:6.51,t2:6.51):80.25,(t3:57.3,t4:57.3):29.46):13.24,((t5:22.58,t6:22.58):69.02,(t7:63.89,t8:63.89):27.71):8.4);
