Taxa bit representation:
t1 10000000
t2 01000000
t3 00100000
t4 00010000
t5 00001000
t6 00000100
t7 00000010
t8 00000001
Clade List (<taxon members> = <clade name>): 

>Dataset_0
[24,F,0.0168891,00001100,1.68891,X]
[0,F,0.0449219,11110000,4.49219,X]
[25,F,0.0725531,00001100,7.25531,X]
[26,F,0.0832953,00001100,8.32953,X]
[40,F,0.0959906,00000011,9.59906,X]
[27,F,0.209272,00001100,20.9272,X]
[12,F,0.230159,00110000,23.0159,X]
[6,F,0.235998,01000000,23.5998,X]
[41,F,0.245405,00000011,24.5405,X]
[28,F,0.259077,00001100,25.9077,X]
[42,F,0.26103,00000011,26.103,X]
[43,F,0.303998,00000011,30.3998,X]
[29,F,0.319623,00001100,31.9623,X]
[44,F,0.334584,00000010,33.4584,X]
[30,F,0.343061,00001100,34.3061,X]
[19,F,0.373011,00010000,37.3011,X]
[45,F,0.414662,00000010,41.4663,X]
[46,F,0.418569,00000010,41.8569,X]
[52,F,0.427358,00000001,42.7358,X]
[47,F,0.4381,00000010,43.81,X]
[20,F,0.455042,00010000,45.5042,X]
[13,F,0.463831,00100000,46.3831,X]
[53,F,0.47228,00000001,47.228,X]
[14,F,0.485316,00100000,48.5316,X]
[31,F,0.485639,00001100,48.5639,X]
[1,F,0.496741,10000000,49.6741,X]
[32,F,0.498334,00001100,49.8334,X]
[48,F,0.509389,00000010,50.9389,X]
[33,F,0.510053,00001100,51.0053,X]
[2,F,0.518225,10000000,51.8225,X]
[7,F,0.520178,01000000,52.0178,X]
[34,F,0.547162,00001100,54.7163,X]
[3,F,0.549475,10000000,54.9475,X]
[8,F,0.582678,01000000,58.2678,X]
[9,F,0.603186,01000000,60.3186,X]
[36,F,0.618639,00000100,61.8639,X]
[49,F,0.6256,00000010,62.56,X]
[15,F,0.635706,00100000,63.5706,X]
[37,F,0.6411,00000100,64.11,X]
[21,F,0.653284,00010000,65.3284,X]
[10,F,0.682288,01000000,68.2288,X]
[54,F,0.690053,00000001,69.0053,X]
[16,F,0.743128,00100000,74.3128,X]
[55,F,0.744741,00000001,74.4741,X]
[50,F,0.758412,00000010,75.8412,X]
[4,F,0.764319,10000000,76.4319,X]
[11,F,0.78385,01000000,78.385,X]
[56,F,0.808217,00000001,80.8217,X]
[35,F,0.811998,00001000,81.1998,X]
[22,F,0.835902,00010000,83.5902,X]
[5,F,0.844397,10000000,84.4397,X]
[38,F,0.876452,00000100,87.6452,X]
[39,F,0.89403,00000100,89.403,X]
[17,F,0.895472,00100000,89.5472,X]
[23,F,0.932581,00010000,93.2581,X]
[18,F,0.967738,00100000,96.7738,X]
[51,F,0.995717,00000010,99.5717,X]
GUIDE_TREE_PARTITION1=(((t1:80.99,t2:80.99):2.83,(t3:68.07,t4:68.07):15.75):16.18,((t5:42.14,t6:42.14):57.05,(t7:68.69,t8:68.69):30.5):0.81);
