Taxa bit representation:
t1 10000000
t2 01000000
t3 00100000
t4 00010000
t5 00001000
t6 00000100
t7 00000010
t8 00000001
Clade List (<taxon members> = <clade name>): 

>Dataset_0
[10,F,0.0107422,00001111,1.07422,X]
[11,F,0.112305,00001111,11.2305,X]
[0,F,0.233398,11110000,23.3398,X]
[1,F,0.408034,11000000,40.8034,X]
[5,F,0.444811,00100000,44.4811,X]
[7,F,0.628405,00010000,62.8405,X]
[8,F,0.654772,00010000,65.4772,X]
[14,F,0.742038,00000001,74.2038,X]
[15,F,0.766452,00000001,76.6452,X]
[16,F,0.799655,00000001,79.9655,X]
[12,F,0.814303,00000010,81.4303,X]
[9,F,0.878405,00010000,87.8405,X]
[13,F,0.888522,00000010,88.8522,X]
[2,F,0.909141,10000000,90.9141,X]
[4,F,0.91207,01000000,91.207,X]
[6,F,0.916491,00100000,91.6491,X]
[3,F,0.973594,10000000,97.3594,X]
GUIDE_TREE_PARTITION1=(((t1:14.75,t2:14.75):49.72,(t3:60.89,t4:60.89):3.58):35.53,((t5:12.92,t6:12.92):21.04,(t7:28.14,t8:28.14):5.82):66.04);
