Taxa bit representation:
t1 10000000
t2 01000000
t3 00100000
t4 00010000
t5 00001000
t6 00000100
t7 00000010
t8 00000001
Clade List (<taxon members> = <clade name>): 

>Dataset_0
[0,F,0.0742188,11111110,7.42188,X]
[16,F,0.246094,00000001,24.6094,X]
[1,F,0.250566,11111100,25.0566,X]
[17,F,0.37207,00000001,37.207,X]
[9,F,0.395641,00000100,39.5641,X]
[18,F,0.419922,00000001,41.9922,X]
[19,F,0.441406,00000001,44.1406,X]
[6,F,0.494639,00100000,49.4639,X]
[2,F,0.522959,11000000,52.2959,X]
[7,F,0.526866,00100000,52.6866,X]
[20,F,0.541016,00000001,54.1016,X]
[3,F,0.552256,11000000,55.2256,X]
[12,F,0.577714,00000010,57.7714,X]
[4,F,0.591319,11000000,59.1319,X]
[21,F,0.603516,00000001,60.3516,X]
[13,F,0.605058,00000010,60.5058,X]
[14,F,0.730058,00000010,73.0058,X]
[5,F,0.802256,11000000,80.2256,X]
[10,F,0.862437,00000100,86.2437,X]
[15,F,0.871659,00000010,87.1659,X]
[8,F,0.884397,00001000,88.4397,X]
[11,F,0.954234,00000100,95.4234,X]
GUIDE_TREE_PARTITION1=(((((((t1:1.8,t2:1.8):58.99,t3:60.79):2.82,t4:63.61):0.88,t5:64.49):1.61,t6:66.1):16.07,t7:82.17):17.83,t8:100);
