Taxa bit representation:
t1 10000000
t2 01000000
t3 00100000
t4 00010000
t5 00001000
t6 00000100
t7 00000010
t8 00000001
Clade List (<taxon members> = <clade name>): 

>Dataset_0
[28,F,0.234653,00001100,23.4653,X]
[0,F,0.26102,11110000,26.102,X]
[45,F,0.292969,00000011,29.2969,X]
[21,F,0.298491,00010000,29.8491,X]
[46,F,0.31543,00000011,31.543,X]
[47,F,0.352539,00000011,35.2539,X]
[48,F,0.366211,00000011,36.6211,X]
[29,F,0.38895,00001100,38.895,X]
[49,F,0.407227,00000011,40.7227,X]
[1,F,0.411772,11100000,41.1772,X]
[30,F,0.41727,00001100,41.727,X]
[50,F,0.419922,00000011,41.9922,X]
[2,F,0.445952,11100000,44.5952,X]
[31,F,0.496372,00001100,49.6372,X]
[32,F,0.51688,00001100,51.688,X]
[22,F,0.546538,00010000,54.6538,X]
[14,F,0.554591,00100000,55.4591,X]
[8,F,0.560213,01000000,56.0213,X]
[40,F,0.57498,00000100,57.498,X]
[15,F,0.593653,00100000,59.3653,X]
[51,F,0.612816,00000010,61.2816,X]
[33,F,0.622831,00001000,62.2831,X]
[34,F,0.624784,00001000,62.4784,X]
[3,F,0.648103,10000000,64.8103,X]
[9,F,0.652009,01000000,65.2009,X]
[16,F,0.6542,00100000,65.42,X]
[57,F,0.657737,00000001,65.7737,X]
[58,F,0.658714,00000001,65.8714,X]
[41,F,0.667753,00000100,66.7753,X]
[4,F,0.676423,10000000,67.6423,X]
[59,F,0.681175,00000001,68.1175,X]
[42,F,0.691191,00000100,69.1191,X]
[10,F,0.692048,01000000,69.2048,X]
[35,F,0.69998,00001000,69.998,X]
[17,F,0.71377,00100000,71.377,X]
[23,F,0.725248,00010000,72.5248,X]
[5,F,0.766267,10000000,76.6267,X]
[24,F,0.77017,00010000,77.017,X]
[60,F,0.775902,00000001,77.5902,X]
[11,F,0.781892,01000000,78.1892,X]
[25,F,0.782866,00010000,78.2866,X]
[6,F,0.787752,10000000,78.7752,X]
[61,F,0.791527,00000001,79.1527,X]
[36,F,0.791777,00001000,79.1777,X]
[37,F,0.797636,00001000,79.7636,X]
[26,F,0.80435,00010000,80.435,X]
[27,F,0.805327,00010000,80.5327,X]
[18,F,0.817286,00100000,81.7286,X]
[38,F,0.826933,00001000,82.6933,X]
[52,F,0.855003,00000010,85.5003,X]
[53,F,0.864769,00000010,86.4769,X]
[12,F,0.866853,01000000,86.6853,X]
[19,F,0.873927,00100000,87.3927,X]
[54,F,0.874534,00000010,87.4534,X]
[39,F,0.874784,00001000,87.4784,X]
[7,F,0.905916,10000000,90.5916,X]
[62,F,0.917503,00000001,91.7503,X]
[63,F,0.920433,00000001,92.0433,X]
[64,F,0.940941,00000001,94.0941,X]
[43,F,0.950956,00000100,95.0956,X]
[44,F,0.955839,00000100,95.5839,X]
[55,F,0.965355,00000010,96.5355,X]
[13,F,0.968416,01000000,96.8416,X]
[56,F,0.970237,00000010,97.0237,X]
[20,F,0.980372,00100000,98.0372,X]
GUIDE_TREE_PARTITION1=(((((t1:44.76,t2:44.76):2.32,t3:47.08):25.61,t4:72.69):16.54,(t5:45.92,t6:45.92):43.31):10.77,(t7:49.07,t8:49.07):50.93);
