Taxa bit representation:
t1 10000000
t2 01000000
t3 00100000
t4 00010000
t5 00001000
t6 00000100
t7 00000010
t8 00000001
Clade List (<taxon members> = <clade name>): 

>Dataset_0
[0,F,0.00292969,11111100,0.292969,X]
[1,F,0.0996094,11111100,9.96094,X]
[2,F,0.223633,11111100,22.3633,X]
[40,F,0.287236,00000001,28.7236,X]
[31,F,0.295048,00000010,29.5048,X]
[3,F,0.376513,11000000,37.6513,X]
[14,F,0.381395,00100000,38.1395,X]
[26,F,0.401987,00001100,40.1987,X]
[4,F,0.40288,11000000,40.288,X]
[20,F,0.404716,00010000,40.4716,X]
[15,F,0.441942,00100000,44.1942,X]
[16,F,0.451708,00100000,45.1708,X]
[17,F,0.4937,00100000,49.37,X]
[41,F,0.524541,00000001,52.4541,X]
[5,F,0.561083,11000000,56.1083,X]
[21,F,0.580497,00010000,58.0497,X]
[32,F,0.598759,00000010,59.8759,X]
[22,F,0.630302,00010000,63.0302,X]
[27,F,0.630503,00001100,63.0503,X]
[28,F,0.636362,00001100,63.6362,X]
[33,F,0.665166,00000010,66.5166,X]
[42,F,0.668095,00000001,66.8095,X]
[6,F,0.675772,10000000,67.5772,X]
[34,F,0.725712,00000010,72.5712,X]
[35,F,0.730595,00000010,73.0595,X]
[18,F,0.7437,00100000,74.37,X]
[43,F,0.768681,00000001,76.8681,X]
[19,F,0.784716,00100000,78.4716,X]
[7,F,0.788077,10000000,78.8077,X]
[8,F,0.809561,10000000,80.9561,X]
[9,F,0.81542,10000000,81.542,X]
[23,F,0.815848,00010000,81.5848,X]
[11,F,0.82128,01000000,82.128,X]
[36,F,0.826298,00000010,82.6298,X]
[12,F,0.831045,01000000,83.1045,X]
[44,F,0.83997,00000001,83.997,X]
[37,F,0.858525,00000010,85.8525,X]
[29,F,0.859019,00001100,85.9019,X]
[38,F,0.876103,00000010,87.6103,X]
[13,F,0.889639,01000000,88.9639,X]
[24,F,0.943778,00010000,94.3778,X]
[10,F,0.944327,10000000,94.4327,X]
[25,F,0.945731,00010000,94.5731,X]
[45,F,0.949345,00000001,94.9345,X]
[39,F,0.950322,00000010,95.0322,X]
[30,F,0.956061,00001000,95.6061,X]
GUIDE_TREE_PARTITION1=(((((t1:33.79,t2:33.79):29.34,t3:63.13):0.5,t4:63.63):7.89,(t5:6.64,t6:6.64):64.88):28.48,(t7:71.96,t8:71.96):28.04);
