Taxa bit representation:
t1 10000000
t2 01000000
t3 00100000
t4 00010000
t5 00001000
t6 00000100
t7 00000010
t8 00000001
Clade List (<taxon members> = <clade name>): 

>Dataset_0
[0,F,0.0703125,11111100,7.03125,X]
[1,F,0.0761719,11111100,7.61719,X]
[2,F,0.0791016,11111100,7.91016,X]
[3,F,0.119141,11111100,11.9141,X]
[35,F,0.201172,00000011,20.1172,X]
[16,F,0.223042,00001100,22.3042,X]
[4,F,0.229878,11110000,22.9878,X]
[36,F,0.240234,00000011,24.0234,X]
[29,F,0.257655,00000100,25.7655,X]
[41,F,0.286153,00000001,28.6153,X]
[17,F,0.290858,00001000,29.0858,X]
[5,F,0.30312,11110000,30.312,X]
[42,F,0.308614,00000001,30.8614,X]
[37,F,0.317403,00000010,31.7403,X]
[43,F,0.323263,00000001,32.3263,X]
[38,F,0.395528,00000010,39.5528,X]
[30,F,0.39828,00000100,39.828,X]
[39,F,0.413106,00000010,41.3106,X]
[6,F,0.419331,11110000,41.9331,X]
[18,F,0.432459,00001000,43.2459,X]
[31,F,0.476405,00000100,47.6405,X]
[44,F,0.488302,00000001,48.8302,X]
[19,F,0.532069,00001000,53.2069,X]
[45,F,0.533223,00000001,53.3223,X]
[40,F,0.551778,00000010,55.1778,X]
[20,F,0.584803,00001000,58.4803,X]
[7,F,0.633198,11110000,63.3198,X]
[21,F,0.669764,00001000,66.9764,X]
[22,F,0.738123,00001000,73.8123,X]
[23,F,0.756678,00001000,75.6678,X]
[14,F,0.756995,00010000,75.6995,X]
[24,F,0.760584,00001000,76.0584,X]
[8,F,0.763831,11100000,76.3831,X]
[32,F,0.789881,00000100,78.9881,X]
[25,F,0.795741,00001000,79.5741,X]
[26,F,0.796717,00001000,79.6717,X]
[33,F,0.805506,00000100,80.5506,X]
[27,F,0.818202,00001000,81.8202,X]
[9,F,0.832191,11100000,83.2191,X]
[34,F,0.851405,00000100,85.1405,X]
[46,F,0.889669,00000001,88.9669,X]
[28,F,0.903162,00001000,90.3162,X]
[11,F,0.913752,00100000,91.3752,X]
[10,F,0.915705,11000000,91.5705,X]
[15,F,0.916175,00010000,91.6175,X]
[12,F,0.929377,00100000,92.9377,X]
[13,F,0.989923,00100000,98.9923,X]
GUIDE_TREE_PARTITION1=(((((t1:1.34,t2:1.34):12.07,t3:13.41):12.16,t4:25.57):53.2,(t5:76.09,t6:76.09):2.68):21.23,(t7:71.58,t8:71.58):28.42);
