Taxa bit representation:
t1 10000000
t2 01000000
t3 00100000
t4 00010000
t5 00001000
t6 00000100
t7 00000010
t8 00000001
Clade List (<taxon members> = <clade name>): 

>Dataset_0
[0,F,0.00585938,11110000,0.585938,X]
[1,F,0.0117188,11110000,1.17188,X]
[7,F,0.0976562,00001111,9.76562,X]
[2,F,0.107422,11110000,10.7422,X]
[8,F,0.137695,00001111,13.7695,X]
[9,F,0.175781,00001111,17.5781,X]
[3,F,0.355469,11110000,35.5469,X]
[4,F,0.399414,11110000,39.9414,X]
[5,F,0.421875,11110000,42.1875,X]
[10,F,0.434225,00001100,43.4225,X]
[11,F,0.437155,00001100,43.7155,X]
[15,F,0.522155,00000001,52.2155,X]
[13,F,0.567077,00000010,56.7077,X]
[6,F,0.682617,11110000,68.2617,X]
[14,F,0.746764,00000010,74.6764,X]
[12,F,0.758444,00001100,75.8444,X]
[16,F,0.798522,00000001,79.8522,X]
GUIDE_TREE_PARTITION1=(((t1:0.38,t2:0.38):14.53,(t3:0.71,t4:0.71):14.2):85.09,((t5:4.71,t6:4.71):53.43,(t7:49.64,t8:49.64):8.5):41.86);
