Taxa bit representation:
t1 10000000
t2 01000000
t3 00100000
t4 00010000
t5 00001000
t6 00000100
t7 00000010
t8 00000001
Clade List (<taxon members> = <clade name>): 

>Dataset_0
[0,F,0.0078125,11111110,0.78125,X]
[108,F,0.0390625,00000001,3.90625,X]
[109,F,0.0419922,00000001,4.19922,X]
[110,F,0.0429688,00000001,4.29688,X]
[1,F,0.0925594,11111100,9.25594,X]
[2,F,0.0964656,11111100,9.64656,X]
[84,F,0.119903,00000010,11.9903,X]
[3,F,0.132598,11111100,13.2598,X]
[4,F,0.143341,11111100,14.3341,X]
[85,F,0.154083,00000010,15.4083,X]
[86,F,0.168731,00000010,16.8731,X]
[111,F,0.180664,00000001,18.0664,X]
[112,F,0.202148,00000001,20.2148,X]
[87,F,0.202911,00000010,20.2911,X]
[5,F,0.220489,11111100,22.0489,X]
[6,F,0.227325,11111100,22.7325,X]
[88,F,0.232208,00000010,23.2208,X]
[113,F,0.233398,00000001,23.3398,X]
[114,F,0.238281,00000001,23.8281,X]
[7,F,0.262481,11111100,26.2481,X]
[8,F,0.266387,11111100,26.6388,X]
[115,F,0.271484,00000001,27.1484,X]
[89,F,0.30545,00000010,30.545,X]
[116,F,0.307617,00000001,30.7617,X]
[90,F,0.319122,00000010,31.9122,X]
[117,F,0.321289,00000001,32.1289,X]
[118,F,0.331055,00000001,33.1055,X]
[119,F,0.332031,00000001,33.2031,X]
[64,F,0.335072,00000100,33.5072,X]
[120,F,0.37793,00000001,37.793,X]
[121,F,0.381836,00000001,38.1836,X]
[65,F,0.384877,00000100,38.4877,X]
[91,F,0.387481,00000010,38.7481,X]
[122,F,0.393555,00000001,39.3555,X]
[52,F,0.395359,00001000,39.5359,X]
[66,F,0.426869,00000100,42.6869,X]
[123,F,0.430664,00000001,43.0664,X]
[9,F,0.436791,11100000,43.6791,X]
[92,F,0.444122,00000010,44.4122,X]
[93,F,0.465606,00000010,46.5606,X]
[67,F,0.472767,00000100,47.2767,X]
[124,F,0.473633,00000001,47.3633,X]
[125,F,0.474609,00000001,47.4609,X]
[10,F,0.475853,11100000,47.5853,X]
[68,F,0.48058,00000100,48.058,X]
[94,F,0.486114,00000010,48.6114,X]
[11,F,0.486595,11100000,48.6595,X]
[39,F,0.491478,00010000,49.1478,X]
[69,F,0.518666,00000100,51.8666,X]
[95,F,0.520294,00000010,52.0294,X]
[126,F,0.529297,00000001,52.9297,X]
[26,F,0.538691,00100000,53.8691,X]
[40,F,0.547142,00010000,54.7142,X]
[41,F,0.550072,00010000,55.0072,X]
[42,F,0.556908,00010000,55.6908,X]
[53,F,0.562352,00001000,56.2352,X]
[70,F,0.563587,00000100,56.3587,X]
[43,F,0.569603,00010000,56.9603,X]
[27,F,0.57287,00100000,57.287,X]
[127,F,0.575195,00000001,57.5195,X]
[128,F,0.581055,00000001,58.1055,X]
[54,F,0.587742,00001000,58.7742,X]
[12,F,0.590448,11000000,59.0448,X]
[44,F,0.592064,00010000,59.2064,X]
[129,F,0.59668,00000001,59.668,X]
[96,F,0.618927,00000010,61.8927,X]
[71,F,0.621205,00000100,62.1205,X]
[13,F,0.627558,11000000,62.7558,X]
[55,F,0.628758,00001000,62.8758,X]
[97,F,0.629669,00000010,62.9669,X]
[72,F,0.63097,00000100,63.097,X]
[73,F,0.634877,00000100,63.4877,X]
[98,F,0.656036,00000010,65.6036,X]
[45,F,0.657494,00010000,65.7494,X]
[28,F,0.663691,00100000,66.3691,X]
[99,F,0.664825,00000010,66.4825,X]
[74,F,0.672962,00000100,67.2962,X]
[29,F,0.688105,00100000,68.8105,X]
[46,F,0.69265,00010000,69.265,X]
[75,F,0.704212,00000100,70.4212,X]
[76,F,0.714955,00000100,71.4955,X]
[77,F,0.715931,00000100,71.5931,X]
[78,F,0.722767,00000100,72.2767,X]
[79,F,0.725697,00000100,72.5697,X]
[80,F,0.740345,00000100,74.0345,X]
[100,F,0.748809,00000010,74.8809,X]
[56,F,0.760594,00001000,76.0594,X]
[57,F,0.76157,00001000,76.157,X]
[30,F,0.762323,00100000,76.2323,X]
[81,F,0.763783,00000100,76.3783,X]
[130,F,0.764648,00000001,76.4648,X]
[14,F,0.771909,10000000,77.1909,X]
[101,F,0.773223,00000010,77.3223,X]
[23,F,0.775816,01000000,77.5816,X]
[131,F,0.788086,00000001,78.8086,X]
[31,F,0.79162,00100000,79.162,X]
[32,F,0.796503,00100000,79.6503,X]
[33,F,0.803339,00100000,80.3339,X]
[34,F,0.816034,00100000,81.6034,X]
[132,F,0.819336,00000001,81.9336,X]
[133,F,0.823242,00000001,82.3242,X]
[102,F,0.838653,00000010,83.8653,X]
[15,F,0.842222,10000000,84.2222,X]
[134,F,0.84668,00000001,84.668,X]
[16,F,0.850034,10000000,85.0034,X]
[47,F,0.859642,00010000,85.9642,X]
[58,F,0.86118,00001000,86.118,X]
[17,F,0.880308,10000000,88.0308,X]
[18,F,0.881284,10000000,88.1284,X]
[103,F,0.887481,00000010,88.7481,X]
[104,F,0.888458,00000010,88.8458,X]
[19,F,0.89398,10000000,89.398,X]
[48,F,0.899681,00010000,89.9681,X]
[59,F,0.900242,00001000,90.0242,X]
[49,F,0.904564,00010000,90.4564,X]
[82,F,0.91222,00000100,91.222,X]
[20,F,0.916441,10000000,91.6441,X]
[35,F,0.91662,00100000,91.662,X]
[105,F,0.917755,00000010,91.7755,X]
[50,F,0.923119,00010000,92.3119,X]
[60,F,0.932469,00001000,93.2469,X]
[61,F,0.935398,00001000,93.5398,X]
[83,F,0.936634,00000100,93.6634,X]
[36,F,0.938105,00100000,93.8105,X]
[62,F,0.940281,00001000,94.0281,X]
[21,F,0.941831,10000000,94.1831,X]
[24,F,0.942808,01000000,94.2808,X]
[135,F,0.949219,00000001,94.9219,X]
[25,F,0.949644,01000000,94.9644,X]
[106,F,0.959747,00000010,95.9747,X]
[107,F,0.974395,00000010,97.4395,X]
[51,F,0.974877,00010000,97.4877,X]
[136,F,0.977539,00000001,97.7539,X]
[37,F,0.990839,00100000,99.0839,X]
[22,F,0.993589,10000000,99.3589,X]
[38,F,0.995722,00100000,99.5722,X]
[63,F,0.996922,00001000,99.6922,X]
GUIDE_TREE_PARTITION1=(((((((t1:26.52,t2:26.52):22.15,t3:48.67):10.19,t4:58.86):2.19,t5:61.05):6.81,t6:67.86):29.72,t7:97.58):2.42,t8:100);
