Taxa bit representation:
t1 10000000
t2 01000000
t3 00100000
t4 00010000
t5 00001000
t6 00000100
t7 00000010
t8 00000001
Clade List (<taxon members> = <clade name>): 

>Dataset_0
[31,F,0.00878906,00001111,0.878906,X]
[0,F,0.0849609,11110000,8.49609,X]
[32,F,0.106445,00001111,10.6445,X]
[1,F,0.160156,11110000,16.0156,X]
[2,F,0.205078,11110000,20.5078,X]
[33,F,0.206464,00001100,20.6464,X]
[34,F,0.222089,00001100,22.2089,X]
[50,F,0.236738,00000011,23.6738,X]
[3,F,0.245117,11110000,24.5117,X]
[51,F,0.279706,00000011,27.9706,X]
[52,F,0.295331,00000011,29.5331,X]
[53,F,0.315839,00000011,31.5839,X]
[35,F,0.322675,00001100,32.2675,X]
[4,F,0.352539,11110000,35.2539,X]
[5,F,0.353516,11110000,35.3516,X]
[6,F,0.358398,11110000,35.8398,X]
[54,F,0.40373,00000011,40.373,X]
[36,F,0.417402,00001100,41.7402,X]
[37,F,0.440839,00001100,44.0839,X]
[38,F,0.474042,00001100,47.4042,X]
[7,F,0.536133,11110000,53.6133,X]
[8,F,0.543377,11000000,54.3377,X]
[9,F,0.564861,11000000,56.4861,X]
[10,F,0.567791,11000000,56.7791,X]
[39,F,0.567792,00001100,56.7792,X]
[23,F,0.621242,00100000,62.1242,X]
[24,F,0.625148,00100000,62.5148,X]
[25,F,0.654445,00100000,65.4445,X]
[55,F,0.654794,00000010,65.4794,X]
[47,F,0.670666,00000100,67.0666,X]
[40,F,0.701916,00001000,70.1916,X]
[16,F,0.720283,01000000,72.0283,X]
[17,F,0.734931,01000000,73.4931,X]
[28,F,0.743313,00010000,74.3313,X]
[11,F,0.74372,10000000,74.372,X]
[41,F,0.759533,00001000,75.9533,X]
[12,F,0.782783,10000000,78.2783,X]
[56,F,0.802255,00000010,80.2255,X]
[42,F,0.81715,00001000,81.715,X]
[18,F,0.819892,01000000,81.9892,X]
[29,F,0.845852,00010000,84.5852,X]
[13,F,0.849189,10000000,84.9189,X]
[48,F,0.853283,00000100,85.3283,X]
[19,F,0.857978,01000000,85.7978,X]
[58,F,0.894052,00000001,89.4052,X]
[59,F,0.902841,00000001,90.2841,X]
[43,F,0.904064,00001000,90.4064,X]
[26,F,0.909328,00100000,90.9328,X]
[14,F,0.910713,10000000,91.0713,X]
[20,F,0.927314,01000000,92.7314,X]
[60,F,0.935067,00000001,93.5067,X]
[30,F,0.941555,00010000,94.1555,X]
[44,F,0.944103,00001000,94.4103,X]
[61,F,0.946786,00000001,94.6786,X]
[27,F,0.948391,00100000,94.8391,X]
[21,F,0.949775,01000000,94.9775,X]
[49,F,0.954845,00000100,95.4845,X]
[45,F,0.955822,00001000,95.5822,X]
[57,F,0.957528,00000010,95.7528,X]
[46,F,0.980236,00001000,98.0236,X]
[15,F,0.982978,10000000,98.2978,X]
[62,F,0.997567,00000001,99.7567,X]
[22,F,0.997627,01000000,99.7627,X]
GUIDE_TREE_PARTITION1=(((t1:28.46,t2:28.46):17.3,(t3:38.95,t4:38.95):6.81):54.24,((t5:40.16,t6:40.16):44.76,(t7:40.38,t8:40.38):44.54):15.08);
