Taxa bit representation:
t1 10000000
t2 01000000
t3 00100000
t4 00010000
t5 00001000
t6 00000100
t7 00000010
t8 00000001
Clade List (<taxon members> = <clade name>): 

>Dataset_0
[104,F,0.000976562,00000001,0.0976562,X]
[0,F,0.0615234,11111110,6.15234,X]
[1,F,0.0703125,11111110,7.03125,X]
[105,F,0.106445,00000001,10.6445,X]
[106,F,0.110352,00000001,11.0352,X]
[107,F,0.113281,00000001,11.3281,X]
[2,F,0.123927,11111100,12.3927,X]
[84,F,0.162013,00000010,16.2013,X]
[3,F,0.163966,11111100,16.3966,X]
[108,F,0.188477,00000001,18.8477,X]
[85,F,0.2167,00000010,21.67,X]
[4,F,0.223297,11111000,22.3297,X]
[66,F,0.22525,00000100,22.525,X]
[5,F,0.22525,11111000,22.525,X]
[86,F,0.225489,00000010,22.5489,X]
[67,F,0.233063,00000100,23.3063,X]
[68,F,0.236969,00000100,23.6969,X]
[109,F,0.255859,00000001,25.5859,X]
[6,F,0.271148,11111000,27.1148,X]
[110,F,0.282227,00000001,28.2227,X]
[69,F,0.289703,00000100,28.9703,X]
[7,F,0.31607,11111000,31.607,X]
[8,F,0.319,11111000,31.9,X]
[87,F,0.322169,00000010,32.2169,X]
[9,F,0.336578,11111000,33.6578,X]
[10,F,0.340484,11111000,34.0484,X]
[111,F,0.342773,00000001,34.2773,X]
[11,F,0.360992,11111000,36.0992,X]
[12,F,0.369781,11111000,36.9781,X]
[13,F,0.372711,11111000,37.2711,X]
[112,F,0.387695,00000001,38.7695,X]
[88,F,0.389552,00000010,38.9552,X]
[14,F,0.391472,11110000,39.1472,X]
[89,F,0.391505,00000010,39.1505,X]
[70,F,0.393219,00000100,39.3219,X]
[71,F,0.400055,00000100,40.0055,X]
[90,F,0.406153,00000010,40.6153,X]
[113,F,0.436523,00000001,43.6523,X]
[114,F,0.447266,00000001,44.7266,X]
[115,F,0.458984,00000001,45.8984,X]
[116,F,0.464844,00000001,46.4844,X]
[72,F,0.471344,00000100,47.1344,X]
[15,F,0.47155,11110000,47.155,X]
[52,F,0.475456,00001000,47.5456,X]
[91,F,0.479395,00000010,47.9395,X]
[117,F,0.480469,00000001,48.0469,X]
[16,F,0.485222,11110000,48.5222,X]
[53,F,0.488152,00001000,48.8152,X]
[92,F,0.50088,00000010,50.088,X]
[54,F,0.508659,00001000,50.8659,X]
[118,F,0.508789,00000001,50.8789,X]
[73,F,0.516266,00000100,51.6266,X]
[74,F,0.517242,00000100,51.7242,X]
[55,F,0.540886,00001000,54.0886,X]
[93,F,0.548731,00000010,54.8731,X]
[119,F,0.553711,00000001,55.3711,X]
[17,F,0.569206,11110000,56.9206,X]
[120,F,0.571289,00000001,57.1289,X]
[18,F,0.574089,11110000,57.4089,X]
[75,F,0.582672,00000100,58.2672,X]
[121,F,0.598633,00000001,59.8633,X]
[19,F,0.600456,11110000,60.0456,X]
[76,F,0.604156,00000100,60.4156,X]
[122,F,0.617188,00000001,61.7188,X]
[20,F,0.619011,11110000,61.9011,X]
[123,F,0.62207,00000001,62.207,X]
[124,F,0.623047,00000001,62.3047,X]
[125,F,0.626953,00000001,62.6953,X]
[126,F,0.635742,00000001,63.5742,X]
[21,F,0.639519,11110000,63.9519,X]
[127,F,0.646484,00000001,64.6484,X]
[22,F,0.647853,11100000,64.7853,X]
[77,F,0.648102,00000100,64.8102,X]
[128,F,0.648438,00000001,64.8438,X]
[56,F,0.651238,00001000,65.1238,X]
[40,F,0.654689,00010000,65.4689,X]
[94,F,0.656153,00000010,65.6153,X]
[95,F,0.675684,00000010,67.5684,X]
[78,F,0.690094,00000100,69.0094,X]
[23,F,0.691798,11100000,69.1798,X]
[57,F,0.69323,00001000,69.323,X]
[24,F,0.695705,11100000,69.5705,X]
[25,F,0.714259,11100000,71.4259,X]
[58,F,0.71862,00001000,71.862,X]
[41,F,0.724025,00010000,72.4025,X]
[96,F,0.726466,00000010,72.6466,X]
[129,F,0.728516,00000001,72.8516,X]
[26,F,0.728908,11100000,72.8908,X]
[59,F,0.736198,00001000,73.6198,X]
[27,F,0.737697,11100000,73.7697,X]
[42,F,0.751369,00010000,75.1369,X]
[130,F,0.761719,00000001,76.1719,X]
[43,F,0.782619,00010000,78.2619,X]
[131,F,0.786133,00000001,78.6133,X]
[79,F,0.78775,00000100,78.775,X]
[44,F,0.789455,00010000,78.9455,X]
[45,F,0.793361,00010000,79.3361,X]
[28,F,0.797267,11100000,79.7267,X]
[97,F,0.799708,00000010,79.9708,X]
[80,F,0.801422,00000100,80.1422,X]
[46,F,0.812892,00010000,81.2892,X]
[98,F,0.814356,00000010,81.4356,X]
[132,F,0.814453,00000001,81.4453,X]
[35,F,0.816478,00100000,81.6478,X]
[133,F,0.818359,00000001,81.8359,X]
[134,F,0.822266,00000001,82.2266,X]
[135,F,0.837891,00000001,83.7891,X]
[60,F,0.852409,00001000,85.2409,X]
[29,F,0.85847,11000000,85.847,X]
[61,F,0.865105,00001000,86.5105,X]
[136,F,0.884766,00000001,88.4766,X]
[47,F,0.885158,00010000,88.5158,X]
[62,F,0.885613,00001000,88.5613,X]
[63,F,0.893425,00001000,89.3425,X]
[99,F,0.895411,00000010,89.5411,X]
[137,F,0.900391,00000001,90.0391,X]
[64,F,0.902214,00001000,90.2214,X]
[48,F,0.913478,00010000,91.3478,X]
[36,F,0.919017,00100000,91.9017,X]
[37,F,0.919994,00100000,91.9994,X]
[100,F,0.941309,00000010,94.1309,X]
[49,F,0.949611,00010000,94.9611,X]
[81,F,0.949859,00000100,94.9859,X]
[101,F,0.952052,00000010,95.2052,X]
[65,F,0.955925,00001000,95.5925,X]
[50,F,0.9584,00010000,95.84,X]
[38,F,0.960033,00100000,96.0033,X]
[51,F,0.965236,00010000,96.5236,X]
[39,F,0.971752,00100000,97.1752,X]
[82,F,0.97232,00000100,97.232,X]
[30,F,0.976634,11000000,97.6634,X]
[31,F,0.983006,10000000,98.3006,X]
[32,F,0.985936,10000000,98.5936,X]
[102,F,0.986231,00000010,98.6231,X]
[33,F,0.987889,01000000,98.7889,X]
[83,F,0.988922,00000100,98.8922,X]
[34,F,0.996678,01000000,99.6678,X]
[103,F,0.998927,00000010,99.8927,X]
GUIDE_TREE_PARTITION1=(((((((t1:2.09,t2:2.09):18.02,t3:20.11):15.3,t4:35.41):26.81,t5:62.22):18.38,t6:80.6):10.23,t7:90.83):9.17,t8:100);
