Taxa bit representation:
t1 10000000
t2 01000000
t3 00100000
t4 00010000
t5 00001000
t6 00000100
t7 00000010
t8 00000001
Clade List (<taxon members> = <clade name>): 

>Dataset_0
[0,F,0.123439,11110000,12.3439,X]
[40,F,0.172175,00000001,17.2175,X]
[16,F,0.182033,00001100,18.2033,X]
[17,F,0.195705,00001100,19.5705,X]
[27,F,0.206355,00000010,20.6355,X]
[28,F,0.235652,00000010,23.5652,X]
[29,F,0.239558,00000010,23.9558,X]
[30,F,0.241511,00000010,24.1511,X]
[41,F,0.242487,00000001,24.2488,X]
[31,F,0.262995,00000010,26.2995,X]
[18,F,0.264064,00001100,26.4064,X]
[32,F,0.287409,00000010,28.7409,X]
[19,F,0.324611,00001100,32.4611,X]
[33,F,0.359675,00000010,35.9675,X]
[1,F,0.363673,11110000,36.3673,X]
[20,F,0.401759,00001100,40.1759,X]
[2,F,0.447658,11110000,44.7658,X]
[3,F,0.452541,11110000,45.2541,X]
[4,F,0.474025,11110000,47.4025,X]
[5,F,0.476955,11110000,47.6955,X]
[6,F,0.496486,11110000,49.6486,X]
[7,F,0.500392,11110000,50.0392,X]
[21,F,0.501369,00001100,50.1369,X]
[34,F,0.508112,00000010,50.8112,X]
[42,F,0.519831,00000001,51.9831,X]
[43,F,0.533503,00000001,53.3503,X]
[35,F,0.561823,00000010,56.1823,X]
[44,F,0.569636,00000001,56.9636,X]
[45,F,0.593073,00000001,59.3073,X]
[46,F,0.598933,00000001,59.8933,X]
[24,F,0.632,00000100,63.2,X]
[47,F,0.658503,00000001,65.8503,X]
[48,F,0.702448,00000001,70.2448,X]
[36,F,0.730769,00000010,73.0769,X]
[14,F,0.732242,00010000,73.2242,X]
[49,F,0.742487,00000001,74.2488,X]
[8,F,0.76493,11000000,76.493,X]
[25,F,0.800945,00000100,80.0945,X]
[37,F,0.803034,00000010,80.3034,X]
[11,F,0.856727,00100000,85.6727,X]
[12,F,0.861609,00100000,86.1609,X]
[38,F,0.87823,00000010,87.823,X]
[9,F,0.886072,01000000,88.6072,X]
[50,F,0.887019,00000001,88.7019,X]
[51,F,0.896784,00000001,89.6784,X]
[15,F,0.900211,00010000,90.0211,X]
[22,F,0.902508,00001000,90.2508,X]
[52,F,0.919245,00000001,91.9245,X]
[10,F,0.933923,01000000,93.3923,X]
[39,F,0.947566,00000010,94.7566,X]
[26,F,0.957195,00000100,95.7195,X]
[23,F,0.982586,00001000,98.2586,X]
[13,F,0.999305,00100000,99.9305,X]
GUIDE_TREE_PARTITION1=(((((t1:12.76,t2:12.76):11.04,t3:23.8):4.05,t4:27.85):63.81,(t5:49.3,t6:49.3):42.36):8.34,(t7:87.47,t8:87.47):12.53);
