Taxa bit representation:
t1 10000000
t2 01000000
t3 00100000
t4 00010000
t5 00001000
t6 00000100
t7 00000010
t8 00000001
Clade List (<taxon members> = <clade name>): 

>Dataset_0
[50,F,0.0253906,00000001,2.53906,X]
[35,F,0.0625391,00000010,6.25391,X]
[51,F,0.0644531,00000001,6.44531,X]
[52,F,0.0703125,00000001,7.03125,X]
[36,F,0.0996484,00000010,9.96484,X]
[0,F,0.106484,11111100,10.6484,X]
[37,F,0.168008,00000010,16.8008,X]
[38,F,0.217812,00000010,21.7812,X]
[39,F,0.225625,00000010,22.5625,X]
[25,F,0.303756,00000100,30.3756,X]
[40,F,0.304727,00000010,30.4727,X]
[53,F,0.319336,00000001,31.9336,X]
[1,F,0.325241,11111000,32.5241,X]
[54,F,0.339844,00000001,33.9844,X]
[55,F,0.348633,00000001,34.8633,X]
[26,F,0.373092,00000100,37.3092,X]
[27,F,0.376022,00000100,37.6022,X]
[56,F,0.397461,00000001,39.7461,X]
[41,F,0.43168,00000010,43.168,X]
[18,F,0.464345,00001000,46.4345,X]
[19,F,0.466298,00001000,46.6298,X]
[20,F,0.477041,00001000,47.7041,X]
[42,F,0.548867,00000010,54.8867,X]
[57,F,0.555664,00000001,55.5664,X]
[28,F,0.561569,00000100,56.1569,X]
[21,F,0.564931,00001000,56.4931,X]
[13,F,0.567491,00010000,56.7491,X]
[14,F,0.568467,00010000,56.8467,X]
[29,F,0.594772,00000100,59.4772,X]
[43,F,0.596719,00000010,59.6719,X]
[15,F,0.629014,00010000,62.9014,X]
[58,F,0.646484,00000001,64.6484,X]
[44,F,0.651406,00000010,65.1406,X]
[2,F,0.665889,10000000,66.5889,X]
[22,F,0.66747,00001000,66.747,X]
[59,F,0.678711,00000001,67.8711,X]
[7,F,0.679322,00100000,67.9322,X]
[60,F,0.69043,00000001,69.043,X]
[23,F,0.693837,00001000,69.3838,X]
[8,F,0.69397,00100000,69.397,X]
[30,F,0.702194,00000100,70.2194,X]
[3,F,0.702998,01000000,70.2998,X]
[9,F,0.707642,00100000,70.7642,X]
[10,F,0.713502,00100000,71.3502,X]
[45,F,0.730508,00000010,73.0508,X]
[61,F,0.732422,00000001,73.2422,X]
[4,F,0.735225,01000000,73.5225,X]
[5,F,0.737178,01000000,73.7178,X]
[6,F,0.738155,01000000,73.8155,X]
[31,F,0.739303,00000100,73.9303,X]
[11,F,0.744752,00100000,74.4752,X]
[46,F,0.760781,00000010,76.0781,X]
[62,F,0.761719,00000001,76.1719,X]
[47,F,0.789102,00000010,78.9102,X]
[32,F,0.813522,00000100,81.3522,X]
[63,F,0.852539,00000001,85.2539,X]
[16,F,0.852647,00010000,85.2647,X]
[33,F,0.858444,00000100,85.8444,X]
[17,F,0.881944,00010000,88.1944,X]
[48,F,0.941445,00000010,94.1445,X]
[64,F,0.944336,00000001,94.4336,X]
[34,F,0.968795,00000100,96.8795,X]
[49,F,0.989297,00000010,98.9297,X]
[12,F,0.993775,00100000,99.3775,X]
[24,F,0.998525,00001000,99.8525,X]
GUIDE_TREE_PARTITION1=(((((((t1:34.29,t2:34.29):14.77,t3:49.06):2.98,t4:52.04):12.17,t5:64.21):8.93,t6:73.14):24.61,t7:97.75):2.25,t8:100);
