Taxa bit representation:
t1 10000000
t2 01000000
t3 00100000
t4 00010000
t5 00001000
t6 00000100
t7 00000010
t8 00000001
Clade List (<taxon members> = <clade name>): 

>Dataset_0
[22,F,0.00195312,00001111,0.195312,X]
[23,F,0.03125,00001111,3.125,X]
[24,F,0.0576172,00001111,5.76172,X]
[25,F,0.101562,00001111,10.1562,X]
[26,F,0.136719,00001111,13.6719,X]
[0,F,0.204102,11110000,20.4102,X]
[1,F,0.271484,11110000,27.1484,X]
[27,F,0.355538,00001100,35.5538,X]
[2,F,0.370117,11110000,37.0117,X]
[3,F,0.374023,11110000,37.4023,X]
[36,F,0.455147,00000011,45.5147,X]
[28,F,0.468819,00001100,46.8819,X]
[16,F,0.498095,00110000,49.8095,X]
[17,F,0.509814,00110000,50.9814,X]
[4,F,0.559619,11000000,55.9619,X]
[44,F,0.562097,00000001,56.2097,X]
[37,F,0.56405,00000010,56.405,X]
[38,F,0.567956,00000010,56.7956,X]
[45,F,0.671472,00000001,67.1472,X]
[29,F,0.677056,00001000,67.7056,X]
[39,F,0.678308,00000010,67.8308,X]
[18,F,0.710986,00110000,71.0986,X]
[14,F,0.713386,01000000,71.3386,X]
[33,F,0.724908,00000100,72.4908,X]
[5,F,0.736823,10000000,73.6823,X]
[6,F,0.745613,10000000,74.5613,X]
[7,F,0.761238,10000000,76.1238,X]
[40,F,0.766198,00000010,76.6198,X]
[8,F,0.768073,10000000,76.8073,X]
[30,F,0.76983,00001000,76.983,X]
[34,F,0.771783,00000100,77.1783,X]
[46,F,0.772058,00000001,77.2058,X]
[31,F,0.776666,00001000,77.6666,X]
[9,F,0.795417,10000000,79.5417,X]
[35,F,0.828423,00000100,82.8423,X]
[10,F,0.832527,10000000,83.2527,X]
[32,F,0.847955,00001000,84.7955,X]
[47,F,0.851159,00000001,85.1159,X]
[11,F,0.854988,10000000,85.4988,X]
[41,F,0.861902,00000010,86.1902,X]
[19,F,0.894752,00100000,89.4752,X]
[15,F,0.905769,01000000,90.5769,X]
[20,F,0.91233,00100000,91.233,X]
[12,F,0.92237,10000000,92.237,X]
[21,F,0.963111,00010000,96.3111,X]
[42,F,0.969323,00000010,96.9323,X]
[43,F,0.984948,00000010,98.4948,X]
[13,F,0.988777,10000000,98.8777,X]
GUIDE_TREE_PARTITION1=(((t1:32.47,t2:32.47):18.99,(t3:21.56,t4:21.56):29.9):48.54,((t5:35.81,t6:35.81):37.23,(t7:46.72,t8:46.72):26.32):26.96);
