Taxa bit representation:
t1 10000000
t2 01000000
t3 00100000
t4 00010000
t5 00001000
t6 00000100
t7 00000010
t8 00000001
Clade List (<taxon members> = <clade name>): 

>Dataset_0
[0,F,0.134766,11111100,13.4766,X]
[1,F,0.192989,11110000,19.2989,X]
[2,F,0.278927,11110000,27.8927,X]
[3,F,0.443966,11110000,44.3966,X]
[6,F,0.627017,00000010,62.7017,X]
[7,F,0.639713,00000010,63.9713,X]
[10,F,0.81647,00000001,81.647,X]
[5,F,0.829506,00010000,82.9506,X]
[8,F,0.830142,00000010,83.0142,X]
[11,F,0.846744,00000001,84.6744,X]
[4,F,0.871125,11000000,87.1125,X]
[12,F,0.915103,00000001,91.5103,X]
[9,F,0.925845,00000010,92.5845,X]
GUIDE_TREE_PARTITION1=(((((t1:9.35,t2:9.35):30.1,t3:39.45):15.49,t4:54.94):26.64,(t5:43.25,t6:43.25):38.33):18.42,(t7:49.31,t8:49.31):50.69);
