Taxa bit representation:
t1 10000000
t2 01000000
t3 00100000
t4 00010000
t5 00001000
t6 00000100
t7 00000010
t8 00000001
Clade List (<taxon members> = <clade name>): 

>Dataset_0
[0,F,0.0439453,11111110,4.39453,X]
[1,F,0.149472,11111000,14.9472,X]
[31,F,0.152402,00000100,15.2402,X]
[2,F,0.154355,11111000,15.4355,X]
[45,F,0.155273,00000001,15.5273,X]
[46,F,0.185547,00000001,18.5547,X]
[3,F,0.189511,11111000,18.9511,X]
[47,F,0.283203,00000001,28.3203,X]
[4,F,0.328098,11100000,32.8098,X]
[26,F,0.338422,00001000,33.8422,X]
[27,F,0.347211,00001000,34.7211,X]
[5,F,0.352513,11100000,35.2512,X]
[32,F,0.356503,00000100,35.6503,X]
[6,F,0.391575,11100000,39.1575,X]
[48,F,0.400391,00000001,40.0391,X]
[49,F,0.40625,00000001,40.625,X]
[28,F,0.425336,00001000,42.5336,X]
[7,F,0.425755,11100000,42.5755,X]
[50,F,0.444336,00000001,44.4336,X]
[38,F,0.449536,00000010,44.9536,X]
[51,F,0.470703,00000001,47.0703,X]
[33,F,0.500058,00000100,50.0058,X]
[8,F,0.514622,11100000,51.4622,X]
[52,F,0.554687,00000001,55.4687,X]
[53,F,0.558594,00000001,55.8594,X]
[39,F,0.565747,00000010,56.5747,X]
[9,F,0.586887,11100000,58.6887,X]
[40,F,0.595044,00000010,59.5044,X]
[54,F,0.600586,00000001,60.0586,X]
[19,F,0.609348,00010000,60.9348,X]
[10,F,0.614231,11100000,61.4231,X]
[11,F,0.632786,11100000,63.2786,X]
[34,F,0.672909,00000100,67.2909,X]
[55,F,0.6875,00000001,68.75,X]
[41,F,0.693677,00000010,69.3677,X]
[29,F,0.737836,00001000,73.7836,X]
[35,F,0.758847,00000100,75.8847,X]
[20,F,0.761692,00010000,76.1692,X]
[56,F,0.768555,00000001,76.8555,X]
[36,F,0.782284,00000100,78.2284,X]
[21,F,0.790012,00010000,79.0012,X]
[12,F,0.804661,11100000,80.4661,X]
[17,F,0.850648,00100000,85.0648,X]
[13,F,0.856477,10000000,85.6477,X]
[22,F,0.863255,00010000,86.3255,X]
[30,F,0.867719,00001000,86.7719,X]
[42,F,0.868481,00000010,86.8481,X]
[57,F,0.887695,00000001,88.7695,X]
[37,F,0.899472,00000100,89.9472,X]
[18,F,0.912172,00100000,91.2172,X]
[58,F,0.920898,00000001,92.0898,X]
[23,F,0.923802,00010000,92.3802,X]
[15,F,0.936555,01000000,93.6555,X]
[43,F,0.937817,00000010,93.7817,X]
[16,F,0.950227,01000000,95.0227,X]
[24,F,0.9697,00010000,96.97,X]
[44,F,0.980786,00000010,98.0786,X]
[14,F,0.985383,10000000,98.5383,X]
[25,F,0.996067,00010000,99.6067,X]
GUIDE_TREE_PARTITION1=(((((((t1:14.45,t2:14.45):1.95,t3:16.4):55.38,t4:71.78):5.12,t5:76.9):9.52,t6:86.42):6.81,t7:93.23):6.77,t8:100);
