Taxa bit representation:
t1 10000000
t2 01000000
t3 00100000
t4 00010000
t5 00001000
t6 00000100
t7 00000010
t8 00000001
Clade List (<taxon members> = <clade name>): 

>Dataset_0
[8,F,0.253234,00000100,25.3234,X]
[0,F,0.424133,11111000,42.4133,X]
[10,F,0.546222,00000010,54.6222,X]
[2,F,0.58878,00010000,58.878,X]
[6,F,0.636827,00001000,63.6827,X]
[3,F,0.647373,00010000,64.7373,X]
[9,F,0.649719,00000100,64.9719,X]
[4,F,0.673741,00010000,67.3741,X]
[1,F,0.687459,00100000,68.7459,X]
[11,F,0.788409,00000010,78.8409,X]
[7,F,0.88585,00001000,88.585,X]
[5,F,0.988194,00010000,98.8194,X]
GUIDE_TREE_PARTITION1=(((((((t1:15.22,t2:15.22):16.62,t3:31.84):12.7,t4:44.54):1.25,t5:45.79):34.16,t6:79.95):1.17,t7:81.12):18.88,t8:100);
