Taxa bit representation:
t1 10000000
t2 01000000
t3 00100000
t4 00010000
t5 00001000
t6 00000100
t7 00000010
t8 00000001
Clade List (<taxon members> = <clade name>): 

>Dataset_0
[8,F,0.115234,00001111,11.5234,X]
[9,F,0.124023,00001111,12.4023,X]
[10,F,0.200195,00001111,20.0195,X]
[0,F,0.234375,11110000,23.4375,X]
[11,F,0.364258,00001111,36.4258,X]
[1,F,0.371094,11110000,37.1094,X]
[12,F,0.439453,00001111,43.9453,X]
[2,F,0.487391,11000000,48.7391,X]
[3,F,0.643641,11000000,64.3641,X]
[13,F,0.665039,00001111,66.5039,X]
[14,F,0.675781,00001111,67.5781,X]
[7,F,0.69047,00010000,69.047,X]
[4,F,0.713953,11000000,71.3953,X]
[15,F,0.752408,00001100,75.2408,X]
[6,F,0.757853,00100000,75.7853,X]
[16,F,0.76315,00001100,76.315,X]
[20,F,0.771939,00000011,77.1939,X]
[17,F,0.784634,00001100,78.4634,X]
[21,F,0.789517,00000011,78.9517,X]
[22,F,0.825342,00000010,82.5342,X]
[23,F,0.84585,00000010,84.585,X]
[18,F,0.868619,00001100,86.8619,X]
[24,F,0.953272,00000010,95.3272,X]
[5,F,0.953847,01000000,95.3847,X]
[19,F,0.954406,00000100,95.4406,X]
[25,F,0.983545,00000001,98.3545,X]
GUIDE_TREE_PARTITION1=(((t1:16.92,t2:16.92):36.88,(t3:36.91,t4:36.91):16.89):46.2,((t5:4.95,t6:4.95):21.86,(t7:18.54,t8:18.54):8.27):73.19);
