Taxa bit representation:
t1 10000000
t2 01000000
t3 00100000
t4 00010000
t5 00001000
t6 00000100
t7 00000010
t8 00000001
Clade List (<taxon members> = <clade name>): 

>Dataset_0
[0,F,0.0982016,11110000,9.82016,X]
[1,F,0.1441,11110000,14.41,X]
[2,F,0.211053,11100000,21.1053,X]
[3,F,0.349725,11100000,34.9725,X]
[17,F,0.363281,00000011,36.3281,X]
[7,F,0.393702,00100000,39.3702,X]
[8,F,0.426905,00100000,42.6905,X]
[23,F,0.497322,00000001,49.7322,X]
[9,F,0.549952,00100000,54.9952,X]
[18,F,0.565681,00000010,56.5681,X]
[15,F,0.588436,00001100,58.8436,X]
[4,F,0.631006,11000000,63.1006,X]
[10,F,0.659327,00100000,65.9327,X]
[19,F,0.687752,00000010,68.7752,X]
[24,F,0.696541,00000001,69.6541,X]
[25,F,0.713142,00000001,71.3142,X]
[11,F,0.719873,00100000,71.9873,X]
[20,F,0.797127,00000010,79.7127,X]
[13,F,0.818475,00010000,81.8475,X]
[6,F,0.85053,01000000,85.053,X]
[5,F,0.873967,10000000,87.3967,X]
[14,F,0.885858,00010000,88.5858,X]
[21,F,0.910408,00000010,91.0408,X]
[16,F,0.933811,00000100,93.3811,X]
[12,F,0.958155,00100000,95.8155,X]
[22,F,0.982673,00000010,98.2673,X]
GUIDE_TREE_PARTITION1=(((((t1:27.74,t2:27.74):34.55,t3:62.29):23.05,t4:85.34):6.5,(t5:18.24,t6:18.24):73.6):8.16,(t7:54.76,t8:54.76):45.24);
