Taxa bit representation:
t1 10000000
t2 01000000
t3 00100000
t4 00010000
t5 00001000
t6 00000100
t7 00000010
t8 00000001
Clade List (<taxon members> = <clade name>): 

>Dataset_0
[62,F,0.03125,00000011,3.125,X]
[63,F,0.0332031,00000011,3.32031,X]
[0,F,0.046875,11111100,4.6875,X]
[1,F,0.0878906,11111100,8.78906,X]
[2,F,0.0917969,11111100,9.17969,X]
[3,F,0.104492,11111100,10.4492,X]
[4,F,0.107422,11111100,10.7422,X]
[64,F,0.12207,00000011,12.207,X]
[5,F,0.136719,11111100,13.6719,X]
[6,F,0.22168,11111100,22.168,X]
[7,F,0.233398,11111100,23.3398,X]
[65,F,0.238281,00000011,23.8281,X]
[66,F,0.245117,00000011,24.5117,X]
[8,F,0.251719,11110000,25.1719,X]
[67,F,0.262695,00000011,26.2695,X]
[9,F,0.276133,11110000,27.6133,X]
[28,F,0.298594,00001100,29.8594,X]
[68,F,0.305664,00000011,30.5664,X]
[29,F,0.309336,00001100,30.9336,X]
[30,F,0.311289,00001100,31.1289,X]
[69,F,0.317383,00000011,31.7383,X]
[70,F,0.326172,00000011,32.6172,X]
[71,F,0.350586,00000011,35.0586,X]
[72,F,0.352539,00000011,35.2539,X]
[31,F,0.390391,00001100,39.0391,X]
[73,F,0.408203,00000011,40.8203,X]
[32,F,0.414805,00001100,41.4805,X]
[91,F,0.419506,00000001,41.9506,X]
[74,F,0.445873,00000010,44.5873,X]
[33,F,0.45875,00001100,45.875,X]
[34,F,0.462656,00001100,46.2656,X]
[10,F,0.467539,11110000,46.7539,X]
[75,F,0.477123,00000010,47.7123,X]
[92,F,0.4781,00000001,47.81,X]
[35,F,0.483164,00001100,48.3164,X]
[93,F,0.494702,00000001,49.4702,X]
[11,F,0.494883,11110000,49.4883,X]
[36,F,0.497812,00001100,49.7812,X]
[76,F,0.501537,00000010,50.1537,X]
[77,F,0.50642,00000010,50.642,X]
[12,F,0.519297,11110000,51.9297,X]
[13,F,0.530039,11110000,53.0039,X]
[14,F,0.550547,11110000,55.0547,X]
[37,F,0.551523,00001100,55.1523,X]
[78,F,0.555248,00000010,55.5248,X]
[94,F,0.561108,00000001,56.1108,X]
[95,F,0.594311,00000001,59.4311,X]
[38,F,0.625302,00001000,62.5302,X]
[96,F,0.625561,00000001,62.5561,X]
[15,F,0.648203,11110000,64.8203,X]
[79,F,0.657787,00000010,65.7788,X]
[97,F,0.660717,00000001,66.0717,X]
[52,F,0.669247,00000100,66.9247,X]
[39,F,0.669247,00001000,66.9247,X]
[80,F,0.683178,00000010,68.3178,X]
[16,F,0.683359,11110000,68.3359,X]
[40,F,0.689755,00001000,68.9755,X]
[81,F,0.697827,00000010,69.7827,X]
[82,F,0.709545,00000010,70.9545,X]
[53,F,0.725888,00000100,72.5888,X]
[17,F,0.735117,11110000,73.5117,X]
[41,F,0.759091,00001000,75.9091,X]
[42,F,0.770809,00001000,77.0809,X]
[54,F,0.773739,00000100,77.3739,X]
[83,F,0.78767,00000010,78.767,X]
[84,F,0.792553,00000010,79.2553,X]
[85,F,0.798412,00000010,79.8413,X]
[43,F,0.802059,00001000,80.2059,X]
[44,F,0.808895,00001000,80.8895,X]
[45,F,0.813778,00001000,81.3778,X]
[55,F,0.817684,00000100,81.7684,X]
[21,F,0.844548,00010000,84.4548,X]
[56,F,0.845028,00000100,84.5028,X]
[22,F,0.849431,00010000,84.9431,X]
[98,F,0.85017,00000001,85.017,X]
[46,F,0.854794,00001000,85.4794,X]
[86,F,0.868725,00000010,86.8725,X]
[99,F,0.876537,00000001,87.6538,X]
[18,F,0.877752,11100000,87.7752,X]
[23,F,0.891423,00010000,89.1423,X]
[100,F,0.897045,00000001,89.7045,X]
[47,F,0.901669,00001000,90.1669,X]
[101,F,0.901928,00000001,90.1928,X]
[19,F,0.902166,11100000,90.2166,X]
[57,F,0.907528,00000100,90.7528,X]
[102,F,0.921459,00000001,92.1459,X]
[58,F,0.929013,00000100,92.9013,X]
[87,F,0.938061,00000010,93.8061,X]
[59,F,0.941708,00000100,94.1708,X]
[24,F,0.943181,00010000,94.3181,X]
[88,F,0.94392,00000010,94.392,X]
[103,F,0.953686,00000001,95.3686,X]
[25,F,0.961736,00010000,96.1736,X]
[20,F,0.964761,11000000,96.4761,X]
[48,F,0.968075,00001000,96.8075,X]
[60,F,0.968075,00000100,96.8075,X]
[89,F,0.968334,00000010,96.8334,X]
[90,F,0.969311,00000010,96.9311,X]
[61,F,0.971005,00000100,97.1005,X]
[104,F,0.971264,00000001,97.1264,X]
[26,F,0.976384,00010000,97.6384,X]
[49,F,0.979794,00001000,97.9794,X]
[27,F,0.981267,00010000,98.1267,X]
[50,F,0.987606,00001000,98.7606,X]
[51,F,0.988583,00001000,98.8583,X]
GUIDE_TREE_PARTITION1=(((((t1:2.68,t2:2.68):3.09,t3:5.77):11.24,t4:17.01):58.99,(t5:39.13,t6:39.13):36.87):24,(t7:58.44,t8:58.44):41.56);
