Taxa bit representation:
t1 10000000
t2 01000000
t3 00100000
t4 00010000
t5 00001000
t6 00000100
t7 00000010
t8 00000001
Clade List (<taxon members> = <clade name>): 

>Dataset_0
[28,F,0.0800781,00000001,8.00781,X]
[0,F,0.0898437,11111110,8.98437,X]
[1,F,0.109375,11111110,10.9375,X]
[2,F,0.115234,11111110,11.5234,X]
[29,F,0.140625,00000001,14.0625,X]
[21,F,0.197225,00000010,19.7225,X]
[12,F,0.208489,00000100,20.8489,X]
[30,F,0.22168,00000001,22.168,X]
[31,F,0.255859,00000001,25.5859,X]
[13,F,0.273919,00000100,27.3919,X]
[32,F,0.317383,00000001,31.7383,X]
[22,F,0.318319,00000010,31.8319,X]
[33,F,0.345703,00000001,34.5703,X]
[23,F,0.388631,00000010,38.8631,X]
[34,F,0.420898,00000001,42.0898,X]
[24,F,0.455037,00000010,45.5037,X]
[25,F,0.582967,00000010,58.2967,X]
[3,F,0.589994,11110000,58.9994,X]
[14,F,0.598137,00000100,59.8137,X]
[15,F,0.656731,00000100,65.6731,X]
[7,F,0.691556,00001000,69.1556,X]
[35,F,0.699219,00000001,69.9219,X]
[16,F,0.701653,00000100,70.1653,X]
[8,F,0.714017,00001000,71.4017,X]
[26,F,0.725545,00000010,72.5545,X]
[9,F,0.729642,00001000,72.9642,X]
[5,F,0.730733,00010000,73.0733,X]
[6,F,0.743428,00010000,74.3428,X]
[27,F,0.761678,00000010,76.1678,X]
[10,F,0.803861,00001000,80.3861,X]
[17,F,0.810052,00000100,81.0052,X]
[11,F,0.824369,00001000,82.4369,X]
[36,F,0.870117,00000001,87.0117,X]
[4,F,0.88503,11100000,88.503,X]
[18,F,0.892083,00000100,89.2083,X]
[19,F,0.947747,00000100,94.7747,X]
[37,F,0.963867,00000001,96.3867,X]
[20,F,0.999505,00000100,99.9505,X]
GUIDE_TREE_PARTITION1=(((((((t1:1.02,t2:1.02):6.67,t3:7.69):29.1,t4:36.79):10.07,t5:46.86):33.17,t6:80.03):8.06,t7:88.09):11.91,t8:100);
