Taxa bit representation:
t1 10000000
t2 01000000
t3 00100000
t4 00010000
t5 00001000
t6 00000100
t7 00000010
t8 00000001
Clade List (<taxon members> = <clade name>): 

>Dataset_0
[0,F,0.0253906,11110000,2.53906,X]
[1,F,0.0576172,11110000,5.76172,X]
[25,F,0.117188,00001111,11.7188,X]
[2,F,0.154783,11000000,15.4783,X]
[26,F,0.206055,00001111,20.6055,X]
[3,F,0.239744,11000000,23.9744,X]
[11,F,0.244627,00110000,24.4627,X]
[19,F,0.294608,00010000,29.4608,X]
[20,F,0.297538,00010000,29.7538,X]
[27,F,0.349609,00001111,34.9609,X]
[28,F,0.382419,00001100,38.2419,X]
[21,F,0.432303,00010000,43.2303,X]
[29,F,0.476084,00001000,47.6084,X]
[12,F,0.513358,00100000,51.3358,X]
[4,F,0.571667,10000000,57.1667,X]
[13,F,0.575858,00100000,57.5858,X]
[30,F,0.595225,00001000,59.5225,X]
[7,F,0.660534,01000000,66.0534,X]
[38,F,0.662608,00000100,66.2608,X]
[42,F,0.668392,00000010,66.8392,X]
[45,F,0.675228,00000001,67.5228,X]
[8,F,0.70155,01000000,70.155,X]
[43,F,0.715267,00000010,71.5267,X]
[46,F,0.733822,00000001,73.3822,X]
[47,F,0.746517,00000001,74.6517,X]
[31,F,0.753428,00001000,75.3428,X]
[39,F,0.758311,00000100,75.8311,X]
[32,F,0.759288,00001000,75.9287,X]
[33,F,0.765147,00001000,76.5147,X]
[44,F,0.766048,00000010,76.6048,X]
[5,F,0.76698,10000000,76.698,X]
[34,F,0.779795,00001000,77.9795,X]
[22,F,0.812186,00010000,81.2186,X]
[35,F,0.813975,00001000,81.3975,X]
[14,F,0.841483,00100000,84.1483,X]
[40,F,0.844248,00000100,84.4248,X]
[41,F,0.851084,00000100,85.1084,X]
[9,F,0.855847,01000000,85.5847,X]
[36,F,0.858897,00001000,85.8897,X]
[48,F,0.866634,00000001,86.6634,X]
[23,F,0.888358,00010000,88.8358,X]
[49,F,0.896908,00000001,89.6908,X]
[6,F,0.902722,10000000,90.2722,X]
[15,F,0.906913,00100000,90.6912,X]
[24,F,0.907889,00010000,90.7889,X]
[50,F,0.916439,00000001,91.6439,X]
[37,F,0.917491,00001000,91.7491,X]
[16,F,0.954764,00100000,95.4764,X]
[51,F,0.957455,00000001,95.7455,X]
[52,F,0.971127,00000001,97.1127,X]
[17,F,0.971366,00100000,97.1366,X]
[18,F,0.99578,00100000,99.578,X]
[10,F,0.998425,01000000,99.8425,X]
GUIDE_TREE_PARTITION1=(((t1:51.72,t2:51.72):33.29,(t3:72.59,t4:72.59):12.42):14.99,((t5:60.79,t6:60.79):2.14,(t7:43.61,t8:43.61):19.32):37.07);
