Taxa bit representation:
t1 10000000
t2 01000000
t3 00100000
t4 00010000
t5 00001000
t6 00000100
t7 00000010
t8 00000001
Clade List (<taxon members> = <clade name>): 

>Dataset_0
[0,F,0.00390625,11110000,0.390625,X]
[16,F,0.0615234,00001111,6.15234,X]
[17,F,0.0742188,00001111,7.42188,X]
[18,F,0.125977,00001111,12.5977,X]
[19,F,0.136719,00001111,13.6719,X]
[20,F,0.151367,00001111,15.1367,X]
[1,F,0.241211,11110000,24.1211,X]
[2,F,0.353516,11110000,35.3516,X]
[21,F,0.374297,00001100,37.4297,X]
[22,F,0.388945,00001100,38.8945,X]
[3,F,0.435547,11110000,43.5547,X]
[28,F,0.440703,00000011,44.0703,X]
[29,F,0.481719,00000011,48.1719,X]
[9,F,0.534719,00110000,53.4719,X]
[23,F,0.540312,00001100,54.0312,X]
[30,F,0.552031,00000011,55.2031,X]
[31,F,0.56668,00000011,56.668,X]
[10,F,0.585309,00100000,58.5309,X]
[4,F,0.624563,11000000,62.4563,X]
[11,F,0.688825,00100000,68.8825,X]
[12,F,0.715192,00100000,71.5192,X]
[5,F,0.751516,11000000,75.1516,X]
[6,F,0.780813,11000000,78.0812,X]
[25,F,0.798441,00000100,79.8441,X]
[13,F,0.799177,00010000,79.9177,X]
[26,F,0.834573,00000100,83.4573,X]
[7,F,0.868703,11000000,86.8703,X]
[8,F,0.881398,11000000,88.1398,X]
[27,F,0.910745,00000100,91.0745,X]
[32,F,0.944609,00000011,94.4609,X]
[24,F,0.952738,00001000,95.2738,X]
[33,F,0.954512,00000001,95.4513,X]
[14,F,0.969098,00010000,96.9098,X]
[34,F,0.985762,00000001,98.5763,X]
[15,F,0.997419,00010000,99.7419,X]
GUIDE_TREE_PARTITION1=(((t1:5.28,t2:5.28):42.42,(t3:45.18,t4:45.18):2.52):52.3,((t5:32.07,t6:32.07):45.93,(t7:5.33,t8:5.33):72.67):22);
