Taxa bit representation:
t1 10000000
t2 01000000
t3 00100000
t4 00010000
t5 00001000
t6 00000100
t7 00000010
t8 00000001
Clade List (<taxon members> = <clade name>): 

>Dataset_0
[14,F,0.0771484,00000011,7.71484,X]
[15,F,0.123047,00000011,12.3047,X]
[0,F,0.263569,11110000,26.3569,X]
[1,F,0.424433,11000000,42.4433,X]
[11,F,0.481842,00001000,48.1842,X]
[9,F,0.53988,00010000,53.988,X]
[16,F,0.559691,00000001,55.9691,X]
[5,F,0.562128,00100000,56.2128,X]
[6,F,0.619745,00100000,61.9745,X]
[12,F,0.637116,00000100,63.7116,X]
[4,F,0.67067,01000000,67.067,X]
[2,F,0.677506,10000000,67.7506,X]
[17,F,0.714964,00000001,71.4964,X]
[7,F,0.752558,00100000,75.2558,X]
[3,F,0.837662,10000000,83.7662,X]
[10,F,0.891442,00010000,89.1442,X]
[13,F,0.918366,00000100,91.8366,X]
[8,F,0.973261,00100000,97.3261,X]
GUIDE_TREE_PARTITION1=(((((t1:51.39,t2:51.39):9.78,t3:61.17):0.76,t4:61.93):28.51,(t5:52.89,t6:52.89):37.55):9.56,(t7:52.82,t8:52.82):47.18);
