Taxa bit representation:
t1 10000000
t2 01000000
t3 00100000
t4 00010000
t5 00001000
t6 00000100
t7 00000010
t8 00000001
Clade List (<taxon members> = <clade name>): 

>Dataset_0
[0,F,0.0419922,11110000,4.19922,X]
[59,F,0.046875,00001111,4.6875,X]
[1,F,0.0654297,11110000,6.54297,X]
[60,F,0.0830078,00001111,8.30078,X]
[61,F,0.0917969,00001111,9.17969,X]
[62,F,0.0996094,00001111,9.96094,X]
[63,F,0.118164,00001111,11.8164,X]
[2,F,0.12793,11110000,12.793,X]
[3,F,0.129883,11110000,12.9883,X]
[89,F,0.160191,00000011,16.0191,X]
[4,F,0.185547,11110000,18.5547,X]
[90,F,0.187534,00000011,18.7534,X]
[5,F,0.214844,11110000,21.4844,X]
[6,F,0.24707,11110000,24.707,X]
[91,F,0.265659,00000011,26.5659,X]
[92,F,0.277378,00000011,27.7378,X]
[7,F,0.323691,11000000,32.3691,X]
[29,F,0.330527,00110000,33.0527,X]
[30,F,0.348105,00110000,34.8105,X]
[31,F,0.358847,00110000,35.8847,X]
[93,F,0.366245,00000011,36.6245,X]
[64,F,0.3848,00001100,38.48,X]
[8,F,0.38912,11000000,38.912,X]
[32,F,0.406698,00110000,40.6698,X]
[9,F,0.407675,11000000,40.7675,X]
[10,F,0.428183,11000000,42.8183,X]
[65,F,0.440464,00001100,44.0464,X]
[33,F,0.445761,00110000,44.5761,X]
[66,F,0.448277,00001100,44.8277,X]
[34,F,0.460409,00110000,46.0409,X]
[11,F,0.461386,11000000,46.1386,X]
[94,F,0.465933,00000010,46.5933,X]
[67,F,0.47855,00001100,47.855,X]
[35,F,0.489706,00110000,48.9706,X]
[36,F,0.495566,00110000,49.5566,X]
[95,F,0.499136,00000010,49.9136,X]
[96,F,0.500112,00000010,50.0112,X]
[105,F,0.509878,00000001,50.9878,X]
[68,F,0.513706,00001100,51.3706,X]
[106,F,0.514761,00000001,51.4761,X]
[69,F,0.525425,00001100,52.5425,X]
[12,F,0.527792,11000000,52.7792,X]
[37,F,0.528769,00110000,52.8769,X]
[107,F,0.546011,00000001,54.6011,X]
[38,F,0.552206,00110000,55.2206,X]
[70,F,0.565464,00001100,56.5464,X]
[71,F,0.567417,00001100,56.7417,X]
[72,F,0.571323,00001100,57.1323,X]
[39,F,0.57955,00110000,57.955,X]
[48,F,0.588806,00010000,58.8806,X]
[73,F,0.590855,00001100,59.0855,X]
[74,F,0.591831,00001100,59.1831,X]
[49,F,0.608337,00010000,60.8337,X]
[40,F,0.611267,00100000,61.1267,X]
[97,F,0.612417,00000010,61.2417,X]
[108,F,0.613394,00000001,61.3394,X]
[109,F,0.623159,00000001,62.3159,X]
[13,F,0.623495,11000000,62.3495,X]
[14,F,0.629355,11000000,62.9355,X]
[110,F,0.630972,00000001,63.0972,X]
[15,F,0.633261,11000000,63.3261,X]
[41,F,0.6474,00100000,64.74,X]
[75,F,0.656284,00001100,65.6284,X]
[50,F,0.700134,00010000,70.0134,X]
[76,F,0.70023,00001100,70.023,X]
[16,F,0.730917,11000000,73.0917,X]
[77,F,0.73148,00001100,73.148,X]
[17,F,0.733847,11000000,73.3847,X]
[111,F,0.740347,00000001,74.0347,X]
[78,F,0.749058,00001100,74.9058,X]
[18,F,0.751425,11000000,75.1425,X]
[98,F,0.755972,00000010,75.5972,X]
[42,F,0.758728,00100000,75.8728,X]
[51,F,0.770447,00010000,77.0447,X]
[52,F,0.77533,00010000,77.533,X]
[112,F,0.777456,00000001,77.7456,X]
[113,F,0.784292,00000001,78.4292,X]
[53,F,0.791931,00010000,79.1931,X]
[83,F,0.792902,00000100,79.2902,X]
[84,F,0.794855,00000100,79.4855,X]
[54,F,0.794861,00010000,79.4861,X]
[114,F,0.797964,00000001,79.7964,X]
[79,F,0.808527,00001000,80.8527,X]
[43,F,0.811462,00100000,81.1462,X]
[85,F,0.812433,00000100,81.2433,X]
[55,F,0.813416,00010000,81.3416,X]
[86,F,0.815362,00000100,81.5362,X]
[19,F,0.815878,11000000,81.5878,X]
[44,F,0.822205,00100000,82.2205,X]
[20,F,0.823691,11000000,82.3691,X]
[21,F,0.827597,11000000,82.7597,X]
[45,F,0.830994,00100000,83.0994,X]
[115,F,0.852652,00000001,85.2652,X]
[99,F,0.857534,00000010,85.7534,X]
[100,F,0.860464,00000010,86.0464,X]
[101,F,0.861441,00000010,86.1441,X]
[116,F,0.86437,00000001,86.437,X]
[117,F,0.879019,00000001,87.9019,X]
[80,F,0.884698,00001000,88.4698,X]
[81,F,0.891534,00001000,89.1534,X]
[118,F,0.892691,00000001,89.2691,X]
[22,F,0.893027,11000000,89.3027,X]
[102,F,0.89855,00000010,89.855,X]
[103,F,0.905386,00000010,90.5386,X]
[119,F,0.905386,00000001,90.5386,X]
[56,F,0.909119,00010000,90.9119,X]
[82,F,0.928644,00001000,92.8644,X]
[87,F,0.931573,00000100,93.1573,X]
[120,F,0.93273,00000001,93.273,X]
[121,F,0.936636,00000001,93.6636,X]
[104,F,0.937612,00000010,93.7612,X]
[23,F,0.951855,10000000,95.1855,X]
[122,F,0.955191,00000001,95.5191,X]
[25,F,0.956738,01000000,95.6737,X]
[57,F,0.958923,00010000,95.8923,X]
[123,F,0.96105,00000001,96.105,X]
[26,F,0.965527,01000000,96.5527,X]
[27,F,0.96748,01000000,96.748,X]
[58,F,0.968689,00010000,96.8689,X]
[24,F,0.970409,10000000,97.0409,X]
[88,F,0.970636,00000100,97.0636,X]
[46,F,0.99115,00100000,99.115,X]
[47,F,0.995056,00100000,99.5056,X]
[28,F,0.999706,01000000,99.9706,X]
GUIDE_TREE_PARTITION1=(((t1:6.67,t2:6.67):63.5,(t3:41.51,t4:41.51):28.66):29.83,((t5:22.37,t6:22.37):64.15,(t7:57.02,t8:57.02):29.5):13.48);
