Taxa bit representation:
t1 10000000
t2 01000000
t3 00100000
t4 00010000
t5 00001000
t6 00000100
t7 00000010
t8 00000001
Clade List (<taxon members> = <clade name>): 

>Dataset_0
[93,F,0.00976562,00000001,0.976562,X]
[65,F,0.0312187,00000010,3.12187,X]
[0,F,0.0321953,11111100,3.21953,X]
[66,F,0.0556328,00000010,5.56328,X]
[94,F,0.0595703,00000001,5.95703,X]
[67,F,0.102508,00000010,10.2508,X]
[95,F,0.105469,00000001,10.5469,X]
[1,F,0.155242,11111100,15.5242,X]
[2,F,0.156219,11111100,15.6219,X]
[3,F,0.164031,11111100,16.4031,X]
[96,F,0.169922,00000001,16.9922,X]
[4,F,0.174773,11111100,17.4773,X]
[97,F,0.176758,00000001,17.6758,X]
[5,F,0.179656,11111100,17.9656,X]
[98,F,0.185547,00000001,18.5547,X]
[6,F,0.193328,11111100,19.3328,X]
[7,F,0.200164,11111100,20.0164,X]
[99,F,0.209961,00000001,20.9961,X]
[8,F,0.217742,11111100,21.7742,X]
[68,F,0.224578,00000010,22.4578,X]
[100,F,0.233398,00000001,23.3398,X]
[69,F,0.237273,00000010,23.7273,X]
[9,F,0.239227,11111100,23.9227,X]
[101,F,0.242187,00000001,24.2187,X]
[70,F,0.254852,00000010,25.4852,X]
[10,F,0.262664,11111100,26.2664,X]
[102,F,0.268555,00000001,26.8555,X]
[11,F,0.27243,11111100,27.243,X]
[103,F,0.274414,00000001,27.4414,X]
[104,F,0.283203,00000001,28.3203,X]
[105,F,0.286133,00000001,28.6133,X]
[106,F,0.293945,00000001,29.3945,X]
[107,F,0.304687,00000001,30.4687,X]
[12,F,0.305633,11111100,30.5633,X]
[71,F,0.308562,00000010,30.8562,X]
[13,F,0.309539,11111100,30.9539,X]
[108,F,0.30957,00000001,30.957,X]
[72,F,0.317352,00000010,31.7352,X]
[73,F,0.343719,00000010,34.3719,X]
[74,F,0.344695,00000010,34.4695,X]
[14,F,0.345672,11111100,34.5672,X]
[15,F,0.36325,11111100,36.325,X]
[16,F,0.368653,11111000,36.8653,X]
[109,F,0.37793,00000001,37.793,X]
[75,F,0.379852,00000010,37.9852,X]
[110,F,0.387695,00000001,38.7695,X]
[111,F,0.390625,00000001,39.0625,X]
[112,F,0.40332,00000001,40.332,X]
[56,F,0.406739,00000100,40.6739,X]
[17,F,0.408692,11111000,40.8692,X]
[57,F,0.442872,00000100,44.2872,X]
[58,F,0.445802,00000100,44.5802,X]
[113,F,0.448242,00000001,44.8242,X]
[18,F,0.449012,11110000,44.9012,X]
[76,F,0.457977,00000010,45.7977,X]
[77,F,0.465789,00000010,46.5789,X]
[59,F,0.479981,00000100,47.9981,X]
[48,F,0.482216,00001000,48.2216,X]
[19,F,0.498817,11110000,49.8817,X]
[114,F,0.503906,00000001,50.3906,X]
[78,F,0.506805,00000010,50.6805,X]
[79,F,0.511687,00000010,51.1687,X]
[60,F,0.52002,00000100,52.002,X]
[115,F,0.540039,00000001,54.0039,X]
[49,F,0.545692,00001000,54.5692,X]
[20,F,0.545692,11110000,54.5692,X]
[116,F,0.548828,00000001,54.8828,X]
[80,F,0.558562,00000010,55.8562,X]
[21,F,0.568825,11100000,56.8825,X]
[22,F,0.571755,11100000,57.1755,X]
[81,F,0.575164,00000010,57.5164,X]
[117,F,0.575195,00000001,57.5195,X]
[82,F,0.576141,00000010,57.6141,X]
[83,F,0.580047,00000010,58.0047,X]
[39,F,0.58738,00010000,58.738,X]
[84,F,0.589812,00000010,58.9812,X]
[23,F,0.590309,11100000,59.0309,X]
[24,F,0.591286,11100000,59.1286,X]
[85,F,0.614227,00000010,61.4227,X]
[50,F,0.676552,00001000,67.6552,X]
[40,F,0.689919,00010000,68.9919,X]
[51,F,0.692177,00001000,69.2177,X]
[118,F,0.695312,00000001,69.5312,X]
[52,F,0.697059,00001000,69.7059,X]
[61,F,0.698731,00000100,69.8731,X]
[119,F,0.699219,00000001,69.9219,X]
[41,F,0.703591,00010000,70.3591,X]
[86,F,0.708953,00000010,70.8953,X]
[62,F,0.720216,00000100,72.0216,X]
[120,F,0.722656,00000001,72.2656,X]
[87,F,0.723602,00000010,72.3602,X]
[53,F,0.75077,00001000,75.077,X]
[63,F,0.767091,00000100,76.7091,X]
[121,F,0.767578,00000001,76.7578,X]
[29,F,0.770669,00100000,77.0669,X]
[122,F,0.779297,00000001,77.9297,X]
[25,F,0.780434,11000000,78.0434,X]
[42,F,0.782692,00010000,78.2692,X]
[88,F,0.788055,00000010,78.8055,X]
[30,F,0.7902,00100000,79.02,X]
[31,F,0.792153,00100000,79.2153,X]
[123,F,0.795898,00000001,79.5898,X]
[54,F,0.797645,00001000,79.7645,X]
[26,F,0.813638,11000000,81.3637,X]
[89,F,0.814422,00000010,81.4422,X]
[124,F,0.814453,00000001,81.4453,X]
[125,F,0.818359,00000001,81.8359,X]
[55,F,0.825966,00001000,82.5966,X]
[32,F,0.828286,00100000,82.8286,X]
[27,F,0.835122,11000000,83.5122,X]
[33,F,0.835122,00100000,83.5122,X]
[64,F,0.836427,00000100,83.6427,X]
[34,F,0.846841,00100000,84.6841,X]
[43,F,0.857887,00010000,85.7887,X]
[126,F,0.868164,00000001,86.8164,X]
[35,F,0.878091,00100000,87.8091,X]
[44,F,0.886208,00010000,88.6208,X]
[36,F,0.88688,00100000,88.688,X]
[90,F,0.887664,00000010,88.7664,X]
[45,F,0.89988,00010000,89.988,X]
[28,F,0.903481,11000000,90.3481,X]
[127,F,0.905273,00000001,90.5273,X]
[128,F,0.90625,00000001,90.625,X]
[46,F,0.921364,00010000,92.1364,X]
[47,F,0.922341,00010000,92.2341,X]
[37,F,0.944497,00100000,94.4497,X]
[38,F,0.963052,00100000,96.3052,X]
[91,F,0.975555,00000010,97.5555,X]
[92,F,0.989227,00000010,98.9227,X]
GUIDE_TREE_PARTITION1=(((((((t1:0.48,t2:0.48):33,t3:33.48):11.2,t4:44.68):11.2,t5:55.88):7.45,t6:63.33):34.72,t7:98.05):1.95,t8:100);
