Taxa bit representation:
t1 10000000
t2 01000000
t3 00100000
t4 00010000
t5 00001000
t6 00000100
t7 00000010
t8 00000001
Clade List (<taxon members> = <clade name>): 

>Dataset_0
[0,F,0.0800781,11111110,8.00781,X]
[34,F,0.0810547,00000001,8.10547,X]
[1,F,0.107422,11111110,10.7422,X]
[35,F,0.203125,00000001,20.3125,X]
[27,F,0.2611,00000010,26.11,X]
[2,F,0.27038,11111000,27.038,X]
[28,F,0.273795,00000010,27.3795,X]
[22,F,0.278192,00000100,27.8192,X]
[3,F,0.291864,11111000,29.1864,X]
[16,F,0.324948,00001000,32.4948,X]
[17,F,0.330808,00001000,33.0808,X]
[23,F,0.348505,00000100,34.8505,X]
[18,F,0.355222,00001000,35.5222,X]
[29,F,0.368522,00000010,36.8522,X]
[4,F,0.398191,11110000,39.8191,X]
[5,F,0.426959,11100000,42.6959,X]
[30,F,0.431022,00000010,43.1022,X]
[24,F,0.449091,00000100,44.9091,X]
[19,F,0.4978,00001000,49.78,X]
[6,F,0.516803,11100000,51.6803,X]
[7,F,0.531452,11100000,53.1452,X]
[36,F,0.554688,00000001,55.4688,X]
[37,F,0.577148,00000001,57.7148,X]
[38,F,0.583984,00000001,58.3984,X]
[39,F,0.588867,00000001,58.8867,X]
[9,F,0.595905,00010000,59.5905,X]
[10,F,0.60567,00010000,60.567,X]
[40,F,0.609375,00000001,60.9375,X]
[31,F,0.626334,00000010,62.6334,X]
[25,F,0.630731,00000100,63.0731,X]
[41,F,0.65625,00000001,65.625,X]
[32,F,0.681022,00000010,68.1022,X]
[11,F,0.685748,00010000,68.5748,X]
[26,F,0.708856,00000100,70.8856,X]
[12,F,0.725788,00010000,72.5787,X]
[33,F,0.770866,00000010,77.0866,X]
[13,F,0.792194,00010000,79.2194,X]
[42,F,0.800781,00000001,80.0781,X]
[14,F,0.811725,00010000,81.1725,X]
[43,F,0.81543,00000001,81.543,X]
[20,F,0.822995,00001000,82.2995,X]
[44,F,0.893555,00000001,89.3555,X]
[45,F,0.923828,00000001,92.3828,X]
[46,F,0.935547,00000001,93.5547,X]
[21,F,0.958738,00001000,95.8738,X]
[8,F,0.978263,10000000,97.8263,X]
[15,F,0.978717,00010000,97.8717,X]
GUIDE_TREE_PARTITION1=(((((((t1:6.08,t2:6.08):10.77,t3:16.85):41.04,t4:57.89):11.08,t5:68.97):7.41,t6:76.38):10.01,t7:86.39):13.61,t8:100);
