Taxa bit representation:
t1 10000000
t2 01000000
t3 00100000
t4 00010000
t5 00001000
t6 00000100
t7 00000010
t8 00000001
Clade List (<taxon members> = <clade name>): 

>Dataset_0
[0,F,0.12207,11111110,12.207,X]
[1,F,0.140625,11111110,14.0625,X]
[35,F,0.169314,00000010,16.9314,X]
[28,F,0.220573,00000100,22.0573,X]
[36,F,0.331423,00000010,33.1423,X]
[2,F,0.334536,11110000,33.4536,X]
[17,F,0.355044,00001000,35.5044,X]
[18,F,0.367739,00001000,36.7739,X]
[37,F,0.374392,00000010,37.4392,X]
[38,F,0.39197,00000010,39.197,X]
[39,F,0.392947,00000010,39.2947,X]
[3,F,0.399966,11110000,39.9966,X]
[29,F,0.411003,00000100,41.1003,X]
[19,F,0.413637,00001000,41.3637,X]
[20,F,0.41852,00001000,41.852,X]
[30,F,0.425652,00000100,42.5652,X]
[45,F,0.427734,00000001,42.7734,X]
[4,F,0.453677,11110000,45.3677,X]
[40,F,0.459353,00000010,45.9353,X]
[21,F,0.464419,00001000,46.4419,X]
[41,F,0.480838,00000010,48.0838,X]
[22,F,0.500552,00001000,50.0552,X]
[42,F,0.518923,00000010,51.8923,X]
[5,F,0.519106,11110000,51.9106,X]
[23,F,0.545473,00001000,54.5473,X]
[6,F,0.606802,11100000,60.6802,X]
[7,F,0.657583,11100000,65.7583,X]
[24,F,0.691958,00001000,69.1958,X]
[25,F,0.713442,00001000,71.3442,X]
[46,F,0.714844,00000001,71.4844,X]
[8,F,0.716177,11100000,71.6177,X]
[26,F,0.723208,00001000,72.3208,X]
[47,F,0.738281,00000001,73.8281,X]
[43,F,0.759158,00000010,75.9158,X]
[31,F,0.78698,00000100,78.698,X]
[48,F,0.790039,00000001,79.0039,X]
[32,F,0.817253,00000100,81.7253,X]
[12,F,0.82115,00100000,82.115,X]
[33,F,0.822136,00000100,82.2136,X]
[34,F,0.845573,00000100,84.5573,X]
[49,F,0.847656,00000001,84.7656,X]
[14,F,0.87145,00010000,87.145,X]
[27,F,0.89313,00001000,89.313,X]
[15,F,0.894888,00010000,89.4888,X]
[16,F,0.920278,00010000,92.0278,X]
[44,F,0.928103,00000010,92.8103,X]
[13,F,0.951033,00100000,95.1033,X]
[11,F,0.962139,01000000,96.2139,X]
[9,F,0.979717,10000000,97.9717,X]
[10,F,0.999248,10000000,99.9248,X]
GUIDE_TREE_PARTITION1=(((((((t1:7.79,t2:7.79):13.22,t3:21.01):26.22,t4:47.23):20,t5:67.23):13.74,t6:80.97):4.54,t7:85.51):14.49,t8:100);
