Taxa bit representation:
t1 10000000
t2 01000000
t3 00100000
t4 00010000
t5 00001000
t6 00000100
t7 00000010
t8 00000001
Clade List (<taxon members> = <clade name>): 

>Dataset_0
[0,F,0.0117188,11111100,1.17188,X]
[32,F,0.04795,00000001,4.795,X]
[33,F,0.0733406,00000001,7.33406,X]
[34,F,0.11338,00000001,11.338,X]
[27,F,0.168067,00000010,16.8067,X]
[1,F,0.1999,11110000,19.99,X]
[28,F,0.218848,00000010,21.8848,X]
[16,F,0.333689,00001100,33.3689,X]
[35,F,0.342872,00000001,34.2872,X]
[2,F,0.364939,11110000,36.4939,X]
[3,F,0.380564,11110000,38.0564,X]
[36,F,0.385841,00000001,38.5841,X]
[29,F,0.389747,00000010,38.9747,X]
[37,F,0.409278,00000001,40.9278,X]
[38,F,0.446387,00000001,44.6388,X]
[4,F,0.461619,11110000,46.1619,X]
[17,F,0.470408,00001100,47.0408,X]
[18,F,0.497752,00001100,49.7752,X]
[9,F,0.503637,00010000,50.3637,X]
[30,F,0.532325,00000010,53.2325,X]
[10,F,0.541723,00010000,54.1723,X]
[39,F,0.58213,00000001,58.213,X]
[11,F,0.588598,00010000,58.8598,X]
[40,F,0.621192,00000001,62.1192,X]
[19,F,0.641306,00001100,64.1306,X]
[5,F,0.645239,11100000,64.5239,X]
[20,F,0.662477,00001000,66.2477,X]
[41,F,0.668067,00000001,66.8067,X]
[25,F,0.670289,00000100,67.0289,X]
[31,F,0.681739,00000010,68.1739,X]
[21,F,0.687867,00001000,68.7867,X]
[26,F,0.693727,00000100,69.3727,X]
[12,F,0.711645,00010000,71.1645,X]
[42,F,0.773536,00000001,77.3536,X]
[13,F,0.780981,00010000,78.0981,X]
[6,F,0.831762,11100000,83.1762,X]
[14,F,0.839575,00010000,83.9575,X]
[43,F,0.870216,00000001,87.0216,X]
[15,F,0.88352,00010000,88.352,X]
[44,F,0.8917,00000001,89.17,X]
[22,F,0.892945,00001000,89.2945,X]
[7,F,0.943962,10000000,94.3962,X]
[23,F,0.949586,00001000,94.9586,X]
[8,F,0.963494,10000000,96.3494,X]
[24,F,0.965211,00001000,96.5211,X]
GUIDE_TREE_PARTITION1=(((((t1:9.51,t2:9.51):3.35,t3:12.86):39.12,t4:51.98):46.78,(t5:33.85,t6:33.85):64.91):1.24,(t7:98.33,t8:98.33):1.67);
