Taxa bit representation:
t1 10000000
t2 01000000
t3 00100000
t4 00010000
t5 00001000
t6 00000100
t7 00000010
t8 00000001
Clade List (<taxon members> = <clade name>): 

>Dataset_0
[30,F,0.109375,00000011,10.9375,X]
[31,F,0.118164,00000011,11.8164,X]
[32,F,0.212891,00000011,21.2891,X]
[0,F,0.276367,11111100,27.6367,X]
[33,F,0.345703,00000011,34.5703,X]
[34,F,0.389648,00000011,38.9648,X]
[35,F,0.415039,00000011,41.5039,X]
[1,F,0.421984,11110000,42.1984,X]
[16,F,0.454211,00001100,45.4211,X]
[13,F,0.49305,00010000,49.305,X]
[2,F,0.495003,11100000,49.5003,X]
[3,F,0.507698,11100000,50.7698,X]
[14,F,0.542855,00010000,54.2855,X]
[4,F,0.553597,11100000,55.3597,X]
[5,F,0.578011,11100000,57.8011,X]
[6,F,0.5868,11100000,58.68,X]
[17,F,0.594836,00001100,59.4836,X]
[18,F,0.602648,00001100,60.2648,X]
[36,F,0.631836,00000011,63.1836,X]
[23,F,0.664583,00000100,66.4583,X]
[37,F,0.666016,00000011,66.6016,X]
[38,F,0.685547,00000011,68.5547,X]
[19,F,0.68802,00001000,68.802,X]
[39,F,0.69043,00000011,69.043,X]
[20,F,0.723177,00001000,72.3177,X]
[40,F,0.739258,00000011,73.9258,X]
[24,F,0.75345,00000100,75.345,X]
[7,F,0.761605,11100000,76.1605,X]
[15,F,0.791878,00010000,79.1878,X]
[25,F,0.812044,00000100,81.2044,X]
[26,F,0.836458,00000100,83.6458,X]
[21,F,0.860872,00001000,86.0872,X]
[27,F,0.872591,00000100,87.2591,X]
[8,F,0.888558,11100000,88.8558,X]
[9,F,0.913813,11000000,91.3813,X]
[10,F,0.943109,11000000,94.3109,X]
[28,F,0.956575,00000100,95.6575,X]
[22,F,0.965364,00001000,96.5364,X]
[11,F,0.974053,10000000,97.4053,X]
[12,F,0.981195,00100000,98.1195,X]
[29,F,0.988802,00000100,98.8802,X]
[41,F,0.989258,00000011,98.9258,X]
GUIDE_TREE_PARTITION1=(((((t1:2.79,t2:2.79):6.61,t3:9.4):44.42,t4:53.82):12.38,(t5:34.03,t6:34.03):32.17):33.8,(t7:0.9,t8:0.9):99.1);
