Taxa bit representation:
t1 10000000
t2 01000000
t3 00100000
t4 00010000
t5 00001000
t6 00000100
t7 00000010
t8 00000001
Clade List (<taxon members> = <clade name>): 

>Dataset_0
[0,F,0.00195312,11111100,0.195312,X]
[1,F,0.174805,11111100,17.4805,X]
[11,F,0.432366,00001100,43.2366,X]
[2,F,0.501536,11100000,50.1536,X]
[12,F,0.533928,00001100,53.3928,X]
[18,F,0.542305,00000001,54.2305,X]
[13,F,0.645256,00001100,64.5256,X]
[3,F,0.65095,11100000,65.095,X]
[6,F,0.65095,00010000,65.095,X]
[4,F,0.676341,11100000,67.6341,X]
[7,F,0.677317,00010000,67.7317,X]
[8,F,0.683177,00010000,68.3177,X]
[9,F,0.743723,00010000,74.3723,X]
[19,F,0.832344,00000001,83.2344,X]
[10,F,0.83552,00010000,83.552,X]
[20,F,0.858711,00000001,85.8711,X]
[16,F,0.87265,00000100,87.265,X]
[14,F,0.874603,00001000,87.4603,X]
[5,F,0.90388,11100000,90.388,X]
[15,F,0.960541,00001000,96.0541,X]
[17,F,0.971992,00000010,97.1992,X]
GUIDE_TREE_PARTITION1=(((((t1:0.49,t2:0.49):1.75,t3:2.24):54.54,t4:56.78):7.21,(t5:15.86,t6:15.86):48.13):36.01,(t7:88.25,t8:88.25):11.75);
