Taxa bit representation:
t1 10000000
t2 01000000
t3 00100000
t4 00010000
t5 00001000
t6 00000100
t7 00000010
t8 00000001
Clade List (<taxon members> = <clade name>): 

>Dataset_0
[0,F,0.0146484,11111100,1.46484,X]
[1,F,0.0244141,11111100,2.44141,X]
[2,F,0.106445,11111100,10.6445,X]
[40,F,0.169067,00000001,16.9067,X]
[41,F,0.219848,00000001,21.9848,X]
[20,F,0.222177,00001000,22.2177,X]
[3,F,0.254345,11110000,25.4345,X]
[21,F,0.295419,00001000,29.5419,X]
[22,F,0.330575,00001000,33.0575,X]
[23,F,0.331552,00001000,33.1552,X]
[28,F,0.400888,00000100,40.0887,X]
[4,F,0.421338,11110000,42.1338,X]
[29,F,0.489755,00000100,48.9755,X]
[24,F,0.495614,00001000,49.5614,X]
[36,F,0.522583,00000010,52.2583,X]
[15,F,0.533728,00010000,53.3728,X]
[16,F,0.553259,00010000,55.3259,X]
[30,F,0.557138,00000100,55.7138,X]
[42,F,0.622192,00000001,62.2192,X]
[5,F,0.627066,11000000,62.7066,X]
[37,F,0.663208,00000010,66.3208,X]
[31,F,0.676278,00000100,67.6278,X]
[38,F,0.714966,00000010,71.4966,X]
[43,F,0.721802,00000001,72.1802,X]
[44,F,0.730591,00000001,73.0591,X]
[32,F,0.772958,00000100,77.2958,X]
[25,F,0.778817,00001000,77.8817,X]
[45,F,0.800903,00000001,80.0903,X]
[11,F,0.803823,00100000,80.3823,X]
[12,F,0.808706,00100000,80.8706,X]
[46,F,0.809692,00000001,80.9692,X]
[17,F,0.817908,00010000,81.7908,X]
[6,F,0.818472,11000000,81.8472,X]
[18,F,0.842322,00010000,84.2322,X]
[26,F,0.853036,00001000,85.3036,X]
[27,F,0.883309,00001000,88.3309,X]
[8,F,0.891467,01000000,89.1467,X]
[47,F,0.891723,00000001,89.1723,X]
[33,F,0.894052,00000100,89.4052,X]
[48,F,0.906372,00000001,90.6372,X]
[34,F,0.912606,00000100,91.2606,X]
[9,F,0.918811,01000000,91.8811,X]
[39,F,0.920044,00000010,92.0044,X]
[13,F,0.921011,00100000,92.1011,X]
[10,F,0.950061,01000000,95.0061,X]
[35,F,0.951669,00000100,95.1669,X]
[19,F,0.974158,00010000,97.4158,X]
[49,F,0.98352,00000001,98.352,X]
[7,F,0.989123,10000000,98.9123,X]
[14,F,0.997183,00100000,99.7183,X]
GUIDE_TREE_PARTITION1=(((((t1:13.49,t2:13.49):24.78,t3:38.27):13.24,t4:51.51):27.45,(t5:77.88,t6:77.88):1.08):21.04,(t7:85.73,t8:85.73):14.27);
