Taxa bit representation:
t1 10000000
t2 01000000
t3 00100000
t4 00010000
t5 00001000
t6 00000100
t7 00000010
t8 00000001
Clade List (<taxon members> = <clade name>): 

>Dataset_0
[0,F,0.00488281,11110000,0.488281,X]
[1,F,0.00878906,11110000,0.878906,X]
[22,F,0.111328,00001111,11.1328,X]
[2,F,0.134766,11110000,13.4766,X]
[23,F,0.291016,00001111,29.1016,X]
[24,F,0.310547,00001111,31.0547,X]
[25,F,0.335938,00001111,33.5938,X]
[3,F,0.360352,11110000,36.0352,X]
[26,F,0.391602,00001111,39.1602,X]
[27,F,0.43457,00001111,43.457,X]
[10,F,0.495469,00110000,49.5469,X]
[35,F,0.521652,00000011,52.1652,X]
[28,F,0.548995,00001100,54.8995,X]
[11,F,0.576523,00110000,57.6523,X]
[29,F,0.584152,00001100,58.4152,X]
[30,F,0.652511,00001100,65.2511,X]
[16,F,0.658697,00010000,65.8697,X]
[38,F,0.673689,00000001,67.3689,X]
[31,F,0.677902,00001100,67.7902,X]
[32,F,0.679855,00001100,67.9855,X]
[4,F,0.680039,11000000,68.0039,X]
[17,F,0.696783,00010000,69.6783,X]
[12,F,0.704595,00100000,70.4595,X]
[36,F,0.704939,00000010,70.4939,X]
[39,F,0.7274,00000001,72.74,X]
[37,F,0.759627,00000010,75.9627,X]
[18,F,0.768072,00010000,76.8072,X]
[33,F,0.800948,00001100,80.0948,X]
[5,F,0.815781,11000000,81.5781,X]
[13,F,0.818853,00100000,81.8853,X]
[19,F,0.854009,00010000,85.4009,X]
[6,F,0.877305,11000000,87.7305,X]
[14,F,0.903814,00100000,90.3814,X]
[20,F,0.927252,00010000,92.7252,X]
[34,F,0.93535,00001000,93.535,X]
[7,F,0.943711,11000000,94.3711,X]
[15,F,0.951666,00100000,95.1666,X]
[21,F,0.967291,00010000,96.7291,X]
[8,F,0.974366,10000000,97.4366,X]
[9,F,0.984131,01000000,98.4131,X]
GUIDE_TREE_PARTITION1=(((t1:3.54,t2:3.54):51.21,(t3:37.06,t4:37.06):17.69):45.25,((t5:15.84,t6:15.84):36.78,(t7:46.01,t8:46.01):6.61):47.38);
