Taxa bit representation:
t1 10000000
t2 01000000
t3 00100000
t4 00010000
t5 00001000
t6 00000100
t7 00000010
t8 00000001
Clade List (<taxon members> = <clade name>): 

>Dataset_0
[0,F,0.175781,11111100,17.5781,X]
[1,F,0.346361,11110000,34.6361,X]
[10,F,0.416673,00001100,41.6673,X]
[6,F,0.477589,00010000,47.7589,X]
[7,F,0.495167,00010000,49.5167,X]
[2,F,0.567433,11100000,56.7433,X]
[14,F,0.575195,00000011,57.5195,X]
[3,F,0.591847,11100000,59.1847,X]
[8,F,0.642628,00010000,64.2628,X]
[11,F,0.706712,00001100,70.6713,X]
[15,F,0.75,00000011,75,X]
[12,F,0.754564,00001100,75.4564,X]
[13,F,0.8239,00001100,82.39,X]
[9,F,0.873097,00010000,87.3097,X]
[16,F,0.946006,00000001,94.6006,X]
[17,F,0.951866,00000001,95.1866,X]
[4,F,0.957883,01000000,95.7883,X]
[5,F,0.980344,01000000,98.0344,X]
GUIDE_TREE_PARTITION1=(((((t1:4.7,t2:4.7):34.67,t3:39.37):20,t4:59.37):8.24,(t5:3.98,t6:3.98):63.63):32.39,(t7:5.79,t8:5.79):94.21);
