Taxa bit representation:
t1 10000000
t2 01000000
t3 00100000
t4 00010000
t5 00001000
t6 00000100
t7 00000010
t8 00000001
Clade List (<taxon members> = <clade name>): 

>Dataset_0
[0,F,0.00585938,11111100,0.585938,X]
[1,F,0.0791016,11111100,7.91016,X]
[42,F,0.0888672,00000011,8.88672,X]
[28,F,0.0923422,00001100,9.23422,X]
[43,F,0.105469,00000011,10.5469,X]
[44,F,0.12207,00000011,12.207,X]
[29,F,0.152889,00001100,15.2889,X]
[2,F,0.225702,11100000,22.5702,X]
[3,F,0.248163,11100000,24.8163,X]
[30,F,0.261288,00001100,26.1288,X]
[17,F,0.264764,00010000,26.4764,X]
[31,F,0.285702,00001100,28.5702,X]
[18,F,0.317498,00010000,31.7498,X]
[4,F,0.320428,11100000,32.0428,X]
[19,F,0.397577,00010000,39.7577,X]
[45,F,0.408203,00000011,40.8203,X]
[10,F,0.416162,00100000,41.6163,X]
[20,F,0.434686,00010000,43.4686,X]
[32,F,0.502498,00001100,50.2498,X]
[48,F,0.510994,00000001,51.0994,X]
[21,F,0.516717,00010000,51.6717,X]
[46,F,0.54322,00000010,54.322,X]
[33,F,0.557186,00001100,55.7186,X]
[22,F,0.620233,00010000,62.0233,X]
[23,F,0.622186,00010000,62.2186,X]
[49,F,0.632088,00000001,63.2088,X]
[5,F,0.640772,11000000,64.0772,X]
[11,F,0.641748,00100000,64.1748,X]
[34,F,0.642147,00001100,64.2147,X]
[35,F,0.649959,00001100,64.9959,X]
[50,F,0.654548,00000001,65.4548,X]
[36,F,0.666561,00001100,66.6561,X]
[51,F,0.669197,00000001,66.9197,X]
[12,F,0.676905,00100000,67.6905,X]
[37,F,0.679256,00001100,67.9256,X]
[52,F,0.697517,00000001,69.7517,X]
[6,F,0.727483,10000000,72.7483,X]
[38,F,0.728084,00001100,72.8084,X]
[13,F,0.731592,00100000,73.1592,X]
[14,F,0.748194,00100000,74.8194,X]
[7,F,0.751897,10000000,75.1897,X]
[24,F,0.754998,00010000,75.4998,X]
[15,F,0.756006,00100000,75.6006,X]
[47,F,0.850838,00000010,85.0838,X]
[40,F,0.856662,00000100,85.6663,X]
[25,F,0.869256,00010000,86.9256,X]
[16,F,0.873194,00100000,87.3194,X]
[39,F,0.894748,00001000,89.4748,X]
[41,F,0.895725,00000100,89.5725,X]
[26,F,0.906366,00010000,90.6366,X]
[53,F,0.908455,00000001,90.8455,X]
[54,F,0.930916,00000001,93.0916,X]
[9,F,0.936467,01000000,93.6467,X]
[8,F,0.965764,10000000,96.5764,X]
[55,F,0.967048,00000001,96.7048,X]
[27,F,0.982538,00010000,98.2538,X]
GUIDE_TREE_PARTITION1=(((((t1:27.74,t2:27.74):34.55,t3:62.29):23.05,t4:85.34):6.5,(t5:18.24,t6:18.24):73.6):8.16,(t7:54.76,t8:54.76):45.24);
