Taxa bit representation:
t1 10000000
t2 01000000
t3 00100000
t4 00010000
t5 00001000
t6 00000100
t7 00000010
t8 00000001
Clade List (<taxon members> = <clade name>): 

>Dataset_0
[9,F,0.0214844,00001111,2.14844,X]
[0,F,0.241211,11110000,24.1211,X]
[1,F,0.378906,11110000,37.8906,X]
[10,F,0.44543,00001100,44.543,X]
[2,F,0.543945,11110000,54.3945,X]
[3,F,0.595703,11110000,59.5703,X]
[6,F,0.624195,00110000,62.4195,X]
[4,F,0.670094,11000000,67.0094,X]
[16,F,0.683462,00000001,68.3462,X]
[17,F,0.723502,00000001,72.3502,X]
[13,F,0.761587,00000010,76.1587,X]
[7,F,0.77068,00110000,77.068,X]
[18,F,0.789908,00000001,78.9908,X]
[5,F,0.799977,11000000,79.9977,X]
[14,F,0.888541,00000010,88.8541,X]
[11,F,0.898023,00001000,89.8023,X]
[15,F,0.903189,00000010,90.3189,X]
[19,F,0.907095,00000001,90.7095,X]
[12,F,0.969312,00001000,96.9312,X]
[8,F,0.980886,00010000,98.0886,X]
GUIDE_TREE_PARTITION1=(((t1:4.12,t2:4.12):34.73,(t3:11.97,t4:11.97):26.88):61.15,((t5:35.1,t6:35.1):51.9,(t7:48.06,t8:48.06):38.94):13);
