Taxa bit representation:
t1 10000000
t2 01000000
t3 00100000
t4 00010000
t5 00001000
t6 00000100
t7 00000010
t8 00000001
Clade List (<taxon members> = <clade name>): 

>Dataset_0
[0,F,0.12207,11110000,12.207,X]
[22,F,0.162109,00001111,16.2109,X]
[11,F,0.317309,00110000,31.7309,X]
[1,F,0.492114,11000000,49.2114,X]
[12,F,0.500903,00110000,50.0903,X]
[34,F,0.522978,00000011,52.2978,X]
[13,F,0.525317,00110000,52.5317,X]
[23,F,0.529814,00001100,52.9814,X]
[24,F,0.538603,00001100,53.8603,X]
[35,F,0.555205,00000011,55.5205,X]
[14,F,0.556567,00110000,55.6567,X]
[36,F,0.558134,00000011,55.8134,X]
[2,F,0.562427,11000000,56.2427,X]
[3,F,0.578919,10000000,57.8919,X]
[25,F,0.600127,00001100,60.0127,X]
[7,F,0.603333,01000000,60.3333,X]
[15,F,0.609302,00110000,60.9302,X]
[16,F,0.637622,00110000,63.7622,X]
[26,F,0.640166,00001100,64.0166,X]
[27,F,0.643095,00001100,64.3095,X]
[28,F,0.648955,00001100,64.8955,X]
[4,F,0.722473,10000000,72.2473,X]
[17,F,0.752856,00110000,75.2856,X]
[8,F,0.760559,01000000,76.0559,X]
[18,F,0.766528,00110000,76.6528,X]
[32,F,0.794536,00000100,79.4536,X]
[29,F,0.819927,00001000,81.9927,X]
[9,F,0.822083,01000000,82.2083,X]
[30,F,0.869731,00001000,86.9731,X]
[33,F,0.869731,00000100,86.9731,X]
[37,F,0.870634,00000011,87.0634,X]
[5,F,0.906067,10000000,90.6067,X]
[19,F,0.932544,00110000,93.2544,X]
[20,F,0.93352,00110000,93.352,X]
[31,F,0.937114,00001000,93.7114,X]
[21,F,0.942306,00010000,94.2306,X]
[38,F,0.957548,00000011,95.7548,X]
[6,F,0.97638,10000000,97.638,X]
[10,F,0.978333,01000000,97.8333,X]
[39,F,0.998159,00000001,99.8159,X]
GUIDE_TREE_PARTITION1=(((t1:43.28,t2:43.28):41.2,(t3:6.16,t4:6.16):78.32):15.52,((t5:21.23,t6:21.23):40.73,(t7:0.77,t8:0.77):61.19):38.04);
