Taxa bit representation:
t1 10000000
t2 01000000
t3 00100000
t4 00010000
t5 00001000
t6 00000100
t7 00000010
t8 00000001
Clade List (<taxon members> = <clade name>): 

>Dataset_0
[0,F,0.000976562,11111110,0.0976562,X]
[1,F,0.0136719,11111110,1.36719,X]
[2,F,0.0224609,11111110,2.24609,X]
[68,F,0.0673828,00000001,6.73828,X]
[54,F,0.0954484,00000010,9.54484,X]
[69,F,0.129883,00000001,12.9883,X]
[70,F,0.15332,00000001,15.332,X]
[55,F,0.244862,00000010,24.4862,X]
[33,F,0.261214,00001000,26.1214,X]
[42,F,0.273144,00000100,27.3144,X]
[43,F,0.27705,00000100,27.705,X]
[56,F,0.280019,00000010,28.0019,X]
[44,F,0.281933,00000100,28.1933,X]
[57,F,0.285878,00000010,28.5878,X]
[3,F,0.295831,11000000,29.5831,X]
[20,F,0.329034,00100000,32.9034,X]
[21,F,0.330011,00100000,33.0011,X]
[58,F,0.374745,00000010,37.4745,X]
[34,F,0.379378,00001000,37.9378,X]
[4,F,0.397394,11000000,39.7394,X]
[26,F,0.408478,00010000,40.8478,X]
[27,F,0.409455,00010000,40.9455,X]
[59,F,0.415761,00000010,41.5761,X]
[45,F,0.454784,00000100,45.4784,X]
[22,F,0.458917,00100000,45.8917,X]
[71,F,0.458984,00000001,45.8984,X]
[5,F,0.464777,11000000,46.4777,X]
[60,F,0.469472,00000010,46.9472,X]
[28,F,0.470002,00010000,47.0002,X]
[35,F,0.472152,00001000,47.2152,X]
[29,F,0.5159,00010000,51.59,X]
[61,F,0.5183,00000010,51.83,X]
[72,F,0.571289,00000001,57.1289,X]
[6,F,0.575128,11000000,57.5128,X]
[36,F,0.584456,00001000,58.4456,X]
[46,F,0.593456,00000100,59.3456,X]
[47,F,0.621777,00000100,62.1777,X]
[30,F,0.631134,00010000,63.1134,X]
[48,F,0.641308,00000100,64.1308,X]
[7,F,0.643487,11000000,64.3487,X]
[31,F,0.64383,00010000,64.383,X]
[13,F,0.650583,01000000,65.0583,X]
[8,F,0.661325,10000000,66.1325,X]
[49,F,0.684277,00000100,68.4277,X]
[32,F,0.695588,00010000,69.5588,X]
[9,F,0.697458,10000000,69.7458,X]
[73,F,0.706055,00000001,70.6055,X]
[50,F,0.71455,00000100,71.455,X]
[62,F,0.714589,00000010,71.4589,X]
[63,F,0.743886,00000010,74.3886,X]
[14,F,0.786325,01000000,78.6325,X]
[37,F,0.820784,00001000,82.0784,X]
[10,F,0.824411,10000000,82.4411,X]
[64,F,0.844472,00000010,84.4472,X]
[23,F,0.848566,00100000,84.8566,X]
[15,F,0.866403,01000000,86.6403,X]
[16,F,0.878122,01000000,87.8122,X]
[74,F,0.881836,00000001,88.1836,X]
[24,F,0.883722,00100000,88.3722,X]
[17,F,0.894723,01000000,89.4723,X]
[51,F,0.897167,00000100,89.7167,X]
[11,F,0.905466,10000000,90.5466,X]
[18,F,0.908395,01000000,90.8395,X]
[38,F,0.911605,00001000,91.1605,X]
[39,F,0.919417,00001000,91.9417,X]
[65,F,0.919667,00000010,91.9667,X]
[12,F,0.920114,10000000,92.0114,X]
[66,F,0.922597,00000010,92.2597,X]
[75,F,0.924805,00000001,92.4805,X]
[67,F,0.936269,00000010,93.6269,X]
[25,F,0.948175,00100000,94.8175,X]
[19,F,0.950387,01000000,95.0387,X]
[52,F,0.960644,00000100,96.0644,X]
[40,F,0.963363,00001000,96.3363,X]
[41,F,0.969222,00001000,96.9222,X]
[76,F,0.995117,00000001,99.5117,X]
[53,F,0.996777,00000100,99.6777,X]
GUIDE_TREE_PARTITION1=(((((((t1:35.43,t2:35.43):36.94,t3:72.37):1.04,t4:73.41):2.91,t5:76.32):11.6,t6:87.92):4,t7:91.92):8.08,t8:100);
