Taxa bit representation:
t1 10000000
t2 01000000
t3 00100000
t4 00010000
t5 00001000
t6 00000100
t7 00000010
t8 00000001
Clade List (<taxon members> = <clade name>): 

>Dataset_0
[9,F,0.277344,00001111,27.7344,X]
[1,F,0.431325,01000000,43.1325,X]
[4,F,0.443581,00110000,44.3581,X]
[5,F,0.515847,00110000,51.5847,X]
[12,F,0.579731,00000011,57.9731,X]
[6,F,0.592995,00110000,59.2995,X]
[2,F,0.595387,01000000,59.5387,X]
[13,F,0.742817,00000011,74.2817,X]
[10,F,0.785786,00001100,78.5786,X]
[7,F,0.820534,00110000,82.0534,X]
[8,F,0.848855,00110000,84.8855,X]
[3,F,0.870778,01000000,87.0778,X]
[14,F,0.929341,00000011,92.9341,X]
[11,F,0.951253,00000100,95.1253,X]
[0,F,0.987966,10000000,98.7966,X]
GUIDE_TREE_PARTITION1=(((t1:64.68,t2:64.68):8.54,(t3:5.83,t4:5.83):67.39):26.78,((t5:11.32,t6:11.32):32.66,(t7:2.17,t8:2.17):41.81):56.02);
