Taxa bit representation:
t1 10000000
t2 01000000
t3 00100000
t4 00010000
t5 00001000
t6 00000100
t7 00000010
t8 00000001
Clade List (<taxon members> = <clade name>): 

>Dataset_0
[70,F,0.000976562,00001111,0.0976562,X]
[0,F,0.0078125,11110000,0.78125,X]
[1,F,0.0351562,11110000,3.51562,X]
[71,F,0.0390625,00001111,3.90625,X]
[2,F,0.0673828,11110000,6.73828,X]
[72,F,0.0703125,00001111,7.03125,X]
[73,F,0.0888672,00001111,8.88672,X]
[74,F,0.0917969,00001111,9.17969,X]
[3,F,0.102539,11110000,10.2539,X]
[75,F,0.114258,00001111,11.4258,X]
[4,F,0.120117,11110000,12.0117,X]
[76,F,0.146484,00001111,14.6484,X]
[77,F,0.166016,00001111,16.6016,X]
[78,F,0.197266,00001111,19.7266,X]
[5,F,0.214844,11110000,21.4844,X]
[79,F,0.219727,00001111,21.9727,X]
[6,F,0.233398,11110000,23.3398,X]
[7,F,0.239258,11110000,23.9258,X]
[40,F,0.33685,00110000,33.685,X]
[24,F,0.339589,01000000,33.9589,X]
[8,F,0.347402,10000000,34.7402,X]
[9,F,0.350331,10000000,35.0331,X]
[25,F,0.351308,01000000,35.1308,X]
[10,F,0.361073,10000000,36.1073,X]
[26,F,0.378652,01000000,37.8652,X]
[11,F,0.397206,10000000,39.7206,X]
[80,F,0.401367,00001111,40.1367,X]
[27,F,0.42455,01000000,42.455,X]
[12,F,0.433339,10000000,43.3339,X]
[41,F,0.434506,00110000,43.4506,X]
[81,F,0.444336,00001111,44.4336,X]
[42,F,0.445248,00110000,44.5248,X]
[43,F,0.49017,00110000,49.017,X]
[82,F,0.492188,00001111,49.2188,X]
[44,F,0.518491,00110000,51.8491,X]
[45,F,0.520444,00110000,52.0444,X]
[28,F,0.523183,01000000,52.3183,X]
[13,F,0.529042,10000000,52.9042,X]
[14,F,0.535878,10000000,53.5878,X]
[46,F,0.541928,00110000,54.1928,X]
[29,F,0.543691,01000000,54.3691,X]
[47,F,0.544858,00110000,54.4858,X]
[15,F,0.551503,10000000,55.1503,X]
[30,F,0.554433,01000000,55.4433,X]
[16,F,0.578847,10000000,57.8847,X]
[17,F,0.593495,10000000,59.3495,X]
[115,F,0.613102,00000001,61.3102,X]
[83,F,0.614816,00001100,61.4816,X]
[18,F,0.619862,10000000,61.9862,X]
[100,F,0.620914,00000010,62.0914,X]
[48,F,0.627866,00110000,62.7866,X]
[19,F,0.631581,10000000,63.1581,X]
[84,F,0.635323,00001100,63.5323,X]
[85,F,0.641183,00001100,64.1183,X]
[49,F,0.642514,00110000,64.2514,X]
[86,F,0.645089,00001100,64.5089,X]
[116,F,0.648258,00000001,64.8258,X]
[117,F,0.651188,00000001,65.1188,X]
[118,F,0.657047,00000001,65.7047,X]
[50,F,0.661942,00100000,66.1942,X]
[31,F,0.662831,01000000,66.2831,X]
[60,F,0.663895,00010000,66.3895,X]
[61,F,0.689286,00010000,68.9286,X]
[101,F,0.691227,00000010,69.1227,X]
[102,F,0.692203,00000010,69.2203,X]
[87,F,0.693917,00001100,69.3917,X]
[103,F,0.694156,00000010,69.4156,X]
[51,F,0.695145,00100000,69.5145,X]
[52,F,0.701005,00100000,70.1005,X]
[62,F,0.717606,00010000,71.7606,X]
[32,F,0.718495,01000000,71.8495,X]
[53,F,0.733231,00100000,73.3231,X]
[63,F,0.733231,00010000,73.3231,X]
[104,F,0.740055,00000010,74.0055,X]
[54,F,0.741044,00100000,74.1044,X]
[105,F,0.742984,00000010,74.2984,X]
[119,F,0.745914,00000001,74.5914,X]
[33,F,0.747792,01000000,74.7792,X]
[34,F,0.748769,01000000,74.8769,X]
[106,F,0.760563,00000010,76.0563,X]
[64,F,0.774247,00010000,77.4247,X]
[107,F,0.775211,00000010,77.5211,X]
[108,F,0.779117,00000010,77.9117,X]
[55,F,0.782059,00100000,78.2059,X]
[109,F,0.794742,00000010,79.4742,X]
[35,F,0.79662,01000000,79.662,X]
[88,F,0.804269,00001100,80.4269,X]
[65,F,0.80745,00010000,80.745,X]
[36,F,0.820058,01000000,82.0058,X]
[89,F,0.82087,00001100,82.087,X]
[90,F,0.821847,00001100,82.1847,X]
[20,F,0.825917,10000000,82.5917,X]
[95,F,0.839595,00000100,83.9595,X]
[110,F,0.839664,00000010,83.9664,X]
[96,F,0.843502,00000100,84.3502,X]
[21,F,0.848378,10000000,84.8378,X]
[56,F,0.850419,00100000,85.0419,X]
[66,F,0.854325,00010000,85.4325,X]
[111,F,0.860172,00000010,86.0172,X]
[57,F,0.861161,00100000,86.1161,X]
[97,F,0.863033,00000100,86.3033,X]
[67,F,0.86702,00010000,86.702,X]
[91,F,0.885494,00001000,88.5494,X]
[37,F,0.887441,01000000,88.7441,X]
[120,F,0.887516,00000001,88.7516,X]
[58,F,0.892411,00100000,89.2411,X]
[92,F,0.899166,00001000,89.9166,X]
[93,F,0.900142,00001000,90.0142,X]
[68,F,0.902177,00010000,90.2177,X]
[112,F,0.903141,00000010,90.3141,X]
[94,F,0.907955,00001000,90.7955,X]
[121,F,0.929508,00000001,92.9508,X]
[122,F,0.94025,00000001,94.025,X]
[113,F,0.948063,00000010,94.8063,X]
[69,F,0.950028,00010000,95.0028,X]
[114,F,0.951969,00000010,95.1969,X]
[38,F,0.957753,01000000,95.7753,X]
[22,F,0.960683,10000000,96.0683,X]
[98,F,0.968502,00000100,96.8502,X]
[59,F,0.969559,00100000,96.9559,X]
[23,F,0.974355,10000000,97.4355,X]
[39,F,0.989003,01000000,98.9003,X]
[99,F,0.989986,00000100,98.9986,X]
GUIDE_TREE_PARTITION1=(((t1:66.92,t2:66.92):2.52,(t3:34.88,t4:34.88):34.56):30.56,((t5:17.31,t6:17.31):25.31,(t7:40.35,t8:40.35):2.27):57.38);
