Taxa bit representation:
t1 10000000
t2 01000000
t3 00100000
t4 00010000
t5 00001000
t6 00000100
t7 00000010
t8 00000001
Clade List (<taxon members> = <clade name>): 

>Dataset_0
[8,F,0.0478516,00000011,4.78516,X]
[0,F,0.143566,11110000,14.3566,X]
[9,F,0.193359,00000011,19.3359,X]
[7,F,0.200547,00000100,20.0547,X]
[10,F,0.246094,00000011,24.6094,X]
[11,F,0.413086,00000011,41.3086,X]
[1,F,0.463878,11110000,46.3878,X]
[2,F,0.491222,11110000,49.1222,X]
[12,F,0.649414,00000011,64.9414,X]
[13,F,0.693359,00000011,69.3359,X]
[3,F,0.736339,11110000,73.6339,X]
[14,F,0.794706,00000010,79.4706,X]
[5,F,0.825005,00010000,82.5005,X]
[16,F,0.834745,00000001,83.4745,X]
[6,F,0.859184,00010000,85.9184,X]
[17,F,0.868925,00000001,86.8925,X]
[4,F,0.901613,00100000,90.1613,X]
[15,F,0.999784,00000010,99.9784,X]
GUIDE_TREE_PARTITION1=(((((t1:0.85,t2:0.85):9.77,t3:10.62):11.86,t4:22.48):76.64,(t5:98.5,t6:98.5):0.62):0.88,(t7:20.92,t8:20.92):79.08);
