Taxa bit representation:
t1 10000000
t2 01000000
t3 00100000
t4 00010000
t5 00001000
t6 00000100
t7 00000010
t8 00000001
Clade List (<taxon members> = <clade name>): 

>Dataset_0
[21,F,0.0126953,00000011,1.26953,X]
[0,F,0.0527344,11111100,5.27344,X]
[22,F,0.0732422,00000011,7.32422,X]
[23,F,0.113281,00000011,11.3281,X]
[24,F,0.121094,00000011,12.1094,X]
[1,F,0.182617,11111100,18.2617,X]
[25,F,0.204102,00000011,20.4102,X]
[26,F,0.267578,00000011,26.7578,X]
[27,F,0.272461,00000011,27.2461,X]
[2,F,0.27832,11111100,27.832,X]
[3,F,0.431089,11110000,43.1089,X]
[4,F,0.447691,11110000,44.7691,X]
[28,F,0.534745,00000010,53.4745,X]
[29,F,0.575761,00000010,57.5761,X]
[36,F,0.588456,00000001,58.8456,X]
[30,F,0.590409,00000010,59.0409,X]
[5,F,0.6074,11100000,60.74,X]
[17,F,0.610777,00001100,61.0777,X]
[6,F,0.614236,11100000,61.4236,X]
[37,F,0.648027,00000001,64.8027,X]
[31,F,0.690995,00000010,69.0995,X]
[7,F,0.717208,11000000,71.7208,X]
[38,F,0.754472,00000001,75.4472,X]
[32,F,0.787675,00000010,78.7675,X]
[39,F,0.805253,00000001,80.5253,X]
[18,F,0.822691,00001100,82.2691,X]
[19,F,0.855894,00001100,85.5894,X]
[8,F,0.857367,10000000,85.7367,X]
[33,F,0.864823,00000010,86.4823,X]
[14,F,0.872048,00010000,87.2048,X]
[9,F,0.879828,01000000,87.9828,X]
[10,F,0.902289,01000000,90.2289,X]
[40,F,0.909745,00000001,90.9745,X]
[34,F,0.913652,00000010,91.3652,X]
[20,F,0.924716,00000100,92.4716,X]
[13,F,0.936934,00100000,93.6934,X]
[11,F,0.941352,01000000,94.1352,X]
[15,F,0.953103,00010000,95.3103,X]
[16,F,0.957986,00010000,95.7986,X]
[12,F,0.965766,01000000,96.5766,X]
[35,F,0.982011,00000010,98.2011,X]
[41,F,0.983964,00000001,98.3964,X]
GUIDE_TREE_PARTITION1=(((((t1:16.9,t2:16.9):13.43,t3:30.33):15.18,t4:45.51):12.26,(t5:11.63,t6:11.63):46.14):42.23,(t7:50.92,t8:50.92):49.08);
