Taxa bit representation:
t1 10000000
t2 01000000
t3 00100000
t4 00010000
t5 00001000
t6 00000100
t7 00000010
t8 00000001
Clade List (<taxon members> = <clade name>): 

>Dataset_0
[0,F,0.00683594,11110000,0.683594,X]
[1,F,0.0146484,11110000,1.46484,X]
[2,F,0.03125,11110000,3.125,X]
[3,F,0.0761719,11110000,7.61719,X]
[44,F,0.0888672,00001111,8.88672,X]
[4,F,0.0986328,11110000,9.86328,X]
[45,F,0.121094,00001111,12.1094,X]
[74,F,0.136836,00000011,13.6836,X]
[75,F,0.140742,00000011,14.0742,X]
[46,F,0.153438,00001100,15.3438,X]
[76,F,0.155391,00000011,15.5391,X]
[5,F,0.181641,11110000,18.1641,X]
[77,F,0.191523,00000011,19.1523,X]
[6,F,0.204102,11110000,20.4102,X]
[47,F,0.209102,00001100,20.9102,X]
[7,F,0.213867,11110000,21.3867,X]
[78,F,0.297969,00000011,29.7969,X]
[48,F,0.301875,00001100,30.1875,X]
[8,F,0.306641,11110000,30.6641,X]
[79,F,0.310664,00000011,31.0664,X]
[49,F,0.315547,00001100,31.5547,X]
[9,F,0.317383,11110000,31.7383,X]
[80,F,0.334102,00000011,33.4102,X]
[50,F,0.353633,00001100,35.3633,X]
[10,F,0.37793,11110000,37.793,X]
[11,F,0.380859,11110000,38.0859,X]
[51,F,0.385859,00001100,38.5859,X]
[12,F,0.392578,11110000,39.2578,X]
[81,F,0.41418,00000011,41.418,X]
[82,F,0.421016,00000011,42.1016,X]
[52,F,0.461055,00001100,46.1055,X]
[53,F,0.489375,00001100,48.9375,X]
[83,F,0.501094,00000011,50.1094,X]
[13,F,0.512695,11110000,51.2695,X]
[14,F,0.53418,11110000,53.418,X]
[15,F,0.545898,11110000,54.5898,X]
[16,F,0.556641,11110000,55.6641,X]
[84,F,0.574087,00000010,57.4087,X]
[17,F,0.630055,11000000,63.0055,X]
[95,F,0.638541,00000001,63.8541,X]
[54,F,0.672437,00001000,67.2437,X]
[18,F,0.674977,11000000,67.4977,X]
[85,F,0.684439,00000010,68.4439,X]
[86,F,0.685416,00000010,68.5416,X]
[55,F,0.701734,00001000,70.1734,X]
[29,F,0.703297,00110000,70.3297,X]
[19,F,0.707203,11000000,70.7203,X]
[30,F,0.710133,00110000,71.0133,X]
[96,F,0.720572,00000001,72.0572,X]
[56,F,0.732008,00001000,73.2008,X]
[66,F,0.737867,00000100,73.7867,X]
[87,F,0.740103,00000010,74.0103,X]
[31,F,0.757984,00110000,75.7984,X]
[57,F,0.762281,00001000,76.2281,X]
[20,F,0.762867,11000000,76.2867,X]
[58,F,0.766187,00001000,76.6187,X]
[21,F,0.769703,11000000,76.9703,X]
[22,F,0.773609,11000000,77.3609,X]
[59,F,0.774977,00001000,77.4977,X]
[97,F,0.775259,00000001,77.5259,X]
[88,F,0.779166,00000010,77.9166,X]
[67,F,0.785719,00000100,78.5719,X]
[32,F,0.791188,00110000,79.1188,X]
[98,F,0.794791,00000001,79.4791,X]
[99,F,0.79772,00000001,79.772,X]
[68,F,0.798414,00000100,79.8414,X]
[23,F,0.806813,11000000,80.6813,X]
[33,F,0.806813,00110000,80.6813,X]
[24,F,0.809742,11000000,80.9742,X]
[89,F,0.812369,00000010,81.2369,X]
[69,F,0.827711,00000100,82.7711,X]
[60,F,0.829664,00001000,82.9664,X]
[90,F,0.830923,00000010,83.0923,X]
[70,F,0.831617,00000100,83.1617,X]
[34,F,0.836109,00110000,83.6109,X]
[61,F,0.849195,00001000,84.9195,X]
[25,F,0.855641,11000000,85.5641,X]
[100,F,0.861197,00000001,86.1197,X]
[101,F,0.862173,00000001,86.2173,X]
[37,F,0.889089,00010000,88.9089,X]
[38,F,0.892019,00010000,89.2019,X]
[71,F,0.894117,00000100,89.4117,X]
[102,F,0.8944,00000001,89.44,X]
[62,F,0.897047,00001000,89.7047,X]
[72,F,0.899977,00000100,89.9977,X]
[39,F,0.910573,00010000,91.0573,X]
[40,F,0.91155,00010000,91.155,X]
[35,F,0.912527,00100000,91.2527,X]
[91,F,0.912955,00000010,91.2955,X]
[92,F,0.914908,00000010,91.4908,X]
[26,F,0.918141,11000000,91.8141,X]
[103,F,0.92858,00000001,92.858,X]
[63,F,0.938062,00001000,93.8062,X]
[41,F,0.941823,00010000,94.1823,X]
[73,F,0.948805,00000100,94.8805,X]
[27,F,0.951344,11000000,95.1344,X]
[64,F,0.955641,00001000,95.5641,X]
[42,F,0.966237,00010000,96.6238,X]
[28,F,0.967589,01000000,96.7589,X]
[36,F,0.969167,00100000,96.9167,X]
[104,F,0.979361,00000001,97.9361,X]
[93,F,0.982291,00000010,98.2291,X]
[105,F,0.982291,00000001,98.2291,X]
[43,F,0.983816,00010000,98.3816,X]
[94,F,0.984244,00000010,98.4244,X]
[65,F,0.986891,00001000,98.6891,X]
GUIDE_TREE_PARTITION1=(((t1:4.12,t2:4.12):34.73,(t3:11.97,t4:11.97):26.88):61.15,((t5:35.1,t6:35.1):51.9,(t7:48.06,t8:48.06):38.94):13);
