Taxa bit representation:
t1 10000000
t2 01000000
t3 00100000
t4 00010000
t5 00001000
t6 00000100
t7 00000010
t8 00000001
Clade List (<taxon members> = <clade name>): 

>Dataset_0
[0,F,0.0576172,11111110,5.76172,X]
[15,F,0.227539,00000001,22.7539,X]
[1,F,0.28665,11111100,28.665,X]
[12,F,0.357939,00000010,35.7939,X]
[2,F,0.390073,11111000,39.0073,X]
[11,F,0.442808,00000100,44.2808,X]
[7,F,0.708508,00010000,70.8508,X]
[6,F,0.777534,00100000,77.7534,X]
[13,F,0.784697,00000010,78.4697,X]
[8,F,0.884411,00001000,88.4411,X]
[14,F,0.904814,00000010,90.4814,X]
[3,F,0.931595,10000000,93.1595,X]
[9,F,0.970348,00001000,97.0348,X]
[5,F,0.9814,01000000,98.14,X]
[10,F,0.98695,00001000,98.695,X]
[4,F,0.999955,10000000,99.9955,X]
GUIDE_TREE_PARTITION1=(((((((t1:8.11,t2:8.11):19.41,t3:27.52):9.93,t4:37.45):4.48,t5:41.93):22.09,t6:64.02):29.19,t7:93.21):6.79,t8:100);
