Taxa bit representation:
t1 10000000
t2 01000000
t3 00100000
t4 00010000
t5 00001000
t6 00000100
t7 00000010
t8 00000001
Clade List (<taxon members> = <clade name>): 

>Dataset_0
[86,F,0.0166016,00000011,1.66016,X]
[0,F,0.0214844,11111100,2.14844,X]
[87,F,0.0253906,00000011,2.53906,X]
[88,F,0.0410156,00000011,4.10156,X]
[89,F,0.0458984,00000011,4.58984,X]
[90,F,0.0820312,00000011,8.20312,X]
[91,F,0.157227,00000011,15.7227,X]
[1,F,0.189453,11111100,18.9453,X]
[92,F,0.216797,00000011,21.6797,X]
[93,F,0.229492,00000011,22.9492,X]
[59,F,0.231272,00001100,23.1272,X]
[94,F,0.235352,00000011,23.5352,X]
[2,F,0.257639,11110000,25.7639,X]
[95,F,0.257812,00000011,25.7812,X]
[60,F,0.265452,00001100,26.5452,X]
[96,F,0.270508,00000011,27.0508,X]
[61,F,0.274241,00001100,27.4241,X]
[62,F,0.299631,00001100,29.9631,X]
[3,F,0.305491,11110000,30.5491,X]
[63,F,0.328928,00001100,32.8928,X]
[4,F,0.386545,11110000,38.6545,X]
[5,F,0.396311,11110000,39.6311,X]
[6,F,0.40217,11110000,40.217,X]
[64,F,0.406077,00001100,40.6077,X]
[97,F,0.408203,00000011,40.8203,X]
[98,F,0.417969,00000011,41.7969,X]
[99,F,0.418945,00000011,41.8945,X]
[7,F,0.428442,11100000,42.8442,X]
[8,F,0.436255,11100000,43.6255,X]
[9,F,0.443091,11100000,44.3091,X]
[100,F,0.447266,00000011,44.7266,X]
[65,F,0.448069,00001100,44.8069,X]
[10,F,0.479683,11000000,47.9683,X]
[39,F,0.4802,00010000,48.02,X]
[66,F,0.486155,00001100,48.6155,X]
[67,F,0.49592,00001100,49.592,X]
[101,F,0.498047,00000011,49.8047,X]
[40,F,0.509497,00010000,50.9497,X]
[41,F,0.520239,00010000,52.0239,X]
[42,F,0.522192,00010000,52.2192,X]
[43,F,0.567114,00010000,56.7114,X]
[11,F,0.567573,11000000,56.7573,X]
[68,F,0.571116,00001100,57.1116,X]
[27,F,0.581245,00100000,58.1245,X]
[44,F,0.583716,00010000,58.3716,X]
[75,F,0.585842,00000100,58.5842,X]
[45,F,0.587622,00010000,58.7622,X]
[102,F,0.592553,00000010,59.2553,X]
[111,F,0.59353,00000001,59.353,X]
[28,F,0.637886,00100000,63.7886,X]
[46,F,0.644262,00010000,64.4262,X]
[69,F,0.652248,00001000,65.2248,X]
[29,F,0.661323,00100000,66.1323,X]
[12,F,0.6623,11000000,66.23,X]
[47,F,0.665747,00010000,66.5747,X]
[76,F,0.67178,00000100,67.178,X]
[112,F,0.672631,00000001,67.2631,X]
[113,F,0.673608,00000001,67.3608,X]
[48,F,0.674536,00010000,67.4536,X]
[30,F,0.675972,00100000,67.5972,X]
[31,F,0.678902,00100000,67.8902,X]
[103,F,0.680444,00000010,68.0444,X]
[104,F,0.68728,00000010,68.728,X]
[49,F,0.691137,00010000,69.1137,X]
[32,F,0.708198,00100000,70.8198,X]
[13,F,0.712105,11000000,71.2105,X]
[77,F,0.720608,00000100,72.0608,X]
[114,F,0.722436,00000001,72.2436,X]
[78,F,0.739162,00000100,73.9162,X]
[115,F,0.747827,00000001,74.7827,X]
[105,F,0.74978,00000010,74.978,X]
[14,F,0.751167,11000000,75.1167,X]
[15,F,0.757027,11000000,75.7027,X]
[16,F,0.778511,11000000,77.8511,X]
[33,F,0.779487,00100000,77.9488,X]
[79,F,0.786037,00000100,78.6037,X]
[116,F,0.786889,00000001,78.6889,X]
[106,F,0.788842,00000010,78.8842,X]
[80,F,0.798733,00000100,79.8733,X]
[50,F,0.808325,00010000,80.8325,X]
[81,F,0.817287,00000100,81.7287,X]
[22,F,0.823019,01000000,82.3019,X]
[34,F,0.829292,00100000,82.9292,X]
[35,F,0.838081,00100000,83.8081,X]
[51,F,0.849341,00010000,84.9341,X]
[23,F,0.855245,01000000,85.5245,X]
[82,F,0.855373,00000100,85.5373,X]
[24,F,0.861105,01000000,86.1105,X]
[52,F,0.862036,00010000,86.2036,X]
[83,F,0.862209,00000100,86.2209,X]
[107,F,0.863061,00000010,86.3061,X]
[84,F,0.882717,00000100,88.2717,X]
[108,F,0.886498,00000010,88.6498,X]
[17,F,0.887472,10000000,88.7472,X]
[70,F,0.899319,00001000,89.9319,X]
[85,F,0.902248,00000100,90.2248,X]
[53,F,0.903052,00010000,90.3052,X]
[18,F,0.914816,10000000,91.4816,X]
[25,F,0.915792,01000000,91.5792,X]
[117,F,0.916772,00000001,91.6772,X]
[118,F,0.922631,00000001,92.2631,X]
[71,F,0.926662,00001000,92.6662,X]
[109,F,0.930444,00000010,93.0444,X]
[54,F,0.931372,00010000,93.1372,X]
[55,F,0.933325,00010000,93.3325,X]
[56,F,0.937231,00010000,93.7231,X]
[119,F,0.941186,00000001,94.1186,X]
[110,F,0.948998,00000010,94.8998,X]
[57,F,0.95188,00010000,95.188,X]
[120,F,0.951928,00000001,95.1928,X]
[19,F,0.954855,10000000,95.4855,X]
[20,F,0.956808,10000000,95.6808,X]
[72,F,0.959866,00001000,95.9866,X]
[58,F,0.972387,00010000,97.2387,X]
[73,F,0.973537,00001000,97.3537,X]
[36,F,0.973823,00100000,97.3823,X]
[21,F,0.975362,10000000,97.5362,X]
[26,F,0.978292,01000000,97.8292,X]
[37,F,0.981636,00100000,98.1636,X]
[74,F,0.987209,00001000,98.7209,X]
[38,F,0.997261,00100000,99.7261,X]
GUIDE_TREE_PARTITION1=(((((t1:18.87,t2:18.87):33.65,t3:52.52):5.71,t4:58.23):20.01,(t5:42.49,t6:42.49):35.75):21.76,(t7:40.94,t8:40.94):59.06);
