Taxa bit representation:
t1 10000000
t2 01000000
t3 00100000
t4 00010000
t5 00001000
t6 00000100
t7 00000010
t8 00000001
Clade List (<taxon members> = <clade name>): 

>Dataset_0
[0,F,0.0566406,11111100,5.66406,X]
[46,F,0.170753,00000001,17.0753,X]
[24,F,0.178067,00001100,17.8067,X]
[39,F,0.291847,00000010,29.1847,X]
[47,F,0.305519,00000001,30.5519,X]
[1,F,0.389981,11110000,38.9981,X]
[40,F,0.394386,00000010,39.4386,X]
[48,F,0.403175,00000001,40.3175,X]
[34,F,0.417089,00000100,41.7089,X]
[41,F,0.417823,00000010,41.7823,X]
[35,F,0.424902,00000100,42.4902,X]
[49,F,0.436378,00000001,43.6378,X]
[25,F,0.496191,00001000,49.6191,X]
[2,F,0.497403,11110000,49.7403,X]
[26,F,0.527441,00001000,52.7441,X]
[3,F,0.527702,11100000,52.7702,X]
[17,F,0.578483,00010000,57.8483,X]
[4,F,0.585319,11100000,58.5319,X]
[18,F,0.590202,00010000,59.0202,X]
[50,F,0.598488,00000001,59.8488,X]
[27,F,0.599706,00001000,59.9706,X]
[28,F,0.613378,00001000,61.3378,X]
[29,F,0.636816,00001000,63.6816,X]
[51,F,0.643409,00000001,64.3409,X]
[19,F,0.643912,00010000,64.3912,X]
[5,F,0.651725,11100000,65.1725,X]
[42,F,0.66587,00000010,66.587,X]
[52,F,0.698097,00000001,69.8097,X]
[30,F,0.700292,00001000,70.0292,X]
[31,F,0.711034,00001000,71.1034,X]
[43,F,0.711769,00000010,71.1769,X]
[14,F,0.717239,00100000,71.7239,X]
[15,F,0.725052,00100000,72.5052,X]
[53,F,0.726417,00000001,72.6417,X]
[54,F,0.749855,00000001,74.9855,X]
[20,F,0.751334,00010000,75.1334,X]
[32,F,0.757909,00001000,75.7909,X]
[21,F,0.765006,00010000,76.5006,X]
[44,F,0.795753,00000010,79.5753,X]
[6,F,0.797078,10000000,79.7078,X]
[22,F,0.799186,00010000,79.9186,X]
[16,F,0.809036,00100000,80.9036,X]
[11,F,0.811727,01000000,81.1727,X]
[12,F,0.818563,01000000,81.8563,X]
[7,F,0.828328,10000000,82.8328,X]
[45,F,0.833839,00000010,83.3839,X]
[23,F,0.848991,00010000,84.8991,X]
[33,F,0.873144,00001000,87.3144,X]
[36,F,0.882909,00000100,88.2909,X]
[37,F,0.885839,00000100,88.5839,X]
[13,F,0.929891,01000000,92.9891,X]
[8,F,0.931844,10000000,93.1844,X]
[55,F,0.963722,00000001,96.3722,X]
[9,F,0.971883,10000000,97.1883,X]
[10,F,0.986531,10000000,98.6531,X]
[38,F,0.993261,00000100,99.3261,X]
GUIDE_TREE_PARTITION1=(((((t1:28.3,t2:28.3):3.98,t3:32.28):16.61,t4:48.89):42.19,(t5:71.67,t6:71.67):19.41):8.92,(t7:83.12,t8:83.12):16.88);
