Taxa bit representation:
t1 10000000
t2 01000000
t3 00100000
t4 00010000
t5 00001000
t6 00000100
t7 00000010
t8 00000001
Clade List (<taxon members> = <clade name>): 

>Dataset_0
[43,F,0.0117187,00001111,1.17187,X]
[0,F,0.0136719,11110000,1.36719,X]
[44,F,0.0185547,00001111,1.85547,X]
[1,F,0.046875,11110000,4.6875,X]
[45,F,0.0537109,00001111,5.37109,X]
[46,F,0.0605469,00001111,6.05469,X]
[2,F,0.0810547,11110000,8.10547,X]
[3,F,0.148437,11110000,14.8437,X]
[4,F,0.169922,11110000,16.9922,X]
[47,F,0.172852,00001111,17.2852,X]
[48,F,0.207031,00001111,20.7031,X]
[49,F,0.208008,00001111,20.8008,X]
[50,F,0.22168,00001111,22.168,X]
[64,F,0.259542,00000011,25.9542,X]
[65,F,0.263448,00000011,26.3448,X]
[66,F,0.28298,00000011,28.298,X]
[51,F,0.285909,00001100,28.5909,X]
[52,F,0.315206,00001100,31.5206,X]
[5,F,0.354492,11110000,35.4492,X]
[53,F,0.374777,00001100,37.4777,X]
[6,F,0.385742,11110000,38.5742,X]
[54,F,0.390402,00001100,39.0402,X]
[67,F,0.403097,00000011,40.3097,X]
[55,F,0.406027,00001100,40.6027,X]
[7,F,0.40918,11110000,40.918,X]
[68,F,0.413839,00000011,41.3839,X]
[8,F,0.470703,11110000,47.0703,X]
[69,F,0.471456,00000011,47.1456,X]
[9,F,0.485352,11110000,48.5352,X]
[70,F,0.499777,00000011,49.9777,X]
[10,F,0.530273,11110000,53.0273,X]
[71,F,0.540792,00000011,54.0792,X]
[11,F,0.55957,11110000,55.957,X]
[72,F,0.5613,00000011,56.13,X]
[12,F,0.578125,11110000,57.8125,X]
[73,F,0.591573,00000011,59.1573,X]
[74,F,0.603292,00000011,60.3292,X]
[75,F,0.622823,00000011,62.2823,X]
[56,F,0.631612,00001100,63.1612,X]
[57,F,0.641378,00001100,64.1378,X]
[58,F,0.65212,00001100,65.212,X]
[13,F,0.666016,11110000,66.6016,X]
[14,F,0.674805,11110000,67.4805,X]
[76,F,0.710714,00000011,71.0714,X]
[15,F,0.722656,11110000,72.2656,X]
[77,F,0.725362,00000011,72.5362,X]
[16,F,0.754883,11110000,75.4883,X]
[78,F,0.760519,00000011,76.0519,X]
[30,F,0.770836,00110000,77.0836,X]
[79,F,0.775167,00000011,77.5167,X]
[17,F,0.786461,11000000,78.6461,X]
[59,F,0.796652,00001100,79.6652,X]
[80,F,0.796652,00000011,79.6652,X]
[31,F,0.807191,00100000,80.7191,X]
[18,F,0.807512,10000000,80.7512,X]
[25,F,0.814348,01000000,81.4348,X]
[38,F,0.816956,00010000,81.6956,X]
[32,F,0.816956,00100000,81.6956,X]
[60,F,0.819112,00001100,81.9112,X]
[19,F,0.829973,10000000,82.9973,X]
[39,F,0.830628,00010000,83.0628,X]
[26,F,0.835833,01000000,83.5833,X]
[61,F,0.837667,00001100,83.7667,X]
[33,F,0.857972,00100000,85.7972,X]
[27,F,0.85927,01000000,85.927,X]
[34,F,0.873597,00100000,87.3597,X]
[35,F,0.887269,00100000,88.7269,X]
[28,F,0.902239,01000000,90.2239,X]
[20,F,0.913958,10000000,91.3958,X]
[29,F,0.919817,01000000,91.9817,X]
[36,F,0.922425,00100000,92.2425,X]
[62,F,0.922628,00001100,92.2628,X]
[40,F,0.931214,00010000,93.1214,X]
[81,F,0.954855,00000011,95.4855,X]
[21,F,0.95888,10000000,95.888,X]
[22,F,0.962786,10000000,96.2786,X]
[63,F,0.969861,00000100,96.9861,X]
[23,F,0.973528,10000000,97.3528,X]
[41,F,0.976136,00010000,97.6136,X]
[82,F,0.979269,00000011,97.9269,X]
[24,F,0.981341,10000000,98.1341,X]
[37,F,0.985902,00100000,98.5902,X]
[42,F,0.988831,00010000,98.8831,X]
GUIDE_TREE_PARTITION1=(((t1:20.03,t2:20.03):3.57,(t3:21.82,t4:21.82):1.78):76.4,((t5:5.26,t6:5.26):69.86,(t7:0.86,t8:0.86):74.26):24.88);
