Taxa bit representation:
t1 10000000
t2 01000000
t3 00100000
t4 00010000
t5 00001000
t6 00000100
t7 00000010
t8 00000001
Clade List (<taxon members> = <clade name>): 

>Dataset_0
[0,F,0.107422,11111100,10.7422,X]
[4,F,0.164486,00001100,16.4486,X]
[1,F,0.307064,11110000,30.7064,X]
[5,F,0.351009,00001100,35.1009,X]
[9,F,0.370117,00000011,37.0117,X]
[2,F,0.455225,11100000,45.5225,X]
[6,F,0.717183,00000100,71.7183,X]
[3,F,0.915186,00010000,91.5186,X]
[7,F,0.969136,00000100,96.9136,X]
[10,F,0.976066,00000001,97.6066,X]
[8,F,0.99062,00000100,99.062,X]
GUIDE_TREE_PARTITION1=(((((t1:0.5,t2:0.5):23.28,t3:23.78):44.76,t4:68.54):18.82,(t5:28.77,t6:28.77):58.59):12.64,(t7:34.62,t8:34.62):65.38);
