Taxa bit representation:
t1 10000000
t2 01000000
t3 00100000
t4 00010000
t5 00001000
t6 00000100
t7 00000010
t8 00000001
Clade List (<taxon members> = <clade name>): 

>Dataset_0
[0,F,0.00683594,11111100,0.683594,X]
[45,F,0.0878906,00000011,8.78906,X]
[46,F,0.0976562,00000011,9.76562,X]
[1,F,0.150047,11100000,15.0047,X]
[27,F,0.160437,00001100,16.0437,X]
[47,F,0.173828,00000011,17.3828,X]
[48,F,0.186523,00000011,18.6523,X]
[17,F,0.197898,00010000,19.7898,X]
[28,F,0.217078,00001100,21.7078,X]
[2,F,0.223289,11100000,22.3289,X]
[29,F,0.29325,00001100,29.325,X]
[49,F,0.305664,00000011,30.5664,X]
[38,F,0.311759,00000100,31.1759,X]
[30,F,0.357658,00001000,35.7658,X]
[31,F,0.359611,00001000,35.9611,X]
[18,F,0.375633,00010000,37.5633,X]
[50,F,0.398437,00000011,39.8437,X]
[19,F,0.518211,00010000,51.8211,X]
[39,F,0.526603,00000100,52.6603,X]
[3,F,0.52718,11000000,52.718,X]
[4,F,0.550617,11000000,55.0617,X]
[51,F,0.592773,00000011,59.2773,X]
[20,F,0.595359,00010000,59.5359,X]
[12,F,0.644367,00100000,64.4367,X]
[21,F,0.653953,00010000,65.3953,X]
[40,F,0.67797,00000100,67.797,X]
[5,F,0.696125,11000000,69.6125,X]
[22,F,0.699852,00010000,69.9852,X]
[52,F,0.722656,00000011,72.2656,X]
[32,F,0.726798,00001000,72.6798,X]
[33,F,0.731681,00001000,73.1681,X]
[34,F,0.736564,00001000,73.6564,X]
[41,F,0.74047,00000100,74.047,X]
[23,F,0.757469,00010000,75.7469,X]
[24,F,0.759422,00010000,75.9422,X]
[42,F,0.77465,00000100,77.465,X]
[35,F,0.789298,00001000,78.9298,X]
[25,F,0.804344,00010000,80.4344,X]
[9,F,0.846242,01000000,84.6242,X]
[36,F,0.849845,00001000,84.9845,X]
[13,F,0.853352,00100000,85.3352,X]
[53,F,0.856409,00000010,85.6409,X]
[26,F,0.860008,00010000,86.0008,X]
[6,F,0.86382,10000000,86.382,X]
[14,F,0.869953,00100000,86.9953,X]
[10,F,0.898977,01000000,89.8977,X]
[43,F,0.913322,00000100,91.3322,X]
[44,F,0.916252,00000100,91.6252,X]
[54,F,0.933558,00000010,93.3558,X]
[37,F,0.936759,00001000,93.6759,X]
[15,F,0.940266,00100000,94.0266,X]
[7,F,0.945852,10000000,94.5852,X]
[16,F,0.956867,00100000,95.6867,X]
[8,F,0.975148,10000000,97.5148,X]
[11,F,0.981008,01000000,98.1008,X]
GUIDE_TREE_PARTITION1=(((((t1:22.7,t2:22.7):28,t3:50.7):40.35,t4:91.05):1.5,(t5:69.41,t6:69.41):23.14):7.45,(t7:18.07,t8:18.07):81.93);
