Taxa bit representation:
t1 10000000
t2 01000000
t3 00100000
t4 00010000
t5 00001000
t6 00000100
t7 00000010
t8 00000001
Clade List (<taxon members> = <clade name>): 

>Dataset_0
[0,F,0.0146484,11110000,1.46484,X]
[1,F,0.0859375,11110000,8.59375,X]
[7,F,0.138672,00001111,13.8672,X]
[8,F,0.291992,00001111,29.1992,X]
[2,F,0.54795,10000000,54.795,X]
[5,F,0.589942,01000000,58.9942,X]
[11,F,0.675573,00000011,67.5573,X]
[3,F,0.798927,10000000,79.8927,X]
[6,F,0.802813,00100000,80.2812,X]
[10,F,0.805689,00000100,80.5689,X]
[9,F,0.884791,00001000,88.4791,X]
[4,F,0.918067,10000000,91.8067,X]
GUIDE_TREE_PARTITION1=(((t1:54.58,t2:54.58):7.14,(t3:33,t4:33):28.72):38.28,((t5:20.31,t6:20.31):15.16,(t7:11.7,t8:11.7):23.77):64.53);
