Taxa bit representation:
t1 10000000
t2 01000000
t3 00100000
t4 00010000
t5 00001000
t6 00000100
t7 00000010
t8 00000001
Clade List (<taxon members> = <clade name>): 

>Dataset_0
[0,F,0.00390625,11111100,0.390625,X]
[96,F,0.0166016,00000011,1.66016,X]
[97,F,0.0400391,00000011,4.00391,X]
[1,F,0.0644531,11111100,6.44531,X]
[2,F,0.0703125,11111100,7.03125,X]
[3,F,0.110352,11111100,11.0352,X]
[4,F,0.147461,11111100,14.7461,X]
[5,F,0.15918,11111100,15.918,X]
[98,F,0.179687,00000011,17.9687,X]
[6,F,0.18892,11110000,18.892,X]
[99,F,0.204102,00000011,20.4102,X]
[7,F,0.224372,11100000,22.4372,X]
[51,F,0.243903,00010000,24.3903,X]
[52,F,0.248786,00010000,24.8786,X]
[8,F,0.254645,11100000,25.4645,X]
[53,F,0.27027,00010000,27.027,X]
[100,F,0.279297,00000011,27.9297,X]
[101,F,0.289062,00000011,28.9062,X]
[102,F,0.307617,00000011,30.7617,X]
[9,F,0.311286,11100000,31.1286,X]
[10,F,0.322028,11100000,32.2028,X]
[103,F,0.352539,00000011,35.2539,X]
[11,F,0.355231,11100000,35.5231,X]
[12,F,0.36402,11100000,36.402,X]
[54,F,0.36402,00010000,36.402,X]
[13,F,0.378669,11100000,37.8669,X]
[104,F,0.40332,00000011,40.332,X]
[14,F,0.406989,11100000,40.6989,X]
[73,F,0.418555,00001000,41.8555,X]
[105,F,0.43457,00000011,43.457,X]
[15,F,0.448981,11100000,44.8981,X]
[55,F,0.455817,00010000,45.5817,X]
[74,F,0.461523,00001000,46.1523,X]
[106,F,0.463867,00000011,46.3867,X]
[84,F,0.470312,00000100,47.0312,X]
[85,F,0.473242,00000100,47.3242,X]
[16,F,0.478278,11100000,47.8278,X]
[107,F,0.478516,00000011,47.8516,X]
[108,F,0.49707,00000011,49.707,X]
[56,F,0.502692,00010000,50.2692,X]
[75,F,0.508398,00001000,50.8398,X]
[109,F,0.512695,00000011,51.2695,X]
[17,F,0.515387,11100000,51.5387,X]
[18,F,0.517341,11100000,51.7341,X]
[57,F,0.5232,00010000,52.32,X]
[86,F,0.530859,00000100,53.0859,X]
[58,F,0.537848,00010000,53.7848,X]
[19,F,0.547614,11100000,54.7614,X]
[20,F,0.548591,11100000,54.8591,X]
[110,F,0.549805,00000011,54.9805,X]
[59,F,0.552497,00010000,55.2497,X]
[60,F,0.564216,00010000,56.4216,X]
[111,F,0.572266,00000011,57.2266,X]
[61,F,0.581794,00010000,58.1794,X]
[62,F,0.583747,00010000,58.3747,X]
[21,F,0.599372,11100000,59.9372,X]
[63,F,0.612067,00010000,61.2067,X]
[87,F,0.614844,00000100,61.4844,X]
[76,F,0.630469,00001000,63.0469,X]
[88,F,0.632422,00000100,63.2422,X]
[112,F,0.638672,00000011,63.8672,X]
[64,F,0.642341,00010000,64.2341,X]
[77,F,0.643164,00001000,64.3164,X]
[78,F,0.653906,00001000,65.3906,X]
[65,F,0.656012,00010000,65.6012,X]
[113,F,0.664062,00000011,66.4062,X]
[37,F,0.666152,00100000,66.6152,X]
[38,F,0.679823,00100000,67.9823,X]
[22,F,0.684706,11000000,68.4706,X]
[79,F,0.686133,00001000,68.6133,X]
[114,F,0.695312,00000011,69.5312,X]
[115,F,0.698242,00000011,69.8242,X]
[89,F,0.699805,00000100,69.9805,X]
[90,F,0.700781,00000100,70.0781,X]
[23,F,0.713027,11000000,71.3027,X]
[80,F,0.720313,00001000,72.0312,X]
[91,F,0.733008,00000100,73.3008,X]
[92,F,0.739844,00000100,73.9844,X]
[81,F,0.74668,00001000,74.668,X]
[66,F,0.747809,00010000,74.7809,X]
[93,F,0.749609,00000100,74.9609,X]
[39,F,0.754042,00100000,75.4042,X]
[24,F,0.767714,11000000,76.7714,X]
[25,F,0.77162,11000000,77.162,X]
[82,F,0.774023,00001000,77.4023,X]
[116,F,0.782227,00000011,78.2227,X]
[40,F,0.785292,00100000,78.5292,X]
[67,F,0.788825,00010000,78.8825,X]
[117,F,0.794922,00000011,79.4922,X]
[41,F,0.811659,00100000,81.1659,X]
[26,F,0.817519,11000000,81.7519,X]
[42,F,0.827284,00100000,82.7284,X]
[68,F,0.847419,00010000,84.7419,X]
[43,F,0.859511,00100000,85.9511,X]
[69,F,0.86402,00010000,86.402,X]
[70,F,0.86695,00010000,86.695,X]
[44,F,0.867323,00100000,86.7323,X]
[45,F,0.870253,00100000,87.0253,X]
[71,F,0.870856,00010000,87.0856,X]
[83,F,0.879492,00001000,87.9492,X]
[118,F,0.885058,00000010,88.5058,X]
[32,F,0.885366,01000000,88.5366,X]
[121,F,0.886034,00000001,88.6034,X]
[27,F,0.888295,10000000,88.8295,X]
[94,F,0.900977,00000100,90.0977,X]
[33,F,0.901967,01000000,90.1967,X]
[46,F,0.90248,00100000,90.248,X]
[47,F,0.904433,00100000,90.4433,X]
[28,F,0.904897,10000000,90.4897,X]
[119,F,0.911425,00000010,91.1425,X]
[48,F,0.916152,00100000,91.6152,X]
[34,F,0.931264,01000000,93.1264,X]
[35,F,0.9381,01000000,93.81,X]
[120,F,0.943652,00000010,94.3652,X]
[29,F,0.956655,10000000,95.6655,X]
[49,F,0.961073,00100000,96.1073,X]
[72,F,0.978278,00010000,97.8278,X]
[95,F,0.983008,00000100,98.3008,X]
[30,F,0.983022,10000000,98.3022,X]
[31,F,0.983998,10000000,98.3998,X]
[36,F,0.985952,01000000,98.5952,X]
[50,F,0.9933,00100000,99.33,X]
GUIDE_TREE_PARTITION1=(((((t1:12.44,t2:12.44):25.73,t3:38.17):40.76,t4:78.93):5.01,(t5:60,t6:60):23.94):16.06,(t7:16.67,t8:16.67):83.33);
