Taxa bit representation:
t1 10000000
t2 01000000
t3 00100000
t4 00010000
t5 00001000
t6 00000100
t7 00000010
t8 00000001
Clade List (<taxon members> = <clade name>): 

>Dataset_0
[0,F,0.0791016,11110000,7.91016,X]
[7,F,0.212891,00001111,21.2891,X]
[15,F,0.237261,00000011,23.7261,X]
[8,F,0.3143,00001000,31.43,X]
[16,F,0.369097,00000011,36.9097,X]
[10,F,0.399261,00000100,39.9261,X]
[1,F,0.495369,11000000,49.5369,X]
[9,F,0.56137,00001000,56.137,X]
[17,F,0.565386,00000011,56.5386,X]
[11,F,0.596527,00000100,59.6527,X]
[12,F,0.615081,00000100,61.5081,X]
[2,F,0.635017,11000000,63.5017,X]
[3,F,0.67408,11000000,67.408,X]
[5,F,0.755134,00110000,75.5134,X]
[4,F,0.784125,01000000,78.4125,X]
[13,F,0.816253,00000100,81.6253,X]
[18,F,0.841652,00000001,84.1652,X]
[6,F,0.863533,00110000,86.3533,X]
[19,F,0.941261,00000001,94.1261,X]
[14,F,0.979339,00000100,97.9339,X]
GUIDE_TREE_PARTITION1=(((t1:23.15,t2:23.15):31.61,(t3:3.63,t4:3.63):51.13):45.24,((t5:74.82,t6:74.82):3.7,(t7:33.12,t8:33.12):45.4):21.48);
