Taxa bit representation:
t1 10000000
t2 01000000
t3 00100000
t4 00010000
t5 00001000
t6 00000100
t7 00000010
t8 00000001
Clade List (<taxon members> = <clade name>): 

>Dataset_0
[26,F,0.0195312,00001111,1.95312,X]
[0,F,0.0281828,11000000,2.81828,X]
[27,F,0.0449219,00001111,4.49219,X]
[12,F,0.0535734,00110000,5.35734,X]
[38,F,0.0702187,00000011,7.02187,X]
[1,F,0.0867766,11000000,8.67766,X]
[2,F,0.103378,11000000,10.3378,X]
[3,F,0.112167,11000000,11.2167,X]
[4,F,0.125839,11000000,12.5839,X]
[13,F,0.160019,00110000,16.0019,X]
[28,F,0.168852,00001100,16.8852,X]
[5,F,0.186386,11000000,18.6386,X]
[29,F,0.224516,00001100,22.4516,X]
[6,F,0.254745,11000000,25.4745,X]
[30,F,0.272367,00001100,27.2367,X]
[31,F,0.303617,00001100,30.3617,X]
[7,F,0.317245,11000000,31.7245,X]
[32,F,0.319242,00001100,31.9242,X]
[14,F,0.362167,00110000,36.2167,X]
[33,F,0.396391,00001100,39.6391,X]
[15,F,0.3983,00110000,39.83,X]
[16,F,0.435655,00100000,43.5655,X]
[34,F,0.455961,00001100,45.5961,X]
[8,F,0.479355,11000000,47.9355,X]
[22,F,0.503038,00010000,50.3038,X]
[23,F,0.533311,00010000,53.3311,X]
[42,F,0.569434,00000001,56.9434,X]
[35,F,0.583891,00001100,58.3891,X]
[17,F,0.639756,00100000,63.9756,X]
[18,F,0.656358,00100000,65.6358,X]
[39,F,0.679786,00000010,67.9786,X]
[24,F,0.686631,00010000,68.6631,X]
[19,F,0.702256,00100000,70.2256,X]
[20,F,0.737413,00100000,73.7413,X]
[9,F,0.740097,11000000,74.0097,X]
[25,F,0.740342,00010000,74.0342,X]
[10,F,0.743027,11000000,74.3027,X]
[36,F,0.798734,00001100,79.8734,X]
[37,F,0.835844,00001100,83.5844,X]
[40,F,0.840919,00000010,84.0919,X]
[21,F,0.861436,00100000,86.1436,X]
[11,F,0.909025,10000000,90.9025,X]
[43,F,0.95127,00000001,95.127,X]
[41,F,0.986427,00000010,98.6427,X]
GUIDE_TREE_PARTITION1=(((t1:10.66,t2:10.66):87.01,(t3:58.29,t4:58.29):39.38):2.33,((t5:3.84,t6:3.84):90.31,(t7:73.33,t8:73.33):20.82):5.85);
