Taxa bit representation:
t1 10000000
t2 01000000
t3 00100000
t4 00010000
t5 00001000
t6 00000100
t7 00000010
t8 00000001
Clade List (<taxon members> = <clade name>): 

>Dataset_0
[110,F,0.0166016,00000001,1.66016,X]
[0,F,0.0361328,11111110,3.61328,X]
[1,F,0.0410156,11111110,4.10156,X]
[2,F,0.0527344,11111110,5.27344,X]
[111,F,0.0732422,00000001,7.32422,X]
[3,F,0.0800547,11111100,8.00547,X]
[4,F,0.124,11111100,12.4,X]
[112,F,0.170898,00000001,17.0898,X]
[71,F,0.182461,00000100,18.2461,X]
[72,F,0.201992,00000100,20.1992,X]
[90,F,0.238258,00000010,23.8258,X]
[91,F,0.242164,00000010,24.2164,X]
[54,F,0.256302,00001000,25.6302,X]
[92,F,0.258766,00000010,25.8766,X]
[93,F,0.269508,00000010,26.9508,X]
[73,F,0.270352,00000100,27.0352,X]
[55,F,0.282669,00001000,28.2669,X]
[94,F,0.301734,00000010,30.1734,X]
[113,F,0.325195,00000001,32.5195,X]
[114,F,0.327148,00000001,32.7148,X]
[74,F,0.327969,00000100,32.7969,X]
[5,F,0.332134,11100000,33.2134,X]
[75,F,0.334805,00000100,33.4805,X]
[56,F,0.354934,00001000,35.4934,X]
[115,F,0.357422,00000001,35.7422,X]
[76,F,0.371914,00000100,37.1914,X]
[31,F,0.373953,00100000,37.3953,X]
[95,F,0.374,00000010,37.4,X]
[57,F,0.377395,00001000,37.7395,X]
[77,F,0.377773,00000100,37.7773,X]
[116,F,0.384766,00000001,38.4766,X]
[42,F,0.396587,00010000,39.6587,X]
[96,F,0.403297,00000010,40.3297,X]
[43,F,0.408306,00010000,40.8306,X]
[6,F,0.412039,11000000,41.2039,X]
[117,F,0.415039,00000001,41.5039,X]
[7,F,0.416922,11000000,41.6922,X]
[58,F,0.442825,00001000,44.2825,X]
[8,F,0.447195,11000000,44.7195,X]
[59,F,0.453567,00001000,45.3567,X]
[118,F,0.455078,00000001,45.5078,X]
[44,F,0.456158,00010000,45.6158,X]
[45,F,0.458111,00010000,45.8111,X]
[46,F,0.460064,00010000,46.0064,X]
[119,F,0.460938,00000001,46.0938,X]
[78,F,0.480313,00000100,48.0312,X]
[120,F,0.484375,00000001,48.4375,X]
[60,F,0.515091,00001000,51.5091,X]
[61,F,0.518997,00001000,51.8997,X]
[97,F,0.523414,00000010,52.3414,X]
[79,F,0.525234,00000100,52.5234,X]
[98,F,0.528297,00000010,52.8297,X]
[121,F,0.530273,00000001,53.0273,X]
[62,F,0.536575,00001000,53.6575,X]
[63,F,0.540481,00001000,54.0481,X]
[9,F,0.542898,11000000,54.2898,X]
[10,F,0.543875,11000000,54.3875,X]
[11,F,0.546805,11000000,54.6805,X]
[122,F,0.546875,00000001,54.6875,X]
[12,F,0.550711,11000000,55.0711,X]
[123,F,0.564453,00000001,56.4453,X]
[80,F,0.56918,00000100,56.918,X]
[99,F,0.570289,00000010,57.0289,X]
[13,F,0.571219,11000000,57.1219,X]
[47,F,0.574322,00010000,57.4322,X]
[48,F,0.585064,00010000,58.5064,X]
[14,F,0.589773,11000000,58.9773,X]
[32,F,0.594656,00100000,59.4656,X]
[64,F,0.597122,00001000,59.7122,X]
[15,F,0.597586,11000000,59.7586,X]
[124,F,0.601562,00000001,60.1562,X]
[33,F,0.602469,00100000,60.2469,X]
[34,F,0.613211,00100000,61.3211,X]
[100,F,0.620094,00000010,62.0094,X]
[125,F,0.620117,00000001,62.0117,X]
[35,F,0.631766,00100000,63.1766,X]
[126,F,0.635742,00000001,63.5742,X]
[65,F,0.638138,00001000,63.8137,X]
[16,F,0.638602,11000000,63.8602,X]
[17,F,0.642508,11000000,64.2508,X]
[18,F,0.651297,11000000,65.1297,X]
[36,F,0.661062,00100000,66.1063,X]
[101,F,0.666969,00000010,66.6969,X]
[102,F,0.667945,00000010,66.7945,X]
[49,F,0.675884,00010000,67.5884,X]
[127,F,0.694336,00000001,69.4336,X]
[19,F,0.695242,11000000,69.5242,X]
[128,F,0.705078,00000001,70.5078,X]
[103,F,0.71482,00000010,71.482,X]
[20,F,0.720633,11000000,72.0633,X]
[81,F,0.724453,00000100,72.4453,X]
[37,F,0.737234,00100000,73.7234,X]
[82,F,0.738125,00000100,73.8125,X]
[129,F,0.739258,00000001,73.9258,X]
[50,F,0.739361,00010000,73.9361,X]
[83,F,0.740078,00000100,74.0078,X]
[38,F,0.751883,00100000,75.1883,X]
[51,F,0.758892,00010000,75.8892,X]
[84,F,0.764492,00000100,76.4492,X]
[21,F,0.764578,11000000,76.4578,X]
[22,F,0.773367,11000000,77.3367,X]
[52,F,0.773541,00010000,77.3541,X]
[39,F,0.777273,00100000,77.7273,X]
[53,F,0.786236,00010000,78.6236,X]
[104,F,0.791969,00000010,79.1969,X]
[105,F,0.793922,00000010,79.3922,X]
[85,F,0.810391,00000100,81.0391,X]
[66,F,0.816848,00001000,81.6848,X]
[40,F,0.820242,00100000,82.0242,X]
[86,F,0.828945,00000100,82.8945,X]
[87,F,0.830898,00000100,83.0898,X]
[23,F,0.831955,10000000,83.1955,X]
[106,F,0.843727,00000010,84.3727,X]
[41,F,0.845633,00100000,84.5633,X]
[24,F,0.859298,10000000,85.9298,X]
[67,F,0.863723,00001000,86.3723,X]
[107,F,0.866187,00000010,86.6188,X]
[88,F,0.880703,00000100,88.0703,X]
[130,F,0.887695,00000001,88.7695,X]
[68,F,0.889114,00001000,88.9114,X]
[108,F,0.901344,00000010,90.1344,X]
[69,F,0.903763,00001000,90.3762,X]
[131,F,0.90625,00000001,90.625,X]
[70,F,0.922317,00001000,92.2317,X]
[109,F,0.935523,00000010,93.5523,X]
[132,F,0.9375,00000001,93.75,X]
[28,F,0.942306,01000000,94.2306,X]
[29,F,0.955978,01000000,95.5978,X]
[25,F,0.962814,10000000,96.2814,X]
[30,F,0.970627,01000000,97.0627,X]
[26,F,0.991134,10000000,99.1134,X]
[27,F,0.994064,10000000,99.4064,X]
[89,F,0.995938,00000100,99.5938,X]
[133,F,0.999023,00000001,99.9023,X]
GUIDE_TREE_PARTITION1=(((((((t1:18.66,t2:18.66):44.14,t3:62.8):9.26,t4:72.06):3.97,t5:76.03):7.97,t6:84):9.85,t7:93.85):6.15,t8:100);
