Taxa bit representation:
t1 10000000
t2 01000000
t3 00100000
t4 00010000
t5 00001000
t6 00000100
t7 00000010
t8 00000001
Clade List (<taxon members> = <clade name>): 

>Dataset_0
[0,F,0.0361328,11111110,3.61328,X]
[44,F,0.0859375,00000001,8.59375,X]
[45,F,0.0908203,00000001,9.08203,X]
[1,F,0.101562,11111110,10.1562,X]
[46,F,0.137695,00000001,13.7695,X]
[47,F,0.161133,00000001,16.1133,X]
[2,F,0.213867,11111110,21.3867,X]
[3,F,0.255859,11111110,25.5859,X]
[4,F,0.320312,11111110,32.0312,X]
[34,F,0.339036,00000010,33.9036,X]
[5,F,0.340012,11111100,34.0012,X]
[35,F,0.386887,00000010,38.6887,X]
[21,F,0.429455,00001000,42.9455,X]
[36,F,0.447434,00000010,44.7434,X]
[6,F,0.474377,11110000,47.4377,X]
[31,F,0.476578,00000100,47.6578,X]
[48,F,0.522461,00000001,52.2461,X]
[37,F,0.542161,00000010,54.2161,X]
[32,F,0.55275,00000100,55.275,X]
[38,F,0.580247,00000010,58.0247,X]
[7,F,0.597423,11110000,59.7423,X]
[22,F,0.614025,00001000,61.4025,X]
[49,F,0.617188,00000001,61.7188,X]
[14,F,0.622883,00010000,62.2883,X]
[23,F,0.628673,00001000,62.8673,X]
[50,F,0.628906,00000001,62.8906,X]
[15,F,0.642414,00010000,64.2414,X]
[39,F,0.6447,00000010,64.47,X]
[8,F,0.664509,11000000,66.4509,X]
[10,F,0.667439,00100000,66.7439,X]
[40,F,0.669114,00000010,66.9114,X]
[51,F,0.696289,00000001,69.6289,X]
[41,F,0.701341,00000010,70.1341,X]
[16,F,0.706867,00010000,70.6867,X]
[11,F,0.720173,00100000,72.0173,X]
[17,F,0.769367,00010000,76.9367,X]
[33,F,0.793961,00000100,79.3961,X]
[24,F,0.799572,00001000,79.9572,X]
[25,F,0.802502,00001000,80.2502,X]
[52,F,0.831055,00000001,83.1055,X]
[18,F,0.837727,00010000,83.7727,X]
[9,F,0.839314,11000000,83.9314,X]
[19,F,0.843586,00010000,84.3586,X]
[20,F,0.847492,00010000,84.7492,X]
[53,F,0.849609,00000001,84.9609,X]
[54,F,0.888672,00000001,88.8672,X]
[26,F,0.900158,00001000,90.0158,X]
[42,F,0.914231,00000010,91.4231,X]
[43,F,0.92595,00000010,92.595,X]
[55,F,0.931641,00000001,93.1641,X]
[56,F,0.939453,00000001,93.9453,X]
[12,F,0.946736,00100000,94.6736,X]
[27,F,0.954845,00001000,95.4845,X]
[13,F,0.960408,00100000,96.0408,X]
[28,F,0.962658,00001000,96.2658,X]
[29,F,0.97633,00001000,97.633,X]
[30,F,0.982189,00001000,98.2189,X]
[57,F,0.992188,00000001,99.2188,X]
GUIDE_TREE_PARTITION1=(((((((t1:7.49,t2:7.49):29.77,t3:37.26):0.94,t4:38.2):20.71,t5:58.91):1.44,t6:60.35):6.43,t7:66.78):33.22,t8:100);
