Taxa bit representation:
t1 10000000
t2 01000000
t3 00100000
t4 00010000
t5 00001000
t6 00000100
t7 00000010
t8 00000001
Clade List (<taxon members> = <clade name>): 

>Dataset_0
[7,F,0.0429688,00000011,4.29688,X]
[16,F,0.141088,00000001,14.1088,X]
[17,F,0.315892,00000001,31.5892,X]
[8,F,0.416478,00000010,41.6478,X]
[9,F,0.432103,00000010,43.2103,X]
[10,F,0.460423,00000010,46.0423,X]
[4,F,0.563528,00010000,56.3528,X]
[11,F,0.577611,00000010,57.7611,X]
[0,F,0.640439,01000000,64.0439,X]
[12,F,0.64597,00000010,64.597,X]
[13,F,0.692845,00000010,69.2845,X]
[18,F,0.700658,00000001,70.0658,X]
[19,F,0.718236,00000001,71.8236,X]
[1,F,0.7879,01000000,78.79,X]
[2,F,0.851377,01000000,85.1377,X]
[14,F,0.884252,00000010,88.4252,X]
[15,F,0.894017,00000010,89.4017,X]
[5,F,0.895075,00000100,89.5075,X]
[6,F,0.932184,00000100,93.2184,X]
[3,F,0.959202,00100000,95.9202,X]
GUIDE_TREE_PARTITION1=(((((t1:46.21,t2:46.21):3.28,t3:49.49):5.29,t4:54.78):16.97,(t5:21.43,t6:21.43):50.32):28.25,(t7:91.36,t8:91.36):8.64);
