Taxa bit representation:
t1 10000000
t2 01000000
t3 00100000
t4 00010000
t5 00001000
t6 00000100
t7 00000010
t8 00000001
Clade List (<taxon members> = <clade name>): 

>Dataset_0
[0,F,0.00585938,11111110,0.585938,X]
[1,F,0.0273438,11111110,2.73438,X]
[2,F,0.0566406,11111110,5.66406,X]
[3,F,0.100713,11111000,10.0713,X]
[65,F,0.109386,00000010,10.9386,X]
[43,F,0.115361,00000100,11.5361,X]
[88,F,0.126953,00000001,12.6953,X]
[4,F,0.18958,11111000,18.958,X]
[66,F,0.215831,00000010,21.5831,X]
[44,F,0.221806,00000100,22.1806,X]
[5,F,0.224736,11111000,22.4736,X]
[6,F,0.229619,11111000,22.9619,X]
[89,F,0.238281,00000001,23.8281,X]
[67,F,0.244152,00000010,24.4152,X]
[90,F,0.250977,00000001,25.0977,X]
[45,F,0.253056,00000100,25.3056,X]
[68,F,0.265636,00000010,26.5636,X]
[46,F,0.285283,00000100,28.5283,X]
[91,F,0.289062,00000001,28.9062,X]
[92,F,0.296875,00000001,29.6875,X]
[93,F,0.298828,00000001,29.8828,X]
[69,F,0.302745,00000010,30.2745,X]
[94,F,0.307617,00000001,30.7617,X]
[47,F,0.320439,00000100,32.0439,X]
[70,F,0.330089,00000010,33.0089,X]
[71,F,0.335948,00000010,33.5948,X]
[34,F,0.357719,00001000,35.7719,X]
[48,F,0.365361,00000100,36.5361,X]
[35,F,0.37432,00001000,37.432,X]
[49,F,0.406377,00000100,40.6377,X]
[50,F,0.410283,00000100,41.0283,X]
[7,F,0.41143,11110000,41.143,X]
[72,F,0.440441,00000010,44.0441,X]
[95,F,0.445312,00000001,44.5312,X]
[73,F,0.458019,00000010,45.8019,X]
[8,F,0.46807,11110000,46.807,X]
[51,F,0.485478,00000100,48.5478,X]
[36,F,0.507133,00001000,50.7133,X]
[52,F,0.507939,00000100,50.7939,X]
[9,F,0.534283,11100000,53.4283,X]
[25,F,0.547955,00010000,54.7955,X]
[74,F,0.549816,00000010,54.9816,X]
[10,F,0.549908,11100000,54.9908,X]
[96,F,0.56543,00000001,56.543,X]
[11,F,0.595806,11100000,59.5806,X]
[26,F,0.601666,00010000,60.1666,X]
[12,F,0.602642,11100000,60.2642,X]
[75,F,0.616222,00000010,61.6222,X]
[13,F,0.617291,11100000,61.7291,X]
[27,F,0.625103,00010000,62.5103,X]
[97,F,0.626953,00000001,62.6953,X]
[76,F,0.650402,00000010,65.0402,X]
[77,F,0.66212,00000010,66.212,X]
[78,F,0.664073,00000010,66.4073,X]
[79,F,0.66505,00000010,66.505,X]
[53,F,0.674931,00000100,67.4931,X]
[54,F,0.68372,00000100,68.372,X]
[80,F,0.685558,00000010,68.5558,X]
[81,F,0.689464,00000010,68.9464,X]
[55,F,0.698369,00000100,69.8369,X]
[14,F,0.701855,11000000,70.1855,X]
[20,F,0.701855,00100000,70.1855,X]
[82,F,0.702159,00000010,70.2159,X]
[98,F,0.708008,00000001,70.8008,X]
[28,F,0.708111,00010000,70.8111,X]
[29,F,0.734478,00010000,73.4478,X]
[99,F,0.745117,00000001,74.5117,X]
[21,F,0.746777,00100000,74.6777,X]
[56,F,0.750127,00000100,75.0127,X]
[37,F,0.762016,00001000,76.2016,X]
[30,F,0.766705,00010000,76.6705,X]
[38,F,0.78057,00001000,78.057,X]
[100,F,0.787109,00000001,78.7109,X]
[39,F,0.787406,00001000,78.7406,X]
[31,F,0.791119,00010000,79.1119,X]
[57,F,0.802861,00000100,80.2861,X]
[58,F,0.822392,00000100,82.2392,X]
[83,F,0.825206,00000010,82.5206,X]
[15,F,0.83662,11000000,83.662,X]
[22,F,0.838573,00100000,83.8573,X]
[59,F,0.843877,00000100,84.3877,X]
[101,F,0.855469,00000001,85.5469,X]
[84,F,0.861339,00000010,86.1339,X]
[23,F,0.8708,00100000,87.08,X]
[24,F,0.882519,00100000,88.2519,X]
[40,F,0.886039,00001000,88.6039,X]
[60,F,0.886845,00000100,88.6845,X]
[16,F,0.892284,11000000,89.2284,X]
[61,F,0.904423,00000100,90.4423,X]
[85,F,0.906261,00000010,90.6261,X]
[86,F,0.918956,00000010,91.8956,X]
[62,F,0.922978,00000100,92.2978,X]
[102,F,0.936523,00000001,93.6523,X]
[41,F,0.94268,00001000,94.268,X]
[63,F,0.943486,00000100,94.3486,X]
[17,F,0.951802,10000000,95.1802,X]
[103,F,0.954102,00000001,95.4102,X]
[32,F,0.956158,00010000,95.6158,X]
[18,F,0.961567,10000000,96.1567,X]
[104,F,0.967773,00000001,96.7773,X]
[42,F,0.970023,00001000,97.0023,X]
[87,F,0.970714,00000010,97.0714,X]
[105,F,0.975586,00000001,97.5586,X]
[33,F,0.990337,00010000,99.0337,X]
[19,F,0.9977,10000000,99.77,X]
[64,F,0.998173,00000100,99.8173,X]
[106,F,1,00000001,100,X]
GUIDE_TREE_PARTITION1=(((((((t1:6.48,t2:6.48):25.19,t3:31.67):15.39,t4:47.06):18.34,t5:65.4):25.31,t6:90.71):2.16,t7:92.87):7.13,t8:100);
