Taxa bit representation:
t1 10000000
t2 01000000
t3 00100000
t4 00010000
t5 00001000
t6 00000100
t7 00000010
t8 00000001
Clade List (<taxon members> = <clade name>): 

>Dataset_0
[15,F,0.0283203,00000001,2.83203,X]
[16,F,0.0556641,00000001,5.56641,X]
[17,F,0.136719,00000001,13.6719,X]
[0,F,0.275391,11111110,27.5391,X]
[9,F,0.352048,00000100,35.2048,X]
[18,F,0.486328,00000001,48.6328,X]
[6,F,0.676248,00010000,67.6248,X]
[1,F,0.740209,11000000,74.0209,X]
[2,F,0.855627,01000000,85.5627,X]
[12,F,0.870317,00000010,87.0317,X]
[4,F,0.883764,00100000,88.3764,X]
[8,F,0.9029,00001000,90.29,X]
[10,F,0.908689,00000100,90.8689,X]
[5,F,0.914037,00100000,91.4037,X]
[13,F,0.939653,00000010,93.9653,X]
[14,F,0.942583,00000010,94.2583,X]
[3,F,0.955236,01000000,95.5236,X]
[7,F,0.966287,00010000,96.6287,X]
[11,F,0.99072,00000100,99.072,X]
GUIDE_TREE_PARTITION1=(((((((t1:23.91,t2:23.91):5.78,t3:29.69):29.15,t4:58.84):7.12,t5:65.96):0.3,t6:66.26):2.47,t7:68.73):31.27,t8:100);
