Taxa bit representation:
t1 10000000
t2 01000000
t3 00100000
t4 00010000
t5 00001000
t6 00000100
t7 00000010
t8 00000001
Clade List (<taxon members> = <clade name>): 

>Dataset_0
[88,F,0.0146484,00001111,1.46484,X]
[0,F,0.0234375,11110000,2.34375,X]
[1,F,0.0283203,11110000,2.83203,X]
[89,F,0.0576172,00001111,5.76172,X]
[90,F,0.135742,00001111,13.5742,X]
[2,F,0.166992,11110000,16.6992,X]
[3,F,0.186523,11110000,18.6523,X]
[91,F,0.191406,00001111,19.1406,X]
[4,F,0.195312,11110000,19.5312,X]
[5,F,0.202148,11110000,20.2148,X]
[6,F,0.207031,11110000,20.7031,X]
[7,F,0.22168,11110000,22.168,X]
[51,F,0.227859,00110000,22.7859,X]
[92,F,0.230469,00001111,23.0469,X]
[52,F,0.239578,00110000,23.9578,X]
[8,F,0.243484,11000000,24.3484,X]
[53,F,0.248367,00110000,24.8367,X]
[9,F,0.25032,11000000,25.032,X]
[54,F,0.25618,00110000,25.618,X]
[93,F,0.277344,00001111,27.7344,X]
[94,F,0.302734,00001111,30.2734,X]
[33,F,0.310367,01000000,31.0367,X]
[10,F,0.337711,10000000,33.7711,X]
[34,F,0.352359,01000000,35.2359,X]
[55,F,0.359695,00110000,35.9695,X]
[95,F,0.375977,00001111,37.5977,X]
[11,F,0.37775,10000000,37.775,X]
[35,F,0.383609,01000000,38.3609,X]
[56,F,0.388992,00110000,38.8992,X]
[57,F,0.390945,00110000,39.0945,X]
[58,F,0.394852,00110000,39.4852,X]
[12,F,0.400211,10000000,40.0211,X]
[36,F,0.401188,01000000,40.1188,X]
[59,F,0.403641,00110000,40.3641,X]
[131,F,0.404167,00000011,40.4167,X]
[96,F,0.405144,00001100,40.5144,X]
[13,F,0.407047,10000000,40.7047,X]
[132,F,0.411003,00000011,41.1003,X]
[97,F,0.430534,00001100,43.0534,X]
[60,F,0.442703,00110000,44.2703,X]
[37,F,0.446109,01000000,44.6109,X]
[133,F,0.452019,00000011,45.2019,X]
[98,F,0.454002,00001000,45.4002,X]
[112,F,0.463767,00000100,46.3767,X]
[61,F,0.477859,00110000,47.7859,X]
[62,F,0.478836,00110000,47.8836,X]
[145,F,0.482212,00000001,48.2212,X]
[38,F,0.484195,01000000,48.4195,X]
[14,F,0.487125,10000000,48.7125,X]
[39,F,0.491031,01000000,49.1031,X]
[134,F,0.491978,00000010,49.1978,X]
[113,F,0.497947,00000100,49.7947,X]
[114,F,0.501853,00000100,50.1853,X]
[40,F,0.513492,01000000,51.3492,X]
[41,F,0.518375,01000000,51.8375,X]
[115,F,0.520408,00000100,52.0408,X]
[63,F,0.523758,00110000,52.3758,X]
[116,F,0.524314,00000100,52.4314,X]
[64,F,0.525711,00110000,52.5711,X]
[15,F,0.529117,10000000,52.9117,X]
[146,F,0.530064,00000001,53.0064,X]
[147,F,0.53397,00000001,53.397,X]
[117,F,0.55947,00000100,55.947,X]
[148,F,0.56522,00000001,56.522,X]
[42,F,0.574039,01000000,57.4039,X]
[149,F,0.575962,00000001,57.5962,X]
[16,F,0.576969,10000000,57.6969,X]
[150,F,0.581822,00000001,58.1822,X]
[151,F,0.586705,00000001,58.6705,X]
[17,F,0.586734,10000000,58.6734,X]
[99,F,0.587791,00001000,58.7791,X]
[118,F,0.587791,00000100,58.7791,X]
[43,F,0.591617,01000000,59.1617,X]
[135,F,0.593541,00000010,59.3541,X]
[136,F,0.594517,00000010,59.4517,X]
[152,F,0.597447,00000001,59.7447,X]
[119,F,0.604392,00000100,60.4392,X]
[65,F,0.604812,00110000,60.4812,X]
[100,F,0.612205,00001000,61.2205,X]
[18,F,0.617984,10000000,61.7984,X]
[19,F,0.620914,10000000,62.0914,X]
[153,F,0.621861,00000001,62.1861,X]
[137,F,0.624791,00000010,62.4791,X]
[20,F,0.62482,10000000,62.482,X]
[101,F,0.62783,00001000,62.783,X]
[120,F,0.62783,00000100,62.783,X]
[102,F,0.637595,00001000,63.7595,X]
[103,F,0.639548,00001000,63.9548,X]
[138,F,0.652134,00000010,65.2134,X]
[21,F,0.65607,10000000,65.607,X]
[154,F,0.65897,00000001,65.897,X]
[155,F,0.660923,00000001,66.0923,X]
[104,F,0.667869,00001000,66.7869,X]
[121,F,0.668845,00000100,66.8845,X]
[122,F,0.673728,00000100,67.3728,X]
[156,F,0.676548,00000001,67.6548,X]
[71,F,0.688883,00010000,68.8883,X]
[44,F,0.69025,01000000,69.025,X]
[72,F,0.694742,00010000,69.4742,X]
[157,F,0.698033,00000001,69.8033,X]
[45,F,0.702945,01000000,70.2945,X]
[139,F,0.704869,00000010,70.4869,X]
[22,F,0.715641,10000000,71.5641,X]
[73,F,0.722086,00010000,72.2086,X]
[74,F,0.726969,00010000,72.6969,X]
[23,F,0.730289,10000000,73.0289,X]
[75,F,0.731852,00010000,73.1852,X]
[105,F,0.733298,00001000,73.3298,X]
[76,F,0.735758,00010000,73.5758,X]
[66,F,0.7465,00100000,74.65,X]
[158,F,0.747837,00000001,74.7837,X]
[140,F,0.75272,00000010,75.272,X]
[24,F,0.75568,10000000,75.568,X]
[123,F,0.757713,00000100,75.7712,X]
[67,F,0.758219,00100000,75.8219,X]
[124,F,0.767478,00000100,76.7478,X]
[159,F,0.771275,00000001,77.1275,X]
[68,F,0.776773,00100000,77.6773,X]
[106,F,0.789939,00001000,78.9939,X]
[160,F,0.790806,00000001,79.0806,X]
[125,F,0.798728,00000100,79.8728,X]
[77,F,0.80607,00010000,80.607,X]
[25,F,0.81232,10000000,81.232,X]
[126,F,0.820213,00000100,82.0212,X]
[161,F,0.82108,00000001,82.108,X]
[78,F,0.821695,00010000,82.1695,X]
[46,F,0.822086,01000000,82.2086,X]
[26,F,0.825016,10000000,82.5016,X]
[107,F,0.835838,00001000,83.5837,X]
[79,F,0.836344,00010000,83.6344,X]
[27,F,0.841617,10000000,84.1617,X]
[141,F,0.853306,00000010,85.3306,X]
[69,F,0.854898,00100000,85.4898,X]
[28,F,0.858219,10000000,85.8219,X]
[80,F,0.860758,00010000,86.0758,X]
[162,F,0.861119,00000001,86.1119,X]
[81,F,0.861734,00010000,86.1734,X]
[108,F,0.867088,00001000,86.7087,X]
[142,F,0.867955,00000010,86.7955,X]
[29,F,0.868961,10000000,86.8961,X]
[47,F,0.878727,01000000,87.8727,X]
[163,F,0.889439,00000001,88.9439,X]
[82,F,0.890055,00010000,89.0055,X]
[83,F,0.892008,00010000,89.2008,X]
[84,F,0.894938,00010000,89.4938,X]
[30,F,0.905094,10000000,90.5094,X]
[164,F,0.907017,00000001,90.7017,X]
[85,F,0.918375,00010000,91.8375,X]
[143,F,0.918736,00000010,91.8736,X]
[144,F,0.922642,00000010,92.2642,X]
[70,F,0.923258,00100000,92.3258,X]
[86,F,0.930094,00010000,93.0094,X]
[48,F,0.930484,01000000,93.0484,X]
[109,F,0.930564,00001000,93.0564,X]
[127,F,0.941306,00000100,94.1306,X]
[128,F,0.943259,00000100,94.3259,X]
[87,F,0.945719,00010000,94.5719,X]
[49,F,0.946109,01000000,94.6109,X]
[165,F,0.950962,00000001,95.0962,X]
[31,F,0.955875,10000000,95.5875,X]
[166,F,0.958775,00000001,95.8775,X]
[129,F,0.975486,00000100,97.5486,X]
[167,F,0.976353,00000001,97.6353,X]
[50,F,0.976383,01000000,97.6383,X]
[110,F,0.978416,00001000,97.8416,X]
[130,F,0.990134,00000100,99.0134,X]
[32,F,0.993961,10000000,99.3961,X]
[111,F,0.99697,00001000,99.697,X]
GUIDE_TREE_PARTITION1=(((t1:71.6,t2:71.6):6.2,(t3:31.6,t4:31.6):46.2):22.2,((t5:56.26,t6:56.26):5.96,(t7:52.56,t8:52.56):9.66):37.78);
