Taxa bit representation:
t1 10000000
t2 01000000
t3 00100000
t4 00010000
t5 00001000
t6 00000100
t7 00000010
t8 00000001
Clade List (<taxon members> = <clade name>): 

>Dataset_0
[0,F,0.00878906,11111100,0.878906,X]
[1,F,0.0136719,11111100,1.36719,X]
[83,F,0.0322266,00000011,3.22266,X]
[2,F,0.0419922,11111100,4.19922,X]
[84,F,0.0478516,00000011,4.78516,X]
[85,F,0.0556641,00000011,5.56641,X]
[3,F,0.0576172,11111100,5.76172,X]
[86,F,0.0576172,00000011,5.76172,X]
[4,F,0.150391,11111100,15.0391,X]
[55,F,0.167706,00001100,16.7706,X]
[5,F,0.190167,11110000,19.0167,X]
[56,F,0.199933,00001100,19.9933,X]
[6,F,0.216534,11110000,21.6534,X]
[7,F,0.232159,11110000,23.2159,X]
[57,F,0.256573,00001100,25.6573,X]
[58,F,0.267316,00001100,26.7316,X]
[8,F,0.277081,11110000,27.7081,X]
[87,F,0.277344,00000011,27.7344,X]
[9,F,0.282941,11110000,28.2941,X]
[59,F,0.295636,00001100,29.5636,X]
[88,F,0.303711,00000011,30.3711,X]
[89,F,0.308594,00000011,30.8594,X]
[10,F,0.317531,11100000,31.7531,X]
[90,F,0.324219,00000011,32.4219,X]
[38,F,0.341945,00010000,34.1945,X]
[91,F,0.355469,00000011,35.5469,X]
[39,F,0.358547,00010000,35.8547,X]
[60,F,0.359113,00001100,35.9113,X]
[40,F,0.361477,00010000,36.1477,X]
[11,F,0.380031,11100000,38.0031,X]
[41,F,0.427883,00010000,42.7883,X]
[92,F,0.439453,00000011,43.9453,X]
[93,F,0.441406,00000011,44.1406,X]
[61,F,0.474347,00001100,47.4347,X]
[94,F,0.496094,00000011,49.6094,X]
[62,F,0.501691,00001100,50.1691,X]
[42,F,0.504055,00010000,50.4055,X]
[43,F,0.512844,00010000,51.2844,X]
[63,F,0.533917,00001100,53.3917,X]
[95,F,0.534144,00000010,53.4144,X]
[96,F,0.53512,00000010,53.512,X]
[109,F,0.540003,00000001,54.0003,X]
[110,F,0.54098,00000001,54.098,X]
[12,F,0.54507,11100000,54.507,X]
[64,F,0.571089,00001000,57.1089,X]
[44,F,0.572414,00010000,57.2414,X]
[45,F,0.578273,00010000,57.8273,X]
[65,F,0.581831,00001000,58.1831,X]
[111,F,0.583948,00000001,58.3948,X]
[66,F,0.586714,00001000,58.6714,X]
[67,F,0.592573,00001000,59.2573,X]
[75,F,0.592573,00000100,59.2573,X]
[46,F,0.592922,00010000,59.2922,X]
[13,F,0.604248,11000000,60.4248,X]
[68,F,0.604292,00001000,60.4292,X]
[69,F,0.611128,00001000,61.1128,X]
[97,F,0.614222,00000010,61.4222,X]
[14,F,0.618897,11000000,61.8897,X]
[98,F,0.626917,00000010,62.6917,X]
[99,F,0.6318,00000010,63.18,X]
[112,F,0.642542,00000001,64.2542,X]
[15,F,0.643311,11000000,64.3311,X]
[76,F,0.644331,00000100,64.4331,X]
[16,F,0.648194,11000000,64.8194,X]
[47,F,0.679836,00010000,67.9836,X]
[100,F,0.680628,00000010,68.0628,X]
[77,F,0.694136,00000100,69.4136,X]
[48,F,0.694484,00010000,69.4484,X]
[78,F,0.706831,00000100,70.6831,X]
[113,F,0.715784,00000001,71.5784,X]
[28,F,0.716553,00100000,71.6553,X]
[49,F,0.716945,00010000,71.6945,X]
[29,F,0.725342,00100000,72.5342,X]
[17,F,0.734131,11000000,73.4131,X]
[101,F,0.736292,00000010,73.6292,X]
[79,F,0.743941,00000100,74.3941,X]
[114,F,0.748988,00000001,74.8988,X]
[70,F,0.755659,00001000,75.5659,X]
[50,F,0.759914,00010000,75.9914,X]
[115,F,0.768519,00000001,76.8519,X]
[71,F,0.773238,00001000,77.3238,X]
[72,F,0.785933,00001000,78.5933,X]
[116,F,0.795863,00000001,79.5863,X]
[117,F,0.801722,00000001,80.1722,X]
[118,F,0.808558,00000001,80.8558,X]
[18,F,0.810303,11000000,81.0303,X]
[80,F,0.8123,00000100,81.23,X]
[30,F,0.819092,00100000,81.9092,X]
[31,F,0.823975,00100000,82.3975,X]
[19,F,0.826905,11000000,82.6905,X]
[81,F,0.832808,00000100,83.2808,X]
[102,F,0.832972,00000010,83.2972,X]
[20,F,0.838623,11000000,83.8623,X]
[103,F,0.840784,00000010,84.0784,X]
[51,F,0.846828,00010000,84.6828,X]
[104,F,0.84762,00000010,84.762,X]
[21,F,0.849366,11000000,84.9366,X]
[23,F,0.855183,01000000,85.5183,X]
[24,F,0.863972,01000000,86.3972,X]
[25,F,0.874714,01000000,87.4714,X]
[105,F,0.887659,00000010,88.7659,X]
[82,F,0.894331,00000100,89.4331,X]
[106,F,0.894495,00000010,89.4495,X]
[32,F,0.906006,00100000,90.6006,X]
[33,F,0.915772,00100000,91.5772,X]
[26,F,0.930378,01000000,93.0378,X]
[27,F,0.931355,01000000,93.1355,X]
[107,F,0.952113,00000010,95.2113,X]
[34,F,0.956788,00100000,95.6788,X]
[52,F,0.964016,00010000,96.4016,X]
[53,F,0.965969,00010000,96.5969,X]
[22,F,0.966511,10000000,96.6511,X]
[108,F,0.971644,00000010,97.1644,X]
[73,F,0.975386,00001000,97.5386,X]
[74,F,0.981245,00001000,98.1245,X]
[35,F,0.984131,00100000,98.4131,X]
[54,F,0.9855,00010000,98.55,X]
[36,F,0.986084,00100000,98.6084,X]
[37,F,0.988038,00100000,98.8038,X]
GUIDE_TREE_PARTITION1=(((((t1:14.97,t2:14.97):26.07,t3:41.04):29.16,t4:70.2):13.42,(t5:43.77,t6:43.77):39.85):16.38,(t7:49.32,t8:49.32):50.68);
