Taxa bit representation:
t1 10000000
t2 01000000
t3 00100000
t4 00010000
t5 00001000
t6 00000100
t7 00000010
t8 00000001
Clade List (<taxon members> = <clade name>): 

>Dataset_0
[0,F,0.0546875,11111100,5.46875,X]
[42,F,0.0605469,00000011,6.05469,X]
[1,F,0.0908203,11111100,9.08203,X]
[2,F,0.0917969,11111100,9.17969,X]
[3,F,0.138672,11111100,13.8672,X]
[4,F,0.22168,11111100,22.168,X]
[43,F,0.280273,00000011,28.0273,X]
[5,F,0.374952,11110000,37.4952,X]
[44,F,0.378906,00000011,37.8906,X]
[6,F,0.410142,11100000,41.0142,X]
[45,F,0.420898,00000011,42.0898,X]
[24,F,0.460669,00001000,46.0669,X]
[7,F,0.46483,11100000,46.483,X]
[46,F,0.5,00000011,50,X]
[21,F,0.519517,00010000,51.9517,X]
[15,F,0.548891,00100000,54.8891,X]
[8,F,0.560609,11000000,56.0609,X]
[34,F,0.57395,00000100,57.395,X]
[25,F,0.596411,00001000,59.6411,X]
[9,F,0.599672,11000000,59.9672,X]
[16,F,0.636781,00100000,63.6781,X]
[35,F,0.660864,00000100,66.0864,X]
[26,F,0.666723,00001000,66.6723,X]
[22,F,0.674791,00010000,67.4791,X]
[27,F,0.676489,00001000,67.6489,X]
[10,F,0.721742,11000000,72.1742,X]
[47,F,0.728516,00000011,72.8516,X]
[28,F,0.747778,00001000,74.7778,X]
[29,F,0.751684,00001000,75.1684,X]
[17,F,0.767641,00100000,76.7641,X]
[48,F,0.771484,00000011,77.1484,X]
[36,F,0.774145,00000100,77.4145,X]
[30,F,0.779028,00001000,77.9028,X]
[31,F,0.783911,00001000,78.3911,X]
[49,F,0.799805,00000011,79.9805,X]
[32,F,0.800512,00001000,80.0512,X]
[50,F,0.802734,00000011,80.2734,X]
[37,F,0.828833,00000100,82.8833,X]
[38,F,0.830786,00000100,83.0786,X]
[51,F,0.838867,00000011,83.8867,X]
[39,F,0.863989,00000100,86.3989,X]
[11,F,0.865125,10000000,86.5125,X]
[33,F,0.874731,00001000,87.4731,X]
[18,F,0.890687,00100000,89.0687,X]
[19,F,0.893617,00100000,89.3617,X]
[12,F,0.897352,10000000,89.7352,X]
[40,F,0.934302,00000100,93.4302,X]
[20,F,0.959047,00100000,95.9047,X]
[41,F,0.966528,00000100,96.6528,X]
[13,F,0.994031,10000000,99.4031,X]
[14,F,0.998914,10000000,99.8914,X]
[23,F,0.999986,00010000,99.9986,X]
GUIDE_TREE_PARTITION1=(((((t1:27.55,t2:27.55):20.1,t3:47.65):12.41,t4:60.06):7.23,(t5:58.23,t6:58.23):9.06):32.71,(t7:13.33,t8:13.33):86.67);
