Taxa bit representation:
t1 10000000
t2 01000000
t3 00100000
t4 00010000
t5 00001000
t6 00000100
t7 00000010
t8 00000001
Clade List (<taxon members> = <clade name>): 

>Dataset_0
[0,F,0.125,11111110,12.5,X]
[44,F,0.149414,00000001,14.9414,X]
[38,F,0.279534,00000010,27.9534,X]
[45,F,0.283203,00000001,28.3203,X]
[46,F,0.287109,00000001,28.7109,X]
[31,F,0.310928,00000100,31.0928,X]
[39,F,0.338128,00000010,33.8128,X]
[1,F,0.349991,11111000,34.9991,X]
[47,F,0.350586,00000001,35.0586,X]
[2,F,0.351944,11111000,35.1944,X]
[48,F,0.370117,00000001,37.0117,X]
[49,F,0.374023,00000001,37.4023,X]
[50,F,0.381836,00000001,38.1836,X]
[32,F,0.382217,00000100,38.2217,X]
[40,F,0.384027,00000010,38.4027,X]
[51,F,0.410156,00000001,41.0156,X]
[33,F,0.438858,00000100,43.8858,X]
[52,F,0.480469,00000001,48.0469,X]
[41,F,0.495355,00000010,49.5355,X]
[53,F,0.503906,00000001,50.3906,X]
[3,F,0.513077,11111000,51.3077,X]
[34,F,0.51503,00000100,51.503,X]
[54,F,0.522461,00000001,52.2461,X]
[4,F,0.533584,11111000,53.3584,X]
[5,F,0.545303,11111000,54.5303,X]
[55,F,0.556641,00000001,55.6641,X]
[6,F,0.597702,11100000,59.7702,X]
[22,F,0.618439,00001000,61.8439,X]
[23,F,0.626252,00001000,62.6252,X]
[24,F,0.681916,00001000,68.1916,X]
[7,F,0.685592,11100000,68.5592,X]
[18,F,0.687545,00010000,68.7545,X]
[42,F,0.69555,00000010,69.555,X]
[25,F,0.70047,00001000,70.047,X]
[26,F,0.710236,00001000,71.0236,X]
[27,F,0.719025,00001000,71.9025,X]
[28,F,0.730744,00001000,73.0744,X]
[8,F,0.781295,11100000,78.1295,X]
[43,F,0.784417,00000010,78.4417,X]
[29,F,0.787384,00001000,78.7384,X]
[19,F,0.795944,00010000,79.5944,X]
[56,F,0.802734,00000001,80.2734,X]
[57,F,0.81543,00000001,81.543,X]
[58,F,0.845703,00000001,84.5703,X]
[59,F,0.84668,00000001,84.668,X]
[35,F,0.861709,00000100,86.1709,X]
[60,F,0.871094,00000001,87.1094,X]
[9,F,0.885303,11000000,88.5303,X]
[14,F,0.923389,00100000,92.3389,X]
[36,F,0.931045,00000100,93.1045,X]
[15,F,0.934131,00100000,93.4131,X]
[61,F,0.935547,00000001,93.5547,X]
[16,F,0.938038,00100000,93.8038,X]
[13,F,0.94603,01000000,94.603,X]
[10,F,0.949936,10000000,94.9936,X]
[20,F,0.952194,00010000,95.2194,X]
[11,F,0.960678,10000000,96.0678,X]
[37,F,0.965225,00000100,96.5225,X]
[12,F,0.972397,10000000,97.2397,X]
[21,F,0.976608,00010000,97.6608,X]
[30,F,0.985627,00001000,98.5627,X]
[17,F,0.997608,00100000,99.7608,X]
GUIDE_TREE_PARTITION1=(((((((t1:5.69,t2:5.69):9.1,t3:14.79):27.1,t4:41.89):0.27,t5:42.16):31.63,t6:73.79):9.78,t7:83.57):16.43,t8:100);
