Taxa bit representation:
t1 10000000
t2 01000000
t3 00100000
t4 00010000
t5 00001000
t6 00000100
t7 00000010
t8 00000001
Clade List (<taxon members> = <clade name>): 

>Dataset_0
[39,F,0.0625,00001111,6.25,X]
[0,F,0.0664062,11110000,6.64062,X]
[40,F,0.0791016,00001111,7.91016,X]
[1,F,0.0839844,11110000,8.39844,X]
[41,F,0.113281,00001111,11.3281,X]
[42,F,0.12207,00001111,12.207,X]
[98,F,0.146677,00000011,14.6677,X]
[99,F,0.161325,00000011,16.1325,X]
[100,F,0.164255,00000011,16.4255,X]
[2,F,0.18457,11110000,18.457,X]
[43,F,0.188669,00001100,18.8669,X]
[44,F,0.202089,00001000,20.2089,X]
[73,F,0.218691,00000100,21.8691,X]
[74,F,0.250917,00000100,25.0917,X]
[45,F,0.25873,00001000,25.873,X]
[101,F,0.266794,00000011,26.6794,X]
[46,F,0.276308,00001000,27.6308,X]
[75,F,0.278261,00000100,27.8261,X]
[3,F,0.279297,11110000,27.9297,X]
[76,F,0.280214,00000100,28.0214,X]
[47,F,0.286073,00001000,28.6073,X]
[102,F,0.289255,00000011,28.9255,X]
[48,F,0.292909,00001000,29.2909,X]
[4,F,0.294922,11110000,29.4922,X]
[103,F,0.307809,00000011,30.7809,X]
[5,F,0.30957,11110000,30.957,X]
[6,F,0.31543,11110000,31.543,X]
[7,F,0.333008,11110000,33.3008,X]
[49,F,0.354433,00001000,35.4433,X]
[104,F,0.360544,00000011,36.0544,X]
[50,F,0.361269,00001000,36.1269,X]
[51,F,0.376894,00001000,37.6894,X]
[8,F,0.385742,11110000,38.5742,X]
[52,F,0.388613,00001000,38.8613,X]
[77,F,0.392519,00000100,39.2519,X]
[9,F,0.396484,11110000,39.6484,X]
[78,F,0.419863,00000100,41.9863,X]
[53,F,0.445253,00001000,44.5253,X]
[54,F,0.452089,00001000,45.2089,X]
[79,F,0.463808,00000100,46.3808,X]
[55,F,0.47162,00001000,47.162,X]
[105,F,0.477731,00000011,47.7731,X]
[80,F,0.480409,00000100,48.0409,X]
[106,F,0.497262,00000011,49.7263,X]
[107,F,0.498239,00000011,49.8239,X]
[10,F,0.5313,11000000,53.13,X]
[11,F,0.539113,11000000,53.9113,X]
[81,F,0.540956,00000100,54.0956,X]
[82,F,0.547792,00000100,54.7792,X]
[108,F,0.54902,00000011,54.902,X]
[56,F,0.550722,00001000,55.0722,X]
[109,F,0.557353,00000010,55.7353,X]
[57,F,0.563417,00001000,56.3417,X]
[58,F,0.56537,00001000,56.537,X]
[83,F,0.56537,00000100,56.537,X]
[12,F,0.566456,11000000,56.6456,X]
[110,F,0.573955,00000010,57.3955,X]
[59,F,0.582948,00001000,58.2948,X]
[60,F,0.585878,00001000,58.5878,X]
[84,F,0.585878,00000100,58.5878,X]
[111,F,0.593486,00000010,59.3486,X]
[61,F,0.59662,00001000,59.662,X]
[85,F,0.59662,00000100,59.662,X]
[126,F,0.606181,00000001,60.6181,X]
[86,F,0.608339,00000100,60.8339,X]
[62,F,0.614198,00001000,61.4198,X]
[127,F,0.621806,00000001,62.1806,X]
[13,F,0.623097,11000000,62.3097,X]
[112,F,0.626689,00000010,62.6689,X]
[14,F,0.631886,11000000,63.1886,X]
[63,F,0.634706,00001000,63.4706,X]
[87,F,0.637636,00000100,63.7636,X]
[64,F,0.639589,00001000,63.9589,X]
[113,F,0.64915,00000010,64.915,X]
[28,F,0.649386,00100000,64.9386,X]
[35,F,0.652316,00010000,65.2316,X]
[15,F,0.652394,11000000,65.2394,X]
[114,F,0.655009,00000010,65.5009,X]
[88,F,0.657167,00000100,65.7167,X]
[89,F,0.674745,00000100,67.4745,X]
[65,F,0.676698,00001000,67.6698,X]
[115,F,0.699931,00000010,69.9931,X]
[29,F,0.706027,00100000,70.6027,X]
[90,F,0.706972,00000100,70.6972,X]
[91,F,0.722597,00000100,72.2597,X]
[36,F,0.730441,00010000,73.0441,X]
[66,F,0.747988,00001000,74.7987,X]
[16,F,0.753956,11000000,75.3956,X]
[116,F,0.758525,00000010,75.8525,X]
[117,F,0.760478,00000010,76.0478,X]
[92,F,0.763613,00000100,76.3612,X]
[17,F,0.763722,11000000,76.3722,X]
[18,F,0.769581,11000000,76.9581,X]
[93,F,0.774355,00000100,77.4355,X]
[94,F,0.775331,00000100,77.5331,X]
[19,F,0.775441,11000000,77.5441,X]
[20,F,0.777394,11000000,77.7394,X]
[30,F,0.779269,00100000,77.9269,X]
[67,F,0.781191,00001000,78.1191,X]
[128,F,0.788798,00000001,78.8798,X]
[68,F,0.78998,00001000,78.998,X]
[118,F,0.791728,00000010,79.1728,X]
[69,F,0.796816,00001000,79.6816,X]
[21,F,0.81548,11000000,81.548,X]
[70,F,0.824159,00001000,82.4159,X]
[129,F,0.831767,00000001,83.1767,X]
[130,F,0.843486,00000001,84.3486,X]
[131,F,0.844463,00000001,84.4463,X]
[22,F,0.844777,11000000,84.4777,X]
[31,F,0.855441,00100000,85.5441,X]
[32,F,0.856417,00100000,85.6417,X]
[95,F,0.857363,00000100,85.7362,X]
[119,F,0.8679,00000010,86.79,X]
[120,F,0.868877,00000010,86.8877,X]
[71,F,0.882753,00001000,88.2753,X]
[23,F,0.887745,11000000,88.7745,X]
[132,F,0.894267,00000001,89.4267,X]
[72,F,0.899355,00001000,89.9355,X]
[96,F,0.902284,00000100,90.2284,X]
[37,F,0.908175,00010000,90.8175,X]
[121,F,0.915752,00000010,91.5752,X]
[33,F,0.917941,00100000,91.7941,X]
[24,F,0.921777,10000000,92.1777,X]
[38,F,0.922823,00010000,92.2823,X]
[122,F,0.924541,00000010,92.4541,X]
[123,F,0.935283,00000010,93.5283,X]
[25,F,0.939355,01000000,93.9355,X]
[124,F,0.947002,00000010,94.7002,X]
[26,F,0.953027,01000000,95.3027,X]
[34,F,0.956027,00100000,95.6027,X]
[125,F,0.957744,00000010,95.7744,X]
[27,F,0.971581,01000000,97.1581,X]
[97,F,0.981386,00000100,98.1386,X]
[133,F,0.988017,00000001,98.8017,X]
GUIDE_TREE_PARTITION1=(((t1:7.92,t2:7.92):45.2,(t3:38.87,t4:38.87):14.25):46.88,((t5:80.67,t6:80.67):4.76,(t7:44.46,t8:44.46):40.97):14.57);
