Taxa bit representation:
t1 10000000
t2 01000000
t3 00100000
t4 00010000
t5 00001000
t6 00000100
t7 00000010
t8 00000001
Clade List (<taxon members> = <clade name>): 

>Dataset_0
[21,F,0.0771484,00001111,7.71484,X]
[0,F,0.0869141,11110000,8.69141,X]
[22,F,0.112305,00001111,11.2305,X]
[23,F,0.18633,00001100,18.633,X]
[24,F,0.236134,00001100,23.6134,X]
[1,F,0.237989,11000000,23.7989,X]
[8,F,0.247755,00110000,24.7755,X]
[9,F,0.254591,00110000,25.4591,X]
[41,F,0.31133,00000011,31.133,X]
[25,F,0.320119,00001100,32.0119,X]
[42,F,0.349416,00000011,34.9416,X]
[43,F,0.389455,00000011,38.9455,X]
[17,F,0.391019,00010000,39.1019,X]
[10,F,0.400784,00100000,40.0784,X]
[26,F,0.425588,00001100,42.5588,X]
[27,F,0.454884,00001100,45.4884,X]
[28,F,0.463673,00001100,46.3673,X]
[29,F,0.46758,00001100,46.758,X]
[48,F,0.527317,00000001,52.7317,X]
[11,F,0.533597,00100000,53.3597,X]
[12,F,0.550198,00100000,55.0198,X]
[13,F,0.562894,00100000,56.2894,X]
[33,F,0.57435,00000100,57.435,X]
[34,F,0.588998,00000100,58.8998,X]
[49,F,0.609348,00000001,60.9348,X]
[2,F,0.618848,11000000,61.8848,X]
[44,F,0.631809,00000010,63.1809,X]
[45,F,0.65427,00000010,65.427,X]
[35,F,0.673959,00000100,67.3959,X]
[18,F,0.72012,00010000,72.012,X]
[3,F,0.744825,11000000,74.4825,X]
[46,F,0.749973,00000010,74.9973,X]
[30,F,0.754038,00001000,75.4038,X]
[4,F,0.765333,11000000,76.5333,X]
[50,F,0.773411,00000001,77.3411,X]
[51,F,0.788059,00000001,78.8059,X]
[19,F,0.799222,00010000,79.9222,X]
[52,F,0.799778,00000001,79.9778,X]
[36,F,0.801889,00000100,80.1889,X]
[5,F,0.802442,11000000,80.2442,X]
[37,F,0.804819,00000100,80.4819,X]
[20,F,0.826566,00010000,82.6566,X]
[38,F,0.82728,00000100,82.728,X]
[6,F,0.840528,11000000,84.0528,X]
[31,F,0.879038,00001000,87.9038,X]
[39,F,0.894663,00000100,89.4663,X]
[14,F,0.895902,00100000,89.5902,X]
[32,F,0.92103,00001000,92.103,X]
[15,F,0.932034,00100000,93.2034,X]
[7,F,0.968041,01000000,96.8041,X]
[40,F,0.974741,00000100,97.4741,X]
[16,F,0.981839,00100000,98.1839,X]
[47,F,0.999973,00000010,99.9973,X]
GUIDE_TREE_PARTITION1=(((t1:15.11,t2:15.11):61.97,(t3:62.07,t4:62.07):15.01):22.92,((t5:45.69,t6:45.69):35.97,(t7:53.03,t8:53.03):28.63):18.34);
