Taxa bit representation:
t1 10000000
t2 01000000
t3 00100000
t4 00010000
t5 00001000
t6 00000100
t7 00000010
t8 00000001
Clade List (<taxon members> = <clade name>): 

>Dataset_0
[33,F,0.0574875,00000010,5.74875,X]
[47,F,0.0859375,00000001,8.59375,X]
[34,F,0.0955734,00000010,9.55734,X]
[0,F,0.127791,11111000,12.7791,X]
[35,F,0.162956,00000010,16.2956,X]
[48,F,0.166992,00000001,16.6992,X]
[1,F,0.2274,11111000,22.74,X]
[49,F,0.234375,00000001,23.4375,X]
[50,F,0.243164,00000001,24.3164,X]
[36,F,0.282097,00000010,28.2097,X]
[25,F,0.285994,00000100,28.5994,X]
[2,F,0.308455,11111000,30.8455,X]
[26,F,0.364119,00000100,36.4119,X]
[27,F,0.366072,00000100,36.6072,X]
[51,F,0.382812,00000001,38.2812,X]
[52,F,0.395508,00000001,39.5508,X]
[28,F,0.439314,00000100,43.9314,X]
[37,F,0.444206,00000010,44.4206,X]
[13,F,0.449936,00001000,44.9936,X]
[53,F,0.454102,00000001,45.4102,X]
[14,F,0.456772,00001000,45.6772,X]
[38,F,0.518425,00000010,51.8425,X]
[54,F,0.542969,00000001,54.2969,X]
[39,F,0.552605,00000010,55.2605,X]
[15,F,0.561264,00001000,56.1264,X]
[3,F,0.615952,11110000,61.5952,X]
[40,F,0.618034,00000010,61.8034,X]
[55,F,0.62793,00000001,62.793,X]
[41,F,0.644402,00000010,64.4402,X]
[4,F,0.659897,11110000,65.9897,X]
[42,F,0.698113,00000010,69.8113,X]
[43,F,0.705925,00000010,70.5925,X]
[29,F,0.721541,00000100,72.1541,X]
[16,F,0.725327,00001000,72.5327,X]
[17,F,0.737045,00001000,73.7045,X]
[30,F,0.743025,00000100,74.3025,X]
[18,F,0.743881,00001000,74.3881,X]
[44,F,0.764519,00000010,76.4519,X]
[31,F,0.766463,00000100,76.6463,X]
[7,F,0.788384,01000000,78.8384,X]
[19,F,0.790756,00001000,79.0756,X]
[32,F,0.811384,00000100,81.1384,X]
[11,F,0.833534,00010000,83.3534,X]
[5,F,0.841119,10000000,84.1119,X]
[56,F,0.841797,00000001,84.1797,X]
[20,F,0.854233,00001000,85.4233,X]
[9,F,0.869583,00100000,86.9583,X]
[8,F,0.877252,01000000,87.7252,X]
[57,F,0.878906,00000001,87.8906,X]
[21,F,0.891342,00001000,89.1342,X]
[10,F,0.905716,00100000,90.5716,X]
[45,F,0.910027,00000010,91.0027,X]
[22,F,0.91185,00001000,91.185,X]
[23,F,0.925522,00001000,92.5522,X]
[6,F,0.935845,10000000,93.5845,X]
[46,F,0.946159,00000010,94.6159,X]
[12,F,0.957558,00010000,95.7558,X]
[24,F,0.988998,00001000,98.8998,X]
GUIDE_TREE_PARTITION1=(((((((t1:23.31,t2:23.31):2.72,t3:26.03):2.14,t4:28.17):27.52,t5:55.69):34.07,t6:89.76):9.96,t7:99.72):0.28,t8:100);
