Taxa bit representation:
t1 10000000
t2 01000000
t3 00100000
t4 00010000
t5 00001000
t6 00000100
t7 00000010
t8 00000001
Clade List (<taxon members> = <clade name>): 

>Dataset_0
[6,F,0.553027,00000011,55.3027,X]
[1,F,0.592089,00001100,59.2089,X]
[2,F,0.679003,00001100,67.9003,X]
[7,F,0.694628,00000011,69.4628,X]
[0,F,0.795898,11110000,79.5898,X]
[3,F,0.85708,00001000,85.708,X]
[5,F,0.905908,00000100,90.5908,X]
[4,F,0.997705,00001000,99.7705,X]
GUIDE_TREE_PARTITION1=(((t1:1.49,t2:1.49):4.45,(t3:1.52,t4:1.52):4.42):94.06,((t5:30.21,t6:30.21):42.71,(t7:14.53,t8:14.53):58.39):27.08);
