Taxa bit representation:
t1 10000000
t2 01000000
t3 00100000
t4 00010000
t5 00001000
t6 00000100
t7 00000010
t8 00000001
Clade List (<taxon members> = <clade name>): 

>Dataset_0
[0,F,0.0361328,11111100,3.61328,X]
[1,F,0.0488281,11111100,4.88281,X]
[2,F,0.0771484,11111100,7.71484,X]
[82,F,0.0878906,00000011,8.78906,X]
[83,F,0.102539,00000011,10.2539,X]
[84,F,0.132812,00000011,13.2812,X]
[3,F,0.155953,11110000,15.5953,X]
[60,F,0.191109,00001100,19.1109,X]
[61,F,0.207711,00001100,20.7711,X]
[4,F,0.207711,11110000,20.7711,X]
[85,F,0.220703,00000011,22.0703,X]
[86,F,0.22168,00000011,22.168,X]
[5,F,0.28923,11100000,28.923,X]
[62,F,0.295602,00001100,29.5602,X]
[63,F,0.347359,00001100,34.7359,X]
[40,F,0.356612,00010000,35.6613,X]
[64,F,0.363961,00001100,36.3961,X]
[41,F,0.379073,00010000,37.9073,X]
[65,F,0.379586,00001100,37.9586,X]
[42,F,0.392745,00010000,39.2745,X]
[66,F,0.393258,00001100,39.3258,X]
[87,F,0.423828,00000011,42.3828,X]
[88,F,0.431641,00000011,43.1641,X]
[6,F,0.432784,11100000,43.2784,X]
[7,F,0.451339,11100000,45.1339,X]
[8,F,0.456222,11100000,45.6222,X]
[9,F,0.457198,11100000,45.7198,X]
[67,F,0.458688,00001100,45.8688,X]
[10,F,0.460128,11100000,46.0128,X]
[68,F,0.46943,00001100,46.943,X]
[11,F,0.479659,11100000,47.9659,X]
[69,F,0.484078,00001100,48.4078,X]
[43,F,0.486495,00010000,48.6495,X]
[12,F,0.486495,11100000,48.6495,X]
[70,F,0.487984,00001100,48.7984,X]
[89,F,0.494141,00000011,49.4141,X]
[90,F,0.515625,00000011,51.5625,X]
[13,F,0.520675,11100000,52.0675,X]
[44,F,0.531417,00010000,53.1417,X]
[45,F,0.532394,00010000,53.2394,X]
[91,F,0.533203,00000011,53.3203,X]
[14,F,0.540277,11000000,54.0277,X]
[46,F,0.544112,00010000,54.4113,X]
[15,F,0.544183,11000000,54.4183,X]
[92,F,0.552734,00000011,55.2734,X]
[26,F,0.57348,00100000,57.348,X]
[16,F,0.574456,11000000,57.4456,X]
[71,F,0.575875,00001100,57.5875,X]
[27,F,0.577386,00100000,57.7386,X]
[93,F,0.579102,00000011,57.9102,X]
[47,F,0.589034,00010000,58.9034,X]
[17,F,0.620355,11000000,62.0355,X]
[18,F,0.63305,11000000,63.305,X]
[28,F,0.639886,00100000,63.9886,X]
[29,F,0.640863,00100000,64.0863,X]
[94,F,0.654297,00000011,65.4297,X]
[48,F,0.662277,00010000,66.2277,X]
[72,F,0.669625,00001100,66.9625,X]
[49,F,0.690597,00010000,69.0597,X]
[30,F,0.693597,00100000,69.3597,X]
[50,F,0.711105,00010000,71.1105,X]
[51,F,0.715011,00010000,71.5011,X]
[73,F,0.721383,00001100,72.1383,X]
[52,F,0.722823,00010000,72.2823,X]
[74,F,0.729195,00001100,72.9195,X]
[75,F,0.748727,00001100,74.8727,X]
[53,F,0.754073,00010000,75.4073,X]
[76,F,0.756539,00001100,75.6539,X]
[31,F,0.762933,00100000,76.2933,X]
[95,F,0.765625,00000011,76.5625,X]
[77,F,0.777047,00001100,77.7047,X]
[19,F,0.778558,11000000,77.8558,X]
[96,F,0.779297,00000011,77.9297,X]
[32,F,0.781488,00100000,78.1488,X]
[33,F,0.784417,00100000,78.4417,X]
[34,F,0.795159,00100000,79.5159,X]
[78,F,0.816109,00001100,81.6109,X]
[21,F,0.817297,01000000,81.7297,X]
[22,F,0.827063,01000000,82.7062,X]
[20,F,0.831945,10000000,83.1945,X]
[97,F,0.847656,00000011,84.7656,X]
[54,F,0.858566,00010000,85.8566,X]
[23,F,0.871008,01000000,87.1008,X]
[55,F,0.87712,00010000,87.712,X]
[98,F,0.881836,00000011,88.1836,X]
[56,F,0.890792,00010000,89.0792,X]
[35,F,0.900628,00100000,90.0628,X]
[99,F,0.90353,00000010,90.353,X]
[57,F,0.917159,00010000,91.7159,X]
[58,F,0.919112,00010000,91.9112,X]
[80,F,0.931022,00000100,93.1022,X]
[24,F,0.934484,01000000,93.4484,X]
[100,F,0.935756,00000001,93.5756,X]
[101,F,0.937709,00000001,93.7709,X]
[36,F,0.94262,00100000,94.262,X]
[79,F,0.953483,00001000,95.3483,X]
[59,F,0.954269,00010000,95.4269,X]
[37,F,0.954339,00100000,95.4339,X]
[25,F,0.963781,01000000,96.3781,X]
[38,F,0.977777,00100000,97.7777,X]
[39,F,0.990472,00100000,99.0472,X]
[81,F,0.993522,00000100,99.3522,X]
GUIDE_TREE_PARTITION1=(((((t1:21.2,t2:21.2):24.87,t3:46.07):25.3,t4:71.37):13.23,(t5:17.64,t6:17.64):66.96):15.4,(t7:9.94,t8:9.94):90.06);
