Taxa bit representation:
t1 10000000
t2 01000000
t3 00100000
t4 00010000
t5 00001000
t6 00000100
t7 00000010
t8 00000001
Clade List (<taxon members> = <clade name>): 

>Dataset_0
[61,F,0.0527344,00000011,5.27344,X]
[0,F,0.0673828,11111100,6.73828,X]
[1,F,0.0859375,11111100,8.59375,X]
[2,F,0.100586,11111100,10.0586,X]
[3,F,0.154297,11111100,15.4297,X]
[4,F,0.170898,11111100,17.0898,X]
[62,F,0.186523,00000011,18.6523,X]
[63,F,0.204102,00000011,20.4102,X]
[5,F,0.214844,11111100,21.4844,X]
[6,F,0.223633,11111100,22.3633,X]
[7,F,0.249023,11111100,24.9023,X]
[8,F,0.267578,11111100,26.7578,X]
[9,F,0.271484,11111100,27.1484,X]
[10,F,0.28125,11111100,28.125,X]
[11,F,0.291016,11111100,29.1016,X]
[64,F,0.291016,00000011,29.1016,X]
[12,F,0.30957,11111100,30.957,X]
[13,F,0.347656,11111100,34.7656,X]
[65,F,0.357422,00000011,35.7422,X]
[14,F,0.362305,11111100,36.2305,X]
[66,F,0.383789,00000011,38.3789,X]
[41,F,0.427845,00001100,42.7845,X]
[15,F,0.442494,11110000,44.2494,X]
[16,F,0.452259,11110000,45.2259,X]
[67,F,0.462891,00000011,46.2891,X]
[42,F,0.526478,00001100,52.6478,X]
[68,F,0.541016,00000011,54.1016,X]
[69,F,0.543945,00000011,54.3945,X]
[70,F,0.599609,00000011,59.9609,X]
[43,F,0.600697,00001100,60.0697,X]
[17,F,0.621205,11110000,62.1205,X]
[18,F,0.625111,11110000,62.5111,X]
[71,F,0.628906,00000011,62.8906,X]
[19,F,0.638783,11110000,63.8783,X]
[44,F,0.650502,00001100,65.0502,X]
[45,F,0.667103,00001100,66.7103,X]
[46,F,0.671986,00001100,67.1986,X]
[72,F,0.674805,00000011,67.4805,X]
[47,F,0.700306,00001100,70.0306,X]
[48,F,0.703236,00001100,70.3236,X]
[78,F,0.708942,00000001,70.8942,X]
[49,F,0.710072,00001100,71.0072,X]
[79,F,0.733356,00000001,73.3356,X]
[80,F,0.736286,00000001,73.6286,X]
[50,F,0.739369,00001100,73.9369,X]
[81,F,0.748005,00000001,74.8005,X]
[51,F,0.754994,00001100,75.4994,X]
[82,F,0.755817,00000001,75.5817,X]
[52,F,0.775502,00001100,77.5502,X]
[73,F,0.777302,00000010,77.7302,X]
[20,F,0.781853,11000000,78.1853,X]
[21,F,0.806772,10000000,80.6772,X]
[74,F,0.811481,00000010,81.1481,X]
[83,F,0.830036,00000001,83.0036,X]
[53,F,0.831166,00001100,83.1166,X]
[54,F,0.834095,00001100,83.4095,X]
[35,F,0.836805,00010000,83.6805,X]
[84,F,0.85152,00000001,85.152,X]
[36,F,0.856336,00010000,85.6336,X]
[22,F,0.85853,10000000,85.853,X]
[37,F,0.865125,00010000,86.5125,X]
[75,F,0.868122,00000010,86.8122,X]
[30,F,0.87072,00100000,87.072,X]
[31,F,0.871697,00100000,87.1697,X]
[27,F,0.891733,01000000,89.1733,X]
[55,F,0.897572,00001100,89.7572,X]
[85,F,0.902302,00000001,90.2302,X]
[32,F,0.914666,00100000,91.4666,X]
[23,F,0.925912,10000000,92.5912,X]
[28,F,0.937631,01000000,93.7631,X]
[24,F,0.943491,10000000,94.3491,X]
[76,F,0.944294,00000010,94.4294,X]
[33,F,0.948845,00100000,94.8845,X]
[25,F,0.954233,10000000,95.4233,X]
[57,F,0.965598,00000100,96.5598,X]
[86,F,0.965778,00000001,96.5778,X]
[87,F,0.967731,00000001,96.7731,X]
[58,F,0.972434,00000100,97.2434,X]
[88,F,0.974567,00000001,97.4567,X]
[38,F,0.975477,00010000,97.5477,X]
[39,F,0.980359,00010000,98.0359,X]
[77,F,0.980427,00000010,98.0427,X]
[26,F,0.9806,10000000,98.06,X]
[29,F,0.9806,01000000,98.06,X]
[40,F,0.984266,00010000,98.4266,X]
[34,F,0.994744,00100000,99.4744,X]
[89,F,0.995075,00000001,99.5075,X]
[59,F,0.995872,00000100,99.5872,X]
[60,F,0.996848,00000100,99.6848,X]
[56,F,0.998802,00001000,99.8802,X]
GUIDE_TREE_PARTITION1=(((((t1:20.69,t2:20.69):1.32,t3:22.01):5.54,t4:27.55):34.06,(t5:8.03,t6:8.03):53.58):38.39,(t7:30.18,t8:30.18):69.82);
