Taxa bit representation:
t1 10000000
t2 01000000
t3 00100000
t4 00010000
t5 00001000
t6 00000100
t7 00000010
t8 00000001
Clade List (<taxon members> = <clade name>): 

>Dataset_0
[0,F,0.00683594,11111110,0.683594,X]
[1,F,0.0419922,11111110,4.19922,X]
[2,F,0.0556641,11111110,5.56641,X]
[129,F,0.0592531,00000010,5.92531,X]
[105,F,0.0841313,00000100,8.41313,X]
[106,F,0.0880375,00000100,8.80375,X]
[151,F,0.0986328,00000001,9.86328,X]
[107,F,0.103663,00000100,10.3663,X]
[152,F,0.129883,00000001,12.9883,X]
[130,F,0.141284,00000010,14.1284,X]
[108,F,0.145655,00000100,14.5655,X]
[109,F,0.146631,00000100,14.6631,X]
[110,F,0.148584,00000100,14.8584,X]
[80,F,0.14965,00001000,14.965,X]
[111,F,0.156397,00000100,15.6397,X]
[81,F,0.168205,00001000,16.8205,X]
[131,F,0.176441,00000010,17.6441,X]
[3,F,0.18383,11110000,18.383,X]
[132,F,0.206714,00000010,20.6714,X]
[82,F,0.21508,00001000,21.508,X]
[133,F,0.221363,00000010,22.1363,X]
[59,F,0.22158,00010000,22.158,X]
[4,F,0.222556,11100000,22.2556,X]
[60,F,0.223533,00010000,22.3533,X]
[61,F,0.225486,00010000,22.5486,X]
[83,F,0.244377,00001000,24.4377,X]
[112,F,0.248194,00000100,24.8194,X]
[62,F,0.248923,00010000,24.8923,X]
[5,F,0.251853,11100000,25.1853,X]
[153,F,0.257812,00000001,25.7812,X]
[6,F,0.273338,11100000,27.3338,X]
[134,F,0.278003,00000010,27.8003,X]
[135,F,0.281909,00000010,28.1909,X]
[113,F,0.282373,00000100,28.2373,X]
[84,F,0.291252,00001000,29.1252,X]
[136,F,0.30437,00000010,30.437,X]
[137,F,0.306323,00000010,30.6323,X]
[7,F,0.307517,11100000,30.7517,X]
[154,F,0.317383,00000001,31.7383,X]
[85,F,0.317619,00001000,31.7619,X]
[63,F,0.319236,00010000,31.9236,X]
[64,F,0.329978,00010000,32.9978,X]
[8,F,0.332908,11100000,33.2908,X]
[114,F,0.337061,00000100,33.7061,X]
[65,F,0.345603,00010000,34.5603,X]
[155,F,0.349609,00000001,34.9609,X]
[86,F,0.369377,00001000,36.9377,X]
[66,F,0.37197,00010000,37.197,X]
[67,F,0.379783,00010000,37.9783,X]
[68,F,0.386619,00010000,38.6619,X]
[87,F,0.389884,00001000,38.9884,X]
[88,F,0.391838,00001000,39.1838,X]
[138,F,0.403003,00000010,40.3003,X]
[69,F,0.408103,00010000,40.8103,X]
[9,F,0.417869,11100000,41.7869,X]
[156,F,0.417969,00000001,41.7969,X]
[157,F,0.426758,00000001,42.6758,X]
[70,F,0.433494,00010000,43.3494,X]
[10,F,0.436423,11100000,43.6423,X]
[139,F,0.442066,00000010,44.2066,X]
[158,F,0.443359,00000001,44.3359,X]
[11,F,0.446189,11100000,44.6189,X]
[159,F,0.447266,00000001,44.7266,X]
[89,F,0.448478,00001000,44.8478,X]
[115,F,0.459131,00000100,45.9131,X]
[90,F,0.46215,00001000,46.215,X]
[116,F,0.466944,00000100,46.6944,X]
[117,F,0.469873,00000100,46.9873,X]
[12,F,0.485252,11100000,48.5252,X]
[160,F,0.486328,00000001,48.6328,X]
[161,F,0.490234,00000001,49.0234,X]
[162,F,0.507812,00000001,50.7812,X]
[163,F,0.510742,00000001,51.0742,X]
[118,F,0.511866,00000100,51.1866,X]
[140,F,0.512378,00000010,51.2378,X]
[13,F,0.516502,11100000,51.6502,X]
[71,F,0.525291,00010000,52.5291,X]
[141,F,0.530933,00000010,53.0933,X]
[91,F,0.535392,00001000,53.5392,X]
[14,F,0.542925,11000000,54.2925,X]
[72,F,0.554588,00010000,55.4588,X]
[15,F,0.554644,11000000,55.4644,X]
[164,F,0.561523,00000001,56.1523,X]
[92,F,0.565666,00001000,56.5666,X]
[119,F,0.566553,00000100,56.6553,X]
[16,F,0.571245,11000000,57.1245,X]
[46,F,0.574175,00100000,57.4175,X]
[25,F,0.585466,01000000,58.5466,X]
[142,F,0.586597,00000010,58.6597,X]
[165,F,0.59668,00000001,59.668,X]
[17,F,0.599138,10000000,59.9138,X]
[73,F,0.600486,00010000,60.0486,X]
[18,F,0.614763,10000000,61.4763,X]
[26,F,0.620622,01000000,62.0622,X]
[143,F,0.620777,00000010,62.0777,X]
[47,F,0.637652,00100000,63.7652,X]
[27,F,0.640153,01000000,64.0153,X]
[48,F,0.642534,00100000,64.2534,X]
[28,F,0.643083,01000000,64.3083,X]
[29,F,0.651872,01000000,65.1872,X]
[120,F,0.667139,00000100,66.7139,X]
[166,F,0.674805,00000001,67.4805,X]
[144,F,0.6823,00000010,68.23,X]
[121,F,0.68667,00000100,68.667,X]
[74,F,0.69033,00010000,69.033,X]
[19,F,0.692888,10000000,69.2888,X]
[30,F,0.720231,01000000,72.0231,X]
[93,F,0.720939,00001000,72.0939,X]
[122,F,0.736475,00000100,73.6475,X]
[31,F,0.739763,01000000,73.9763,X]
[167,F,0.74707,00000001,74.707,X]
[94,F,0.747306,00001000,74.7306,X]
[145,F,0.749683,00000010,74.9683,X]
[123,F,0.7521,00000100,75.21,X]
[20,F,0.755388,10000000,75.5388,X]
[168,F,0.755859,00000001,75.5859,X]
[49,F,0.760698,00100000,76.0698,X]
[95,F,0.763908,00001000,76.3908,X]
[32,F,0.773942,01000000,77.3942,X]
[146,F,0.778003,00000010,77.8003,X]
[50,F,0.789019,00100000,78.9019,X]
[75,F,0.789939,00010000,78.9939,X]
[124,F,0.793116,00000100,79.3116,X]
[96,F,0.796134,00001000,79.6134,X]
[51,F,0.80562,00100000,80.562,X]
[76,F,0.807517,00010000,80.7517,X]
[125,F,0.807764,00000100,80.7764,X]
[21,F,0.812028,10000000,81.2028,X]
[169,F,0.817383,00000001,81.7383,X]
[33,F,0.827653,01000000,82.7653,X]
[97,F,0.831291,00001000,83.1291,X]
[52,F,0.832964,00100000,83.2964,X]
[98,F,0.835197,00001000,83.5197,X]
[22,F,0.835466,10000000,83.5466,X]
[53,F,0.84273,00100000,84.273,X]
[77,F,0.844627,00010000,84.4627,X]
[23,F,0.847184,10000000,84.7184,X]
[170,F,0.853516,00000001,85.3516,X]
[54,F,0.854448,00100000,85.4448,X]
[55,F,0.860308,00100000,86.0308,X]
[78,F,0.867088,00010000,86.7087,X]
[24,F,0.874528,10000000,87.4528,X]
[34,F,0.875505,01000000,87.5505,X]
[126,F,0.88003,00000100,88.003,X]
[171,F,0.881836,00000001,88.1836,X]
[172,F,0.882812,00000001,88.2812,X]
[35,F,0.887223,01000000,88.7223,X]
[36,F,0.893083,01000000,89.3083,X]
[37,F,0.895036,01000000,89.5036,X]
[38,F,0.896989,01000000,89.6989,X]
[99,F,0.900627,00001000,90.0627,X]
[127,F,0.907373,00000100,90.7373,X]
[147,F,0.907886,00000010,90.7886,X]
[79,F,0.908103,00010000,90.8103,X]
[39,F,0.912614,01000000,91.2614,X]
[173,F,0.918945,00000001,91.8945,X]
[148,F,0.925464,00000010,92.5464,X]
[149,F,0.927417,00000010,92.7417,X]
[174,F,0.93457,00000001,93.457,X]
[56,F,0.943316,00100000,94.3316,X]
[40,F,0.948747,01000000,94.8747,X]
[57,F,0.951128,00100000,95.1128,X]
[128,F,0.953272,00000100,95.3272,X]
[58,F,0.958941,00100000,95.8941,X]
[150,F,0.959644,00000010,95.9644,X]
[41,F,0.960466,01000000,96.0466,X]
[42,F,0.961442,01000000,96.1442,X]
[100,F,0.971916,00001000,97.1916,X]
[43,F,0.975114,01000000,97.5114,X]
[101,F,0.980705,00001000,98.0705,X]
[44,F,0.982927,01000000,98.2927,X]
[102,F,0.983634,00001000,98.3634,X]
[45,F,0.987809,01000000,98.7809,X]
[103,F,0.988517,00001000,98.8517,X]
[104,F,0.9934,00001000,99.34,X]
GUIDE_TREE_PARTITION1=(((((((t1:42.43,t2:42.43):4.84,t3:47.27):33.99,t4:81.26):6.9,t5:88.16):5.38,t6:93.54):0.73,t7:94.27):5.73,t8:100);
