Taxa bit representation:
t1 10000000
t2 01000000
t3 00100000
t4 00010000
t5 00001000
t6 00000100
t7 00000010
t8 00000001
Clade List (<taxon members> = <clade name>): 

>Dataset_0
[0,F,0.0791016,11111110,7.91016,X]
[1,F,0.123047,11111110,12.3047,X]
[2,F,0.208984,11111110,20.8984,X]
[3,F,0.352539,11111110,35.2539,X]
[15,F,0.356445,00000001,35.6445,X]
[13,F,0.46785,00000010,46.785,X]
[12,F,0.576427,00000100,57.6427,X]
[4,F,0.586837,11100000,58.6837,X]
[16,F,0.634766,00000001,63.4766,X]
[17,F,0.691406,00000001,69.1406,X]
[6,F,0.725509,00010000,72.5509,X]
[7,F,0.728439,00010000,72.8439,X]
[8,F,0.774337,00010000,77.4337,X]
[11,F,0.819908,00001000,81.9908,X]
[18,F,0.84375,00000001,84.375,X]
[14,F,0.865311,00000010,86.5311,X]
[9,F,0.886642,00010000,88.6642,X]
[5,F,0.896295,10000000,89.6295,X]
[10,F,0.913986,00010000,91.3986,X]
[19,F,0.966797,00000001,96.6797,X]
GUIDE_TREE_PARTITION1=(((((((t1:11.64,t2:11.64):10.23,t3:21.87):21.79,t4:43.66):1.4,t5:45.06):6.77,t6:51.83):10.76,t7:62.59):37.41,t8:100);
