Taxa bit representation:
t1 10000000
t2 01000000
t3 00100000
t4 00010000
t5 00001000
t6 00000100
t7 00000010
t8 00000001
Clade List (<taxon members> = <clade name>): 

>Dataset_0
[43,F,0.0175781,00000011,1.75781,X]
[44,F,0.0283203,00000011,2.83203,X]
[45,F,0.115234,00000011,11.5234,X]
[29,F,0.142273,00001100,14.2273,X]
[0,F,0.224305,11110000,22.4305,X]
[46,F,0.249023,00000011,24.9023,X]
[1,F,0.264344,11110000,26.4344,X]
[47,F,0.277344,00000011,27.7344,X]
[30,F,0.28727,00001000,28.727,X]
[31,F,0.288247,00001000,28.8247,X]
[2,F,0.294617,11110000,29.4617,X]
[3,F,0.298523,11110000,29.8523,X]
[32,F,0.298989,00001000,29.8989,X]
[48,F,0.299805,00000011,29.9805,X]
[49,F,0.353516,00000011,35.3516,X]
[4,F,0.384461,11110000,38.4461,X]
[36,F,0.420083,00000100,42.0083,X]
[50,F,0.425781,00000011,42.5781,X]
[51,F,0.457031,00000011,45.7031,X]
[37,F,0.481606,00000100,48.1606,X]
[5,F,0.48407,11110000,48.407,X]
[6,F,0.526062,11110000,52.6062,X]
[7,F,0.555359,11110000,55.5359,X]
[33,F,0.59977,00001000,59.977,X]
[17,F,0.619355,00100000,61.9355,X]
[14,F,0.624989,01000000,62.4989,X]
[15,F,0.628895,01000000,62.8895,X]
[18,F,0.644745,00100000,64.4745,X]
[8,F,0.660145,10000000,66.0145,X]
[19,F,0.66623,00100000,66.623,X]
[25,F,0.683361,00010000,68.3361,X]
[34,F,0.697427,00001000,69.7427,X]
[35,F,0.705239,00001000,70.5239,X]
[9,F,0.710927,10000000,71.0927,X]
[56,F,0.723644,00000001,72.3644,X]
[52,F,0.72755,00000010,72.755,X]
[57,F,0.747081,00000001,74.7081,X]
[38,F,0.755044,00000100,75.5044,X]
[26,F,0.760509,00010000,76.0509,X]
[16,F,0.761708,01000000,76.1708,X]
[10,F,0.762684,10000000,76.2684,X]
[39,F,0.765786,00000100,76.5786,X]
[20,F,0.776581,00100000,77.6581,X]
[40,F,0.788247,00000100,78.8247,X]
[53,F,0.789073,00000010,78.9073,X]
[21,F,0.802948,00100000,80.2948,X]
[41,F,0.803872,00000100,80.3872,X]
[22,F,0.814667,00100000,81.4667,X]
[27,F,0.826916,00010000,82.6916,X]
[11,F,0.831044,10000000,83.1044,X]
[54,F,0.850597,00000010,85.0597,X]
[23,F,0.867402,00100000,86.7402,X]
[12,F,0.896473,10000000,89.6473,X]
[13,F,0.905262,10000000,90.5262,X]
[58,F,0.924816,00000001,92.4816,X]
[28,F,0.948986,00010000,94.8986,X]
[42,F,0.963052,00000100,96.3052,X]
[24,F,0.969941,00100000,96.9941,X]
[55,F,0.970714,00000010,97.0714,X]
[59,F,0.988292,00000001,98.8292,X]
[60,F,0.996105,00000001,99.6105,X]
GUIDE_TREE_PARTITION1=(((((t1:38.38,t2:38.38):1.54,t3:39.92):0.24,t4:40.16):48.64,(t5:77.23,t6:77.23):11.57):11.2,(t7:42.87,t8:42.87):57.13);
