Taxa bit representation:
t1 10000000
t2 01000000
t3 00100000
t4 00010000
t5 00001000
t6 00000100
t7 00000010
t8 00000001
Clade List (<taxon members> = <clade name>): 

>Dataset_0
[77,F,0.0302734,00000011,3.02734,X]
[0,F,0.0341797,11111100,3.41797,X]
[78,F,0.0722656,00000011,7.22656,X]
[79,F,0.0820312,00000011,8.20312,X]
[80,F,0.100586,00000011,10.0586,X]
[81,F,0.109375,00000011,10.9375,X]
[1,F,0.114258,11111100,11.4258,X]
[2,F,0.144531,11111100,14.4531,X]
[3,F,0.168945,11111100,16.8945,X]
[4,F,0.217266,11110000,21.7266,X]
[5,F,0.229961,11110000,22.9961,X]
[82,F,0.242953,00000010,24.2953,X]
[57,F,0.249492,00001100,24.9492,X]
[96,F,0.255648,00000001,25.5648,X]
[6,F,0.261211,11110000,26.1211,X]
[58,F,0.281719,00001100,28.1719,X]
[59,F,0.287578,00001100,28.7578,X]
[60,F,0.289531,00001100,28.9531,X]
[7,F,0.292461,11110000,29.2461,X]
[83,F,0.301547,00000010,30.1547,X]
[97,F,0.323031,00000001,32.3031,X]
[98,F,0.324984,00000001,32.4984,X]
[99,F,0.326937,00000001,32.6937,X]
[8,F,0.344031,11100000,34.4031,X]
[9,F,0.347938,11100000,34.7938,X]
[38,F,0.369422,00010000,36.9422,X]
[61,F,0.372539,00001100,37.2539,X]
[62,F,0.383281,00001100,38.3281,X]
[10,F,0.390906,11100000,39.0906,X]
[84,F,0.40018,00000010,40.018,X]
[63,F,0.407695,00001100,40.7695,X]
[11,F,0.420148,11000000,42.0148,X]
[28,F,0.424055,00100000,42.4055,X]
[29,F,0.428938,00100000,42.8938,X]
[12,F,0.438703,11000000,43.8703,X]
[13,F,0.440656,11000000,44.0656,X]
[39,F,0.45243,00010000,45.243,X]
[100,F,0.45682,00000001,45.682,X]
[64,F,0.4575,00001100,45.75,X]
[40,F,0.458289,00010000,45.8289,X]
[30,F,0.471906,00100000,47.1906,X]
[85,F,0.479281,00000010,47.9281,X]
[65,F,0.486797,00001100,48.6797,X]
[101,F,0.487094,00000001,48.7094,X]
[86,F,0.491,00000010,49.1,X]
[14,F,0.49925,11000000,49.925,X]
[15,F,0.505109,11000000,50.5109,X]
[87,F,0.51932,00000010,51.932,X]
[41,F,0.532508,00010000,53.2508,X]
[102,F,0.535922,00000001,53.5922,X]
[88,F,0.538852,00000010,53.8852,X]
[16,F,0.548078,11000000,54.8078,X]
[42,F,0.555945,00010000,55.5945,X]
[31,F,0.55882,00100000,55.882,X]
[43,F,0.563758,00010000,56.3758,X]
[44,F,0.567664,00010000,56.7664,X]
[103,F,0.576937,00000001,57.6937,X]
[32,F,0.585188,00100000,58.5188,X]
[17,F,0.589094,11000000,58.9094,X]
[33,F,0.593977,00100000,59.3977,X]
[89,F,0.607211,00000010,60.7211,X]
[45,F,0.611609,00010000,61.1609,X]
[104,F,0.61307,00000001,61.307,X]
[46,F,0.613563,00010000,61.3563,X]
[66,F,0.619609,00001100,61.9609,X]
[67,F,0.622539,00001100,62.2539,X]
[105,F,0.636508,00000001,63.6508,X]
[47,F,0.641883,00010000,64.1883,X]
[90,F,0.642367,00000010,64.2367,X]
[34,F,0.651594,00100000,65.1594,X]
[18,F,0.653547,11000000,65.3547,X]
[19,F,0.6555,11000000,65.55,X]
[106,F,0.656039,00000001,65.6039,X]
[68,F,0.678203,00001100,67.8203,X]
[69,F,0.691875,00001100,69.1875,X]
[107,F,0.695102,00000001,69.5102,X]
[35,F,0.699445,00100000,69.9445,X]
[48,F,0.700477,00010000,70.0477,X]
[36,F,0.703352,00100000,70.3352,X]
[20,F,0.730695,11000000,73.0695,X]
[49,F,0.736609,00010000,73.6609,X]
[108,F,0.741977,00000001,74.1977,X]
[21,F,0.744367,11000000,74.4367,X]
[109,F,0.744906,00000001,74.4906,X]
[70,F,0.752422,00001100,75.2422,X]
[71,F,0.766094,00001100,76.6094,X]
[37,F,0.785383,00100000,78.5383,X]
[91,F,0.792758,00000010,79.2758,X]
[50,F,0.835242,00010000,83.5242,X]
[72,F,0.846172,00001100,84.6172,X]
[73,F,0.850078,00001100,85.0078,X]
[51,F,0.861609,00010000,86.1609,X]
[110,F,0.866,00000001,86.6,X]
[52,F,0.873328,00010000,87.3328,X]
[74,F,0.891094,00001100,89.1094,X]
[27,F,0.892484,01000000,89.2484,X]
[53,F,0.901648,00010000,90.1648,X]
[92,F,0.934359,00000010,93.4359,X]
[111,F,0.934359,00000001,93.4359,X]
[22,F,0.938383,10000000,93.8383,X]
[54,F,0.943641,00010000,94.3641,X]
[93,F,0.953891,00000010,95.3891,X]
[94,F,0.96268,00000010,96.268,X]
[23,F,0.968656,10000000,96.8656,X]
[75,F,0.969219,00001100,96.9219,X]
[55,F,0.970008,00010000,97.0008,X]
[76,F,0.971172,00001100,97.1172,X]
[95,F,0.987094,00000010,98.7094,X]
[56,F,0.987586,00010000,98.7586,X]
[24,F,0.989164,10000000,98.9164,X]
[25,F,0.990141,10000000,99.0141,X]
[26,F,0.996977,10000000,99.6977,X]
GUIDE_TREE_PARTITION1=(((((t1:12.9,t2:12.9):46.55,t3:59.45):8.1,t4:67.55):11.7,(t5:0.86,t6:0.86):78.39):20.75,(t7:82.15,t8:82.15):17.85);
