Taxa bit representation:
t1 10000000
t2 01000000
t3 00100000
t4 00010000
t5 00001000
t6 00000100
t7 00000010
t8 00000001
Clade List (<taxon members> = <clade name>): 

>Dataset_0
[77,F,0.00878906,00000011,0.878906,X]
[0,F,0.0253906,11111100,2.53906,X]
[1,F,0.0566406,11111100,5.66406,X]
[2,F,0.0605469,11111100,6.05469,X]
[78,F,0.0664062,00000011,6.64062,X]
[79,F,0.0761719,00000011,7.61719,X]
[3,F,0.0898438,11111100,8.98438,X]
[80,F,0.0966797,00000011,9.66797,X]
[81,F,0.104492,00000011,10.4492,X]
[82,F,0.111328,00000011,11.1328,X]
[83,F,0.136719,00000011,13.6719,X]
[84,F,0.171875,00000011,17.1875,X]
[4,F,0.179608,11110000,17.9608,X]
[85,F,0.180664,00000011,18.0664,X]
[5,F,0.196209,11110000,19.6209,X]
[6,F,0.202069,11110000,20.2069,X]
[7,F,0.203045,11110000,20.3045,X]
[59,F,0.207928,00001100,20.7928,X]
[86,F,0.229492,00000011,22.9492,X]
[87,F,0.235352,00000011,23.5352,X]
[60,F,0.298748,00001100,29.8748,X]
[88,F,0.3125,00000011,31.25,X]
[89,F,0.319336,00000011,31.9336,X]
[90,F,0.335938,00000011,33.5938,X]
[44,F,0.336253,00010000,33.6253,X]
[91,F,0.34668,00000011,34.668,X]
[61,F,0.351483,00001100,35.1483,X]
[32,F,0.375373,00100000,37.5373,X]
[92,F,0.393555,00000011,39.3555,X]
[93,F,0.394531,00000011,39.4531,X]
[33,F,0.40467,00100000,40.467,X]
[8,F,0.44178,11000000,44.178,X]
[45,F,0.450511,00010000,45.0511,X]
[94,F,0.456055,00000011,45.6055,X]
[95,F,0.457031,00000011,45.7031,X]
[46,F,0.480784,00010000,48.0784,X]
[62,F,0.481366,00001100,48.1366,X]
[96,F,0.485352,00000011,48.5352,X]
[34,F,0.488655,00100000,48.8655,X]
[9,F,0.490661,10000000,49.0661,X]
[35,F,0.496467,00100000,49.6467,X]
[36,F,0.50428,00100000,50.428,X]
[63,F,0.514569,00001100,51.4569,X]
[10,F,0.516052,10000000,51.6052,X]
[97,F,0.519531,00000011,51.9531,X]
[98,F,0.536133,00000011,53.6133,X]
[11,F,0.543395,10000000,54.3395,X]
[47,F,0.548167,00010000,54.8167,X]
[99,F,0.548828,00000011,54.8828,X]
[48,F,0.564769,00010000,56.4769,X]
[100,F,0.570312,00000011,57.0312,X]
[64,F,0.574139,00001100,57.4139,X]
[37,F,0.574592,00100000,57.4592,X]
[101,F,0.576172,00000011,57.6172,X]
[18,F,0.577575,01000000,57.7575,X]
[49,F,0.5843,00010000,58.43,X]
[19,F,0.589294,01000000,58.9294,X]
[38,F,0.599006,00100000,59.9006,X]
[50,F,0.603831,00010000,60.3831,X]
[51,F,0.61262,00010000,61.262,X]
[20,F,0.622497,01000000,62.2497,X]
[65,F,0.641522,00001100,64.1522,X]
[102,F,0.657227,00000011,65.7227,X]
[103,F,0.666992,00000011,66.6992,X]
[104,F,0.677734,00000011,67.7734,X]
[52,F,0.68098,00010000,68.098,X]
[53,F,0.682933,00010000,68.2933,X]
[12,F,0.684997,10000000,68.4997,X]
[13,F,0.68695,10000000,68.695,X]
[105,F,0.689453,00000011,68.9453,X]
[21,F,0.690856,01000000,69.0856,X]
[106,F,0.694336,00000011,69.4336,X]
[14,F,0.696716,10000000,69.6716,X]
[66,F,0.703045,00001100,70.3045,X]
[22,F,0.716247,01000000,71.6247,X]
[107,F,0.716797,00000011,71.6797,X]
[23,F,0.72113,01000000,72.113,X]
[39,F,0.726936,00100000,72.6936,X]
[24,F,0.736755,01000000,73.6755,X]
[108,F,0.746094,00000011,74.6094,X]
[109,F,0.769531,00000011,76.9531,X]
[40,F,0.769905,00100000,76.9905,X]
[67,F,0.772381,00001100,77.2381,X]
[25,F,0.774841,01000000,77.4841,X]
[110,F,0.789062,00000011,78.9062,X]
[54,F,0.795237,00010000,79.5237,X]
[68,F,0.798748,00001100,79.8748,X]
[15,F,0.806091,10000000,80.6091,X]
[73,F,0.834553,00000100,83.4553,X]
[26,F,0.853942,01000000,85.3942,X]
[16,F,0.854919,10000000,85.4919,X]
[55,F,0.855784,00010000,85.5784,X]
[27,F,0.869567,01000000,86.9567,X]
[17,F,0.872497,10000000,87.2497,X]
[41,F,0.881233,00100000,88.1233,X]
[42,F,0.886116,00100000,88.6116,X]
[56,F,0.887034,00010000,88.7034,X]
[57,F,0.902659,00010000,90.2659,X]
[58,F,0.903636,00010000,90.3636,X]
[69,F,0.903889,00001000,90.3889,X]
[28,F,0.913512,01000000,91.3512,X]
[74,F,0.913655,00000100,91.3655,X]
[70,F,0.915608,00001000,91.5608,X]
[75,F,0.917561,00000100,91.7561,X]
[71,F,0.918538,00001000,91.8538,X]
[111,F,0.951139,00000010,95.1139,X]
[112,F,0.952116,00000010,95.2116,X]
[43,F,0.953498,00100000,95.3498,X]
[76,F,0.95467,00000100,95.467,X]
[29,F,0.960387,01000000,96.0387,X]
[30,F,0.963317,01000000,96.3317,X]
[31,F,0.967223,01000000,96.7223,X]
[72,F,0.990803,00001000,99.0803,X]
GUIDE_TREE_PARTITION1=(((((t1:53.18,t2:53.18):12.31,t3:65.49):1.08,t4:66.57):17.52,(t5:16.74,t6:16.74):67.35):15.91,(t7:8.89,t8:8.89):91.11);
