Taxa bit representation:
t1 10000000
t2 01000000
t3 00100000
t4 00010000
t5 00001000
t6 00000100
t7 00000010
t8 00000001
Clade List (<taxon members> = <clade name>): 

>Dataset_0
[16,F,0.104492,00000011,10.4492,X]
[17,F,0.186523,00000011,18.6523,X]
[18,F,0.211914,00000011,21.1914,X]
[12,F,0.245963,00001100,24.5963,X]
[23,F,0.30922,00000001,30.922,X]
[13,F,0.350455,00001100,35.0455,X]
[7,F,0.444027,00010000,44.4027,X]
[19,F,0.451798,00000010,45.1798,X]
[20,F,0.455705,00000010,45.5705,X]
[8,F,0.464534,00010000,46.4534,X]
[9,F,0.473323,00010000,47.3323,X]
[21,F,0.55922,00000010,55.922,X]
[10,F,0.559261,00010000,55.9261,X]
[5,F,0.573977,00100000,57.3977,X]
[6,F,0.648195,00100000,64.8195,X]
[22,F,0.662736,00000010,66.2736,X]
[14,F,0.684439,00001100,68.4439,X]
[24,F,0.694962,00000001,69.4962,X]
[0,F,0.725344,11000000,72.5344,X]
[1,F,0.852023,10000000,85.2023,X]
[2,F,0.854953,10000000,85.4953,X]
[11,F,0.861019,00010000,86.1019,X]
[15,F,0.883658,00001100,88.3658,X]
[25,F,0.947892,00000001,94.7892,X]
[3,F,0.94968,10000000,94.968,X]
[4,F,0.971164,01000000,97.1164,X]
GUIDE_TREE_PARTITION1=(((((t1:27.2,t2:27.2):34.25,t3:61.45):9.87,t4:71.32):7.99,(t5:2.87,t6:2.87):76.44):20.69,(t7:71.91,t8:71.91):28.09);
