Taxa bit representation:
t1 10000000
t2 01000000
t3 00100000
t4 00010000
t5 00001000
t6 00000100
t7 00000010
t8 00000001
Clade List (<taxon members> = <clade name>): 

>Dataset_0
[14,F,0.273411,00000011,27.3411,X]
[10,F,0.431412,00000100,43.1412,X]
[11,F,0.570084,00000100,57.0084,X]
[20,F,0.666861,00000001,66.6861,X]
[15,F,0.686392,00000010,68.6392,X]
[16,F,0.691275,00000010,69.1275,X]
[0,F,0.706506,11000000,70.6506,X]
[17,F,0.713736,00000010,71.3736,X]
[1,F,0.714319,11000000,71.4319,X]
[12,F,0.714616,00000100,71.4616,X]
[13,F,0.728287,00000100,72.8287,X]
[6,F,0.745078,00010000,74.5078,X]
[7,F,0.783164,00010000,78.3164,X]
[8,F,0.846452,00001000,84.6452,X]
[18,F,0.867056,00000010,86.7056,X]
[9,F,0.868912,00001000,86.8912,X]
[5,F,0.899792,01000000,89.9792,X]
[2,F,0.906628,10000000,90.6628,X]
[3,F,0.927136,10000000,92.7136,X]
[4,F,0.949597,10000000,94.9597,X]
[19,F,0.976431,00000010,97.6431,X]
GUIDE_TREE_PARTITION1=(((t1:14.22,t2:14.22):34.27,(t3:27.25,t4:27.25):21.24):51.51,((t5:76.39,t6:76.39):14.14,(t7:66.81,t8:66.81):23.72):9.47);
