Taxa bit representation:
t1 10000000
t2 01000000
t3 00100000
t4 00010000
t5 00001000
t6 00000100
t7 00000010
t8 00000001
Clade List (<taxon members> = <clade name>): 

>Dataset_0
[24,F,0.0544844,00001100,5.44844,X]
[25,F,0.0613203,00001100,6.13203,X]
[0,F,0.06425,11110000,6.425,X]
[1,F,0.0974531,11110000,9.74531,X]
[41,F,0.105469,00000011,10.5469,X]
[26,F,0.159953,00001100,15.9953,X]
[42,F,0.18457,00000011,18.457,X]
[43,F,0.201172,00000011,20.1172,X]
[27,F,0.219523,00001100,21.9523,X]
[44,F,0.225586,00000011,22.5586,X]
[45,F,0.244141,00000011,24.4141,X]
[28,F,0.247844,00001100,24.7844,X]
[2,F,0.250773,11110000,25.0773,X]
[3,F,0.257609,11110000,25.7609,X]
[29,F,0.286906,00001100,28.6906,X]
[46,F,0.294922,00000011,29.4922,X]
[4,F,0.310344,11110000,31.0344,X]
[30,F,0.319133,00001100,31.9133,X]
[31,F,0.329875,00001100,32.9875,X]
[20,F,0.36752,00010000,36.752,X]
[47,F,0.369141,00000011,36.9141,X]
[5,F,0.37338,11100000,37.338,X]
[48,F,0.37793,00000011,37.793,X]
[6,F,0.387052,11100000,38.7052,X]
[32,F,0.394733,00001000,39.4733,X]
[49,F,0.422852,00000011,42.2852,X]
[50,F,0.444336,00000011,44.4336,X]
[33,F,0.447467,00001000,44.7467,X]
[34,F,0.448444,00001000,44.8444,X]
[36,F,0.495319,00000100,49.5319,X]
[51,F,0.507812,00000011,50.7812,X]
[7,F,0.516062,11000000,51.6062,X]
[8,F,0.564891,11000000,56.4891,X]
[37,F,0.579303,00000100,57.9303,X]
[15,F,0.582469,00100000,58.2469,X]
[52,F,0.586914,00000011,58.6914,X]
[9,F,0.589305,11000000,58.9305,X]
[10,F,0.598094,11000000,59.8094,X]
[11,F,0.601023,11000000,60.1023,X]
[53,F,0.601359,00000010,60.1359,X]
[16,F,0.602977,00100000,60.2977,X]
[54,F,0.605266,00000010,60.5266,X]
[38,F,0.610553,00000100,61.0553,X]
[17,F,0.654734,00100000,65.4734,X]
[21,F,0.658536,00010000,65.8536,X]
[60,F,0.701945,00000001,70.1945,X]
[55,F,0.724406,00000010,72.4406,X]
[56,F,0.734172,00000010,73.4172,X]
[12,F,0.777781,11000000,77.7781,X]
[57,F,0.801555,00000010,80.1555,X]
[61,F,0.822063,00000001,82.2062,X]
[13,F,0.834422,11000000,83.4422,X]
[39,F,0.835163,00000100,83.5162,X]
[62,F,0.841594,00000001,84.1594,X]
[63,F,0.847453,00000001,84.7453,X]
[64,F,0.84843,00000001,84.843,X]
[22,F,0.864591,00010000,86.4591,X]
[65,F,0.878703,00000001,87.8703,X]
[23,F,0.894864,00010000,89.4864,X]
[58,F,0.909953,00000010,90.9953,X]
[14,F,0.9145,11000000,91.45,X]
[18,F,0.931102,00100000,93.1102,X]
[40,F,0.936725,00000100,93.6725,X]
[59,F,0.94218,00000010,94.218,X]
[19,F,0.969187,00100000,96.9187,X]
[35,F,0.98067,00001000,98.067,X]
GUIDE_TREE_PARTITION1=(((((t1:2.32,t2:2.32):49.98,t3:52.3):13.78,t4:66.08):30.62,(t5:64.14,t6:64.14):32.56):3.3,(t7:40.45,t8:40.45):59.55);
