Taxa bit representation:
t1 10000000
t2 01000000
t3 00100000
t4 00010000
t5 00001000
t6 00000100
t7 00000010
t8 00000001
Clade List (<taxon members> = <clade name>): 

>Dataset_0
[12,F,0.0078125,00001111,0.78125,X]
[13,F,0.0185547,00001111,1.85547,X]
[0,F,0.0634766,11110000,6.34766,X]
[14,F,0.134766,00001111,13.4766,X]
[1,F,0.143555,11110000,14.3555,X]
[15,F,0.151367,00001111,15.1367,X]
[16,F,0.306641,00001111,30.6641,X]
[17,F,0.328125,00001111,32.8125,X]
[2,F,0.393555,11110000,39.3555,X]
[3,F,0.423828,11110000,42.3828,X]
[18,F,0.429688,00001111,42.9688,X]
[19,F,0.49707,00001111,49.707,X]
[4,F,0.539062,11110000,53.9062,X]
[20,F,0.605772,00001100,60.5772,X]
[5,F,0.610352,11110000,61.0352,X]
[6,F,0.633789,11110000,63.3789,X]
[27,F,0.650694,00000011,65.0694,X]
[21,F,0.71417,00001100,71.417,X]
[22,F,0.734678,00001100,73.4678,X]
[7,F,0.750373,11000000,75.0373,X]
[8,F,0.84803,11000000,84.803,X]
[23,F,0.872373,00001100,87.2373,X]
[24,F,0.875303,00001100,87.5303,X]
[28,F,0.875303,00000011,87.5303,X]
[25,F,0.90753,00001100,90.753,X]
[29,F,0.917614,00000010,91.7614,X]
[30,F,0.919567,00000001,91.9567,X]
[11,F,0.948016,00010000,94.8016,X]
[31,F,0.979137,00000001,97.9137,X]
[10,F,0.979781,01000000,97.9781,X]
[9,F,0.983688,10000000,98.3688,X]
[26,F,0.99852,00000100,99.852,X]
GUIDE_TREE_PARTITION1=(((t1:13.35,t2:13.35):20.89,(t3:9.3,t4:9.3):24.94):65.76,((t5:2.98,t6:2.98):44.06,(t7:10.68,t8:10.68):36.36):52.96);
