Taxa bit representation:
t1 10000000
t2 01000000
t3 00100000
t4 00010000
t5 00001000
t6 00000100
t7 00000010
t8 00000001
Clade List (<taxon members> = <clade name>): 

>Dataset_0
[79,F,0.0507812,00000011,5.07812,X]
[0,F,0.0576172,11111100,5.76172,X]
[1,F,0.0644531,11111100,6.44531,X]
[2,F,0.110352,11111100,11.0352,X]
[80,F,0.125,00000011,12.5,X]
[3,F,0.131836,11111100,13.1836,X]
[4,F,0.148437,11111100,14.8437,X]
[81,F,0.166992,00000011,16.6992,X]
[5,F,0.176758,11111100,17.6758,X]
[82,F,0.249023,00000011,24.9023,X]
[83,F,0.251953,00000011,25.1953,X]
[45,F,0.259491,00001100,25.9491,X]
[6,F,0.272186,11110000,27.2186,X]
[84,F,0.279297,00000011,27.9297,X]
[7,F,0.282928,11110000,28.2928,X]
[46,F,0.300506,00001100,30.0506,X]
[47,F,0.317108,00001100,31.7108,X]
[8,F,0.319061,11110000,31.9061,X]
[48,F,0.339569,00001100,33.9569,X]
[85,F,0.365234,00000011,36.5234,X]
[86,F,0.383789,00000011,38.3789,X]
[9,F,0.404998,11110000,40.4998,X]
[87,F,0.424805,00000011,42.4805,X]
[88,F,0.426758,00000011,42.6758,X]
[10,F,0.439178,11110000,43.9178,X]
[11,F,0.475311,11110000,47.5311,X]
[67,F,0.478853,00000100,47.8853,X]
[12,F,0.505791,11100000,50.5791,X]
[49,F,0.510103,00001000,51.0103,X]
[50,F,0.513033,00001000,51.3033,X]
[51,F,0.521822,00001000,52.1822,X]
[13,F,0.525322,11100000,52.5322,X]
[52,F,0.526705,00001000,52.6705,X]
[53,F,0.527681,00001000,52.7681,X]
[54,F,0.532564,00001000,53.2564,X]
[68,F,0.535494,00000100,53.5494,X]
[14,F,0.540947,11100000,54.0947,X]
[36,F,0.547783,00010000,54.7783,X]
[15,F,0.555595,11100000,55.5595,X]
[16,F,0.566337,11100000,56.6337,X]
[17,F,0.57708,11100000,57.708,X]
[37,F,0.578056,00010000,57.8056,X]
[18,F,0.581962,11100000,58.1962,X]
[19,F,0.595634,11100000,59.5634,X]
[55,F,0.624361,00001000,62.4361,X]
[56,F,0.628267,00001000,62.8267,X]
[69,F,0.629244,00000100,62.9244,X]
[57,F,0.632173,00001000,63.2173,X]
[70,F,0.634127,00000100,63.4127,X]
[20,F,0.644462,11100000,64.4462,X]
[71,F,0.644869,00000100,64.4869,X]
[58,F,0.655611,00001000,65.5611,X]
[72,F,0.656587,00000100,65.6587,X]
[59,F,0.6644,00001000,66.44,X]
[73,F,0.670259,00000100,67.0259,X]
[89,F,0.678711,00000011,67.8711,X]
[90,F,0.68457,00000011,68.457,X]
[91,F,0.699219,00000011,69.9219,X]
[38,F,0.700127,00010000,70.0127,X]
[21,F,0.70208,11100000,70.208,X]
[92,F,0.71582,00000011,71.582,X]
[93,F,0.72168,00000011,72.168,X]
[39,F,0.723564,00010000,72.3564,X]
[74,F,0.739595,00000100,73.9595,X]
[75,F,0.749361,00000100,74.9361,X]
[94,F,0.753906,00000011,75.3906,X]
[22,F,0.757744,11000000,75.7744,X]
[60,F,0.762056,00001000,76.2056,X]
[40,F,0.76458,00010000,76.458,X]
[61,F,0.771822,00001000,77.1822,X]
[62,F,0.784517,00001000,78.4517,X]
[76,F,0.797212,00000100,79.7212,X]
[31,F,0.820244,00100000,82.0244,X]
[77,F,0.833345,00000100,83.3345,X]
[41,F,0.837822,00010000,83.7822,X]
[63,F,0.838228,00001000,83.8228,X]
[23,F,0.843681,11000000,84.3681,X]
[95,F,0.846409,00000010,84.6409,X]
[24,F,0.84943,10000000,84.943,X]
[99,F,0.852269,00000001,85.2269,X]
[25,F,0.855289,10000000,85.5289,X]
[64,F,0.858736,00001000,85.8736,X]
[28,F,0.867984,01000000,86.7984,X]
[32,F,0.872002,00100000,87.2002,X]
[96,F,0.879612,00000010,87.9612,X]
[42,F,0.882744,00010000,88.2744,X]
[43,F,0.88372,00010000,88.372,X]
[33,F,0.884697,00100000,88.4697,X]
[34,F,0.897392,00100000,89.7392,X]
[29,F,0.915836,01000000,91.5836,X]
[65,F,0.923189,00001000,92.3189,X]
[78,F,0.925142,00000100,92.5142,X]
[35,F,0.926689,00100000,92.6689,X]
[100,F,0.935277,00000001,93.5277,X]
[26,F,0.938297,10000000,93.8297,X]
[66,F,0.938814,00001000,93.8814,X]
[101,F,0.942112,00000001,94.2112,X]
[44,F,0.945244,00010000,94.5244,X]
[97,F,0.946995,00000010,94.6995,X]
[98,F,0.959691,00000010,95.9691,X]
[102,F,0.960667,00000001,96.0667,X]
[103,F,0.961644,00000001,96.1644,X]
[104,F,0.971409,00000001,97.1409,X]
[105,F,0.979222,00000001,97.9222,X]
[27,F,0.993961,10000000,99.3961,X]
[30,F,0.998844,01000000,99.8844,X]
GUIDE_TREE_PARTITION1=(((((t1:15.35,t2:15.35):11.61,t3:26.96):25,t4:51.96):24.63,(t5:52.31,t6:52.31):24.28):23.41,(t7:19.07,t8:19.07):80.93);
