Taxa bit representation:
t1 10000000
t2 01000000
t3 00100000
t4 00010000
t5 00001000
t6 00000100
t7 00000010
t8 00000001
Clade List (<taxon members> = <clade name>): 

>Dataset_0
[13,F,0.0400391,00001111,4.00391,X]
[14,F,0.0625,00001111,6.25,X]
[6,F,0.0694766,00110000,6.94766,X]
[15,F,0.078125,00001111,7.8125,X]
[7,F,0.142719,00110000,14.2719,X]
[0,F,0.146625,11000000,14.6625,X]
[8,F,0.249164,00110000,24.9164,X]
[9,F,0.331195,00110000,33.1195,X]
[16,F,0.400323,00001100,40.0323,X]
[10,F,0.4435,00110000,44.35,X]
[11,F,0.451313,00110000,45.1313,X]
[20,F,0.561456,00000011,56.1456,X]
[17,F,0.575128,00001100,57.5128,X]
[18,F,0.59173,00001100,59.173,X]
[1,F,0.68465,10000000,68.465,X]
[3,F,0.685627,01000000,68.5627,X]
[12,F,0.806781,00110000,80.6781,X]
[2,F,0.853595,10000000,85.3595,X]
[19,F,0.928541,00000100,92.8541,X]
[4,F,0.93758,01000000,93.758,X]
[5,F,0.96297,01000000,96.297,X]
[21,F,0.992703,00000010,99.2703,X]
GUIDE_TREE_PARTITION1=(((t1:47.16,t2:47.16):45.99,(t3:4.83,t4:4.83):88.32):6.85,((t5:19.06,t6:19.06):53.31,(t7:22.8,t8:22.8):49.57):27.63);
