Taxa bit representation:
t1 10000000
t2 01000000
t3 00100000
t4 00010000
t5 00001000
t6 00000100
t7 00000010
t8 00000001
Clade List (<taxon members> = <clade name>): 

>Dataset_0
[30,F,0.00878906,00000001,0.878906,X]
[0,F,0.0800781,11111110,8.00781,X]
[1,F,0.200862,11111100,20.0862,X]
[2,F,0.236019,11111100,23.6019,X]
[31,F,0.245117,00000001,24.5117,X]
[3,F,0.25848,11111100,25.848,X]
[32,F,0.269531,00000001,26.9531,X]
[4,F,0.278011,11111100,27.8011,X]
[24,F,0.320003,00000010,32.0003,X]
[33,F,0.336914,00000001,33.6914,X]
[34,F,0.358398,00000001,35.8398,X]
[25,F,0.359066,00000010,35.9066,X]
[35,F,0.362305,00000001,36.2305,X]
[5,F,0.38348,11111100,38.348,X]
[26,F,0.452816,00000010,45.2816,X]
[6,F,0.499691,11111100,49.9691,X]
[7,F,0.539409,11111000,53.9409,X]
[21,F,0.542339,00000100,54.2339,X]
[36,F,0.564453,00000001,56.4453,X]
[27,F,0.628597,00000010,62.8597,X]
[22,F,0.635112,00000100,63.5112,X]
[17,F,0.65113,00001000,65.113,X]
[8,F,0.688239,11110000,68.8239,X]
[37,F,0.755859,00000001,75.5859,X]
[18,F,0.795661,00001000,79.5661,X]
[9,F,0.831414,11100000,83.1414,X]
[10,F,0.851759,11000000,85.1759,X]
[28,F,0.862972,00000010,86.2972,X]
[19,F,0.863044,00001000,86.3044,X]
[15,F,0.868361,00100000,86.8361,X]
[29,F,0.903011,00000010,90.3011,X]
[11,F,0.903517,11000000,90.3517,X]
[38,F,0.917969,00000001,91.7969,X]
[16,F,0.923211,00010000,92.3211,X]
[20,F,0.943122,00001000,94.3122,X]
[14,F,0.974636,01000000,97.4636,X]
[12,F,0.992214,10000000,99.2214,X]
[23,F,0.993511,00000100,99.3511,X]
[13,F,0.994167,10000000,99.4167,X]
GUIDE_TREE_PARTITION1=(((((((t1:9.47,t2:9.47):5.94,t3:15.41):3.89,t4:19.3):15.88,t5:35.18):14.59,t6:49.77):34.05,t7:83.82):16.18,t8:100);
