Taxa bit representation:
t1 10000000
t2 01000000
t3 00100000
t4 00010000
t5 00001000
t6 00000100
t7 00000010
t8 00000001
Clade List (<taxon members> = <clade name>): 

>Dataset_0
[0,F,0.0527344,11111110,5.27344,X]
[14,F,0.227728,00000010,22.7728,X]
[11,F,0.299297,00000100,29.9297,X]
[7,F,0.427684,00001000,42.7684,X]
[15,F,0.637884,00000010,63.7884,X]
[5,F,0.652698,00010000,65.2698,X]
[8,F,0.682567,00001000,68.2567,X]
[9,F,0.772411,00001000,77.2411,X]
[10,F,0.779247,00001000,77.9247,X]
[2,F,0.796306,00100000,79.6306,X]
[16,F,0.798828,00000001,79.8828,X]
[12,F,0.82957,00000100,82.957,X]
[6,F,0.852894,00010000,85.2894,X]
[3,F,0.861736,00100000,86.1736,X]
[4,F,0.902752,00100000,90.2752,X]
[13,F,0.942852,00000100,94.2852,X]
[1,F,0.950756,10000000,95.0756,X]
GUIDE_TREE_PARTITION1=(((((((t1:20.94,t2:20.94):12.32,t3:33.26):31.06,t4:64.32):7.56,t5:71.88):1.12,t6:73):9.11,t7:82.11):17.89,t8:100);
