Taxa bit representation:
t1 10000000
t2 01000000
t3 00100000
t4 00010000
t5 00001000
t6 00000100
t7 00000010
t8 00000001
Clade List (<taxon members> = <clade name>): 

>Dataset_0
[123,F,0.0185547,00000011,1.85547,X]
[124,F,0.0263672,00000011,2.63672,X]
[125,F,0.0576172,00000011,5.76172,X]
[0,F,0.0595703,11111100,5.95703,X]
[1,F,0.0615234,11111100,6.15234,X]
[126,F,0.0722656,00000011,7.22656,X]
[2,F,0.0820312,11111100,8.20312,X]
[3,F,0.0900766,11110000,9.00766,X]
[4,F,0.101795,11110000,10.1795,X]
[127,F,0.103516,00000011,10.3516,X]
[5,F,0.109608,11110000,10.9608,X]
[6,F,0.114491,11110000,11.4491,X]
[7,F,0.12035,11110000,12.035,X]
[8,F,0.144764,11110000,14.4764,X]
[88,F,0.156483,00001100,15.6483,X]
[9,F,0.167225,11110000,16.7225,X]
[10,F,0.176991,11110000,17.6991,X]
[11,F,0.17992,11110000,17.992,X]
[128,F,0.205078,00000011,20.5078,X]
[129,F,0.214844,00000011,21.4844,X]
[89,F,0.219959,00001100,21.9959,X]
[63,F,0.220408,00010000,22.0408,X]
[12,F,0.223338,11100000,22.3338,X]
[130,F,0.225586,00000011,22.5586,X]
[131,F,0.236328,00000011,23.6328,X]
[132,F,0.257812,00000011,25.7812,X]
[133,F,0.268555,00000011,26.8555,X]
[13,F,0.270213,11100000,27.0213,X]
[64,F,0.281931,00010000,28.1931,X]
[90,F,0.282459,00001100,28.2459,X]
[134,F,0.288086,00000011,28.8086,X]
[65,F,0.292673,00010000,29.2673,X]
[14,F,0.297556,11100000,29.7556,X]
[91,F,0.298084,00001100,29.8084,X]
[66,F,0.299509,00010000,29.9509,X]
[15,F,0.300486,11100000,30.0486,X]
[67,F,0.320994,00010000,32.0994,X]
[68,F,0.331736,00010000,33.1736,X]
[69,F,0.344431,00010000,34.4431,X]
[70,F,0.360056,00010000,36.0056,X]
[92,F,0.366614,00001000,36.6614,X]
[16,F,0.381541,11100000,38.1541,X]
[135,F,0.381836,00000011,38.1836,X]
[109,F,0.383216,00000100,38.3216,X]
[136,F,0.399414,00000011,39.9414,X]
[137,F,0.412109,00000011,41.2109,X]
[17,F,0.419627,11100000,41.9627,X]
[138,F,0.426758,00000011,42.6758,X]
[93,F,0.433997,00001000,43.3997,X]
[18,F,0.438181,11100000,43.8181,X]
[71,F,0.445017,00010000,44.5017,X]
[110,F,0.462317,00000100,46.2317,X]
[94,F,0.485755,00001000,48.5755,X]
[111,F,0.493567,00000100,49.3567,X]
[95,F,0.49552,00001000,49.552,X]
[96,F,0.499427,00001000,49.9427,X]
[34,F,0.511689,01000000,51.1689,X]
[72,F,0.514353,00010000,51.4353,X]
[97,F,0.52677,00001000,52.677,X]
[112,F,0.527747,00000100,52.7747,X]
[73,F,0.529002,00010000,52.9002,X]
[50,F,0.537333,00100000,53.7333,X]
[35,F,0.538056,01000000,53.8056,X]
[113,F,0.543372,00000100,54.3372,X]
[51,F,0.549052,00100000,54.9052,X]
[114,F,0.551184,00000100,55.1184,X]
[115,F,0.556067,00000100,55.6067,X]
[19,F,0.558564,10000000,55.8564,X]
[36,F,0.563447,01000000,56.3447,X]
[20,F,0.567353,10000000,56.7353,X]
[21,F,0.574189,10000000,57.4189,X]
[116,F,0.574622,00000100,57.4622,X]
[98,F,0.575598,00001000,57.5598,X]
[22,F,0.579072,10000000,57.9072,X]
[74,F,0.581736,00010000,58.1736,X]
[37,F,0.586884,01000000,58.6884,X]
[139,F,0.588867,00000011,58.8867,X]
[52,F,0.590067,00100000,59.0067,X]
[117,F,0.591223,00000100,59.1223,X]
[53,F,0.592997,00100000,59.2997,X]
[54,F,0.601786,00100000,60.1786,X]
[140,F,0.604492,00000011,60.4492,X]
[75,F,0.608103,00010000,60.8103,X]
[55,F,0.628153,00100000,62.8153,X]
[99,F,0.632239,00001000,63.2239,X]
[141,F,0.635742,00000011,63.5742,X]
[56,F,0.636942,00100000,63.6942,X]
[142,F,0.637695,00000011,63.7695,X]
[100,F,0.638098,00001000,63.8098,X]
[38,F,0.641572,01000000,64.1572,X]
[101,F,0.655677,00001000,65.5677,X]
[143,F,0.65918,00000011,65.918,X]
[76,F,0.663767,00010000,66.3767,X]
[39,F,0.665986,01000000,66.5986,X]
[102,F,0.675208,00001000,67.5208,X]
[57,F,0.695536,00100000,69.5536,X]
[40,F,0.696259,01000000,69.6259,X]
[41,F,0.700166,01000000,70.0166,X]
[144,F,0.738281,00000011,73.8281,X]
[103,F,0.740638,00001000,74.0637,X]
[42,F,0.744111,01000000,74.4111,X]
[118,F,0.75138,00000100,75.138,X]
[77,F,0.753611,00010000,75.3611,X]
[78,F,0.754587,00010000,75.4587,X]
[104,F,0.757239,00001000,75.7239,X]
[119,F,0.759192,00000100,75.9192,X]
[58,F,0.761942,00100000,76.1942,X]
[43,F,0.774384,01000000,77.4384,X]
[44,F,0.78415,01000000,78.415,X]
[59,F,0.794169,00100000,79.4169,X]
[149,F,0.810113,00000001,81.0113,X]
[23,F,0.810517,10000000,81.0517,X]
[24,F,0.81247,10000000,81.247,X]
[105,F,0.81388,00001000,81.388,X]
[45,F,0.817353,01000000,81.7353,X]
[60,F,0.829325,00100000,82.9325,X]
[25,F,0.833955,10000000,83.3955,X]
[26,F,0.848603,10000000,84.8603,X]
[61,F,0.848856,00100000,84.8856,X]
[46,F,0.857392,01000000,85.7392,X]
[106,F,0.863684,00001000,86.3684,X]
[145,F,0.8648,00000010,86.48,X]
[27,F,0.865205,10000000,86.5205,X]
[79,F,0.865916,00010000,86.5916,X]
[107,F,0.87638,00001000,87.638,X]
[47,F,0.876923,01000000,87.6923,X]
[150,F,0.877495,00000001,87.7495,X]
[80,F,0.878611,00010000,87.8611,X]
[151,F,0.880425,00000001,88.0425,X]
[81,F,0.881541,00010000,88.1541,X]
[28,F,0.887666,10000000,88.7666,X]
[152,F,0.895073,00000001,89.5073,X]
[146,F,0.89898,00000010,89.898,X]
[120,F,0.9047,00000100,90.47,X]
[121,F,0.905677,00000100,90.5677,X]
[82,F,0.906931,00010000,90.6931,X]
[83,F,0.91865,00010000,91.865,X]
[48,F,0.931611,01000000,93.1611,X]
[29,F,0.93747,10000000,93.747,X]
[49,F,0.93747,01000000,93.747,X]
[147,F,0.939995,00000010,93.9995,X]
[30,F,0.941377,10000000,94.1377,X]
[31,F,0.944306,10000000,94.4306,X]
[84,F,0.95283,00010000,95.283,X]
[85,F,0.960642,00010000,96.0642,X]
[148,F,0.96148,00000010,96.148,X]
[86,F,0.962595,00010000,96.2595,X]
[62,F,0.964091,00100000,96.4091,X]
[153,F,0.969292,00000001,96.9292,X]
[87,F,0.98115,00010000,98.115,X]
[32,F,0.981416,10000000,98.1416,X]
[154,F,0.981988,00000001,98.1988,X]
[108,F,0.990638,00001000,99.0637,X]
[33,F,0.994111,10000000,99.4111,X]
[122,F,0.996497,00000100,99.6497,X]
GUIDE_TREE_PARTITION1=(((((t1:49.71,t2:49.71):0.17,t3:49.88):30.13,t4:80.01):11.08,(t5:65.78,t6:65.78):25.31):8.91,(t7:19.77,t8:19.77):80.23);
