Taxa bit representation:
t1 10000000
t2 01000000
t3 00100000
t4 00010000
t5 00001000
t6 00000100
t7 00000010
t8 00000001
Clade List (<taxon members> = <clade name>): 

>Dataset_0
[16,F,0.0268547,00001100,2.68547,X]
[0,F,0.0449219,11110000,4.49219,X]
[1,F,0.0625,11110000,6.25,X]
[17,F,0.0629875,00001100,6.29875,X]
[18,F,0.0698234,00001100,6.98234,X]
[2,F,0.0771484,11110000,7.71484,X]
[19,F,0.185058,00001100,18.5058,X]
[20,F,0.186034,00001100,18.6034,X]
[30,F,0.187011,00000011,18.7011,X]
[21,F,0.187988,00001100,18.7988,X]
[31,F,0.248534,00000011,24.8534,X]
[32,F,0.25537,00000011,25.537,X]
[3,F,0.271484,11110000,27.1484,X]
[22,F,0.29248,00001100,29.248,X]
[23,F,0.430175,00001100,43.0175,X]
[33,F,0.430175,00000011,43.0175,X]
[4,F,0.434386,11000000,43.4386,X]
[5,F,0.523253,11000000,52.3253,X]
[34,F,0.527831,00000011,52.7831,X]
[6,F,0.547667,11000000,54.7667,X]
[27,F,0.553934,00000100,55.3934,X]
[24,F,0.571512,00001000,57.1512,X]
[9,F,0.579894,00110000,57.9894,X]
[7,F,0.587706,11000000,58.7706,X]
[10,F,0.652159,00110000,65.2159,X]
[8,F,0.672667,11000000,67.2667,X]
[35,F,0.703612,00000011,70.3612,X]
[28,F,0.721903,00000100,72.1903,X]
[11,F,0.722472,00110000,72.2472,X]
[36,F,0.797442,00000010,79.7442,X]
[37,F,0.872638,00000001,87.2638,X]
[29,F,0.916239,00000100,91.6239,X]
[25,F,0.930887,00001000,93.0888,X]
[26,F,0.948466,00001000,94.8466,X]
[12,F,0.973633,00100000,97.3633,X]
[14,F,0.979492,00010000,97.9492,X]
[15,F,0.994141,00010000,99.4141,X]
[13,F,0.995117,00100000,99.5117,X]
GUIDE_TREE_PARTITION1=(((t1:0.75,t2:0.75):59.62,(t3:12.5,t4:12.5):47.87):39.63,((t5:49.88,t6:49.88):49.29,(t7:21.33,t8:21.33):77.84):0.83);
