Taxa bit representation:
t1 10000000
t2 01000000
t3 00100000
t4 00010000
t5 00001000
t6 00000100
t7 00000010
t8 00000001
Clade List (<taxon members> = <clade name>): 

>Dataset_0
[3,F,0.146319,00001100,14.6319,X]
[4,F,0.183428,00001100,18.3428,X]
[5,F,0.277178,00001100,27.7178,X]
[13,F,0.29085,00000011,29.085,X]
[0,F,0.308594,11110000,30.8594,X]
[6,F,0.357256,00001100,35.7256,X]
[14,F,0.402178,00000011,40.2178,X]
[7,F,0.550616,00001100,55.0616,X]
[8,F,0.580889,00001100,58.0889,X]
[15,F,0.604652,00000010,60.4652,X]
[16,F,0.621253,00000001,62.1253,X]
[1,F,0.648438,11110000,64.8438,X]
[9,F,0.717608,00001100,71.7608,X]
[2,F,0.792741,00110000,79.2741,X]
[10,F,0.928545,00001100,92.8545,X]
[12,F,0.946542,00000100,94.6542,X]
[11,F,0.996347,00001000,99.6347,X]
GUIDE_TREE_PARTITION1=(((t1:21.09,t2:21.09):5.3,(t3:10.42,t4:10.42):15.97):73.61,((t5:6.42,t6:6.42):86.37,(t7:56.82,t8:56.82):35.97):7.21);
