Taxa bit representation:
t1 10000000
t2 01000000
t3 00100000
t4 00010000
t5 00001000
t6 00000100
t7 00000010
t8 00000001
Clade List (<taxon members> = <clade name>): 

>Dataset_0
[2,F,0.400756,00110000,40.0756,X]
[0,F,0.488647,11000000,48.8647,X]
[3,F,0.552055,00100000,55.2055,X]
[16,F,0.632058,00000011,63.2058,X]
[6,F,0.638969,00010000,63.8969,X]
[17,F,0.687673,00000001,68.7673,X]
[12,F,0.704122,00000100,70.4122,X]
[8,F,0.734395,00001000,73.4395,X]
[9,F,0.738302,00001000,73.8302,X]
[4,F,0.753227,00100000,75.3227,X]
[10,F,0.786153,00001000,78.6153,X]
[1,F,0.795287,11000000,79.5287,X]
[7,F,0.889945,00010000,88.9945,X]
[13,F,0.895528,00000100,89.5528,X]
[14,F,0.922872,00000100,92.2872,X]
[11,F,0.944356,00001000,94.4356,X]
[5,F,0.947562,00100000,94.7562,X]
[15,F,0.997091,00000100,99.7091,X]
GUIDE_TREE_PARTITION1=(((t1:2.61,t2:2.61):79.58,(t3:52.9,t4:52.9):29.29):17.81,((t5:40.33,t6:40.33):14.14,(t7:34.26,t8:34.26):20.21):45.53);
