Taxa bit representation:
t1 10000000
t2 01000000
t3 00100000
t4 00010000
t5 00001000
t6 00000100
t7 00000010
t8 00000001
Clade List (<taxon members> = <clade name>): 

>Dataset_0
[19,F,0.0595703,00001111,5.95703,X]
[0,F,0.0625,11110000,6.25,X]
[39,F,0.153577,00000011,15.3577,X]
[1,F,0.162109,11110000,16.2109,X]
[20,F,0.189709,00001100,18.9709,X]
[40,F,0.191663,00000011,19.1663,X]
[21,F,0.199475,00001100,19.9475,X]
[41,F,0.231702,00000011,23.1702,X]
[42,F,0.264905,00000011,26.4905,X]
[22,F,0.288342,00001100,28.8342,X]
[43,F,0.290295,00000011,29.0295,X]
[23,F,0.361936,00001000,36.1936,X]
[32,F,0.364866,00000100,36.4866,X]
[44,F,0.37428,00000011,37.428,X]
[33,F,0.405881,00000100,40.5881,X]
[34,F,0.406858,00000100,40.6858,X]
[24,F,0.425413,00001000,42.5413,X]
[35,F,0.430295,00000100,43.0295,X]
[25,F,0.507444,00001000,50.7444,X]
[45,F,0.508069,00000011,50.8069,X]
[26,F,0.515256,00001000,51.5256,X]
[2,F,0.523438,11110000,52.3438,X]
[46,F,0.531506,00000011,53.1506,X]
[3,F,0.538086,11110000,53.8086,X]
[36,F,0.549436,00000100,54.9436,X]
[4,F,0.574219,11110000,57.4219,X]
[5,F,0.642578,11110000,64.2578,X]
[47,F,0.650647,00000011,65.0647,X]
[27,F,0.687131,00001000,68.7131,X]
[48,F,0.727186,00000010,72.7186,X]
[50,F,0.734998,00000001,73.4998,X]
[8,F,0.743789,01000000,74.3789,X]
[6,F,0.784805,10000000,78.4805,X]
[15,F,0.815384,00010000,81.5384,X]
[9,F,0.830703,01000000,83.0703,X]
[37,F,0.834592,00000100,83.4592,X]
[38,F,0.838498,00000100,83.8498,X]
[16,F,0.852494,00010000,85.2494,X]
[17,F,0.858353,00010000,85.8353,X]
[28,F,0.876584,00001000,87.6584,X]
[10,F,0.886367,01000000,88.6367,X]
[29,F,0.904905,00001000,90.4905,X]
[51,F,0.908827,00000001,90.8827,X]
[11,F,0.910111,00100000,91.0111,X]
[12,F,0.912064,00100000,91.2064,X]
[18,F,0.926712,00010000,92.6713,X]
[30,F,0.929319,00001000,92.9319,X]
[7,F,0.961562,10000000,96.1562,X]
[31,F,0.966428,00001000,96.6428,X]
[49,F,0.969373,00000010,96.9373,X]
[13,F,0.975541,00100000,97.5541,X]
[14,F,0.976517,00100000,97.6517,X]
GUIDE_TREE_PARTITION1=(((t1:26.5,t2:26.5):3.01,(t3:20.61,t4:20.61):8.9):70.49,((t5:64.49,t6:64.49):26.5,(t7:31.09,t8:31.09):59.9):9.01);
