Taxa bit representation:
t1 10000000
t2 01000000
t3 00100000
t4 00010000
t5 00001000
t6 00000100
t7 00000010
t8 00000001
Clade List (<taxon members> = <clade name>): 

>Dataset_0
[22,F,0.0605469,00000011,6.05469,X]
[23,F,0.0986328,00000011,9.86328,X]
[0,F,0.163086,11111100,16.3086,X]
[24,F,0.169922,00000011,16.9922,X]
[25,F,0.189453,00000011,18.9453,X]
[1,F,0.209961,11111100,20.9961,X]
[2,F,0.248047,11111100,24.8047,X]
[3,F,0.348633,11111100,34.8633,X]
[4,F,0.378906,11111100,37.8906,X]
[5,F,0.386719,11111100,38.6719,X]
[6,F,0.505859,11111100,50.5859,X]
[26,F,0.549805,00000011,54.9805,X]
[16,F,0.559772,00001100,55.9772,X]
[7,F,0.578327,11110000,57.8327,X]
[17,F,0.613483,00001100,61.3483,X]
[18,F,0.619342,00001100,61.9342,X]
[8,F,0.632014,11100000,63.2014,X]
[27,F,0.649414,00000011,64.9414,X]
[13,F,0.655452,00010000,65.5452,X]
[28,F,0.6875,00000011,68.75,X]
[9,F,0.715022,11100000,71.5022,X]
[10,F,0.754895,11000000,75.4895,X]
[19,F,0.770709,00001100,77.0709,X]
[20,F,0.779498,00001100,77.9498,X]
[29,F,0.829102,00000011,82.9102,X]
[21,F,0.840045,00001100,84.0045,X]
[14,F,0.887873,00010000,88.7873,X]
[30,F,0.893395,00000010,89.3395,X]
[12,F,0.896497,00100000,89.6497,X]
[11,F,0.969739,11000000,96.9739,X]
[31,F,0.970544,00000010,97.0544,X]
[32,F,0.981286,00000010,98.1286,X]
[15,F,0.994319,00010000,99.4319,X]
GUIDE_TREE_PARTITION1=(((((t1:0.84,t2:0.84):24.94,t3:25.78):13.46,t4:39.24):6.15,(t5:1.05,t6:1.05):44.34):54.61,(t7:11.93,t8:11.93):88.07);
