Taxa bit representation:
t1 10000000
t2 01000000
t3 00100000
t4 00010000
t5 00001000
t6 00000100
t7 00000010
t8 00000001
Clade List (<taxon members> = <clade name>): 

>Dataset_0
[0,F,0.0743766,11110000,7.43766,X]
[14,F,0.163612,00010000,16.3612,X]
[15,F,0.171425,00010000,17.1425,X]
[22,F,0.183752,00001100,18.3752,X]
[1,F,0.231972,11100000,23.1972,X]
[23,F,0.243322,00001100,24.3322,X]
[6,F,0.252206,00100000,25.2206,X]
[7,F,0.292245,00100000,29.2245,X]
[34,F,0.293945,00000011,29.3945,X]
[35,F,0.337891,00000011,33.7891,X]
[16,F,0.355019,00010000,35.5019,X]
[8,F,0.360605,00100000,36.0605,X]
[24,F,0.372228,00001100,37.2228,X]
[9,F,0.391855,00100000,39.1855,X]
[36,F,0.400391,00000011,40.0391,X]
[25,F,0.426916,00001100,42.6916,X]
[17,F,0.439003,00010000,43.9003,X]
[37,F,0.447266,00000011,44.7266,X]
[38,F,0.449219,00000011,44.9219,X]
[26,F,0.457189,00001100,45.7189,X]
[10,F,0.458261,00100000,45.8261,X]
[2,F,0.52662,11000000,52.662,X]
[18,F,0.548378,00010000,54.8378,X]
[27,F,0.560705,00001100,56.0705,X]
[28,F,0.581213,00001100,58.1213,X]
[11,F,0.587167,00100000,58.7167,X]
[12,F,0.610605,00100000,61.0605,X]
[19,F,0.611855,00010000,61.1855,X]
[13,F,0.62037,00100000,62.037,X]
[3,F,0.653573,11000000,65.3573,X]
[29,F,0.781408,00001100,78.1408,X]
[30,F,0.791173,00001100,79.1173,X]
[39,F,0.804688,00000011,80.4688,X]
[32,F,0.842433,00000100,84.2433,X]
[33,F,0.860988,00000100,86.0987,X]
[20,F,0.873573,00010000,87.3573,X]
[31,F,0.888331,00001000,88.8331,X]
[40,F,0.911831,00000010,91.1831,X]
[21,F,0.931191,00010000,93.1191,X]
[4,F,0.948495,11000000,94.8495,X]
[5,F,0.96383,01000000,96.383,X]
[41,F,0.970425,00000001,97.0425,X]
GUIDE_TREE_PARTITION1=(((((t1:3.91,t2:3.91):71.26,t3:75.17):9.25,t4:84.42):8.24,(t5:19.37,t6:19.37):73.29):7.34,(t7:10.77,t8:10.77):89.23);
