Taxa bit representation:
t1 10000000
t2 01000000
t3 00100000
t4 00010000
t5 00001000
t6 00000100
t7 00000010
t8 00000001
Clade List (<taxon members> = <clade name>): 

>Dataset_0
[0,F,0.0380859,11111110,3.80859,X]
[1,F,0.121094,11111110,12.1094,X]
[10,F,0.387477,00000010,38.7477,X]
[12,F,0.411133,00000001,41.1133,X]
[2,F,0.531031,11111100,53.1031,X]
[3,F,0.549586,11111100,54.9586,X]
[4,F,0.57107,11111100,57.107,X]
[11,F,0.585719,00000010,58.5719,X]
[13,F,0.6875,00000001,68.75,X]
[5,F,0.822673,11111000,82.2673,X]
[14,F,0.844727,00000001,84.4727,X]
[15,F,0.850586,00000001,85.0586,X]
[8,F,0.890056,00000100,89.0056,X]
[9,F,0.960369,00000100,96.0369,X]
[7,F,0.979519,00001000,97.9519,X]
[6,F,0.993552,10000000,99.3552,X]
GUIDE_TREE_PARTITION1=(((((((t1:5.43,t2:5.43):1.39,t3:6.82):1.1,t4:7.92):7.8,t5:15.72):5.04,t6:20.76):46.84,t7:67.6):32.4,t8:100);
