Taxa bit representation:
t1 10000000
t2 01000000
t3 00100000
t4 00010000
t5 00001000
t6 00000100
t7 00000010
t8 00000001
Clade List (<taxon members> = <clade name>): 

>Dataset_0
[0,F,0.0590578,11111100,5.90578,X]
[34,F,0.0950187,00000100,9.50188,X]
[35,F,0.126269,00000100,12.6269,X]
[1,F,0.152636,11111000,15.2636,X]
[45,F,0.171875,00000001,17.1875,X]
[36,F,0.210253,00000100,21.0253,X]
[2,F,0.220995,11111000,22.0995,X]
[3,F,0.229784,11111000,22.9784,X]
[4,F,0.278612,11111000,27.8612,X]
[25,F,0.299883,00001000,29.9883,X]
[41,F,0.303198,00000010,30.3198,X]
[37,F,0.321581,00000100,32.1581,X]
[26,F,0.332109,00001000,33.2109,X]
[46,F,0.392578,00000001,39.2578,X]
[38,F,0.396777,00000100,39.6777,X]
[27,F,0.42,00001000,42,X]
[5,F,0.441484,11110000,44.1484,X]
[47,F,0.457031,00000001,45.7031,X]
[48,F,0.466797,00000001,46.6797,X]
[28,F,0.472734,00001000,47.2734,X]
[39,F,0.509081,00000100,50.9081,X]
[42,F,0.556128,00000010,55.6128,X]
[43,F,0.568823,00000010,56.8823,X]
[29,F,0.595781,00001000,59.5781,X]
[30,F,0.616289,00001000,61.6289,X]
[31,F,0.631914,00001000,63.1914,X]
[13,F,0.649083,00100000,64.9083,X]
[6,F,0.658848,11000000,65.8848,X]
[19,F,0.694423,00010000,69.4423,X]
[32,F,0.719805,00001000,71.9805,X]
[33,F,0.724688,00001000,72.4688,X]
[14,F,0.728184,00100000,72.8184,X]
[49,F,0.74707,00000001,74.707,X]
[40,F,0.749316,00000100,74.9316,X]
[20,F,0.78915,00010000,78.915,X]
[7,F,0.791661,11000000,79.1661,X]
[50,F,0.798828,00000001,79.8828,X]
[8,F,0.819005,11000000,81.9005,X]
[9,F,0.836936,10000000,83.6936,X]
[21,F,0.84872,00010000,84.872,X]
[15,F,0.869786,00100000,86.9786,X]
[10,F,0.874045,10000000,87.4045,X]
[22,F,0.874111,00010000,87.4111,X]
[16,F,0.89127,00100000,89.127,X]
[17,F,0.8942,00100000,89.42,X]
[23,F,0.920009,00010000,92.0009,X]
[12,F,0.941428,01000000,94.1428,X]
[11,F,0.951194,10000000,95.1194,X]
[44,F,0.967261,00000010,96.7261,X]
[24,F,0.967861,00010000,96.7861,X]
[18,F,0.982091,00100000,98.2091,X]
GUIDE_TREE_PARTITION1=(((((((t1:16.99,t2:16.99):18.59,t3:35.58):7.38,t4:42.96):27.54,t5:70.5):21.17,t6:91.67):7.6,t7:99.27):0.73,t8:100);
