Taxa bit representation:
t1 10000000
t2 01000000
t3 00100000
t4 00010000
t5 00001000
t6 00000100
t7 00000010
t8 00000001
Clade List (<taxon members> = <clade name>): 

>Dataset_0
[0,F,0.00488281,11111110,0.488281,X]
[1,F,0.0136719,11111110,1.36719,X]
[102,F,0.0380859,00000001,3.80859,X]
[2,F,0.0996094,11111110,9.96094,X]
[3,F,0.131836,11111110,13.1836,X]
[4,F,0.135742,11111110,13.5742,X]
[5,F,0.148438,11111110,14.8438,X]
[103,F,0.150391,00000001,15.0391,X]
[6,F,0.15918,11111110,15.918,X]
[7,F,0.163277,11111100,16.3277,X]
[80,F,0.174019,00000010,17.4019,X]
[54,F,0.175766,00000100,17.5766,X]
[81,F,0.177925,00000010,17.7925,X]
[8,F,0.181625,11111000,18.1625,X]
[104,F,0.191406,00000001,19.1406,X]
[105,F,0.199219,00000001,19.9219,X]
[9,F,0.203109,11111000,20.3109,X]
[55,F,0.22557,00000100,22.557,X]
[82,F,0.238472,00000010,23.8472,X]
[83,F,0.263862,00000010,26.3863,X]
[106,F,0.264648,00000001,26.4648,X]
[107,F,0.28125,00000001,28.125,X]
[56,F,0.285141,00000100,28.5141,X]
[84,F,0.294136,00000010,29.4136,X]
[108,F,0.302734,00000001,30.2734,X]
[57,F,0.308578,00000100,30.8578,X]
[109,F,0.318359,00000001,31.8359,X]
[10,F,0.31932,11111000,31.932,X]
[58,F,0.326156,00000100,32.6156,X]
[59,F,0.329086,00000100,32.9086,X]
[110,F,0.334961,00000001,33.4961,X]
[60,F,0.337875,00000100,33.7875,X]
[61,F,0.339828,00000100,33.9828,X]
[85,F,0.343941,00000010,34.3941,X]
[86,F,0.344917,00000010,34.4917,X]
[11,F,0.357406,11111000,35.7406,X]
[111,F,0.361328,00000001,36.1328,X]
[12,F,0.375961,11111000,37.5961,X]
[112,F,0.37793,00000001,37.793,X]
[62,F,0.416,00000100,41.6,X]
[63,F,0.423813,00000100,42.3813,X]
[87,F,0.449409,00000010,44.9409,X]
[48,F,0.462992,00001000,46.2992,X]
[88,F,0.465034,00000010,46.5034,X]
[64,F,0.487289,00000100,48.7289,X]
[65,F,0.493148,00000100,49.3148,X]
[89,F,0.494331,00000010,49.4331,X]
[66,F,0.498031,00000100,49.8031,X]
[113,F,0.516602,00000001,51.6602,X]
[13,F,0.520609,11110000,52.0609,X]
[67,F,0.526352,00000100,52.6352,X]
[114,F,0.552734,00000001,55.2734,X]
[68,F,0.553695,00000100,55.3695,X]
[90,F,0.558784,00000010,55.8784,X]
[49,F,0.564555,00001000,56.4555,X]
[14,F,0.570414,11110000,57.0414,X]
[50,F,0.573344,00001000,57.3344,X]
[91,F,0.576362,00000010,57.6362,X]
[15,F,0.579203,11110000,57.9203,X]
[16,F,0.582133,11110000,58.2133,X]
[115,F,0.592773,00000001,59.2773,X]
[116,F,0.610352,00000001,61.0352,X]
[17,F,0.617289,11110000,61.7289,X]
[18,F,0.619242,11110000,61.9242,X]
[69,F,0.623031,00000100,62.3031,X]
[92,F,0.629097,00000010,62.9097,X]
[93,F,0.634956,00000010,63.4956,X]
[19,F,0.643656,11110000,64.3656,X]
[94,F,0.648628,00000010,64.8628,X]
[70,F,0.677719,00000100,67.7719,X]
[20,F,0.689555,11110000,68.9555,X]
[117,F,0.696289,00000001,69.6289,X]
[21,F,0.698344,11110000,69.8344,X]
[118,F,0.701172,00000001,70.1172,X]
[22,F,0.703227,11110000,70.3227,X]
[71,F,0.716781,00000100,71.6781,X]
[95,F,0.7248,00000010,72.48,X]
[119,F,0.738281,00000001,73.8281,X]
[40,F,0.744666,00010000,74.4666,X]
[41,F,0.751502,00010000,75.1502,X]
[23,F,0.762244,11100000,76.2244,X]
[42,F,0.765173,00010000,76.5173,X]
[72,F,0.765609,00000100,76.5609,X]
[24,F,0.76615,11100000,76.615,X]
[96,F,0.770698,00000010,77.0698,X]
[120,F,0.774414,00000001,77.4414,X]
[43,F,0.777869,00010000,77.7869,X]
[51,F,0.780375,00001000,78.0375,X]
[73,F,0.784164,00000100,78.4164,X]
[52,F,0.785258,00001000,78.5258,X]
[53,F,0.795023,00001000,79.5023,X]
[97,F,0.833198,00000010,83.3198,X]
[121,F,0.842773,00000001,84.2773,X]
[122,F,0.852539,00000001,85.2539,X]
[98,F,0.855659,00000010,85.5659,X]
[25,F,0.857947,11100000,85.7947,X]
[44,F,0.86283,00010000,86.283,X]
[45,F,0.877478,00010000,87.7478,X]
[46,F,0.879431,00010000,87.9431,X]
[99,F,0.88105,00000010,88.105,X]
[123,F,0.882812,00000001,88.2812,X]
[100,F,0.883003,00000010,88.3003,X]
[34,F,0.889538,00100000,88.9538,X]
[101,F,0.891792,00000010,89.1792,X]
[74,F,0.916977,00000100,91.6977,X]
[75,F,0.933578,00000100,93.3578,X]
[76,F,0.941391,00000100,94.1391,X]
[35,F,0.942272,00100000,94.2272,X]
[26,F,0.944644,10000000,94.4644,X]
[30,F,0.95148,01000000,95.148,X]
[36,F,0.953014,00100000,95.3014,X]
[124,F,0.956055,00000001,95.6055,X]
[31,F,0.958316,01000000,95.8316,X]
[37,F,0.961803,00100000,96.1803,X]
[38,F,0.96278,00100000,96.278,X]
[32,F,0.966128,01000000,96.6128,X]
[33,F,0.971011,01000000,97.1011,X]
[27,F,0.971011,10000000,97.1011,X]
[28,F,0.975894,10000000,97.5894,X]
[39,F,0.984264,00100000,98.4264,X]
[77,F,0.984359,00000100,98.4359,X]
[47,F,0.986853,00010000,98.6853,X]
[78,F,0.989242,00000100,98.9242,X]
[79,F,0.994125,00000100,99.4125,X]
[29,F,0.998355,10000000,99.8355,X]
GUIDE_TREE_PARTITION1=(((((((t1:8.27,t2:8.27):5.12,t3:13.39):13.12,t4:26.51):31.39,t5:57.9):25.5,t6:83.4):0.37,t7:83.77):16.23,t8:100);
