Taxa bit representation:
t1 10000000
t2 01000000
t3 00100000
t4 00010000
t5 00001000
t6 00000100
t7 00000010
t8 00000001
Clade List (<taxon members> = <clade name>): 

>Dataset_0
[0,F,0.0449219,11111110,4.49219,X]
[37,F,0.0546875,00000001,5.46875,X]
[1,F,0.161133,11111110,16.1133,X]
[28,F,0.187689,00000010,18.7689,X]
[38,F,0.250977,00000001,25.0977,X]
[39,F,0.335938,00000001,33.5938,X]
[2,F,0.353466,11110000,35.3466,X]
[3,F,0.358753,11100000,35.8753,X]
[17,F,0.361278,00001000,36.1278,X]
[29,F,0.370306,00000010,37.0306,X]
[10,F,0.400745,00010000,40.0745,X]
[22,F,0.409648,00000100,40.9648,X]
[23,F,0.42625,00000100,42.625,X]
[40,F,0.429688,00000001,42.9688,X]
[18,F,0.459911,00001000,45.9911,X]
[30,F,0.469916,00000010,46.9916,X]
[11,F,0.487659,00010000,48.7659,X]
[19,F,0.544872,00001000,54.4872,X]
[12,F,0.548206,00010000,54.8206,X]
[41,F,0.5625,00000001,56.25,X]
[13,F,0.629261,00010000,62.9261,X]
[14,F,0.633167,00010000,63.3167,X]
[42,F,0.635742,00000001,63.5742,X]
[43,F,0.636719,00000001,63.6719,X]
[44,F,0.643555,00000001,64.3555,X]
[20,F,0.658153,00001000,65.8153,X]
[24,F,0.695781,00000100,69.5781,X]
[31,F,0.696478,00000010,69.6478,X]
[25,F,0.701641,00000100,70.1641,X]
[32,F,0.703314,00000010,70.3314,X]
[33,F,0.724798,00000010,72.4798,X]
[4,F,0.733806,11000000,73.3806,X]
[9,F,0.752361,00100000,75.2361,X]
[45,F,0.755859,00000001,75.5859,X]
[46,F,0.782227,00000001,78.2227,X]
[34,F,0.782416,00000010,78.2416,X]
[15,F,0.809925,00010000,80.9925,X]
[47,F,0.823242,00000001,82.3242,X]
[35,F,0.844916,00000010,84.4916,X]
[5,F,0.861889,10000000,86.1889,X]
[16,F,0.864613,00010000,86.4613,X]
[26,F,0.871563,00000100,87.1562,X]
[48,F,0.887695,00000001,88.7695,X]
[7,F,0.894116,01000000,89.4116,X]
[36,F,0.905463,00000010,90.5463,X]
[21,F,0.908153,00001000,90.8153,X]
[27,F,0.937969,00000100,93.7969,X]
[6,F,0.940991,10000000,94.0991,X]
[8,F,0.952709,01000000,95.2709,X]
GUIDE_TREE_PARTITION1=(((((((t1:20.94,t2:20.94):12.32,t3:33.26):31.06,t4:64.32):7.56,t5:71.88):1.12,t6:73):9.11,t7:82.11):17.89,t8:100);
