Taxa bit representation:
t1 10000000
t2 01000000
t3 00100000
t4 00010000
t5 00001000
t6 00000100
t7 00000010
t8 00000001
Clade List (<taxon members> = <clade name>): 

>Dataset_0
[29,F,0.00683594,00000011,0.683594,X]
[30,F,0.0849609,00000011,8.49609,X]
[0,F,0.0883422,11110000,8.83422,X]
[1,F,0.152795,11110000,15.2795,X]
[31,F,0.186523,00000011,18.6523,X]
[32,F,0.207031,00000011,20.7031,X]
[2,F,0.309108,11100000,30.9108,X]
[22,F,0.31985,00010000,31.985,X]
[17,F,0.346513,00100000,34.6512,X]
[33,F,0.416016,00000011,41.6016,X]
[3,F,0.424638,11000000,42.4637,X]
[25,F,0.516077,00001100,51.6077,X]
[26,F,0.527795,00001100,52.7795,X]
[9,F,0.552739,01000000,55.2739,X]
[10,F,0.570317,01000000,57.0317,X]
[23,F,0.576686,00010000,57.6686,X]
[4,F,0.579106,10000000,57.9106,X]
[34,F,0.592773,00000011,59.2773,X]
[11,F,0.615239,01000000,61.5239,X]
[27,F,0.63717,00001100,63.717,X]
[24,F,0.650905,00010000,65.0905,X]
[35,F,0.65332,00000011,65.332,X]
[28,F,0.689905,00001100,68.9905,X]
[36,F,0.692383,00000011,69.2383,X]
[5,F,0.717778,10000000,71.7778,X]
[6,F,0.726567,10000000,72.6567,X]
[18,F,0.730302,00100000,73.0302,X]
[12,F,0.732427,01000000,73.2427,X]
[37,F,0.747255,00000001,74.7255,X]
[13,F,0.751958,01000000,75.1958,X]
[7,F,0.756841,10000000,75.6841,X]
[38,F,0.778505,00000001,77.8505,X]
[19,F,0.791825,00100000,79.1825,X]
[14,F,0.794927,01000000,79.4927,X]
[15,F,0.795903,01000000,79.5903,X]
[16,F,0.801762,01000000,80.1762,X]
[20,F,0.828934,00100000,82.8934,X]
[39,F,0.848817,00000001,84.8817,X]
[40,F,0.907411,00000001,90.7411,X]
[41,F,0.930848,00000001,93.0848,X]
[21,F,0.984208,00100000,98.4208,X]
[8,F,0.995122,10000000,99.5122,X]
GUIDE_TREE_PARTITION1=(((((t1:48.73,t2:48.73):17.4,t3:66.13):11.26,t4:77.39):21.1,(t5:0.1,t6:0.1):98.39):1.51,(t7:27.13,t8:27.13):72.87);
