Taxa bit representation:
t1 10000000
t2 01000000
t3 00100000
t4 00010000
t5 00001000
t6 00000100
t7 00000010
t8 00000001
Clade List (<taxon members> = <clade name>): 

>Dataset_0
[136,F,0.015625,00000001,1.5625,X]
[137,F,0.0351562,00000001,3.51562,X]
[138,F,0.0458984,00000001,4.58984,X]
[139,F,0.0556641,00000001,5.56641,X]
[0,F,0.078125,11111110,7.8125,X]
[1,F,0.0791016,11111110,7.91016,X]
[140,F,0.0908203,00000001,9.08203,X]
[141,F,0.0947266,00000001,9.47266,X]
[2,F,0.0996094,11111110,9.96094,X]
[3,F,0.106445,11111110,10.6445,X]
[4,F,0.107422,11111110,10.7422,X]
[142,F,0.108398,00000001,10.8398,X]
[143,F,0.117188,00000001,11.7188,X]
[144,F,0.118164,00000001,11.8164,X]
[145,F,0.119141,00000001,11.9141,X]
[5,F,0.132342,11111100,13.2342,X]
[146,F,0.140625,00000001,14.0625,X]
[106,F,0.146014,00000010,14.6014,X]
[6,F,0.152806,11111000,15.2806,X]
[107,F,0.159686,00000010,15.9686,X]
[147,F,0.193359,00000001,19.3359,X]
[88,F,0.197728,00000100,19.7728,X]
[7,F,0.198705,11111000,19.8705,X]
[148,F,0.201172,00000001,20.1172,X]
[89,F,0.203588,00000100,20.3588,X]
[108,F,0.211444,00000010,21.1444,X]
[109,F,0.233905,00000010,23.3905,X]
[90,F,0.238744,00000100,23.8744,X]
[149,F,0.246094,00000001,24.6094,X]
[150,F,0.250977,00000001,25.0977,X]
[70,F,0.259089,00001000,25.9089,X]
[8,F,0.27043,11100000,27.043,X]
[151,F,0.275391,00000001,27.5391,X]
[9,F,0.280195,11100000,28.0195,X]
[10,F,0.283125,11100000,28.3125,X]
[71,F,0.304011,00001000,30.4011,X]
[11,F,0.304609,11100000,30.4609,X]
[51,F,0.306562,00010000,30.6562,X]
[110,F,0.313983,00000010,31.3983,X]
[52,F,0.317305,00010000,31.7305,X]
[12,F,0.329023,11100000,32.9023,X]
[72,F,0.331355,00001000,33.1355,X]
[53,F,0.335859,00010000,33.5859,X]
[111,F,0.356952,00000010,35.6952,X]
[112,F,0.358905,00000010,35.8905,X]
[91,F,0.365697,00000100,36.5697,X]
[13,F,0.376875,11100000,37.6875,X]
[54,F,0.379805,00010000,37.9805,X]
[113,F,0.380389,00000010,38.0389,X]
[92,F,0.389134,00000100,38.9134,X]
[14,F,0.414961,11100000,41.4961,X]
[114,F,0.421405,00000010,42.1405,X]
[93,F,0.422338,00000100,42.2338,X]
[115,F,0.424334,00000010,42.4334,X]
[116,F,0.432147,00000010,43.2147,X]
[117,F,0.438983,00000010,43.8983,X]
[55,F,0.443281,00010000,44.3281,X]
[94,F,0.4614,00000100,46.14,X]
[56,F,0.462812,00010000,46.2812,X]
[15,F,0.464756,11000000,46.4756,X]
[39,F,0.470616,00100000,47.0616,X]
[40,F,0.475498,00100000,47.5498,X]
[118,F,0.477069,00000010,47.7069,X]
[57,F,0.478437,00010000,47.8437,X]
[152,F,0.482422,00000001,48.2422,X]
[16,F,0.490147,11000000,49.0147,X]
[17,F,0.496983,11000000,49.6983,X]
[95,F,0.501439,00000100,50.1439,X]
[96,F,0.502416,00000100,50.2416,X]
[153,F,0.504883,00000001,50.4883,X]
[154,F,0.507812,00000001,50.7812,X]
[119,F,0.523944,00000010,52.3944,X]
[18,F,0.525303,11000000,52.5303,X]
[73,F,0.526667,00001000,52.6667,X]
[97,F,0.532689,00000100,53.2689,X]
[155,F,0.542969,00000001,54.2969,X]
[98,F,0.564916,00000100,56.4916,X]
[19,F,0.570225,11000000,57.0225,X]
[120,F,0.572772,00000010,57.2772,X]
[74,F,0.578425,00001000,57.8425,X]
[58,F,0.58,00010000,58,X]
[41,F,0.591709,00100000,59.1709,X]
[42,F,0.601475,00100000,60.1475,X]
[20,F,0.601475,11000000,60.1475,X]
[121,F,0.604022,00000010,60.4022,X]
[99,F,0.61472,00000100,61.472,X]
[43,F,0.615147,00100000,61.5147,X]
[156,F,0.62207,00000001,62.207,X]
[100,F,0.623509,00000100,62.3509,X]
[122,F,0.623553,00000010,62.3553,X]
[21,F,0.625889,11000000,62.5889,X]
[22,F,0.635655,11000000,63.5655,X]
[44,F,0.64542,00100000,64.542,X]
[75,F,0.648737,00001000,64.8738,X]
[157,F,0.658203,00000001,65.8203,X]
[101,F,0.659642,00000100,65.9642,X]
[76,F,0.663386,00001000,66.3386,X]
[77,F,0.677058,00001000,67.7058,X]
[59,F,0.678633,00010000,67.8633,X]
[60,F,0.679609,00010000,67.9609,X]
[123,F,0.68117,00000010,68.117,X]
[158,F,0.686523,00000001,68.6523,X]
[78,F,0.688777,00001000,68.8777,X]
[159,F,0.692383,00000001,69.2383,X]
[23,F,0.699131,11000000,69.9131,X]
[79,F,0.715144,00001000,71.5144,X]
[80,F,0.71905,00001000,71.905,X]
[61,F,0.719648,00010000,71.9648,X]
[24,F,0.728255,10000000,72.8255,X]
[45,F,0.729405,00100000,72.9405,X]
[46,F,0.732334,00100000,73.2334,X]
[25,F,0.742903,10000000,74.2903,X]
[124,F,0.745623,00000010,74.5623,X]
[125,F,0.7466,00000010,74.66,X]
[62,F,0.7675,00010000,76.75,X]
[126,F,0.771991,00000010,77.1991,X]
[47,F,0.775303,00100000,77.5303,X]
[63,F,0.779219,00010000,77.9219,X]
[127,F,0.779803,00000010,77.9803,X]
[64,F,0.781172,00010000,78.1172,X]
[48,F,0.785069,00100000,78.5069,X]
[160,F,0.785156,00000001,78.5156,X]
[65,F,0.794844,00010000,79.4844,X]
[34,F,0.795637,01000000,79.5637,X]
[26,F,0.795637,10000000,79.5637,X]
[128,F,0.798358,00000010,79.8358,X]
[27,F,0.80052,10000000,80.052,X]
[35,F,0.809309,01000000,80.9309,X]
[81,F,0.816706,00001000,81.6706,X]
[28,F,0.823958,10000000,82.3958,X]
[66,F,0.835859,00010000,83.5859,X]
[161,F,0.837891,00000001,83.7891,X]
[67,F,0.852461,00010000,85.2461,X]
[102,F,0.853002,00000100,85.3002,X]
[129,F,0.854998,00000010,85.4998,X]
[36,F,0.861067,01000000,86.1067,X]
[103,F,0.86765,00000100,86.765,X]
[162,F,0.871094,00000001,87.1094,X]
[82,F,0.879206,00001000,87.9206,X]
[130,F,0.884295,00000010,88.4295,X]
[49,F,0.887608,00100000,88.7608,X]
[163,F,0.895508,00000001,89.5508,X]
[37,F,0.901106,01000000,90.1106,X]
[83,F,0.90362,00001000,90.362,X]
[131,F,0.904803,00000010,90.4803,X]
[84,F,0.908503,00001000,90.8503,X]
[50,F,0.912022,00100000,91.2022,X]
[104,F,0.915502,00000100,91.5502,X]
[132,F,0.915545,00000010,91.5545,X]
[105,F,0.925267,00000100,92.5267,X]
[85,F,0.929011,00001000,92.9011,X]
[29,F,0.939192,10000000,93.9192,X]
[68,F,0.946211,00010000,94.6211,X]
[30,F,0.950911,10000000,95.0911,X]
[38,F,0.951887,01000000,95.1887,X]
[31,F,0.952864,10000000,95.2864,X]
[86,F,0.959284,00001000,95.9284,X]
[133,F,0.960467,00000010,96.0467,X]
[134,F,0.966327,00000010,96.6327,X]
[32,F,0.971419,10000000,97.1419,X]
[135,F,0.972186,00000010,97.2186,X]
[87,F,0.978816,00001000,97.8816,X]
[69,F,0.981367,00010000,98.1367,X]
[164,F,0.982422,00000001,98.2422,X]
[165,F,0.988281,00000001,98.8281,X]
[33,F,0.996809,10000000,99.6809,X]
GUIDE_TREE_PARTITION1=(((((((t1:29.03,t2:29.03):28.01,t3:57.04):16.21,t4:73.25):1.72,t5:74.97):10.14,t6:85.11):2.73,t7:87.84):12.16,t8:100);
