Taxa bit representation:
t1 10000000
t2 01000000
t3 00100000
t4 00010000
t5 00001000
t6 00000100
t7 00000010
t8 00000001
Clade List (<taxon members> = <clade name>): 

>Dataset_0
[31,F,0.0751953,00000001,7.51953,X]
[32,F,0.203125,00000001,20.3125,X]
[33,F,0.25,00000001,25,X]
[34,F,0.251953,00000001,25.1953,X]
[22,F,0.261267,00000100,26.1267,X]
[0,F,0.307078,11110000,30.7078,X]
[35,F,0.381836,00000001,38.1836,X]
[27,F,0.395564,00000010,39.5564,X]
[28,F,0.416072,00000010,41.6072,X]
[1,F,0.456492,11110000,45.6492,X]
[23,F,0.462439,00000100,46.2439,X]
[15,F,0.471141,00001000,47.1141,X]
[16,F,0.477,00001000,47.7,X]
[24,F,0.480994,00000100,48.0994,X]
[8,F,0.525406,00010000,52.5406,X]
[2,F,0.567398,11100000,56.7398,X]
[36,F,0.605469,00000001,60.5469,X]
[9,F,0.61525,00010000,61.525,X]
[17,F,0.687937,00001000,68.7938,X]
[25,F,0.689002,00000100,68.9002,X]
[3,F,0.727555,11100000,72.7555,X]
[18,F,0.732859,00001000,73.2859,X]
[10,F,0.780289,00010000,78.0289,X]
[7,F,0.783783,00100000,78.3783,X]
[11,F,0.804703,00010000,80.4703,X]
[37,F,0.817383,00000001,81.7383,X]
[4,F,0.827728,11000000,82.7728,X]
[12,F,0.850602,00010000,85.0602,X]
[19,F,0.861766,00001000,86.1766,X]
[38,F,0.875,00000001,87.5,X]
[20,F,0.91157,00001000,91.157,X]
[13,F,0.931656,00010000,93.1656,X]
[39,F,0.938477,00000001,93.8477,X]
[5,F,0.955589,10000000,95.5589,X]
[29,F,0.959041,00000010,95.9041,X]
[26,F,0.970252,00000100,97.0252,X]
[21,F,0.977,00001000,97.7,X]
[30,F,0.977595,00000010,97.7595,X]
[14,F,0.985367,00010000,98.5367,X]
[6,F,0.997581,01000000,99.7581,X]
GUIDE_TREE_PARTITION1=(((((((t1:11.57,t2:11.57):10.54,t3:22.11):25.74,t4:47.85):23.2,t5:71.05):5.46,t6:76.51):14.5,t7:91.01):8.99,t8:100);
