Taxa bit representation:
t1 10000000
t2 01000000
t3 00100000
t4 00010000
t5 00001000
t6 00000100
t7 00000010
t8 00000001
Clade List (<taxon members> = <clade name>): 

>Dataset_0
[3,F,0.407227,00000011,40.7227,X]
[4,F,0.608398,00000011,60.8398,X]
[6,F,0.673703,00000001,67.3703,X]
[2,F,0.757553,00001100,75.7553,X]
[1,F,0.806314,00100000,80.6314,X]
[0,F,0.834634,11000000,83.4634,X]
[7,F,0.913937,00000001,91.3937,X]
[5,F,0.961789,00000010,96.1789,X]
GUIDE_TREE_PARTITION1=(((((t1:12.8,t2:12.8):15.26,t3:28.06):27.47,t4:55.53):18.91,(t5:7.28,t6:7.28):67.16):25.56,(t7:35.95,t8:35.95):64.05);
