Taxa bit representation:
t1 10000000
t2 01000000
t3 00100000
t4 00010000
t5 00001000
t6 00000100
t7 00000010
t8 00000001
Clade List (<taxon members> = <clade name>): 

>Dataset_0
[34,F,0.0644531,00000001,6.44531,X]
[35,F,0.0693359,00000001,6.93359,X]
[25,F,0.316072,00000010,31.6072,X]
[36,F,0.360352,00000001,36.0352,X]
[0,F,0.380525,11111100,38.0525,X]
[1,F,0.395173,11111100,39.5173,X]
[37,F,0.421875,00000001,42.1875,X]
[26,F,0.464509,00000010,46.4509,X]
[2,F,0.540803,11111000,54.0803,X]
[18,F,0.584748,00000100,58.4748,X]
[19,F,0.592561,00000100,59.2561,X]
[20,F,0.606233,00000100,60.6233,X]
[15,F,0.608542,00001000,60.8542,X]
[21,F,0.628694,00000100,62.8694,X]
[27,F,0.655916,00000010,65.5916,X]
[38,F,0.663086,00000001,66.3086,X]
[22,F,0.683381,00000100,68.3381,X]
[39,F,0.6875,00000001,68.75,X]
[28,F,0.688142,00000010,68.8142,X]
[40,F,0.717773,00000001,71.7773,X]
[29,F,0.724275,00000010,72.4275,X]
[11,F,0.734873,00010000,73.4873,X]
[12,F,0.736827,00010000,73.6827,X]
[16,F,0.760886,00001000,76.0886,X]
[7,F,0.766641,00100000,76.6641,X]
[3,F,0.77543,11000000,77.543,X]
[8,F,0.796914,00100000,79.6914,X]
[13,F,0.800303,00010000,80.0303,X]
[30,F,0.812166,00000010,81.2166,X]
[31,F,0.814119,00000010,81.4119,X]
[4,F,0.856484,11000000,85.6484,X]
[17,F,0.856589,00001000,85.6589,X]
[23,F,0.863069,00000100,86.3069,X]
[32,F,0.865877,00000010,86.5877,X]
[5,F,0.881875,11000000,88.1875,X]
[6,F,0.892617,11000000,89.2617,X]
[33,F,0.908845,00000010,90.8845,X]
[24,F,0.940217,00000100,94.0217,X]
[9,F,0.960977,00100000,96.0977,X]
[14,F,0.979991,00010000,97.9991,X]
[10,F,0.983437,00100000,98.3438,X]
GUIDE_TREE_PARTITION1=(((((((t1:4.08,t2:4.08):31.17,t3:35.25):0.54,t4:35.79):4.43,t5:40.22):15.27,t6:55.49):39.27,t7:94.76):5.24,t8:100);
