Taxa bit representation:
t1 10000000
t2 01000000
t3 00100000
t4 00010000
t5 00001000
t6 00000100
t7 00000010
t8 00000001
Clade List (<taxon members> = <clade name>): 

>Dataset_0
[0,F,0.170898,11110000,17.0898,X]
[12,F,0.250816,00000011,25.0816,X]
[1,F,0.308594,11110000,30.8594,X]
[2,F,0.402344,11110000,40.2344,X]
[7,F,0.431033,00001000,43.1033,X]
[3,F,0.644623,11000000,64.4623,X]
[4,F,0.668061,11000000,66.8061,X]
[14,F,0.682077,00000001,68.2077,X]
[8,F,0.702517,00001000,70.2517,X]
[5,F,0.717866,11000000,71.7866,X]
[15,F,0.724069,00000001,72.4069,X]
[16,F,0.823678,00000001,82.3678,X]
[9,F,0.83533,00001000,83.533,X]
[6,F,0.838959,11000000,83.8959,X]
[11,F,0.970095,00000100,97.0095,X]
[17,F,0.982858,00000001,98.2858,X]
[13,F,0.984811,00000010,98.4811,X]
[10,F,0.99158,00001000,99.158,X]
GUIDE_TREE_PARTITION1=(((t1:4.22,t2:4.22):37.47,(t3:22.76,t4:22.76):18.93):58.31,((t5:66.76,t6:66.76):12.26,(t7:31.89,t8:31.89):47.13):20.98);
