Taxa bit representation:
t1 10000000
t2 01000000
t3 00100000
t4 00010000
t5 00001000
t6 00000100
t7 00000010
t8 00000001
Clade List (<taxon members> = <clade name>): 

>Dataset_0
[15,F,0.0585938,00000001,5.85938,X]
[11,F,0.203981,00000010,20.3981,X]
[16,F,0.222656,00000001,22.2656,X]
[12,F,0.293825,00000010,29.3825,X]
[13,F,0.348513,00000010,34.8513,X]
[6,F,0.356905,00000100,35.6905,X]
[4,F,0.370214,00001000,37.0214,X]
[3,F,0.452841,00010000,45.2841,X]
[17,F,0.455078,00000001,45.5078,X]
[7,F,0.509248,00000100,50.9248,X]
[5,F,0.538183,00001000,53.8183,X]
[8,F,0.670381,00000100,67.0381,X]
[1,F,0.706386,00100000,70.6386,X]
[14,F,0.71863,00000010,71.863,X]
[9,F,0.832491,00000100,83.2491,X]
[18,F,0.847656,00000001,84.7656,X]
[10,F,0.901827,00000100,90.1827,X]
[0,F,0.958552,01000000,95.8552,X]
[2,F,0.973964,00100000,97.3964,X]
GUIDE_TREE_PARTITION1=(((((((t1:21.43,t2:21.43):11.74,t3:33.17):33.46,t4:66.63):11.29,t5:77.92):10.12,t6:88.04):9.14,t7:97.18):2.82,t8:100);
