Taxa bit representation:
t1 10000000
t2 01000000
t3 00100000
t4 00010000
t5 00001000
t6 00000100
t7 00000010
t8 00000001
Clade List (<taxon members> = <clade name>): 

>Dataset_0
[32,F,0.0195312,00000001,1.95312,X]
[33,F,0.0224609,00000001,2.24609,X]
[34,F,0.0537109,00000001,5.37109,X]
[0,F,0.0683594,11111110,6.83594,X]
[1,F,0.0751953,11111110,7.51953,X]
[2,F,0.102539,11111110,10.2539,X]
[3,F,0.115234,11111110,11.5234,X]
[35,F,0.282227,00000001,28.2227,X]
[4,F,0.311523,11111110,31.1523,X]
[36,F,0.384766,00000001,38.4766,X]
[37,F,0.420898,00000001,42.0898,X]
[38,F,0.478516,00000001,47.8516,X]
[39,F,0.490234,00000001,49.0234,X]
[5,F,0.517145,11111100,51.7145,X]
[40,F,0.548828,00000001,54.8828,X]
[18,F,0.549873,00000100,54.9873,X]
[19,F,0.564522,00000100,56.4522,X]
[26,F,0.56988,00000010,56.988,X]
[13,F,0.582972,00010000,58.2972,X]
[6,F,0.632777,11100000,63.2777,X]
[14,F,0.635706,00010000,63.5706,X]
[7,F,0.66012,11100000,66.012,X]
[16,F,0.663352,00001000,66.3352,X]
[41,F,0.666992,00000001,66.6992,X]
[42,F,0.670898,00000001,67.0898,X]
[15,F,0.674769,00010000,67.4769,X]
[20,F,0.698311,00000100,69.8311,X]
[21,F,0.715889,00000100,71.5889,X]
[22,F,0.720772,00000100,72.0772,X]
[10,F,0.722377,01000000,72.2377,X]
[8,F,0.726283,10000000,72.6283,X]
[12,F,0.743061,00100000,74.3061,X]
[23,F,0.751045,00000100,75.1045,X]
[27,F,0.773981,00000010,77.3981,X]
[28,F,0.774958,00000010,77.4958,X]
[43,F,0.794922,00000001,79.4922,X]
[24,F,0.914131,00000100,91.4131,X]
[9,F,0.924525,10000000,92.4525,X]
[29,F,0.926325,00000010,92.6325,X]
[25,F,0.926827,00000100,92.6827,X]
[30,F,0.938044,00000010,93.8044,X]
[11,F,0.967494,01000000,96.7494,X]
[31,F,0.97027,00000010,97.027,X]
[17,F,0.98757,00001000,98.757,X]
GUIDE_TREE_PARTITION1=(((((((t1:27.86,t2:27.86):0.08,t3:27.94):15.13,t4:43.07):1.63,t5:44.7):3.34,t6:48.04):4.64,t7:52.68):47.32,t8:100);
