Taxa bit representation:
t1 10000000
t2 01000000
t3 00100000
t4 00010000
t5 00001000
t6 00000100
t7 00000010
t8 00000001
Clade List (<taxon members> = <clade name>): 

>Dataset_0
[12,F,0.193359,00000011,19.3359,X]
[13,F,0.375527,00000010,37.5527,X]
[14,F,0.395058,00000010,39.5058,X]
[15,F,0.5308,00000010,53.08,X]
[6,F,0.544211,00001100,54.4211,X]
[0,F,0.579913,11100000,57.9913,X]
[7,F,0.601828,00001100,60.1828,X]
[16,F,0.612831,00000010,61.2831,X]
[1,F,0.63323,11000000,63.323,X]
[8,F,0.662375,00001100,66.2375,X]
[3,F,0.772878,00100000,77.2878,X]
[9,F,0.849875,00001100,84.9875,X]
[4,F,0.856862,00100000,85.6863,X]
[5,F,0.917409,00100000,91.7409,X]
[2,F,0.930416,01000000,93.0416,X]
[10,F,0.953655,00001000,95.3655,X]
[11,F,0.973186,00001000,97.3186,X]
[17,F,0.994667,00000010,99.4667,X]
GUIDE_TREE_PARTITION1=(((((t1:17.31,t2:17.31):19.66,t3:36.97):18.32,t4:55.29):1.91,(t5:12.74,t6:12.74):44.46):42.8,(t7:78.17,t8:78.17):21.83);
