Taxa bit representation:
t1 10000000
t2 01000000
t3 00100000
t4 00010000
t5 00001000
t6 00000100
t7 00000010
t8 00000001
Clade List (<taxon members> = <clade name>): 

>Dataset_0
[0,F,0.0195312,11110000,1.95312,X]
[1,F,0.03125,11110000,3.125,X]
[32,F,0.128906,00001111,12.8906,X]
[2,F,0.171875,11110000,17.1875,X]
[33,F,0.171875,00001111,17.1875,X]
[3,F,0.192383,11110000,19.2383,X]
[34,F,0.259245,00001100,25.9245,X]
[35,F,0.270964,00001100,27.0964,X]
[36,F,0.2778,00001100,27.78,X]
[24,F,0.285567,00110000,28.5567,X]
[4,F,0.294356,11000000,29.4356,X]
[37,F,0.300261,00001100,30.0261,X]
[46,F,0.303191,00000011,30.3191,X]
[5,F,0.315841,11000000,31.5841,X]
[6,F,0.362716,11000000,36.2716,X]
[7,F,0.364669,11000000,36.4669,X]
[25,F,0.401778,00110000,40.1778,X]
[8,F,0.402755,11000000,40.2755,X]
[26,F,0.419356,00110000,41.9356,X]
[9,F,0.445723,11000000,44.5723,X]
[47,F,0.447722,00000011,44.7722,X]
[48,F,0.471159,00000011,47.1159,X]
[38,F,0.472136,00001100,47.2136,X]
[10,F,0.477255,10000000,47.7255,X]
[39,F,0.483855,00001100,48.3855,X]
[17,F,0.52413,01000000,52.413,X]
[11,F,0.535848,10000000,53.5848,X]
[27,F,0.554122,00110000,55.4122,X]
[49,F,0.562956,00000011,56.2956,X]
[12,F,0.576864,10000000,57.6864,X]
[50,F,0.605925,00000011,60.5925,X]
[28,F,0.610763,00110000,61.0763,X]
[29,F,0.615645,00110000,61.5645,X]
[40,F,0.617669,00001000,61.7669,X]
[30,F,0.646895,00110000,64.6895,X]
[13,F,0.667684,10000000,66.7684,X]
[51,F,0.673308,00000011,67.3308,X]
[41,F,0.698723,00001000,69.8723,X]
[18,F,0.716512,01000000,71.6513,X]
[19,F,0.807333,01000000,80.7333,X]
[52,F,0.838347,00000011,83.8347,X]
[20,F,0.873739,01000000,87.3739,X]
[42,F,0.875481,00001000,87.5481,X]
[14,F,0.898153,10000000,89.8153,X]
[44,F,0.902825,00000100,90.2825,X]
[31,F,0.905684,00110000,90.5684,X]
[53,F,0.929166,00000010,92.9166,X]
[21,F,0.935262,01000000,93.5263,X]
[22,F,0.940145,01000000,94.0145,X]
[54,F,0.941861,00000010,94.1861,X]
[23,F,0.948934,01000000,94.8934,X]
[15,F,0.953817,10000000,95.3817,X]
[16,F,0.9587,10000000,95.87,X]
[55,F,0.968228,00000010,96.8228,X]
[43,F,0.968255,00001000,96.8255,X]
[45,F,0.990716,00000100,99.0716,X]
GUIDE_TREE_PARTITION1=(((t1:54.13,t2:54.13):19.95,(t3:2.86,t4:2.86):71.22):25.92,((t5:42.53,t6:42.53):35.94,(t7:8.06,t8:8.06):70.41):21.53);
