Taxa bit representation:
t1 10000000
t2 01000000
t3 00100000
t4 00010000
t5 00001000
t6 00000100
t7 00000010
t8 00000001
Clade List (<taxon members> = <clade name>): 

>Dataset_0
[0,F,0.00488281,11110000,0.488281,X]
[1,F,0.212891,11110000,21.2891,X]
[13,F,0.390977,00000011,39.0977,X]
[6,F,0.416616,00110000,41.6616,X]
[10,F,0.438828,00001100,43.8828,X]
[14,F,0.446641,00000011,44.6641,X]
[7,F,0.450795,00110000,45.0795,X]
[15,F,0.487656,00000011,48.7656,X]
[11,F,0.539414,00001100,53.9414,X]
[8,F,0.59435,00110000,59.435,X]
[12,F,0.60875,00001100,60.875,X]
[4,F,0.643648,01000000,64.3648,X]
[2,F,0.713961,10000000,71.3961,X]
[9,F,0.73903,00010000,73.903,X]
[3,F,0.786227,10000000,78.6227,X]
[5,F,0.831148,01000000,83.1148,X]
[16,F,0.831406,00000011,83.1406,X]
[17,F,0.949452,00000001,94.9452,X]
GUIDE_TREE_PARTITION1=(((t1:62.1,t2:62.1):0.34,(t3:38.89,t4:38.89):23.55):37.56,((t5:12.45,t6:12.45):54.8,(t7:9.84,t8:9.84):57.41):32.75);
