Taxa bit representation:
t1 10000000
t2 01000000
t3 00100000
t4 00010000
t5 00001000
t6 00000100
t7 00000010
t8 00000001
Clade List (<taxon members> = <clade name>): 

>Dataset_0
[0,F,0.0800781,11110000,8.00781,X]
[52,F,0.0830078,00001111,8.30078,X]
[1,F,0.111328,11110000,11.1328,X]
[75,F,0.116555,00000011,11.6555,X]
[53,F,0.12632,00001100,12.632,X]
[76,F,0.13218,00000011,13.218,X]
[2,F,0.133789,11110000,13.3789,X]
[54,F,0.149758,00001100,14.9758,X]
[3,F,0.15625,11110000,15.625,X]
[77,F,0.171242,00000011,17.1242,X]
[78,F,0.177983,00000010,17.7983,X]
[4,F,0.212891,11110000,21.2891,X]
[5,F,0.21582,11110000,21.582,X]
[55,F,0.232766,00001100,23.2766,X]
[94,F,0.2356,00000001,23.56,X]
[95,F,0.236577,00000001,23.6577,X]
[96,F,0.240483,00000001,24.0483,X]
[56,F,0.246438,00001100,24.6438,X]
[97,F,0.252202,00000001,25.2202,X]
[98,F,0.264897,00000001,26.4897,X]
[6,F,0.272362,11000000,27.2362,X]
[99,F,0.282475,00000001,28.2475,X]
[100,F,0.302006,00000001,30.2006,X]
[101,F,0.303959,00000001,30.3959,X]
[102,F,0.307866,00000001,30.7866,X]
[27,F,0.322167,00110000,32.2167,X]
[57,F,0.325539,00001100,32.5539,X]
[7,F,0.32998,11000000,32.998,X]
[58,F,0.338234,00001100,33.8234,X]
[103,F,0.341069,00000001,34.1069,X]
[79,F,0.345952,00000010,34.5952,X]
[8,F,0.346581,11000000,34.6581,X]
[80,F,0.351811,00000010,35.1811,X]
[9,F,0.353417,11000000,35.3417,X]
[104,F,0.362553,00000001,36.2553,X]
[59,F,0.365578,00001100,36.5578,X]
[105,F,0.376225,00000001,37.6225,X]
[10,F,0.378808,11000000,37.8808,X]
[60,F,0.380227,00001100,38.0227,X]
[61,F,0.387062,00001100,38.7062,X]
[81,F,0.397709,00000010,39.7709,X]
[11,F,0.406152,11000000,40.6152,X]
[106,F,0.407475,00000001,40.7475,X]
[28,F,0.415917,00110000,41.5917,X]
[107,F,0.417241,00000001,41.7241,X]
[12,F,0.4208,11000000,42.08,X]
[82,F,0.421147,00000010,42.1147,X]
[13,F,0.442284,11000000,44.2284,X]
[83,F,0.445561,00000010,44.5561,X]
[108,F,0.445561,00000001,44.5561,X]
[109,F,0.449467,00000001,44.9467,X]
[14,F,0.454003,11000000,45.4003,X]
[29,F,0.462792,00110000,46.2792,X]
[30,F,0.465722,00110000,46.5722,X]
[31,F,0.467675,00110000,46.7675,X]
[15,F,0.470605,11000000,47.0605,X]
[110,F,0.486577,00000001,48.6577,X]
[32,F,0.490136,00110000,49.0136,X]
[16,F,0.51162,11000000,51.162,X]
[17,F,0.526269,11000000,52.6269,X]
[84,F,0.534428,00000010,53.4428,X]
[85,F,0.543217,00000010,54.3217,X]
[62,F,0.544289,00001100,54.4289,X]
[111,F,0.546147,00000001,54.6147,X]
[33,F,0.54873,00110000,54.873,X]
[86,F,0.552983,00000010,55.2983,X]
[18,F,0.559472,11000000,55.9472,X]
[63,F,0.565773,00001100,56.5773,X]
[64,F,0.576516,00001100,57.6516,X]
[112,F,0.589116,00000001,58.9116,X]
[19,F,0.592675,11000000,59.2675,X]
[87,F,0.60767,00000010,60.767,X]
[43,F,0.610563,00010000,61.0562,X]
[44,F,0.612516,00010000,61.2516,X]
[34,F,0.619352,00100000,61.9352,X]
[88,F,0.657475,00000010,65.7475,X]
[89,F,0.661381,00000010,66.1381,X]
[45,F,0.66232,00010000,66.232,X]
[113,F,0.6731,00000001,67.31,X]
[46,F,0.687711,00010000,68.7711,X]
[90,F,0.698491,00000010,69.8491,X]
[35,F,0.72775,00100000,72.775,X]
[65,F,0.752181,00001000,75.2181,X]
[36,F,0.76193,00100000,76.193,X]
[47,F,0.765836,00010000,76.5836,X]
[66,F,0.767806,00001000,76.7806,X]
[71,F,0.776595,00000100,77.6595,X]
[72,F,0.777572,00000100,77.7572,X]
[20,F,0.787987,11000000,78.7987,X]
[73,F,0.794173,00000100,79.4173,X]
[21,F,0.796777,11000000,79.6777,X]
[67,F,0.799056,00001000,79.9056,X]
[22,F,0.800683,11000000,80.0683,X]
[37,F,0.801969,00100000,80.1969,X]
[38,F,0.802945,00100000,80.2945,X]
[68,F,0.824447,00001000,82.4447,X]
[48,F,0.826383,00010000,82.6383,X]
[39,F,0.828336,00100000,82.8336,X]
[114,F,0.835209,00000001,83.5209,X]
[115,F,0.836186,00000001,83.6186,X]
[23,F,0.839745,11000000,83.9745,X]
[49,F,0.857633,00010000,85.7633,X]
[40,F,0.868375,00100000,86.8375,X]
[69,F,0.882064,00001000,88.2064,X]
[74,F,0.884017,00000100,88.4017,X]
[24,F,0.887597,11000000,88.7597,X]
[41,F,0.91818,00100000,91.818,X]
[70,F,0.922103,00001000,92.2103,X]
[50,F,0.925992,00010000,92.5992,X]
[116,F,0.936772,00000001,93.6772,X]
[117,F,0.940678,00000001,94.0678,X]
[26,F,0.943548,01000000,94.3548,X]
[91,F,0.95142,00000010,95.142,X]
[25,F,0.958197,10000000,95.8197,X]
[118,F,0.965092,00000001,96.5092,X]
[42,F,0.986539,00100000,98.6539,X]
[119,F,0.986577,00000001,98.6577,X]
[92,F,0.98853,00000010,98.853,X]
[51,F,0.997281,00010000,99.7281,X]
[120,F,0.997319,00000001,99.7319,X]
[93,F,0.998295,00000010,99.8295,X]
GUIDE_TREE_PARTITION1=(((t1:7.11,t2:7.11):69.56,(t3:42.85,t4:42.85):33.82):23.33,((t5:29.86,t6:29.86):60.34,(t7:82.69,t8:82.69):7.51):9.8);
