Taxa bit representation:
t1 10000000
t2 01000000
t3 00100000
t4 00010000
t5 00001000
t6 00000100
t7 00000010
t8 00000001
Clade List (<taxon members> = <clade name>): 

>Dataset_0
[67,F,0.00292969,00001111,0.292969,X]
[0,F,0.0429688,11110000,4.29688,X]
[1,F,0.0439453,11110000,4.39453,X]
[68,F,0.0507812,00001111,5.07812,X]
[2,F,0.0673828,11110000,6.73828,X]
[3,F,0.0683594,11110000,6.83594,X]
[4,F,0.0791016,11110000,7.91016,X]
[5,F,0.0976562,11110000,9.76562,X]
[69,F,0.107422,00001111,10.7422,X]
[6,F,0.12207,11110000,12.207,X]
[7,F,0.199219,11110000,19.9219,X]
[70,F,0.200195,00001111,20.0195,X]
[8,F,0.217773,11110000,21.7773,X]
[71,F,0.225586,00001111,22.5586,X]
[9,F,0.240234,11110000,24.0234,X]
[10,F,0.242188,11110000,24.2188,X]
[97,F,0.244625,00000011,24.4625,X]
[11,F,0.293353,11000000,29.3353,X]
[72,F,0.297359,00001100,29.7359,X]
[98,F,0.311031,00000011,31.1031,X]
[99,F,0.31982,00000011,31.982,X]
[38,F,0.320697,00110000,32.0697,X]
[39,F,0.324603,00110000,32.4603,X]
[73,F,0.337398,00001100,33.7398,X]
[100,F,0.343258,00000011,34.3258,X]
[12,F,0.347064,11000000,34.7064,X]
[40,F,0.35097,00110000,35.097,X]
[101,F,0.354,00000011,35.4,X]
[25,F,0.354959,01000000,35.4959,X]
[26,F,0.357889,01000000,35.7889,X]
[27,F,0.387186,01000000,38.7186,X]
[74,F,0.396969,00001100,39.6969,X]
[75,F,0.405758,00001100,40.5758,X]
[28,F,0.407694,01000000,40.7694,X]
[13,F,0.410623,10000000,41.0623,X]
[14,F,0.412577,10000000,41.2577,X]
[76,F,0.430172,00001100,43.0172,X]
[15,F,0.435037,10000000,43.5037,X]
[102,F,0.435055,00000011,43.5055,X]
[103,F,0.44482,00000011,44.482,X]
[77,F,0.451656,00001100,45.1656,X]
[104,F,0.462398,00000011,46.2398,X]
[41,F,0.477923,00110000,47.7923,X]
[29,F,0.484842,01000000,48.4842,X]
[123,F,0.487683,00000001,48.7683,X]
[105,F,0.490613,00000010,49.0613,X]
[30,F,0.494608,01000000,49.4608,X]
[87,F,0.504577,00000100,50.4577,X]
[16,F,0.50828,10000000,50.828,X]
[106,F,0.510144,00000010,51.0144,X]
[17,F,0.510233,10000000,51.0233,X]
[31,F,0.514139,01000000,51.4139,X]
[42,F,0.524798,00110000,52.4798,X]
[124,F,0.526745,00000001,52.6745,X]
[88,F,0.541686,00000100,54.1686,X]
[107,F,0.54823,00000010,54.823,X]
[89,F,0.562194,00000100,56.2194,X]
[43,F,0.562884,00110000,56.2884,X]
[125,F,0.567761,00000001,56.7761,X]
[108,F,0.57362,00000010,57.362,X]
[78,F,0.577819,00001000,57.7819,X]
[18,F,0.581522,10000000,58.1522,X]
[109,F,0.589245,00000010,58.9245,X]
[110,F,0.592175,00000010,59.2175,X]
[126,F,0.6078,00000001,60.78,X]
[44,F,0.613666,00110000,61.3666,X]
[111,F,0.634167,00000010,63.4167,X]
[127,F,0.638073,00000001,63.8073,X]
[19,F,0.638162,10000000,63.8162,X]
[112,F,0.642956,00000010,64.2956,X]
[32,F,0.649881,01000000,64.9881,X]
[20,F,0.654764,10000000,65.4764,X]
[113,F,0.658581,00000010,65.8581,X]
[114,F,0.660534,00000010,66.0534,X]
[115,F,0.67323,00000010,67.323,X]
[33,F,0.673319,01000000,67.3319,X]
[79,F,0.674498,00001000,67.4498,X]
[128,F,0.689831,00000001,68.9831,X]
[80,F,0.6911,00001000,69.11,X]
[45,F,0.70058,00110000,70.058,X]
[21,F,0.705545,10000000,70.5545,X]
[81,F,0.712584,00001000,71.2584,X]
[46,F,0.72597,00110000,72.597,X]
[129,F,0.726941,00000001,72.6941,X]
[90,F,0.729186,00000100,72.9186,X]
[82,F,0.730163,00001000,73.0162,X]
[116,F,0.7328,00000010,73.28,X]
[59,F,0.739459,00010000,73.9459,X]
[117,F,0.741589,00000010,74.1589,X]
[91,F,0.746764,00000100,74.6764,X]
[130,F,0.749402,00000001,74.9402,X]
[47,F,0.754108,00100000,75.4108,X]
[92,F,0.755553,00000100,75.5553,X]
[48,F,0.760944,00100000,76.0944,X]
[60,F,0.760944,00010000,76.0944,X]
[93,F,0.770202,00000100,77.0202,X]
[94,F,0.773131,00000100,77.3131,X]
[83,F,0.777038,00001000,77.7037,X]
[61,F,0.779498,00010000,77.9498,X]
[22,F,0.779764,10000000,77.9764,X]
[131,F,0.782605,00000001,78.2605,X]
[49,F,0.783405,00100000,78.3405,X]
[132,F,0.786511,00000001,78.6511,X]
[62,F,0.790241,00010000,79.0241,X]
[50,F,0.792194,00100000,79.2194,X]
[23,F,0.794412,10000000,79.4412,X]
[51,F,0.800983,00100000,80.0983,X]
[34,F,0.802225,01000000,80.2225,X]
[118,F,0.818738,00000010,81.8738,X]
[63,F,0.829303,00010000,82.9303,X]
[52,F,0.829303,00100000,82.9303,X]
[119,F,0.830456,00000010,83.0456,X]
[120,F,0.837292,00000010,83.7292,X]
[84,F,0.84442,00001000,84.442,X]
[64,F,0.850788,00010000,85.0787,X]
[85,F,0.852233,00001000,85.2233,X]
[53,F,0.863483,00100000,86.3483,X]
[24,F,0.868631,10000000,86.8631,X]
[121,F,0.882214,00000010,88.2214,X]
[95,F,0.886413,00000100,88.6412,X]
[35,F,0.887186,01000000,88.7186,X]
[65,F,0.894733,00010000,89.4733,X]
[54,F,0.901569,00100000,90.1569,X]
[55,F,0.910358,00100000,91.0358,X]
[133,F,0.914441,00000001,91.4441,X]
[36,F,0.915506,01000000,91.5506,X]
[37,F,0.931131,01000000,93.1131,X]
[56,F,0.931842,00100000,93.1842,X]
[57,F,0.936725,00100000,93.6725,X]
[134,F,0.94862,00000001,94.862,X]
[66,F,0.950397,00010000,95.0397,X]
[58,F,0.960163,00100000,96.0162,X]
[86,F,0.976256,00001000,97.6256,X]
[135,F,0.984753,00000001,98.4753,X]
[96,F,0.990905,00000100,99.0905,X]
[122,F,0.993542,00000010,99.3542,X]
[136,F,0.997448,00000001,99.7448,X]
GUIDE_TREE_PARTITION1=(((t1:65.09,t2:65.09):5.77,(t3:26.64,t4:26.64):44.22):29.14,((t5:49.64,t6:49.64):27.46,(t7:51.72,t8:51.72):25.38):22.9);
