Taxa bit representation:
t1 10000000
t2 01000000
t3 00100000
t4 00010000
t5 00001000
t6 00000100
t7 00000010
t8 00000001
Clade List (<taxon members> = <clade name>): 

>Dataset_0
[3,F,0.142578,00001111,14.2578,X]
[0,F,0.457031,11110000,45.7031,X]
[1,F,0.698242,11110000,69.8242,X]
[4,F,0.714941,00000100,71.4941,X]
[6,F,0.774931,00000011,77.4931,X]
[5,F,0.799902,00000100,79.9902,X]
[2,F,0.903784,00100000,90.3784,X]
[7,F,0.912627,00000011,91.2627,X]
GUIDE_TREE_PARTITION1=(((t1:16.81,t2:16.81):0.6,(t3:11.77,t4:11.77):5.64):82.59,((t5:40.42,t6:40.42):21.54,(t7:1.85,t8:1.85):60.11):38.04);
