Taxa bit representation:
t1 10000000
t2 01000000
t3 00100000
t4 00010000
t5 00001000
t6 00000100
t7 00000010
t8 00000001
Clade List (<taxon members> = <clade name>): 

>Dataset_0
[32,F,0.0996094,00000001,9.96094,X]
[0,F,0.121094,11111110,12.1094,X]
[1,F,0.12793,11111110,12.793,X]
[2,F,0.140625,11111110,14.0625,X]
[33,F,0.251953,00000001,25.1953,X]
[26,F,0.284161,00000010,28.4161,X]
[34,F,0.341797,00000001,34.1797,X]
[3,F,0.387834,11111000,38.7834,X]
[27,F,0.445294,00000010,44.5294,X]
[28,F,0.448223,00000010,44.8223,X]
[35,F,0.454102,00000001,45.4102,X]
[4,F,0.464983,11111000,46.4983,X]
[29,F,0.476544,00000010,47.6544,X]
[36,F,0.484375,00000001,48.4375,X]
[5,F,0.512834,11111000,51.2834,X]
[37,F,0.514648,00000001,51.4648,X]
[30,F,0.543927,00000010,54.3927,X]
[6,F,0.564592,11111000,56.4592,X]
[20,F,0.620256,00000100,62.0256,X]
[38,F,0.639648,00000001,63.9648,X]
[31,F,0.645489,00000010,64.5489,X]
[39,F,0.676758,00000001,67.6758,X]
[7,F,0.734433,11110000,73.4433,X]
[8,F,0.736386,11110000,73.6386,X]
[21,F,0.74135,00000100,74.135,X]
[17,F,0.743222,00001000,74.3222,X]
[9,F,0.762753,11110000,76.2753,X]
[10,F,0.786191,11110000,78.6191,X]
[22,F,0.789202,00000100,78.9202,X]
[14,F,0.800772,00010000,80.0772,X]
[40,F,0.823242,00000001,82.3242,X]
[41,F,0.841797,00000001,84.1797,X]
[23,F,0.858538,00000100,85.8538,X]
[11,F,0.891236,11000000,89.1236,X]
[18,F,0.895566,00001000,89.5566,X]
[15,F,0.9121,00010000,91.21,X]
[24,F,0.932756,00000100,93.2756,X]
[19,F,0.944394,00001000,94.4394,X]
[16,F,0.961905,00010000,96.1905,X]
[42,F,0.978516,00000001,97.8516,X]
[25,F,0.979631,00000100,97.9631,X]
[12,F,0.98632,01000000,98.632,X]
[13,F,0.987916,00100000,98.7916,X]
GUIDE_TREE_PARTITION1=(((((((t1:4.2,t2:4.2):13.61,t3:17.81):3.48,t4:21.29):8.88,t5:30.17):42.57,t6:72.74):1.09,t7:73.83):26.17,t8:100);
