Taxa bit representation:
t1 10000000
t2 01000000
t3 00100000
t4 00010000
t5 00001000
t6 00000100
t7 00000010
t8 00000001
Clade List (<taxon members> = <clade name>): 

>Dataset_0
[0,F,0.00292969,11111100,0.292969,X]
[1,F,0.0390625,11111100,3.90625,X]
[2,F,0.0527344,11111100,5.27344,X]
[3,F,0.0566406,11111100,5.66406,X]
[4,F,0.0917969,11111100,9.17969,X]
[5,F,0.0957031,11111100,9.57031,X]
[94,F,0.133789,00000011,13.3789,X]
[6,F,0.136831,11110000,13.6831,X]
[69,F,0.139761,00001100,13.9761,X]
[7,F,0.171011,11110000,17.1011,X]
[8,F,0.172964,11110000,17.2964,X]
[9,F,0.17687,11110000,17.687,X]
[10,F,0.187613,11110000,18.7613,X]
[70,F,0.195425,00001100,19.5425,X]
[71,F,0.229605,00001100,22.9605,X]
[95,F,0.239258,00000011,23.9258,X]
[49,F,0.243419,00010000,24.3419,X]
[96,F,0.245117,00000011,24.5117,X]
[97,F,0.266213,00000010,26.6213,X]
[98,F,0.272072,00000010,27.2072,X]
[50,F,0.273692,00010000,27.3692,X]
[11,F,0.276622,11100000,27.6622,X]
[99,F,0.291603,00000010,29.1603,X]
[51,F,0.2942,00010000,29.42,X]
[72,F,0.299917,00001100,29.9917,X]
[52,F,0.305919,00010000,30.5919,X]
[53,F,0.311778,00010000,31.1778,X]
[100,F,0.31797,00000010,31.797,X]
[120,F,0.336525,00000001,33.6525,X]
[101,F,0.340431,00000010,34.0431,X]
[54,F,0.346934,00010000,34.6934,X]
[12,F,0.350841,11100000,35.0841,X]
[102,F,0.35215,00000010,35.215,X]
[121,F,0.357033,00000001,35.7033,X]
[55,F,0.366466,00010000,36.6466,X]
[122,F,0.367775,00000001,36.7775,X]
[73,F,0.377066,00001100,37.7066,X]
[56,F,0.391856,00010000,39.1856,X]
[57,F,0.393809,00010000,39.3809,X]
[30,F,0.396666,00100000,39.6666,X]
[103,F,0.398048,00000010,39.8048,X]
[74,F,0.40148,00001100,40.148,X]
[31,F,0.401548,00100000,40.1548,X]
[58,F,0.411388,00010000,41.1388,X]
[75,F,0.418142,00001000,41.8142,X]
[32,F,0.427916,00100000,42.7916,X]
[123,F,0.437111,00000001,43.7111,X]
[33,F,0.437681,00100000,43.7681,X]
[59,F,0.449473,00010000,44.9473,X]
[124,F,0.464455,00000001,46.4455,X]
[85,F,0.465994,00000100,46.5994,X]
[34,F,0.469908,00100000,46.9908,X]
[35,F,0.47772,00100000,47.772,X]
[104,F,0.484963,00000010,48.4963,X]
[13,F,0.485533,11000000,48.5533,X]
[76,F,0.491384,00001000,49.1384,X]
[36,F,0.528502,00100000,52.8502,X]
[86,F,0.547048,00000100,54.7048,X]
[125,F,0.558205,00000001,55.8205,X]
[14,F,0.57147,11000000,57.147,X]
[105,F,0.581642,00000010,58.1642,X]
[106,F,0.583595,00000010,58.3595,X]
[37,F,0.591978,00100000,59.1978,X]
[126,F,0.594337,00000001,59.4337,X]
[107,F,0.597267,00000010,59.7267,X]
[127,F,0.607033,00000001,60.7033,X]
[15,F,0.60858,11000000,60.858,X]
[108,F,0.617775,00000010,61.7775,X]
[77,F,0.620291,00001000,62.0291,X]
[38,F,0.621275,00100000,62.1275,X]
[16,F,0.621275,11000000,62.1275,X]
[109,F,0.623634,00000010,62.3634,X]
[87,F,0.627127,00000100,62.7127,X]
[110,F,0.627541,00000010,62.7541,X]
[88,F,0.639822,00000100,63.9822,X]
[78,F,0.650564,00001000,65.0564,X]
[17,F,0.650572,11000000,65.0572,X]
[128,F,0.653908,00000001,65.3908,X]
[111,F,0.657814,00000010,65.7814,X]
[112,F,0.658791,00000010,65.8791,X]
[60,F,0.660411,00010000,66.0411,X]
[79,F,0.662283,00001000,66.2283,X]
[89,F,0.664236,00000100,66.4236,X]
[129,F,0.671486,00000001,67.1486,X]
[39,F,0.686705,00100000,68.6705,X]
[40,F,0.704283,00100000,70.4283,X]
[18,F,0.708189,11000000,70.8189,X]
[41,F,0.715025,00100000,71.5025,X]
[19,F,0.716978,11000000,71.6978,X]
[113,F,0.72422,00000010,72.422,X]
[80,F,0.734548,00001000,73.4548,X]
[61,F,0.735606,00010000,73.5606,X]
[62,F,0.737559,00010000,73.7559,X]
[20,F,0.745298,11000000,74.5298,X]
[63,F,0.750255,00010000,75.0255,X]
[64,F,0.758067,00010000,75.8067,X]
[114,F,0.759377,00000010,75.9377,X]
[21,F,0.771666,11000000,77.1666,X]
[115,F,0.791603,00000010,79.1603,X]
[65,F,0.798106,00010000,79.8106,X]
[81,F,0.801931,00001000,80.1931,X]
[42,F,0.805845,00100000,80.5845,X]
[90,F,0.81658,00000100,81.658,X]
[130,F,0.81797,00000001,81.797,X]
[43,F,0.825377,00100000,82.5377,X]
[22,F,0.832236,10000000,83.2236,X]
[44,F,0.839048,00100000,83.9048,X]
[66,F,0.854747,00010000,85.4747,X]
[23,F,0.85958,10000000,85.958,X]
[91,F,0.861502,00000100,86.1502,X]
[24,F,0.865439,10000000,86.5439,X]
[82,F,0.871267,00001000,87.1267,X]
[83,F,0.881033,00001000,88.1033,X]
[116,F,0.885353,00000010,88.5353,X]
[67,F,0.886973,00010000,88.6973,X]
[25,F,0.889853,10000000,88.9853,X]
[131,F,0.902931,00000001,90.2931,X]
[26,F,0.911337,10000000,91.1337,X]
[92,F,0.920095,00000100,92.0095,X]
[117,F,0.922462,00000010,92.2463,X]
[45,F,0.934752,00100000,93.4752,X]
[27,F,0.939658,10000000,93.9658,X]
[84,F,0.94158,00001000,94.158,X]
[29,F,0.941611,01000000,94.1611,X]
[118,F,0.947853,00000010,94.7853,X]
[119,F,0.949806,00000010,94.9806,X]
[46,F,0.959166,00100000,95.9166,X]
[47,F,0.966978,00100000,96.6978,X]
[132,F,0.970314,00000001,97.0314,X]
[28,F,0.977744,10000000,97.7744,X]
[68,F,0.977794,00010000,97.7794,X]
[133,F,0.986916,00000001,98.6916,X]
[48,F,0.994322,00100000,99.4322,X]
[93,F,0.99822,00000100,99.822,X]
GUIDE_TREE_PARTITION1=(((((t1:17.46,t2:17.46):43.85,t3:61.31):15.52,t4:76.83):11.44,(t5:59.26,t6:59.26):29.01):11.73,(t7:74.16,t8:74.16):25.84);
