Taxa bit representation:
t1 10000000
t2 01000000
t3 00100000
t4 00010000
t5 00001000
t6 00000100
t7 00000010
t8 00000001
Clade List (<taxon members> = <clade name>): 

>Dataset_0
[90,F,0.0283203,00000011,2.83203,X]
[91,F,0.0410156,00000011,4.10156,X]
[0,F,0.0458984,11111100,4.58984,X]
[92,F,0.111102,00000010,11.1102,X]
[113,F,0.132586,00000001,13.2586,X]
[58,F,0.140055,00001100,14.0055,X]
[114,F,0.144305,00000001,14.4305,X]
[93,F,0.146258,00000010,14.6258,X]
[1,F,0.15568,11110000,15.568,X]
[59,F,0.173258,00001100,17.3258,X]
[2,F,0.184977,11110000,18.4977,X]
[94,F,0.189227,00000010,18.9227,X]
[60,F,0.197672,00001100,19.7672,X]
[115,F,0.214617,00000001,21.4617,X]
[116,F,0.225359,00000001,22.5359,X]
[3,F,0.233805,11110000,23.3805,X]
[95,F,0.239031,00000010,23.9031,X]
[61,F,0.247477,00001100,24.7477,X]
[4,F,0.24943,11110000,24.943,X]
[117,F,0.263445,00000001,26.3445,X]
[5,F,0.269937,11110000,26.9937,X]
[118,F,0.271258,00000001,27.1258,X]
[6,F,0.273844,11110000,27.3844,X]
[62,F,0.287516,00001100,28.7516,X]
[7,F,0.293375,11110000,29.3375,X]
[8,F,0.303141,11110000,30.3141,X]
[119,F,0.309344,00000001,30.9344,X]
[120,F,0.332781,00000001,33.2781,X]
[121,F,0.339617,00000001,33.9617,X]
[9,F,0.347086,11110000,34.7086,X]
[75,F,0.349495,00000100,34.9495,X]
[63,F,0.350472,00001000,35.0472,X]
[10,F,0.351969,11110000,35.1969,X]
[76,F,0.354378,00000100,35.4378,X]
[77,F,0.355355,00000100,35.5355,X]
[11,F,0.361734,11110000,36.1734,X]
[122,F,0.365984,00000001,36.5984,X]
[12,F,0.36857,11110000,36.857,X]
[64,F,0.369027,00001000,36.9027,X]
[123,F,0.392352,00000001,39.2352,X]
[65,F,0.398323,00001000,39.8323,X]
[96,F,0.40407,00000010,40.407,X]
[124,F,0.40407,00000001,40.407,X]
[13,F,0.427164,11110000,42.7164,X]
[125,F,0.430438,00000001,43.0438,X]
[78,F,0.434456,00000100,43.4456,X]
[66,F,0.443245,00001000,44.3245,X]
[97,F,0.448016,00000010,44.8016,X]
[79,F,0.475472,00000100,47.5472,X]
[80,F,0.485238,00000100,48.5238,X]
[81,F,0.494027,00000100,49.4027,X]
[82,F,0.49598,00000100,49.598,X]
[126,F,0.507586,00000001,50.7586,X]
[14,F,0.521891,11110000,52.1891,X]
[127,F,0.523211,00000001,52.3211,X]
[67,F,0.5243,00001000,52.43,X]
[83,F,0.525277,00000100,52.5277,X]
[68,F,0.542855,00001000,54.2855,X]
[15,F,0.55607,11110000,55.607,X]
[84,F,0.560433,00000100,56.0433,X]
[128,F,0.564227,00000001,56.4227,X]
[98,F,0.56618,00000010,56.618,X]
[69,F,0.568245,00001000,56.8245,X]
[99,F,0.5945,00000010,59.45,X]
[100,F,0.642352,00000010,64.2352,X]
[85,F,0.664925,00000100,66.4925,X]
[129,F,0.669695,00000001,66.9695,X]
[86,F,0.689339,00000100,68.9339,X]
[130,F,0.705828,00000001,70.5828,X]
[101,F,0.710711,00000010,71.0711,X]
[102,F,0.713641,00000010,71.3641,X]
[103,F,0.715594,00000010,71.5594,X]
[42,F,0.729609,00010000,72.9609,X]
[70,F,0.732308,00001000,73.2308,X]
[29,F,0.736102,00100000,73.6102,X]
[43,F,0.737422,00010000,73.7422,X]
[16,F,0.745867,11000000,74.5867,X]
[44,F,0.751094,00010000,75.1094,X]
[104,F,0.752703,00000010,75.2703,X]
[45,F,0.766719,00010000,76.6719,X]
[30,F,0.768328,00100000,76.8328,X]
[46,F,0.768672,00010000,76.8672,X]
[31,F,0.771258,00100000,77.1258,X]
[105,F,0.771258,00000010,77.1258,X]
[32,F,0.772234,00100000,77.2234,X]
[87,F,0.773323,00000100,77.3323,X]
[106,F,0.774188,00000010,77.4188,X]
[33,F,0.77907,00100000,77.907,X]
[88,F,0.797737,00000100,79.7737,X]
[17,F,0.801531,11000000,80.1531,X]
[34,F,0.811297,00100000,81.1297,X]
[35,F,0.815203,00100000,81.5203,X]
[18,F,0.81618,11000000,81.618,X]
[47,F,0.8175,00010000,81.75,X]
[19,F,0.818133,11000000,81.8133,X]
[71,F,0.819222,00001000,81.9222,X]
[72,F,0.826058,00001000,82.6058,X]
[20,F,0.826922,11000000,82.6922,X]
[21,F,0.828875,11000000,82.8875,X]
[89,F,0.831917,00000100,83.1917,X]
[36,F,0.84157,00100000,84.157,X]
[37,F,0.843523,00100000,84.3523,X]
[48,F,0.844844,00010000,84.4844,X]
[22,F,0.84743,11000000,84.743,X]
[23,F,0.849383,11000000,84.9383,X]
[24,F,0.851336,11000000,85.1336,X]
[73,F,0.851448,00001000,85.1448,X]
[131,F,0.852313,00000001,85.2313,X]
[49,F,0.867305,00010000,86.7305,X]
[107,F,0.871844,00000010,87.1844,X]
[38,F,0.87575,00100000,87.575,X]
[108,F,0.881609,00000010,88.1609,X]
[50,F,0.88293,00010000,88.293,X]
[132,F,0.885516,00000001,88.5516,X]
[51,F,0.885859,00010000,88.5859,X]
[52,F,0.894648,00010000,89.4648,X]
[25,F,0.896258,11000000,89.6258,X]
[109,F,0.902117,00000010,90.2117,X]
[53,F,0.919063,00010000,91.9062,X]
[39,F,0.922625,00100000,92.2625,X]
[110,F,0.927508,00000010,92.7508,X]
[54,F,0.928828,00010000,92.8828,X]
[55,F,0.933711,00010000,93.3711,X]
[56,F,0.934688,00010000,93.4688,X]
[111,F,0.93532,00000010,93.532,X]
[112,F,0.939227,00000010,93.9227,X]
[26,F,0.939367,10000000,93.9367,X]
[40,F,0.947039,00100000,94.7039,X]
[133,F,0.958758,00000001,95.8758,X]
[41,F,0.965594,00100000,96.5594,X]
[74,F,0.968636,00001000,96.8636,X]
[28,F,0.969641,01000000,96.9641,X]
[134,F,0.976336,00000001,97.6336,X]
[27,F,0.982336,10000000,98.2336,X]
[57,F,0.989375,00010000,98.9375,X]
[135,F,0.990008,00000001,99.0008,X]
GUIDE_TREE_PARTITION1=(((((t1:8.7,t2:8.7):19.35,t3:28.05):2.7,t4:30.75):57.1,(t5:66.32,t6:66.32):21.53):12.15,(t7:90.55,t8:90.55):9.45);
