Taxa bit representation:
t1 10000000
t2 01000000
t3 00100000
t4 00010000
t5 00001000
t6 00000100
t7 00000010
t8 00000001
Clade List (<taxon members> = <clade name>): 

>Dataset_0
[0,F,0.00878906,11110000,0.878906,X]
[1,F,0.00976562,11110000,0.976562,X]
[48,F,0.015625,00001111,1.5625,X]
[49,F,0.0185547,00001111,1.85547,X]
[2,F,0.03125,11110000,3.125,X]
[3,F,0.0517578,11110000,5.17578,X]
[4,F,0.078125,11110000,7.8125,X]
[5,F,0.107422,11110000,10.7422,X]
[78,F,0.136061,00000011,13.6061,X]
[6,F,0.152344,11110000,15.2344,X]
[50,F,0.152662,00001100,15.2662,X]
[7,F,0.172852,11110000,17.2852,X]
[8,F,0.176758,11110000,17.6758,X]
[51,F,0.186842,00001100,18.6842,X]
[79,F,0.20442,00000011,20.442,X]
[52,F,0.212233,00001100,21.2233,X]
[9,F,0.216797,11110000,21.6797,X]
[53,F,0.227858,00001100,22.7858,X]
[54,F,0.232741,00001100,23.2741,X]
[80,F,0.239577,00000011,23.9577,X]
[81,F,0.245436,00000011,24.5436,X]
[10,F,0.259766,11110000,25.9766,X]
[11,F,0.263672,11110000,26.3672,X]
[55,F,0.276686,00001100,27.6686,X]
[12,F,0.285156,11110000,28.5156,X]
[13,F,0.294922,11110000,29.4922,X]
[56,F,0.313795,00001100,31.3795,X]
[82,F,0.326491,00000011,32.6491,X]
[14,F,0.327148,11110000,32.7148,X]
[83,F,0.351881,00000011,35.1881,X]
[15,F,0.371094,11110000,37.1094,X]
[57,F,0.39485,00001100,39.485,X]
[84,F,0.403639,00000011,40.3639,X]
[16,F,0.412109,11110000,41.2109,X]
[17,F,0.458008,11110000,45.8008,X]
[58,F,0.459303,00001100,45.9303,X]
[85,F,0.47273,00000010,47.273,X]
[18,F,0.478516,11110000,47.8516,X]
[19,F,0.486328,11110000,48.6328,X]
[102,F,0.531323,00000001,53.1323,X]
[103,F,0.537183,00000001,53.7183,X]
[59,F,0.540358,00001100,54.0358,X]
[86,F,0.544019,00000010,54.4019,X]
[60,F,0.555006,00001100,55.5006,X]
[20,F,0.555664,11110000,55.5664,X]
[87,F,0.567456,00000010,56.7456,X]
[104,F,0.580152,00000001,58.0152,X]
[34,F,0.585977,00110000,58.5977,X]
[105,F,0.590894,00000001,59.0894,X]
[35,F,0.600625,00110000,60.0625,X]
[21,F,0.602578,11000000,60.2578,X]
[61,F,0.605788,00001100,60.5788,X]
[106,F,0.624097,00000001,62.4097,X]
[88,F,0.631909,00000010,63.1909,X]
[89,F,0.636792,00000010,63.6792,X]
[90,F,0.638745,00000010,63.8745,X]
[107,F,0.649487,00000001,64.9488,X]
[91,F,0.652417,00000010,65.2417,X]
[71,F,0.658373,00000100,65.8373,X]
[92,F,0.66023,00000010,66.023,X]
[36,F,0.67582,00110000,67.582,X]
[72,F,0.685717,00000100,68.5717,X]
[62,F,0.686694,00001000,68.6694,X]
[93,F,0.696362,00000010,69.6363,X]
[73,F,0.707202,00000100,70.7202,X]
[63,F,0.711108,00001000,71.1108,X]
[108,F,0.721753,00000001,72.1753,X]
[22,F,0.723672,11000000,72.3672,X]
[23,F,0.726602,11000000,72.6602,X]
[74,F,0.728686,00000100,72.8686,X]
[109,F,0.735425,00000001,73.5425,X]
[94,F,0.742261,00000010,74.2261,X]
[95,F,0.763745,00000010,76.3745,X]
[37,F,0.775569,00100000,77.5569,X]
[75,F,0.776537,00000100,77.6538,X]
[110,F,0.790112,00000001,79.0113,X]
[76,F,0.792162,00000100,79.2163,X]
[43,F,0.793147,00010000,79.3147,X]
[96,F,0.794019,00000010,79.4019,X]
[111,F,0.800855,00000001,80.0855,X]
[38,F,0.817561,00100000,81.7561,X]
[64,F,0.829272,00001000,82.9272,X]
[44,F,0.832209,00010000,83.2209,X]
[24,F,0.839883,11000000,83.9883,X]
[77,F,0.847827,00000100,84.7827,X]
[65,F,0.863452,00001000,86.3452,X]
[45,F,0.872248,00010000,87.2248,X]
[25,F,0.873086,11000000,87.3086,X]
[97,F,0.875073,00000010,87.5073,X]
[39,F,0.875178,00100000,87.5178,X]
[66,F,0.8781,00001000,87.81,X]
[98,F,0.892652,00000010,89.2652,X]
[29,F,0.896789,01000000,89.6789,X]
[112,F,0.903394,00000001,90.3394,X]
[30,F,0.903625,01000000,90.3625,X]
[67,F,0.905444,00001000,90.5444,X]
[68,F,0.90642,00001000,90.642,X]
[26,F,0.914367,10000000,91.4367,X]
[99,F,0.915112,00000010,91.5113,X]
[69,F,0.915209,00001000,91.5209,X]
[27,F,0.921203,10000000,92.1203,X]
[113,F,0.922925,00000001,92.2925,X]
[46,F,0.933772,00010000,93.3772,X]
[114,F,0.936597,00000001,93.6597,X]
[31,F,0.945617,01000000,94.5617,X]
[32,F,0.954406,01000000,95.4406,X]
[47,F,0.962092,00010000,96.2092,X]
[40,F,0.965998,00100000,96.5998,X]
[41,F,0.966975,00100000,96.6975,X]
[100,F,0.974683,00000010,97.4683,X]
[70,F,0.975756,00001000,97.5756,X]
[115,F,0.984448,00000001,98.4448,X]
[33,F,0.987609,01000000,98.7609,X]
[101,F,0.991284,00000010,99.1284,X]
[28,F,0.994445,10000000,99.4445,X]
[42,F,0.995295,00100000,99.5295,X]
GUIDE_TREE_PARTITION1=(((t1:11.2,t2:11.2):30.3,(t3:26.74,t4:26.74):14.76):58.5,((t5:37.19,t6:37.19):51.45,(t7:53.02,t8:53.02):35.62):11.36);
