Taxa bit representation:
t1 10000000
t2 01000000
t3 00100000
t4 00010000
t5 00001000
t6 00000100
t7 00000010
t8 00000001
Clade List (<taxon members> = <clade name>): 

>Dataset_0
[26,F,0.00488281,00001111,0.488281,X]
[0,F,0.182516,11000000,18.2516,X]
[27,F,0.182617,00001111,18.2617,X]
[28,F,0.228516,00001111,22.8516,X]
[29,F,0.256836,00001111,25.6836,X]
[14,F,0.366109,00110000,36.6109,X]
[19,F,0.453445,00010000,45.3445,X]
[20,F,0.468094,00010000,46.8094,X]
[30,F,0.472767,00001000,47.2767,X]
[43,F,0.510334,00000011,51.0334,X]
[1,F,0.512594,11000000,51.2594,X]
[2,F,0.520406,11000000,52.0406,X]
[44,F,0.541584,00000011,54.1584,X]
[3,F,0.542867,11000000,54.2867,X]
[31,F,0.544056,00001000,54.4056,X]
[4,F,0.54482,11000000,54.482,X]
[45,F,0.545491,00000011,54.5491,X]
[5,F,0.557516,11000000,55.7516,X]
[15,F,0.584305,00100000,58.4305,X]
[21,F,0.609695,00010000,60.9695,X]
[6,F,0.622861,10000000,62.2861,X]
[7,F,0.63165,10000000,63.165,X]
[22,F,0.633133,00010000,63.3133,X]
[46,F,0.641194,00000011,64.1194,X]
[16,F,0.651687,00100000,65.1688,X]
[32,F,0.653431,00001000,65.3431,X]
[33,F,0.66808,00001000,66.808,X]
[17,F,0.682937,00100000,68.2938,X]
[47,F,0.689045,00000011,68.9045,X]
[8,F,0.704892,10000000,70.4892,X]
[34,F,0.714955,00001000,71.4955,X]
[11,F,0.719541,01000000,71.9541,X]
[38,F,0.752064,00000100,75.2064,X]
[48,F,0.753498,00000011,75.3498,X]
[18,F,0.78743,00100000,78.743,X]
[49,F,0.788655,00000011,78.8655,X]
[23,F,0.792312,00010000,79.2313,X]
[12,F,0.800595,01000000,80.0595,X]
[39,F,0.806752,00000100,80.6752,X]
[9,F,0.825986,10000000,82.5986,X]
[50,F,0.838459,00000011,83.8459,X]
[40,F,0.84972,00000100,84.972,X]
[52,F,0.850183,00000001,85.0183,X]
[13,F,0.860166,01000000,86.0166,X]
[24,F,0.862625,00010000,86.2625,X]
[51,F,0.864831,00000010,86.4831,X]
[53,F,0.871667,00000001,87.1667,X]
[54,F,0.87655,00000001,87.655,X]
[55,F,0.906823,00000001,90.6823,X]
[35,F,0.935658,00001000,93.5658,X]
[56,F,0.953698,00000001,95.3698,X]
[10,F,0.958798,10000000,95.8798,X]
[36,F,0.961048,00001000,96.1048,X]
[25,F,0.961258,00010000,96.1258,X]
[41,F,0.981556,00000100,98.1556,X]
[37,F,0.986439,00001000,98.6439,X]
[42,F,0.986439,00000100,98.6439,X]
GUIDE_TREE_PARTITION1=(((t1:39.96,t2:39.96):52.14,(t3:59.05,t4:59.05):33.05):7.9,((t5:55.36,t6:55.36):11.38,(t7:15.47,t8:15.47):51.27):33.26);
