Taxa bit representation:
t1 10000000
t2 01000000
t3 00100000
t4 00010000
t5 00001000
t6 00000100
t7 00000010
t8 00000001
Clade List (<taxon members> = <clade name>): 

>Dataset_0
[41,F,0.00292969,00001111,0.292969,X]
[42,F,0.03125,00001111,3.125,X]
[0,F,0.0400391,11110000,4.00391,X]
[1,F,0.078125,11110000,7.8125,X]
[43,F,0.0957031,00001111,9.57031,X]
[44,F,0.110352,00001111,11.0352,X]
[45,F,0.158203,00001111,15.8203,X]
[2,F,0.180664,11110000,18.0664,X]
[46,F,0.186523,00001111,18.6523,X]
[47,F,0.226562,00001111,22.6562,X]
[48,F,0.27832,00001111,27.832,X]
[49,F,0.28125,00001111,28.125,X]
[3,F,0.283203,11110000,28.3203,X]
[50,F,0.287109,00001111,28.7109,X]
[51,F,0.298828,00001111,29.8828,X]
[4,F,0.31543,11110000,31.543,X]
[52,F,0.330078,00001111,33.0078,X]
[53,F,0.349609,00001111,34.9609,X]
[5,F,0.394531,11110000,39.4531,X]
[54,F,0.421875,00001111,42.1875,X]
[6,F,0.432617,11110000,43.2617,X]
[55,F,0.466027,00001100,46.6027,X]
[78,F,0.466027,00000011,46.6027,X]
[79,F,0.468956,00000011,46.8956,X]
[7,F,0.473633,11110000,47.3633,X]
[8,F,0.507812,11110000,50.7812,X]
[80,F,0.508995,00000011,50.8995,X]
[22,F,0.532236,00110000,53.2236,X]
[92,F,0.541383,00000001,54.1383,X]
[56,F,0.546105,00001100,54.6105,X]
[93,F,0.546266,00000001,54.6266,X]
[81,F,0.553102,00000010,55.3102,X]
[94,F,0.561891,00000001,56.1891,X]
[57,F,0.562706,00001100,56.2706,X]
[82,F,0.565797,00000010,56.5797,X]
[95,F,0.565797,00000001,56.5797,X]
[83,F,0.566773,00000010,56.6773,X]
[58,F,0.587938,00001000,58.7938,X]
[23,F,0.588877,00110000,58.8877,X]
[9,F,0.595712,11000000,59.5712,X]
[59,F,0.627977,00001000,62.7977,X]
[10,F,0.632822,11000000,63.2822,X]
[60,F,0.643602,00001000,64.3602,X]
[11,F,0.655283,11000000,65.5283,X]
[84,F,0.656617,00000010,65.6617,X]
[24,F,0.677208,00100000,67.7208,X]
[25,F,0.682091,00100000,68.2091,X]
[61,F,0.68657,00001000,68.657,X]
[32,F,0.688927,00010000,68.8927,X]
[26,F,0.692833,00100000,69.2833,X]
[85,F,0.700562,00000010,70.0562,X]
[62,F,0.705125,00001000,70.5125,X]
[63,F,0.707078,00001000,70.7078,X]
[86,F,0.707398,00000010,70.7398,X]
[33,F,0.707481,00010000,70.7481,X]
[27,F,0.72213,00100000,72.213,X]
[12,F,0.723642,11000000,72.3642,X]
[34,F,0.738731,00010000,73.8731,X]
[35,F,0.740684,00010000,74.0684,X]
[73,F,0.753953,00000100,75.3953,X]
[13,F,0.755869,11000000,75.5869,X]
[14,F,0.757822,11000000,75.7822,X]
[15,F,0.762705,11000000,76.2705,X]
[16,F,0.771494,11000000,77.1494,X]
[28,F,0.77877,00100000,77.877,X]
[74,F,0.779344,00000100,77.9344,X]
[64,F,0.78032,00001000,78.032,X]
[36,F,0.783653,00010000,78.3653,X]
[37,F,0.790489,00010000,79.0489,X]
[29,F,0.793419,00100000,79.3419,X]
[38,F,0.796348,00010000,79.6348,X]
[17,F,0.797861,11000000,79.7861,X]
[65,F,0.841844,00001000,84.1844,X]
[96,F,0.848023,00000001,84.8023,X]
[66,F,0.84868,00001000,84.868,X]
[97,F,0.897828,00000001,89.7828,X]
[75,F,0.90532,00000100,90.532,X]
[19,F,0.909256,01000000,90.9256,X]
[67,F,0.913133,00001000,91.3133,X]
[87,F,0.915406,00000010,91.5406,X]
[88,F,0.917359,00000010,91.7359,X]
[39,F,0.924278,00010000,92.4278,X]
[40,F,0.925255,00010000,92.5255,X]
[68,F,0.925828,00001000,92.5828,X]
[76,F,0.925828,00000100,92.5828,X]
[89,F,0.930055,00000010,93.0055,X]
[98,F,0.935914,00000001,93.5914,X]
[69,F,0.94243,00001000,94.243,X]
[90,F,0.964234,00000010,96.4234,X]
[70,F,0.964891,00001000,96.4891,X]
[71,F,0.972703,00001000,97.2703,X]
[99,F,0.975953,00000001,97.5953,X]
[18,F,0.976639,10000000,97.6639,X]
[91,F,0.982789,00000010,98.2789,X]
[100,F,0.988648,00000001,98.8648,X]
[20,F,0.990311,01000000,99.0311,X]
[30,F,0.991661,00100000,99.1661,X]
[21,F,0.993241,01000000,99.3241,X]
[31,F,0.994591,00100000,99.4591,X]
[77,F,0.995164,00000100,99.5164,X]
[101,F,0.996461,00000001,99.6461,X]
[72,F,0.997117,00001000,99.7117,X]
GUIDE_TREE_PARTITION1=(((t1:12.59,t2:12.59):34.87,(t3:34.33,t4:34.33):13.13):52.54,((t5:43.55,t6:43.55):13.07,(t7:46.35,t8:46.35):10.27):43.38);
