Taxa bit representation:
t1 10000000
t2 01000000
t3 00100000
t4 00010000
t5 00001000
t6 00000100
t7 00000010
t8 00000001
Clade List (<taxon members> = <clade name>): 

>Dataset_0
[0,F,0.00390625,11111100,0.390625,X]
[85,F,0.0078125,00000011,0.78125,X]
[54,F,0.0180594,00001100,1.80594,X]
[86,F,0.0224609,00000011,2.24609,X]
[87,F,0.046875,00000011,4.6875,X]
[88,F,0.0556641,00000011,5.56641,X]
[1,F,0.0620047,11110000,6.20047,X]
[55,F,0.0668875,00001100,6.68875,X]
[2,F,0.107903,11110000,10.7903,X]
[56,F,0.130364,00001100,13.0364,X]
[89,F,0.135742,00000011,13.5742,X]
[57,F,0.138177,00001100,13.8177,X]
[3,F,0.185052,11110000,18.5052,X]
[90,F,0.189453,00000011,18.9453,X]
[4,F,0.195794,11110000,19.5794,X]
[58,F,0.212395,00001100,21.2395,X]
[5,F,0.219231,11110000,21.9231,X]
[91,F,0.229492,00000011,22.9492,X]
[92,F,0.260742,00000011,26.0742,X]
[59,F,0.263177,00001100,26.3177,X]
[6,F,0.287591,11110000,28.7591,X]
[112,F,0.315406,00000001,31.5406,X]
[60,F,0.330559,00001100,33.0559,X]
[7,F,0.343255,11110000,34.3255,X]
[113,F,0.351539,00000001,35.1539,X]
[8,F,0.354973,11110000,35.4973,X]
[9,F,0.359856,11110000,35.9856,X]
[61,F,0.362425,00001000,36.2425,X]
[10,F,0.380364,11110000,38.0364,X]
[11,F,0.386223,11110000,38.6223,X]
[73,F,0.401488,00000100,40.1488,X]
[93,F,0.403297,00000010,40.3297,X]
[94,F,0.422828,00000010,42.2828,X]
[114,F,0.422828,00000001,42.2828,X]
[12,F,0.423855,11100000,42.3855,X]
[115,F,0.424781,00000001,42.4781,X]
[116,F,0.432594,00000001,43.2594,X]
[13,F,0.441433,11100000,44.1433,X]
[14,F,0.442409,11100000,44.2409,X]
[117,F,0.444312,00000001,44.4312,X]
[118,F,0.448219,00000001,44.8219,X]
[74,F,0.450316,00000100,45.0316,X]
[119,F,0.451148,00000001,45.1148,X]
[75,F,0.454222,00000100,45.4222,X]
[62,F,0.456175,00001000,45.6175,X]
[15,F,0.457058,11100000,45.7058,X]
[95,F,0.461891,00000010,46.1891,X]
[76,F,0.46887,00000100,46.887,X]
[63,F,0.470823,00001000,47.0823,X]
[96,F,0.479469,00000010,47.9469,X]
[120,F,0.480445,00000001,48.0445,X]
[64,F,0.481566,00001000,48.1566,X]
[121,F,0.491187,00000001,49.1187,X]
[34,F,0.501003,00010000,50.1003,X]
[35,F,0.509792,00010000,50.9792,X]
[16,F,0.511745,11100000,51.1745,X]
[36,F,0.523464,00010000,52.3464,X]
[17,F,0.531277,11100000,53.1277,X]
[18,F,0.546902,11100000,54.6902,X]
[77,F,0.553831,00000100,55.3831,X]
[122,F,0.568336,00000001,56.8336,X]
[37,F,0.575222,00010000,57.5222,X]
[78,F,0.575316,00000100,57.5316,X]
[79,F,0.576292,00000100,57.6292,X]
[97,F,0.580055,00000010,58.0055,X]
[38,F,0.580105,00010000,58.0105,X]
[123,F,0.611305,00000001,61.1305,X]
[39,F,0.613308,00010000,61.3308,X]
[19,F,0.626003,11100000,62.6003,X]
[98,F,0.627906,00000010,62.7906,X]
[99,F,0.631812,00000010,63.1812,X]
[100,F,0.640602,00000010,64.0602,X]
[40,F,0.6553,00010000,65.53,X]
[20,F,0.667995,11100000,66.7995,X]
[80,F,0.672972,00000100,67.2972,X]
[124,F,0.693336,00000001,69.3336,X]
[21,F,0.711941,11100000,71.1941,X]
[22,F,0.723659,11100000,72.3659,X]
[41,F,0.724636,00010000,72.4636,X]
[125,F,0.728492,00000001,72.8492,X]
[81,F,0.728636,00000100,72.8636,X]
[65,F,0.731566,00001000,73.1566,X]
[101,F,0.740211,00000010,74.0211,X]
[23,F,0.745144,11100000,74.5144,X]
[102,F,0.748023,00000010,74.8023,X]
[103,F,0.749977,00000010,74.9977,X]
[24,F,0.752956,11100000,75.2956,X]
[25,F,0.755886,11100000,75.5886,X]
[26,F,0.765652,11100000,76.5652,X]
[82,F,0.771605,00000100,77.1605,X]
[66,F,0.78137,00001000,78.137,X]
[67,F,0.799925,00001000,79.9925,X]
[104,F,0.805641,00000010,80.5641,X]
[126,F,0.807594,00000001,80.7594,X]
[27,F,0.815759,11000000,81.5759,X]
[28,F,0.818689,11000000,81.8689,X]
[32,F,0.822595,00100000,82.2595,X]
[42,F,0.824245,00010000,82.4245,X]
[105,F,0.826148,00000010,82.6148,X]
[68,F,0.827269,00001000,82.7269,X]
[69,F,0.831175,00001000,83.1175,X]
[70,F,0.833128,00001000,83.3128,X]
[43,F,0.8428,00010000,84.28,X]
[106,F,0.850562,00000010,85.0563,X]
[127,F,0.857398,00000001,85.7398,X]
[44,F,0.858425,00010000,85.8425,X]
[45,F,0.861355,00010000,86.1355,X]
[46,F,0.87112,00010000,87.112,X]
[47,F,0.875027,00010000,87.5027,X]
[29,F,0.876306,11000000,87.6306,X]
[83,F,0.892698,00000100,89.2698,X]
[48,F,0.894558,00010000,89.4558,X]
[49,F,0.911159,00010000,91.1159,X]
[128,F,0.912086,00000001,91.2086,X]
[129,F,0.922828,00000001,92.2828,X]
[84,F,0.926878,00000100,92.6878,X]
[107,F,0.927711,00000010,92.7711,X]
[71,F,0.938597,00001000,93.8597,X]
[30,F,0.950744,10000000,95.0744,X]
[50,F,0.951198,00010000,95.1198,X]
[51,F,0.956081,00010000,95.6081,X]
[108,F,0.957984,00000010,95.7984,X]
[33,F,0.967127,00100000,96.7127,X]
[52,F,0.969753,00010000,96.9753,X]
[109,F,0.971656,00000010,97.1656,X]
[110,F,0.973609,00000010,97.3609,X]
[31,F,0.974181,10000000,97.4181,X]
[111,F,0.978492,00000010,97.8492,X]
[130,F,0.979469,00000001,97.9469,X]
[53,F,0.980495,00010000,98.0495,X]
[72,F,0.988402,00001000,98.8402,X]
[131,F,0.991187,00000001,99.1188,X]
GUIDE_TREE_PARTITION1=(((((t1:7.66,t2:7.66):11.35,t3:19.01):40.46,t4:59.47):39.31,(t5:65.32,t6:65.32):33.46):1.22,(t7:68.85,t8:68.85):31.15);
