Taxa bit representation:
t1 10000000
t2 01000000
t3 00100000
t4 00010000
t5 00001000
t6 00000100
t7 00000010
t8 00000001
Clade List (<taxon members> = <clade name>): 

>Dataset_0
[36,F,0.00292969,00000001,0.292969,X]
[0,F,0.0292969,11111110,2.92969,X]
[1,F,0.0458984,11111110,4.58984,X]
[2,F,0.0955719,11111000,9.55719,X]
[37,F,0.144531,00000001,14.4531,X]
[38,F,0.182617,00000001,18.2617,X]
[39,F,0.197266,00000001,19.7266,X]
[28,F,0.197342,00000010,19.7342,X]
[40,F,0.200195,00000001,20.0195,X]
[29,F,0.268631,00000010,26.8631,X]
[30,F,0.271561,00000010,27.1561,X]
[3,F,0.351431,11111000,35.1431,X]
[41,F,0.352539,00000001,35.2539,X]
[42,F,0.37207,00000001,37.207,X]
[4,F,0.377798,11111000,37.7798,X]
[22,F,0.39147,00000100,39.147,X]
[5,F,0.436392,11111000,43.6392,X]
[31,F,0.460037,00000010,46.0037,X]
[23,F,0.475455,00000100,47.5455,X]
[17,F,0.51848,00001000,51.848,X]
[6,F,0.555589,11110000,55.5589,X]
[7,F,0.573167,11110000,57.3167,X]
[43,F,0.594727,00000001,59.4727,X]
[18,F,0.597581,00001000,59.7581,X]
[24,F,0.600455,00000100,60.0455,X]
[13,F,0.617519,00010000,61.7519,X]
[25,F,0.623892,00000100,62.3892,X]
[19,F,0.627855,00001000,62.7855,X]
[8,F,0.685878,11100000,68.5878,X]
[14,F,0.732753,00010000,73.2753,X]
[15,F,0.748378,00010000,74.8378,X]
[11,F,0.768447,00100000,76.8447,X]
[9,F,0.769423,11000000,76.9423,X]
[26,F,0.813345,00000100,81.3345,X]
[32,F,0.824295,00000010,82.4295,X]
[10,F,0.837783,11000000,83.7783,X]
[44,F,0.885742,00000001,88.5742,X]
[20,F,0.89348,00001000,89.348,X]
[33,F,0.903397,00000010,90.3397,X]
[34,F,0.926834,00000010,92.6834,X]
[16,F,0.95248,00010000,95.248,X]
[27,F,0.957877,00000100,95.7877,X]
[12,F,0.968642,00100000,96.8642,X]
[21,F,0.972581,00001000,97.2581,X]
[35,F,0.983475,00000010,98.3475,X]
GUIDE_TREE_PARTITION1=(((((((t1:14.15,t2:14.15):15.06,t3:29.21):10.21,t4:39.42):12.15,t5:51.57):40.24,t6:91.81):2.03,t7:93.84):6.16,t8:100);
