Taxa bit representation:
t1 10000000
t2 01000000
t3 00100000
t4 00010000
t5 00001000
t6 00000100
t7 00000010
t8 00000001
Clade List (<taxon members> = <clade name>): 

>Dataset_0
[0,F,0.0253906,11111100,2.53906,X]
[1,F,0.0644531,11111100,6.44531,X]
[30,F,0.0859375,00000011,8.59375,X]
[2,F,0.119141,11111100,11.9141,X]
[31,F,0.227539,00000011,22.7539,X]
[32,F,0.236328,00000011,23.6328,X]
[33,F,0.242187,00000011,24.2187,X]
[34,F,0.296875,00000011,29.6875,X]
[35,F,0.31543,00000011,31.543,X]
[36,F,0.323242,00000011,32.3242,X]
[26,F,0.364916,00001100,36.4916,X]
[37,F,0.407227,00000011,40.7227,X]
[27,F,0.419603,00001100,41.9603,X]
[16,F,0.49712,00010000,49.712,X]
[28,F,0.506517,00001100,50.6517,X]
[17,F,0.548878,00010000,54.8878,X]
[38,F,0.55957,00000011,55.957,X]
[3,F,0.603566,11100000,60.3566,X]
[4,F,0.639503,11000000,63.9503,X]
[5,F,0.646339,11000000,64.6339,X]
[18,F,0.686573,00010000,68.6573,X]
[19,F,0.694386,00010000,69.4386,X]
[20,F,0.695362,00010000,69.5362,X]
[39,F,0.710937,00000011,71.0937,X]
[12,F,0.718605,00100000,71.8605,X]
[21,F,0.7188,00010000,71.88,X]
[13,F,0.730323,00100000,73.0323,X]
[40,F,0.749023,00000011,74.9023,X]
[14,F,0.775245,00100000,77.5245,X]
[22,F,0.775441,00010000,77.5441,X]
[6,F,0.785987,11000000,78.5987,X]
[7,F,0.801612,11000000,80.1612,X]
[8,F,0.826027,11000000,82.6027,X]
[23,F,0.826222,00010000,82.6222,X]
[41,F,0.861328,00000011,86.1328,X]
[29,F,0.870775,00001100,87.0775,X]
[9,F,0.883644,11000000,88.3644,X]
[42,F,0.926758,00000011,92.6758,X]
[10,F,0.942237,11000000,94.2237,X]
[24,F,0.942433,00010000,94.2433,X]
[15,F,0.945167,00100000,94.5167,X]
[43,F,0.955772,00000010,95.5772,X]
[25,F,0.986378,00010000,98.6378,X]
[11,F,0.997922,01000000,99.7922,X]
GUIDE_TREE_PARTITION1=(((((t1:4.7,t2:4.7):34.67,t3:39.37):20,t4:59.37):8.24,(t5:3.98,t6:3.98):63.63):32.39,(t7:5.79,t8:5.79):94.21);
