Taxa bit representation:
t1 10000000
t2 01000000
t3 00100000
t4 00010000
t5 00001000
t6 00000100
t7 00000010
t8 00000001
Clade List (<taxon members> = <clade name>): 

>Dataset_0
[22,F,0.0263672,00001111,2.63672,X]
[0,F,0.0507812,11110000,5.07812,X]
[1,F,0.197266,11110000,19.7266,X]
[23,F,0.199219,00001111,19.9219,X]
[12,F,0.315778,00110000,31.5778,X]
[2,F,0.414411,11000000,41.4411,X]
[13,F,0.484723,00110000,48.4723,X]
[3,F,0.534528,11000000,53.4528,X]
[14,F,0.617536,00110000,61.7536,X]
[4,F,0.619489,11000000,61.9489,X]
[26,F,0.625534,00000011,62.5534,X]
[15,F,0.637067,00110000,63.7067,X]
[5,F,0.642927,11000000,64.2927,X]
[6,F,0.675153,11000000,67.5153,X]
[27,F,0.724167,00000011,72.4167,X]
[24,F,0.779831,00001100,77.9831,X]
[7,F,0.782575,11000000,78.2575,X]
[28,F,0.782761,00000011,78.2761,X]
[8,F,0.796247,11000000,79.6247,X]
[16,F,0.830088,00100000,83.0088,X]
[18,F,0.838877,00010000,83.8877,X]
[25,F,0.845261,00001100,84.5261,X]
[9,F,0.862653,11000000,86.2653,X]
[19,F,0.86915,00010000,86.915,X]
[29,F,0.875534,00000011,87.5534,X]
[20,F,0.910166,00010000,91.0166,X]
[10,F,0.916706,01000000,91.6706,X]
[11,F,0.933308,01000000,93.3308,X]
[21,F,0.940439,00010000,94.0439,X]
[17,F,0.982431,00100000,98.2431,X]
GUIDE_TREE_PARTITION1=(((t1:8.72,t2:8.72):61.46,(t3:28.71,t4:28.71):41.47):29.82,((t5:6.44,t6:6.44):61.28,(t7:9.53,t8:9.53):58.19):32.28);
