Taxa bit representation:
t1 10000000
t2 01000000
t3 00100000
t4 00010000
t5 00001000
t6 00000100
t7 00000010
t8 00000001
Clade List (<taxon members> = <clade name>): 

>Dataset_0
[114,F,0.00488281,00000001,0.488281,X]
[115,F,0.0400391,00000001,4.00391,X]
[88,F,0.0579187,00000010,5.79187,X]
[116,F,0.0625,00000001,6.25,X]
[0,F,0.0647547,11111100,6.47547,X]
[89,F,0.118466,00000010,11.8466,X]
[1,F,0.118466,11111100,11.8466,X]
[2,F,0.121395,11111100,12.1395,X]
[3,F,0.124325,11111100,12.4325,X]
[117,F,0.133789,00000001,13.3789,X]
[118,F,0.137695,00000001,13.7695,X]
[90,F,0.159481,00000010,15.9481,X]
[4,F,0.1712,11111100,17.12,X]
[91,F,0.177059,00000010,17.7059,X]
[68,F,0.197248,00000100,19.7248,X]
[57,F,0.19813,00001000,19.813,X]
[69,F,0.201155,00000100,20.1155,X]
[5,F,0.210825,11110000,21.0825,X]
[92,F,0.219052,00000010,21.9052,X]
[93,F,0.221005,00000010,22.1005,X]
[58,F,0.248911,00001000,24.8911,X]
[59,F,0.255747,00001000,25.5747,X]
[70,F,0.257795,00000100,25.7795,X]
[119,F,0.259766,00000001,25.9766,X]
[120,F,0.260742,00000001,26.0742,X]
[94,F,0.265927,00000010,26.5927,X]
[95,F,0.29327,00000010,29.327,X]
[71,F,0.294905,00000100,29.4905,X]
[6,F,0.299692,11110000,29.9692,X]
[60,F,0.300669,00001000,30.0669,X]
[7,F,0.321177,11110000,32.1177,X]
[72,F,0.326155,00000100,32.6155,X]
[61,F,0.327036,00001000,32.7036,X]
[96,F,0.331356,00000010,33.1356,X]
[73,F,0.356428,00000100,35.6428,X]
[62,F,0.364145,00001000,36.4145,X]
[63,F,0.372934,00001000,37.2934,X]
[8,F,0.388559,11110000,38.8559,X]
[97,F,0.39288,00000010,39.288,X]
[9,F,0.411997,11110000,41.1997,X]
[74,F,0.450178,00000100,45.0178,X]
[98,F,0.469052,00000010,46.9052,X]
[64,F,0.47938,00001000,47.938,X]
[121,F,0.484375,00000001,48.4375,X]
[10,F,0.485239,11110000,48.5239,X]
[122,F,0.485352,00000001,48.5352,X]
[75,F,0.488264,00000100,48.8264,X]
[11,F,0.489145,11110000,48.9145,X]
[123,F,0.494141,00000001,49.4141,X]
[99,F,0.498348,00000010,49.8348,X]
[12,F,0.507866,11100000,50.7866,X]
[124,F,0.508789,00000001,50.8789,X]
[39,F,0.516655,00010000,51.6655,X]
[100,F,0.519833,00000010,51.9833,X]
[13,F,0.531303,11100000,53.1303,X]
[76,F,0.536116,00000100,53.6116,X]
[101,F,0.537411,00000010,53.7411,X]
[14,F,0.543998,11100000,54.3998,X]
[125,F,0.555664,00000001,55.5664,X]
[77,F,0.5576,00000100,55.76,X]
[40,F,0.562553,00010000,56.2553,X]
[15,F,0.573397,11000000,57.3397,X]
[27,F,0.580233,00100000,58.0233,X]
[126,F,0.603516,00000001,60.3516,X]
[78,F,0.605452,00000100,60.5452,X]
[41,F,0.607475,00010000,60.7475,X]
[127,F,0.617187,00000001,61.7187,X]
[42,F,0.617241,00010000,61.7241,X]
[102,F,0.619442,00000010,61.9442,X]
[79,F,0.62303,00000100,62.303,X]
[128,F,0.624023,00000001,62.4023,X]
[43,F,0.62603,00010000,62.603,X]
[28,F,0.627108,00100000,62.7108,X]
[29,F,0.628084,00100000,62.8084,X]
[44,F,0.629936,00010000,62.9936,X]
[129,F,0.631836,00000001,63.1836,X]
[16,F,0.645663,11000000,64.5662,X]
[80,F,0.65428,00000100,65.428,X]
[45,F,0.679741,00010000,67.9741,X]
[130,F,0.682617,00000001,68.2617,X]
[81,F,0.68553,00000100,68.553,X]
[103,F,0.685848,00000010,68.5848,X]
[46,F,0.689506,00010000,68.9506,X]
[30,F,0.694491,00100000,69.4491,X]
[47,F,0.721733,00010000,72.1733,X]
[65,F,0.722544,00001000,72.2544,X]
[131,F,0.722656,00000001,72.2656,X]
[48,F,0.729545,00010000,72.9545,X]
[104,F,0.739559,00000010,73.9559,X]
[31,F,0.743319,00100000,74.3319,X]
[132,F,0.744141,00000001,74.4141,X]
[32,F,0.754061,00100000,75.4061,X]
[49,F,0.754936,00010000,75.4936,X]
[133,F,0.755859,00000001,75.5859,X]
[82,F,0.757795,00000100,75.7795,X]
[105,F,0.76202,00000010,76.202,X]
[50,F,0.770561,00010000,77.0561,X]
[33,F,0.771639,00100000,77.1639,X]
[17,F,0.773592,11000000,77.3592,X]
[134,F,0.790039,00000001,79.0039,X]
[83,F,0.80467,00000100,80.467,X]
[135,F,0.808594,00000001,80.8594,X]
[106,F,0.809872,00000010,80.9872,X]
[107,F,0.812802,00000010,81.2802,X]
[51,F,0.815483,00010000,81.5483,X]
[136,F,0.824219,00000001,82.4219,X]
[34,F,0.824373,00100000,82.4373,X]
[137,F,0.828125,00000001,82.8125,X]
[35,F,0.831209,00100000,83.1209,X]
[52,F,0.833061,00010000,83.3061,X]
[18,F,0.840222,10000000,84.0222,X]
[138,F,0.842773,00000001,84.2773,X]
[53,F,0.852592,00010000,85.2592,X]
[66,F,0.855356,00001000,85.5356,X]
[84,F,0.855452,00000100,85.5452,X]
[22,F,0.862683,01000000,86.2683,X]
[139,F,0.863281,00000001,86.3281,X]
[23,F,0.876355,01000000,87.6355,X]
[108,F,0.890927,00000010,89.0927,X]
[54,F,0.893608,00010000,89.3608,X]
[140,F,0.894531,00000001,89.4531,X]
[109,F,0.901669,00000010,90.1669,X]
[24,F,0.904675,01000000,90.4675,X]
[19,F,0.908581,10000000,90.8581,X]
[85,F,0.909162,00000100,90.9162,X]
[20,F,0.9203,10000000,92.03,X]
[25,F,0.934948,01000000,93.4948,X]
[36,F,0.939608,00100000,93.9608,X]
[86,F,0.940412,00000100,94.0412,X]
[67,F,0.941294,00001000,94.1294,X]
[87,F,0.941389,00000100,94.1389,X]
[21,F,0.950573,10000000,95.0573,X]
[110,F,0.954403,00000010,95.4403,X]
[55,F,0.956108,00010000,95.6108,X]
[111,F,0.958309,00000010,95.8309,X]
[56,F,0.965873,00010000,96.5873,X]
[141,F,0.967773,00000001,96.7773,X]
[37,F,0.97867,00100000,97.867,X]
[38,F,0.980623,00100000,98.0623,X]
[112,F,0.982723,00000010,98.2723,X]
[142,F,0.984375,00000001,98.4375,X]
[113,F,0.995419,00000010,99.5419,X]
[143,F,0.996094,00000001,99.6094,X]
[26,F,0.998425,01000000,99.8425,X]
GUIDE_TREE_PARTITION1=(((((((t1:20.47,t2:20.47):25.12,t3:45.59):4.6,t4:50.19):30.29,t5:80.48):1.26,t6:81.74):13.64,t7:95.38):4.62,t8:100);
