Taxa bit representation:
t1 10000000
t2 01000000
t3 00100000
t4 00010000
t5 00001000
t6 00000100
t7 00000010
t8 00000001
Clade List (<taxon members> = <clade name>): 

>Dataset_0
[118,F,0.000976562,00000011,0.0976562,X]
[119,F,0.0273438,00000011,2.73438,X]
[120,F,0.0498047,00000011,4.98047,X]
[121,F,0.0527344,00000011,5.27344,X]
[74,F,0.0774297,00001100,7.74297,X]
[58,F,0.107889,00010000,10.7889,X]
[0,F,0.109842,11100000,10.9842,X]
[122,F,0.117188,00000011,11.7188,X]
[1,F,0.117655,11100000,11.7655,X]
[123,F,0.126953,00000011,12.6953,X]
[59,F,0.129373,00010000,12.9373,X]
[60,F,0.132303,00010000,13.2303,X]
[2,F,0.143045,11100000,14.3045,X]
[75,F,0.145789,00001100,14.5789,X]
[76,F,0.147742,00001100,14.7742,X]
[124,F,0.200195,00000011,20.0195,X]
[125,F,0.223633,00000011,22.3633,X]
[126,F,0.226562,00000011,22.6562,X]
[3,F,0.228983,11100000,22.8983,X]
[77,F,0.240516,00001100,24.0516,X]
[78,F,0.253211,00001100,25.3211,X]
[4,F,0.261106,11000000,26.1106,X]
[28,F,0.262083,00100000,26.2083,X]
[5,F,0.264036,11000000,26.4036,X]
[6,F,0.28845,11000000,28.845,X]
[29,F,0.290403,00100000,29.0403,X]
[61,F,0.298319,00010000,29.8319,X]
[30,F,0.300169,00100000,30.0169,X]
[127,F,0.306641,00000011,30.6641,X]
[128,F,0.324219,00000011,32.4219,X]
[7,F,0.326536,11000000,32.6536,X]
[62,F,0.327616,00010000,32.7616,X]
[8,F,0.328489,11000000,32.8489,X]
[31,F,0.333372,00100000,33.3372,X]
[79,F,0.336219,00001100,33.6219,X]
[129,F,0.34668,00000011,34.668,X]
[80,F,0.351844,00001100,35.1844,X]
[9,F,0.352903,11000000,35.2903,X]
[81,F,0.354773,00001100,35.4773,X]
[32,F,0.358762,00100000,35.8762,X]
[130,F,0.368164,00000011,36.8164,X]
[33,F,0.378294,00100000,37.8294,X]
[10,F,0.3822,11000000,38.22,X]
[11,F,0.383177,11000000,38.3177,X]
[82,F,0.391883,00001100,39.1883,X]
[34,F,0.397825,00100000,39.7825,X]
[83,F,0.402625,00001100,40.2625,X]
[84,F,0.404578,00001100,40.4578,X]
[131,F,0.417969,00000011,41.7969,X]
[85,F,0.430945,00001100,43.0945,X]
[86,F,0.436805,00001100,43.6805,X]
[35,F,0.436887,00100000,43.6887,X]
[12,F,0.44177,11000000,44.177,X]
[132,F,0.443359,00000011,44.3359,X]
[13,F,0.443723,11000000,44.3723,X]
[63,F,0.457498,00010000,45.7498,X]
[64,F,0.466287,00010000,46.6287,X]
[87,F,0.476844,00001100,47.6844,X]
[65,F,0.478006,00010000,47.8006,X]
[66,F,0.478983,00010000,47.8983,X]
[14,F,0.479856,11000000,47.9856,X]
[146,F,0.494477,00000001,49.4477,X]
[15,F,0.511106,11000000,51.1106,X]
[36,F,0.524778,00100000,52.4778,X]
[16,F,0.530637,11000000,53.0637,X]
[67,F,0.532694,00010000,53.2694,X]
[147,F,0.539398,00000001,53.9398,X]
[17,F,0.546262,11000000,54.6262,X]
[37,F,0.547239,00100000,54.7239,X]
[148,F,0.548188,00000001,54.8188,X]
[88,F,0.553992,00001100,55.3992,X]
[18,F,0.554075,11000000,55.4075,X]
[149,F,0.557953,00000001,55.7953,X]
[150,F,0.560883,00000001,56.0883,X]
[89,F,0.565711,00001100,56.5711,X]
[133,F,0.571625,00000010,57.1625,X]
[90,F,0.573523,00001100,57.3523,X]
[68,F,0.574686,00010000,57.4686,X]
[19,F,0.575559,11000000,57.5559,X]
[38,F,0.579466,00100000,57.9466,X]
[39,F,0.582395,00100000,58.2395,X]
[91,F,0.586219,00001100,58.6219,X]
[20,F,0.586302,11000000,58.6302,X]
[40,F,0.597044,00100000,59.7044,X]
[92,F,0.602777,00001000,60.2777,X]
[93,F,0.609613,00001000,60.9612,X]
[69,F,0.609842,00010000,60.9842,X]
[21,F,0.612669,11000000,61.2669,X]
[70,F,0.623514,00010000,62.3514,X]
[151,F,0.629242,00000001,62.9242,X]
[41,F,0.646848,00100000,64.6848,X]
[94,F,0.659417,00001000,65.9417,X]
[107,F,0.66137,00000100,66.137,X]
[152,F,0.676117,00000001,67.6117,X]
[95,F,0.679925,00001000,67.9925,X]
[96,F,0.683831,00001000,68.3831,X]
[153,F,0.68393,00000001,68.393,X]
[22,F,0.6947,11000000,69.47,X]
[97,F,0.702386,00001000,70.2386,X]
[134,F,0.707367,00000010,70.7367,X]
[42,F,0.710325,00100000,71.0325,X]
[98,F,0.715081,00001000,71.5081,X]
[108,F,0.719964,00000100,71.9964,X]
[43,F,0.72302,00100000,72.302,X]
[135,F,0.726898,00000010,72.6898,X]
[44,F,0.729856,00100000,72.9856,X]
[45,F,0.732786,00100000,73.2786,X]
[46,F,0.749387,00100000,74.9387,X]
[71,F,0.754373,00010000,75.4373,X]
[136,F,0.765961,00000010,76.5961,X]
[99,F,0.771722,00001000,77.1722,X]
[109,F,0.778558,00000100,77.8558,X]
[154,F,0.779633,00000001,77.9633,X]
[137,F,0.790375,00000010,79.0375,X]
[100,F,0.795159,00001000,79.5159,X]
[47,F,0.798216,00100000,79.8216,X]
[138,F,0.804047,00000010,80.4047,X]
[48,F,0.810911,00100000,81.0911,X]
[49,F,0.813841,00100000,81.3841,X]
[50,F,0.826536,00100000,82.6536,X]
[139,F,0.828461,00000010,82.8461,X]
[140,F,0.829438,00000010,82.9438,X]
[141,F,0.836273,00000010,83.6273,X]
[101,F,0.838128,00001000,83.8128,X]
[110,F,0.841058,00000100,84.1058,X]
[111,F,0.850823,00000100,85.0823,X]
[102,F,0.850823,00001000,85.0823,X]
[24,F,0.852642,01000000,85.2642,X]
[103,F,0.852777,00001000,85.2777,X]
[112,F,0.856683,00000100,85.6683,X]
[51,F,0.859739,00100000,85.9739,X]
[25,F,0.861431,01000000,86.1431,X]
[52,F,0.865598,00100000,86.5598,X]
[53,F,0.869505,00100000,86.9505,X]
[54,F,0.878294,00100000,87.8294,X]
[104,F,0.881097,00001000,88.1097,X]
[113,F,0.881097,00000100,88.1097,X]
[142,F,0.889984,00000010,88.9984,X]
[114,F,0.897698,00000100,89.7698,X]
[26,F,0.90147,01000000,90.147,X]
[115,F,0.902581,00000100,90.2581,X]
[143,F,0.904633,00000010,90.4633,X]
[116,F,0.909417,00000100,90.9417,X]
[105,F,0.912347,00001000,91.2347,X]
[27,F,0.915142,01000000,91.5142,X]
[117,F,0.91723,00000100,91.723,X]
[144,F,0.920258,00000010,92.0258,X]
[55,F,0.924192,00100000,92.4192,X]
[23,F,0.925884,10000000,92.5884,X]
[56,F,0.955442,00100000,95.5442,X]
[106,F,0.962152,00001000,96.2152,X]
[57,F,0.966184,00100000,96.6184,X]
[72,F,0.969217,00010000,96.9217,X]
[145,F,0.980805,00000010,98.0805,X]
[73,F,0.987772,00010000,98.7772,X]
GUIDE_TREE_PARTITION1=(((((t1:15.81,t2:15.81):58.47,t3:74.28):15.81,t4:90.09):2.46,(t5:39.82,t6:39.82):52.73):7.45,(t7:50.65,t8:50.65):49.35);
