Taxa bit representation:
t1 10000000
t2 01000000
t3 00100000
t4 00010000
t5 00001000
t6 00000100
t7 00000010
t8 00000001
Clade List (<taxon members> = <clade name>): 

>Dataset_0
[15,F,0.0263672,00000011,2.63672,X]
[16,F,0.0957031,00000011,9.57031,X]
[0,F,0.10512,11110000,10.512,X]
[17,F,0.200195,00000011,20.0195,X]
[10,F,0.286761,00001100,28.6761,X]
[18,F,0.369141,00000011,36.9141,X]
[11,F,0.391253,00001100,39.1253,X]
[1,F,0.43942,11100000,43.942,X]
[8,F,0.448209,00010000,44.8209,X]
[12,F,0.510394,00001100,51.0394,X]
[9,F,0.534147,00010000,53.4147,X]
[2,F,0.551278,11000000,55.1278,X]
[19,F,0.665425,00000010,66.5425,X]
[20,F,0.674214,00000010,67.4214,X]
[6,F,0.693856,00100000,69.3856,X]
[7,F,0.789559,00100000,78.9559,X]
[13,F,0.864917,00001000,86.4917,X]
[4,F,0.88948,01000000,88.948,X]
[5,F,0.901198,01000000,90.1198,X]
[3,F,0.901198,10000000,90.1198,X]
[21,F,0.96523,00000010,96.523,X]
[14,F,0.992847,00001000,99.2847,X]
GUIDE_TREE_PARTITION1=(((((t1:33.22,t2:33.22):19.66,t3:52.88):18.51,t4:71.39):20.93,(t5:38.02,t6:38.02):54.3):7.68,(t7:47.52,t8:47.52):52.48);
