Taxa bit representation:
t1 10000000
t2 01000000
t3 00100000
t4 00010000
t5 00001000
t6 00000100
t7 00000010
t8 00000001
Clade List (<taxon members> = <clade name>): 

>Dataset_0
[0,F,0.0908203,11110000,9.08203,X]
[1,F,0.174805,11110000,17.4805,X]
[2,F,0.178711,11110000,17.8711,X]
[3,F,0.401367,11110000,40.1367,X]
[8,F,0.416497,00001100,41.6497,X]
[13,F,0.437419,00000010,43.7419,X]
[4,F,0.447266,11110000,44.7266,X]
[16,F,0.468669,00000001,46.8669,X]
[14,F,0.611247,00000010,61.1247,X]
[9,F,0.674309,00001100,67.4309,X]
[10,F,0.681145,00001100,68.1145,X]
[17,F,0.710856,00000001,71.0856,X]
[18,F,0.783122,00000001,78.3122,X]
[19,F,0.843669,00000001,84.3669,X]
[15,F,0.853434,00000010,85.3434,X]
[20,F,0.853434,00000001,85.3434,X]
[5,F,0.915231,11000000,91.5231,X]
[11,F,0.924492,00000100,92.4492,X]
[6,F,0.942953,01000000,94.2953,X]
[7,F,0.994711,01000000,99.4711,X]
[12,F,0.995781,00000100,99.5781,X]
GUIDE_TREE_PARTITION1=(((t1:5.9,t2:5.9):4.53,(t3:1.1,t4:1.1):9.33):89.57,((t5:24.25,t6:24.25):49.53,(t7:57.43,t8:57.43):16.35):26.22);
