Taxa bit representation:
t1 10000000
t2 01000000
t3 00100000
t4 00010000
t5 00001000
t6 00000100
t7 00000010
t8 00000001
Clade List (<taxon members> = <clade name>): 

>Dataset_0
[13,F,0.125586,00001000,12.5586,X]
[14,F,0.221289,00000100,22.1289,X]
[21,F,0.271377,00000001,27.1377,X]
[15,F,0.296484,00000100,29.6484,X]
[16,F,0.451758,00000100,45.1758,X]
[18,F,0.461806,00000010,46.1806,X]
[0,F,0.466216,11100000,46.6216,X]
[9,F,0.494536,00010000,49.4536,X]
[19,F,0.546767,00000010,54.6767,X]
[17,F,0.589453,00000100,58.9453,X]
[5,F,0.615766,00100000,61.5766,X]
[6,F,0.616742,00100000,61.6742,X]
[22,F,0.661025,00000001,66.1025,X]
[1,F,0.726586,10000000,72.6586,X]
[4,F,0.751,01000000,75.1,X]
[10,F,0.784575,00010000,78.4575,X]
[2,F,0.836938,10000000,83.6937,X]
[7,F,0.845258,00100000,84.5258,X]
[20,F,0.884658,00000010,88.4658,X]
[8,F,0.919477,00100000,91.9477,X]
[11,F,0.933989,00010000,93.3989,X]
[3,F,0.982445,10000000,98.2445,X]
[12,F,0.988677,00010000,98.8677,X]
GUIDE_TREE_PARTITION1=(((((t1:37.4,t2:37.4):8.25,t3:45.65):18.08,t4:63.73):30.46,(t5:91.25,t6:91.25):2.94):5.81,(t7:72.96,t8:72.96):27.04);
