Taxa bit representation:
t1 10000000
t2 01000000
t3 00100000
t4 00010000
t5 00001000
t6 00000100
t7 00000010
t8 00000001
Clade List (<taxon members> = <clade name>): 

>Dataset_0
[50,F,0.0263672,00001111,2.63672,X]
[51,F,0.134766,00001111,13.4766,X]
[52,F,0.139648,00001111,13.9648,X]
[53,F,0.152344,00001111,15.2344,X]
[0,F,0.199219,11110000,19.9219,X]
[1,F,0.209961,11110000,20.9961,X]
[54,F,0.212891,00001111,21.2891,X]
[2,F,0.21875,11110000,21.875,X]
[3,F,0.231445,11110000,23.1445,X]
[78,F,0.270977,00000011,27.0977,X]
[79,F,0.283672,00000011,28.3672,X]
[55,F,0.339336,00001100,33.9336,X]
[56,F,0.349102,00001100,34.9102,X]
[80,F,0.351708,00000010,35.1708,X]
[102,F,0.353661,00000001,35.3661,X]
[81,F,0.379052,00000010,37.9052,X]
[103,F,0.406395,00000001,40.6395,X]
[4,F,0.412109,11110000,41.2109,X]
[104,F,0.415184,00000001,41.5184,X]
[5,F,0.417969,11110000,41.7969,X]
[82,F,0.42788,00000010,42.788,X]
[57,F,0.431133,00001100,43.1133,X]
[58,F,0.448711,00001100,44.8711,X]
[105,F,0.449364,00000001,44.9364,X]
[106,F,0.462059,00000001,46.2059,X]
[6,F,0.466797,11110000,46.6797,X]
[83,F,0.474755,00000010,47.4755,X]
[84,F,0.476708,00000010,47.6708,X]
[107,F,0.485497,00000001,48.5497,X]
[108,F,0.48745,00000001,48.745,X]
[7,F,0.492188,11110000,49.2188,X]
[85,F,0.501122,00000010,50.1122,X]
[109,F,0.509911,00000001,50.9911,X]
[110,F,0.510888,00000001,51.0888,X]
[111,F,0.511864,00000001,51.1864,X]
[59,F,0.515117,00001100,51.5117,X]
[8,F,0.516578,11000000,51.6578,X]
[112,F,0.517723,00000001,51.7723,X]
[34,F,0.519266,00100000,51.9266,X]
[9,F,0.52732,11000000,52.732,X]
[113,F,0.528466,00000001,52.8466,X]
[86,F,0.539208,00000010,53.9208,X]
[114,F,0.545067,00000001,54.5067,X]
[10,F,0.548805,11000000,54.8805,X]
[115,F,0.550927,00000001,55.0927,X]
[87,F,0.560692,00000010,56.0692,X]
[11,F,0.563453,11000000,56.3453,X]
[12,F,0.569312,11000000,56.9312,X]
[41,F,0.572,00010000,57.2,X]
[42,F,0.577859,00010000,57.7859,X]
[116,F,0.57827,00000001,57.827,X]
[35,F,0.582742,00100000,58.2742,X]
[117,F,0.587059,00000001,58.7059,X]
[118,F,0.605614,00000001,60.5614,X]
[43,F,0.623758,00010000,62.3758,X]
[36,F,0.636453,00100000,63.6453,X]
[119,F,0.655419,00000001,65.5419,X]
[37,F,0.655984,00100000,65.5984,X]
[44,F,0.657937,00010000,65.7937,X]
[88,F,0.668114,00000010,66.8114,X]
[120,F,0.670067,00000001,67.0067,X]
[13,F,0.672161,10000000,67.2161,X]
[121,F,0.688622,00000001,68.8622,X]
[122,F,0.694481,00000001,69.4481,X]
[60,F,0.698711,00001100,69.8711,X]
[89,F,0.700341,00000010,70.0341,X]
[45,F,0.702859,00010000,70.2859,X]
[14,F,0.719036,10000000,71.9036,X]
[21,F,0.720012,01000000,72.0012,X]
[123,F,0.720848,00000001,72.0848,X]
[15,F,0.723919,10000000,72.3919,X]
[22,F,0.731731,01000000,73.1731,X]
[67,F,0.737213,00000100,73.7212,X]
[23,F,0.74052,01000000,74.052,X]
[68,F,0.743072,00000100,74.3072,X]
[61,F,0.745025,00001000,74.5025,X]
[16,F,0.748333,10000000,74.8333,X]
[69,F,0.750884,00000100,75.0884,X]
[62,F,0.755767,00001000,75.5767,X]
[24,F,0.757122,01000000,75.7122,X]
[70,F,0.759673,00000100,75.9673,X]
[71,F,0.76358,00000100,76.358,X]
[17,F,0.770794,10000000,77.0794,X]
[25,F,0.7747,01000000,77.47,X]
[38,F,0.779031,00100000,77.9031,X]
[90,F,0.779442,00000010,77.9442,X]
[124,F,0.782372,00000001,78.2372,X]
[125,F,0.797997,00000001,79.7997,X]
[72,F,0.803619,00000100,80.3619,X]
[73,F,0.805572,00000100,80.5572,X]
[91,F,0.812645,00000010,81.2645,X]
[74,F,0.814361,00000100,81.4361,X]
[18,F,0.814739,10000000,81.4739,X]
[92,F,0.815575,00000010,81.5575,X]
[93,F,0.823388,00000010,82.3388,X]
[26,F,0.824505,01000000,82.4505,X]
[94,F,0.829247,00000010,82.9247,X]
[126,F,0.837059,00000001,83.7059,X]
[95,F,0.838036,00000010,83.8036,X]
[27,F,0.841106,01000000,84.1106,X]
[96,F,0.841942,00000010,84.1942,X]
[127,F,0.844872,00000001,84.4872,X]
[63,F,0.856353,00001000,85.6353,X]
[28,F,0.857708,01000000,85.7708,X]
[46,F,0.866922,00010000,86.6922,X]
[128,F,0.869286,00000001,86.9286,X]
[129,F,0.873192,00000001,87.3192,X]
[29,F,0.873333,01000000,87.3333,X]
[39,F,0.882547,00100000,88.2547,X]
[75,F,0.889556,00000100,88.9556,X]
[97,F,0.89663,00000010,89.663,X]
[30,F,0.900677,01000000,90.0677,X]
[40,F,0.902078,00100000,90.2078,X]
[64,F,0.910064,00001000,91.0064,X]
[130,F,0.913231,00000001,91.3231,X]
[31,F,0.915325,01000000,91.5325,X]
[98,F,0.929833,00000010,92.9833,X]
[32,F,0.932903,01000000,93.2903,X]
[131,F,0.936669,00000001,93.6669,X]
[76,F,0.942291,00000100,94.2291,X]
[99,F,0.943505,00000010,94.3505,X]
[19,F,0.950481,10000000,95.0481,X]
[33,F,0.952434,01000000,95.2434,X]
[132,F,0.955223,00000001,95.5223,X]
[47,F,0.955789,00010000,95.5789,X]
[20,F,0.958294,10000000,95.8294,X]
[65,F,0.968658,00001000,96.8658,X]
[66,F,0.970611,00001000,97.0611,X]
[77,F,0.981353,00000100,98.1353,X]
[100,F,0.982567,00000010,98.2567,X]
[101,F,0.992333,00000010,99.2333,X]
[48,F,0.993875,00010000,99.3875,X]
[49,F,0.996805,00010000,99.6805,X]
GUIDE_TREE_PARTITION1=(((t1:35.03,t2:35.03):15.07,(t3:49.05,t4:49.05):1.05):49.9,((t5:27.06,t6:27.06):45.94,(t7:66.88,t8:66.88):6.12):27);
