Taxa bit representation:
t1 10000000
t2 01000000
t3 00100000
t4 00010000
t5 00001000
t6 00000100
t7 00000010
t8 00000001
Clade List (<taxon members> = <clade name>): 

>Dataset_0
[66,F,0.0135187,00000010,1.35187,X]
[95,F,0.0400391,00000001,4.00391,X]
[96,F,0.0585938,00000001,5.85938,X]
[67,F,0.0691828,00000010,6.91828,X]
[97,F,0.0791016,00000001,7.91016,X]
[0,F,0.0848078,11111100,8.48078,X]
[1,F,0.0906672,11111100,9.06672,X]
[2,F,0.0965266,11111100,9.65266,X]
[68,F,0.0994562,00000010,9.94562,X]
[69,F,0.134612,00000010,13.4612,X]
[70,F,0.144378,00000010,14.4378,X]
[98,F,0.212891,00000001,21.2891,X]
[99,F,0.216797,00000001,21.6797,X]
[100,F,0.228516,00000001,22.8516,X]
[101,F,0.258789,00000001,25.8789,X]
[71,F,0.265472,00000010,26.5472,X]
[44,F,0.288912,00000100,28.8912,X]
[72,F,0.289886,00000010,28.9886,X]
[3,F,0.298678,11111000,29.8678,X]
[45,F,0.304537,00000100,30.4537,X]
[102,F,0.31543,00000001,31.543,X]
[46,F,0.320162,00000100,32.0162,X]
[47,F,0.324069,00000100,32.4069,X]
[73,F,0.326995,00000010,32.6995,X]
[103,F,0.330078,00000001,33.0078,X]
[48,F,0.330905,00000100,33.0905,X]
[4,F,0.331881,11111000,33.1881,X]
[104,F,0.335938,00000001,33.5938,X]
[49,F,0.337741,00000100,33.7741,X]
[105,F,0.347656,00000001,34.7656,X]
[106,F,0.351562,00000001,35.1562,X]
[50,F,0.37485,00000100,37.485,X]
[107,F,0.376953,00000001,37.6953,X]
[108,F,0.382812,00000001,38.2812,X]
[51,F,0.389498,00000100,38.9498,X]
[52,F,0.396334,00000100,39.6334,X]
[74,F,0.400238,00000010,40.0237,X]
[53,F,0.400241,00000100,40.0241,X]
[54,F,0.40903,00000100,40.903,X]
[5,F,0.425631,11111000,42.5631,X]
[34,F,0.451648,00001000,45.1648,X]
[75,F,0.454925,00000010,45.4925,X]
[6,F,0.459461,11110000,45.9461,X]
[55,F,0.463717,00000100,46.3717,X]
[7,F,0.482898,11110000,48.2898,X]
[8,F,0.492664,11110000,49.2664,X]
[56,F,0.501803,00000100,50.1803,X]
[76,F,0.506683,00000010,50.6683,X]
[109,F,0.538086,00000001,53.8086,X]
[9,F,0.553211,11110000,55.3211,X]
[57,F,0.587741,00000100,58.7741,X]
[58,F,0.588717,00000100,58.8717,X]
[10,F,0.59325,11110000,59.325,X]
[59,F,0.5936,00000100,59.36,X]
[60,F,0.602389,00000100,60.2389,X]
[77,F,0.604339,00000010,60.4339,X]
[61,F,0.608248,00000100,60.8248,X]
[78,F,0.617034,00000010,61.7034,X]
[11,F,0.619617,11110000,61.9617,X]
[79,F,0.637542,00000010,63.7542,X]
[35,F,0.638172,00001000,63.8172,X]
[80,F,0.638519,00000010,63.8519,X]
[62,F,0.639498,00000100,63.9498,X]
[110,F,0.650391,00000001,65.0391,X]
[81,F,0.653167,00000010,65.3167,X]
[25,F,0.654567,00010000,65.4567,X]
[63,F,0.655123,00000100,65.5123,X]
[36,F,0.681141,00001000,68.1141,X]
[82,F,0.688323,00000010,68.8323,X]
[111,F,0.693359,00000001,69.3359,X]
[12,F,0.694606,11100000,69.4606,X]
[83,F,0.700042,00000010,70.0042,X]
[64,F,0.707858,00000100,70.7858,X]
[112,F,0.719727,00000001,71.9727,X]
[13,F,0.719997,11100000,71.9997,X]
[84,F,0.72055,00000010,72.055,X]
[85,F,0.72348,00000010,72.348,X]
[37,F,0.727039,00001000,72.7039,X]
[113,F,0.729492,00000001,72.9492,X]
[86,F,0.749847,00000010,74.9847,X]
[38,F,0.750477,00001000,75.0477,X]
[26,F,0.754177,00010000,75.4177,X]
[14,F,0.754177,11100000,75.4177,X]
[65,F,0.762545,00000100,76.2545,X]
[87,F,0.765472,00000010,76.5472,X]
[114,F,0.768555,00000001,76.8555,X]
[27,F,0.770778,00010000,77.0778,X]
[15,F,0.779567,11100000,77.9567,X]
[28,F,0.780544,00010000,78.0544,X]
[29,F,0.783473,00010000,78.3473,X]
[16,F,0.785853,11000000,78.5853,X]
[39,F,0.798328,00001000,79.8328,X]
[17,F,0.800502,11000000,80.0502,X]
[21,F,0.807337,00100000,80.7337,X]
[30,F,0.827419,00010000,82.7419,X]
[88,F,0.830902,00000010,83.0902,X]
[115,F,0.832031,00000001,83.2031,X]
[89,F,0.841644,00000010,84.1644,X]
[90,F,0.844573,00000010,84.4573,X]
[22,F,0.850306,00100000,85.0306,X]
[116,F,0.852539,00000001,85.2539,X]
[91,F,0.854339,00000010,85.4339,X]
[92,F,0.857269,00000010,85.7269,X]
[23,F,0.858119,00100000,85.8119,X]
[117,F,0.859375,00000001,85.9375,X]
[118,F,0.868164,00000001,86.8164,X]
[93,F,0.872894,00000010,87.2894,X]
[24,F,0.87472,00100000,87.472,X]
[119,F,0.87793,00000001,87.793,X]
[19,F,0.87823,01000000,87.823,X]
[94,F,0.878753,00000010,87.8753,X]
[40,F,0.884266,00001000,88.4266,X]
[31,F,0.905544,00010000,90.5544,X]
[120,F,0.913086,00000001,91.3086,X]
[20,F,0.929987,01000000,92.9987,X]
[121,F,0.932617,00000001,93.2617,X]
[41,F,0.952625,00001000,95.2625,X]
[32,F,0.955348,00010000,95.5348,X]
[42,F,0.961414,00001000,96.1414,X]
[122,F,0.963867,00000001,96.3867,X]
[43,F,0.969227,00001000,96.9227,X]
[33,F,0.970973,00010000,97.0973,X]
[18,F,0.971003,10000000,97.1003,X]
GUIDE_TREE_PARTITION1=(((((((t1:12.47,t2:12.47):9.14,t3:21.61):15.57,t4:37.18):19.12,t5:56.3):15.59,t6:71.89):27.93,t7:99.82):0.18,t8:100);
