Taxa bit representation:
t1 10000000
t2 01000000
t3 00100000
t4 00010000
t5 00001000
t6 00000100
t7 00000010
t8 00000001
Clade List (<taxon members> = <clade name>): 

>Dataset_0
[19,F,0.186523,00000011,18.6523,X]
[0,F,0.1925,11110000,19.25,X]
[1,F,0.206172,11110000,20.6172,X]
[9,F,0.369691,00010000,36.9691,X]
[14,F,0.395625,00001100,39.5625,X]
[2,F,0.439027,11100000,43.9027,X]
[15,F,0.447383,00001100,44.7383,X]
[10,F,0.456605,00010000,45.6605,X]
[3,F,0.481995,11100000,48.1995,X]
[20,F,0.526367,00000011,52.6367,X]
[17,F,0.623059,00000100,62.3059,X]
[11,F,0.636292,00010000,63.6292,X]
[21,F,0.692383,00000011,69.2383,X]
[12,F,0.758363,00010000,75.8363,X]
[4,F,0.816745,10000000,81.6745,X]
[5,F,0.837253,10000000,83.7253,X]
[22,F,0.866211,00000011,86.6211,X]
[16,F,0.866223,00001000,86.6223,X]
[6,F,0.868503,01000000,86.8503,X]
[24,F,0.908806,00000001,90.8806,X]
[7,F,0.938816,01000000,93.8816,X]
[18,F,0.948255,00000100,94.8255,X]
[23,F,0.951775,00000010,95.1775,X]
[25,F,0.951775,00000001,95.1775,X]
[8,F,0.977878,01000000,97.7878,X]
[13,F,0.998597,00010000,99.8597,X]
GUIDE_TREE_PARTITION1=(((((t1:28.97,t2:28.97):3.06,t3:32.03):39.79,t4:71.82):15.18,(t5:38.28,t6:38.28):48.72):13,(t7:9.51,t8:9.51):90.49);
