Taxa bit representation:
t1 10000000
t2 01000000
t3 00100000
t4 00010000
t5 00001000
t6 00000100
t7 00000010
t8 00000001
Clade List (<taxon members> = <clade name>): 

>Dataset_0
[23,F,0.0117188,00000011,1.17188,X]
[0,F,0.0390625,11111100,3.90625,X]
[1,F,0.124023,11111100,12.4023,X]
[24,F,0.232422,00000011,23.2422,X]
[25,F,0.238281,00000011,23.8281,X]
[2,F,0.268555,11111100,26.8555,X]
[3,F,0.271484,11111100,27.1484,X]
[4,F,0.286133,11111100,28.6133,X]
[26,F,0.427734,00000011,42.7734,X]
[27,F,0.452148,00000011,45.2148,X]
[28,F,0.492188,00000011,49.2188,X]
[36,F,0.536116,00000001,53.6116,X]
[29,F,0.541975,00000010,54.1975,X]
[5,F,0.555059,11110000,55.5059,X]
[19,F,0.589444,00000100,58.9444,X]
[37,F,0.596662,00000001,59.6662,X]
[38,F,0.605452,00000001,60.5452,X]
[39,F,0.619123,00000001,61.9123,X]
[6,F,0.680059,11110000,68.0059,X]
[20,F,0.69003,00000100,69.003,X]
[14,F,0.706631,00001000,70.6631,X]
[15,F,0.710538,00001000,71.0538,X]
[21,F,0.71542,00000100,71.542,X]
[30,F,0.730452,00000010,73.0452,X]
[40,F,0.743147,00000001,74.3147,X]
[8,F,0.760095,00010000,76.0095,X]
[31,F,0.777327,00000010,77.7327,X]
[9,F,0.782556,00010000,78.2556,X]
[10,F,0.8099,00010000,80.99,X]
[11,F,0.822595,00010000,82.2595,X]
[41,F,0.832991,00000001,83.2991,X]
[32,F,0.863264,00000010,86.3264,X]
[16,F,0.868741,00001000,86.8741,X]
[12,F,0.878259,00010000,87.8259,X]
[42,F,0.885725,00000001,88.5725,X]
[33,F,0.892561,00000010,89.2561,X]
[17,F,0.901944,00001000,90.1944,X]
[22,F,0.914639,00000100,91.4639,X]
[34,F,0.9326,00000010,93.26,X]
[13,F,0.933923,00010000,93.3923,X]
[18,F,0.938077,00001000,93.8077,X]
[7,F,0.944172,11000000,94.4172,X]
[35,F,0.944319,00000010,94.4319,X]
[43,F,0.971662,00000001,97.1663,X]
GUIDE_TREE_PARTITION1=(((((t1:2.36,t2:2.36):10.84,t3:13.2):12.06,t4:25.26):26.07,(t5:43.79,t6:43.79):7.54):48.67,(t7:50.49,t8:50.49):49.51);
