Taxa bit representation:
t1 10000000
t2 01000000
t3 00100000
t4 00010000
t5 00001000
t6 00000100
t7 00000010
t8 00000001
Clade List (<taxon members> = <clade name>): 

>Dataset_0
[0,F,0.0498047,11111110,4.98047,X]
[129,F,0.0537109,00000001,5.37109,X]
[1,F,0.0585938,11111110,5.85938,X]
[130,F,0.0888672,00000001,8.88672,X]
[131,F,0.0947266,00000001,9.47266,X]
[132,F,0.103516,00000001,10.3516,X]
[133,F,0.150391,00000001,15.0391,X]
[2,F,0.163086,11111110,16.3086,X]
[134,F,0.191406,00000001,19.1406,X]
[135,F,0.197266,00000001,19.7266,X]
[136,F,0.208984,00000001,20.8984,X]
[137,F,0.21582,00000001,21.582,X]
[103,F,0.229044,00000010,22.9044,X]
[3,F,0.233927,11111100,23.3927,X]
[104,F,0.258341,00000010,25.8341,X]
[138,F,0.264648,00000001,26.4648,X]
[4,F,0.269083,11111100,26.9083,X]
[5,F,0.275919,11111100,27.5919,X]
[139,F,0.302734,00000001,30.2734,X]
[105,F,0.315958,00000010,31.5958,X]
[140,F,0.338867,00000001,33.8867,X]
[141,F,0.34375,00000001,34.375,X]
[6,F,0.357006,11111000,35.7006,X]
[82,F,0.366772,00000100,36.6772,X]
[106,F,0.384317,00000010,38.4317,X]
[142,F,0.384766,00000001,38.4766,X]
[107,F,0.391153,00000010,39.1153,X]
[7,F,0.407684,11110000,40.7684,X]
[83,F,0.408764,00000100,40.8764,X]
[8,F,0.409638,11110000,40.9638,X]
[9,F,0.421356,11110000,42.1356,X]
[63,F,0.427216,00001000,42.7216,X]
[10,F,0.442942,11100000,44.2942,X]
[48,F,0.451731,00010000,45.1731,X]
[108,F,0.452677,00000010,45.2677,X]
[143,F,0.453125,00000001,45.3125,X]
[11,F,0.460166,11000000,46.0166,X]
[84,F,0.465405,00000100,46.5405,X]
[24,F,0.466025,00100000,46.6025,X]
[109,F,0.479044,00000010,47.9044,X]
[144,F,0.482422,00000001,48.2422,X]
[85,F,0.488842,00000100,48.8842,X]
[25,F,0.517783,00100000,51.7783,X]
[86,F,0.521069,00000100,52.1069,X]
[110,F,0.522989,00000010,52.2989,X]
[64,F,0.523895,00001000,52.3895,X]
[65,F,0.532684,00001000,53.2684,X]
[111,F,0.537637,00000010,53.7638,X]
[66,F,0.546356,00001000,54.6356,X]
[87,F,0.547436,00000100,54.7436,X]
[26,F,0.551963,00100000,55.1962,X]
[88,F,0.554272,00000100,55.4272,X]
[12,F,0.566611,11000000,56.6611,X]
[27,F,0.571494,00100000,57.1494,X]
[49,F,0.576731,00010000,57.6731,X]
[13,F,0.580283,11000000,58.0283,X]
[50,F,0.580638,00010000,58.0638,X]
[51,F,0.583567,00010000,58.3567,X]
[89,F,0.598217,00000100,59.8217,X]
[90,F,0.601147,00000100,60.1147,X]
[52,F,0.602122,00010000,60.2122,X]
[145,F,0.603516,00000001,60.3516,X]
[91,F,0.610912,00000100,61.0912,X]
[146,F,0.617188,00000001,61.7188,X]
[67,F,0.618622,00001000,61.8622,X]
[68,F,0.621552,00001000,62.1552,X]
[53,F,0.623606,00010000,62.3606,X]
[69,F,0.63327,00001000,63.327,X]
[147,F,0.642578,00000001,64.2578,X]
[28,F,0.644736,00100000,64.4736,X]
[70,F,0.644989,00001000,64.4989,X]
[29,F,0.645713,00100000,64.5713,X]
[112,F,0.647012,00000010,64.7013,X]
[54,F,0.648997,00010000,64.8997,X]
[148,F,0.651367,00000001,65.1367,X]
[30,F,0.654502,00100000,65.4502,X]
[92,F,0.655834,00000100,65.5834,X]
[14,F,0.66915,11000000,66.915,X]
[113,F,0.669473,00000010,66.9473,X]
[71,F,0.671356,00001000,67.1356,X]
[114,F,0.678262,00000010,67.8263,X]
[149,F,0.688477,00000001,68.8477,X]
[55,F,0.690013,00010000,69.0012,X]
[93,F,0.695873,00000100,69.5873,X]
[72,F,0.696747,00001000,69.6747,X]
[31,F,0.699423,00100000,69.9423,X]
[115,F,0.707559,00000010,70.7559,X]
[73,F,0.709442,00001000,70.9442,X]
[15,F,0.710166,11000000,71.0166,X]
[94,F,0.711498,00000100,71.1498,X]
[116,F,0.712442,00000010,71.2442,X]
[95,F,0.712475,00000100,71.2475,X]
[32,F,0.716025,00100000,71.6025,X]
[56,F,0.719309,00010000,71.9309,X]
[74,F,0.721161,00001000,72.1161,X]
[33,F,0.729697,00100000,72.9697,X]
[75,F,0.72995,00001000,72.995,X]
[76,F,0.730927,00001000,73.0927,X]
[77,F,0.73288,00001000,73.288,X]
[96,F,0.733959,00000100,73.3959,X]
[57,F,0.739817,00010000,73.9817,X]
[150,F,0.740234,00000001,74.0234,X]
[151,F,0.741211,00000001,74.1211,X]
[117,F,0.745645,00000010,74.5645,X]
[34,F,0.749228,00100000,74.9228,X]
[58,F,0.760325,00010000,76.0325,X]
[97,F,0.761303,00000100,76.1303,X]
[16,F,0.761923,11000000,76.1923,X]
[35,F,0.7629,00100000,76.29,X]
[118,F,0.7642,00000010,76.42,X]
[36,F,0.764853,00100000,76.4853,X]
[119,F,0.771036,00000010,77.1036,X]
[120,F,0.776895,00000010,77.6895,X]
[98,F,0.784741,00000100,78.4741,X]
[78,F,0.796356,00001000,79.6356,X]
[121,F,0.797403,00000010,79.7403,X]
[37,F,0.800986,00100000,80.0986,X]
[99,F,0.804272,00000100,80.4272,X]
[100,F,0.806225,00000100,80.6225,X]
[38,F,0.808798,00100000,80.8798,X]
[101,F,0.813061,00000100,81.3061,X]
[152,F,0.81543,00000001,81.543,X]
[17,F,0.816611,11000000,81.6611,X]
[39,F,0.819541,00100000,81.9541,X]
[18,F,0.821494,11000000,82.1494,X]
[153,F,0.824219,00000001,82.4219,X]
[19,F,0.824423,11000000,82.4423,X]
[102,F,0.833569,00000100,83.3569,X]
[40,F,0.844931,00100000,84.4931,X]
[154,F,0.845703,00000001,84.5703,X]
[41,F,0.845908,00100000,84.5908,X]
[155,F,0.84668,00000001,84.668,X]
[156,F,0.862305,00000001,86.2305,X]
[157,F,0.865234,00000001,86.5234,X]
[59,F,0.878489,00010000,87.8489,X]
[42,F,0.879111,00100000,87.9111,X]
[122,F,0.887247,00000010,88.7247,X]
[43,F,0.889853,00100000,88.9853,X]
[20,F,0.896753,10000000,89.6753,X]
[79,F,0.896942,00001000,89.6942,X]
[158,F,0.902344,00000001,90.2344,X]
[21,F,0.906519,10000000,90.6519,X]
[123,F,0.909708,00000010,90.9708,X]
[22,F,0.916284,10000000,91.6284,X]
[80,F,0.918427,00001000,91.8427,X]
[159,F,0.921875,00000001,92.1875,X]
[60,F,0.923411,00010000,92.3411,X]
[81,F,0.924286,00001000,92.4286,X]
[160,F,0.924805,00000001,92.4805,X]
[44,F,0.927939,00100000,92.7939,X]
[161,F,0.93457,00000001,93.457,X]
[124,F,0.937052,00000010,93.7052,X]
[23,F,0.938745,01000000,93.8745,X]
[45,F,0.949423,00100000,94.9423,X]
[125,F,0.950723,00000010,95.0723,X]
[61,F,0.952708,00010000,95.2708,X]
[162,F,0.955078,00000001,95.5078,X]
[46,F,0.955283,00100000,95.5283,X]
[163,F,0.962891,00000001,96.2891,X]
[62,F,0.96638,00010000,96.638,X]
[126,F,0.975137,00000010,97.5138,X]
[127,F,0.980997,00000010,98.0997,X]
[128,F,0.988809,00000010,98.8809,X]
[47,F,0.992392,00100000,99.2392,X]
GUIDE_TREE_PARTITION1=(((((((t1:10.52,t2:10.52):44.44,t3:54.96):1.82,t4:56.78):4.6,t5:61.38):3.31,t6:64.69):15.14,t7:79.83):20.17,t8:100);
