Taxa bit representation:
t1 10000000
t2 01000000
t3 00100000
t4 00010000
t5 00001000
t6 00000100
t7 00000010
t8 00000001
Clade List (<taxon members> = <clade name>): 

>Dataset_0
[35,F,0.0507812,00000001,5.07812,X]
[0,F,0.0615234,11111110,6.15234,X]
[1,F,0.126106,11111100,12.6106,X]
[2,F,0.169063,11111000,16.9062,X]
[36,F,0.194336,00000001,19.4336,X]
[18,F,0.228633,00000100,22.8633,X]
[27,F,0.228645,00000010,22.8645,X]
[14,F,0.256889,00001000,25.6889,X]
[15,F,0.287162,00001000,28.7162,X]
[19,F,0.303828,00000100,30.3828,X]
[3,F,0.350639,11110000,35.0639,X]
[20,F,0.350703,00000100,35.0703,X]
[37,F,0.364258,00000001,36.4258,X]
[38,F,0.397461,00000001,39.7461,X]
[39,F,0.400391,00000001,40.0391,X]
[4,F,0.418022,11110000,41.8022,X]
[16,F,0.434623,00001000,43.4623,X]
[21,F,0.44543,00000100,44.543,X]
[28,F,0.445442,00000010,44.5442,X]
[5,F,0.471733,11110000,47.1733,X]
[29,F,0.481575,00000010,48.1575,X]
[40,F,0.507812,00000001,50.7812,X]
[30,F,0.53138,00000010,53.138,X]
[31,F,0.542122,00000010,54.2122,X]
[17,F,0.543022,00001000,54.3022,X]
[41,F,0.546875,00000001,54.6875,X]
[42,F,0.553711,00000001,55.3711,X]
[22,F,0.557734,00000100,55.7734,X]
[43,F,0.563477,00000001,56.3477,X]
[23,F,0.617305,00000100,61.7305,X]
[6,F,0.650494,11100000,65.0494,X]
[32,F,0.658333,00000010,65.8333,X]
[7,F,0.664166,11100000,66.4166,X]
[44,F,0.694336,00000001,69.4336,X]
[12,F,0.703228,00010000,70.3228,X]
[33,F,0.757942,00000010,75.7942,X]
[8,F,0.81553,11000000,81.553,X]
[24,F,0.829219,00000100,82.9219,X]
[13,F,0.851666,00010000,85.1666,X]
[45,F,0.853516,00000001,85.3516,X]
[10,F,0.856545,00100000,85.6545,X]
[25,F,0.870234,00000100,87.0234,X]
[9,F,0.920473,10000000,92.0473,X]
[11,F,0.955178,00100000,95.5178,X]
[26,F,0.968867,00000100,96.8867,X]
[46,F,0.990234,00000001,99.0234,X]
[34,F,0.990364,00000010,99.0364,X]
GUIDE_TREE_PARTITION1=(((((((t1:10.98,t2:10.98):14.01,t3:24.99):15.82,t4:40.81):34.38,t5:75.19):11.81,t6:87):0.78,t7:87.78):12.22,t8:100);
