Taxa bit representation:
t1 10000000
t2 01000000
t3 00100000
t4 00010000
t5 00001000
t6 00000100
t7 00000010
t8 00000001
Clade List (<taxon members> = <clade name>): 

>Dataset_0
[0,F,0.0195312,11111110,1.95312,X]
[41,F,0.0732422,00000001,7.32422,X]
[1,F,0.100586,11111110,10.0586,X]
[2,F,0.114258,11111110,11.4258,X]
[42,F,0.123047,00000001,12.3047,X]
[3,F,0.126953,11111110,12.6953,X]
[43,F,0.148438,00000001,14.8438,X]
[25,F,0.29003,00000100,29.003,X]
[4,F,0.291006,11111000,29.1006,X]
[5,F,0.296866,11111000,29.6866,X]
[26,F,0.326162,00000100,32.6162,X]
[32,F,0.34357,00000010,34.357,X]
[6,F,0.403311,11111000,40.3311,X]
[44,F,0.414062,00000001,41.4062,X]
[45,F,0.418945,00000001,41.8945,X]
[46,F,0.429688,00000001,42.9688,X]
[7,F,0.444327,11111000,44.4327,X]
[47,F,0.449219,00000001,44.9219,X]
[27,F,0.450186,00000100,45.0186,X]
[8,F,0.452139,11111000,45.2139,X]
[33,F,0.469547,00000010,46.9547,X]
[34,F,0.504703,00000010,50.4703,X]
[48,F,0.514648,00000001,51.4648,X]
[9,F,0.516592,11111000,51.6592,X]
[10,F,0.517569,11111000,51.7569,X]
[11,F,0.524405,11111000,52.4405,X]
[28,F,0.525381,00000100,52.5381,X]
[49,F,0.527344,00000001,52.7344,X]
[50,F,0.52832,00000001,52.832,X]
[35,F,0.566227,00000010,56.6227,X]
[51,F,0.603516,00000001,60.3516,X]
[29,F,0.641592,00000100,64.1592,X]
[24,F,0.67323,00001000,67.323,X]
[52,F,0.678711,00000001,67.8711,X]
[53,F,0.680664,00000001,68.0664,X]
[36,F,0.705875,00000010,70.5875,X]
[14,F,0.712508,00100000,71.2508,X]
[37,F,0.715641,00000010,71.5641,X]
[30,F,0.718741,00000100,71.8741,X]
[20,F,0.748606,00010000,74.8606,X]
[15,F,0.772078,00100000,77.2078,X]
[54,F,0.772461,00000001,77.2461,X]
[12,F,0.778914,11000000,77.8914,X]
[38,F,0.779117,00000010,77.9117,X]
[21,F,0.812083,00010000,81.2083,X]
[22,F,0.83845,00010000,83.845,X]
[55,F,0.839844,00000001,83.9844,X]
[39,F,0.847477,00000010,84.7477,X]
[16,F,0.861922,00100000,86.1922,X]
[40,F,0.886539,00000010,88.6539,X]
[17,F,0.891219,00100000,89.1219,X]
[56,F,0.894531,00000001,89.4531,X]
[18,F,0.915633,00100000,91.5633,X]
[19,F,0.925398,00100000,92.5398,X]
[57,F,0.925781,00000001,92.5781,X]
[23,F,0.948802,00010000,94.8802,X]
[58,F,0.972656,00000001,97.2656,X]
[31,F,0.984366,00000100,98.4366,X]
[13,F,0.992097,01000000,99.2097,X]
[59,F,0.998047,00000001,99.8047,X]
GUIDE_TREE_PARTITION1=(((((((t1:3.72,t2:3.72):27.08,t3:30.8):0.98,t4:31.78):1.19,t5:32.97):38.32,t6:71.29):6.56,t7:77.85):22.15,t8:100);
