Taxa bit representation:
t1 10000000
t2 01000000
t3 00100000
t4 00010000
t5 00001000
t6 00000100
t7 00000010
t8 00000001
Clade List (<taxon members> = <clade name>): 

>Dataset_0
[19,F,0.0206125,00000010,2.06125,X]
[21,F,0.0458984,00000001,4.58984,X]
[0,F,0.145516,11110000,14.5516,X]
[15,F,0.161344,00000100,16.1344,X]
[22,F,0.170898,00000001,17.0898,X]
[1,F,0.176289,11100000,17.6289,X]
[11,F,0.207039,00001000,20.7039,X]
[2,F,0.23,11100000,23,X]
[12,F,0.270516,00001000,27.0516,X]
[13,F,0.287117,00001000,28.7117,X]
[16,F,0.303922,00000100,30.3922,X]
[14,F,0.41993,00001000,41.993,X]
[3,F,0.431172,11100000,43.1172,X]
[4,F,0.687031,11100000,68.7031,X]
[17,F,0.704313,00000100,70.4313,X]
[5,F,0.706672,11000000,70.6672,X]
[6,F,0.723273,11000000,72.3273,X]
[8,F,0.737922,00100000,73.7922,X]
[9,F,0.748664,00100000,74.8664,X]
[10,F,0.759406,00100000,75.9406,X]
[7,F,0.832648,11000000,83.2648,X]
[18,F,0.859586,00000100,85.9586,X]
[23,F,0.868164,00000001,86.8164,X]
[20,F,0.962995,00000010,96.2995,X]
GUIDE_TREE_PARTITION1=(((((((t1:1.66,t2:1.66):29.04,t3:30.7):52.55,t4:83.25):6.3,t5:89.55):3.3,t6:92.85):5.87,t7:98.72):1.28,t8:100);
