Taxa bit representation:
t1 10000000
t2 01000000
t3 00100000
t4 00010000
t5 00001000
t6 00000100
t7 00000010
t8 00000001
Clade List (<taxon members> = <clade name>): 

>Dataset_0
[0,F,0.046875,11110000,4.6875,X]
[33,F,0.112447,00001100,11.2447,X]
[1,F,0.131836,11110000,13.1836,X]
[2,F,0.204245,11000000,20.4245,X]
[16,F,0.330392,00100000,33.0392,X]
[34,F,0.373189,00001100,37.3189,X]
[26,F,0.380197,00010000,38.0197,X]
[17,F,0.403634,00100000,40.3634,X]
[3,F,0.417136,11000000,41.7136,X]
[45,F,0.470658,00000010,47.0658,X]
[18,F,0.526681,00100000,52.6681,X]
[4,F,0.543112,11000000,54.3113,X]
[19,F,0.555002,00100000,55.5002,X]
[41,F,0.55777,00000100,55.777,X]
[46,F,0.569291,00000010,56.9291,X]
[35,F,0.583161,00001000,58.3161,X]
[49,F,0.601517,00000001,60.1517,X]
[42,F,0.613434,00000100,61.3434,X]
[27,F,0.620431,00010000,62.0431,X]
[9,F,0.632564,01000000,63.2564,X]
[5,F,0.6394,10000000,63.94,X]
[28,F,0.652658,00010000,65.2658,X]
[20,F,0.652658,00100000,65.2658,X]
[36,F,0.65445,00001000,65.445,X]
[6,F,0.669673,10000000,66.9673,X]
[10,F,0.669673,01000000,66.9673,X]
[29,F,0.673166,00010000,67.3166,X]
[30,F,0.680978,00010000,68.0978,X]
[21,F,0.685861,00100000,68.5861,X]
[7,F,0.697994,10000000,69.7994,X]
[11,F,0.709712,01000000,70.9712,X]
[8,F,0.715572,10000000,71.5572,X]
[47,F,0.717728,00000010,71.7728,X]
[50,F,0.733353,00000001,73.3353,X]
[22,F,0.743478,00100000,74.3478,X]
[43,F,0.753083,00000100,75.3083,X]
[37,F,0.755036,00001000,75.5036,X]
[51,F,0.761673,00000001,76.1673,X]
[31,F,0.787423,00010000,78.7423,X]
[23,F,0.793283,00100000,79.3283,X]
[12,F,0.817134,01000000,81.7134,X]
[52,F,0.82515,00000001,82.515,X]
[24,F,0.828439,00100000,82.8439,X]
[53,F,0.836869,00000001,83.6869,X]
[13,F,0.842525,01000000,84.2525,X]
[38,F,0.878083,00001000,87.8083,X]
[44,F,0.889802,00000100,88.9802,X]
[32,F,0.905587,00010000,90.5588,X]
[39,F,0.926911,00001000,92.6911,X]
[14,F,0.935298,01000000,93.5298,X]
[48,F,0.95015,00000010,95.015,X]
[15,F,0.952877,01000000,95.2877,X]
[54,F,0.961869,00000001,96.1869,X]
[40,F,0.980622,00001000,98.0622,X]
[25,F,0.980783,00100000,98.0783,X]
GUIDE_TREE_PARTITION1=(((t1:42.31,t2:42.31):41.66,(t3:71.16,t4:71.16):12.81):16.03,((t5:50.18,t6:50.18):44.63,(t7:89.36,t8:89.36):5.45):5.19);
