Taxa bit representation:
t1 10000000
t2 01000000
t3 00100000
t4 00010000
t5 00001000
t6 00000100
t7 00000010
t8 00000001
Clade List (<taxon members> = <clade name>): 

>Dataset_0
[33,F,0.00488281,00000001,0.488281,X]
[0,F,0.0683594,11111110,6.83594,X]
[34,F,0.0869141,00000001,8.69141,X]
[35,F,0.130859,00000001,13.0859,X]
[1,F,0.142578,11111110,14.2578,X]
[36,F,0.178711,00000001,17.8711,X]
[37,F,0.202148,00000001,20.2148,X]
[2,F,0.250427,11111100,25.0427,X]
[38,F,0.333984,00000001,33.3984,X]
[28,F,0.43695,00000010,43.695,X]
[29,F,0.446716,00000010,44.6716,X]
[3,F,0.484802,11111100,48.4802,X]
[30,F,0.501403,00000010,50.1403,X]
[19,F,0.547133,00000100,54.7133,X]
[20,F,0.555922,00000100,55.5922,X]
[39,F,0.569336,00000001,56.9336,X]
[21,F,0.592055,00000100,59.2055,X]
[22,F,0.610609,00000100,61.0609,X]
[9,F,0.657234,00010000,65.7234,X]
[10,F,0.66407,00010000,66.407,X]
[23,F,0.679945,00000100,67.9945,X]
[40,F,0.6875,00000001,68.75,X]
[41,F,0.706055,00000001,70.6055,X]
[15,F,0.73543,00001000,73.543,X]
[42,F,0.741211,00000001,74.1211,X]
[24,F,0.754164,00000100,75.4164,X]
[43,F,0.760742,00000001,76.0742,X]
[25,F,0.765883,00000100,76.5883,X]
[44,F,0.796875,00000001,79.6875,X]
[45,F,0.797852,00000001,79.7852,X]
[31,F,0.821716,00000010,82.1716,X]
[46,F,0.855469,00000001,85.5469,X]
[11,F,0.88282,00010000,88.282,X]
[16,F,0.887773,00001000,88.7773,X]
[4,F,0.889931,11000000,88.9931,X]
[26,F,0.895766,00000100,89.5766,X]
[32,F,0.896911,00000010,89.6911,X]
[5,F,0.915908,10000000,91.5908,X]
[6,F,0.95497,10000000,95.497,X]
[27,F,0.956313,00000100,95.6312,X]
[47,F,0.957031,00000001,95.7031,X]
[12,F,0.957039,00010000,95.7039,X]
[13,F,0.973641,00010000,97.3641,X]
[17,F,0.990313,00001000,99.0312,X]
[8,F,0.99208,01000000,99.208,X]
[18,F,0.993242,00001000,99.3242,X]
[7,F,0.994033,10000000,99.4033,X]
[14,F,0.995125,00010000,99.5125,X]
GUIDE_TREE_PARTITION1=(((((((t1:10.46,t2:10.46):21.25,t3:31.71):7.84,t4:39.55):5.95,t5:45.5):3.4,t6:48.9):29.28,t7:78.18):21.82,t8:100);
