Taxa bit representation:
t1 10000000
t2 01000000
t3 00100000
t4 00010000
t5 00001000
t6 00000100
t7 00000010
t8 00000001
Clade List (<taxon members> = <clade name>): 

>Dataset_0
[12,F,0.136477,00000100,13.6477,X]
[13,F,0.13843,00000100,13.843,X]
[0,F,0.142336,11111000,14.2336,X]
[18,F,0.145966,00000010,14.5966,X]
[14,F,0.236086,00000100,23.6086,X]
[1,F,0.246339,11110000,24.6339,X]
[15,F,0.299563,00000100,29.9563,X]
[9,F,0.301027,00001000,30.1027,X]
[2,F,0.336678,11100000,33.6678,X]
[3,F,0.344491,11100000,34.4491,X]
[10,F,0.385011,00001000,38.5011,X]
[4,F,0.403084,11100000,40.3084,X]
[5,F,0.442147,11100000,44.2147,X]
[6,F,0.443123,11100000,44.3123,X]
[7,F,0.467538,11100000,46.7538,X]
[8,F,0.473397,00010000,47.3397,X]
[21,F,0.714844,00000001,71.4844,X]
[19,F,0.746552,00000010,74.6552,X]
[11,F,0.819581,00001000,81.9581,X]
[16,F,0.903078,00000100,90.3078,X]
[17,F,0.918703,00000100,91.8703,X]
[20,F,0.967255,00000010,96.7255,X]
[22,F,0.97168,00000001,97.168,X]
GUIDE_TREE_PARTITION1=(((((((t1:28.22,t2:28.22):7.89,t3:36.11):31.98,t4:68.09):17.53,t5:85.62):0.83,t6:86.45):6.18,t7:92.63):7.37,t8:100);
