Taxa bit representation:
t1 10000000
t2 01000000
t3 00100000
t4 00010000
t5 00001000
t6 00000100
t7 00000010
t8 00000001
Clade List (<taxon members> = <clade name>): 

>Dataset_0
[0,F,0.0078125,11111100,0.78125,X]
[1,F,0.015625,11111100,1.5625,X]
[69,F,0.0380859,00000011,3.80859,X]
[70,F,0.0693359,00000011,6.93359,X]
[2,F,0.0869141,11111100,8.69141,X]
[71,F,0.109375,00000011,10.9375,X]
[3,F,0.160156,11111100,16.0156,X]
[72,F,0.165039,00000011,16.5039,X]
[73,F,0.167969,00000011,16.7969,X]
[74,F,0.185547,00000011,18.5547,X]
[75,F,0.208984,00000011,20.8984,X]
[58,F,0.216725,00001100,21.6725,X]
[76,F,0.237305,00000011,23.7305,X]
[4,F,0.246998,11110000,24.6998,X]
[77,F,0.256836,00000011,25.6836,X]
[78,F,0.280273,00000011,28.0273,X]
[5,F,0.280336,11100000,28.0336,X]
[79,F,0.289062,00000011,28.9062,X]
[34,F,0.289125,00010000,28.9125,X]
[6,F,0.290102,11100000,29.0102,X]
[35,F,0.298891,00010000,29.8891,X]
[59,F,0.304616,00001100,30.4616,X]
[7,F,0.305727,11100000,30.5727,X]
[8,F,0.327211,11100000,32.7211,X]
[80,F,0.328125,00000011,32.8125,X]
[60,F,0.340748,00001100,34.0748,X]
[36,F,0.412172,00010000,41.2172,X]
[37,F,0.413148,00010000,41.3148,X]
[81,F,0.424805,00000011,42.4805,X]
[9,F,0.424867,11100000,42.4867,X]
[38,F,0.439516,00010000,43.9516,X]
[39,F,0.467836,00010000,46.7836,X]
[61,F,0.483327,00001100,48.3327,X]
[10,F,0.508852,11100000,50.8852,X]
[11,F,0.512758,11100000,51.2758,X]
[12,F,0.514711,11100000,51.4711,X]
[40,F,0.518617,00010000,51.8617,X]
[41,F,0.534242,00010000,53.4242,X]
[13,F,0.546937,11100000,54.6937,X]
[14,F,0.548891,11100000,54.8891,X]
[82,F,0.550781,00000011,55.0781,X]
[83,F,0.563477,00000011,56.3477,X]
[42,F,0.574281,00010000,57.4281,X]
[15,F,0.589906,11100000,58.9906,X]
[84,F,0.605469,00000011,60.5469,X]
[16,F,0.61725,11100000,61.725,X]
[85,F,0.618164,00000011,61.8164,X]
[43,F,0.629945,00010000,62.9945,X]
[62,F,0.631764,00001100,63.1764,X]
[44,F,0.635805,00010000,63.5805,X]
[86,F,0.658203,00000011,65.8203,X]
[17,F,0.661195,11100000,66.1195,X]
[18,F,0.672914,11100000,67.2914,X]
[45,F,0.677797,00010000,67.7797,X]
[87,F,0.708008,00000011,70.8008,X]
[88,F,0.710938,00000011,71.0938,X]
[46,F,0.711,00010000,71.1,X]
[47,F,0.725648,00010000,72.5648,X]
[63,F,0.734303,00001100,73.4303,X]
[48,F,0.740297,00010000,74.0297,X]
[64,F,0.7636,00001100,76.36,X]
[30,F,0.769359,00100000,76.9359,X]
[19,F,0.771312,11000000,77.1312,X]
[20,F,0.775219,11000000,77.5219,X]
[31,F,0.784984,00100000,78.4984,X]
[21,F,0.790844,11000000,79.0844,X]
[22,F,0.821117,11000000,82.1117,X]
[49,F,0.845766,00010000,84.5766,X]
[89,F,0.850777,00000010,85.0777,X]
[23,F,0.855297,11000000,85.5297,X]
[50,F,0.858461,00010000,85.8461,X]
[28,F,0.878031,01000000,87.8031,X]
[90,F,0.87812,00000010,87.812,X]
[51,F,0.888734,00010000,88.8734,X]
[52,F,0.889711,00010000,88.9711,X]
[53,F,0.896547,00010000,89.6547,X]
[24,F,0.908305,10000000,90.8305,X]
[54,F,0.912172,00010000,91.2172,X]
[94,F,0.9123,00000001,91.23,X]
[32,F,0.924633,00100000,92.4633,X]
[91,F,0.924995,00000010,92.4995,X]
[68,F,0.930177,00000100,93.0177,X]
[65,F,0.931153,00001000,93.1153,X]
[66,F,0.942872,00001000,94.2872,X]
[92,F,0.94355,00000010,94.355,X]
[93,F,0.961128,00000010,96.1128,X]
[25,F,0.962016,10000000,96.2016,X]
[26,F,0.975687,10000000,97.5687,X]
[55,F,0.987367,00010000,98.7367,X]
[56,F,0.990297,00010000,99.0297,X]
[57,F,0.991273,00010000,99.1273,X]
[67,F,0.9917,00001000,99.17,X]
[29,F,0.992289,01000000,99.2289,X]
[27,F,0.992289,10000000,99.2289,X]
[33,F,0.992992,00100000,99.2992,X]
[95,F,0.993355,00000001,99.3355,X]
GUIDE_TREE_PARTITION1=(((((t1:14.15,t2:14.15):9.5,t3:23.65):49,t4:72.65):7.24,(t5:7.08,t6:7.08):72.81):20.11,(t7:15.02,t8:15.02):84.98);
