Taxa bit representation:
t1 10000000
t2 01000000
t3 00100000
t4 00010000
t5 00001000
t6 00000100
t7 00000010
t8 00000001
Clade List (<taxon members> = <clade name>): 

>Dataset_0
[17,F,0.128484,00000001,12.8484,X]
[18,F,0.171453,00000001,17.1453,X]
[6,F,0.236525,00001100,23.6525,X]
[13,F,0.26618,00000010,26.618,X]
[11,F,0.288295,00000100,28.8295,X]
[14,F,0.436102,00000010,43.6102,X]
[12,F,0.449428,00000100,44.9428,X]
[0,F,0.497119,11100000,49.7119,X]
[19,F,0.518133,00000001,51.8133,X]
[20,F,0.568914,00000001,56.8914,X]
[7,F,0.62228,00001000,62.228,X]
[8,F,0.640834,00001000,64.0834,X]
[4,F,0.655322,00010000,65.5322,X]
[1,F,0.737353,11100000,73.7353,X]
[15,F,0.747625,00000010,74.7625,X]
[9,F,0.748256,00001000,74.8256,X]
[2,F,0.759814,11100000,75.9814,X]
[10,F,0.777553,00001000,77.7553,X]
[16,F,0.846258,00000010,84.6258,X]
[21,F,0.865789,00000001,86.5789,X]
[5,F,0.887744,00010000,88.7744,X]
[3,F,0.948458,00100000,94.8458,X]
GUIDE_TREE_PARTITION1=(((((t1:2.7,t2:2.7):7.63,t3:10.33):41.13,t4:51.46):32.7,(t5:72.44,t6:72.44):11.72):15.84,(t7:89.3,t8:89.3):10.7);
