Taxa bit representation:
t1 10000000
t2 01000000
t3 00100000
t4 00010000
t5 00001000
t6 00000100
t7 00000010
t8 00000001
Clade List (<taxon members> = <clade name>): 

>Dataset_0
[0,F,0.015625,11111100,1.5625,X]
[72,F,0.0166016,00000011,1.66016,X]
[1,F,0.0507812,11111100,5.07812,X]
[2,F,0.0537109,11111100,5.37109,X]
[73,F,0.0615234,00000011,6.15234,X]
[3,F,0.0947266,11111100,9.47266,X]
[74,F,0.110352,00000011,11.0352,X]
[4,F,0.111328,11111100,11.1328,X]
[5,F,0.118164,11111100,11.8164,X]
[6,F,0.129883,11111100,12.9883,X]
[75,F,0.150391,00000011,15.0391,X]
[7,F,0.165039,11111100,16.5039,X]
[76,F,0.170898,00000011,17.0898,X]
[8,F,0.176758,11111100,17.6758,X]
[77,F,0.180664,00000011,18.0664,X]
[78,F,0.189453,00000011,18.9453,X]
[9,F,0.192383,11111100,19.2383,X]
[10,F,0.210938,11111100,21.0938,X]
[79,F,0.234375,00000011,23.4375,X]
[11,F,0.268555,11111100,26.8555,X]
[12,F,0.276367,11111100,27.6367,X]
[80,F,0.288086,00000011,28.8086,X]
[49,F,0.289242,00001100,28.9242,X]
[81,F,0.299805,00000011,29.9805,X]
[13,F,0.308773,11110000,30.8773,X]
[50,F,0.339047,00001100,33.9047,X]
[82,F,0.34668,00000011,34.668,X]
[83,F,0.347656,00000011,34.7656,X]
[14,F,0.361508,11110000,36.1508,X]
[15,F,0.389828,11110000,38.9828,X]
[84,F,0.400391,00000011,40.0391,X]
[51,F,0.449398,00001100,44.9398,X]
[16,F,0.475766,11110000,47.5766,X]
[17,F,0.476742,11110000,47.6742,X]
[18,F,0.482602,11110000,48.2602,X]
[85,F,0.508789,00000011,50.8789,X]
[19,F,0.510922,11110000,51.0922,X]
[52,F,0.542172,00001100,54.2172,X]
[53,F,0.545102,00001100,54.5102,X]
[54,F,0.564633,00001100,56.4633,X]
[20,F,0.585141,11110000,58.5141,X]
[21,F,0.592953,11110000,59.2953,X]
[22,F,0.598812,11110000,59.8812,X]
[55,F,0.617367,00001100,61.7367,X]
[102,F,0.622633,00000001,62.2633,X]
[86,F,0.624586,00000010,62.4586,X]
[23,F,0.662289,11110000,66.2289,X]
[24,F,0.672055,11110000,67.2055,X]
[87,F,0.682203,00000010,68.2203,X]
[88,F,0.68318,00000010,68.318,X]
[56,F,0.68475,00001100,68.475,X]
[103,F,0.689039,00000001,68.9039,X]
[57,F,0.691586,00001100,69.1586,X]
[89,F,0.692945,00000010,69.2945,X]
[25,F,0.704238,11100000,70.4238,X]
[26,F,0.70912,11100000,70.912,X]
[58,F,0.715023,00001100,71.5023,X]
[34,F,0.720253,00100000,72.0253,X]
[45,F,0.720839,00010000,72.0839,X]
[46,F,0.726698,00010000,72.6698,X]
[35,F,0.734902,00100000,73.4902,X]
[90,F,0.737867,00000010,73.7867,X]
[47,F,0.738417,00010000,73.8417,X]
[36,F,0.744667,00100000,74.4667,X]
[27,F,0.74955,11000000,74.955,X]
[59,F,0.755859,00001000,75.5859,X]
[48,F,0.759902,00010000,75.9902,X]
[91,F,0.760328,00000010,76.0328,X]
[92,F,0.763258,00000010,76.3258,X]
[37,F,0.765175,00100000,76.5175,X]
[104,F,0.772047,00000001,77.2047,X]
[60,F,0.783203,00001000,78.3203,X]
[28,F,0.791542,11000000,79.1542,X]
[29,F,0.806191,11000000,80.6191,X]
[30,F,0.816933,11000000,81.6933,X]
[61,F,0.833008,00001000,83.3008,X]
[38,F,0.834511,00100000,83.4511,X]
[68,F,0.838867,00000100,83.8867,X]
[31,F,0.839394,11000000,83.9394,X]
[62,F,0.841797,00001000,84.1797,X]
[93,F,0.860914,00000010,86.0914,X]
[105,F,0.872633,00000001,87.2633,X]
[94,F,0.873609,00000010,87.3609,X]
[95,F,0.892164,00000010,89.2164,X]
[96,F,0.893141,00000010,89.3141,X]
[106,F,0.895094,00000001,89.5094,X]
[97,F,0.899,00000010,89.9,X]
[69,F,0.911133,00000100,91.1133,X]
[63,F,0.916992,00001000,91.6992,X]
[98,F,0.925367,00000010,92.5367,X]
[107,F,0.928297,00000001,92.8297,X]
[99,F,0.929273,00000010,92.9273,X]
[64,F,0.933594,00001000,93.3594,X]
[39,F,0.940956,00100000,94.0956,X]
[108,F,0.945875,00000001,94.5875,X]
[109,F,0.949781,00000001,94.9781,X]
[33,F,0.95432,01000000,95.432,X]
[65,F,0.956055,00001000,95.6055,X]
[66,F,0.957031,00001000,95.7031,X]
[40,F,0.957558,00100000,95.7558,X]
[41,F,0.958534,00100000,95.8534,X]
[100,F,0.962477,00000010,96.2477,X]
[110,F,0.963453,00000001,96.3453,X]
[67,F,0.967773,00001000,96.7773,X]
[42,F,0.969277,00100000,96.9277,X]
[32,F,0.975805,10000000,97.5805,X]
[70,F,0.977539,00000100,97.7539,X]
[43,F,0.980019,00100000,98.0019,X]
[71,F,0.981445,00000100,98.1445,X]
[44,F,0.984902,00100000,98.4902,X]
[101,F,0.98982,00000010,98.982,X]
GUIDE_TREE_PARTITION1=(((((t1:7.4,t2:7.4):20.77,t3:28.17):3.75,t4:31.92):40.23,(t5:25,t6:25):47.15):27.85,(t7:41.35,t8:41.35):58.65);
