Taxa bit representation:
t1 10000000
t2 01000000
t3 00100000
t4 00010000
t5 00001000
t6 00000100
t7 00000010
t8 00000001
Clade List (<taxon members> = <clade name>): 

>Dataset_0
[0,F,0.178711,11111100,17.8711,X]
[24,F,0.4719,00000010,47.19,X]
[35,F,0.476783,00000001,47.6783,X]
[25,F,0.481666,00000010,48.1666,X]
[26,F,0.483619,00000010,48.3619,X]
[16,F,0.495408,00001100,49.5408,X]
[27,F,0.517798,00000010,51.7798,X]
[1,F,0.555955,11110000,55.5955,X]
[36,F,0.579322,00000001,57.9322,X]
[17,F,0.621384,00001100,62.1384,X]
[18,F,0.623337,00001100,62.3338,X]
[2,F,0.650803,11000000,65.0803,X]
[28,F,0.653541,00000010,65.3541,X]
[19,F,0.700486,00001100,70.0486,X]
[29,F,0.717017,00000010,71.7017,X]
[5,F,0.738694,00100000,73.8694,X]
[3,F,0.758225,11000000,75.8225,X]
[6,F,0.759202,00100000,75.9202,X]
[30,F,0.761939,00000010,76.1939,X]
[37,F,0.796119,00000001,79.6119,X]
[7,F,0.80217,00100000,80.217,X]
[20,F,0.816567,00001000,81.6567,X]
[38,F,0.842994,00000001,84.2994,X]
[39,F,0.848853,00000001,84.8853,X]
[8,F,0.858811,00100000,85.8811,X]
[4,F,0.867258,10000000,86.7258,X]
[23,F,0.908364,00000100,90.8364,X]
[31,F,0.9094,00000010,90.94,X]
[32,F,0.910377,00000010,91.0377,X]
[9,F,0.918381,00100000,91.8381,X]
[21,F,0.923013,00001000,92.3012,X]
[10,F,0.9301,00100000,93.01,X]
[11,F,0.932053,00100000,93.2053,X]
[13,F,0.944394,00010000,94.4394,X]
[33,F,0.951392,00000010,95.1392,X]
[12,F,0.952561,00100000,95.2561,X]
[22,F,0.976723,00001000,97.6723,X]
[34,F,0.985572,00000010,98.5572,X]
[14,F,0.986386,00010000,98.6386,X]
[40,F,0.993384,00000001,99.3384,X]
[15,F,0.998105,00010000,99.8105,X]
GUIDE_TREE_PARTITION1=(((((t1:18.45,t2:18.45):19.79,t3:38.24):4.43,t4:42.67):28.59,(t5:20.98,t6:20.98):50.28):28.74,(t7:59.06,t8:59.06):40.94);
