Taxa bit representation:
t1 10000000
t2 01000000
t3 00100000
t4 00010000
t5 00001000
t6 00000100
t7 00000010
t8 00000001
Clade List (<taxon members> = <clade name>): 

>Dataset_0
[83,F,0.0244141,00000011,2.44141,X]
[84,F,0.0517578,00000011,5.17578,X]
[0,F,0.0576172,11111100,5.76172,X]
[85,F,0.0634766,00000011,6.34766,X]
[1,F,0.0878906,11111100,8.78906,X]
[2,F,0.159455,11110000,15.9455,X]
[64,F,0.160431,00001100,16.0431,X]
[3,F,0.163361,11110000,16.3361,X]
[65,F,0.168244,00001100,16.8244,X]
[86,F,0.168945,00000011,16.8945,X]
[87,F,0.192383,00000011,19.2383,X]
[88,F,0.196289,00000011,19.6289,X]
[89,F,0.237305,00000011,23.7305,X]
[90,F,0.239258,00000011,23.9258,X]
[4,F,0.240509,11110000,24.0509,X]
[5,F,0.285431,11110000,28.5431,X]
[6,F,0.304963,11110000,30.4963,X]
[91,F,0.308594,00000011,30.8594,X]
[66,F,0.319611,00001100,31.9611,X]
[92,F,0.321289,00000011,32.1289,X]
[67,F,0.326447,00001100,32.6447,X]
[7,F,0.330353,11110000,33.0353,X]
[8,F,0.336213,11110000,33.6213,X]
[9,F,0.345002,11110000,34.5002,X]
[10,F,0.364533,11110000,36.4533,X]
[68,F,0.389923,00001100,38.9923,X]
[11,F,0.391877,11110000,39.1877,X]
[12,F,0.396759,11110000,39.6759,X]
[93,F,0.398438,00000011,39.8438,X]
[69,F,0.398713,00001100,39.8713,X]
[13,F,0.447541,11110000,44.7541,X]
[70,F,0.469025,00001100,46.9025,X]
[14,F,0.478877,11100000,47.8877,X]
[71,F,0.482697,00001100,48.2697,X]
[48,F,0.488642,00010000,48.8642,X]
[49,F,0.493525,00010000,49.3525,X]
[72,F,0.501252,00001100,50.1252,X]
[94,F,0.503906,00000011,50.3906,X]
[50,F,0.504267,00010000,50.4267,X]
[95,F,0.519531,00000011,51.9531,X]
[37,F,0.523566,00100000,52.3566,X]
[51,F,0.553095,00010000,55.3095,X]
[52,F,0.555048,00010000,55.5048,X]
[15,F,0.578253,11000000,57.8253,X]
[38,F,0.589972,00100000,58.9972,X]
[53,F,0.593134,00010000,59.3134,X]
[16,F,0.595831,11000000,59.5831,X]
[17,F,0.601691,11000000,60.1691,X]
[39,F,0.603644,00100000,60.3644,X]
[29,F,0.604977,01000000,60.4977,X]
[96,F,0.613281,00000011,61.3281,X]
[54,F,0.618525,00010000,61.8525,X]
[18,F,0.642086,10000000,64.2086,X]
[30,F,0.647945,01000000,64.7945,X]
[40,F,0.658331,00100000,65.8331,X]
[31,F,0.676266,01000000,67.6266,X]
[41,F,0.676886,00100000,67.6886,X]
[97,F,0.682258,00000010,68.2258,X]
[73,F,0.690705,00001100,69.0705,X]
[55,F,0.692744,00010000,69.2744,X]
[98,F,0.693,00000010,69.3,X]
[99,F,0.701789,00000010,70.1789,X]
[74,F,0.711213,00001100,71.1213,X]
[107,F,0.72132,00000001,72.132,X]
[19,F,0.72607,10000000,72.607,X]
[20,F,0.727047,10000000,72.7047,X]
[21,F,0.728023,10000000,72.8023,X]
[32,F,0.734859,01000000,73.4859,X]
[75,F,0.73758,00001100,73.758,X]
[56,F,0.738642,00010000,73.8642,X]
[33,F,0.740719,01000000,74.0719,X]
[108,F,0.745734,00000001,74.5734,X]
[100,F,0.754523,00000010,75.4523,X]
[22,F,0.762203,10000000,76.2203,X]
[34,F,0.766109,01000000,76.6109,X]
[101,F,0.776008,00000010,77.6008,X]
[76,F,0.782502,00001100,78.2502,X]
[57,F,0.786494,00010000,78.6494,X]
[109,F,0.803352,00000001,80.3352,X]
[110,F,0.804328,00000001,80.4328,X]
[102,F,0.808234,00000010,80.8234,X]
[77,F,0.810822,00001100,81.0822,X]
[42,F,0.813605,00100000,81.3605,X]
[103,F,0.814094,00000010,81.4094,X]
[111,F,0.818,00000001,81.8,X]
[112,F,0.819953,00000001,81.9953,X]
[35,F,0.826656,01000000,82.6656,X]
[23,F,0.833492,10000000,83.3492,X]
[113,F,0.845344,00000001,84.5344,X]
[24,F,0.85107,10000000,85.107,X]
[58,F,0.856806,00010000,85.6806,X]
[25,F,0.858883,10000000,85.8883,X]
[104,F,0.866828,00000010,86.6828,X]
[43,F,0.887823,00100000,88.7823,X]
[26,F,0.889156,10000000,88.9156,X]
[27,F,0.890133,10000000,89.0133,X]
[59,F,0.890986,00010000,89.0986,X]
[44,F,0.89173,00100000,89.173,X]
[60,F,0.891962,00010000,89.1962,X]
[78,F,0.897736,00001100,89.7736,X]
[45,F,0.900519,00100000,90.0519,X]
[61,F,0.908564,00010000,90.8564,X]
[46,F,0.911261,00100000,91.1261,X]
[79,F,0.918244,00001100,91.8244,X]
[114,F,0.919562,00000001,91.9562,X]
[80,F,0.924103,00001100,92.4103,X]
[81,F,0.931916,00001100,93.1916,X]
[115,F,0.934211,00000001,93.4211,X]
[105,F,0.94007,00000010,94.007,X]
[62,F,0.950556,00010000,95.0556,X]
[82,F,0.955812,00000100,95.5812,X]
[36,F,0.958492,01000000,95.8492,X]
[63,F,0.959345,00010000,95.9345,X]
[47,F,0.960089,00100000,96.0089,X]
[106,F,0.97718,00000010,97.718,X]
[28,F,0.979977,10000000,97.9977,X]
GUIDE_TREE_PARTITION1=(((((t1:39.6,t2:39.6):9.02,t3:48.62):3.59,t4:52.21):33.7,(t5:5.2,t6:5.2):80.71):14.09,(t7:36.95,t8:36.95):63.05);
