Taxa bit representation:
t1 10000000
t2 01000000
t3 00100000
t4 00010000
t5 00001000
t6 00000100
t7 00000010
t8 00000001
Clade List (<taxon members> = <clade name>): 

>Dataset_0
[0,F,0.0537109,11110000,5.37109,X]
[1,F,0.0634766,11110000,6.34766,X]
[2,F,0.275391,11110000,27.5391,X]
[26,F,0.287225,00000010,28.7225,X]
[31,F,0.291131,00000001,29.1131,X]
[10,F,0.405258,00100000,40.5258,X]
[3,F,0.405794,11000000,40.5794,X]
[27,F,0.420037,00000010,42.0037,X]
[28,F,0.515741,00000010,51.5741,X]
[13,F,0.526352,00010000,52.6352,X]
[11,F,0.537094,00100000,53.7094,X]
[21,F,0.674313,00000100,67.4313,X]
[4,F,0.685956,10000000,68.5956,X]
[5,F,0.692792,01000000,69.2792,X]
[22,F,0.69482,00000100,69.482,X]
[14,F,0.706039,00010000,70.6039,X]
[19,F,0.713375,00001000,71.3375,X]
[6,F,0.742597,01000000,74.2597,X]
[29,F,0.751092,00000010,75.1092,X]
[23,F,0.775875,00000100,77.5875,X]
[15,F,0.789047,00010000,78.9047,X]
[7,F,0.797284,01000000,79.7284,X]
[24,F,0.798336,00000100,79.8336,X]
[16,F,0.826156,00010000,82.6156,X]
[17,F,0.830063,00010000,83.0063,X]
[8,F,0.830488,01000000,83.0487,X]
[25,F,0.877438,00000100,87.7438,X]
[20,F,0.906734,00001000,90.6734,X]
[18,F,0.932602,00010000,93.2602,X]
[12,F,0.94432,00100000,94.432,X]
[9,F,0.952558,01000000,95.2558,X]
[30,F,0.989373,00000010,98.9373,X]
GUIDE_TREE_PARTITION1=(((t1:34.92,t2:34.92):30.36,(t3:64.65,t4:64.65):0.63):34.72,((t5:45.85,t6:45.85):51.48,(t7:79.09,t8:79.09):18.24):2.67);
