Taxa bit representation:
t1 10000000
t2 01000000
t3 00100000
t4 00010000
t5 00001000
t6 00000100
t7 00000010
t8 00000001
Clade List (<taxon members> = <clade name>): 

>Dataset_0
[43,F,0.0136719,00000001,1.36719,X]
[36,F,0.0195484,00000010,1.95484,X]
[44,F,0.0371094,00000001,3.71094,X]
[45,F,0.0917969,00000001,9.17969,X]
[30,F,0.112556,00000100,11.2556,X]
[0,F,0.1765,11110000,17.65,X]
[46,F,0.182617,00000001,18.2617,X]
[1,F,0.222398,11110000,22.2398,X]
[47,F,0.25293,00000001,25.293,X]
[16,F,0.263414,00001000,26.3414,X]
[37,F,0.290056,00000010,29.0056,X]
[2,F,0.292711,11110000,29.2711,X]
[17,F,0.311266,00001000,31.1266,X]
[18,F,0.330797,00001000,33.0797,X]
[31,F,0.36158,00000100,36.158,X]
[19,F,0.370836,00001000,37.0836,X]
[9,F,0.409633,00010000,40.9633,X]
[10,F,0.410609,00010000,41.0609,X]
[32,F,0.42408,00000100,42.408,X]
[48,F,0.425781,00000001,42.5781,X]
[20,F,0.442125,00001000,44.2125,X]
[11,F,0.460414,00010000,46.0414,X]
[49,F,0.484375,00000001,48.4375,X]
[21,F,0.487047,00001000,48.7047,X]
[12,F,0.53268,00010000,53.268,X]
[22,F,0.581773,00001000,58.1773,X]
[33,F,0.591072,00000100,59.1072,X]
[23,F,0.603258,00001000,60.3258,X]
[38,F,0.605486,00000010,60.5486,X]
[7,F,0.607444,00100000,60.7444,X]
[50,F,0.624023,00000001,62.4023,X]
[39,F,0.644548,00000010,64.4548,X]
[51,F,0.669922,00000001,66.9922,X]
[52,F,0.679688,00000001,67.9688,X]
[34,F,0.689705,00000100,68.9705,X]
[13,F,0.733852,00010000,73.3852,X]
[3,F,0.73928,11000000,73.928,X]
[8,F,0.77053,00100000,77.053,X]
[53,F,0.779297,00000001,77.9297,X]
[40,F,0.826189,00000010,82.6189,X]
[14,F,0.830531,00010000,83.0531,X]
[24,F,0.833727,00001000,83.3727,X]
[41,F,0.841814,00000010,84.1814,X]
[25,F,0.896227,00001000,89.6227,X]
[4,F,0.904977,10000000,90.4977,X]
[15,F,0.931117,00010000,93.1117,X]
[26,F,0.933336,00001000,93.3336,X]
[35,F,0.935798,00000100,93.5798,X]
[42,F,0.940447,00000010,94.0447,X]
[5,F,0.9665,10000000,96.65,X]
[27,F,0.969469,00001000,96.9469,X]
[28,F,0.989977,00001000,98.9977,X]
[6,F,0.993844,10000000,99.3844,X]
[29,F,0.994859,00001000,99.4859,X]
GUIDE_TREE_PARTITION1=(((((((t1:9.6,t2:9.6):51.14,t3:60.74):1.91,t4:62.65):25.95,t5:88.6):9.91,t6:98.51):1,t7:99.51):0.49,t8:100);
