Taxa bit representation:
t1 10000000
t2 01000000
t3 00100000
t4 00010000
t5 00001000
t6 00000100
t7 00000010
t8 00000001
Clade List (<taxon members> = <clade name>): 

>Dataset_0
[0,F,0.0380859,11111110,3.80859,X]
[34,F,0.125,00000001,12.5,X]
[1,F,0.19043,11111110,19.043,X]
[35,F,0.368164,00000001,36.8164,X]
[2,F,0.382861,11111100,38.2861,X]
[3,F,0.431689,11111100,43.1689,X]
[36,F,0.458984,00000001,45.8984,X]
[30,F,0.523486,00000010,52.3486,X]
[4,F,0.532337,11111000,53.2337,X]
[5,F,0.550412,11110000,55.0412,X]
[24,F,0.591908,00000100,59.1908,X]
[6,F,0.596725,11100000,59.6725,X]
[12,F,0.605514,00010000,60.5514,X]
[13,F,0.61235,00010000,61.235,X]
[14,F,0.61528,00010000,61.528,X]
[31,F,0.666064,00000010,66.6064,X]
[25,F,0.707142,00000100,70.7142,X]
[32,F,0.710986,00000010,71.0986,X]
[7,F,0.716842,11100000,71.6842,X]
[26,F,0.719837,00000100,71.9837,X]
[27,F,0.723744,00000100,72.3744,X]
[8,F,0.761764,11100000,76.1764,X]
[28,F,0.764759,00000100,76.4759,X]
[9,F,0.782936,11000000,78.2936,X]
[15,F,0.788131,00010000,78.8131,X]
[21,F,0.790647,00001000,79.0647,X]
[11,F,0.791725,00100000,79.1725,X]
[29,F,0.79308,00000100,79.308,X]
[37,F,0.802734,00000001,80.2734,X]
[22,F,0.809202,00001000,80.9202,X]
[38,F,0.84082,00000001,84.082,X]
[39,F,0.858398,00000001,85.8398,X]
[16,F,0.880905,00010000,88.0905,X]
[23,F,0.888303,00001000,88.8303,X]
[17,F,0.904342,00010000,90.4342,X]
[10,F,0.912819,11000000,91.2819,X]
[33,F,0.926806,00000010,92.6806,X]
[18,F,0.928756,00010000,92.8756,X]
[19,F,0.942428,00010000,94.2428,X]
[40,F,0.945312,00000001,94.5312,X]
[20,F,0.970748,00010000,97.0748,X]
[41,F,0.983398,00000001,98.3398,X]
GUIDE_TREE_PARTITION1=(((((((t1:0.14,t2:0.14):22.25,t3:22.39):19.5,t4:41.89):3.85,t5:45.74):3.37,t6:49.11):14.85,t7:63.96):36.04,t8:100);
