Taxa bit representation:
t1 10000000
t2 01000000
t3 00100000
t4 00010000
t5 00001000
t6 00000100
t7 00000010
t8 00000001
Clade List (<taxon members> = <clade name>): 

>Dataset_0
[0,F,0.00488281,11110000,0.488281,X]
[1,F,0.0878906,11110000,8.78906,X]
[22,F,0.0976562,00001111,9.76562,X]
[23,F,0.119141,00001111,11.9141,X]
[2,F,0.142578,11110000,14.2578,X]
[3,F,0.18457,11110000,18.457,X]
[4,F,0.211914,11110000,21.1914,X]
[24,F,0.222656,00001111,22.2656,X]
[5,F,0.249023,11110000,24.9023,X]
[6,F,0.259766,11110000,25.9766,X]
[7,F,0.305664,11110000,30.5664,X]
[8,F,0.318359,11110000,31.8359,X]
[9,F,0.568359,11110000,56.8359,X]
[10,F,0.573242,11110000,57.3242,X]
[37,F,0.597408,00000011,59.7408,X]
[11,F,0.612305,11110000,61.2305,X]
[25,F,0.614009,00001100,61.4009,X]
[12,F,0.62207,11110000,62.207,X]
[42,F,0.677512,00000001,67.7512,X]
[30,F,0.679736,00000100,67.9736,X]
[38,F,0.701927,00000010,70.1927,X]
[26,F,0.703173,00001000,70.3173,X]
[31,F,0.703173,00000100,70.3173,X]
[32,F,0.705127,00000100,70.5127,X]
[13,F,0.723633,11110000,72.3633,X]
[33,F,0.734423,00000100,73.4423,X]
[39,F,0.741966,00000010,74.1966,X]
[34,F,0.76958,00000100,76.958,X]
[14,F,0.787212,11000000,78.7212,X]
[15,F,0.821392,11000000,82.1392,X]
[19,F,0.835539,00010000,83.5539,X]
[35,F,0.845752,00000100,84.5752,X]
[27,F,0.881884,00001000,88.1884,X]
[20,F,0.88632,00010000,88.632,X]
[16,F,0.900578,10000000,90.0578,X]
[28,F,0.926806,00001000,92.6806,X]
[29,F,0.949267,00001000,94.9267,X]
[40,F,0.955833,00000010,95.5833,X]
[21,F,0.964445,00010000,96.4445,X]
[36,F,0.971728,00000100,97.1728,X]
[18,F,0.978117,00100000,97.8117,X]
[17,F,0.981633,01000000,98.1633,X]
[41,F,0.998802,00000010,99.8802,X]
GUIDE_TREE_PARTITION1=(((t1:11.7,t2:11.7):10.36,(t3:20.45,t4:20.45):1.61):77.94,((t5:32.71,t6:32.71):9.6,(t7:39.28,t8:39.28):3.03):57.69);
