Taxa bit representation:
t1 10000000
t2 01000000
t3 00100000
t4 00010000
t5 00001000
t6 00000100
t7 00000010
t8 00000001
Clade List (<taxon members> = <clade name>): 

>Dataset_0
[87,F,0.0185547,00000001,1.85547,X]
[88,F,0.0253906,00000001,2.53906,X]
[89,F,0.0410156,00000001,4.10156,X]
[90,F,0.0478516,00000001,4.78516,X]
[0,F,0.0791016,11111110,7.91016,X]
[91,F,0.0898438,00000001,8.98438,X]
[62,F,0.103136,00000010,10.3136,X]
[63,F,0.113878,00000010,11.3878,X]
[64,F,0.129503,00000010,12.9503,X]
[65,F,0.149034,00000010,14.9034,X]
[1,F,0.168566,11111100,16.8566,X]
[2,F,0.19005,11111100,19.005,X]
[66,F,0.198839,00000010,19.8839,X]
[3,F,0.198839,11111100,19.8839,X]
[4,F,0.202745,11111100,20.2745,X]
[67,F,0.207628,00000010,20.7628,X]
[68,F,0.211534,00000010,21.1534,X]
[69,F,0.212511,00000010,21.2511,X]
[92,F,0.224609,00000001,22.4609,X]
[70,F,0.233995,00000010,23.3995,X]
[5,F,0.258409,11111100,25.8409,X]
[71,F,0.265245,00000010,26.5245,X]
[93,F,0.280273,00000001,28.0273,X]
[6,F,0.300402,11111100,30.0402,X]
[72,F,0.345323,00000010,34.5323,X]
[94,F,0.34668,00000001,34.668,X]
[7,F,0.363878,11111100,36.3878,X]
[47,F,0.375936,00000100,37.5936,X]
[8,F,0.375936,11111000,37.5936,X]
[9,F,0.377889,11111000,37.7889,X]
[95,F,0.391602,00000001,39.1602,X]
[73,F,0.398058,00000010,39.8058,X]
[48,F,0.417928,00000100,41.7928,X]
[10,F,0.420858,11111000,42.0858,X]
[11,F,0.422811,11111000,42.2811,X]
[96,F,0.435547,00000001,43.5547,X]
[12,F,0.440389,11111000,44.0389,X]
[74,F,0.442003,00000010,44.2003,X]
[75,F,0.446886,00000010,44.6886,X]
[97,F,0.457031,00000001,45.7031,X]
[98,F,0.463867,00000001,46.3867,X]
[99,F,0.472656,00000001,47.2656,X]
[76,F,0.483019,00000010,48.3019,X]
[49,F,0.492147,00000100,49.2147,X]
[13,F,0.50428,11110000,50.428,X]
[50,F,0.505819,00000100,50.5819,X]
[77,F,0.508409,00000010,50.8409,X]
[78,F,0.509386,00000010,50.9386,X]
[51,F,0.515584,00000100,51.5584,X]
[52,F,0.527303,00000100,52.7303,X]
[14,F,0.527717,11110000,52.7717,X]
[100,F,0.529297,00000001,52.9297,X]
[53,F,0.554647,00000100,55.4647,X]
[15,F,0.557014,11110000,55.7014,X]
[16,F,0.561897,11110000,56.1897,X]
[101,F,0.563477,00000001,56.3477,X]
[54,F,0.583944,00000100,58.3944,X]
[17,F,0.590217,11110000,59.0217,X]
[55,F,0.605428,00000100,60.5428,X]
[36,F,0.606819,00001000,60.6819,X]
[102,F,0.612305,00000001,61.2305,X]
[37,F,0.625373,00001000,62.5373,X]
[18,F,0.62928,11110000,62.928,X]
[56,F,0.636678,00000100,63.6678,X]
[103,F,0.645508,00000001,64.5508,X]
[79,F,0.646105,00000010,64.6105,X]
[19,F,0.663459,11110000,66.3459,X]
[104,F,0.671875,00000001,67.1875,X]
[38,F,0.676155,00001000,67.6155,X]
[39,F,0.724006,00001000,72.4006,X]
[40,F,0.727912,00001000,72.7912,X]
[20,F,0.734766,11100000,73.4766,X]
[80,F,0.738878,00000010,73.8878,X]
[41,F,0.741584,00001000,74.1584,X]
[31,F,0.749414,00010000,74.9414,X]
[57,F,0.769491,00000100,76.9491,X]
[42,F,0.780647,00001000,78.0647,X]
[43,F,0.781623,00001000,78.1623,X]
[81,F,0.792589,00000010,79.2589,X]
[21,F,0.799219,11100000,79.9219,X]
[82,F,0.811144,00000010,81.1144,X]
[58,F,0.813436,00000100,81.3436,X]
[32,F,0.816797,00010000,81.6797,X]
[83,F,0.819933,00000010,81.9933,X]
[84,F,0.821886,00000010,82.1886,X]
[85,F,0.834581,00000010,83.4581,X]
[44,F,0.835334,00001000,83.5334,X]
[22,F,0.848047,11100000,84.8047,X]
[33,F,0.854883,00010000,85.4883,X]
[45,F,0.878303,00001000,87.8303,X]
[23,F,0.897853,11000000,89.7853,X]
[59,F,0.909139,00000100,90.9139,X]
[105,F,0.911133,00000001,91.1133,X]
[46,F,0.922248,00001000,92.2248,X]
[24,F,0.932033,11000000,93.2033,X]
[25,F,0.934962,11000000,93.4962,X]
[34,F,0.937891,00010000,93.7891,X]
[35,F,0.94668,00010000,94.668,X]
[29,F,0.946681,00100000,94.6681,X]
[26,F,0.969142,11000000,96.9142,X]
[30,F,0.975978,00100000,97.5978,X]
[106,F,0.981445,00000001,98.1445,X]
[86,F,0.989855,00000010,98.9855,X]
[27,F,0.992589,01000000,99.2589,X]
[60,F,0.996053,00000100,99.6053,X]
[61,F,0.998983,00000100,99.8983,X]
[28,F,0.999425,01000000,99.9425,X]
GUIDE_TREE_PARTITION1=(((((((t1:1.62,t2:1.62):8.79,t3:10.41):17.09,t4:27.5):25.49,t5:52.99):10.1,t6:63.09):27.28,t7:90.37):9.63,t8:100);
