Taxa bit representation:
t1 10000000
t2 01000000
t3 00100000
t4 00010000
t5 00001000
t6 00000100
t7 00000010
t8 00000001
Clade List (<taxon members> = <clade name>): 

>Dataset_0
[21,F,0.0917906,00001100,9.17906,X]
[28,F,0.137695,00000011,13.7695,X]
[22,F,0.161127,00001100,16.1127,X]
[0,F,0.178705,11110000,17.8705,X]
[1,F,0.295331,11100000,29.5331,X]
[34,F,0.300164,00000001,30.0164,X]
[35,F,0.302117,00000001,30.2117,X]
[2,F,0.30705,11100000,30.705,X]
[36,F,0.33825,00000001,33.825,X]
[23,F,0.357416,00001100,35.7416,X]
[37,F,0.358758,00000001,35.8758,X]
[17,F,0.36955,00010000,36.955,X]
[38,F,0.373406,00000001,37.3406,X]
[3,F,0.394941,11100000,39.4941,X]
[18,F,0.399823,00010000,39.9823,X]
[24,F,0.47558,00001100,47.558,X]
[29,F,0.486687,00000010,48.6688,X]
[4,F,0.49455,11100000,49.455,X]
[39,F,0.511102,00000001,51.1102,X]
[5,F,0.585212,11000000,58.5212,X]
[25,F,0.585931,00001100,58.5931,X]
[30,F,0.639031,00000010,63.9031,X]
[6,F,0.697517,11000000,69.7517,X]
[13,F,0.698494,00100000,69.8494,X]
[31,F,0.718133,00000010,71.8133,X]
[7,F,0.732673,11000000,73.2673,X]
[40,F,0.736687,00000001,73.6687,X]
[14,F,0.780525,00100000,78.0525,X]
[8,F,0.791267,11000000,79.1267,X]
[15,F,0.792244,00100000,79.2244,X]
[32,F,0.83532,00000010,83.532,X]
[33,F,0.837273,00000010,83.7273,X]
[9,F,0.842048,11000000,84.2048,X]
[26,F,0.865228,00001100,86.5228,X]
[41,F,0.870477,00000001,87.0477,X]
[42,F,0.874383,00000001,87.4383,X]
[27,F,0.901361,00001100,90.1361,X]
[43,F,0.937859,00000001,93.7859,X]
[19,F,0.950605,00010000,95.0605,X]
[11,F,0.956358,01000000,95.6358,X]
[16,F,0.964119,00100000,96.4119,X]
[20,F,0.968183,00010000,96.8183,X]
[10,F,0.97003,10000000,97.003,X]
[12,F,0.988584,01000000,98.8584,X]
GUIDE_TREE_PARTITION1=(((((t1:9.54,t2:9.54):38.97,t3:48.51):23.91,t4:72.42):27.19,(t5:3.03,t6:3.03):96.58):0.39,(t7:75.55,t8:75.55):24.45);
