Taxa bit representation:
t1 10000000
t2 01000000
t3 00100000
t4 00010000
t5 00001000
t6 00000100
t7 00000010
t8 00000001
Clade List (<taxon members> = <clade name>): 

>Dataset_0
[0,F,0.00292969,11111100,0.292969,X]
[31,F,0.0673828,00000011,6.73828,X]
[32,F,0.166992,00000011,16.6992,X]
[1,F,0.199219,11111100,19.9219,X]
[2,F,0.311523,11111100,31.1523,X]
[21,F,0.381056,00000100,38.1056,X]
[3,F,0.383317,11110000,38.3317,X]
[33,F,0.430664,00000011,43.0664,X]
[13,F,0.433791,00001000,43.3791,X]
[34,F,0.449859,00000010,44.9859,X]
[22,F,0.464064,00000100,46.4064,X]
[14,F,0.46797,00001000,46.797,X]
[35,F,0.469391,00000010,46.9391,X]
[4,F,0.492692,11110000,49.2692,X]
[38,F,0.527984,00000001,52.7984,X]
[5,F,0.536637,11110000,53.6638,X]
[15,F,0.570509,00001000,57.0509,X]
[23,F,0.588087,00000100,58.8087,X]
[39,F,0.598297,00000001,59.8297,X]
[24,F,0.59883,00000100,59.883,X]
[36,F,0.621734,00000010,62.1734,X]
[16,F,0.629103,00001000,62.9103,X]
[17,F,0.641798,00001000,64.1798,X]
[25,F,0.651564,00000100,65.1564,X]
[40,F,0.652984,00000001,65.2984,X]
[11,F,0.679448,00010000,67.9448,X]
[26,F,0.714064,00000100,71.4064,X]
[6,F,0.72437,11100000,72.437,X]
[27,F,0.782423,00000100,78.2423,X]
[18,F,0.810744,00001000,81.0744,X]
[41,F,0.836578,00000001,83.6578,X]
[28,F,0.858595,00000100,85.8595,X]
[29,F,0.890822,00000100,89.0822,X]
[7,F,0.931402,11100000,93.1402,X]
[37,F,0.937164,00000010,93.7164,X]
[42,F,0.938141,00000001,93.8141,X]
[19,F,0.943556,00001000,94.3556,X]
[12,F,0.94898,00010000,94.898,X]
[9,F,0.953977,01000000,95.3977,X]
[10,F,0.964719,01000000,96.4719,X]
[30,F,0.979689,00000100,97.9689,X]
[8,F,0.980344,10000000,98.0344,X]
[20,F,0.980666,00001000,98.0666,X]
GUIDE_TREE_PARTITION1=(((((t1:4.7,t2:4.7):0.94,t3:5.64):27.88,t4:33.52):33.91,(t5:65.41,t6:65.41):2.02):32.57,(t7:55.6,t8:55.6):44.4);
