Taxa bit representation:
t1 10000000
t2 01000000
t3 00100000
t4 00010000
t5 00001000
t6 00000100
t7 00000010
t8 00000001
Clade List (<taxon members> = <clade name>): 

>Dataset_0
[112,F,0.00195312,00000001,0.195312,X]
[113,F,0.0224609,00000001,2.24609,X]
[114,F,0.0332031,00000001,3.32031,X]
[0,F,0.0566406,11111110,5.66406,X]
[1,F,0.0615234,11111110,6.15234,X]
[2,F,0.0644531,11111110,6.44531,X]
[115,F,0.0761719,00000001,7.61719,X]
[116,F,0.0878906,00000001,8.78906,X]
[3,F,0.0976562,11111110,9.76562,X]
[4,F,0.107422,11111110,10.7422,X]
[5,F,0.117187,11111110,11.7187,X]
[6,F,0.120117,11111110,12.0117,X]
[7,F,0.132812,11111110,13.2812,X]
[8,F,0.140625,11111110,14.0625,X]
[117,F,0.147461,00000001,14.7461,X]
[9,F,0.15332,11111110,15.332,X]
[85,F,0.229759,00000010,22.9759,X]
[86,F,0.254173,00000010,25.4173,X]
[87,F,0.262962,00000010,26.2962,X]
[118,F,0.266602,00000001,26.6602,X]
[119,F,0.313477,00000001,31.3477,X]
[120,F,0.318359,00000001,31.8359,X]
[10,F,0.32947,11111000,32.947,X]
[69,F,0.349002,00000100,34.9002,X]
[70,F,0.359744,00000100,35.9744,X]
[11,F,0.36072,11111000,36.072,X]
[71,F,0.361697,00000100,36.1697,X]
[88,F,0.363548,00000010,36.3548,X]
[89,F,0.399681,00000010,39.9681,X]
[90,F,0.419212,00000010,41.9212,X]
[12,F,0.427127,11111000,42.7127,X]
[91,F,0.435814,00000010,43.5814,X]
[72,F,0.436892,00000100,43.6892,X]
[92,F,0.438744,00000010,43.8744,X]
[121,F,0.447266,00000001,44.7266,X]
[73,F,0.455447,00000100,45.5447,X]
[54,F,0.476462,00001000,47.6462,X]
[122,F,0.479492,00000001,47.9492,X]
[55,F,0.512595,00001000,51.2595,X]
[123,F,0.515625,00000001,51.5625,X]
[93,F,0.518822,00000010,51.8822,X]
[74,F,0.5199,00000100,51.99,X]
[75,F,0.534548,00000100,53.4548,X]
[45,F,0.539303,00010000,53.9303,X]
[56,F,0.548728,00001000,54.8728,X]
[13,F,0.549191,11000000,54.9191,X]
[76,F,0.550173,00000100,55.0173,X]
[57,F,0.558494,00001000,55.8494,X]
[94,F,0.561791,00000010,56.1791,X]
[58,F,0.581931,00001000,58.1931,X]
[77,F,0.583377,00000100,58.3377,X]
[124,F,0.584961,00000001,58.4961,X]
[125,F,0.587891,00000001,58.7891,X]
[35,F,0.593136,00100000,59.3136,X]
[59,F,0.607322,00001000,60.7322,X]
[95,F,0.612572,00000010,61.2572,X]
[96,F,0.613548,00000010,61.3548,X]
[46,F,0.6311,00010000,63.11,X]
[97,F,0.646752,00000010,64.6752,X]
[98,F,0.676048,00000010,67.6048,X]
[99,F,0.678978,00000010,67.8978,X]
[14,F,0.682495,10000000,68.2495,X]
[78,F,0.684939,00000100,68.4939,X]
[100,F,0.698509,00000010,69.8509,X]
[23,F,0.70105,01000000,70.105,X]
[60,F,0.701072,00001000,70.1072,X]
[126,F,0.705078,00000001,70.5078,X]
[101,F,0.711205,00000010,71.1205,X]
[15,F,0.715698,10000000,71.5698,X]
[36,F,0.725948,00100000,72.5948,X]
[127,F,0.727539,00000001,72.7539,X]
[24,F,0.72937,01000000,72.937,X]
[25,F,0.731323,01000000,73.1323,X]
[16,F,0.7323,10000000,73.23,X]
[79,F,0.736697,00000100,73.6697,X]
[102,F,0.740502,00000010,74.0502,X]
[80,F,0.742556,00000100,74.2556,X]
[26,F,0.743042,01000000,74.3042,X]
[47,F,0.743405,00010000,74.3405,X]
[128,F,0.748047,00000001,74.8047,X]
[27,F,0.762573,01000000,76.2573,X]
[129,F,0.762695,00000001,76.2695,X]
[37,F,0.766964,00100000,76.6964,X]
[130,F,0.772461,00000001,77.2461,X]
[61,F,0.775291,00001000,77.5291,X]
[131,F,0.799805,00000001,79.9805,X]
[103,F,0.800072,00000010,80.0072,X]
[62,F,0.801658,00001000,80.1658,X]
[28,F,0.805542,01000000,80.5542,X]
[81,F,0.808962,00000100,80.8962,X]
[63,F,0.813377,00001000,81.3377,X]
[17,F,0.815308,10000000,81.5308,X]
[38,F,0.819698,00100000,81.9698,X]
[39,F,0.828487,00100000,82.8487,X]
[82,F,0.846072,00000100,84.6072,X]
[29,F,0.847534,01000000,84.7534,X]
[104,F,0.854759,00000010,85.4759,X]
[40,F,0.859737,00100000,85.9737,X]
[105,F,0.860619,00000010,86.0619,X]
[132,F,0.867187,00000001,86.7187,X]
[30,F,0.870972,01000000,87.0972,X]
[133,F,0.873047,00000001,87.3047,X]
[41,F,0.874386,00100000,87.4386,X]
[31,F,0.874878,01000000,87.4878,X]
[32,F,0.878784,01000000,87.8784,X]
[48,F,0.880123,00010000,88.0123,X]
[49,F,0.882077,00010000,88.2077,X]
[83,F,0.888064,00000100,88.8064,X]
[50,F,0.892819,00010000,89.2819,X]
[42,F,0.900753,00100000,90.0753,X]
[134,F,0.90918,00000001,90.918,X]
[64,F,0.911033,00001000,91.1033,X]
[106,F,0.912377,00000010,91.2377,X]
[84,F,0.915408,00000100,91.5408,X]
[43,F,0.916378,00100000,91.6378,X]
[18,F,0.921753,10000000,92.1753,X]
[19,F,0.92273,10000000,92.273,X]
[65,F,0.925681,00001000,92.5681,X]
[107,F,0.928978,00000010,92.8978,X]
[33,F,0.938355,01000000,93.8355,X]
[135,F,0.938477,00000001,93.8477,X]
[108,F,0.938744,00000010,93.8744,X]
[109,F,0.941673,00000010,94.1673,X]
[110,F,0.954369,00000010,95.4369,X]
[66,F,0.955955,00001000,95.5955,X]
[51,F,0.957272,00010000,95.7272,X]
[52,F,0.962155,00010000,96.2155,X]
[44,F,0.966183,00100000,96.6183,X]
[34,F,0.966675,01000000,96.6675,X]
[136,F,0.966797,00000001,96.6797,X]
[67,F,0.96865,00001000,96.865,X]
[68,F,0.973533,00001000,97.3533,X]
[20,F,0.984253,10000000,98.4253,X]
[53,F,0.985592,00010000,98.5592,X]
[21,F,0.993042,10000000,99.3042,X]
[22,F,0.994019,10000000,99.4019,X]
[111,F,0.999291,00000010,99.9291,X]
GUIDE_TREE_PARTITION1=(((((((t1:33.02,t2:33.02):20.85,t3:53.87):1.77,t4:55.64):0.62,t5:56.26):16.75,t6:73.01):4.6,t7:77.61):22.39,t8:100);
