Taxa bit representation:
t1 10000000
t2 01000000
t3 00100000
t4 00010000
t5 00001000
t6 00000100
t7 00000010
t8 00000001
Clade List (<taxon members> = <clade name>): 

>Dataset_0
[0,F,0.149414,11111100,14.9414,X]
[1,F,0.28125,11111100,28.125,X]
[15,F,0.329198,00001100,32.9198,X]
[21,F,0.329419,00000010,32.9419,X]
[22,F,0.362622,00000010,36.2622,X]
[25,F,0.366528,00000001,36.6528,X]
[11,F,0.383927,00010000,38.3927,X]
[12,F,0.407364,00010000,40.7364,X]
[16,F,0.447362,00001100,44.7362,X]
[13,F,0.464005,00010000,46.4005,X]
[17,F,0.585058,00001100,58.5058,X]
[18,F,0.589941,00001100,58.9941,X]
[2,F,0.63597,11000000,63.597,X]
[3,F,0.66722,11000000,66.722,X]
[26,F,0.678052,00000001,67.8052,X]
[4,F,0.699447,11000000,69.9447,X]
[8,F,0.711166,00100000,71.1166,X]
[5,F,0.715072,11000000,71.5072,X]
[27,F,0.760083,00000001,76.0083,X]
[28,F,0.805981,00000001,80.5981,X]
[19,F,0.817795,00001000,81.7795,X]
[23,F,0.836255,00000010,83.6255,X]
[6,F,0.859603,11000000,85.9603,X]
[20,F,0.871506,00001000,87.1506,X]
[24,F,0.893872,00000010,89.3872,X]
[9,F,0.919173,00100000,91.9173,X]
[14,F,0.94252,00010000,94.252,X]
[10,F,0.967025,00100000,96.7025,X]
[7,F,0.973109,10000000,97.3109,X]
GUIDE_TREE_PARTITION1=(((((t1:6.4,t2:6.4):35.96,t3:42.36):22.47,t4:64.83):6.84,(t5:25.74,t6:25.74):45.93):28.33,(t7:86.98,t8:86.98):13.02);
