Taxa bit representation:
t1 10000000
t2 01000000
t3 00100000
t4 00010000
t5 00001000
t6 00000100
t7 00000010
t8 00000001
Clade List (<taxon members> = <clade name>): 

>Dataset_0
[61,F,0.0107422,00000011,1.07422,X]
[62,F,0.015625,00000011,1.5625,X]
[0,F,0.0244141,11111100,2.44141,X]
[63,F,0.0351562,00000011,3.51562,X]
[64,F,0.0419922,00000011,4.19922,X]
[1,F,0.046875,11111100,4.6875,X]
[2,F,0.0576172,11111100,5.76172,X]
[3,F,0.0625,11111100,6.25,X]
[65,F,0.1875,00000011,18.75,X]
[4,F,0.234375,11111100,23.4375,X]
[66,F,0.263119,00000010,26.3119,X]
[67,F,0.302181,00000010,30.2181,X]
[85,F,0.303158,00000001,30.3158,X]
[86,F,0.309017,00000001,30.9017,X]
[68,F,0.3139,00000010,31.39,X]
[5,F,0.322266,11111100,32.2266,X]
[69,F,0.330502,00000010,33.0502,X]
[87,F,0.352963,00000001,35.2963,X]
[70,F,0.377377,00000010,37.7377,X]
[6,F,0.389919,11110000,38.9919,X]
[88,F,0.403744,00000001,40.3744,X]
[42,F,0.405544,00001100,40.5544,X]
[89,F,0.428158,00000001,42.8158,X]
[43,F,0.445583,00001100,44.5583,X]
[71,F,0.449642,00000010,44.9642,X]
[7,F,0.456325,11110000,45.6325,X]
[8,F,0.459255,11110000,45.9255,X]
[9,F,0.475856,11110000,47.5856,X]
[10,F,0.478786,11110000,47.8786,X]
[72,F,0.494564,00000010,49.4564,X]
[73,F,0.510189,00000010,51.0189,X]
[74,F,0.521908,00000010,52.1908,X]
[11,F,0.526637,11110000,52.6638,X]
[12,F,0.53445,11110000,53.445,X]
[13,F,0.539333,11110000,53.9333,X]
[14,F,0.544216,11110000,54.4216,X]
[90,F,0.550228,00000001,55.0228,X]
[15,F,0.552028,11110000,55.2028,X]
[75,F,0.56683,00000010,56.683,X]
[91,F,0.568783,00000001,56.8783,X]
[16,F,0.575466,11110000,57.5466,X]
[17,F,0.582302,11110000,58.2302,X]
[54,F,0.599902,00000100,59.9902,X]
[18,F,0.602809,11110000,60.2809,X]
[55,F,0.603808,00000100,60.3808,X]
[56,F,0.612597,00000100,61.2597,X]
[92,F,0.614681,00000001,61.4681,X]
[44,F,0.627245,00001000,62.7245,X]
[76,F,0.632259,00000010,63.2259,X]
[45,F,0.663378,00001000,66.3378,X]
[57,F,0.668261,00000100,66.8261,X]
[46,F,0.676073,00001000,67.6073,X]
[19,F,0.679958,11110000,67.9958,X]
[20,F,0.68777,11110000,68.777,X]
[93,F,0.701595,00000001,70.1595,X]
[94,F,0.715267,00000001,71.5267,X]
[58,F,0.722948,00000100,72.2948,X]
[21,F,0.765383,11100000,76.5383,X]
[77,F,0.778744,00000010,77.8744,X]
[95,F,0.781673,00000001,78.1673,X]
[47,F,0.786425,00001000,78.6425,X]
[34,F,0.802295,00100000,80.2295,X]
[39,F,0.809328,00010000,80.9328,X]
[96,F,0.8139,00000001,81.39,X]
[35,F,0.82378,00100000,82.378,X]
[59,F,0.828417,00000100,82.8417,X]
[48,F,0.83037,00001000,83.037,X]
[49,F,0.844042,00001000,84.4042,X]
[22,F,0.851923,10000000,85.1923,X]
[27,F,0.854853,01000000,85.4853,X]
[40,F,0.855227,00010000,85.5227,X]
[28,F,0.85583,01000000,85.583,X]
[36,F,0.861866,00100000,86.1866,X]
[78,F,0.865658,00000010,86.5658,X]
[79,F,0.866634,00000010,86.6634,X]
[80,F,0.868587,00000010,86.8587,X]
[81,F,0.882259,00000010,88.2259,X]
[29,F,0.883173,01000000,88.3173,X]
[50,F,0.887011,00001000,88.7011,X]
[30,F,0.890009,01000000,89.0009,X]
[41,F,0.892336,00010000,89.2336,X]
[82,F,0.893978,00000010,89.3978,X]
[23,F,0.894892,10000000,89.4892,X]
[31,F,0.894892,01000000,89.4892,X]
[32,F,0.902705,01000000,90.2705,X]
[51,F,0.910448,00001000,91.0448,X]
[24,F,0.910517,10000000,91.0517,X]
[97,F,0.91058,00000001,91.058,X]
[33,F,0.925166,01000000,92.5166,X]
[37,F,0.934131,00100000,93.4131,X]
[83,F,0.944759,00000010,94.4759,X]
[52,F,0.946581,00001000,94.6581,X]
[98,F,0.947689,00000001,94.7689,X]
[25,F,0.963252,10000000,96.3252,X]
[84,F,0.968197,00000010,96.8197,X]
[53,F,0.970019,00001000,97.0019,X]
[60,F,0.975878,00000100,97.5878,X]
[26,F,0.975947,10000000,97.5947,X]
[38,F,0.976123,00100000,97.6123,X]
[99,F,0.990658,00000001,99.0658,X]
GUIDE_TREE_PARTITION1=(((((t1:20.96,t2:20.96):0.08,t3:21.04):2.91,t4:23.95):38.23,(t5:54.17,t6:54.17):8.01):37.82,(t7:74.86,t8:74.86):25.14);
