Taxa bit representation:
t1 10000000
t2 01000000
t3 00100000
t4 00010000
t5 00001000
t6 00000100
t7 00000010
t8 00000001
Clade List (<taxon members> = <clade name>): 

>Dataset_0
[31,F,0.0322266,00000001,3.22266,X]
[0,F,0.0976562,11111110,9.76562,X]
[32,F,0.196289,00000001,19.6289,X]
[23,F,0.38213,00000010,38.213,X]
[33,F,0.394531,00000001,39.4531,X]
[18,F,0.420219,00000100,42.0219,X]
[24,F,0.427052,00000010,42.7052,X]
[1,F,0.43682,11111000,43.682,X]
[34,F,0.503906,00000001,50.3906,X]
[25,F,0.517872,00000010,51.7872,X]
[26,F,0.518848,00000010,51.8848,X]
[2,F,0.544242,11111000,54.4242,X]
[19,F,0.556937,00000100,55.6937,X]
[20,F,0.62432,00000100,62.432,X]
[3,F,0.639945,11111000,63.9945,X]
[27,F,0.640919,00000010,64.0919,X]
[28,F,0.643848,00000010,64.3848,X]
[21,F,0.643852,00000100,64.3852,X]
[29,F,0.649708,00000010,64.9708,X]
[14,F,0.690622,00001000,69.0622,X]
[30,F,0.748341,00000010,74.8341,X]
[4,F,0.749216,11110000,74.9216,X]
[35,F,0.818359,00000001,81.8359,X]
[10,F,0.830425,00100000,83.0425,X]
[5,F,0.839214,11000000,83.9214,X]
[11,F,0.858745,00100000,85.8745,X]
[22,F,0.859672,00000100,85.9672,X]
[15,F,0.910348,00001000,91.0348,X]
[6,F,0.919292,11000000,91.9292,X]
[12,F,0.941502,00010000,94.1502,X]
[7,F,0.953473,10000000,95.3473,X]
[13,F,0.973728,00010000,97.3728,X]
[8,F,0.977888,01000000,97.7888,X]
[36,F,0.981445,00000001,98.1445,X]
[16,F,0.984567,00001000,98.4567,X]
[17,F,0.98652,00001000,98.652,X]
[9,F,0.998395,01000000,99.8395,X]
GUIDE_TREE_PARTITION1=(((((((t1:7.68,t2:7.68):10.84,t3:18.52):1.49,t4:20.01):15.42,t5:35.43):29.97,t6:65.4):15.43,t7:80.83):19.17,t8:100);
