Taxa bit representation:
t1 10000000
t2 01000000
t3 00100000
t4 00010000
t5 00001000
t6 00000100
t7 00000010
t8 00000001
Clade List (<taxon members> = <clade name>): 

>Dataset_0
[91,F,0.00585938,00000001,0.585938,X]
[92,F,0.0458984,00000001,4.58984,X]
[0,F,0.0517578,11111110,5.17578,X]
[1,F,0.0527344,11111110,5.27344,X]
[2,F,0.0771484,11111110,7.71484,X]
[93,F,0.114258,00000001,11.4258,X]
[69,F,0.132472,00000010,13.2472,X]
[70,F,0.169581,00000010,16.9581,X]
[94,F,0.197266,00000001,19.7266,X]
[95,F,0.222656,00000001,22.2656,X]
[71,F,0.235988,00000010,23.5988,X]
[3,F,0.256495,11111100,25.6495,X]
[72,F,0.262355,00000010,26.2355,X]
[73,F,0.297511,00000010,29.7511,X]
[96,F,0.317383,00000001,31.7383,X]
[74,F,0.318995,00000010,31.8995,X]
[97,F,0.347656,00000001,34.7656,X]
[75,F,0.353175,00000010,35.3175,X]
[55,F,0.353886,00000100,35.3886,X]
[4,F,0.354863,11111000,35.4863,X]
[76,F,0.356105,00000010,35.6105,X]
[98,F,0.357422,00000001,35.7422,X]
[56,F,0.369511,00000100,36.9511,X]
[5,F,0.384277,11110000,38.4277,X]
[99,F,0.394531,00000001,39.4531,X]
[41,F,0.400878,00001000,40.0878,X]
[77,F,0.403956,00000010,40.3956,X]
[42,F,0.41455,00001000,41.455,X]
[78,F,0.419581,00000010,41.9581,X]
[100,F,0.442383,00000001,44.2383,X]
[43,F,0.44287,00001000,44.287,X]
[57,F,0.454472,00000100,45.4472,X]
[6,F,0.459472,11110000,45.9472,X]
[79,F,0.473292,00000010,47.3292,X]
[80,F,0.475245,00000010,47.5245,X]
[7,F,0.478027,11110000,47.8027,X]
[101,F,0.49707,00000001,49.707,X]
[44,F,0.520019,00001000,52.0019,X]
[8,F,0.525878,11110000,52.5878,X]
[45,F,0.533691,00001000,53.3691,X]
[58,F,0.556034,00000100,55.6034,X]
[59,F,0.557011,00000100,55.7011,X]
[102,F,0.576172,00000001,57.6172,X]
[29,F,0.598706,00010000,59.8706,X]
[30,F,0.601636,00010000,60.1636,X]
[60,F,0.6283,00000100,62.83,X]
[31,F,0.631909,00010000,63.1909,X]
[61,F,0.633183,00000100,63.3183,X]
[46,F,0.6333,00001000,63.33,X]
[32,F,0.634839,00010000,63.4839,X]
[33,F,0.643628,00010000,64.3628,X]
[103,F,0.650391,00000001,65.0391,X]
[104,F,0.671875,00000001,67.1875,X]
[47,F,0.677245,00001000,67.7245,X]
[62,F,0.6908,00000100,69.08,X]
[63,F,0.718144,00000100,71.8144,X]
[81,F,0.727198,00000010,72.7198,X]
[64,F,0.731816,00000100,73.1816,X]
[105,F,0.738281,00000001,73.8281,X]
[82,F,0.744777,00000010,74.4777,X]
[83,F,0.74673,00000010,74.673,X]
[106,F,0.751953,00000001,75.1953,X]
[48,F,0.75537,00001000,75.537,X]
[107,F,0.773438,00000001,77.3438,X]
[34,F,0.7823,00010000,78.23,X]
[108,F,0.796875,00000001,79.6875,X]
[35,F,0.797925,00010000,79.7925,X]
[109,F,0.806641,00000001,80.6641,X]
[110,F,0.810547,00000001,81.0547,X]
[49,F,0.811034,00001000,81.1034,X]
[36,F,0.818433,00010000,81.8433,X]
[9,F,0.823219,11000000,82.3219,X]
[65,F,0.834355,00000100,83.4355,X]
[37,F,0.835034,00010000,83.5034,X]
[111,F,0.836914,00000001,83.6914,X]
[21,F,0.837867,00100000,83.7867,X]
[50,F,0.840331,00001000,84.0331,X]
[16,F,0.843506,01000000,84.3506,X]
[84,F,0.856105,00000010,85.6105,X]
[51,F,0.856933,00001000,85.6933,X]
[52,F,0.864745,00001000,86.4745,X]
[38,F,0.865308,00010000,86.5308,X]
[10,F,0.868897,10000000,86.8897,X]
[39,F,0.869214,00010000,86.9214,X]
[11,F,0.872803,10000000,87.2803,X]
[22,F,0.873023,00100000,87.3023,X]
[23,F,0.874,00100000,87.4,X]
[85,F,0.877589,00000010,87.7589,X]
[112,F,0.880859,00000001,88.0859,X]
[17,F,0.883545,01000000,88.3545,X]
[24,F,0.890602,00100000,89.0602,X]
[53,F,0.892089,00001000,89.2089,X]
[25,F,0.896461,00100000,89.6461,X]
[18,F,0.898194,01000000,89.8194,X]
[40,F,0.898511,00010000,89.8511,X]
[54,F,0.904784,00001000,90.4784,X]
[66,F,0.90955,00000100,90.955,X]
[67,F,0.921269,00000100,92.1269,X]
[113,F,0.931641,00000001,93.1641,X]
[12,F,0.93335,10000000,93.335,X]
[86,F,0.936183,00000010,93.6183,X]
[87,F,0.937159,00000010,93.7159,X]
[114,F,0.939453,00000001,93.9453,X]
[13,F,0.946045,10000000,94.6045,X]
[26,F,0.946266,00100000,94.6266,X]
[14,F,0.949952,10000000,94.9952,X]
[88,F,0.954738,00000010,95.4737,X]
[27,F,0.957008,00100000,95.7008,X]
[15,F,0.963623,10000000,96.3623,X]
[19,F,0.968506,01000000,96.8506,X]
[115,F,0.970703,00000001,97.0703,X]
[20,F,0.976319,01000000,97.6319,X]
[116,F,0.977539,00000001,97.7539,X]
[28,F,0.980445,00100000,98.0445,X]
[89,F,0.981105,00000010,98.1105,X]
[90,F,0.986964,00000010,98.6964,X]
[68,F,0.996464,00000100,99.6464,X]
GUIDE_TREE_PARTITION1=(((((((t1:16.04,t2:16.04):2.81,t3:18.85):27.92,t4:46.77):14.9,t5:61.67):6.75,t6:68.42):19.7,t7:88.12):11.88,t8:100);
