Taxa bit representation:
t1 10000000
t2 01000000
t3 00100000
t4 00010000
t5 00001000
t6 00000100
t7 00000010
t8 00000001
Clade List (<taxon members> = <clade name>): 

>Dataset_0
[23,F,0.00878906,00001111,0.878906,X]
[0,F,0.0400391,11110000,4.00391,X]
[1,F,0.0888672,11110000,8.88672,X]
[36,F,0.0944531,00000011,9.44531,X]
[24,F,0.106172,00001100,10.6172,X]
[2,F,0.114258,11110000,11.4258,X]
[3,F,0.276367,11110000,27.6367,X]
[37,F,0.317109,00000011,31.7109,X]
[25,F,0.364961,00001100,36.4961,X]
[26,F,0.399141,00001100,39.9141,X]
[38,F,0.422578,00000011,42.2578,X]
[39,F,0.437227,00000011,43.7227,X]
[40,F,0.459688,00000011,45.9688,X]
[41,F,0.468477,00000011,46.8477,X]
[27,F,0.469453,00001100,46.9453,X]
[28,F,0.490938,00001100,49.0938,X]
[29,F,0.515352,00001100,51.5352,X]
[30,F,0.537813,00001100,53.7812,X]
[15,F,0.540569,00110000,54.0569,X]
[4,F,0.548381,11000000,54.8381,X]
[42,F,0.55832,00000011,55.832,X]
[16,F,0.564006,00110000,56.4006,X]
[43,F,0.576875,00000011,57.6875,X]
[17,F,0.620647,00110000,62.0647,X]
[31,F,0.642305,00001100,64.2305,X]
[32,F,0.673555,00001100,67.3555,X]
[47,F,0.682909,00000001,68.2909,X]
[5,F,0.688622,10000000,68.8622,X]
[44,F,0.70537,00000010,70.537,X]
[20,F,0.708612,00010000,70.8612,X]
[11,F,0.74038,01000000,74.038,X]
[21,F,0.741816,00010000,74.1816,X]
[12,F,0.762841,01000000,76.2841,X]
[6,F,0.763817,10000000,76.3817,X]
[7,F,0.785302,10000000,78.5302,X]
[48,F,0.794238,00000001,79.4237,X]
[33,F,0.819063,00001100,81.9062,X]
[22,F,0.819941,00010000,81.9941,X]
[45,F,0.820605,00000010,82.0605,X]
[8,F,0.827294,10000000,82.7294,X]
[34,F,0.833711,00001100,83.3711,X]
[13,F,0.851708,01000000,85.1708,X]
[49,F,0.869433,00000001,86.9433,X]
[9,F,0.891747,10000000,89.1747,X]
[46,F,0.903613,00000010,90.3612,X]
[18,F,0.907831,00100000,90.7831,X]
[14,F,0.916161,01000000,91.6161,X]
[35,F,0.920683,00001000,92.0683,X]
[19,F,0.937128,00100000,93.7128,X]
[10,F,0.944481,10000000,94.4481,X]
[50,F,0.966113,00000001,96.6112,X]
GUIDE_TREE_PARTITION1=(((t1:35.63,t2:35.63):20.86,(t3:36.17,t4:36.17):20.32):43.51,((t5:14.67,t6:14.67):76.08,(t7:41.67,t8:41.67):49.08):9.25);
