Taxa bit representation:
t1 10000000
t2 01000000
t3 00100000
t4 00010000
t5 00001000
t6 00000100
t7 00000010
t8 00000001
Clade List (<taxon members> = <clade name>): 

>Dataset_0
[0,F,0.0078125,11111100,0.78125,X]
[24,F,0.0400391,00000011,4.00391,X]
[25,F,0.0429688,00000011,4.29688,X]
[26,F,0.0683594,00000011,6.83594,X]
[1,F,0.239258,11111100,23.9258,X]
[27,F,0.243164,00000011,24.3164,X]
[28,F,0.25,00000011,25,X]
[29,F,0.297809,00000010,29.7809,X]
[30,F,0.338825,00000010,33.8825,X]
[32,F,0.353473,00000001,35.3473,X]
[2,F,0.445312,11111100,44.5312,X]
[3,F,0.459961,11111100,45.9961,X]
[33,F,0.518512,00000001,51.8512,X]
[4,F,0.538086,11111100,53.8086,X]
[34,F,0.572223,00000001,57.2223,X]
[35,F,0.583942,00000001,58.3942,X]
[5,F,0.589844,11111100,58.9844,X]
[31,F,0.597614,00000010,59.7614,X]
[15,F,0.640686,00001100,64.0686,X]
[6,F,0.664123,11110000,66.4123,X]
[36,F,0.680622,00000001,68.0622,X]
[7,F,0.685608,11110000,68.5608,X]
[16,F,0.710998,00001100,71.0998,X]
[20,F,0.752089,00000100,75.2089,X]
[37,F,0.759723,00000001,75.9723,X]
[8,F,0.766663,11110000,76.6663,X]
[38,F,0.792927,00000001,79.2927,X]
[17,F,0.801894,00001000,80.1894,X]
[12,F,0.857466,00010000,85.7466,X]
[9,F,0.858442,11100000,85.8442,X]
[18,F,0.8683,00001000,86.83,X]
[19,F,0.878066,00001000,87.8066,X]
[13,F,0.888716,00010000,88.8716,X]
[21,F,0.897597,00000100,89.7597,X]
[22,F,0.90248,00000100,90.248,X]
[39,F,0.923786,00000001,92.3786,X]
[40,F,0.944294,00000001,94.4294,X]
[10,F,0.950125,11000000,95.0125,X]
[23,F,0.952284,00000100,95.2284,X]
[11,F,0.970355,10000000,97.0355,X]
[14,F,0.983442,00010000,98.3442,X]
GUIDE_TREE_PARTITION1=(((((t1:4.82,t2:4.82):1.73,t3:6.55):8.68,t4:15.23):24.51,(t5:25.67,t6:25.67):14.07):60.26,(t7:73.93,t8:73.93):26.07);
