Taxa bit representation:
t1 10000000
t2 01000000
t3 00100000
t4 00010000
t5 00001000
t6 00000100
t7 00000010
t8 00000001
Clade List (<taxon members> = <clade name>): 

>Dataset_0
[0,F,0.416059,11100000,41.6059,X]
[13,F,0.428611,00000010,42.8611,X]
[14,F,0.432517,00000010,43.2517,X]
[9,F,0.49863,00001000,49.863,X]
[1,F,0.572069,10000000,57.2069,X]
[17,F,0.591697,00000001,59.1697,X]
[18,F,0.645408,00000001,64.5408,X]
[4,F,0.707811,01000000,70.7811,X]
[19,F,0.763572,00000001,76.3572,X]
[10,F,0.768161,00001000,76.8161,X]
[15,F,0.78408,00000010,78.408,X]
[8,F,0.803755,00010000,80.3755,X]
[20,F,0.822166,00000001,82.2166,X]
[7,F,0.855169,00100000,85.5169,X]
[2,F,0.892381,10000000,89.2381,X]
[11,F,0.910739,00001000,91.0739,X]
[16,F,0.914939,00000010,91.4939,X]
[5,F,0.957811,01000000,95.7811,X]
[6,F,0.959764,01000000,95.9764,X]
[12,F,0.962497,00001000,96.2497,X]
[3,F,0.968553,10000000,96.8553,X]
GUIDE_TREE_PARTITION1=(((((t1:47.09,t2:47.09):9.19,t3:56.28):8.95,t4:65.23):19.4,(t5:50.43,t6:50.43):34.2):15.37,(t7:81.26,t8:81.26):18.74);
