Taxa bit representation:
t1 10000000
t2 01000000
t3 00100000
t4 00010000
t5 00001000
t6 00000100
t7 00000010
t8 00000001
Clade List (<taxon members> = <clade name>): 

>Dataset_0
[109,F,0.0107422,00000001,1.07422,X]
[110,F,0.0595703,00000001,5.95703,X]
[111,F,0.078125,00000001,7.8125,X]
[112,F,0.0849609,00000001,8.49609,X]
[81,F,0.109656,00000010,10.9656,X]
[113,F,0.112305,00000001,11.2305,X]
[57,F,0.153108,00000100,15.3108,X]
[58,F,0.159944,00000100,15.9944,X]
[59,F,0.174592,00000100,17.4592,X]
[82,F,0.177039,00000010,17.7039,X]
[60,F,0.177522,00000100,17.7522,X]
[61,F,0.180452,00000100,18.0452,X]
[0,F,0.187287,11111000,18.7287,X]
[62,F,0.19217,00000100,19.217,X]
[83,F,0.200477,00000010,20.0477,X]
[63,F,0.207795,00000100,20.7795,X]
[84,F,0.251258,00000010,25.1258,X]
[1,F,0.259553,11111000,25.9553,X]
[64,F,0.266389,00000100,26.6389,X]
[85,F,0.267859,00000010,26.7859,X]
[2,F,0.270295,11111000,27.0295,X]
[86,F,0.274695,00000010,27.4695,X]
[65,F,0.287873,00000100,28.7873,X]
[66,F,0.303498,00000100,30.3498,X]
[87,F,0.320594,00000010,32.0594,X]
[88,F,0.343055,00000010,34.3055,X]
[89,F,0.350867,00000010,35.0867,X]
[114,F,0.401367,00000001,40.1367,X]
[67,F,0.425569,00000100,42.5569,X]
[3,F,0.43023,11110000,43.023,X]
[68,F,0.441194,00000100,44.1194,X]
[43,F,0.445855,00001000,44.5855,X]
[69,F,0.455842,00000100,45.5842,X]
[70,F,0.463655,00000100,46.3655,X]
[115,F,0.46582,00000001,46.582,X]
[33,F,0.468755,00010000,46.8755,X]
[4,F,0.468755,11100000,46.8755,X]
[116,F,0.47168,00000001,47.168,X]
[71,F,0.481233,00000100,48.1233,X]
[90,F,0.506141,00000010,50.6141,X]
[44,F,0.506402,00001000,50.6402,X]
[72,F,0.509553,00000100,50.9553,X]
[34,F,0.5127,00010000,51.27,X]
[35,F,0.520512,00010000,52.0512,X]
[73,F,0.527131,00000100,52.7131,X]
[117,F,0.53418,00000001,53.418,X]
[91,F,0.536414,00000010,53.6414,X]
[36,F,0.540044,00010000,54.0044,X]
[5,F,0.54395,11100000,54.395,X]
[118,F,0.546875,00000001,54.6875,X]
[119,F,0.555664,00000001,55.5664,X]
[6,F,0.566411,11100000,56.6411,X]
[92,F,0.583289,00000010,58.3289,X]
[7,F,0.584966,11100000,58.4966,X]
[74,F,0.587678,00000100,58.7678,X]
[120,F,0.587891,00000001,58.7891,X]
[75,F,0.626741,00000100,62.6741,X]
[76,F,0.637483,00000100,63.7483,X]
[93,F,0.63993,00000010,63.993,X]
[94,F,0.644812,00000010,64.4812,X]
[95,F,0.651648,00000010,65.1648,X]
[45,F,0.655816,00001000,65.5816,X]
[22,F,0.677739,00100000,67.7739,X]
[23,F,0.682622,00100000,68.2622,X]
[96,F,0.686805,00000010,68.6805,X]
[97,F,0.689734,00000010,68.9734,X]
[98,F,0.694617,00000010,69.4617,X]
[46,F,0.701714,00001000,70.1714,X]
[37,F,0.702153,00010000,70.2153,X]
[47,F,0.704644,00001000,70.4644,X]
[77,F,0.704866,00000100,70.4866,X]
[121,F,0.713867,00000001,71.3867,X]
[48,F,0.714409,00001000,71.4409,X]
[24,F,0.720708,00100000,72.0708,X]
[99,F,0.729773,00000010,72.9773,X]
[78,F,0.735139,00000100,73.5139,X]
[122,F,0.736328,00000001,73.6328,X]
[49,F,0.748589,00001000,74.8589,X]
[100,F,0.758094,00000010,75.8094,X]
[8,F,0.766606,11000000,76.6606,X]
[25,F,0.770512,00100000,77.0512,X]
[79,F,0.783967,00000100,78.3967,X]
[26,F,0.787114,00100000,78.7114,X]
[101,F,0.794227,00000010,79.4227,X]
[102,F,0.79618,00000010,79.618,X]
[38,F,0.797856,00010000,79.7856,X]
[123,F,0.798828,00000001,79.8828,X]
[124,F,0.802734,00000001,80.2734,X]
[50,F,0.804253,00001000,80.4253,X]
[125,F,0.813477,00000001,81.3477,X]
[27,F,0.813481,00100000,81.3481,X]
[9,F,0.824223,11000000,82.4223,X]
[10,F,0.826177,11000000,82.6177,X]
[28,F,0.830083,00100000,83.0083,X]
[29,F,0.833989,00100000,83.3989,X]
[11,F,0.834966,11000000,83.4966,X]
[30,F,0.843755,00100000,84.3755,X]
[12,F,0.854155,10000000,85.4155,X]
[18,F,0.854155,01000000,85.4155,X]
[13,F,0.857084,10000000,85.7084,X]
[126,F,0.858398,00000001,85.8398,X]
[39,F,0.863286,00010000,86.3286,X]
[40,F,0.864262,00010000,86.4262,X]
[19,F,0.864897,01000000,86.4897,X]
[103,F,0.865516,00000010,86.5516,X]
[51,F,0.866753,00001000,86.6753,X]
[52,F,0.873589,00001000,87.3589,X]
[104,F,0.876258,00000010,87.6258,X]
[53,F,0.876519,00001000,87.6519,X]
[105,F,0.881141,00000010,88.1141,X]
[54,F,0.881402,00001000,88.1402,X]
[14,F,0.881498,10000000,88.1498,X]
[41,F,0.881841,00010000,88.1841,X]
[127,F,0.882812,00000001,88.2812,X]
[42,F,0.886723,00010000,88.6723,X]
[15,F,0.887358,10000000,88.7358,X]
[80,F,0.888459,00000100,88.8459,X]
[16,F,0.8981,10000000,89.81,X]
[128,F,0.910156,00000001,91.0156,X]
[20,F,0.916655,01000000,91.6655,X]
[55,F,0.920464,00001000,92.0464,X]
[31,F,0.943364,00100000,94.3364,X]
[17,F,0.945952,10000000,94.5952,X]
[32,F,0.949223,00100000,94.9223,X]
[106,F,0.951453,00000010,95.1453,X]
[107,F,0.965125,00000010,96.5125,X]
[129,F,0.967773,00000001,96.7773,X]
[56,F,0.968316,00001000,96.8316,X]
[21,F,0.986967,01000000,98.6967,X]
[108,F,0.990516,00000010,99.0516,X]
GUIDE_TREE_PARTITION1=(((((((t1:16.44,t2:16.44):19.79,t3:36.23):18.75,t4:54.98):2.29,t5:57.27):29.47,t6:86.74):5.81,t7:92.55):7.45,t8:100);
