Taxa bit representation:
t1 10000000
t2 01000000
t3 00100000
t4 00010000
t5 00001000
t6 00000100
t7 00000010
t8 00000001
Clade List (<taxon members> = <clade name>): 

>Dataset_0
[29,F,0.139648,00001111,13.9648,X]
[30,F,0.150391,00001111,15.0391,X]
[12,F,0.231442,00110000,23.1442,X]
[0,F,0.25488,11000000,25.488,X]
[13,F,0.316403,00110000,31.6403,X]
[1,F,0.358395,11000000,35.8395,X]
[38,F,0.371609,00000011,37.1609,X]
[2,F,0.373044,11000000,37.3044,X]
[3,F,0.382809,11000000,38.2809,X]
[14,F,0.40527,00110000,40.527,X]
[4,F,0.460934,11000000,46.0934,X]
[31,F,0.468289,00001100,46.8289,X]
[21,F,0.475255,00010000,47.5255,X]
[15,F,0.477208,00100000,47.7208,X]
[22,F,0.497716,00010000,49.7716,X]
[23,F,0.510411,00010000,51.0411,X]
[32,F,0.514188,00001100,51.4188,X]
[16,F,0.536778,00100000,53.6778,X]
[17,F,0.559239,00100000,55.9239,X]
[24,F,0.58463,00010000,58.463,X]
[18,F,0.627598,00100000,62.7598,X]
[33,F,0.656766,00001100,65.6766,X]
[5,F,0.66113,11000000,66.113,X]
[6,F,0.759763,11000000,75.9763,X]
[25,F,0.779942,00010000,77.9942,X]
[39,F,0.783719,00000011,78.3719,X]
[40,F,0.833523,00000011,83.3523,X]
[41,F,0.835477,00000011,83.5477,X]
[42,F,0.838406,00000011,83.8406,X]
[19,F,0.843419,00100000,84.3419,X]
[26,F,0.86295,00010000,86.295,X]
[7,F,0.881833,11000000,88.1833,X]
[8,F,0.902341,11000000,90.2341,X]
[34,F,0.923367,00001100,92.3367,X]
[20,F,0.924473,00100000,92.4473,X]
[9,F,0.944333,11000000,94.4333,X]
[35,F,0.944852,00001100,94.4852,X]
[27,F,0.970372,00010000,97.0372,X]
[10,F,0.974861,10000000,97.4861,X]
[36,F,0.975125,00001100,97.5125,X]
[28,F,0.99088,00010000,99.088,X]
[37,F,0.995708,00000100,99.5708,X]
[11,F,0.998298,10000000,99.8298,X]
GUIDE_TREE_PARTITION1=(((t1:4.76,t2:4.76):79.42,(t3:54.33,t4:54.33):29.85):15.82,((t5:2.48,t6:2.48):70.32,(t7:10,t8:10):62.8):27.2);
