Taxa bit representation:
t1 10000000
t2 01000000
t3 00100000
t4 00010000
t5 00001000
t6 00000100
t7 00000010
t8 00000001
Clade List (<taxon members> = <clade name>): 

>Dataset_0
[0,F,0.00292969,11111100,0.292969,X]
[1,F,0.0195312,11111100,1.95312,X]
[2,F,0.0224609,11111100,2.24609,X]
[117,F,0.0712891,00000011,7.12891,X]
[139,F,0.100897,00000001,10.0897,X]
[140,F,0.116522,00000001,11.6522,X]
[75,F,0.117359,00001100,11.7359,X]
[3,F,0.117359,11110000,11.7359,X]
[76,F,0.14568,00001100,14.568,X]
[77,F,0.147633,00001100,14.7633,X]
[141,F,0.156561,00000001,15.6561,X]
[78,F,0.162281,00001100,16.2281,X]
[4,F,0.17107,11110000,17.107,X]
[118,F,0.171209,00000010,17.1209,X]
[119,F,0.212225,00000010,21.2225,X]
[53,F,0.237636,00010000,23.7636,X]
[54,F,0.250331,00010000,25.0331,X]
[5,F,0.255214,11100000,25.5214,X]
[142,F,0.258123,00000001,25.8123,X]
[79,F,0.266773,00001100,26.6773,X]
[80,F,0.269703,00001100,26.9703,X]
[6,F,0.272792,11100000,27.2792,X]
[55,F,0.299159,00010000,29.9159,X]
[120,F,0.303045,00000010,30.3045,X]
[7,F,0.309902,11100000,30.9902,X]
[8,F,0.314784,11100000,31.4784,X]
[56,F,0.316737,00010000,31.6737,X]
[81,F,0.33318,00001100,33.318,X]
[82,F,0.340016,00001100,34.0016,X]
[83,F,0.344898,00001100,34.4898,X]
[143,F,0.346991,00000001,34.6991,X]
[144,F,0.348944,00000001,34.8944,X]
[145,F,0.350897,00000001,35.0897,X]
[121,F,0.35285,00000010,35.285,X]
[84,F,0.359072,00001000,35.9072,X]
[57,F,0.365566,00010000,36.5566,X]
[122,F,0.370428,00000010,37.0428,X]
[9,F,0.385097,11100000,38.5097,X]
[85,F,0.389345,00001000,38.9345,X]
[86,F,0.391298,00001000,39.1298,X]
[146,F,0.398748,00000001,39.8748,X]
[107,F,0.402041,00000100,40.2041,X]
[87,F,0.427431,00001000,42.7431,X]
[88,F,0.428408,00001000,42.8408,X]
[123,F,0.432928,00000010,43.2928,X]
[58,F,0.432948,00010000,43.2948,X]
[108,F,0.438173,00000100,43.8173,X]
[124,F,0.439764,00000010,43.9764,X]
[147,F,0.462225,00000001,46.2225,X]
[59,F,0.463222,00010000,46.3222,X]
[148,F,0.467108,00000001,46.7108,X]
[60,F,0.467128,00010000,46.7128,X]
[149,F,0.473944,00000001,47.3944,X]
[23,F,0.482661,01000000,48.2661,X]
[109,F,0.484072,00000100,48.4072,X]
[125,F,0.501287,00000010,50.1287,X]
[10,F,0.517817,10000000,51.7817,X]
[43,F,0.518014,00100000,51.8014,X]
[126,F,0.518866,00000010,51.8866,X]
[61,F,0.518886,00010000,51.8886,X]
[127,F,0.519842,00000010,51.9842,X]
[128,F,0.520819,00000010,52.0819,X]
[129,F,0.522772,00000010,52.2772,X]
[130,F,0.526678,00000010,52.6678,X]
[44,F,0.529733,00100000,52.9733,X]
[150,F,0.530584,00000001,53.0584,X]
[24,F,0.532466,01000000,53.2466,X]
[89,F,0.553408,00001000,55.3408,X]
[110,F,0.555361,00000100,55.5361,X]
[25,F,0.55688,01000000,55.688,X]
[45,F,0.558053,00100000,55.8053,X]
[11,F,0.566645,10000000,56.6645,X]
[12,F,0.568598,10000000,56.8598,X]
[151,F,0.570623,00000001,57.0623,X]
[62,F,0.572597,00010000,57.2597,X]
[26,F,0.573481,01000000,57.3481,X]
[27,F,0.584223,01000000,58.4223,X]
[152,F,0.590155,00000001,59.0155,X]
[153,F,0.595037,00000001,59.5037,X]
[90,F,0.610048,00001000,61.0048,X]
[63,F,0.612636,00010000,61.2636,X]
[64,F,0.614589,00010000,61.4589,X]
[154,F,0.617498,00000001,61.7498,X]
[28,F,0.620356,01000000,62.0356,X]
[13,F,0.624262,10000000,62.4262,X]
[46,F,0.640084,00100000,64.0084,X]
[65,F,0.640956,00010000,64.0956,X]
[91,F,0.641298,00001000,64.1298,X]
[92,F,0.644228,00001000,64.4228,X]
[93,F,0.651064,00001000,65.1064,X]
[29,F,0.657466,01000000,65.7466,X]
[155,F,0.659491,00000001,65.9491,X]
[66,F,0.662441,00010000,66.2441,X]
[94,F,0.669619,00001000,66.9619,X]
[95,F,0.675478,00001000,67.5478,X]
[47,F,0.687936,00100000,68.7936,X]
[131,F,0.690741,00000010,69.0741,X]
[96,F,0.69208,00001000,69.208,X]
[67,F,0.698573,00010000,69.8573,X]
[111,F,0.701845,00000100,70.1845,X]
[97,F,0.701845,00001000,70.1845,X]
[30,F,0.703364,01000000,70.3364,X]
[132,F,0.711248,00000010,71.1248,X]
[98,F,0.711611,00001000,71.1611,X]
[31,F,0.718012,01000000,71.8012,X]
[14,F,0.730708,10000000,73.0708,X]
[68,F,0.7308,00010000,73.08,X]
[156,F,0.732733,00000001,73.2733,X]
[32,F,0.74438,01000000,74.438,X]
[15,F,0.748286,10000000,74.8286,X]
[33,F,0.748286,01000000,74.8286,X]
[99,F,0.74872,00001000,74.872,X]
[157,F,0.750311,00000001,75.0311,X]
[133,F,0.7591,00000010,75.91,X]
[100,F,0.759462,00001000,75.9462,X]
[34,F,0.765864,01000000,76.5864,X]
[69,F,0.767909,00010000,76.7909,X]
[101,F,0.773134,00001000,77.3134,X]
[35,F,0.773677,01000000,77.3677,X]
[112,F,0.774111,00000100,77.4111,X]
[70,F,0.783534,00010000,78.3534,X]
[48,F,0.786569,00100000,78.6569,X]
[134,F,0.789373,00000010,78.9373,X]
[158,F,0.791327,00000001,79.1327,X]
[71,F,0.79623,00010000,79.623,X]
[49,F,0.798287,00100000,79.8287,X]
[102,F,0.807314,00001000,80.7314,X]
[16,F,0.822505,10000000,82.2505,X]
[135,F,0.828436,00000010,82.8436,X]
[36,F,0.834223,01000000,83.4223,X]
[50,F,0.839303,00100000,83.9303,X]
[17,F,0.874262,10000000,87.4262,X]
[159,F,0.877264,00000001,87.7264,X]
[103,F,0.886416,00001000,88.6416,X]
[160,F,0.889959,00000001,88.9959,X]
[37,F,0.890864,01000000,89.0864,X]
[136,F,0.894842,00000010,89.4842,X]
[113,F,0.902041,00000100,90.2041,X]
[72,F,0.903652,00010000,90.3652,X]
[114,F,0.903994,00000100,90.3994,X]
[38,F,0.906489,01000000,90.6489,X]
[161,F,0.914373,00000001,91.4373,X]
[18,F,0.915278,10000000,91.5278,X]
[104,F,0.916689,00001000,91.6689,X]
[51,F,0.919381,00100000,91.9381,X]
[162,F,0.920233,00000001,92.0233,X]
[163,F,0.925116,00000001,92.5116,X]
[105,F,0.932314,00001000,93.2314,X]
[39,F,0.936762,01000000,93.6762,X]
[137,F,0.937811,00000010,93.7811,X]
[52,F,0.937936,00100000,93.7936,X]
[164,F,0.939764,00000001,93.9764,X]
[40,F,0.943598,01000000,94.3598,X]
[19,F,0.947505,10000000,94.7505,X]
[41,F,0.949458,01000000,94.9458,X]
[73,F,0.951503,00010000,95.1503,X]
[115,F,0.954775,00000100,95.4775,X]
[20,F,0.962153,10000000,96.2153,X]
[138,F,0.967108,00000010,96.7108,X]
[74,F,0.974941,00010000,97.4941,X]
[21,F,0.976802,10000000,97.6802,X]
[106,F,0.982119,00001000,98.2119,X]
[22,F,0.986567,10000000,98.6567,X]
[42,F,0.996333,01000000,99.6333,X]
[116,F,0.996767,00000100,99.6767,X]
GUIDE_TREE_PARTITION1=(((((t1:53.98,t2:53.98):2.91,t3:56.89):20.03,t4:76.92):18.18,(t5:65.46,t6:65.46):29.64):4.9,(t7:92.84,t8:92.84):7.16);
