Taxa bit representation:
t1 10000000
t2 01000000
t3 00100000
t4 00010000
t5 00001000
t6 00000100
t7 00000010
t8 00000001
Clade List (<taxon members> = <clade name>): 

>Dataset_0
[0,F,0.0927734,11111110,9.27734,X]
[1,F,0.24432,11111100,24.432,X]
[17,F,0.258442,00000100,25.8442,X]
[22,F,0.315609,00000010,31.5609,X]
[28,F,0.371094,00000001,37.1094,X]
[2,F,0.42838,11110000,42.838,X]
[18,F,0.443989,00000100,44.3989,X]
[19,F,0.457661,00000100,45.7661,X]
[23,F,0.480648,00000010,48.0648,X]
[24,F,0.522641,00000010,52.2641,X]
[29,F,0.538086,00000001,53.8086,X]
[8,F,0.574048,00010000,57.4048,X]
[9,F,0.594556,00010000,59.4556,X]
[10,F,0.605298,00010000,60.5298,X]
[13,F,0.64127,00001000,64.127,X]
[20,F,0.643208,00000100,64.3208,X]
[11,F,0.679517,00010000,67.9517,X]
[25,F,0.697445,00000010,69.7445,X]
[14,F,0.713536,00001000,71.3536,X]
[3,F,0.716592,11000000,71.6592,X]
[30,F,0.736328,00000001,73.6328,X]
[15,F,0.788731,00001000,78.8731,X]
[31,F,0.791992,00000001,79.1992,X]
[4,F,0.850698,10000000,85.0698,X]
[26,F,0.878109,00000010,87.8109,X]
[16,F,0.899083,00001000,89.9083,X]
[32,F,0.90332,00000001,90.332,X]
[6,F,0.907339,01000000,90.7339,X]
[12,F,0.932447,00010000,93.2447,X]
[5,F,0.955191,10000000,95.5191,X]
[7,F,0.959756,00100000,95.9756,X]
[27,F,0.96307,00000010,96.307,X]
[21,F,0.971333,00000100,97.1333,X]
[33,F,0.978516,00000001,97.8516,X]
GUIDE_TREE_PARTITION1=(((((((t1:19.52,t2:19.52):31.77,t3:51.29):5.27,t4:56.56):10.27,t5:66.83):8.4,t6:75.23):9.42,t7:84.65):15.35,t8:100);
