Taxa bit representation:
t1 10000000
t2 01000000
t3 00100000
t4 00010000
t5 00001000
t6 00000100
t7 00000010
t8 00000001
Clade List (<taxon members> = <clade name>): 

>Dataset_0
[0,F,0.0263672,11111100,2.63672,X]
[1,F,0.106445,11111100,10.6445,X]
[2,F,0.110352,11111100,11.0352,X]
[3,F,0.12793,11111100,12.793,X]
[89,F,0.168945,00000011,16.8945,X]
[4,F,0.182559,11110000,18.2559,X]
[5,F,0.192325,11110000,19.2325,X]
[77,F,0.205759,00000100,20.5759,X]
[6,F,0.228458,11110000,22.8458,X]
[60,F,0.23408,00001000,23.408,X]
[61,F,0.283884,00001000,28.3884,X]
[7,F,0.288028,11110000,28.8028,X]
[78,F,0.298533,00000100,29.8533,X]
[62,F,0.3249,00001000,32.49,X]
[90,F,0.360352,00000011,36.0352,X]
[91,F,0.363281,00000011,36.3281,X]
[8,F,0.373966,11110000,37.3966,X]
[79,F,0.382517,00000100,38.2517,X]
[92,F,0.386719,00000011,38.6719,X]
[63,F,0.401072,00001000,40.1072,X]
[64,F,0.405955,00001000,40.5955,X]
[93,F,0.412109,00000011,41.2109,X]
[9,F,0.412495,11100000,41.2495,X]
[65,F,0.413767,00001000,41.3767,X]
[66,F,0.426463,00001000,42.6463,X]
[46,F,0.42812,00010000,42.812,X]
[94,F,0.429688,00000011,42.9688,X]
[32,F,0.433466,00100000,43.3466,X]
[67,F,0.442088,00001000,44.2088,X]
[47,F,0.448628,00010000,44.8628,X]
[95,F,0.451172,00000011,45.1172,X]
[96,F,0.453125,00000011,45.3125,X]
[33,F,0.456903,00100000,45.6903,X]
[10,F,0.459833,11000000,45.9833,X]
[34,F,0.470575,00100000,47.0575,X]
[80,F,0.474314,00000100,47.4314,X]
[48,F,0.474995,00010000,47.4995,X]
[81,F,0.47822,00000100,47.822,X]
[97,F,0.479492,00000011,47.9492,X]
[49,F,0.481831,00010000,48.1831,X]
[68,F,0.494822,00001000,49.4822,X]
[98,F,0.5,00000011,50,X]
[69,F,0.501658,00001000,50.1658,X]
[82,F,0.506541,00000100,50.6541,X]
[11,F,0.507684,11000000,50.7684,X]
[99,F,0.507812,00000011,50.7812,X]
[50,F,0.519917,00010000,51.9917,X]
[35,F,0.525262,00100000,52.5262,X]
[12,F,0.536005,11000000,53.6005,X]
[83,F,0.541697,00000100,54.1697,X]
[100,F,0.546875,00000011,54.6875,X]
[84,F,0.549509,00000100,54.9509,X]
[101,F,0.574219,00000011,57.4219,X]
[102,F,0.583008,00000011,58.3008,X]
[103,F,0.585938,00000011,58.5938,X]
[70,F,0.597361,00001000,59.7361,X]
[36,F,0.605341,00100000,60.5341,X]
[13,F,0.613153,11000000,61.3153,X]
[51,F,0.62148,00010000,62.148,X]
[37,F,0.623895,00100000,62.3895,X]
[38,F,0.630731,00100000,63.0731,X]
[71,F,0.632517,00001000,63.2517,X]
[52,F,0.638081,00010000,63.8081,X]
[72,F,0.644236,00001000,64.4236,X]
[85,F,0.649119,00000100,64.9119,X]
[39,F,0.655145,00100000,65.5145,X]
[14,F,0.671747,11000000,67.1747,X]
[53,F,0.695698,00010000,69.5698,X]
[104,F,0.697266,00000011,69.7266,X]
[15,F,0.720406,10000000,72.0406,X]
[73,F,0.735056,00001000,73.5056,X]
[54,F,0.735737,00010000,73.5737,X]
[40,F,0.741083,00100000,74.1083,X]
[55,F,0.74648,00010000,74.648,X]
[105,F,0.749023,00000011,74.9023,X]
[106,F,0.754883,00000011,75.4883,X]
[25,F,0.756539,01000000,75.6539,X]
[74,F,0.757517,00001000,75.7517,X]
[56,F,0.764058,00010000,76.4058,X]
[16,F,0.764352,10000000,76.4352,X]
[57,F,0.765034,00010000,76.5034,X]
[86,F,0.767283,00000100,76.7283,X]
[26,F,0.770211,01000000,77.0211,X]
[107,F,0.77832,00000011,77.832,X]
[17,F,0.78193,10000000,78.193,X]
[108,F,0.792969,00000011,79.2969,X]
[27,F,0.794625,01000000,79.4625,X]
[109,F,0.794922,00000011,79.4922,X]
[18,F,0.797555,10000000,79.7555,X]
[19,F,0.804391,10000000,80.4391,X]
[20,F,0.830758,10000000,83.0758,X]
[110,F,0.839019,00000010,83.9019,X]
[41,F,0.841669,00100000,84.1669,X]
[111,F,0.85562,00000010,85.562,X]
[42,F,0.857294,00100000,85.7294,X]
[58,F,0.860737,00010000,86.0737,X]
[21,F,0.862984,10000000,86.2984,X]
[117,F,0.863433,00000001,86.3433,X]
[87,F,0.865916,00000100,86.5916,X]
[28,F,0.87275,01000000,87.275,X]
[118,F,0.873198,00000001,87.3198,X]
[22,F,0.877633,10000000,87.7633,X]
[75,F,0.879587,00001000,87.9587,X]
[112,F,0.885894,00000010,88.5894,X]
[29,F,0.892281,01000000,89.2281,X]
[43,F,0.896356,00100000,89.6356,X]
[113,F,0.896636,00000010,89.6636,X]
[76,F,0.897166,00001000,89.7166,X]
[44,F,0.901239,00100000,90.1239,X]
[45,F,0.903192,00100000,90.3192,X]
[119,F,0.909331,00000001,90.9331,X]
[23,F,0.914742,10000000,91.4742,X]
[120,F,0.915191,00000001,91.5191,X]
[88,F,0.927439,00000100,92.7439,X]
[121,F,0.940581,00000001,94.0581,X]
[114,F,0.942534,00000010,94.2534,X]
[30,F,0.945992,01000000,94.5992,X]
[24,F,0.945992,10000000,94.5992,X]
[115,F,0.947417,00000010,94.7417,X]
[122,F,0.950347,00000001,95.0347,X]
[59,F,0.956441,00010000,95.6441,X]
[31,F,0.961617,01000000,96.1617,X]
[123,F,0.965972,00000001,96.5972,X]
[124,F,0.969878,00000001,96.9878,X]
[116,F,0.989409,00000010,98.9409,X]
GUIDE_TREE_PARTITION1=(((((t1:28.35,t2:28.35):29.28,t3:57.63):2.39,t4:60.02):22.31,(t5:80.01,t6:80.01):2.32):17.67,(t7:17.27,t8:17.27):82.73);
