Taxa bit representation:
t1 10000000
t2 01000000
t3 00100000
t4 00010000
t5 00001000
t6 00000100
t7 00000010
t8 00000001
Clade List (<taxon members> = <clade name>): 

>Dataset_0
[97,F,0.0400391,00000001,4.00391,X]
[0,F,0.0562594,11111100,5.62594,X]
[1,F,0.0640719,11111100,6.40719,X]
[70,F,0.0738375,00000010,7.38375,X]
[98,F,0.0751953,00000001,7.51953,X]
[99,F,0.0986328,00000001,9.86328,X]
[100,F,0.105469,00000001,10.5469,X]
[49,F,0.122059,00000100,12.2059,X]
[71,F,0.126572,00000010,12.6572,X]
[101,F,0.147461,00000001,14.7461,X]
[102,F,0.150391,00000001,15.0391,X]
[50,F,0.151356,00000100,15.1356,X]
[51,F,0.165028,00000100,16.5028,X]
[72,F,0.166611,00000010,16.6611,X]
[2,F,0.174794,11111000,17.4794,X]
[3,F,0.17577,11111000,17.577,X]
[103,F,0.192383,00000001,19.2383,X]
[73,F,0.212509,00000010,21.2509,X]
[4,F,0.226552,11111000,22.6552,X]
[74,F,0.244736,00000010,24.4736,X]
[104,F,0.245117,00000001,24.5117,X]
[52,F,0.257802,00000100,25.7802,X]
[5,F,0.263661,11111000,26.3661,X]
[75,F,0.278916,00000010,27.8916,X]
[105,F,0.282227,00000001,28.2227,X]
[6,F,0.283172,11110000,28.3172,X]
[30,F,0.321258,00001000,32.1258,X]
[31,F,0.333953,00001000,33.3953,X]
[32,F,0.345672,00001000,34.5672,X]
[76,F,0.348252,00000010,34.8252,X]
[7,F,0.349578,11110000,34.9578,X]
[33,F,0.362273,00001000,36.2273,X]
[77,F,0.377548,00000010,37.7548,X]
[8,F,0.387664,11110000,38.7664,X]
[34,F,0.395477,00001000,39.5477,X]
[106,F,0.398438,00000001,39.8438,X]
[9,F,0.400359,11110000,40.0359,X]
[35,F,0.402312,00001000,40.2312,X]
[78,F,0.402939,00000010,40.2939,X]
[79,F,0.409775,00000010,40.9775,X]
[10,F,0.410125,11110000,41.0125,X]
[80,F,0.414658,00000010,41.4658,X]
[107,F,0.428711,00000001,42.8711,X]
[11,F,0.437469,11110000,43.7469,X]
[53,F,0.437489,00000100,43.7489,X]
[108,F,0.439453,00000001,43.9453,X]
[54,F,0.445302,00000100,44.5302,X]
[55,F,0.455067,00000100,45.5067,X]
[109,F,0.460938,00000001,46.0938,X]
[12,F,0.463836,11110000,46.3836,X]
[81,F,0.472275,00000010,47.2275,X]
[110,F,0.475586,00000001,47.5586,X]
[13,F,0.502898,11110000,50.2898,X]
[14,F,0.506805,11110000,50.6805,X]
[111,F,0.509766,00000001,50.9766,X]
[36,F,0.52243,00001000,52.243,X]
[82,F,0.525009,00000010,52.5009,X]
[37,F,0.528289,00001000,52.8289,X]
[112,F,0.53418,00000001,53.418,X]
[113,F,0.550781,00000001,55.0781,X]
[38,F,0.558562,00001000,55.8562,X]
[83,F,0.559189,00000010,55.9189,X]
[114,F,0.568359,00000001,56.8359,X]
[56,F,0.58202,00000100,58.202,X]
[84,F,0.588486,00000010,58.8486,X]
[57,F,0.595692,00000100,59.5692,X]
[58,F,0.607411,00000100,60.7411,X]
[85,F,0.608017,00000010,60.8017,X]
[59,F,0.612294,00000100,61.2294,X]
[115,F,0.625,00000001,62.5,X]
[116,F,0.629883,00000001,62.9883,X]
[60,F,0.643544,00000100,64.3544,X]
[86,F,0.650986,00000010,65.0986,X]
[61,F,0.655262,00000100,65.5262,X]
[15,F,0.658125,11100000,65.8125,X]
[62,F,0.662098,00000100,66.2098,X]
[39,F,0.686492,00001000,68.6492,X]
[63,F,0.700184,00000100,70.0184,X]
[64,F,0.701161,00000100,70.1161,X]
[40,F,0.710906,00001000,71.0906,X]
[41,F,0.713836,00001000,71.3836,X]
[65,F,0.720692,00000100,72.0692,X]
[42,F,0.721648,00001000,72.1648,X]
[87,F,0.725205,00000010,72.5205,X]
[43,F,0.737273,00001000,73.7273,X]
[44,F,0.73825,00001000,73.825,X]
[21,F,0.742109,00010000,74.2109,X]
[88,F,0.747666,00000010,74.7666,X]
[66,F,0.749989,00000100,74.9989,X]
[16,F,0.754805,11100000,75.4805,X]
[67,F,0.764637,00000100,76.4637,X]
[45,F,0.7695,00001000,76.95,X]
[22,F,0.77043,00010000,77.043,X]
[117,F,0.775391,00000001,77.5391,X]
[46,F,0.793914,00001000,79.3914,X]
[89,F,0.816025,00000010,81.6025,X]
[118,F,0.817383,00000001,81.7383,X]
[47,F,0.818328,00001000,81.8328,X]
[23,F,0.822187,00010000,82.2188,X]
[68,F,0.83495,00000100,83.495,X]
[24,F,0.836836,00010000,83.6836,X]
[25,F,0.839766,00010000,83.9766,X]
[26,F,0.844648,00010000,84.4648,X]
[17,F,0.848708,11000000,84.8708,X]
[90,F,0.867783,00000010,86.7783,X]
[91,F,0.879502,00000010,87.9502,X]
[20,F,0.879958,00100000,87.9958,X]
[27,F,0.888594,00010000,88.8594,X]
[18,F,0.906067,10000000,90.6067,X]
[69,F,0.909169,00000100,90.9169,X]
[92,F,0.926377,00000010,92.6377,X]
[93,F,0.943955,00000010,94.3955,X]
[94,F,0.944931,00000010,94.4931,X]
[28,F,0.955977,00010000,95.5977,X]
[48,F,0.961883,00001000,96.1883,X]
[29,F,0.962812,00010000,96.2812,X]
[119,F,0.972656,00000001,97.2656,X]
[95,F,0.982041,00000010,98.2041,X]
[120,F,0.986328,00000001,98.6328,X]
[96,F,0.989853,00000010,98.9853,X]
[19,F,0.992005,10000000,99.2005,X]
GUIDE_TREE_PARTITION1=(((((((t1:12.03,t2:12.03):5.15,t3:17.18):18.57,t4:35.75):37.3,t5:73.05):15.33,t6:88.38):6.58,t7:94.96):5.04,t8:100);
