Taxa bit representation:
t1 10000000
t2 01000000
t3 00100000
t4 00010000
t5 00001000
t6 00000100
t7 00000010
t8 00000001
Clade List (<taxon members> = <clade name>): 

>Dataset_0
[0,F,0.0136719,11111110,1.36719,X]
[18,F,0.132812,00000001,13.2812,X]
[13,F,0.135831,00000100,13.5831,X]
[8,F,0.173692,00001000,17.3692,X]
[19,F,0.173828,00000001,17.3828,X]
[20,F,0.1875,00000001,18.75,X]
[21,F,0.25293,00000001,25.293,X]
[1,F,0.279717,11100000,27.9717,X]
[14,F,0.314542,00000100,31.4542,X]
[16,F,0.318937,00000010,31.8937,X]
[17,F,0.345305,00000010,34.5305,X]
[2,F,0.410577,11100000,41.0577,X]
[7,F,0.585381,00010000,58.5381,X]
[15,F,0.64755,00000100,64.755,X]
[9,F,0.650255,00001000,65.0255,X]
[10,F,0.703966,00001000,70.3966,X]
[3,F,0.728936,11100000,72.8936,X]
[4,F,0.740655,11100000,74.0655,X]
[11,F,0.862169,00001000,86.2169,X]
[12,F,0.909044,00001000,90.9044,X]
[5,F,0.979673,00100000,97.9673,X]
[6,F,0.984556,00100000,98.4556,X]
GUIDE_TREE_PARTITION1=(((((((t1:20.22,t2:20.22):3.59,t3:23.81):53.98,t4:77.79):9.04,t5:86.83):1.54,t6:88.37):0.83,t7:89.2):10.8,t8:100);
