Taxa bit representation:
t1 10000000
t2 01000000
t3 00100000
t4 00010000
t5 00001000
t6 00000100
t7 00000010
t8 00000001
Clade List (<taxon members> = <clade name>): 

>Dataset_0
[75,F,0.00390625,00000011,0.390625,X]
[76,F,0.0302734,00000011,3.02734,X]
[77,F,0.0380859,00000011,3.80859,X]
[78,F,0.0625,00000011,6.25,X]
[79,F,0.078125,00000011,7.8125,X]
[0,F,0.115234,11111100,11.5234,X]
[1,F,0.117188,11111100,11.7188,X]
[2,F,0.151367,11111100,15.1367,X]
[80,F,0.15625,00000011,15.625,X]
[3,F,0.196289,11111100,19.6289,X]
[4,F,0.254091,11110000,25.4091,X]
[81,F,0.283203,00000011,28.3203,X]
[33,F,0.286477,00010000,28.6477,X]
[5,F,0.28843,11100000,28.843,X]
[51,F,0.29413,00001100,29.413,X]
[34,F,0.315773,00010000,31.5773,X]
[52,F,0.336122,00001100,33.6122,X]
[35,F,0.356789,00010000,35.6789,X]
[53,F,0.363466,00001100,36.3466,X]
[6,F,0.381203,11100000,38.1203,X]
[82,F,0.400391,00000011,40.0391,X]
[36,F,0.400734,00010000,40.0734,X]
[7,F,0.415383,11100000,41.5383,X]
[83,F,0.416016,00000011,41.6016,X]
[37,F,0.422219,00010000,42.2219,X]
[54,F,0.435731,00001100,43.5731,X]
[55,F,0.446473,00001100,44.6473,X]
[84,F,0.454102,00000011,45.4102,X]
[85,F,0.459961,00000011,45.9961,X]
[8,F,0.464211,11100000,46.4211,X]
[56,F,0.468934,00001100,46.8934,X]
[38,F,0.473,00010000,47.3,X]
[39,F,0.476906,00010000,47.6906,X]
[86,F,0.493164,00000011,49.3164,X]
[87,F,0.499023,00000011,49.9023,X]
[40,F,0.523781,00010000,52.3781,X]
[57,F,0.524598,00001100,52.4598,X]
[58,F,0.526552,00001100,52.6552,X]
[88,F,0.528578,00000010,52.8578,X]
[97,F,0.529555,00000001,52.9555,X]
[89,F,0.537367,00000010,53.7367,X]
[90,F,0.548109,00000010,54.8109,X]
[59,F,0.553895,00001100,55.3895,X]
[9,F,0.556008,11100000,55.6008,X]
[10,F,0.56382,11100000,56.382,X]
[11,F,0.575539,11100000,57.5539,X]
[12,F,0.577492,11100000,57.7492,X]
[98,F,0.581313,00000001,58.1313,X]
[13,F,0.586281,11100000,58.6281,X]
[14,F,0.587258,11100000,58.7258,X]
[15,F,0.596047,11100000,59.6047,X]
[60,F,0.598817,00001100,59.8817,X]
[16,F,0.610695,11100000,61.0695,X]
[99,F,0.611586,00000001,61.1586,X]
[100,F,0.617445,00000001,61.7445,X]
[41,F,0.643898,00010000,64.3898,X]
[17,F,0.645852,11100000,64.5852,X]
[61,F,0.647645,00001100,64.7645,X]
[42,F,0.654641,00010000,65.4641,X]
[91,F,0.684828,00000010,68.4828,X]
[101,F,0.693617,00000001,69.3617,X]
[92,F,0.714125,00000010,71.4125,X]
[43,F,0.717141,00010000,71.7141,X]
[102,F,0.718031,00000001,71.8031,X]
[103,F,0.72682,00000001,72.682,X]
[93,F,0.727797,00000010,72.7797,X]
[44,F,0.734719,00010000,73.4719,X]
[104,F,0.754164,00000001,75.4164,X]
[105,F,0.769789,00000001,76.9789,X]
[62,F,0.771669,00001100,77.1669,X]
[18,F,0.784523,11100000,78.4523,X]
[63,F,0.785341,00001100,78.5341,X]
[94,F,0.806898,00000010,80.6898,X]
[106,F,0.827406,00000001,82.7406,X]
[107,F,0.837172,00000001,83.7172,X]
[45,F,0.839211,00010000,83.9211,X]
[108,F,0.840102,00000001,84.0102,X]
[95,F,0.842055,00000010,84.2055,X]
[64,F,0.849794,00001100,84.9794,X]
[109,F,0.85475,00000001,85.475,X]
[19,F,0.854836,11100000,85.4836,X]
[20,F,0.862648,11100000,86.2648,X]
[21,F,0.863625,11100000,86.3625,X]
[110,F,0.870375,00000001,87.0375,X]
[46,F,0.872414,00010000,87.2414,X]
[22,F,0.874367,11100000,87.4367,X]
[47,F,0.877297,00010000,87.7297,X]
[96,F,0.886977,00000010,88.6977,X]
[65,F,0.894231,00001000,89.4231,X]
[48,F,0.894875,00010000,89.4875,X]
[70,F,0.899114,00000100,89.9114,X]
[66,F,0.901067,00001000,90.1067,X]
[111,F,0.907484,00000001,90.7484,X]
[49,F,0.90757,00010000,90.757,X]
[30,F,0.91463,00100000,91.463,X]
[71,F,0.914739,00000100,91.4739,X]
[23,F,0.921466,11000000,92.1466,X]
[72,F,0.928411,00000100,92.8411,X]
[27,F,0.931466,01000000,93.1466,X]
[24,F,0.932442,10000000,93.2442,X]
[73,F,0.93427,00000100,93.427,X]
[50,F,0.93882,00010000,93.882,X]
[67,F,0.945989,00001000,94.5989,X]
[68,F,0.957708,00001000,95.7708,X]
[25,F,0.974434,10000000,97.4434,X]
[26,F,0.977364,10000000,97.7364,X]
[28,F,0.983223,01000000,98.3223,X]
[112,F,0.988539,00000001,98.8539,X]
[69,F,0.988958,00001000,98.8958,X]
[31,F,0.992755,00100000,99.2755,X]
[29,F,0.994942,01000000,99.4942,X]
[32,F,0.995684,00100000,99.5684,X]
[74,F,0.997747,00000100,99.7747,X]
GUIDE_TREE_PARTITION1=(((((t1:7.83,t2:7.83):1,t3:8.83):62.62,t4:71.45):5.68,(t5:12.53,t6:12.53):64.6):22.87,(t7:48.9,t8:48.9):51.1);
