Taxa bit representation:
t1 10000000
t2 01000000
t3 00100000
t4 00010000
t5 00001000
t6 00000100
t7 00000010
t8 00000001
Clade List (<taxon members> = <clade name>): 

>Dataset_0
[0,F,0.03125,11110000,3.125,X]
[57,F,0.0429688,00001111,4.29688,X]
[58,F,0.0527344,00001111,5.27344,X]
[1,F,0.0595703,11110000,5.95703,X]
[59,F,0.0751953,00001111,7.51953,X]
[2,F,0.0830078,11110000,8.30078,X]
[3,F,0.0986328,11110000,9.86328,X]
[4,F,0.142578,11110000,14.2578,X]
[60,F,0.150391,00001111,15.0391,X]
[61,F,0.169922,00001111,16.9922,X]
[62,F,0.171875,00001111,17.1875,X]
[63,F,0.18457,00001111,18.457,X]
[5,F,0.1875,11110000,18.75,X]
[64,F,0.224609,00001111,22.4609,X]
[65,F,0.239258,00001111,23.9258,X]
[6,F,0.250977,11110000,25.0977,X]
[7,F,0.266602,11110000,26.6602,X]
[8,F,0.27832,11110000,27.832,X]
[9,F,0.300781,11110000,30.0781,X]
[66,F,0.333713,00001100,33.3713,X]
[102,F,0.35422,00000011,35.422,X]
[103,F,0.368869,00000011,36.8869,X]
[67,F,0.379611,00001100,37.9611,X]
[10,F,0.400391,11110000,40.0391,X]
[68,F,0.41672,00001100,41.672,X]
[11,F,0.430664,11110000,43.0664,X]
[12,F,0.445312,11110000,44.5312,X]
[104,F,0.44797,00000011,44.797,X]
[105,F,0.459689,00000011,45.9689,X]
[69,F,0.471408,00001100,47.1408,X]
[13,F,0.490234,11110000,49.0234,X]
[84,F,0.493372,00000100,49.3372,X]
[106,F,0.515353,00000011,51.5353,X]
[85,F,0.519739,00000100,51.9739,X]
[70,F,0.520716,00001000,52.0716,X]
[107,F,0.524142,00000011,52.4142,X]
[14,F,0.530273,11110000,53.0273,X]
[71,F,0.530481,00001000,53.0481,X]
[72,F,0.535364,00001000,53.5364,X]
[108,F,0.535861,00000011,53.5861,X]
[73,F,0.548059,00001000,54.8059,X]
[15,F,0.5625,11110000,56.25,X]
[86,F,0.57638,00000100,57.638,X]
[109,F,0.582736,00000011,58.2736,X]
[110,F,0.589572,00000011,58.9572,X]
[16,F,0.594727,11110000,59.4727,X]
[17,F,0.59668,11110000,59.668,X]
[87,F,0.596888,00000100,59.6887,X]
[117,F,0.621306,00000001,62.1306,X]
[118,F,0.628142,00000001,62.8142,X]
[23,F,0.630919,01000000,63.0919,X]
[88,F,0.639856,00000100,63.9856,X]
[18,F,0.641661,10000000,64.1661,X]
[89,F,0.646692,00000100,64.6692,X]
[90,F,0.648645,00000100,64.8645,X]
[91,F,0.650598,00000100,65.0598,X]
[74,F,0.668177,00001000,66.8177,X]
[24,F,0.669005,01000000,66.9005,X]
[92,F,0.674036,00000100,67.4036,X]
[25,F,0.675841,01000000,67.5841,X]
[38,F,0.685283,00110000,68.5283,X]
[75,F,0.707239,00001000,70.7239,X]
[19,F,0.711973,10000000,71.1973,X]
[20,F,0.716856,10000000,71.6856,X]
[111,F,0.728728,00000010,72.8728,X]
[76,F,0.7297,00001000,72.97,X]
[26,F,0.732481,01000000,73.2481,X]
[27,F,0.733458,01000000,73.3458,X]
[93,F,0.734583,00000100,73.4583,X]
[119,F,0.735564,00000001,73.5564,X]
[112,F,0.736541,00000010,73.6541,X]
[77,F,0.739466,00001000,73.9466,X]
[120,F,0.744353,00000001,74.4353,X]
[39,F,0.758525,00110000,75.8525,X]
[78,F,0.76095,00001000,76.095,X]
[28,F,0.762755,01000000,76.2755,X]
[113,F,0.767791,00000010,76.7791,X]
[121,F,0.77658,00000001,77.658,X]
[48,F,0.790542,00010000,79.0542,X]
[79,F,0.797083,00001000,79.7083,X]
[21,F,0.801817,10000000,80.1817,X]
[80,F,0.807825,00001000,80.7825,X]
[29,F,0.808653,01000000,80.8653,X]
[49,F,0.810073,00010000,81.0073,X]
[30,F,0.812559,01000000,81.2559,X]
[40,F,0.820816,00100000,82.0816,X]
[22,F,0.822325,10000000,82.2325,X]
[31,F,0.823302,01000000,82.3302,X]
[94,F,0.82345,00000100,82.345,X]
[114,F,0.825408,00000010,82.5408,X]
[32,F,0.828184,01000000,82.8184,X]
[50,F,0.840347,00010000,84.0347,X]
[41,F,0.843277,00100000,84.3277,X]
[95,F,0.8547,00000100,85.47,X]
[115,F,0.858611,00000010,85.8611,X]
[33,F,0.861387,01000000,86.1388,X]
[42,F,0.867691,00100000,86.7691,X]
[43,F,0.879409,00100000,87.9409,X]
[51,F,0.879409,00010000,87.9409,X]
[52,F,0.883316,00010000,88.3316,X]
[53,F,0.886245,00010000,88.6245,X]
[34,F,0.889708,01000000,88.9708,X]
[96,F,0.890833,00000100,89.0833,X]
[54,F,0.896988,00010000,89.6988,X]
[122,F,0.905486,00000001,90.5486,X]
[35,F,0.911192,01000000,91.1192,X]
[44,F,0.914566,00100000,91.4566,X]
[45,F,0.917495,00100000,91.7495,X]
[97,F,0.919153,00000100,91.9153,X]
[81,F,0.928919,00001000,92.8919,X]
[116,F,0.928923,00000010,92.8923,X]
[98,F,0.931848,00000100,93.1848,X]
[99,F,0.935755,00000100,93.5755,X]
[36,F,0.941466,01000000,94.1466,X]
[37,F,0.942442,01000000,94.2442,X]
[46,F,0.944839,00100000,94.4839,X]
[55,F,0.949722,00010000,94.9722,X]
[82,F,0.952356,00001000,95.2356,X]
[83,F,0.954309,00001000,95.4309,X]
[56,F,0.958511,00010000,95.8511,X]
[100,F,0.972864,00000100,97.2864,X]
[123,F,0.976775,00000001,97.6775,X]
[101,F,0.993372,00000100,99.3372,X]
[47,F,0.997573,00100000,99.7573,X]
GUIDE_TREE_PARTITION1=(((t1:38.08,t2:38.08):0.13,(t3:22.02,t4:22.02):16.19):61.79,((t5:52.03,t6:52.03):21.63,(t7:38.26,t8:38.26):35.4):26.34);
