Taxa bit representation:
t1 10000000
t2 01000000
t3 00100000
t4 00010000
t5 00001000
t6 00000100
t7 00000010
t8 00000001
Clade List (<taxon members> = <clade name>): 

>Dataset_0
[101,F,0.0341797,00000001,3.41797,X]
[0,F,0.0361328,11111110,3.61328,X]
[102,F,0.0605469,00000001,6.05469,X]
[103,F,0.0683594,00000001,6.83594,X]
[104,F,0.09375,00000001,9.375,X]
[1,F,0.101562,11111110,10.1562,X]
[2,F,0.113281,11111110,11.3281,X]
[105,F,0.18457,00000001,18.457,X]
[106,F,0.193359,00000001,19.3359,X]
[83,F,0.202761,00000010,20.2761,X]
[84,F,0.212527,00000010,21.2527,X]
[3,F,0.21448,11111100,21.448,X]
[4,F,0.217409,11111100,21.7409,X]
[85,F,0.225222,00000010,22.5222,X]
[86,F,0.238894,00000010,23.8894,X]
[5,F,0.265261,11111100,26.5261,X]
[87,F,0.267214,00000010,26.7214,X]
[107,F,0.268555,00000001,26.8555,X]
[108,F,0.269531,00000001,26.9531,X]
[6,F,0.300538,11111000,30.0538,X]
[53,F,0.302491,00000100,30.2491,X]
[54,F,0.307373,00000100,30.7373,X]
[109,F,0.307617,00000001,30.7617,X]
[55,F,0.322998,00000100,32.2998,X]
[56,F,0.335694,00000100,33.5694,X]
[110,F,0.350586,00000001,35.0586,X]
[7,F,0.35373,11110000,35.373,X]
[111,F,0.375977,00000001,37.5977,X]
[112,F,0.384766,00000001,38.4766,X]
[88,F,0.388308,00000010,38.8308,X]
[113,F,0.397461,00000001,39.7461,X]
[8,F,0.401581,11110000,40.1581,X]
[57,F,0.408936,00000100,40.8936,X]
[37,F,0.427948,00001000,42.7948,X]
[9,F,0.427948,11110000,42.7948,X]
[58,F,0.43042,00000100,43.042,X]
[38,F,0.437714,00001000,43.7714,X]
[39,F,0.438691,00001000,43.8691,X]
[40,F,0.442597,00001000,44.2597,X]
[59,F,0.443116,00000100,44.3116,X]
[10,F,0.443573,11110000,44.3573,X]
[89,F,0.444948,00000010,44.4948,X]
[41,F,0.451386,00001000,45.1386,X]
[60,F,0.460694,00000100,46.0694,X]
[61,F,0.46167,00000100,46.167,X]
[62,F,0.471436,00000100,47.1436,X]
[114,F,0.473633,00000001,47.3633,X]
[63,F,0.474366,00000100,47.4366,X]
[42,F,0.484589,00001000,48.4589,X]
[11,F,0.492402,11110000,49.2402,X]
[64,F,0.509522,00000100,50.9522,X]
[65,F,0.510498,00000100,51.0498,X]
[115,F,0.518555,00000001,51.8555,X]
[12,F,0.53537,11110000,53.537,X]
[66,F,0.559327,00000100,55.9327,X]
[67,F,0.56128,00000100,56.128,X]
[116,F,0.563477,00000001,56.3477,X]
[13,F,0.563691,11110000,56.3691,X]
[117,F,0.568359,00000001,56.8359,X]
[14,F,0.575409,11110000,57.5409,X]
[43,F,0.592011,00001000,59.2011,X]
[68,F,0.594483,00000100,59.4483,X]
[69,F,0.610108,00000100,61.0108,X]
[118,F,0.625,00000001,62.5,X]
[70,F,0.627686,00000100,62.7686,X]
[71,F,0.636475,00000100,63.6475,X]
[27,F,0.661197,00010000,66.1197,X]
[72,F,0.662842,00000100,66.2842,X]
[28,F,0.668033,00010000,66.8033,X]
[73,F,0.668702,00000100,66.8702,X]
[119,F,0.673828,00000001,67.3828,X]
[44,F,0.698456,00001000,69.8456,X]
[29,F,0.704166,00010000,70.4166,X]
[15,F,0.705142,11100000,70.5142,X]
[90,F,0.717409,00000010,71.7409,X]
[91,F,0.724245,00000010,72.4245,X]
[74,F,0.728272,00000100,72.8272,X]
[120,F,0.729492,00000001,72.9492,X]
[45,F,0.730683,00001000,73.0683,X]
[46,F,0.732636,00001000,73.2636,X]
[75,F,0.733155,00000100,73.3155,X]
[30,F,0.738345,00010000,73.8345,X]
[121,F,0.750977,00000001,75.0977,X]
[92,F,0.754519,00000010,75.4519,X]
[122,F,0.758789,00000001,75.8789,X]
[93,F,0.760378,00000010,76.0378,X]
[94,F,0.761355,00000010,76.1355,X]
[95,F,0.765261,00000010,76.5261,X]
[16,F,0.771548,11100000,77.1548,X]
[17,F,0.793033,11100000,79.3033,X]
[76,F,0.795655,00000100,79.5655,X]
[77,F,0.812256,00000100,81.2256,X]
[23,F,0.816206,00100000,81.6206,X]
[24,F,0.817183,00100000,81.7183,X]
[78,F,0.827881,00000100,82.7881,X]
[47,F,0.828339,00001000,82.8339,X]
[18,F,0.833784,11000000,83.3784,X]
[31,F,0.835025,00010000,83.5025,X]
[123,F,0.837891,00000001,83.7891,X]
[124,F,0.839844,00000001,83.9844,X]
[125,F,0.84082,00000001,84.082,X]
[19,F,0.845503,11000000,84.5503,X]
[32,F,0.865298,00010000,86.5298,X]
[79,F,0.871827,00000100,87.1827,X]
[80,F,0.874756,00000100,87.4756,X]
[81,F,0.884522,00000100,88.4522,X]
[33,F,0.889712,00010000,88.9712,X]
[96,F,0.892214,00000010,89.2214,X]
[48,F,0.892792,00001000,89.2792,X]
[25,F,0.896284,00100000,89.6284,X]
[97,F,0.901003,00000010,90.1003,X]
[126,F,0.901367,00000001,90.1367,X]
[49,F,0.912323,00001000,91.2323,X]
[34,F,0.918033,00010000,91.8033,X]
[35,F,0.919986,00010000,91.9986,X]
[82,F,0.922608,00000100,92.2608,X]
[98,F,0.939089,00000010,93.9089,X]
[127,F,0.941406,00000001,94.1406,X]
[99,F,0.945925,00000010,94.5925,X]
[50,F,0.948456,00001000,94.8456,X]
[20,F,0.951948,11000000,95.1948,X]
[128,F,0.957031,00000001,95.7031,X]
[51,F,0.965058,00001000,96.5058,X]
[100,F,0.967409,00000010,96.7409,X]
[26,F,0.96855,00100000,96.855,X]
[21,F,0.976512,10000000,97.6512,X]
[52,F,0.982636,00001000,98.2636,X]
[36,F,0.990298,00010000,99.0298,X]
[22,F,0.995067,01000000,99.5067,X]
GUIDE_TREE_PARTITION1=(((((((t1:3.13,t2:3.13):15.64,t3:18.77):18.04,t4:36.81):28.11,t5:64.92):7.37,t6:72.29):9.68,t7:81.97):18.03,t8:100);
