Taxa bit representation:
t1 10000000
t2 01000000
t3 00100000
t4 00010000
t5 00001000
t6 00000100
t7 00000010
t8 00000001
Clade List (<taxon members> = <clade name>): 

>Dataset_0
[20,F,0.131836,00001111,13.1836,X]
[0,F,0.172013,11000000,17.2013,X]
[7,F,0.172989,00110000,17.2989,X]
[21,F,0.203259,00001100,20.3259,X]
[27,F,0.289197,00000011,28.9197,X]
[1,F,0.300919,11000000,30.0919,X]
[28,F,0.31947,00000011,31.947,X]
[8,F,0.319473,00110000,31.9473,X]
[29,F,0.338025,00000011,33.8025,X]
[22,F,0.417127,00001100,41.7127,X]
[13,F,0.494827,00010000,49.4827,X]
[9,F,0.5251,00100000,52.51,X]
[14,F,0.536819,00010000,53.6819,X]
[15,F,0.544631,00010000,54.4631,X]
[2,F,0.562638,11000000,56.2638,X]
[16,F,0.573928,00010000,57.3928,X]
[30,F,0.57533,00000011,57.533,X]
[31,F,0.599744,00000011,59.9744,X]
[10,F,0.614944,00100000,61.4944,X]
[5,F,0.624962,01000000,62.4962,X]
[11,F,0.627639,00100000,62.7639,X]
[6,F,0.643517,01000000,64.3517,X]
[17,F,0.654983,00010000,65.4983,X]
[23,F,0.668702,00001000,66.8702,X]
[36,F,0.696214,00000001,69.6214,X]
[32,F,0.770433,00000010,77.0433,X]
[33,F,0.781175,00000010,78.1175,X]
[18,F,0.857131,00010000,85.7131,X]
[34,F,0.879808,00000010,87.9808,X]
[24,F,0.885498,00001000,88.5498,X]
[3,F,0.885705,10000000,88.5705,X]
[12,F,0.9001,00100000,90.01,X]
[4,F,0.910119,10000000,91.0119,X]
[19,F,0.916702,00010000,91.6702,X]
[25,F,0.939209,00001000,93.9209,X]
[35,F,0.944261,00000010,94.4261,X]
[26,F,0.982178,00001000,98.2178,X]
GUIDE_TREE_PARTITION1=(((t1:41.41,t2:41.41):48.42,(t3:59.99,t4:59.99):29.84):10.17,((t5:34.79,t6:34.79):45.47,(t7:39.07,t8:39.07):41.19):19.74);
