Taxa bit representation:
t1 10000000
t2 01000000
t3 00100000
t4 00010000
t5 00001000
t6 00000100
t7 00000010
t8 00000001
Clade List (<taxon members> = <clade name>): 

>Dataset_0
[0,F,0.0322266,11111110,3.22266,X]
[15,F,0.119141,00000001,11.9141,X]
[16,F,0.334961,00000001,33.4961,X]
[17,F,0.416016,00000001,41.6016,X]
[1,F,0.471811,11111000,47.1811,X]
[7,F,0.646459,00100000,64.6459,X]
[2,F,0.67185,11000000,67.185,X]
[11,F,0.691538,00000100,69.1538,X]
[13,F,0.703834,00000010,70.3834,X]
[3,F,0.759741,11000000,75.9741,X]
[10,F,0.767653,00001000,76.7653,X]
[9,F,0.770992,00010000,77.0992,X]
[18,F,0.852539,00000001,85.2539,X]
[4,F,0.887531,01000000,88.7531,X]
[19,F,0.902344,00000001,90.2344,X]
[12,F,0.929819,00000100,92.9819,X]
[14,F,0.942116,00000010,94.2116,X]
[5,F,0.944172,01000000,94.4172,X]
[6,F,0.967609,01000000,96.7609,X]
[8,F,0.970678,00100000,97.0678,X]
GUIDE_TREE_PARTITION1=(((((((t1:19.45,t2:19.45):16.49,t3:35.94):9.91,t4:45.85):2.58,t5:48.43):22.26,t6:70.69):7.95,t7:78.64):21.36,t8:100);
