Taxa bit representation:
t1 10000000
t2 01000000
t3 00100000
t4 00010000
t5 00001000
t6 00000100
t7 00000010
t8 00000001
Clade List (<taxon members> = <clade name>): 

>Dataset_0
[32,F,0.0693359,00000001,6.93359,X]
[0,F,0.0712891,11111110,7.12891,X]
[1,F,0.163086,11111110,16.3086,X]
[33,F,0.182617,00000001,18.2617,X]
[25,F,0.25423,00000010,25.423,X]
[26,F,0.3138,00000010,31.38,X]
[2,F,0.337219,11111000,33.7219,X]
[34,F,0.361328,00000001,36.1328,X]
[27,F,0.364581,00000010,36.4581,X]
[35,F,0.370117,00000001,37.0117,X]
[36,F,0.378906,00000001,37.8906,X]
[21,F,0.399719,00000100,39.9719,X]
[28,F,0.455402,00000010,45.5402,X]
[29,F,0.506183,00000010,50.6183,X]
[3,F,0.525695,11111000,52.5695,X]
[4,F,0.551866,11110000,55.1866,X]
[17,F,0.583116,00001000,58.3116,X]
[15,F,0.584873,00010000,58.4873,X]
[37,F,0.612305,00000001,61.2305,X]
[38,F,0.666016,00000001,66.6016,X]
[22,F,0.705383,00000100,70.5383,X]
[16,F,0.708897,00010000,70.8897,X]
[23,F,0.754211,00000100,75.4211,X]
[39,F,0.774414,00000001,77.4414,X]
[5,F,0.785116,11000000,78.5116,X]
[11,F,0.790975,00100000,79.0975,X]
[12,F,0.799764,00100000,79.9764,X]
[13,F,0.810506,00100000,81.0506,X]
[18,F,0.831162,00001000,83.1162,X]
[14,F,0.846639,00100000,84.6639,X]
[6,F,0.848777,10000000,84.8777,X]
[8,F,0.890769,01000000,89.0769,X]
[19,F,0.911241,00001000,91.1241,X]
[20,F,0.91417,00001000,91.417,X]
[7,F,0.920066,10000000,92.0066,X]
[30,F,0.922198,00000010,92.2198,X]
[9,F,0.930808,01000000,93.0808,X]
[24,F,0.938781,00000100,93.8781,X]
[10,F,0.963034,01000000,96.3034,X]
[31,F,0.999347,00000010,99.9347,X]
GUIDE_TREE_PARTITION1=(((((((t1:15.22,t2:15.22):16.62,t3:31.84):12.7,t4:44.54):1.25,t5:45.79):34.16,t6:79.95):1.17,t7:81.12):18.88,t8:100);
