Taxa bit representation:
t1 10000000
t2 01000000
t3 00100000
t4 00010000
t5 00001000
t6 00000100
t7 00000010
t8 00000001
Clade List (<taxon members> = <clade name>): 

>Dataset_0
[6,F,0.0761719,00001111,7.61719,X]
[0,F,0.226562,11110000,22.6562,X]
[1,F,0.230469,11110000,23.0469,X]
[10,F,0.360805,00000100,36.0805,X]
[7,F,0.453578,00001000,45.3578,X]
[2,F,0.478522,11000000,47.8522,X]
[14,F,0.484019,00000001,48.4019,X]
[11,F,0.573695,00000100,57.3695,X]
[8,F,0.601039,00001000,60.1039,X]
[12,F,0.637172,00000100,63.7172,X]
[4,F,0.639883,00010000,63.9883,X]
[5,F,0.776602,00010000,77.6602,X]
[15,F,0.825816,00000001,82.5816,X]
[16,F,0.846323,00000001,84.6323,X]
[9,F,0.903773,00001000,90.3773,X]
[3,F,0.916086,10000000,91.6086,X]
[13,F,0.922328,00000100,92.2328,X]
GUIDE_TREE_PARTITION1=(((t1:24.7,t2:24.7):31.94,(t3:55.25,t4:55.25):1.39):43.36,((t5:68.9,t6:68.9):12.99,(t7:52.77,t8:52.77):29.12):18.11);
