Taxa bit representation:
t1 10000000
t2 01000000
t3 00100000
t4 00010000
t5 00001000
t6 00000100
t7 00000010
t8 00000001
Clade List (<taxon members> = <clade name>): 

>Dataset_0
[6,F,0.108867,00001100,10.8867,X]
[12,F,0.12207,00000011,12.207,X]
[7,F,0.430597,00000100,43.0597,X]
[0,F,0.468486,11100000,46.8486,X]
[3,F,0.543681,00010000,54.3681,X]
[13,F,0.625,00000011,62.5,X]
[4,F,0.710673,00010000,71.0673,X]
[1,F,0.731181,11100000,73.1181,X]
[8,F,0.769464,00000100,76.9464,X]
[9,F,0.7763,00000100,77.63,X]
[10,F,0.793878,00000100,79.3878,X]
[11,F,0.823175,00000100,82.3175,X]
[5,F,0.835673,00010000,83.5673,X]
[2,F,0.953836,00100000,95.3836,X]
GUIDE_TREE_PARTITION1=(((((t1:15.1,t2:15.1):2.7,t3:17.8):39.16,t4:56.96):34.79,(t5:66.12,t6:66.12):25.63):8.25,(t7:22.97,t8:22.97):77.03);
