Taxa bit representation:
t1 10000000
t2 01000000
t3 00100000
t4 00010000
t5 00001000
t6 00000100
t7 00000010
t8 00000001
Clade List (<taxon members> = <clade name>): 

>Dataset_0
[0,F,0.0253906,11111100,2.53906,X]
[33,F,0.0722656,00000011,7.22656,X]
[34,F,0.0810547,00000011,8.10547,X]
[35,F,0.125977,00000011,12.5977,X]
[16,F,0.215105,00001100,21.5105,X]
[17,F,0.238542,00001100,23.8542,X]
[18,F,0.337175,00001100,33.7175,X]
[36,F,0.40332,00000011,40.332,X]
[19,F,0.437761,00001100,43.7761,X]
[20,F,0.462175,00001100,46.2175,X]
[13,F,0.513298,00010000,51.3298,X]
[14,F,0.536736,00010000,53.6736,X]
[37,F,0.56543,00000011,56.543,X]
[24,F,0.579542,00000100,57.9542,X]
[38,F,0.59082,00000011,59.082,X]
[21,F,0.664503,00001000,66.4503,X]
[25,F,0.715284,00000100,71.5284,X]
[1,F,0.725017,11000000,72.5017,X]
[8,F,0.7299,00100000,72.99,X]
[2,F,0.734783,11000000,73.4783,X]
[26,F,0.739698,00000100,73.9698,X]
[5,F,0.757012,01000000,75.7013,X]
[15,F,0.773064,00010000,77.3064,X]
[3,F,0.778497,10000000,77.8497,X]
[27,F,0.785597,00000100,78.5597,X]
[40,F,0.795464,00000001,79.5464,X]
[9,F,0.82072,00100000,82.072,X]
[4,F,0.844903,10000000,84.4903,X]
[10,F,0.853923,00100000,85.3923,X]
[41,F,0.860894,00000001,86.0894,X]
[39,F,0.868706,00000010,86.8706,X]
[6,F,0.891778,01000000,89.1778,X]
[28,F,0.895948,00000100,89.5948,X]
[29,F,0.907667,00000100,90.7667,X]
[22,F,0.90962,00001000,90.962,X]
[30,F,0.913527,00000100,91.3527,X]
[31,F,0.919386,00000100,91.9386,X]
[11,F,0.934002,00100000,93.4002,X]
[7,F,0.9367,01000000,93.67,X]
[12,F,0.938884,00100000,93.8884,X]
[32,F,0.963331,00000100,96.3331,X]
[23,F,0.995558,00001000,99.5558,X]
GUIDE_TREE_PARTITION1=(((((t1:25.08,t2:25.08):8.18,t3:33.26):20,t4:53.26):30.21,(t5:49.37,t6:49.37):34.1):16.53,(t7:32.27,t8:32.27):67.73);
