Taxa bit representation:
t1 10000000
t2 01000000
t3 00100000
t4 00010000
t5 00001000
t6 00000100
t7 00000010
t8 00000001
Clade List (<taxon members> = <clade name>): 

>Dataset_0
[69,F,0.0537109,00000011,5.37109,X]
[0,F,0.0585938,11111100,5.85938,X]
[70,F,0.0742188,00000011,7.42188,X]
[1,F,0.0751953,11111100,7.51953,X]
[2,F,0.106445,11111100,10.6445,X]
[71,F,0.107422,00000011,10.7422,X]
[72,F,0.108398,00000011,10.8398,X]
[3,F,0.113281,11111100,11.3281,X]
[73,F,0.117188,00000011,11.7188,X]
[74,F,0.133789,00000011,13.3789,X]
[75,F,0.161133,00000011,16.1133,X]
[4,F,0.248047,11111100,24.8047,X]
[5,F,0.25,11111100,25,X]
[76,F,0.262695,00000011,26.2695,X]
[6,F,0.298828,11111100,29.8828,X]
[7,F,0.316406,11111100,31.6406,X]
[77,F,0.328125,00000011,32.8125,X]
[78,F,0.333008,00000011,33.3008,X]
[79,F,0.350586,00000011,35.0586,X]
[80,F,0.373047,00000011,37.3047,X]
[49,F,0.387548,00001100,38.7548,X]
[8,F,0.411695,11100000,41.1695,X]
[50,F,0.416845,00001100,41.6845,X]
[81,F,0.418769,00000010,41.8769,X]
[34,F,0.420484,00010000,42.0484,X]
[99,F,0.429511,00000001,42.9511,X]
[82,F,0.440253,00000010,44.0253,X]
[100,F,0.449042,00000001,44.9042,X]
[35,F,0.455641,00010000,45.5641,X]
[101,F,0.46955,00000001,46.955,X]
[102,F,0.482245,00000001,48.2245,X]
[51,F,0.489111,00001100,48.9111,X]
[36,F,0.493727,00010000,49.3727,X]
[37,F,0.496656,00010000,49.6656,X]
[83,F,0.504706,00000010,50.4706,X]
[9,F,0.506422,11100000,50.6422,X]
[52,F,0.518408,00001100,51.8408,X]
[84,F,0.53205,00000010,53.205,X]
[53,F,0.545752,00001100,54.5752,X]
[103,F,0.547675,00000001,54.7675,X]
[54,F,0.56333,00001100,56.333,X]
[55,F,0.564306,00001100,56.4306,X]
[56,F,0.569189,00001100,56.9189,X]
[57,F,0.582861,00001100,58.2861,X]
[104,F,0.584784,00000001,58.4784,X]
[10,F,0.592359,11100000,59.2359,X]
[11,F,0.605055,11100000,60.5055,X]
[105,F,0.612128,00000001,61.2128,X]
[106,F,0.635566,00000001,63.5566,X]
[12,F,0.641188,11100000,64.1188,X]
[58,F,0.643408,00001100,64.3408,X]
[107,F,0.645331,00000001,64.5331,X]
[85,F,0.659003,00000010,65.9003,X]
[86,F,0.676581,00000010,67.6581,X]
[59,F,0.686377,00001100,68.6377,X]
[87,F,0.69123,00000010,69.123,X]
[13,F,0.691969,11100000,69.1969,X]
[38,F,0.694898,00010000,69.4898,X]
[39,F,0.696852,00010000,69.6852,X]
[14,F,0.70857,11100000,70.857,X]
[108,F,0.718573,00000001,71.8573,X]
[40,F,0.719313,00010000,71.9313,X]
[60,F,0.727392,00001100,72.7392,X]
[109,F,0.728339,00000001,72.8339,X]
[88,F,0.731269,00000010,73.1269,X]
[15,F,0.734938,11100000,73.4938,X]
[89,F,0.767402,00000010,76.7402,X]
[110,F,0.770331,00000001,77.0331,X]
[61,F,0.774267,00001100,77.4267,X]
[111,F,0.781073,00000001,78.1073,X]
[112,F,0.78498,00000001,78.498,X]
[16,F,0.80118,11000000,80.118,X]
[41,F,0.80818,00010000,80.818,X]
[27,F,0.809969,00100000,80.9969,X]
[113,F,0.818183,00000001,81.8183,X]
[42,F,0.819898,00010000,81.9898,X]
[17,F,0.824617,11000000,82.4617,X]
[28,F,0.824617,00100000,82.4617,X]
[43,F,0.826734,00010000,82.6734,X]
[18,F,0.827547,11000000,82.7547,X]
[29,F,0.837313,00100000,83.7313,X]
[44,F,0.842359,00010000,84.2359,X]
[19,F,0.847078,11000000,84.7078,X]
[62,F,0.848486,00001100,84.8486,X]
[63,F,0.850439,00001100,85.0439,X]
[114,F,0.854316,00000001,85.4316,X]
[30,F,0.856844,00100000,85.6844,X]
[90,F,0.858222,00000010,85.8222,X]
[115,F,0.860175,00000001,86.0175,X]
[20,F,0.867586,11000000,86.7586,X]
[91,F,0.870917,00000010,87.0917,X]
[92,F,0.873847,00000010,87.3847,X]
[64,F,0.878759,00001100,87.8759,X]
[116,F,0.881659,00000001,88.1659,X]
[24,F,0.895144,01000000,89.5144,X]
[117,F,0.908027,00000001,90.8027,X]
[45,F,0.909742,00010000,90.9742,X]
[118,F,0.914862,00000001,91.4862,X]
[93,F,0.921698,00000010,92.1698,X]
[31,F,0.931063,00100000,93.1063,X]
[65,F,0.93247,00001100,93.247,X]
[119,F,0.9383,00000001,93.83,X]
[46,F,0.940992,00010000,94.0992,X]
[120,F,0.948066,00000001,94.8066,X]
[94,F,0.951972,00000010,95.1972,X]
[95,F,0.954902,00000010,95.4902,X]
[96,F,0.956855,00000010,95.6855,X]
[66,F,0.958838,00001100,95.8838,X]
[25,F,0.959597,01000000,95.9597,X]
[32,F,0.975984,00100000,97.5984,X]
[121,F,0.979316,00000001,97.9316,X]
[47,F,0.980055,00010000,98.0055,X]
[67,F,0.985205,00001100,98.5205,X]
[21,F,0.987917,10000000,98.7917,X]
[22,F,0.988894,10000000,98.8894,X]
[33,F,0.989656,00100000,98.9656,X]
[97,F,0.991034,00000010,99.1034,X]
[26,F,0.994753,01000000,99.4753,X]
[68,F,0.99483,00001000,99.483,X]
[98,F,0.994941,00000010,99.4941,X]
[48,F,0.99568,00010000,99.568,X]
[23,F,0.99573,10000000,99.573,X]
[122,F,0.996894,00000001,99.6894,X]
GUIDE_TREE_PARTITION1=(((((t1:13.22,t2:13.22):10.08,t3:23.3):36.8,t4:60.1):2.61,(t5:0.81,t6:0.81):61.9):37.29,(t7:62.42,t8:62.42):37.58);
