Taxa bit representation:
t1 10000000
t2 01000000
t3 00100000
t4 00010000
t5 00001000
t6 00000100
t7 00000010
t8 00000001
Clade List (<taxon members> = <clade name>): 

>Dataset_0
[0,F,0.00976562,11110000,0.976562,X]
[1,F,0.015625,11110000,1.5625,X]
[2,F,0.0244141,11110000,2.44141,X]
[3,F,0.0410156,11110000,4.10156,X]
[31,F,0.0696844,00110000,6.96844,X]
[52,F,0.0742188,00001111,7.42188,X]
[4,F,0.0755438,11000000,7.55438,X]
[53,F,0.0820312,00001111,8.20312,X]
[32,F,0.0999578,00110000,9.99578,X]
[54,F,0.133789,00001111,13.3789,X]
[55,F,0.143555,00001111,14.3555,X]
[5,F,0.14488,11000000,14.488,X]
[6,F,0.163434,11000000,16.3434,X]
[7,F,0.174177,11000000,17.4177,X]
[33,F,0.182966,00110000,18.2966,X]
[56,F,0.197266,00001111,19.7266,X]
[57,F,0.204102,00001111,20.4102,X]
[34,F,0.217145,00110000,21.7145,X]
[8,F,0.242536,11000000,24.2536,X]
[9,F,0.244489,11000000,24.4489,X]
[58,F,0.256836,00001111,25.6836,X]
[10,F,0.293317,11000000,29.3317,X]
[11,F,0.317731,11000000,31.7731,X]
[59,F,0.334961,00001111,33.4961,X]
[60,F,0.343283,00001100,34.3283,X]
[61,F,0.355002,00001100,35.5002,X]
[62,F,0.370627,00001100,37.0627,X]
[12,F,0.402692,11000000,40.2692,X]
[13,F,0.412458,11000000,41.2458,X]
[14,F,0.430036,11000000,43.0036,X]
[75,F,0.436056,00000011,43.6056,X]
[15,F,0.447614,11000000,44.7614,X]
[63,F,0.448752,00001100,44.8752,X]
[76,F,0.453634,00000011,45.3634,X]
[77,F,0.46633,00000011,46.633,X]
[64,F,0.471213,00001100,47.1213,X]
[35,F,0.476911,00110000,47.6911,X]
[36,F,0.489606,00110000,48.9606,X]
[78,F,0.506369,00000011,50.6369,X]
[65,F,0.517111,00001100,51.7111,X]
[66,F,0.5259,00001100,52.59,X]
[79,F,0.555197,00000011,55.5197,X]
[67,F,0.580588,00001100,58.0588,X]
[16,F,0.58238,11000000,58.238,X]
[17,F,0.594098,11000000,59.4098,X]
[18,F,0.601911,11000000,60.1911,X]
[37,F,0.6107,00110000,61.07,X]
[38,F,0.615583,00110000,61.5583,X]
[68,F,0.617697,00001100,61.7697,X]
[69,F,0.645041,00001100,64.5041,X]
[39,F,0.665388,00110000,66.5388,X]
[40,F,0.667341,00110000,66.7341,X]
[41,F,0.671247,00110000,67.1247,X]
[42,F,0.6732,00110000,67.32,X]
[43,F,0.684919,00110000,68.4919,X]
[70,F,0.709494,00001100,70.9494,X]
[71,F,0.71047,00001100,71.047,X]
[19,F,0.717145,11000000,71.7145,X]
[80,F,0.722189,00000011,72.2189,X]
[44,F,0.726911,00110000,72.6911,X]
[45,F,0.743513,00110000,74.3513,X]
[46,F,0.746442,00110000,74.6442,X]
[20,F,0.747419,11000000,74.7419,X]
[21,F,0.751325,11000000,75.1325,X]
[22,F,0.776716,11000000,77.6716,X]
[72,F,0.791525,00001100,79.1525,X]
[81,F,0.801291,00000011,80.1291,X]
[23,F,0.804059,11000000,80.4059,X]
[24,F,0.831403,11000000,83.1403,X]
[47,F,0.83238,00110000,83.238,X]
[48,F,0.839216,00110000,83.9216,X]
[25,F,0.883161,11000000,88.3161,X]
[82,F,0.889181,00000011,88.9181,X]
[83,F,0.890158,00000011,89.0158,X]
[49,F,0.902692,00110000,90.2692,X]
[73,F,0.91625,00001000,91.625,X]
[84,F,0.936384,00000010,93.6384,X]
[26,F,0.944625,10000000,94.4625,X]
[50,F,0.949555,00100000,94.9555,X]
[30,F,0.955367,01000000,95.5367,X]
[86,F,0.956892,00000001,95.6892,X]
[74,F,0.965078,00001000,96.5078,X]
[27,F,0.966109,10000000,96.6109,X]
[28,F,0.975875,10000000,97.5875,X]
[29,F,0.976852,10000000,97.6852,X]
[51,F,0.989594,00010000,98.9594,X]
[85,F,0.992048,00000010,99.2048,X]
GUIDE_TREE_PARTITION1=(((t1:7.1,t2:7.1):88.08,(t3:6.9,t4:6.9):88.28):4.82,((t5:17.75,t6:17.75):48.41,(t7:8.51,t8:8.51):57.65):33.84);
