Taxa bit representation:
t1 10000000
t2 01000000
t3 00100000
t4 00010000
t5 00001000
t6 00000100
t7 00000010
t8 00000001
Clade List (<taxon members> = <clade name>): 

>Dataset_0
[46,F,0.139648,00000001,13.9648,X]
[47,F,0.176758,00000001,17.6758,X]
[48,F,0.235352,00000001,23.5352,X]
[49,F,0.255859,00000001,25.5859,X]
[17,F,0.275695,00000100,27.5695,X]
[18,F,0.298156,00000100,29.8156,X]
[50,F,0.330078,00000001,33.0078,X]
[32,F,0.346545,00000010,34.6545,X]
[51,F,0.351562,00000001,35.1562,X]
[33,F,0.361194,00000010,36.1194,X]
[52,F,0.37793,00000001,37.793,X]
[19,F,0.388,00000100,38.8,X]
[34,F,0.388537,00000010,38.8537,X]
[0,F,0.39093,11111000,39.093,X]
[35,F,0.39635,00000010,39.635,X]
[53,F,0.400391,00000001,40.0391,X]
[36,F,0.415881,00000010,41.5881,X]
[20,F,0.431945,00000100,43.1945,X]
[13,F,0.437442,00001000,43.7442,X]
[21,F,0.473937,00000100,47.3937,X]
[1,F,0.477481,11110000,47.7481,X]
[14,F,0.493106,00001000,49.3106,X]
[22,F,0.529602,00000100,52.9602,X]
[37,F,0.573108,00000010,57.3108,X]
[38,F,0.578967,00000010,57.8967,X]
[54,F,0.601562,00000001,60.1562,X]
[39,F,0.605334,00000010,60.5334,X]
[23,F,0.608703,00000100,60.8703,X]
[24,F,0.60968,00000100,60.968,X]
[40,F,0.660022,00000010,66.0022,X]
[41,F,0.671741,00000010,67.1741,X]
[2,F,0.71407,11100000,71.407,X]
[15,F,0.727481,00001000,72.7481,X]
[16,F,0.729434,00001000,72.9434,X]
[25,F,0.742492,00000100,74.2492,X]
[5,F,0.751909,00100000,75.1909,X]
[42,F,0.753772,00000010,75.3772,X]
[6,F,0.757769,00100000,75.7769,X]
[43,F,0.760608,00000010,76.0608,X]
[44,F,0.780139,00000010,78.0139,X]
[3,F,0.781206,11000000,78.1206,X]
[26,F,0.788391,00000100,78.8391,X]
[27,F,0.804016,00000100,80.4016,X]
[7,F,0.81148,00100000,81.148,X]
[28,F,0.852844,00000100,85.2844,X]
[12,F,0.879109,00010000,87.9109,X]
[8,F,0.880816,00100000,88.0816,X]
[29,F,0.894836,00000100,89.4836,X]
[30,F,0.901672,00000100,90.1672,X]
[9,F,0.9023,00100000,90.23,X]
[55,F,0.910156,00000001,91.0156,X]
[10,F,0.941362,00100000,94.1362,X]
[31,F,0.946594,00000100,94.6594,X]
[4,F,0.971677,01000000,97.1677,X]
[11,F,0.977495,00100000,97.7495,X]
[45,F,0.978381,00000010,97.8381,X]
GUIDE_TREE_PARTITION1=(((((((t1:2.93,t2:2.93):25.59,t3:28.52):6.03,t4:34.55):22.78,t5:57.33):16.37,t6:73.7):2.29,t7:75.99):24.01,t8:100);
