Taxa bit representation:
t1 10000000
t2 01000000
t3 00100000
t4 00010000
t5 00001000
t6 00000100
t7 00000010
t8 00000001
Clade List (<taxon members> = <clade name>): 

>Dataset_0
[0,F,0.015625,11111100,1.5625,X]
[1,F,0.201172,11111100,20.1172,X]
[12,F,0.21582,00000011,21.582,X]
[2,F,0.310784,11110000,31.0784,X]
[13,F,0.351562,00000011,35.1562,X]
[3,F,0.433303,11100000,43.3303,X]
[9,F,0.557483,00001000,55.7483,X]
[7,F,0.646194,00010000,64.6194,X]
[14,F,0.66462,00000001,66.462,X]
[10,F,0.807483,00000100,80.7483,X]
[11,F,0.816272,00000100,81.6272,X]
[6,F,0.888072,01000000,88.8072,X]
[8,F,0.913772,00010000,91.3772,X]
[4,F,0.969127,10000000,96.9127,X]
[5,F,0.989634,10000000,98.9634,X]
GUIDE_TREE_PARTITION1=(((((t1:12.56,t2:12.56):3.71,t3:16.27):43.72,t4:59.99):11.08,(t5:44.74,t6:44.74):26.33):28.93,(t7:36.37,t8:36.37):63.63);
