Taxa bit representation:
t1 10000000
t2 01000000
t3 00100000
t4 00010000
t5 00001000
t6 00000100
t7 00000010
t8 00000001
Clade List (<taxon members> = <clade name>): 

>Dataset_0
[27,F,0.0771484,00000011,7.71484,X]
[28,F,0.0820312,00000011,8.20312,X]
[29,F,0.12207,00000011,12.207,X]
[0,F,0.148438,11111100,14.8438,X]
[1,F,0.319336,11111100,31.9336,X]
[2,F,0.332031,11111100,33.2031,X]
[30,F,0.447266,00000011,44.7266,X]
[19,F,0.475391,00001100,47.5391,X]
[3,F,0.482227,11110000,48.2227,X]
[4,F,0.503711,11110000,50.3711,X]
[31,F,0.545898,00000011,54.5898,X]
[20,F,0.63457,00001100,63.457,X]
[32,F,0.636719,00000011,63.6719,X]
[21,F,0.69707,00001100,69.707,X]
[22,F,0.70293,00001100,70.293,X]
[23,F,0.713672,00001100,71.3672,X]
[5,F,0.719169,11100000,71.9169,X]
[24,F,0.726766,00001000,72.6766,X]
[15,F,0.776786,00010000,77.6786,X]
[25,F,0.843953,00001000,84.3953,X]
[33,F,0.844064,00000010,84.4064,X]
[7,F,0.84873,00100000,84.873,X]
[8,F,0.868261,00100000,86.8261,X]
[9,F,0.890722,00100000,89.0722,X]
[34,F,0.904611,00000001,90.4611,X]
[35,F,0.907541,00000001,90.7541,X]
[26,F,0.919148,00000100,91.9148,X]
[10,F,0.921972,00100000,92.1972,X]
[36,F,0.929025,00000001,92.9025,X]
[16,F,0.947684,00010000,94.7684,X]
[11,F,0.952245,00100000,95.2245,X]
[12,F,0.953222,00100000,95.3222,X]
[13,F,0.962011,00100000,96.2011,X]
[17,F,0.962333,00010000,96.2333,X]
[6,F,0.963072,01000000,96.3072,X]
[18,F,0.972098,00010000,97.2098,X]
[14,F,0.976659,00100000,97.6659,X]
GUIDE_TREE_PARTITION1=(((((t1:11.31,t2:11.31):4.11,t3:15.42):16.96,t4:32.38):28.87,(t5:28.3,t6:28.3):32.95):38.75,(t7:21.16,t8:21.16):78.84);
