Taxa bit representation:
t1 10000000
t2 01000000
t3 00100000
t4 00010000
t5 00001000
t6 00000100
t7 00000010
t8 00000001
Clade List (<taxon members> = <clade name>): 

>Dataset_0
[23,F,0.015625,00001111,1.5625,X]
[0,F,0.0380859,11110000,3.80859,X]
[24,F,0.0585938,00001111,5.85938,X]
[25,F,0.209961,00001111,20.9961,X]
[1,F,0.320312,11110000,32.0312,X]
[2,F,0.328125,11110000,32.8125,X]
[26,F,0.424006,00001100,42.4006,X]
[3,F,0.431641,11110000,43.1641,X]
[27,F,0.468928,00001100,46.8928,X]
[4,F,0.477553,11000000,47.7553,X]
[28,F,0.477717,00001100,47.7717,X]
[15,F,0.530125,00010000,53.0125,X]
[12,F,0.539891,00100000,53.9891,X]
[13,F,0.57993,00100000,57.993,X]
[16,F,0.621922,00010000,62.1922,X]
[34,F,0.627711,00000001,62.7711,X]
[29,F,0.643733,00001100,64.3733,X]
[35,F,0.647242,00000001,64.7242,X]
[5,F,0.671889,11000000,67.1889,X]
[6,F,0.674819,11000000,67.4819,X]
[7,F,0.701186,11000000,70.1186,X]
[14,F,0.726414,00100000,72.6414,X]
[36,F,0.757594,00000001,75.7594,X]
[30,F,0.758967,00001100,75.8967,X]
[17,F,0.763523,00010000,76.3523,X]
[32,F,0.786891,00000010,78.6891,X]
[18,F,0.789891,00010000,78.9891,X]
[37,F,0.79568,00000001,79.568,X]
[11,F,0.798408,01000000,79.8408,X]
[8,F,0.834541,10000000,83.4541,X]
[19,F,0.848484,00010000,84.8484,X]
[9,F,0.896064,10000000,89.6064,X]
[20,F,0.909031,00010000,90.9031,X]
[33,F,0.923609,00000010,92.3609,X]
[31,F,0.927333,00001000,92.7333,X]
[10,F,0.966377,10000000,96.6377,X]
[21,F,0.966648,00010000,96.6648,X]
[22,F,0.988133,00010000,98.8133,X]
GUIDE_TREE_PARTITION1=(((t1:22.21,t2:22.21):30.23,(t3:48.55,t4:48.55):3.89):47.56,((t5:10.88,t6:10.88):65.86,(t7:42.6,t8:42.6):34.14):23.26);
