Taxa bit representation:
t1 10000000
t2 01000000
t3 00100000
t4 00010000
t5 00001000
t6 00000100
t7 00000010
t8 00000001
Clade List (<taxon members> = <clade name>): 

>Dataset_0
[18,F,0.0214844,00001111,2.14844,X]
[19,F,0.0917969,00001111,9.17969,X]
[0,F,0.129883,11110000,12.9883,X]
[20,F,0.145861,00001100,14.5861,X]
[1,F,0.164062,11110000,16.4062,X]
[21,F,0.194689,00001100,19.4689,X]
[2,F,0.338867,11110000,33.8867,X]
[30,F,0.372423,00000011,37.2423,X]
[22,F,0.423172,00001000,42.3172,X]
[31,F,0.449572,00000011,44.9572,X]
[7,F,0.484548,00100000,48.4548,X]
[8,F,0.507009,00100000,50.7009,X]
[3,F,0.508102,11000000,50.8102,X]
[9,F,0.513845,00100000,51.3845,X]
[10,F,0.557791,00100000,55.7791,X]
[14,F,0.577322,00010000,57.7322,X]
[32,F,0.622423,00000011,62.2423,X]
[4,F,0.641891,11000000,64.1891,X]
[5,F,0.648727,11000000,64.8727,X]
[11,F,0.675955,00100000,67.5955,X]
[23,F,0.758133,00001000,75.8133,X]
[15,F,0.762869,00010000,76.2869,X]
[16,F,0.763845,00010000,76.3845,X]
[17,F,0.767752,00010000,76.7752,X]
[25,F,0.775711,00000100,77.5711,X]
[26,F,0.816727,00000100,81.6727,X]
[36,F,0.825113,00000001,82.5113,X]
[33,F,0.830972,00000010,83.0972,X]
[34,F,0.836831,00000010,83.6831,X]
[6,F,0.867477,11000000,86.7477,X]
[35,F,0.8798,00000010,87.98,X]
[27,F,0.890945,00000100,89.0945,X]
[24,F,0.900711,00001000,90.0711,X]
[12,F,0.90447,00100000,90.447,X]
[28,F,0.936844,00000100,93.6844,X]
[29,F,0.952469,00000100,95.2469,X]
[13,F,0.974783,00100000,97.4783,X]
GUIDE_TREE_PARTITION1=(((t1:8.36,t2:8.36):48.74,(t3:53.01,t4:53.01):4.09):42.9,((t5:59.05,t6:59.05):28.61,(t7:18.27,t8:18.27):69.39):12.34);
