Taxa bit representation:
t1 10000000
t2 01000000
t3 00100000
t4 00010000
t5 00001000
t6 00000100
t7 00000010
t8 00000001
Clade List (<taxon members> = <clade name>): 

>Dataset_0
[0,F,0.119812,11110000,11.9812,X]
[12,F,0.282388,00000100,28.2388,X]
[13,F,0.286294,00000100,28.6294,X]
[14,F,0.332192,00000100,33.2192,X]
[1,F,0.350281,11110000,35.0281,X]
[15,F,0.379067,00000100,37.9067,X]
[16,F,0.410317,00000100,41.0317,X]
[17,F,0.453286,00000100,45.3286,X]
[2,F,0.533875,11110000,53.3875,X]
[18,F,0.541177,00000100,54.1177,X]
[10,F,0.545083,00001000,54.5083,X]
[9,F,0.647675,00100000,64.7675,X]
[22,F,0.649425,00000001,64.9425,X]
[19,F,0.653481,00000100,65.3481,X]
[3,F,0.695302,10000000,69.5302,X]
[11,F,0.711098,00001000,71.1098,X]
[20,F,0.711098,00000100,71.1098,X]
[4,F,0.73827,10000000,73.827,X]
[7,F,0.791005,01000000,79.1005,X]
[5,F,0.819325,10000000,81.9325,X]
[21,F,0.825206,00000010,82.5206,X]
[8,F,0.838856,01000000,83.8856,X]
[6,F,0.926747,10000000,92.6747,X]
GUIDE_TREE_PARTITION1=(((((t1:38.38,t2:38.38):1.54,t3:39.92):0.24,t4:40.16):48.64,(t5:77.23,t6:77.23):11.57):11.2,(t7:42.87,t8:42.87):57.13);
