Taxa bit representation:
t1 10000000
t2 01000000
t3 00100000
t4 00010000
t5 00001000
t6 00000100
t7 00000010
t8 00000001
Clade List (<taxon members> = <clade name>): 

>Dataset_0
[39,F,0.0117188,00000011,1.17188,X]
[0,F,0.0205078,11111100,2.05078,X]
[1,F,0.0556641,11111100,5.56641,X]
[40,F,0.0751953,00000011,7.51953,X]
[41,F,0.078125,00000011,7.8125,X]
[2,F,0.0966797,11111100,9.66797,X]
[3,F,0.137695,11111100,13.7695,X]
[4,F,0.141602,11111100,14.1602,X]
[42,F,0.181641,00000011,18.1641,X]
[43,F,0.19043,00000011,19.043,X]
[5,F,0.194336,11111100,19.4336,X]
[6,F,0.210938,11111100,21.0938,X]
[44,F,0.233398,00000011,23.3398,X]
[45,F,0.266602,00000011,26.6602,X]
[7,F,0.292678,11110000,29.2678,X]
[46,F,0.388672,00000011,38.8672,X]
[31,F,0.454841,00000100,45.4841,X]
[8,F,0.471389,11110000,47.1389,X]
[25,F,0.500739,00001000,50.0739,X]
[47,F,0.510742,00000011,51.0742,X]
[9,F,0.521194,11110000,52.1194,X]
[10,F,0.55342,11110000,55.342,X]
[26,F,0.581794,00001000,58.1794,X]
[48,F,0.614258,00000011,61.4258,X]
[11,F,0.635878,11100000,63.5878,X]
[49,F,0.644531,00000011,64.4531,X]
[27,F,0.649177,00001000,64.9177,X]
[32,F,0.656989,00000100,65.6989,X]
[20,F,0.665175,00010000,66.5175,X]
[33,F,0.706794,00000100,70.6794,X]
[28,F,0.715583,00001000,71.5583,X]
[50,F,0.719727,00000011,71.9727,X]
[21,F,0.729628,00010000,72.9628,X]
[34,F,0.746833,00000100,74.6833,X]
[35,F,0.785895,00000100,78.5895,X]
[12,F,0.797727,11000000,79.7727,X]
[29,F,0.803473,00001000,80.3473,X]
[15,F,0.832883,00100000,83.2883,X]
[16,F,0.835812,00100000,83.5812,X]
[22,F,0.838027,00010000,83.8027,X]
[17,F,0.85632,00100000,85.632,X]
[18,F,0.874875,00100000,87.4875,X]
[36,F,0.878669,00000100,87.8669,X]
[37,F,0.904059,00000100,90.4059,X]
[23,F,0.919081,00010000,91.9081,X]
[19,F,0.926633,00100000,92.6633,X]
[51,F,0.928711,00000011,92.8711,X]
[30,F,0.930427,00001000,93.0427,X]
[38,F,0.943122,00000100,94.3122,X]
[24,F,0.954237,00010000,95.4237,X]
[14,F,0.969205,01000000,96.9205,X]
[52,F,0.973091,00000010,97.3091,X]
[13,F,0.989712,10000000,98.9712,X]
GUIDE_TREE_PARTITION1=(((((t1:14.31,t2:14.31):9.14,t3:23.45):14.72,t4:38.17):40.57,(t5:60.18,t6:60.18):18.56):21.26,(t7:5.23,t8:5.23):94.77);
