Taxa bit representation:
t1 10000000
t2 01000000
t3 00100000
t4 00010000
t5 00001000
t6 00000100
t7 00000010
t8 00000001
Clade List (<taxon members> = <clade name>): 

>Dataset_0
[0,F,0.223633,11110000,22.3633,X]
[6,F,0.227173,00001100,22.7173,X]
[1,F,0.274414,11110000,27.4414,X]
[9,F,0.357056,00000011,35.7056,X]
[7,F,0.364869,00001100,36.4869,X]
[2,F,0.373047,11110000,37.3047,X]
[10,F,0.507447,00000011,50.7447,X]
[8,F,0.559205,00001100,55.9205,X]
[4,F,0.695289,00110000,69.5289,X]
[5,F,0.862281,00110000,86.2281,X]
[3,F,0.945312,01000000,94.5312,X]
[11,F,0.997452,00000001,99.7452,X]
GUIDE_TREE_PARTITION1=(((t1:43.75,t2:43.75):0.1,(t3:4.82,t4:4.82):39.03):56.15,((t5:31.87,t6:31.87):60.94,(t7:11.29,t8:11.29):81.52):7.19);
