Taxa bit representation:
t1 10000000
t2 01000000
t3 00100000
t4 00010000
t5 00001000
t6 00000100
t7 00000010
t8 00000001
Clade List (<taxon members> = <clade name>): 

>Dataset_0
[20,F,0.143555,00000011,14.3555,X]
[12,F,0.266002,00000100,26.6002,X]
[13,F,0.310923,00000100,31.0923,X]
[0,F,0.320219,11110000,32.0219,X]
[1,F,0.332914,11110000,33.2914,X]
[14,F,0.341197,00000100,34.1197,X]
[15,F,0.352916,00000100,35.2916,X]
[21,F,0.354492,00000011,35.4492,X]
[16,F,0.368541,00000100,36.8541,X]
[22,F,0.481445,00000011,48.1445,X]
[17,F,0.508189,00000100,50.8189,X]
[7,F,0.548228,00001000,54.8228,X]
[8,F,0.613658,00001000,61.3658,X]
[2,F,0.624675,11100000,62.4675,X]
[6,F,0.626628,00010000,62.6628,X]
[9,F,0.669322,00001000,66.9322,X]
[10,F,0.722056,00001000,72.2056,X]
[18,F,0.750377,00000100,75.0377,X]
[19,F,0.789439,00000100,78.9439,X]
[11,F,0.818736,00001000,81.8736,X]
[4,F,0.833686,00100000,83.3686,X]
[3,F,0.901816,10000000,90.1816,X]
[23,F,0.969389,00000001,96.9389,X]
[5,F,0.984077,00100000,98.4077,X]
GUIDE_TREE_PARTITION1=(((((t1:20.17,t2:20.17):6.52,t3:26.69):34.28,t4:60.97):20.68,(t5:75.06,t6:75.06):6.59):18.35,(t7:22.69,t8:22.69):77.31);
