Taxa bit representation:
t1 10000000
t2 01000000
t3 00100000
t4 00010000
t5 00001000
t6 00000100
t7 00000010
t8 00000001
Clade List (<taxon members> = <clade name>): 

>Dataset_0
[60,F,0.0615234,00001111,6.15234,X]
[61,F,0.0878906,00001111,8.78906,X]
[0,F,0.106916,11000000,10.6916,X]
[1,F,0.114728,11000000,11.4728,X]
[102,F,0.153591,00000011,15.3591,X]
[87,F,0.154008,00000100,15.4008,X]
[2,F,0.169416,11000000,16.9416,X]
[37,F,0.172345,00110000,17.2345,X]
[62,F,0.179398,00001000,17.9398,X]
[63,F,0.180375,00001000,18.0375,X]
[103,F,0.185817,00000011,18.5817,X]
[38,F,0.186994,00110000,18.6994,X]
[104,F,0.19363,00000011,19.363,X]
[3,F,0.201642,11000000,20.1642,X]
[64,F,0.208695,00001000,20.8695,X]
[39,F,0.220197,00110000,22.0197,X]
[105,F,0.225856,00000011,22.5856,X]
[65,F,0.23018,00001000,23.018,X]
[40,F,0.231916,00110000,23.1916,X]
[4,F,0.231916,11000000,23.1916,X]
[5,F,0.240705,11000000,24.0705,X]
[41,F,0.259259,00110000,25.9259,X]
[42,F,0.276837,00110000,27.6837,X]
[6,F,0.278791,11000000,27.8791,X]
[43,F,0.299298,00110000,29.9298,X]
[44,F,0.313947,00110000,31.3947,X]
[7,F,0.321759,11000000,32.1759,X]
[106,F,0.325466,00000011,32.5466,X]
[107,F,0.330348,00000011,33.0348,X]
[88,F,0.366898,00000100,36.6898,X]
[66,F,0.370805,00001000,37.0805,X]
[8,F,0.383044,10000000,38.3044,X]
[21,F,0.400622,01000000,40.0622,X]
[67,F,0.406937,00001000,40.6937,X]
[108,F,0.418239,00000011,41.8239,X]
[109,F,0.425075,00000011,42.5075,X]
[22,F,0.431872,01000000,43.1872,X]
[68,F,0.447953,00001000,44.7953,X]
[89,F,0.449906,00000100,44.9906,X]
[23,F,0.461169,01000000,46.1169,X]
[69,F,0.50557,00001000,50.557,X]
[70,F,0.506547,00001000,50.6547,X]
[9,F,0.513903,10000000,51.3903,X]
[45,F,0.515534,00100000,51.5534,X]
[110,F,0.515895,00000011,51.5895,X]
[71,F,0.534867,00001000,53.4867,X]
[90,F,0.537797,00000100,53.7797,X]
[24,F,0.561755,01000000,56.1755,X]
[46,F,0.566316,00100000,56.6316,X]
[72,F,0.57393,00001000,57.393,X]
[111,F,0.583278,00000011,58.3278,X]
[73,F,0.588578,00001000,58.8578,X]
[47,F,0.600495,00100000,60.0495,X]
[91,F,0.610062,00000100,61.0062,X]
[10,F,0.624255,10000000,62.4255,X]
[25,F,0.63402,01000000,63.402,X]
[26,F,0.660388,01000000,66.0388,X]
[11,F,0.663317,10000000,66.3317,X]
[74,F,0.669633,00001000,66.9633,X]
[48,F,0.670808,00100000,67.0808,X]
[75,F,0.673539,00001000,67.3539,X]
[92,F,0.675492,00000100,67.5492,X]
[12,F,0.676013,10000000,67.6013,X]
[13,F,0.676989,10000000,67.6989,X]
[27,F,0.678942,01000000,67.8942,X]
[93,F,0.685258,00000100,68.5258,X]
[76,F,0.690141,00001000,69.0141,X]
[77,F,0.696,00001000,69.6,X]
[14,F,0.697497,10000000,69.7497,X]
[78,F,0.697953,00001000,69.7953,X]
[79,F,0.707719,00001000,70.7719,X]
[94,F,0.711625,00000100,71.1625,X]
[53,F,0.722566,00010000,72.2566,X]
[15,F,0.7307,10000000,73.07,X]
[16,F,0.740466,10000000,74.0466,X]
[28,F,0.755114,01000000,75.5114,X]
[29,F,0.763903,01000000,76.3903,X]
[30,F,0.765856,01000000,76.5856,X]
[112,F,0.772731,00000011,77.2731,X]
[80,F,0.773148,00001000,77.3148,X]
[17,F,0.773669,10000000,77.3669,X]
[49,F,0.780183,00100000,78.0183,X]
[54,F,0.781159,00010000,78.1159,X]
[113,F,0.78738,00000011,78.738,X]
[31,F,0.802966,01000000,80.2966,X]
[55,F,0.805573,00010000,80.5573,X]
[114,F,0.811012,00000010,81.1012,X]
[115,F,0.817848,00000010,81.7848,X]
[81,F,0.822953,00001000,82.2953,X]
[116,F,0.828591,00000010,82.8591,X]
[56,F,0.829011,00010000,82.9011,X]
[82,F,0.836625,00001000,83.6625,X]
[95,F,0.839555,00000100,83.9555,X]
[96,F,0.860062,00000100,86.0062,X]
[32,F,0.862536,01000000,86.2536,X]
[97,F,0.867875,00000100,86.7875,X]
[50,F,0.870027,00100000,87.0027,X]
[83,F,0.878617,00001000,87.8617,X]
[51,F,0.894441,00100000,89.4441,X]
[119,F,0.898903,00000001,89.8903,X]
[18,F,0.901598,10000000,90.1598,X]
[52,F,0.902253,00100000,90.2253,X]
[33,F,0.905505,01000000,90.5505,X]
[98,F,0.91182,00000100,91.182,X]
[117,F,0.924294,00000010,92.4294,X]
[120,F,0.934059,00000001,93.4059,X]
[57,F,0.93448,00010000,93.448,X]
[84,F,0.939164,00001000,93.9164,X]
[99,F,0.941117,00000100,94.1117,X]
[34,F,0.941637,01000000,94.1637,X]
[19,F,0.955309,10000000,95.5309,X]
[100,F,0.963578,00000100,96.3578,X]
[58,F,0.972566,00010000,97.2566,X]
[85,F,0.98018,00001000,98.018,X]
[35,F,0.981677,01000000,98.1677,X]
[20,F,0.98363,10000000,98.363,X]
[59,F,0.987214,00010000,98.7214,X]
[36,F,0.990466,01000000,99.0466,X]
[101,F,0.994828,00000100,99.4828,X]
[86,F,0.998734,00001000,99.8734,X]
[118,F,0.999489,00000010,99.9489,X]
GUIDE_TREE_PARTITION1=(((t1:64.43,t2:64.43):28.98,(t3:53.72,t4:53.72):39.69):6.59,((t5:86.65,t6:86.65):0.53,(t7:19.68,t8:19.68):67.5):12.82);
