Taxa bit representation:
t1 10000000
t2 01000000
t3 00100000
t4 00010000
t5 00001000
t6 00000100
t7 00000010
t8 00000001
Clade List (<taxon members> = <clade name>): 

>Dataset_0
[9,F,0.191714,00001100,19.1714,X]
[10,F,0.230777,00001100,23.0777,X]
[6,F,0.313078,00010000,31.3078,X]
[0,F,0.344328,11100000,34.4328,X]
[15,F,0.371094,00000011,37.1094,X]
[11,F,0.405581,00001100,40.5581,X]
[1,F,0.500578,11100000,50.0578,X]
[2,F,0.502531,11100000,50.2531,X]
[3,F,0.504484,11100000,50.4484,X]
[16,F,0.602539,00000011,60.2539,X]
[13,F,0.611639,00000100,61.1639,X]
[14,F,0.625311,00000100,62.5311,X]
[17,F,0.75,00000011,75,X]
[7,F,0.806242,00010000,80.6242,X]
[12,F,0.845037,00001000,84.5037,X]
[8,F,0.888273,00010000,88.8273,X]
[4,F,0.918909,01000000,91.8909,X]
[5,F,0.921839,01000000,92.1839,X]
[18,F,0.927602,00000001,92.7602,X]
GUIDE_TREE_PARTITION1=(((((t1:18.07,t2:18.07):3.87,t3:21.94):48.51,t4:70.45):12.82,(t5:49.09,t6:49.09):34.18):16.73,(t7:15.15,t8:15.15):84.85);
