Taxa bit representation:
t1 10000000
t2 01000000
t3 00100000
t4 00010000
t5 00001000
t6 00000100
t7 00000010
t8 00000001
Clade List (<taxon members> = <clade name>): 

>Dataset_0
[15,F,0.0146484,00000011,1.46484,X]
[0,F,0.18457,11111100,18.457,X]
[16,F,0.272461,00000011,27.2461,X]
[10,F,0.405591,00010000,40.5591,X]
[11,F,0.424064,00001100,42.4064,X]
[1,F,0.447678,11000000,44.7678,X]
[12,F,0.492423,00001100,49.2423,X]
[13,F,0.532462,00001100,53.2462,X]
[3,F,0.619064,01000000,61.9064,X]
[9,F,0.650803,00100000,65.0803,X]
[17,F,0.738492,00000010,73.8492,X]
[2,F,0.749923,10000000,74.9923,X]
[4,F,0.771408,01000000,77.1408,X]
[5,F,0.78508,01000000,78.508,X]
[6,F,0.857345,01000000,85.7345,X]
[20,F,0.857633,00000001,85.7633,X]
[7,F,0.881759,01000000,88.1759,X]
[18,F,0.896695,00000010,89.6695,X]
[8,F,0.922775,01000000,92.2775,X]
[14,F,0.95922,00001100,95.922,X]
[19,F,0.963102,00000010,96.3102,X]
GUIDE_TREE_PARTITION1=(((((t1:49.91,t2:49.91):7.08,t3:56.99):4.99,t4:61.98):1.18,(t5:0.02,t6:0.02):63.14):36.84,(t7:30.35,t8:30.35):69.65);
