Taxa bit representation:
t1 10000000
t2 01000000
t3 00100000
t4 00010000
t5 00001000
t6 00000100
t7 00000010
t8 00000001
Clade List (<taxon members> = <clade name>): 

>Dataset_0
[46,F,0.0625,00000011,6.25,X]
[47,F,0.123047,00000011,12.3047,X]
[28,F,0.170538,00000100,17.0538,X]
[29,F,0.17835,00000100,17.835,X]
[48,F,0.180664,00000011,18.0664,X]
[20,F,0.207647,00001000,20.7647,X]
[49,F,0.217773,00000011,21.7773,X]
[30,F,0.250616,00000100,25.0616,X]
[21,F,0.261358,00001000,26.1358,X]
[22,F,0.273077,00001000,27.3077,X]
[31,F,0.287725,00000100,28.7725,X]
[0,F,0.288237,11000000,28.8237,X]
[9,F,0.31147,00010000,31.147,X]
[23,F,0.318975,00001000,31.8975,X]
[3,F,0.341948,00100000,34.1948,X]
[4,F,0.366362,00100000,36.6362,X]
[50,F,0.372725,00000010,37.2725,X]
[51,F,0.390303,00000010,39.0303,X]
[52,F,0.398116,00000010,39.8116,X]
[53,F,0.404952,00000010,40.4952,X]
[10,F,0.428658,00010000,42.8658,X]
[32,F,0.43128,00000100,43.128,X]
[11,F,0.43647,00010000,43.647,X]
[54,F,0.438155,00000010,43.8155,X]
[61,F,0.449873,00000001,44.9873,X]
[33,F,0.470342,00000100,47.0342,X]
[34,F,0.472295,00000100,47.2295,X]
[62,F,0.472334,00000001,47.2334,X]
[35,F,0.475225,00000100,47.5225,X]
[12,F,0.475533,00010000,47.5533,X]
[36,F,0.498663,00000100,49.8663,X]
[55,F,0.501631,00000010,50.1631,X]
[1,F,0.571441,11000000,57.1441,X]
[24,F,0.572881,00001000,57.2881,X]
[37,F,0.573858,00000100,57.3858,X]
[13,F,0.604439,00010000,60.4439,X]
[38,F,0.614873,00000100,61.4873,X]
[63,F,0.634444,00000001,63.4444,X]
[64,F,0.644209,00000001,64.4209,X]
[14,F,0.667916,00010000,66.7916,X]
[56,F,0.680342,00000010,68.0342,X]
[57,F,0.681319,00000010,68.1319,X]
[39,F,0.684209,00000100,68.4209,X]
[58,F,0.698897,00000010,69.8897,X]
[40,F,0.700811,00000100,70.0811,X]
[65,F,0.709639,00000001,70.9639,X]
[59,F,0.731123,00000010,73.1123,X]
[25,F,0.735967,00001000,73.5967,X]
[15,F,0.758736,00010000,75.8736,X]
[2,F,0.765777,11000000,76.5777,X]
[60,F,0.777998,00000010,77.7998,X]
[5,F,0.779448,00100000,77.9448,X]
[41,F,0.792608,00000100,79.2608,X]
[42,F,0.825811,00000100,82.5811,X]
[43,F,0.832647,00000100,83.2647,X]
[44,F,0.845342,00000100,84.5342,X]
[6,F,0.906402,00100000,90.6402,X]
[16,F,0.909127,00010000,90.9127,X]
[17,F,0.929634,00010000,92.9634,X]
[18,F,0.934517,00010000,93.4517,X]
[26,F,0.936163,00001000,93.6163,X]
[7,F,0.948394,00100000,94.8394,X]
[19,F,0.958931,00010000,95.8931,X]
[45,F,0.970342,00000100,97.0342,X]
[27,F,0.977178,00001000,97.7178,X]
[8,F,0.988433,00100000,98.8433,X]
GUIDE_TREE_PARTITION1=(((((t1:5.34,t2:5.34):68.18,t3:73.52):20.04,t4:93.56):4.18,(t5:85.29,t6:85.29):12.45):2.26,(t7:64.29,t8:64.29):35.71);
