Taxa bit representation:
t1 10000000
t2 01000000
t3 00100000
t4 00010000
t5 00001000
t6 00000100
t7 00000010
t8 00000001
Clade List (<taxon members> = <clade name>): 

>Dataset_0
[0,F,0.00488281,11110000,0.488281,X]
[75,F,0.0332031,00001111,3.32031,X]
[76,F,0.0703125,00001111,7.03125,X]
[77,F,0.0898438,00001111,8.98438,X]
[36,F,0.0907063,00110000,9.07062,X]
[1,F,0.0936359,11000000,9.36359,X]
[2,F,0.0955891,11000000,9.55891,X]
[3,F,0.140511,11000000,14.0511,X]
[37,F,0.142464,00110000,14.2464,X]
[4,F,0.169378,10000000,16.9378,X]
[38,F,0.185433,00110000,18.5433,X]
[5,F,0.195745,10000000,19.5745,X]
[39,F,0.201058,00110000,20.1058,X]
[20,F,0.209417,01000000,20.9417,X]
[6,F,0.225042,10000000,22.5042,X]
[7,F,0.231878,10000000,23.1878,X]
[78,F,0.239258,00001111,23.9258,X]
[21,F,0.252386,01000000,25.2386,X]
[22,F,0.264105,01000000,26.4105,X]
[79,F,0.266602,00001111,26.6602,X]
[23,F,0.268987,01000000,26.8987,X]
[24,F,0.280706,01000000,28.0706,X]
[80,F,0.299805,00001111,29.9805,X]
[8,F,0.30805,10000000,30.805,X]
[25,F,0.311956,01000000,31.1956,X]
[81,F,0.313477,00001111,31.3477,X]
[82,F,0.320312,00001111,32.0312,X]
[40,F,0.321175,00110000,32.1175,X]
[26,F,0.327581,01000000,32.7581,X]
[41,F,0.328987,00110000,32.8987,X]
[83,F,0.354492,00001111,35.4492,X]
[84,F,0.383789,00001111,38.3789,X]
[42,F,0.394417,00110000,39.4417,X]
[27,F,0.40473,01000000,40.473,X]
[43,F,0.405159,00110000,40.5159,X]
[28,F,0.43305,01000000,43.305,X]
[44,F,0.439331,00100000,43.9331,X]
[9,F,0.442816,10000000,44.2816,X]
[85,F,0.443359,00001111,44.3359,X]
[45,F,0.445191,00100000,44.5191,X]
[29,F,0.452581,01000000,45.2581,X]
[86,F,0.455078,00001111,45.5078,X]
[57,F,0.461792,00010000,46.1792,X]
[46,F,0.462769,00100000,46.2769,X]
[58,F,0.471558,00010000,47.1558,X]
[104,F,0.47483,00000011,47.483,X]
[87,F,0.491431,00001100,49.1431,X]
[59,F,0.494019,00010000,49.4019,X]
[88,F,0.511939,00001100,51.1939,X]
[30,F,0.514105,01000000,51.4105,X]
[89,F,0.528541,00001100,52.8541,X]
[90,F,0.53147,00001100,53.147,X]
[47,F,0.537964,00100000,53.7964,X]
[60,F,0.539917,00010000,53.9917,X]
[31,F,0.543402,01000000,54.3402,X]
[105,F,0.544166,00000011,54.4166,X]
[32,F,0.563909,01000000,56.3909,X]
[10,F,0.575628,10000000,57.5628,X]
[48,F,0.57605,00100000,57.605,X]
[106,F,0.576392,00000011,57.6392,X]
[107,F,0.578345,00000011,57.8345,X]
[11,F,0.609808,10000000,60.9808,X]
[91,F,0.617408,00001100,61.7408,X]
[33,F,0.629339,01000000,62.9339,X]
[61,F,0.63562,00010000,63.562,X]
[62,F,0.639527,00010000,63.9527,X]
[49,F,0.649292,00100000,64.9292,X]
[12,F,0.663519,10000000,66.3519,X]
[63,F,0.663941,00010000,66.3941,X]
[50,F,0.66687,00100000,66.687,X]
[51,F,0.667847,00100000,66.7847,X]
[64,F,0.679566,00010000,67.9566,X]
[52,F,0.686402,00100000,68.6402,X]
[92,F,0.689673,00001100,68.9673,X]
[13,F,0.692816,10000000,69.2816,X]
[65,F,0.69812,00010000,69.812,X]
[108,F,0.702984,00000010,70.2984,X]
[66,F,0.70398,00010000,70.398,X]
[93,F,0.7219,00001100,72.19,X]
[53,F,0.739136,00100000,73.9136,X]
[109,F,0.74693,00000010,74.693,X]
[14,F,0.74848,10000000,74.848,X]
[110,F,0.749859,00000010,74.9859,X]
[15,F,0.750433,10000000,75.0433,X]
[54,F,0.752808,00100000,75.2808,X]
[117,F,0.756695,00000001,75.6695,X]
[111,F,0.758648,00000010,75.8648,X]
[112,F,0.765484,00000010,76.5484,X]
[67,F,0.76648,00010000,76.648,X]
[16,F,0.77387,10000000,77.387,X]
[118,F,0.774273,00000001,77.4273,X]
[68,F,0.793823,00010000,79.3823,X]
[113,F,0.794781,00000010,79.4781,X]
[69,F,0.796753,00010000,79.6753,X]
[119,F,0.799664,00000001,79.9664,X]
[17,F,0.811956,10000000,81.1956,X]
[94,F,0.814673,00001100,81.4673,X]
[18,F,0.818792,10000000,81.8792,X]
[120,F,0.823102,00000001,82.3102,X]
[121,F,0.829937,00000001,82.9938,X]
[19,F,0.838323,10000000,83.8323,X]
[122,F,0.839703,00000001,83.9703,X]
[34,F,0.84223,01000000,84.223,X]
[114,F,0.845562,00000010,84.5563,X]
[115,F,0.846539,00000010,84.6539,X]
[70,F,0.853394,00010000,85.3394,X]
[95,F,0.862525,00001100,86.2525,X]
[123,F,0.870953,00000001,87.0953,X]
[96,F,0.872291,00001100,87.2291,X]
[97,F,0.874244,00001100,87.4244,X]
[71,F,0.882691,00010000,88.2691,X]
[98,F,0.883033,00001100,88.3033,X]
[99,F,0.888892,00001100,88.8892,X]
[55,F,0.889527,00100000,88.9527,X]
[56,F,0.905152,00100000,90.5152,X]
[116,F,0.910992,00000010,91.0992,X]
[35,F,0.915472,01000000,91.5472,X]
[101,F,0.950877,00000100,95.0877,X]
[124,F,0.954937,00000001,95.4938,X]
[72,F,0.954956,00010000,95.4956,X]
[100,F,0.959666,00001000,95.9666,X]
[102,F,0.962595,00000100,96.2595,X]
[73,F,0.962769,00010000,96.2769,X]
[103,F,0.969431,00000100,96.9431,X]
[74,F,0.976441,00010000,97.6441,X]
[125,F,0.995953,00000001,99.5953,X]
[126,F,0.99693,00000001,99.693,X]
GUIDE_TREE_PARTITION1=(((t1:84.82,t2:84.82):12.75,(t3:58.02,t4:58.02):39.55):2.43,((t5:5.01,t6:5.01):47.8,(t7:31.85,t8:31.85):20.96):47.19);
