Taxa bit representation:
t1 10000000
t2 01000000
t3 00100000
t4 00010000
t5 00001000
t6 00000100
t7 00000010
t8 00000001
Clade List (<taxon members> = <clade name>): 

>Dataset_0
[22,F,0.00976562,00000011,0.976562,X]
[23,F,0.0400391,00000011,4.00391,X]
[24,F,0.114258,00000011,11.4258,X]
[25,F,0.216797,00000011,21.6797,X]
[0,F,0.231445,11111100,23.1445,X]
[1,F,0.277344,11111100,27.7344,X]
[2,F,0.388672,11111100,38.8672,X]
[26,F,0.418945,00000011,41.8945,X]
[27,F,0.443359,00000011,44.3359,X]
[28,F,0.463867,00000011,46.3867,X]
[3,F,0.479492,11111100,47.9492,X]
[4,F,0.480469,11111100,48.0469,X]
[29,F,0.482422,00000011,48.2422,X]
[30,F,0.487305,00000011,48.7305,X]
[5,F,0.506836,11111100,50.6836,X]
[31,F,0.506836,00000011,50.6836,X]
[32,F,0.541992,00000011,54.1992,X]
[6,F,0.561523,11111100,56.1523,X]
[7,F,0.637695,11111100,63.7695,X]
[33,F,0.638672,00000011,63.8672,X]
[34,F,0.639648,00000011,63.9648,X]
[18,F,0.722052,00001100,72.2052,X]
[11,F,0.730514,00100000,73.0514,X]
[12,F,0.73442,00100000,73.442,X]
[14,F,0.746105,00010000,74.6105,X]
[19,F,0.748419,00001100,74.8419,X]
[37,F,0.750297,00000001,75.0297,X]
[35,F,0.778617,00000010,77.8617,X]
[15,F,0.783214,00010000,78.3214,X]
[13,F,0.810592,00100000,81.0592,X]
[38,F,0.813773,00000001,81.3773,X]
[36,F,0.871391,00000010,87.1391,X]
[20,F,0.92713,00001100,92.713,X]
[16,F,0.940441,00010000,94.0441,X]
[9,F,0.942497,01000000,94.2497,X]
[17,F,0.944347,00010000,94.4347,X]
[8,F,0.961052,10000000,96.1052,X]
[10,F,0.964958,01000000,96.4958,X]
[21,F,0.973614,00001000,97.3614,X]
GUIDE_TREE_PARTITION1=(((((t1:14.93,t2:14.93):14.46,t3:29.39):0.98,t4:30.37):2.21,(t5:5.08,t6:5.08):27.5):67.42,(t7:27.9,t8:27.9):72.1);
