Taxa bit representation:
t1 10000000
t2 01000000
t3 00100000
t4 00010000
t5 00001000
t6 00000100
t7 00000010
t8 00000001
Clade List (<taxon members> = <clade name>): 

>Dataset_0
[0,F,0.0654297,11111100,6.54297,X]
[37,F,0.184719,00000001,18.4719,X]
[1,F,0.185547,11111100,18.5547,X]
[21,F,0.331891,00001100,33.1891,X]
[38,F,0.365383,00000001,36.5383,X]
[2,F,0.369,11110000,36.9,X]
[29,F,0.371242,00000010,37.1242,X]
[22,F,0.439312,00001100,43.9312,X]
[3,F,0.455983,11100000,45.5983,X]
[4,F,0.507741,11100000,50.7741,X]
[30,F,0.526516,00000010,52.6516,X]
[5,F,0.543873,11100000,54.3873,X]
[31,F,0.547023,00000010,54.7023,X]
[23,F,0.617047,00001100,61.7047,X]
[6,F,0.621022,11100000,62.1022,X]
[32,F,0.631984,00000010,63.1984,X]
[11,F,0.636106,00100000,63.6106,X]
[25,F,0.639531,00000100,63.9531,X]
[12,F,0.66345,00100000,66.345,X]
[13,F,0.669309,00100000,66.9309,X]
[33,F,0.67007,00000010,67.007,X]
[18,F,0.671803,00010000,67.1803,X]
[14,F,0.672239,00100000,67.2239,X]
[34,F,0.688625,00000010,68.8625,X]
[7,F,0.700559,11000000,70.0559,X]
[39,F,0.70132,00000001,70.132,X]
[24,F,0.702031,00001000,70.2031,X]
[15,F,0.726927,00100000,72.6927,X]
[35,F,0.73257,00000010,73.257,X]
[8,F,0.735716,11000000,73.5716,X]
[40,F,0.779445,00000001,77.9445,X]
[16,F,0.779661,00100000,77.9661,X]
[26,F,0.801641,00000100,80.1641,X]
[27,F,0.816289,00000100,81.6289,X]
[9,F,0.825559,11000000,82.5559,X]
[36,F,0.837063,00000010,83.7063,X]
[10,F,0.855833,11000000,85.5833,X]
[19,F,0.862233,00010000,86.2233,X]
[41,F,0.877102,00000001,87.7102,X]
[20,F,0.893483,00010000,89.3483,X]
[17,F,0.927122,00100000,92.7122,X]
[42,F,0.942531,00000001,94.2531,X]
[28,F,0.947148,00000100,94.7148,X]
GUIDE_TREE_PARTITION1=(((((t1:4.33,t2:4.33):32.45,t3:36.78):24.36,t4:61.14):8.21,(t5:38,t6:38):31.35):30.65,(t7:82.7,t8:82.7):17.3);
