Taxa bit representation:
t1 10000000
t2 01000000
t3 00100000
t4 00010000
t5 00001000
t6 00000100
t7 00000010
t8 00000001
Clade List (<taxon members> = <clade name>): 

>Dataset_0
[22,F,0.0359125,00001100,3.59125,X]
[0,F,0.0525141,11110000,5.25141,X]
[23,F,0.0691156,00001100,6.91156,X]
[24,F,0.145797,00001000,14.5797,X]
[30,F,0.167281,00000100,16.7281,X]
[37,F,0.170148,00000010,17.0148,X]
[31,F,0.179,00000100,17.9,X]
[25,F,0.199508,00001000,19.9508,X]
[1,F,0.199975,11110000,19.9975,X]
[26,F,0.219039,00001000,21.9039,X]
[46,F,0.231672,00000001,23.1672,X]
[38,F,0.233625,00000010,23.3625,X]
[32,F,0.23857,00000100,23.857,X]
[33,F,0.247359,00000100,24.7359,X]
[27,F,0.290328,00001000,29.0328,X]
[47,F,0.309797,00000001,30.9797,X]
[34,F,0.319625,00000100,31.9625,X]
[39,F,0.335187,00000010,33.5187,X]
[40,F,0.358625,00000010,35.8625,X]
[41,F,0.384992,00000010,38.4992,X]
[2,F,0.391725,11100000,39.1725,X]
[3,F,0.41028,11100000,41.028,X]
[42,F,0.447492,00000010,44.7492,X]
[48,F,0.451398,00000001,45.1398,X]
[43,F,0.529523,00000010,52.9523,X]
[4,F,0.531373,11100000,53.1373,X]
[5,F,0.537233,11100000,53.7233,X]
[6,F,0.542116,11100000,54.2116,X]
[18,F,0.56653,00010000,56.653,X]
[19,F,0.575319,00010000,57.5319,X]
[28,F,0.643844,00001000,64.3844,X]
[7,F,0.69628,11000000,69.628,X]
[44,F,0.714094,00000010,71.4094,X]
[29,F,0.720992,00001000,72.0992,X]
[13,F,0.72753,00100000,72.753,X]
[8,F,0.743155,11000000,74.3155,X]
[49,F,0.745344,00000001,74.5344,X]
[45,F,0.747297,00000010,74.7297,X]
[50,F,0.750227,00000001,75.0227,X]
[20,F,0.752077,00010000,75.2077,X]
[35,F,0.788375,00000100,78.8375,X]
[9,F,0.794913,11000000,79.4913,X]
[14,F,0.807608,00100000,80.7608,X]
[36,F,0.880172,00000100,88.0172,X]
[15,F,0.88085,00100000,88.085,X]
[10,F,0.922459,01000000,92.2459,X]
[21,F,0.923952,00010000,92.3952,X]
[11,F,0.928319,01000000,92.8319,X]
[12,F,0.9791,01000000,97.91,X]
[16,F,0.985342,00100000,98.5342,X]
[17,F,0.999991,00100000,99.9991,X]
GUIDE_TREE_PARTITION1=(((((t1:8.34,t2:8.34):31.7,t3:40.04):22.35,t4:62.39):34.8,(t5:88.35,t6:88.35):8.84):2.81,(t7:84.45,t8:84.45):15.55);
