Taxa bit representation:
t1 10000000
t2 01000000
t3 00100000
t4 00010000
t5 00001000
t6 00000100
t7 00000010
t8 00000001
Clade List (<taxon members> = <clade name>): 

>Dataset_0
[22,F,0.0820312,00000001,8.20312,X]
[15,F,0.103169,00000010,10.3169,X]
[0,F,0.126606,11111100,12.6606,X]
[23,F,0.128906,00000001,12.8906,X]
[24,F,0.15625,00000001,15.625,X]
[25,F,0.191406,00000001,19.1406,X]
[16,F,0.194966,00000010,19.4966,X]
[26,F,0.290039,00000001,29.0039,X]
[27,F,0.291992,00000001,29.1992,X]
[11,F,0.341308,00000100,34.1308,X]
[28,F,0.347656,00000001,34.7656,X]
[17,F,0.379536,00000010,37.9536,X]
[29,F,0.398438,00000001,39.8438,X]
[12,F,0.437011,00000100,43.7011,X]
[13,F,0.439941,00000100,43.9941,X]
[18,F,0.440083,00000010,44.0083,X]
[1,F,0.448287,11110000,44.8287,X]
[14,F,0.450683,00000100,45.0683,X]
[30,F,0.462891,00000001,46.2891,X]
[19,F,0.467427,00000010,46.7427,X]
[31,F,0.496094,00000001,49.6094,X]
[20,F,0.501606,00000010,50.1606,X]
[8,F,0.522506,00001000,52.2506,X]
[6,F,0.522542,00010000,52.2542,X]
[21,F,0.547505,00000010,54.7505,X]
[32,F,0.577148,00000001,57.7148,X]
[7,F,0.606527,00010000,60.6527,X]
[33,F,0.654297,00000001,65.4297,X]
[9,F,0.690475,00001000,69.0475,X]
[34,F,0.729492,00000001,72.9492,X]
[2,F,0.76525,10000000,76.525,X]
[4,F,0.805289,01000000,80.5289,X]
[5,F,0.821392,00100000,82.1392,X]
[10,F,0.858444,00001000,85.8444,X]
[3,F,0.900016,10000000,90.0016,X]
[35,F,0.920898,00000001,92.0898,X]
[36,F,0.991211,00000001,99.1211,X]
GUIDE_TREE_PARTITION1=(((((((t1:26.6,t2:26.6):1.71,t3:28.31):20.51,t4:48.82):18.07,t5:66.89):7.28,t6:74.17):19.81,t7:93.98):6.02,t8:100);
