Taxa bit representation:
t1 10000000
t2 01000000
t3 00100000
t4 00010000
t5 00001000
t6 00000100
t7 00000010
t8 00000001
Clade List (<taxon members> = <clade name>): 

>Dataset_0
[53,F,0.03125,00001111,3.125,X]
[54,F,0.0351562,00001111,3.51562,X]
[55,F,0.0585937,00001111,5.85937,X]
[0,F,0.0615234,11110000,6.15234,X]
[26,F,0.0916312,00110000,9.16312,X]
[56,F,0.0947266,00001111,9.47266,X]
[1,F,0.0994437,11000000,9.94437,X]
[57,F,0.100586,00001111,10.0586,X]
[58,F,0.112305,00001111,11.2305,X]
[27,F,0.122881,00110000,12.2881,X]
[28,F,0.129717,00110000,12.9717,X]
[2,F,0.132647,11000000,13.2647,X]
[29,F,0.157061,00110000,15.7061,X]
[59,F,0.172852,00001111,17.2852,X]
[30,F,0.181475,00110000,18.1475,X]
[3,F,0.185381,11000000,18.5381,X]
[4,F,0.202959,11000000,20.2959,X]
[31,F,0.204912,00110000,20.4912,X]
[32,F,0.208819,00110000,20.8819,X]
[60,F,0.224609,00001111,22.4609,X]
[61,F,0.227539,00001111,22.7539,X]
[33,F,0.248858,00110000,24.8858,X]
[34,F,0.251787,00110000,25.1787,X]
[5,F,0.263506,11000000,26.3506,X]
[6,F,0.283037,11000000,28.3037,X]
[35,F,0.307452,00110000,30.7452,X]
[36,F,0.337725,00110000,33.7725,X]
[37,F,0.338702,00110000,33.8702,X]
[38,F,0.343584,00110000,34.3584,X]
[7,F,0.348467,11000000,34.8467,X]
[62,F,0.348672,00001100,34.8672,X]
[39,F,0.360186,00110000,36.0186,X]
[8,F,0.362139,11000000,36.2139,X]
[63,F,0.392617,00001100,39.2617,X]
[9,F,0.400225,11000000,40.0225,X]
[64,F,0.405312,00001100,40.5312,X]
[65,F,0.406289,00001100,40.6289,X]
[92,F,0.408242,00000011,40.8242,X]
[40,F,0.422686,00110000,42.2686,X]
[66,F,0.436562,00001100,43.6562,X]
[93,F,0.449258,00000011,44.9258,X]
[41,F,0.471514,00110000,47.1514,X]
[67,F,0.48832,00001100,48.832,X]
[68,F,0.521523,00001100,52.1523,X]
[94,F,0.526114,00000010,52.6114,X]
[103,F,0.528067,00000001,52.8067,X]
[95,F,0.536856,00000010,53.6856,X]
[42,F,0.541827,00110000,54.1827,X]
[69,F,0.545937,00001100,54.5938,X]
[70,F,0.548867,00001100,54.8867,X]
[43,F,0.560381,00110000,56.0381,X]
[71,F,0.565469,00001100,56.5469,X]
[72,F,0.58207,00001100,58.207,X]
[96,F,0.59838,00000010,59.838,X]
[10,F,0.609209,11000000,60.9209,X]
[97,F,0.614005,00000010,61.4005,X]
[84,F,0.616102,00000100,61.6102,X]
[11,F,0.628741,11000000,62.8741,X]
[85,F,0.638563,00000100,63.8563,X]
[86,F,0.649305,00000100,64.9305,X]
[44,F,0.653155,00110000,65.3155,X]
[12,F,0.654131,11000000,65.4131,X]
[104,F,0.656973,00000001,65.6973,X]
[13,F,0.657061,11000000,65.7061,X]
[45,F,0.667803,00110000,66.7803,X]
[73,F,0.669813,00001000,66.9813,X]
[98,F,0.690177,00000010,69.0177,X]
[87,F,0.695203,00000100,69.5203,X]
[46,F,0.696123,00110000,69.6123,X]
[105,F,0.719473,00000001,71.9473,X]
[106,F,0.727286,00000001,72.7286,X]
[74,F,0.739148,00001000,73.9148,X]
[14,F,0.749834,11000000,74.9834,X]
[75,F,0.762586,00001000,76.2586,X]
[15,F,0.765266,10000000,76.5266,X]
[76,F,0.783094,00001000,78.3094,X]
[16,F,0.785773,10000000,78.5773,X]
[88,F,0.786023,00000100,78.6023,X]
[47,F,0.79085,00110000,79.085,X]
[48,F,0.797686,00110000,79.7686,X]
[77,F,0.806531,00001000,80.6531,X]
[22,F,0.807258,01000000,80.7258,X]
[99,F,0.813223,00000010,81.3223,X]
[49,F,0.818194,00110000,81.8194,X]
[17,F,0.82093,10000000,82.093,X]
[107,F,0.822012,00000001,82.2012,X]
[100,F,0.835684,00000010,83.5684,X]
[108,F,0.855216,00000001,85.5216,X]
[89,F,0.860242,00000100,86.0242,X]
[78,F,0.862195,00001000,86.2195,X]
[79,F,0.869031,00001000,86.9031,X]
[50,F,0.869952,00110000,86.9952,X]
[101,F,0.889395,00000010,88.9395,X]
[18,F,0.896125,10000000,89.6125,X]
[102,F,0.896231,00000010,89.6231,X]
[109,F,0.897208,00000001,89.7208,X]
[80,F,0.899305,00001000,89.9305,X]
[90,F,0.906141,00000100,90.6141,X]
[19,F,0.909797,10000000,90.9797,X]
[81,F,0.911023,00001000,91.1023,X]
[91,F,0.918836,00000100,91.8836,X]
[51,F,0.924639,00110000,92.4639,X]
[82,F,0.925672,00001000,92.5672,X]
[23,F,0.950812,01000000,95.0812,X]
[52,F,0.956866,00110000,95.6866,X]
[24,F,0.965461,01000000,96.5461,X]
[25,F,0.973273,01000000,97.3273,X]
[20,F,0.984016,10000000,98.4016,X]
[83,F,0.985242,00001000,98.5242,X]
[21,F,0.997687,10000000,99.7687,X]
GUIDE_TREE_PARTITION1=(((t1:24.45,t2:24.45):68.34,(t3:2.78,t4:2.78):90.01):7.21,((t5:40.05,t6:40.05):26.45,(t7:49.83,t8:49.83):16.67):33.5);
