Taxa bit representation:
t1 10000000
t2 01000000
t3 00100000
t4 00010000
t5 00001000
t6 00000100
t7 00000010
t8 00000001
Clade List (<taxon members> = <clade name>): 

>Dataset_0
[0,F,0.0310844,11111100,3.10844,X]
[100,F,0.0419922,00000001,4.19922,X]
[1,F,0.0525687,11111100,5.25687,X]
[79,F,0.0779594,00000010,7.79594,X]
[80,F,0.110186,00000010,11.0186,X]
[101,F,0.110352,00000001,11.0352,X]
[81,F,0.114092,00000010,11.4092,X]
[2,F,0.136553,11111100,13.6553,X]
[102,F,0.170898,00000001,17.0898,X]
[3,F,0.177569,11111100,17.7569,X]
[82,F,0.182452,00000010,18.2452,X]
[4,F,0.188311,11111100,18.8311,X]
[83,F,0.205889,00000010,20.5889,X]
[5,F,0.226397,11111100,22.6397,X]
[103,F,0.230469,00000001,23.0469,X]
[6,F,0.254717,11111100,25.4717,X]
[84,F,0.29085,00000010,29.085,X]
[85,F,0.297686,00000010,29.7686,X]
[86,F,0.298662,00000010,29.8662,X]
[7,F,0.318194,11111100,31.8194,X]
[87,F,0.3221,00000010,32.21,X]
[88,F,0.32503,00000010,32.503,X]
[8,F,0.352806,11111000,35.2806,X]
[9,F,0.355736,11111000,35.5736,X]
[89,F,0.379717,00000010,37.9717,X]
[10,F,0.392845,11111000,39.2845,X]
[90,F,0.401202,00000010,40.1202,X]
[11,F,0.409672,11110000,40.9672,X]
[104,F,0.416992,00000001,41.6992,X]
[65,F,0.419212,00000100,41.9212,X]
[12,F,0.431156,11110000,43.1156,X]
[66,F,0.450462,00000100,45.0462,X]
[54,F,0.459477,00001000,45.9477,X]
[105,F,0.459961,00000001,45.9961,X]
[91,F,0.460772,00000010,46.0772,X]
[106,F,0.46582,00000001,46.582,X]
[13,F,0.473148,11110000,47.3148,X]
[14,F,0.477055,11110000,47.7055,X]
[15,F,0.521977,11110000,52.1977,X]
[55,F,0.522953,00001000,52.2953,X]
[16,F,0.540195,11100000,54.0195,X]
[92,F,0.559405,00000010,55.9405,X]
[67,F,0.560814,00000100,56.0814,X]
[17,F,0.579519,11000000,57.9519,X]
[68,F,0.583275,00000100,58.3275,X]
[44,F,0.593906,00010000,59.3906,X]
[56,F,0.601078,00001000,60.1078,X]
[69,F,0.615502,00000100,61.5502,X]
[70,F,0.617455,00000100,61.7455,X]
[93,F,0.621905,00000010,62.1905,X]
[18,F,0.627786,10000000,62.7786,X]
[57,F,0.642094,00001000,64.2094,X]
[71,F,0.646752,00000100,64.6752,X]
[29,F,0.648294,01000000,64.8294,X]
[72,F,0.648705,00000100,64.8705,X]
[45,F,0.64957,00010000,64.957,X]
[36,F,0.649831,00100000,64.9831,X]
[46,F,0.651523,00010000,65.1523,X]
[47,F,0.6525,00010000,65.25,X]
[58,F,0.660648,00001000,66.0648,X]
[94,F,0.660967,00000010,66.0967,X]
[73,F,0.666283,00000100,66.6283,X]
[30,F,0.681497,01000000,68.1497,X]
[107,F,0.682617,00000001,68.2617,X]
[74,F,0.685814,00000100,68.5814,X]
[75,F,0.687767,00000100,68.7767,X]
[59,F,0.696781,00001000,69.6781,X]
[31,F,0.704934,01000000,70.4934,X]
[48,F,0.706211,00010000,70.6211,X]
[19,F,0.706888,10000000,70.6887,X]
[108,F,0.707031,00000001,70.7031,X]
[32,F,0.712747,01000000,71.2747,X]
[109,F,0.713867,00000001,71.3867,X]
[20,F,0.716653,10000000,71.6653,X]
[21,F,0.719583,10000000,71.9583,X]
[110,F,0.741211,00000001,74.1211,X]
[49,F,0.742344,00010000,74.2344,X]
[50,F,0.747227,00010000,74.7227,X]
[22,F,0.747903,10000000,74.7903,X]
[51,F,0.755039,00010000,75.5039,X]
[37,F,0.764089,00100000,76.4089,X]
[76,F,0.766869,00000100,76.6869,X]
[23,F,0.768411,10000000,76.8411,X]
[60,F,0.776859,00001000,77.6859,X]
[61,F,0.784672,00001000,78.4672,X]
[95,F,0.791827,00000010,79.1827,X]
[24,F,0.807473,10000000,80.7473,X]
[33,F,0.80845,01000000,80.845,X]
[62,F,0.812992,00001000,81.2992,X]
[25,F,0.821145,10000000,82.1145,X]
[52,F,0.823398,00010000,82.3398,X]
[34,F,0.831887,01000000,83.1887,X]
[38,F,0.835378,00100000,83.5378,X]
[39,F,0.838308,00100000,83.8308,X]
[111,F,0.845703,00000001,84.5703,X]
[26,F,0.851419,10000000,85.1419,X]
[77,F,0.861595,00000100,86.1595,X]
[112,F,0.867187,00000001,86.7187,X]
[63,F,0.868656,00001000,86.8656,X]
[96,F,0.874834,00000010,87.4834,X]
[78,F,0.882103,00000100,88.2103,X]
[27,F,0.888528,10000000,88.8528,X]
[64,F,0.889164,00001000,88.9164,X]
[40,F,0.898855,00100000,89.8855,X]
[41,F,0.901784,00100000,90.1784,X]
[53,F,0.919102,00010000,91.9102,X]
[42,F,0.927175,00100000,92.7175,X]
[113,F,0.9375,00000001,93.75,X]
[97,F,0.943194,00000010,94.3194,X]
[43,F,0.947683,00100000,94.7683,X]
[28,F,0.948098,10000000,94.8098,X]
[114,F,0.948242,00000001,94.8242,X]
[35,F,0.965677,01000000,96.5677,X]
[98,F,0.968584,00000010,96.8584,X]
[99,F,0.999834,00000010,99.9834,X]
GUIDE_TREE_PARTITION1=(((((((t1:41.03,t2:41.03):2.19,t3:43.22):4.03,t4:47.25):13.15,t5:60.4):4.71,t6:65.11):33.93,t7:99.04):0.96,t8:100);
