Taxa bit representation:
t1 10000000
t2 01000000
t3 00100000
t4 00010000
t5 00001000
t6 00000100
t7 00000010
t8 00000001
Clade List (<taxon members> = <clade name>): 

>Dataset_0
[0,F,0.0361328,11110000,3.61328,X]
[31,F,0.116267,00000011,11.6267,X]
[32,F,0.12115,00000011,12.115,X]
[33,F,0.135798,00000011,13.5798,X]
[34,F,0.141658,00000011,14.1658,X]
[1,F,0.15332,11110000,15.332,X]
[17,F,0.173359,00001000,17.3359,X]
[25,F,0.20168,00000100,20.168,X]
[26,F,0.213398,00000100,21.3398,X]
[35,F,0.223689,00000011,22.3689,X]
[36,F,0.288142,00000011,28.8142,X]
[37,F,0.30865,00000011,30.865,X]
[2,F,0.311523,11110000,31.1523,X]
[3,F,0.326172,11110000,32.6172,X]
[18,F,0.396992,00001000,39.6992,X]
[38,F,0.411189,00000011,41.1189,X]
[27,F,0.41457,00000100,41.457,X]
[19,F,0.42043,00001000,42.043,X]
[4,F,0.46582,11110000,46.582,X]
[5,F,0.492188,11110000,49.2188,X]
[39,F,0.520564,00000011,52.0564,X]
[40,F,0.53033,00000011,53.033,X]
[41,F,0.550837,00000011,55.0837,X]
[28,F,0.551289,00000100,55.1289,X]
[6,F,0.553711,11110000,55.3711,X]
[42,F,0.553767,00000011,55.3767,X]
[43,F,0.581111,00000011,58.1111,X]
[13,F,0.587559,00110000,58.7559,X]
[14,F,0.595372,00110000,59.5372,X]
[29,F,0.616719,00000100,61.6719,X]
[44,F,0.625056,00000011,62.5056,X]
[20,F,0.631367,00001000,63.1367,X]
[7,F,0.635411,11000000,63.5411,X]
[45,F,0.64947,00000011,64.947,X]
[21,F,0.655781,00001000,65.5781,X]
[46,F,0.675837,00000011,67.5837,X]
[15,F,0.721402,00100000,72.1402,X]
[8,F,0.774083,11000000,77.4083,X]
[22,F,0.778828,00001000,77.8828,X]
[16,F,0.810269,00010000,81.0269,X]
[47,F,0.849666,00000011,84.9666,X]
[11,F,0.865995,01000000,86.5995,X]
[23,F,0.88625,00001000,88.625,X]
[48,F,0.886402,00000001,88.6402,X]
[30,F,0.887227,00000100,88.7227,X]
[24,F,0.905781,00001000,90.5781,X]
[9,F,0.930448,10000000,93.0448,X]
[12,F,0.94412,01000000,94.412,X]
[10,F,0.992948,10000000,99.2948,X]
GUIDE_TREE_PARTITION1=(((t1:14.67,t2:14.67):27.16,(t3:29.52,t4:29.52):12.31):58.17,((t5:83.25,t6:83.25):7.76,(t7:13.02,t8:13.02):77.99):8.99);
