Taxa bit representation:
t1 10000000
t2 01000000
t3 00100000
t4 00010000
t5 00001000
t6 00000100
t7 00000010
t8 00000001
Clade List (<taxon members> = <clade name>): 

>Dataset_0
[41,F,0.0517578,00000011,5.17578,X]
[0,F,0.0648031,11110000,6.48031,X]
[1,F,0.102889,11110000,10.2889,X]
[35,F,0.137386,00000100,13.7386,X]
[36,F,0.151058,00000100,15.1058,X]
[42,F,0.193359,00000011,19.3359,X]
[25,F,0.246761,00001000,24.6761,X]
[43,F,0.269531,00000011,26.9531,X]
[2,F,0.354842,11110000,35.4842,X]
[26,F,0.393245,00001000,39.3245,X]
[17,F,0.425598,00010000,42.5598,X]
[27,F,0.427425,00001000,42.7425,X]
[18,F,0.441223,00010000,44.1223,X]
[44,F,0.452148,00000011,45.2148,X]
[45,F,0.457031,00000011,45.7031,X]
[37,F,0.47137,00000100,47.137,X]
[28,F,0.478206,00001000,47.8206,X]
[29,F,0.483089,00001000,48.3089,X]
[46,F,0.490234,00000011,49.0234,X]
[19,F,0.502747,00010000,50.2747,X]
[3,F,0.513489,11100000,51.3489,X]
[30,F,0.528987,00001000,52.8987,X]
[4,F,0.53302,11100000,53.302,X]
[5,F,0.543763,11100000,54.3763,X]
[31,F,0.547542,00001000,54.7542,X]
[32,F,0.56805,00001000,56.805,X]
[20,F,0.569153,00010000,56.9153,X]
[38,F,0.587581,00000100,58.7581,X]
[6,F,0.59845,11100000,59.845,X]
[21,F,0.599427,00010000,59.9427,X]
[39,F,0.604183,00000100,60.4183,X]
[47,F,0.615234,00000011,61.5234,X]
[52,F,0.654984,00000001,65.4984,X]
[53,F,0.659867,00000001,65.9867,X]
[48,F,0.685258,00000010,68.5258,X]
[22,F,0.737122,00010000,73.7122,X]
[23,F,0.738098,00010000,73.8098,X]
[33,F,0.75555,00001000,75.555,X]
[14,F,0.761937,00100000,76.1937,X]
[54,F,0.780961,00000001,78.0961,X]
[15,F,0.791234,00100000,79.1234,X]
[7,F,0.801933,10000000,80.1933,X]
[40,F,0.803402,00000100,80.3402,X]
[10,F,0.812675,01000000,81.2675,X]
[55,F,0.820023,00000001,82.0023,X]
[49,F,0.821,00000010,82.1,X]
[56,F,0.829789,00000001,82.9789,X]
[50,F,0.837602,00000010,83.7602,X]
[51,F,0.867875,00000010,86.7875,X]
[8,F,0.874198,10000000,87.4198,X]
[9,F,0.875175,10000000,87.5175,X]
[11,F,0.897636,01000000,89.7636,X]
[16,F,0.904516,00100000,90.4516,X]
[24,F,0.918762,00010000,91.8762,X]
[12,F,0.937675,01000000,93.7675,X]
[57,F,0.949906,00000001,94.9906,X]
[13,F,0.980644,01000000,98.0644,X]
[34,F,0.990902,00001000,99.0902,X]
GUIDE_TREE_PARTITION1=(((((t1:23.42,t2:23.42):15.23,t3:38.65):23.38,t4:62.03):34.81,(t5:90.07,t6:90.07):6.77):3.16,(t7:36.65,t8:36.65):63.35);
