Taxa bit representation:
t1 10000000
t2 01000000
t3 00100000
t4 00010000
t5 00001000
t6 00000100
t7 00000010
t8 00000001
Clade List (<taxon members> = <clade name>): 

>Dataset_0
[42,F,0.0537109,00000011,5.37109,X]
[43,F,0.120117,00000011,12.0117,X]
[44,F,0.12793,00000011,12.793,X]
[0,F,0.25835,11100000,25.835,X]
[45,F,0.267578,00000011,26.7578,X]
[21,F,0.28183,00001100,28.183,X]
[17,F,0.308155,00010000,30.8155,X]
[22,F,0.325775,00001100,32.5775,X]
[18,F,0.326709,00010000,32.6709,X]
[23,F,0.358978,00001100,35.8978,X]
[6,F,0.373439,01000000,37.3439,X]
[46,F,0.375,00000011,37.5,X]
[47,F,0.390625,00000011,39.0625,X]
[19,F,0.391162,00010000,39.1162,X]
[7,F,0.43008,01000000,43.008,X]
[24,F,0.44735,00001000,44.735,X]
[8,F,0.475978,01000000,47.5978,X]
[48,F,0.520508,00000011,52.0508,X]
[33,F,0.521569,00000100,52.1569,X]
[34,F,0.542077,00000100,54.2077,X]
[14,F,0.542994,00100000,54.2994,X]
[1,F,0.572658,10000000,57.2658,X]
[25,F,0.573327,00001000,57.3327,X]
[9,F,0.58047,01000000,58.047,X]
[35,F,0.598717,00000100,59.8717,X]
[2,F,0.599025,10000000,59.9025,X]
[10,F,0.600978,01000000,60.0978,X]
[26,F,0.621178,00001000,62.1178,X]
[27,F,0.628014,00001000,62.8014,X]
[28,F,0.636803,00001000,63.6803,X]
[49,F,0.638672,00000011,63.8672,X]
[3,F,0.646877,10000000,64.6877,X]
[4,F,0.676173,10000000,67.6173,X]
[36,F,0.698327,00000100,69.8327,X]
[37,F,0.704186,00000100,70.4186,X]
[20,F,0.725147,00010000,72.5147,X]
[5,F,0.751369,10000000,75.1369,X]
[50,F,0.759766,00000011,75.9766,X]
[11,F,0.764064,01000000,76.4064,X]
[29,F,0.790123,00001000,79.0123,X]
[15,F,0.794947,00100000,79.4947,X]
[38,F,0.796959,00000100,79.6959,X]
[51,F,0.81543,00000011,81.543,X]
[39,F,0.827233,00000100,82.7233,X]
[40,F,0.837975,00000100,83.7975,X]
[54,F,0.867503,00000001,86.7503,X]
[12,F,0.912502,01000000,91.2502,X]
[30,F,0.917077,00001000,91.7077,X]
[55,F,0.929027,00000001,92.9027,X]
[52,F,0.936839,00000010,93.6839,X]
[56,F,0.940745,00000001,94.0745,X]
[13,F,0.945705,01000000,94.5705,X]
[41,F,0.958092,00000100,95.8092,X]
[31,F,0.966881,00001000,96.6881,X]
[16,F,0.975611,00100000,97.5611,X]
[32,F,0.997155,00001000,99.7155,X]
[53,F,0.997386,00000010,99.7386,X]
GUIDE_TREE_PARTITION1=(((((t1:66.66,t2:66.66):3.65,t3:70.31):6.98,t4:77.29):1.07,(t5:58.39,t6:58.39):19.97):21.64,(t7:16.57,t8:16.57):83.43);
