Taxa bit representation:
t1 10000000
t2 01000000
t3 00100000
t4 00010000
t5 00001000
t6 00000100
t7 00000010
t8 00000001
Clade List (<taxon members> = <clade name>): 

>Dataset_0
[0,F,0.0214844,11110000,2.14844,X]
[93,F,0.0853766,00000011,8.53766,X]
[69,F,0.0951422,00001100,9.51422,X]
[41,F,0.110603,00110000,11.0603,X]
[94,F,0.111744,00000011,11.1744,X]
[1,F,0.113731,10000000,11.3731,X]
[15,F,0.127403,01000000,12.7403,X]
[70,F,0.166431,00001100,16.6431,X]
[95,F,0.173267,00000011,17.3267,X]
[96,F,0.179127,00000011,17.9127,X]
[97,F,0.210377,00000011,21.0377,X]
[71,F,0.214283,00001100,21.4283,X]
[42,F,0.216072,00110000,21.6072,X]
[43,F,0.218025,00110000,21.8025,X]
[16,F,0.220177,01000000,22.0177,X]
[2,F,0.227013,10000000,22.7013,X]
[44,F,0.238533,00110000,23.8533,X]
[17,F,0.246544,01000000,24.6544,X]
[3,F,0.258263,10000000,25.8263,X]
[72,F,0.259205,00001100,25.9205,X]
[45,F,0.272713,00110000,27.2713,X]
[4,F,0.2817,10000000,28.17,X]
[46,F,0.302986,00110000,30.2986,X]
[98,F,0.305103,00000011,30.5103,X]
[18,F,0.305138,01000000,30.5138,X]
[5,F,0.314903,10000000,31.4903,X]
[99,F,0.317798,00000011,31.7798,X]
[73,F,0.324634,00001100,32.4634,X]
[74,F,0.343189,00001100,34.3189,X]
[100,F,0.345142,00000011,34.5142,X]
[75,F,0.347095,00001100,34.7095,X]
[19,F,0.351036,01000000,35.1036,X]
[101,F,0.354908,00000011,35.4908,X]
[47,F,0.359627,00110000,35.9627,X]
[76,F,0.375416,00001100,37.5416,X]
[6,F,0.383263,10000000,38.3263,X]
[102,F,0.384205,00000011,38.4205,X]
[20,F,0.388145,01000000,38.8145,X]
[48,F,0.398689,00110000,39.8689,X]
[103,F,0.403736,00000011,40.3736,X]
[21,F,0.40377,01000000,40.377,X]
[22,F,0.4067,01000000,40.67,X]
[49,F,0.42408,00110000,42.408,X]
[104,F,0.457447,00000011,45.7447,X]
[77,F,0.481861,00001100,48.1861,X]
[78,F,0.510181,00001100,51.0181,X]
[105,F,0.514088,00000011,51.4088,X]
[106,F,0.519947,00000011,51.9947,X]
[7,F,0.522911,10000000,52.2911,X]
[50,F,0.526619,00110000,52.6619,X]
[23,F,0.52877,01000000,52.877,X]
[51,F,0.529548,00110000,52.9548,X]
[52,F,0.532478,00110000,53.2478,X]
[107,F,0.532642,00000011,53.2642,X]
[53,F,0.538338,00110000,53.8338,X]
[79,F,0.552173,00001100,55.2173,X]
[54,F,0.555916,00110000,55.5916,X]
[8,F,0.558067,10000000,55.8067,X]
[80,F,0.562916,00001100,56.2916,X]
[108,F,0.563892,00000011,56.3892,X]
[55,F,0.568611,00110000,56.8611,X]
[81,F,0.576588,00001100,57.6588,X]
[109,F,0.579517,00000011,57.9517,X]
[110,F,0.601631,00000010,60.1631,X]
[56,F,0.615486,00110000,61.5486,X]
[121,F,0.61628,00000001,61.628,X]
[24,F,0.617638,01000000,61.7638,X]
[122,F,0.618233,00000001,61.8233,X]
[57,F,0.623298,00110000,62.3298,X]
[123,F,0.624092,00000001,62.4092,X]
[25,F,0.626427,01000000,62.6427,X]
[111,F,0.627022,00000010,62.7022,X]
[82,F,0.642017,00001100,64.2017,X]
[124,F,0.646553,00000001,64.6553,X]
[58,F,0.651619,00110000,65.1619,X]
[26,F,0.65377,01000000,65.377,X]
[59,F,0.680916,00110000,68.0916,X]
[27,F,0.685997,01000000,68.5997,X]
[9,F,0.694786,10000000,69.4786,X]
[112,F,0.695381,00000010,69.5381,X]
[10,F,0.700645,10000000,70.0645,X]
[28,F,0.702598,01000000,70.2598,X]
[60,F,0.711189,00110000,71.1189,X]
[113,F,0.712959,00000010,71.2959,X]
[125,F,0.718819,00000001,71.8819,X]
[61,F,0.732673,00110000,73.2673,X]
[114,F,0.746163,00000010,74.6163,X]
[29,F,0.74752,01000000,74.752,X]
[30,F,0.764122,01000000,76.4122,X]
[83,F,0.797291,00001100,79.7291,X]
[31,F,0.798302,01000000,79.8302,X]
[126,F,0.80378,00000001,80.378,X]
[62,F,0.807869,00110000,80.7869,X]
[115,F,0.819405,00000010,81.9405,X]
[127,F,0.819405,00000001,81.9405,X]
[128,F,0.820381,00000001,82.0381,X]
[84,F,0.824634,00001100,82.4634,X]
[11,F,0.827598,10000000,82.7598,X]
[32,F,0.836388,01000000,83.6388,X]
[129,F,0.838936,00000001,83.8936,X]
[12,F,0.8442,10000000,84.42,X]
[130,F,0.845772,00000001,84.5772,X]
[33,F,0.851036,01000000,85.1036,X]
[85,F,0.857838,00001100,85.7837,X]
[131,F,0.859444,00000001,85.9444,X]
[86,F,0.859791,00001100,85.9791,X]
[116,F,0.862373,00000010,86.2373,X]
[34,F,0.863731,01000000,86.3731,X]
[63,F,0.871367,00100000,87.1367,X]
[64,F,0.87918,00100000,87.918,X]
[35,F,0.879356,01000000,87.9356,X]
[87,F,0.883228,00001100,88.3228,X]
[132,F,0.883858,00000001,88.3858,X]
[36,F,0.885216,01000000,88.5216,X]
[37,F,0.888145,01000000,88.8145,X]
[38,F,0.891075,01000000,89.1075,X]
[133,F,0.892647,00000001,89.2647,X]
[65,F,0.892852,00100000,89.2852,X]
[39,F,0.894981,01000000,89.4981,X]
[67,F,0.895781,00010000,89.5781,X]
[88,F,0.908619,00001100,90.8619,X]
[117,F,0.910225,00000010,91.0225,X]
[13,F,0.916466,10000000,91.6466,X]
[66,F,0.918242,00100000,91.8242,X]
[134,F,0.921944,00000001,92.1944,X]
[135,F,0.92585,00000001,92.585,X]
[14,F,0.933067,10000000,93.3067,X]
[136,F,0.939522,00000001,93.9522,X]
[118,F,0.942452,00000010,94.2452,X]
[137,F,0.951241,00000001,95.1241,X]
[119,F,0.962959,00000010,96.2959,X]
[68,F,0.963164,00010000,96.3164,X]
[120,F,0.970772,00000010,97.0772,X]
[89,F,0.975025,00001100,97.5025,X]
[138,F,0.977608,00000001,97.7608,X]
[40,F,0.977989,01000000,97.7989,X]
[90,F,0.978931,00001100,97.8931,X]
[139,F,0.992256,00000001,99.2256,X]
[91,F,0.992842,00001000,99.2842,X]
[92,F,0.992842,00000100,99.2842,X]
GUIDE_TREE_PARTITION1=(((t1:90.58,t2:90.58):1.68,(t3:15.5,t4:15.5):76.76):7.74,((t5:1.79,t6:1.79):89.77,(t7:41.79,t8:41.79):49.77):8.44);
