Taxa bit representation:
t1 10000000
t2 01000000
t3 00100000
t4 00010000
t5 00001000
t6 00000100
t7 00000010
t8 00000001
Clade List (<taxon members> = <clade name>): 

>Dataset_0
[0,F,0.523777,11100000,52.3777,X]
[7,F,0.544772,00000010,54.4772,X]
[5,F,0.564792,00010000,56.4792,X]
[1,F,0.597019,11100000,59.7019,X]
[6,F,0.694675,00010000,69.4675,X]
[8,F,0.770508,00000001,77.0508,X]
[2,F,0.875589,00100000,87.5589,X]
[9,F,0.895508,00000001,89.5508,X]
[3,F,0.917581,00100000,91.7581,X]
[4,F,0.928323,00100000,92.8323,X]
[10,F,0.961914,00000001,96.1914,X]
GUIDE_TREE_PARTITION1=(((((((t1:14.16,t2:14.16):17.91,t3:32.07):15.65,t4:47.72):8.19,t5:55.91):16.1,t6:72.01):6.13,t7:78.14):21.86,t8:100);
