Taxa bit representation:
t1 10000000
t2 01000000
t3 00100000
t4 00010000
t5 00001000
t6 00000100
t7 00000010
t8 00000001
Clade List (<taxon members> = <clade name>): 

>Dataset_0
[11,F,0.0351562,00000011,3.51562,X]
[12,F,0.046875,00000011,4.6875,X]
[13,F,0.108398,00000011,10.8398,X]
[0,F,0.124023,11111100,12.4023,X]
[14,F,0.165039,00000011,16.5039,X]
[15,F,0.248047,00000011,24.8047,X]
[8,F,0.394659,00001100,39.4659,X]
[5,F,0.463427,00010000,46.3427,X]
[9,F,0.506964,00001100,50.6964,X]
[16,F,0.556583,00000010,55.6583,X]
[10,F,0.6388,00001100,63.88,X]
[17,F,0.660098,00000010,66.0098,X]
[18,F,0.701114,00000010,70.1114,X]
[4,F,0.709439,00100000,70.9439,X]
[6,F,0.71538,00010000,71.538,X]
[1,F,0.7319,11000000,73.19,X]
[7,F,0.766161,00010000,76.6161,X]
[2,F,0.781705,11000000,78.1705,X]
[3,F,0.785611,11000000,78.5611,X]
[19,F,0.928653,00000001,92.8653,X]
GUIDE_TREE_PARTITION1=(((((t1:18.24,t2:18.24):14.82,t3:33.06):30.07,t4:63.13):16.74,(t5:20.7,t6:20.7):59.17):20.13,(t7:57.33,t8:57.33):42.67);
