Taxa bit representation:
t1 10000000
t2 01000000
t3 00100000
t4 00010000
t5 00001000
t6 00000100
t7 00000010
t8 00000001
Clade List (<taxon members> = <clade name>): 

>Dataset_0
[4,F,0.119189,00001100,11.9189,X]
[10,F,0.228564,00000011,22.8564,X]
[0,F,0.320312,11110000,32.0312,X]
[11,F,0.349658,00000011,34.9658,X]
[12,F,0.3604,00000011,36.04,X]
[13,F,0.489306,00000011,48.9306,X]
[2,F,0.541961,00110000,54.1961,X]
[14,F,0.620166,00000011,62.0166,X]
[5,F,0.64165,00001100,64.165,X]
[3,F,0.682586,00110000,68.2586,X]
[6,F,0.684619,00001100,68.4619,X]
[1,F,0.738691,01000000,73.8691,X]
[7,F,0.820361,00001100,82.0361,X]
[8,F,0.839892,00001100,83.9892,X]
[15,F,0.841389,00000001,84.1389,X]
[9,F,0.851611,00001100,85.1611,X]
[16,F,0.885334,00000001,88.5334,X]
GUIDE_TREE_PARTITION1=(((t1:53.67,t2:53.67):6.88,(t3:2.25,t4:2.25):58.3):39.45,((t5:12.13,t6:12.13):83.08,(t7:35.49,t8:35.49):59.72):4.79);
