Taxa bit representation:
t1 10000000
t2 01000000
t3 00100000
t4 00010000
t5 00001000
t6 00000100
t7 00000010
t8 00000001
Clade List (<taxon members> = <clade name>): 

>Dataset_0
[48,F,0.0771484,00000001,7.71484,X]
[39,F,0.0833656,00000010,8.33656,X]
[49,F,0.15332,00000001,15.332,X]
[0,F,0.187875,11111000,18.7875,X]
[28,F,0.188852,00000100,18.8852,X]
[40,F,0.206412,00000010,20.6412,X]
[41,F,0.242545,00000010,24.2545,X]
[42,F,0.243522,00000010,24.3522,X]
[1,F,0.248422,11111000,24.8422,X]
[50,F,0.256836,00000001,25.6836,X]
[29,F,0.270883,00000100,27.0883,X]
[2,F,0.294127,11110000,29.4127,X]
[43,F,0.3236,00000010,32.36,X]
[30,F,0.349984,00000100,34.9984,X]
[3,F,0.429036,11100000,42.9036,X]
[4,F,0.443684,11100000,44.3684,X]
[31,F,0.446664,00000100,44.6664,X]
[20,F,0.484556,00001000,48.4556,X]
[10,F,0.506184,00010000,50.6184,X]
[32,F,0.509164,00000100,50.9164,X]
[33,F,0.524789,00000100,52.4789,X]
[21,F,0.534361,00001000,53.4361,X]
[44,F,0.565787,00000010,56.5787,X]
[11,F,0.616536,00010000,61.6536,X]
[5,F,0.622395,11100000,62.2395,X]
[22,F,0.631041,00001000,63.1041,X]
[12,F,0.637044,00010000,63.7044,X]
[13,F,0.64388,00010000,64.388,X]
[23,F,0.650572,00001000,65.0572,X]
[24,F,0.658384,00001000,65.8384,X]
[14,F,0.676106,00010000,67.6106,X]
[45,F,0.678092,00000010,67.8092,X]
[15,F,0.73177,00010000,73.177,X]
[6,F,0.744111,11000000,74.4111,X]
[51,F,0.762695,00000001,76.2695,X]
[34,F,0.775766,00000100,77.5766,X]
[52,F,0.776367,00000001,77.6367,X]
[25,F,0.79608,00001000,79.608,X]
[16,F,0.806966,00010000,80.6966,X]
[46,F,0.818717,00000010,81.8717,X]
[7,F,0.821259,11000000,82.1259,X]
[17,F,0.823567,00010000,82.3567,X]
[47,F,0.835319,00000010,83.5319,X]
[35,F,0.853891,00000100,85.3891,X]
[36,F,0.854867,00000100,85.4867,X]
[37,F,0.869516,00000100,86.9516,X]
[53,F,0.875,00000001,87.5,X]
[54,F,0.87793,00000001,87.793,X]
[18,F,0.888997,00010000,88.8997,X]
[19,F,0.898762,00010000,89.8762,X]
[8,F,0.900361,00100000,90.0361,X]
[26,F,0.944517,00001000,94.4517,X]
[55,F,0.950195,00000001,95.0195,X]
[38,F,0.968148,00000100,96.8148,X]
[9,F,0.987275,00100000,98.7275,X]
[27,F,0.987486,00001000,98.7486,X]
GUIDE_TREE_PARTITION1=(((((((t1:16.11,t2:16.11):21.1,t3:37.21):33.07,t4:70.28):3.53,t5:73.81):18.34,t6:92.15):0.49,t7:92.64):7.36,t8:100);
