Taxa bit representation:
t1 10000000
t2 01000000
t3 00100000
t4 00010000
t5 00001000
t6 00000100
t7 00000010
t8 00000001
Clade List (<taxon members> = <clade name>): 

>Dataset_0
[0,F,0.0458984,11111100,4.58984,X]
[1,F,0.0683594,11111100,6.83594,X]
[55,F,0.0761719,00000011,7.61719,X]
[56,F,0.102539,00000011,10.2539,X]
[2,F,0.107422,11111100,10.7422,X]
[3,F,0.111328,11111100,11.1328,X]
[57,F,0.113281,00000011,11.3281,X]
[4,F,0.121094,11111100,12.1094,X]
[58,F,0.145508,00000011,14.5508,X]
[5,F,0.160156,11111100,16.0156,X]
[6,F,0.168945,11111100,16.8945,X]
[59,F,0.205078,00000011,20.5078,X]
[7,F,0.214844,11111100,21.4844,X]
[8,F,0.288086,11111100,28.8086,X]
[9,F,0.30957,11111100,30.957,X]
[10,F,0.314453,11111100,31.4453,X]
[73,F,0.348191,00000001,34.8191,X]
[11,F,0.354492,11111100,35.4492,X]
[74,F,0.358933,00000001,35.8933,X]
[75,F,0.392136,00000001,39.2136,X]
[76,F,0.399948,00000001,39.9948,X]
[60,F,0.402878,00000010,40.2878,X]
[61,F,0.405808,00000010,40.5808,X]
[12,F,0.412109,11111100,41.2109,X]
[77,F,0.442917,00000001,44.2917,X]
[13,F,0.457031,11111100,45.7031,X]
[62,F,0.459519,00000010,45.9519,X]
[63,F,0.461472,00000010,46.1472,X]
[14,F,0.485642,11110000,48.5642,X]
[15,F,0.487595,11110000,48.7595,X]
[39,F,0.504197,00001100,50.4197,X]
[64,F,0.508347,00000010,50.8347,X]
[40,F,0.50908,00001100,50.908,X]
[16,F,0.521775,11110000,52.1775,X]
[41,F,0.522752,00001100,52.2752,X]
[65,F,0.523972,00000010,52.3972,X]
[42,F,0.551072,00001100,55.1072,X]
[78,F,0.560105,00000001,56.0105,X]
[17,F,0.587205,11110000,58.7205,X]
[18,F,0.591111,11110000,59.1111,X]
[79,F,0.606003,00000001,60.6003,X]
[19,F,0.614548,11110000,61.4548,X]
[66,F,0.623581,00000010,62.3581,X]
[67,F,0.636277,00000010,63.6277,X]
[80,F,0.650925,00000001,65.0925,X]
[43,F,0.679002,00001100,67.9002,X]
[68,F,0.682175,00000010,68.2175,X]
[20,F,0.686814,11110000,68.6814,X]
[81,F,0.692917,00000001,69.2917,X]
[44,F,0.694627,00001100,69.4627,X]
[45,F,0.708298,00001100,70.8298,X]
[69,F,0.725144,00000010,72.5144,X]
[70,F,0.741745,00000010,74.1745,X]
[71,F,0.745652,00000010,74.5652,X]
[82,F,0.748581,00000001,74.8581,X]
[46,F,0.760056,00001100,76.0056,X]
[21,F,0.770814,11100000,77.0814,X]
[83,F,0.771042,00000001,77.1042,X]
[84,F,0.775925,00000001,77.5925,X]
[22,F,0.784486,11100000,78.4486,X]
[33,F,0.790345,00010000,79.0345,X]
[85,F,0.79155,00000001,79.155,X]
[47,F,0.802048,00001100,80.2048,X]
[34,F,0.804017,00010000,80.4017,X]
[86,F,0.809128,00000001,80.9128,X]
[31,F,0.817912,00100000,81.7912,X]
[48,F,0.824509,00001100,82.4509,X]
[35,F,0.825502,00010000,82.5502,X]
[23,F,0.839397,11000000,83.9397,X]
[32,F,0.847209,00100000,84.7209,X]
[53,F,0.853977,00000100,85.3977,X]
[24,F,0.855022,11000000,85.5022,X]
[87,F,0.866745,00000001,86.6745,X]
[25,F,0.868694,11000000,86.8694,X]
[88,F,0.873581,00000001,87.3581,X]
[26,F,0.881389,11000000,88.1389,X]
[27,F,0.888225,11000000,88.8225,X]
[36,F,0.891908,00010000,89.1908,X]
[54,F,0.897922,00000100,89.7922,X]
[28,F,0.898967,11000000,89.8967,X]
[49,F,0.904758,00001000,90.4758,X]
[29,F,0.913559,10000000,91.3559,X]
[37,F,0.915345,00010000,91.5345,X]
[50,F,0.923312,00001000,92.3312,X]
[89,F,0.930222,00000001,93.0222,X]
[51,F,0.934055,00001000,93.4055,X]
[72,F,0.935105,00000010,93.5105,X]
[90,F,0.942917,00000001,94.2917,X]
[91,F,0.962448,00000001,96.2448,X]
[38,F,0.967103,00010000,96.7103,X]
[52,F,0.972141,00001000,97.2141,X]
[30,F,0.975083,01000000,97.5083,X]
[92,F,0.989792,00000001,98.9792,X]
[93,F,0.995652,00000001,99.5652,X]
GUIDE_TREE_PARTITION1=(((((t1:9.23,t2:9.23):9.76,t3:18.99):6.37,t4:25.36):27.15,(t5:14.7,t6:14.7):37.81):47.49,(t7:73.97,t8:73.97):26.03);
