Taxa bit representation:
t1 10000000
t2 01000000
t3 00100000
t4 00010000
t5 00001000
t6 00000100
t7 00000010
t8 00000001
Clade List (<taxon members> = <clade name>): 

>Dataset_0
[10,F,0.169253,00001100,16.9253,X]
[11,F,0.288394,00001100,28.8394,X]
[12,F,0.348941,00001100,34.8941,X]
[13,F,0.442691,00001100,44.2691,X]
[14,F,0.530581,00001100,53.0581,X]
[15,F,0.562808,00001100,56.2808,X]
[6,F,0.662309,00010000,66.2309,X]
[7,F,0.709184,00010000,70.9184,X]
[4,F,0.711959,00100000,71.1959,X]
[16,F,0.748566,00000100,74.8566,X]
[0,F,0.758834,11000000,75.8834,X]
[17,F,0.76712,00000100,76.712,X]
[8,F,0.769731,00010000,76.9731,X]
[19,F,0.777714,00000001,77.7714,X]
[18,F,0.869659,00000100,86.9659,X]
[20,F,0.876347,00000001,87.6347,X]
[9,F,0.886919,00010000,88.6919,X]
[1,F,0.892958,10000000,89.2958,X]
[2,F,0.96913,01000000,96.913,X]
[5,F,0.997116,00100000,99.7116,X]
[3,F,0.999403,01000000,99.9403,X]
GUIDE_TREE_PARTITION1=(((((t1:15.88,t2:15.88):13.51,t3:29.39):14.34,t4:43.73):52.04,(t5:32.37,t6:32.37):63.4):4.23,(t7:62.17,t8:62.17):37.83);
