Taxa bit representation:
t1 10000000
t2 01000000
t3 00100000
t4 00010000
t5 00001000
t6 00000100
t7 00000010
t8 00000001
Clade List (<taxon members> = <clade name>): 

>Dataset_0
[0,F,0.03125,11110000,3.125,X]
[23,F,0.0761719,00001111,7.61719,X]
[12,F,0.0977219,00110000,9.77219,X]
[24,F,0.111328,00001111,11.1328,X]
[25,F,0.199219,00001111,19.9219,X]
[26,F,0.200195,00001111,20.0195,X]
[13,F,0.220769,00110000,22.0769,X]
[14,F,0.232488,00110000,23.2488,X]
[1,F,0.244206,11000000,24.4206,X]
[2,F,0.253972,11000000,25.3972,X]
[27,F,0.255859,00001111,25.5859,X]
[28,F,0.28418,00001111,28.418,X]
[29,F,0.305664,00001111,30.5664,X]
[30,F,0.335938,00001111,33.5938,X]
[7,F,0.359358,01000000,35.9358,X]
[31,F,0.396484,00001111,39.6484,X]
[8,F,0.440413,01000000,44.0413,X]
[9,F,0.542952,01000000,54.2952,X]
[3,F,0.544905,10000000,54.4905,X]
[4,F,0.58592,10000000,58.592,X]
[10,F,0.592756,01000000,59.2756,X]
[15,F,0.637056,00100000,63.7056,X]
[32,F,0.652344,00001111,65.2344,X]
[33,F,0.666016,00001111,66.6016,X]
[16,F,0.681002,00100000,68.1002,X]
[5,F,0.765608,10000000,76.5608,X]
[41,F,0.808442,00000011,80.8442,X]
[42,F,0.817231,00000011,81.7231,X]
[34,F,0.821137,00001100,82.1137,X]
[21,F,0.831392,00010000,83.1392,X]
[6,F,0.857405,10000000,85.7405,X]
[17,F,0.861666,00100000,86.1666,X]
[35,F,0.876802,00001100,87.6802,X]
[36,F,0.920747,00001100,92.0747,X]
[22,F,0.922212,00010000,92.2212,X]
[18,F,0.924166,00100000,92.4166,X]
[37,F,0.940066,00001000,94.0066,X]
[43,F,0.941506,00000010,94.1506,X]
[11,F,0.949202,01000000,94.9202,X]
[19,F,0.962252,00100000,96.2252,X]
[44,F,0.96592,00000010,96.592,X]
[38,F,0.967409,00001000,96.7409,X]
[45,F,0.979592,00000010,97.9592,X]
[39,F,0.984988,00000100,98.4988,X]
[40,F,0.988894,00000100,98.8894,X]
[20,F,0.990572,00100000,99.0572,X]
GUIDE_TREE_PARTITION1=(((t1:69.24,t2:69.24):25.48,(t3:46.06,t4:46.06):48.66):5.28,((t5:6.97,t6:6.97):13.26,(t7:12.49,t8:12.49):7.74):79.77);
