Taxa bit representation:
t1 10000000
t2 01000000
t3 00100000
t4 00010000
t5 00001000
t6 00000100
t7 00000010
t8 00000001
Clade List (<taxon members> = <clade name>): 

>Dataset_0
[0,F,0.0175781,11111110,1.75781,X]
[1,F,0.0380859,11111110,3.80859,X]
[73,F,0.0517578,00000001,5.17578,X]
[74,F,0.0820312,00000001,8.20312,X]
[75,F,0.0839844,00000001,8.39844,X]
[76,F,0.0849609,00000001,8.49609,X]
[2,F,0.0874141,11111100,8.74141,X]
[3,F,0.0991328,11111100,9.91328,X]
[4,F,0.109875,11111100,10.9875,X]
[57,F,0.115734,00000010,11.5734,X]
[77,F,0.128906,00000001,12.8906,X]
[58,F,0.131359,00000010,13.1359,X]
[59,F,0.160656,00000010,16.0656,X]
[5,F,0.169445,11111100,16.9445,X]
[78,F,0.178711,00000001,17.8711,X]
[60,F,0.192883,00000010,19.2883,X]
[79,F,0.208984,00000001,20.8984,X]
[6,F,0.213391,11111100,21.3391,X]
[7,F,0.228039,11111100,22.8039,X]
[8,F,0.229992,11111100,22.9992,X]
[61,F,0.237805,00000010,23.7805,X]
[9,F,0.249523,11111100,24.9523,X]
[10,F,0.295422,11111100,29.5422,X]
[11,F,0.319183,11111000,31.9183,X]
[80,F,0.321289,00000001,32.1289,X]
[12,F,0.361175,11111000,36.1175,X]
[81,F,0.361328,00000001,36.1328,X]
[82,F,0.374023,00000001,37.4023,X]
[13,F,0.382659,11111000,38.2659,X]
[62,F,0.388195,00000010,38.8195,X]
[63,F,0.401867,00000010,40.1867,X]
[45,F,0.443206,00000100,44.3206,X]
[46,F,0.448089,00000100,44.8089,X]
[47,F,0.450042,00000100,45.0042,X]
[64,F,0.450695,00000010,45.0695,X]
[48,F,0.464691,00000100,46.4691,X]
[14,F,0.47348,11111000,47.348,X]
[15,F,0.476409,11111000,47.6409,X]
[83,F,0.480469,00000001,48.0469,X]
[65,F,0.488781,00000010,48.8781,X]
[66,F,0.495617,00000010,49.5617,X]
[16,F,0.519378,11111000,51.9378,X]
[17,F,0.520355,11111000,52.0355,X]
[49,F,0.522308,00000100,52.2308,X]
[84,F,0.526367,00000001,52.6367,X]
[85,F,0.551758,00000001,55.1758,X]
[67,F,0.558117,00000010,55.8117,X]
[18,F,0.5643,11111000,56.43,X]
[19,F,0.568206,11111000,56.8206,X]
[50,F,0.578948,00000100,57.8948,X]
[51,F,0.593597,00000100,59.3597,X]
[20,F,0.603738,11110000,60.3738,X]
[35,F,0.603738,00001000,60.3738,X]
[86,F,0.605469,00000001,60.5469,X]
[36,F,0.605691,00001000,60.5691,X]
[87,F,0.637695,00000001,63.7695,X]
[88,F,0.644531,00000001,64.4531,X]
[21,F,0.651589,11110000,65.1589,X]
[37,F,0.654519,00001000,65.4519,X]
[89,F,0.668945,00000001,66.8945,X]
[22,F,0.67112,11110000,67.112,X]
[52,F,0.675628,00000100,67.5628,X]
[23,F,0.678933,11110000,67.8933,X]
[24,F,0.694558,11110000,69.4558,X]
[38,F,0.699441,00001000,69.9441,X]
[39,F,0.701394,00001000,70.1394,X]
[90,F,0.720703,00000001,72.0703,X]
[40,F,0.727761,00001000,72.7761,X]
[25,F,0.742409,11110000,74.2409,X]
[26,F,0.744363,11110000,74.4363,X]
[53,F,0.765472,00000100,76.5472,X]
[68,F,0.775891,00000010,77.5891,X]
[69,F,0.78175,00000010,78.175,X]
[91,F,0.789062,00000001,78.9062,X]
[70,F,0.802258,00000010,80.2258,X]
[71,F,0.822766,00000010,82.2766,X]
[27,F,0.82737,11110000,82.737,X]
[92,F,0.839844,00000001,83.9844,X]
[93,F,0.841797,00000001,84.1797,X]
[28,F,0.842995,11110000,84.2995,X]
[54,F,0.855316,00000100,85.5316,X]
[41,F,0.866433,00001000,86.6433,X]
[42,F,0.871316,00001000,87.1316,X]
[43,F,0.884011,00001000,88.4011,X]
[55,F,0.909027,00000100,90.9027,X]
[72,F,0.914562,00000010,91.4562,X]
[56,F,0.924652,00000100,92.4652,X]
[29,F,0.933816,11110000,93.3816,X]
[30,F,0.942605,11110000,94.2605,X]
[94,F,0.947266,00000001,94.7266,X]
[31,F,0.953347,11110000,95.3347,X]
[32,F,0.964089,11110000,96.4089,X]
[95,F,0.96582,00000001,96.582,X]
[96,F,0.96875,00000001,96.875,X]
[44,F,0.982644,00001000,98.2644,X]
[34,F,0.990877,00100000,99.0877,X]
[33,F,0.995759,11000000,99.5759,X]
GUIDE_TREE_PARTITION1=(((((((t1:0.35,t2:0.35):0.66,t3:1.01):1.74,t4:2.75):39.22,t5:41.97):26.6,t6:68.57):25.13,t7:93.7):6.3,t8:100);
