Taxa bit representation:
t1 10000000
t2 01000000
t3 00100000
t4 00010000
t5 00001000
t6 00000100
t7 00000010
t8 00000001
Clade List (<taxon members> = <clade name>): 

>Dataset_0
[62,F,0.00878906,00001111,0.878906,X]
[0,F,0.0134766,11000000,1.34766,X]
[63,F,0.0166016,00001111,1.66016,X]
[32,F,0.0496094,00110000,4.96094,X]
[1,F,0.0613281,11000000,6.13281,X]
[2,F,0.0662109,11000000,6.62109,X]
[3,F,0.0896484,11000000,8.96484,X]
[98,F,0.0952844,00000011,9.52844,X]
[4,F,0.0984375,11000000,9.84375,X]
[64,F,0.100167,00001100,10.0167,X]
[65,F,0.10798,00001100,10.798,X]
[5,F,0.138477,11000000,13.8477,X]
[6,F,0.145313,11000000,14.5313,X]
[33,F,0.146289,00110000,14.6289,X]
[34,F,0.169727,00110000,16.9727,X]
[99,F,0.184152,00000011,18.4152,X]
[66,F,0.190011,00001100,19.0011,X]
[100,F,0.196847,00000011,19.6847,X]
[7,F,0.208789,11000000,20.8789,X]
[67,F,0.211495,00001100,21.1495,X]
[101,F,0.220284,00000011,22.0284,X]
[8,F,0.224414,11000000,22.4414,X]
[68,F,0.235909,00001100,23.5909,X]
[102,F,0.237863,00000011,23.7862,X]
[103,F,0.250558,00000011,25.0558,X]
[35,F,0.250781,00110000,25.0781,X]
[9,F,0.251758,11000000,25.1758,X]
[36,F,0.254688,00110000,25.4688,X]
[10,F,0.258594,11000000,25.8594,X]
[69,F,0.260323,00001100,26.0323,X]
[70,F,0.278878,00001100,27.8878,X]
[71,F,0.288644,00001100,28.8644,X]
[37,F,0.298633,00110000,29.8633,X]
[104,F,0.301339,00000011,30.1339,X]
[11,F,0.309375,11000000,30.9375,X]
[72,F,0.315011,00001100,31.5011,X]
[73,F,0.322823,00001100,32.2823,X]
[12,F,0.337695,11000000,33.7695,X]
[38,F,0.35332,00110000,35.332,X]
[13,F,0.355273,11000000,35.5273,X]
[39,F,0.35625,00110000,35.625,X]
[105,F,0.366769,00000011,36.6769,X]
[14,F,0.374805,11000000,37.4805,X]
[106,F,0.381417,00000011,38.1417,X]
[40,F,0.393359,00110000,39.3359,X]
[74,F,0.401925,00001100,40.1925,X]
[41,F,0.412891,00110000,41.2891,X]
[42,F,0.428516,00110000,42.8516,X]
[15,F,0.433398,11000000,43.3398,X]
[75,F,0.442941,00001100,44.2941,X]
[76,F,0.4488,00001100,44.88,X]
[16,F,0.455859,11000000,45.5859,X]
[43,F,0.460742,00110000,46.0742,X]
[77,F,0.465402,00001100,46.5402,X]
[78,F,0.467355,00001100,46.7355,X]
[44,F,0.477344,00110000,47.7344,X]
[17,F,0.48418,11000000,48.418,X]
[107,F,0.503487,00000011,50.3487,X]
[45,F,0.505664,00110000,50.5664,X]
[108,F,0.522042,00000011,52.2042,X]
[79,F,0.523995,00001100,52.3995,X]
[80,F,0.524972,00001100,52.4972,X]
[46,F,0.525195,00110000,52.5195,X]
[109,F,0.540597,00000011,54.0597,X]
[18,F,0.547656,11000000,54.7656,X]
[81,F,0.553292,00001100,55.3292,X]
[110,F,0.577706,00000011,57.7706,X]
[19,F,0.57793,11000000,57.793,X]
[47,F,0.582812,00110000,58.2812,X]
[20,F,0.583789,11000000,58.3789,X]
[82,F,0.599191,00001100,59.9191,X]
[21,F,0.600391,11000000,60.0391,X]
[83,F,0.618722,00001100,61.8722,X]
[22,F,0.638477,11000000,63.8477,X]
[48,F,0.647266,00110000,64.7266,X]
[111,F,0.671456,00000011,67.1456,X]
[49,F,0.672656,00110000,67.2656,X]
[84,F,0.676339,00001100,67.6339,X]
[23,F,0.679492,11000000,67.9492,X]
[50,F,0.688281,00110000,68.8281,X]
[51,F,0.689258,00110000,68.9258,X]
[52,F,0.692187,00110000,69.2188,X]
[85,F,0.69587,00001100,69.587,X]
[53,F,0.717578,00110000,71.7578,X]
[54,F,0.718555,00110000,71.8555,X]
[86,F,0.728097,00001100,72.8097,X]
[112,F,0.735067,00000010,73.5067,X]
[24,F,0.763477,11000000,76.3477,X]
[113,F,0.776083,00000010,77.6083,X]
[25,F,0.781055,11000000,78.1055,X]
[87,F,0.782784,00001100,78.2784,X]
[55,F,0.786914,00110000,78.6914,X]
[117,F,0.787802,00000001,78.7802,X]
[26,F,0.807872,10000000,80.7872,X]
[114,F,0.819052,00000010,81.9052,X]
[56,F,0.830859,00110000,83.0859,X]
[88,F,0.834542,00001100,83.4542,X]
[89,F,0.835519,00001100,83.5519,X]
[29,F,0.854747,01000000,85.4747,X]
[90,F,0.858956,00001100,85.8956,X]
[118,F,0.862997,00000001,86.2997,X]
[30,F,0.876231,01000000,87.6231,X]
[57,F,0.876758,00110000,87.6758,X]
[119,F,0.902059,00000001,90.2059,X]
[58,F,0.91582,00110000,91.582,X]
[59,F,0.916797,00110000,91.6797,X]
[115,F,0.917684,00000010,91.7684,X]
[31,F,0.9192,01000000,91.92,X]
[27,F,0.92213,10000000,92.213,X]
[93,F,0.926806,00000100,92.6806,X]
[28,F,0.936778,10000000,93.6778,X]
[116,F,0.941122,00000010,94.1122,X]
[91,F,0.95122,00001000,95.122,X]
[61,F,0.966263,00010000,96.6263,X]
[92,F,0.966845,00001000,96.6845,X]
[94,F,0.969775,00000100,96.9775,X]
[120,F,0.971395,00000001,97.1395,X]
[95,F,0.971728,00000100,97.1728,X]
[60,F,0.991653,00100000,99.1653,X]
[96,F,0.994189,00000100,99.4189,X]
[97,F,0.997119,00000100,99.7119,X]
GUIDE_TREE_PARTITION1=(((t1:20.58,t2:20.58):78.17,(t3:7.28,t4:7.28):91.47):1.25,((t5:7.71,t6:7.71):84.91,(t7:29.13,t8:29.13):63.49):7.38);
