Taxa bit representation:
t1 10000000
t2 01000000
t3 00100000
t4 00010000
t5 00001000
t6 00000100
t7 00000010
t8 00000001
Clade List (<taxon members> = <clade name>): 

>Dataset_0
[0,F,0.0576172,11111100,5.76172,X]
[20,F,0.0664062,00000011,6.64062,X]
[1,F,0.125,11111100,12.5,X]
[21,F,0.128906,00000011,12.8906,X]
[2,F,0.181641,11111100,18.1641,X]
[22,F,0.193359,00000011,19.3359,X]
[3,F,0.268555,11111100,26.8555,X]
[23,F,0.29363,00000010,29.363,X]
[24,F,0.307302,00000010,30.7302,X]
[4,F,0.324219,11111100,32.4219,X]
[25,F,0.348317,00000010,34.8317,X]
[26,F,0.373708,00000010,37.3708,X]
[33,F,0.385427,00000001,38.5427,X]
[27,F,0.499684,00000010,49.9684,X]
[28,F,0.559255,00000010,55.9255,X]
[29,F,0.561208,00000010,56.1208,X]
[5,F,0.619177,11110000,61.9177,X]
[34,F,0.629567,00000001,62.9567,X]
[6,F,0.635778,11110000,63.5778,X]
[30,F,0.648122,00000010,64.8122,X]
[35,F,0.6657,00000001,66.57,X]
[11,F,0.717525,00010000,71.7525,X]
[7,F,0.720455,11100000,72.0455,X]
[8,F,0.745845,11100000,74.5845,X]
[12,F,0.747798,00010000,74.7798,X]
[36,F,0.774098,00000001,77.4098,X]
[37,F,0.783864,00000001,78.3864,X]
[31,F,0.810231,00000010,81.0231,X]
[16,F,0.816442,00001100,81.6442,X]
[18,F,0.837636,00000100,83.7636,X]
[17,F,0.838612,00001000,83.8612,X]
[13,F,0.852291,00010000,85.2291,X]
[32,F,0.872731,00000010,87.2731,X]
[38,F,0.892262,00000001,89.2262,X]
[19,F,0.916737,00000100,91.6737,X]
[14,F,0.926509,00010000,92.6509,X]
[39,F,0.930348,00000001,93.0348,X]
[40,F,0.948903,00000001,94.8903,X]
[9,F,0.950923,11100000,95.0923,X]
[10,F,0.981319,11000000,98.1319,X]
[15,F,0.98608,00010000,98.608,X]
GUIDE_TREE_PARTITION1=(((((t1:0.35,t2:0.35):2.69,t3:3.04):26.77,t4:29.81):8.37,(t5:16.92,t6:16.92):21.26):61.82,(t7:77.18,t8:77.18):22.82);
