Taxa bit representation:
t1 10000000
t2 01000000
t3 00100000
t4 00010000
t5 00001000
t6 00000100
t7 00000010
t8 00000001
Clade List (<taxon members> = <clade name>): 

>Dataset_0
[0,F,0.0136719,11110000,1.36719,X]
[1,F,0.0439453,11110000,4.39453,X]
[2,F,0.0576172,11110000,5.76172,X]
[25,F,0.0634766,00001111,6.34766,X]
[26,F,0.110439,00001100,11.0439,X]
[40,F,0.114345,00000011,11.4345,X]
[3,F,0.149414,11110000,14.9414,X]
[27,F,0.156338,00001100,15.6338,X]
[28,F,0.174892,00001100,17.4892,X]
[41,F,0.255947,00000011,25.5947,X]
[29,F,0.261806,00001100,26.1806,X]
[30,F,0.273525,00001100,27.3525,X]
[31,F,0.284267,00001100,28.4267,X]
[16,F,0.310125,00110000,31.0125,X]
[17,F,0.352117,00110000,35.2117,X]
[4,F,0.370672,11000000,37.0672,X]
[42,F,0.391689,00000011,39.1689,X]
[32,F,0.429775,00001100,42.9775,X]
[5,F,0.435125,11000000,43.5125,X]
[18,F,0.481023,00110000,48.1023,X]
[33,F,0.520595,00001100,52.0595,X]
[34,F,0.541103,00001100,54.1103,X]
[6,F,0.560125,11000000,56.0125,X]
[19,F,0.564031,00110000,56.4031,X]
[7,F,0.581609,11000000,58.1609,X]
[20,F,0.627508,00110000,62.7508,X]
[8,F,0.679266,11000000,67.9266,X]
[35,F,0.724697,00001100,72.4697,X]
[11,F,0.725698,01000000,72.5698,X]
[43,F,0.767666,00000011,76.7666,X]
[24,F,0.79862,00010000,79.862,X]
[12,F,0.799917,01000000,79.9917,X]
[36,F,0.807705,00001100,80.7705,X]
[44,F,0.826259,00000011,82.6259,X]
[13,F,0.826284,01000000,82.6284,X]
[9,F,0.83605,10000000,83.605,X]
[45,F,0.843838,00000011,84.3838,X]
[37,F,0.846109,00001000,84.6109,X]
[14,F,0.866323,01000000,86.6323,X]
[10,F,0.892691,10000000,89.2691,X]
[38,F,0.908609,00000100,90.8609,X]
[46,F,0.923916,00000011,92.3916,X]
[39,F,0.941812,00000100,94.1812,X]
[21,F,0.947058,00100000,94.7058,X]
[22,F,0.962683,00100000,96.2683,X]
[23,F,0.966589,00100000,96.6589,X]
[15,F,0.971792,01000000,97.1792,X]
[47,F,0.999212,00000001,99.9213,X]
GUIDE_TREE_PARTITION1=(((t1:32.02,t2:32.02):44.78,(t3:35.47,t4:35.47):41.33):23.2,((t5:19.1,t6:19.1):73.86,(t7:0.86,t8:0.86):92.1):7.04);
