Taxa bit representation:
t1 10000000
t2 01000000
t3 00100000
t4 00010000
t5 00001000
t6 00000100
t7 00000010
t8 00000001
Clade List (<taxon members> = <clade name>): 

>Dataset_0
[0,F,0.0683594,11110000,6.83594,X]
[10,F,0.194336,00001111,19.4336,X]
[1,F,0.195312,11110000,19.5312,X]
[2,F,0.389648,11110000,38.9648,X]
[14,F,0.463623,00000010,46.3623,X]
[11,F,0.503739,00001100,50.3739,X]
[3,F,0.517578,11110000,51.7578,X]
[4,F,0.535156,11110000,53.5156,X]
[12,F,0.590653,00001100,59.0653,X]
[5,F,0.664636,11000000,66.4636,X]
[6,F,0.71737,00110000,71.737,X]
[7,F,0.859047,00100000,85.9047,X]
[8,F,0.88932,00100000,88.932,X]
[9,F,0.902992,00010000,90.2992,X]
[13,F,0.904458,00000100,90.4458,X]
[15,F,0.985108,00000001,98.5108,X]
GUIDE_TREE_PARTITION1=(((t1:31.23,t2:31.23):2.99,(t3:20.15,t4:20.15):14.07):65.78,((t5:14.73,t6:14.73):57.65,(t7:59.79,t8:59.79):12.59):27.62);
