Taxa bit representation:
t1 10000000
t2 01000000
t3 00100000
t4 00010000
t5 00001000
t6 00000100
t7 00000010
t8 00000001
Clade List (<taxon members> = <clade name>): 

>Dataset_0
[41,F,0.0078125,00000011,0.78125,X]
[0,F,0.0175781,11111100,1.75781,X]
[42,F,0.0917969,00000011,9.17969,X]
[1,F,0.125977,11111100,12.5977,X]
[2,F,0.172852,11111100,17.2852,X]
[43,F,0.194336,00000011,19.4336,X]
[44,F,0.210938,00000011,21.0938,X]
[3,F,0.21875,11111100,21.875,X]
[4,F,0.228516,11111100,22.8516,X]
[5,F,0.25293,11111100,25.293,X]
[45,F,0.273438,00000011,27.3438,X]
[6,F,0.282227,11111100,28.2227,X]
[7,F,0.314453,11111100,31.4453,X]
[8,F,0.334961,11111100,33.4961,X]
[46,F,0.338867,00000011,33.8867,X]
[47,F,0.358398,00000011,35.8398,X]
[9,F,0.384766,11111100,38.4766,X]
[48,F,0.423828,00000011,42.3828,X]
[10,F,0.428711,11111100,42.8711,X]
[49,F,0.450195,00000011,45.0195,X]
[11,F,0.491211,11111100,49.1211,X]
[50,F,0.505948,00000010,50.5948,X]
[12,F,0.509766,11111100,50.9766,X]
[51,F,0.509855,00000010,50.9855,X]
[13,F,0.535156,11111100,53.5156,X]
[52,F,0.559659,00000010,55.9659,X]
[53,F,0.560636,00000010,56.0636,X]
[14,F,0.56543,11111100,56.543,X]
[54,F,0.574308,00000010,57.4308,X]
[67,F,0.578214,00000001,57.8214,X]
[15,F,0.591797,11111100,59.1797,X]
[68,F,0.596769,00000001,59.6769,X]
[69,F,0.622159,00000001,62.2159,X]
[55,F,0.628019,00000010,62.8019,X]
[70,F,0.639738,00000001,63.9738,X]
[56,F,0.655363,00000010,65.5363,X]
[71,F,0.655363,00000001,65.5363,X]
[57,F,0.674894,00000010,67.4894,X]
[26,F,0.678838,00001100,67.8838,X]
[27,F,0.704228,00001100,70.4228,X]
[28,F,0.707158,00001100,70.7158,X]
[29,F,0.709111,00001100,70.9111,X]
[72,F,0.730558,00000001,73.0558,X]
[58,F,0.734464,00000010,73.4464,X]
[35,F,0.741527,00000100,74.1527,X]
[73,F,0.749113,00000001,74.9113,X]
[30,F,0.758128,00001000,75.8128,X]
[74,F,0.760831,00000001,76.0831,X]
[59,F,0.761808,00000010,76.1808,X]
[36,F,0.767894,00000100,76.7894,X]
[60,F,0.768644,00000010,76.8644,X]
[75,F,0.774503,00000001,77.4503,X]
[76,F,0.784269,00000001,78.4269,X]
[61,F,0.804777,00000010,80.4777,X]
[62,F,0.80673,00000010,80.673,X]
[31,F,0.809886,00001000,80.9886,X]
[37,F,0.811839,00000100,81.1839,X]
[38,F,0.814769,00000100,81.4769,X]
[32,F,0.844066,00001000,84.4066,X]
[33,F,0.846995,00001000,84.6995,X]
[21,F,0.858567,00010000,85.8567,X]
[77,F,0.868253,00000001,86.8253,X]
[78,F,0.876066,00000001,87.6066,X]
[22,F,0.882005,00010000,88.2005,X]
[16,F,0.884934,11100000,88.4934,X]
[63,F,0.89462,00000010,89.462,X]
[79,F,0.901456,00000001,90.1456,X]
[23,F,0.908372,00010000,90.8372,X]
[24,F,0.912278,00010000,91.2278,X]
[34,F,0.913402,00001000,91.3402,X]
[64,F,0.916105,00000010,91.6105,X]
[80,F,0.927823,00000001,92.7823,X]
[65,F,0.93173,00000010,93.173,X]
[18,F,0.933822,00100000,93.3822,X]
[81,F,0.935636,00000001,93.5636,X]
[25,F,0.935716,00010000,93.5716,X]
[19,F,0.938705,00100000,93.8705,X]
[20,F,0.940658,00100000,94.0658,X]
[39,F,0.964183,00000100,96.4183,X]
[40,F,0.969066,00000100,96.9066,X]
[82,F,0.985441,00000001,98.5441,X]
[17,F,0.991812,01000000,99.1813,X]
[83,F,0.993253,00000001,99.3253,X]
[66,F,0.999113,00000010,99.9113,X]
GUIDE_TREE_PARTITION1=(((((t1:1.6,t2:1.6):9.51,t3:11.11):5.67,t4:16.78):17.68,(t5:29.07,t6:29.07):5.39):65.54,(t7:50.87,t8:50.87):49.13);
