Taxa bit representation:
t1 10000000
t2 01000000
t3 00100000
t4 00010000
t5 00001000
t6 00000100
t7 00000010
t8 00000001
Clade List (<taxon members> = <clade name>): 

>Dataset_0
[0,F,0.0185547,11111100,1.85547,X]
[1,F,0.241434,11110000,24.1434,X]
[13,F,0.279297,00000011,27.9297,X]
[8,F,0.322969,00000100,32.2969,X]
[14,F,0.347656,00000011,34.7656,X]
[9,F,0.457734,00000100,45.7734,X]
[5,F,0.540453,00010000,54.0453,X]
[10,F,0.548555,00000100,54.8555,X]
[6,F,0.624437,00010000,62.4437,X]
[15,F,0.637695,00000011,63.7695,X]
[4,F,0.656753,01000000,65.6753,X]
[7,F,0.696992,00001000,69.6992,X]
[16,F,0.750595,00000001,75.0595,X]
[11,F,0.841523,00000100,84.1523,X]
[2,F,0.886245,10000000,88.6245,X]
[12,F,0.940156,00000100,94.0156,X]
[3,F,0.955581,10000000,95.5581,X]
GUIDE_TREE_PARTITION1=(((((t1:34.52,t2:34.52):3.29,t3:37.81):20.84,t4:58.65):34.98,(t5:84.5,t6:84.5):9.13):6.37,(t7:32.46,t8:32.46):67.54);
