Taxa bit representation:
t1 10000000
t2 01000000
t3 00100000
t4 00010000
t5 00001000
t6 00000100
t7 00000010
t8 00000001
Clade List (<taxon members> = <clade name>): 

>Dataset_0
[11,F,0.0419922,00001111,4.19922,X]
[12,F,0.0673828,00001111,6.73828,X]
[0,F,0.355469,11110000,35.5469,X]
[1,F,0.441406,11110000,44.1406,X]
[2,F,0.450195,11110000,45.0195,X]
[3,F,0.550466,11000000,55.0466,X]
[13,F,0.59375,00001111,59.375,X]
[6,F,0.65535,01000000,65.535,X]
[7,F,0.688553,01000000,68.8553,X]
[4,F,0.711014,10000000,71.1014,X]
[10,F,0.802419,00110000,80.2419,X]
[8,F,0.821366,01000000,82.1366,X]
[5,F,0.886795,10000000,88.6795,X]
[16,F,0.897844,00000010,89.7844,X]
[14,F,0.918484,00001000,91.8484,X]
[17,F,0.925188,00000001,92.5188,X]
[9,F,0.947342,01000000,94.7342,X]
[15,F,0.949734,00000100,94.9734,X]
GUIDE_TREE_PARTITION1=(((t1:43.84,t2:43.84):2.09,(t3:3.89,t4:3.89):42.04):54.07,((t5:29.05,t6:29.05):5.5,(t7:31.7,t8:31.7):2.85):65.45);
