Taxa bit representation:
t1 10000000
t2 01000000
t3 00100000
t4 00010000
t5 00001000
t6 00000100
t7 00000010
t8 00000001
Clade List (<taxon members> = <clade name>): 

>Dataset_0
[19,F,0.0126953,00000001,1.26953,X]
[17,F,0.0958688,00000010,9.58688,X]
[6,F,0.281984,00010000,28.1984,X]
[20,F,0.283203,00000001,28.3203,X]
[0,F,0.307375,11100000,30.7375,X]
[1,F,0.335695,11100000,33.5695,X]
[21,F,0.351562,00000001,35.1562,X]
[4,F,0.416023,00100000,41.6023,X]
[15,F,0.416144,00000100,41.6144,X]
[10,F,0.431478,00001000,43.1478,X]
[5,F,0.478523,00100000,47.8523,X]
[7,F,0.48218,00010000,48.218,X]
[11,F,0.60433,00001000,60.433,X]
[2,F,0.634773,11000000,63.4773,X]
[12,F,0.678548,00001000,67.8548,X]
[13,F,0.836752,00001000,83.6752,X]
[16,F,0.839972,00000100,83.9972,X]
[8,F,0.860109,00010000,86.0109,X]
[22,F,0.94043,00000001,94.043,X]
[3,F,0.953948,10000000,95.3948,X]
[14,F,0.970541,00001000,97.0541,X]
[18,F,0.992353,00000010,99.2353,X]
[9,F,0.992922,00010000,99.2922,X]
GUIDE_TREE_PARTITION1=(((((((t1:18.57,t2:18.57):45.98,t3:64.55):15.65,t4:80.2):3.41,t5:83.61):2.51,t6:86.12):8.59,t7:94.71):5.29,t8:100);
