Taxa bit representation:
t1 10000000
t2 01000000
t3 00100000
t4 00010000
t5 00001000
t6 00000100
t7 00000010
t8 00000001
Clade List (<taxon members> = <clade name>): 

>Dataset_0
[0,F,0.0517578,11110000,5.17578,X]
[1,F,0.0722656,11110000,7.22656,X]
[2,F,0.140625,11110000,14.0625,X]
[25,F,0.200195,00001111,20.0195,X]
[26,F,0.21582,00001111,21.582,X]
[3,F,0.267247,11000000,26.7247,X]
[4,F,0.280919,11000000,28.0919,X]
[5,F,0.339431,10000000,33.9431,X]
[39,F,0.339783,00000011,33.9783,X]
[27,F,0.349548,00001100,34.9548,X]
[28,F,0.375916,00001100,37.5916,X]
[29,F,0.388611,00001100,38.8611,X]
[40,F,0.420838,00000011,42.0838,X]
[6,F,0.453689,10000000,45.3689,X]
[7,F,0.488845,10000000,48.8845,X]
[34,F,0.501277,00000100,50.1277,X]
[41,F,0.529236,00000011,52.9236,X]
[8,F,0.615798,10000000,61.5798,X]
[17,F,0.64713,00110000,64.713,X]
[18,F,0.653966,00110000,65.3966,X]
[35,F,0.689753,00000100,68.9753,X]
[30,F,0.69073,00001000,69.073,X]
[42,F,0.714069,00000010,71.4069,X]
[31,F,0.723933,00001000,72.3933,X]
[36,F,0.727839,00000100,72.7839,X]
[37,F,0.731745,00000100,73.1745,X]
[22,F,0.732734,00010000,73.2734,X]
[43,F,0.735553,00000010,73.5553,X]
[12,F,0.772048,01000000,77.2048,X]
[19,F,0.783516,00100000,78.3516,X]
[44,F,0.7961,00000010,79.61,X]
[13,F,0.799392,01000000,79.9392,X]
[23,F,0.80207,00010000,80.207,X]
[14,F,0.802322,01000000,80.2322,X]
[45,F,0.813678,00000010,81.3678,X]
[20,F,0.828438,00100000,82.8438,X]
[48,F,0.835163,00000001,83.5162,X]
[49,F,0.839069,00000001,83.9069,X]
[32,F,0.850886,00001000,85.0886,X]
[9,F,0.85115,10000000,85.115,X]
[15,F,0.870681,01000000,87.0681,X]
[46,F,0.879108,00000010,87.9108,X]
[47,F,0.884967,00000010,88.4967,X]
[24,F,0.892891,00010000,89.2891,X]
[21,F,0.930977,00100000,93.0977,X]
[16,F,0.957595,01000000,95.7595,X]
[38,F,0.96905,00000100,96.905,X]
[33,F,0.96905,00001000,96.905,X]
[10,F,0.977127,10000000,97.7127,X]
[11,F,0.989822,10000000,98.9822,X]
GUIDE_TREE_PARTITION1=(((t1:68.01,t2:68.01):11.32,(t3:32,t4:32):47.33):20.67,((t5:56.22,t6:56.22):10.29,(t7:32.89,t8:32.89):33.62):33.49);
