Taxa bit representation:
t1 10000000
t2 01000000
t3 00100000
t4 00010000
t5 00001000
t6 00000100
t7 00000010
t8 00000001
Clade List (<taxon members> = <clade name>): 

>Dataset_0
[0,F,0.046875,11111100,4.6875,X]
[1,F,0.140295,11110000,14.0295,X]
[23,F,0.144753,00010000,14.4753,X]
[41,F,0.149113,00000010,14.9113,X]
[2,F,0.204323,11100000,20.4323,X]
[47,F,0.225284,00000001,22.5284,X]
[31,F,0.304358,00001100,30.4358,X]
[48,F,0.327823,00000001,32.7823,X]
[3,F,0.345925,11100000,34.5925,X]
[32,F,0.364536,00001000,36.4536,X]
[49,F,0.367862,00000001,36.7862,X]
[42,F,0.376652,00000010,37.6652,X]
[33,F,0.421177,00001000,42.1177,X]
[14,F,0.443988,00100000,44.3988,X]
[50,F,0.454777,00000001,45.4777,X]
[4,F,0.455706,11000000,45.5706,X]
[37,F,0.472934,00000100,47.2934,X]
[24,F,0.477761,00010000,47.7761,X]
[15,F,0.486956,00100000,48.6956,X]
[38,F,0.491489,00000100,49.1489,X]
[39,F,0.530552,00000100,53.0552,X]
[51,F,0.570987,00000001,57.0987,X]
[34,F,0.583286,00001000,58.3286,X]
[16,F,0.596331,00100000,59.6331,X]
[35,F,0.597934,00001000,59.7934,X]
[52,F,0.605167,00000001,60.5167,X]
[25,F,0.620339,00010000,62.0339,X]
[17,F,0.637347,00100000,63.7347,X]
[18,F,0.651019,00100000,65.1019,X]
[26,F,0.658425,00010000,65.8425,X]
[5,F,0.6637,10000000,66.37,X]
[9,F,0.695927,01000000,69.5927,X]
[43,F,0.699894,00000010,69.9894,X]
[19,F,0.705706,00100000,70.5706,X]
[27,F,0.717995,00010000,71.7995,X]
[10,F,0.720341,01000000,72.0341,X]
[40,F,0.722934,00000100,72.2934,X]
[6,F,0.734989,10000000,73.4989,X]
[20,F,0.745745,00100000,74.5745,X]
[7,F,0.820927,10000000,82.0927,X]
[28,F,0.823464,00010000,82.3464,X]
[11,F,0.858036,01000000,85.8036,X]
[44,F,0.86298,00000010,86.298,X]
[53,F,0.874698,00000001,87.4698,X]
[12,F,0.877567,01000000,87.7567,X]
[54,F,0.880558,00000001,88.0558,X]
[21,F,0.881487,00100000,88.1487,X]
[22,F,0.896136,00100000,89.6136,X]
[45,F,0.927433,00000010,92.7433,X]
[55,F,0.935245,00000001,93.5245,X]
[36,F,0.935825,00001000,93.5825,X]
[46,F,0.959659,00000010,95.9659,X]
[29,F,0.972878,00010000,97.2878,X]
[30,F,0.978738,00010000,97.8738,X]
[13,F,0.984013,01000000,98.4013,X]
[8,F,0.997684,10000000,99.7684,X]
GUIDE_TREE_PARTITION1=(((((t1:46.13,t2:46.13):14.94,t3:61.07):24.65,t4:85.72):1.52,(t5:64.23,t6:64.23):23.01):12.76,(t7:85.87,t8:85.87):14.13);
