Taxa bit representation:
t1 10000000
t2 01000000
t3 00100000
t4 00010000
t5 00001000
t6 00000100
t7 00000010
t8 00000001
Clade List (<taxon members> = <clade name>): 

>Dataset_0
[0,F,0.0253906,11110000,2.53906,X]
[22,F,0.063725,00001100,6.3725,X]
[1,F,0.116519,11000000,11.6519,X]
[12,F,0.143863,00110000,14.3863,X]
[35,F,0.151616,00000011,15.1616,X]
[23,F,0.152592,00001100,15.2592,X]
[2,F,0.204409,11000000,20.4409,X]
[3,F,0.205386,11000000,20.5386,X]
[24,F,0.210209,00001100,21.0209,X]
[4,F,0.23273,11000000,23.273,X]
[36,F,0.277592,00000011,27.7592,X]
[13,F,0.2923,00110000,29.23,X]
[14,F,0.29523,00110000,29.523,X]
[25,F,0.310795,00001100,31.0795,X]
[26,F,0.351811,00001100,35.1811,X]
[27,F,0.392827,00001100,39.2827,X]
[5,F,0.392886,11000000,39.2886,X]
[28,F,0.539311,00001100,53.9311,X]
[29,F,0.564702,00001100,56.4702,X]
[37,F,0.593998,00000011,59.3998,X]
[38,F,0.617436,00000011,61.7436,X]
[18,F,0.621792,00010000,62.1792,X]
[6,F,0.639956,11000000,63.9956,X]
[15,F,0.643277,00100000,64.3277,X]
[7,F,0.659488,11000000,65.9488,X]
[19,F,0.665738,00010000,66.5738,X]
[39,F,0.677983,00000011,67.7983,X]
[16,F,0.691128,00100000,69.1128,X]
[30,F,0.717045,00001100,71.7045,X]
[8,F,0.719058,11000000,71.9058,X]
[20,F,0.745816,00010000,74.5816,X]
[9,F,0.760073,11000000,76.0073,X]
[40,F,0.783248,00000010,78.3248,X]
[10,F,0.804995,11000000,80.4995,X]
[44,F,0.827194,00000001,82.7194,X]
[31,F,0.850834,00001100,85.0834,X]
[11,F,0.8548,11000000,85.48,X]
[32,F,0.872731,00001000,87.2731,X]
[33,F,0.880544,00001000,88.0544,X]
[45,F,0.882858,00000001,88.2858,X]
[41,F,0.902389,00000010,90.2389,X]
[42,F,0.903366,00000010,90.3366,X]
[43,F,0.908248,00000010,90.8248,X]
[21,F,0.908902,00010000,90.8902,X]
[17,F,0.944058,00100000,94.4058,X]
[34,F,0.962575,00001000,96.2575,X]
GUIDE_TREE_PARTITION1=(((t1:14.41,t2:14.41):75.11,(t3:42.02,t4:42.02):47.5):10.48,((t5:14.68,t6:14.68):80.51,(t7:29.39,t8:29.39):65.8):4.81);
