Taxa bit representation:
t1 10000000
t2 01000000
t3 00100000
t4 00010000
t5 00001000
t6 00000100
t7 00000010
t8 00000001
Clade List (<taxon members> = <clade name>): 

>Dataset_0
[0,F,0.0527344,11110000,5.27344,X]
[1,F,0.0722656,11110000,7.22656,X]
[64,F,0.0732422,00001111,7.32422,X]
[2,F,0.100586,11110000,10.0586,X]
[3,F,0.101562,11110000,10.1562,X]
[4,F,0.12207,11110000,12.207,X]
[65,F,0.194336,00001111,19.4336,X]
[66,F,0.216797,00001111,21.6797,X]
[67,F,0.21875,00001111,21.875,X]
[68,F,0.223633,00001111,22.3633,X]
[88,F,0.241553,00000011,24.1553,X]
[69,F,0.263038,00001100,26.3038,X]
[5,F,0.279142,11000000,27.9142,X]
[6,F,0.287931,11000000,28.7931,X]
[33,F,0.30258,00110000,30.258,X]
[34,F,0.308439,00110000,30.8439,X]
[35,F,0.317228,00110000,31.7228,X]
[7,F,0.323088,11000000,32.3088,X]
[8,F,0.325041,11000000,32.5041,X]
[9,F,0.3309,11000000,33.09,X]
[70,F,0.33335,00001100,33.335,X]
[51,F,0.340883,00010000,34.0883,X]
[89,F,0.341163,00000011,34.1163,X]
[52,F,0.344789,00010000,34.4789,X]
[36,F,0.345766,00100000,34.5766,X]
[53,F,0.355531,00010000,35.5531,X]
[10,F,0.358244,11000000,35.8244,X]
[11,F,0.35922,11000000,35.922,X]
[90,F,0.39292,00000011,39.292,X]
[54,F,0.397523,00010000,39.7523,X]
[91,F,0.408545,00000011,40.8545,X]
[71,F,0.425147,00001100,42.5147,X]
[12,F,0.429533,11000000,42.9533,X]
[37,F,0.451234,00100000,45.1234,X]
[72,F,0.455402,00001000,45.5402,X]
[13,F,0.463713,11000000,46.3713,X]
[55,F,0.484438,00010000,48.4438,X]
[73,F,0.507159,00001000,50.7159,X]
[14,F,0.539884,11000000,53.9884,X]
[15,F,0.541837,11000000,54.1837,X]
[38,F,0.550844,00100000,55.0844,X]
[39,F,0.552797,00100000,55.2797,X]
[40,F,0.565492,00100000,56.5492,X]
[83,F,0.577472,00000100,57.7472,X]
[84,F,0.594073,00000100,59.4073,X]
[56,F,0.624086,00010000,62.4086,X]
[92,F,0.634131,00000011,63.4131,X]
[16,F,0.638517,11000000,63.8517,X]
[74,F,0.642902,00001000,64.2902,X]
[93,F,0.643897,00000011,64.3897,X]
[75,F,0.656573,00001000,65.6573,X]
[94,F,0.657569,00000011,65.7569,X]
[57,F,0.667055,00010000,66.7055,X]
[41,F,0.669984,00100000,66.9984,X]
[95,F,0.670264,00000011,67.0264,X]
[26,F,0.671248,01000000,67.1248,X]
[17,F,0.701522,10000000,70.1522,X]
[42,F,0.705141,00100000,70.5141,X]
[58,F,0.724672,00010000,72.4672,X]
[18,F,0.727889,10000000,72.7889,X]
[76,F,0.729816,00001000,72.9816,X]
[59,F,0.731508,00010000,73.1508,X]
[43,F,0.732484,00100000,73.2484,X]
[44,F,0.73932,00100000,73.932,X]
[96,F,0.7396,00000011,73.96,X]
[45,F,0.740297,00100000,74.0297,X]
[19,F,0.743514,10000000,74.3514,X]
[60,F,0.755922,00010000,75.5922,X]
[77,F,0.759112,00001000,75.9112,X]
[78,F,0.769855,00001000,76.9855,X]
[97,F,0.779639,00000011,77.9639,X]
[61,F,0.782289,00010000,78.2289,X]
[79,F,0.806964,00001000,80.6964,X]
[85,F,0.807941,00000100,80.7941,X]
[27,F,0.816756,01000000,81.6756,X]
[86,F,0.828448,00000100,82.8448,X]
[46,F,0.829164,00100000,82.9164,X]
[80,F,0.829425,00001000,82.9425,X]
[98,F,0.829444,00000011,82.9444,X]
[28,F,0.834334,01000000,83.4334,X]
[99,F,0.835303,00000011,83.5303,X]
[20,F,0.840194,10000000,84.0194,X]
[21,F,0.850936,10000000,85.0936,X]
[62,F,0.853578,00010000,85.3578,X]
[47,F,0.860414,00100000,86.0414,X]
[29,F,0.861678,01000000,86.1678,X]
[63,F,0.862367,00010000,86.2367,X]
[100,F,0.873072,00000010,87.3072,X]
[103,F,0.895533,00000001,89.5533,X]
[87,F,0.896808,00000100,89.6808,X]
[22,F,0.897811,10000000,89.7811,X]
[48,F,0.900453,00100000,90.0453,X]
[49,F,0.913148,00100000,91.3148,X]
[104,F,0.91897,00000001,91.897,X]
[81,F,0.923175,00001000,92.3175,X]
[30,F,0.936873,01000000,93.6873,X]
[105,F,0.938502,00000001,93.8502,X]
[23,F,0.938827,10000000,93.8827,X]
[50,F,0.95807,00100000,95.807,X]
[31,F,0.961288,01000000,96.1288,X]
[106,F,0.967798,00000001,96.7798,X]
[24,F,0.968123,10000000,96.8123,X]
[101,F,0.969752,00000010,96.9752,X]
[25,F,0.97203,10000000,97.203,X]
[82,F,0.976886,00001000,97.6886,X]
[102,F,0.980494,00000010,98.0494,X]
[32,F,0.984725,01000000,98.4725,X]
[107,F,0.98733,00000001,98.733,X]
GUIDE_TREE_PARTITION1=(((t1:34.34,t2:34.34):38.82,(t3:66.4,t4:66.4):6.76):26.84,((t5:56.12,t6:56.12):19.92,(t7:14.06,t8:14.06):61.98):23.96);
