Taxa bit representation:
t1 10000000
t2 01000000
t3 00100000
t4 00010000
t5 00001000
t6 00000100
t7 00000010
t8 00000001
Clade List (<taxon members> = <clade name>): 

>Dataset_0
[28,F,0.0605469,00000011,6.05469,X]
[29,F,0.117188,00000011,11.7188,X]
[0,F,0.118164,11111100,11.8164,X]
[1,F,0.125977,11111100,12.5977,X]
[2,F,0.161133,11111100,16.1133,X]
[30,F,0.176758,00000011,17.6758,X]
[31,F,0.204102,00000011,20.4102,X]
[3,F,0.361328,11111100,36.1328,X]
[36,F,0.395839,00000001,39.5839,X]
[4,F,0.426791,11110000,42.6791,X]
[37,F,0.51205,00000001,51.205,X]
[19,F,0.525423,00001100,52.5423,X]
[20,F,0.609408,00001100,60.9408,X]
[21,F,0.626986,00001100,62.6986,X]
[32,F,0.657558,00000010,65.7558,X]
[38,F,0.679042,00000001,67.9042,X]
[5,F,0.718377,11100000,71.8377,X]
[22,F,0.725619,00001100,72.5619,X]
[39,F,0.728847,00000001,72.8847,X]
[14,F,0.739861,00010000,73.9861,X]
[33,F,0.763027,00000010,76.3027,X]
[23,F,0.771939,00000100,77.1939,X]
[24,F,0.777798,00000100,77.7798,X]
[8,F,0.811913,00100000,81.1912,X]
[9,F,0.827538,00100000,82.7537,X]
[25,F,0.831509,00000100,83.1509,X]
[15,F,0.835564,00010000,83.5564,X]
[10,F,0.836327,00100000,83.6327,X]
[16,F,0.847283,00010000,84.7283,X]
[26,F,0.852994,00000100,85.2994,X]
[11,F,0.859764,00100000,85.9764,X]
[40,F,0.861659,00000001,86.1659,X]
[34,F,0.881191,00000010,88.1191,X]
[41,F,0.88412,00000001,88.412,X]
[42,F,0.899745,00000001,89.9745,X]
[12,F,0.910545,00100000,91.0545,X]
[17,F,0.937127,00010000,93.7127,X]
[27,F,0.939908,00000100,93.9908,X]
[35,F,0.944667,00000010,94.4667,X]
[6,F,0.974998,11000000,97.4998,X]
[13,F,0.982811,00100000,98.2811,X]
[18,F,0.987908,00010000,98.7908,X]
[7,F,0.994659,10000000,99.4659,X]
GUIDE_TREE_PARTITION1=(((((t1:1.12,t2:1.12):18.47,t3:19.59):33.67,t4:53.26):6.6,(t5:26.81,t6:26.81):33.05):40.14,(t7:64.42,t8:64.42):35.58);
