Taxa bit representation:
t1 10000000
t2 01000000
t3 00100000
t4 00010000
t5 00001000
t6 00000100
t7 00000010
t8 00000001
Clade List (<taxon members> = <clade name>): 

>Dataset_0
[0,F,0.0185547,11110000,1.85547,X]
[6,F,0.207392,00110000,20.7392,X]
[4,F,0.225937,01000000,22.5938,X]
[1,F,0.29918,10000000,29.918,X]
[7,F,0.44665,00110000,44.665,X]
[8,F,0.504267,00110000,50.4267,X]
[11,F,0.561523,00001111,56.1523,X]
[2,F,0.680039,10000000,68.0039,X]
[12,F,0.699302,00001000,69.9302,X]
[14,F,0.708091,00000100,70.8091,X]
[15,F,0.724959,00000011,72.4959,X]
[16,F,0.727889,00000011,72.7889,X]
[9,F,0.796255,00010000,79.6255,X]
[3,F,0.809922,10000000,80.9922,X]
[13,F,0.831137,00001000,83.1137,X]
[10,F,0.870473,00010000,87.0473,X]
[17,F,0.893905,00000011,89.3905,X]
[5,F,0.895859,01000000,89.5859,X]
GUIDE_TREE_PARTITION1=(((t1:79.75,t2:79.75):3.71,(t3:28.48,t4:28.48):54.98):16.54,((t5:31.73,t6:31.73):2.61,(t7:8.32,t8:8.32):26.02):65.66);
