Taxa bit representation:
t1 10000000
t2 01000000
t3 00100000
t4 00010000
t5 00001000
t6 00000100
t7 00000010
t8 00000001
Clade List (<taxon members> = <clade name>): 

>Dataset_0
[0,F,0.0205078,11111100,2.05078,X]
[122,F,0.0517578,00000011,5.17578,X]
[123,F,0.0996094,00000011,9.96094,X]
[124,F,0.110352,00000011,11.0352,X]
[69,F,0.147097,00001100,14.7097,X]
[125,F,0.166992,00000011,16.6992,X]
[70,F,0.208047,00001000,20.8047,X]
[105,F,0.21,00000100,21,X]
[71,F,0.218789,00001000,21.8789,X]
[72,F,0.220742,00001000,22.0742,X]
[1,F,0.224245,11110000,22.4245,X]
[126,F,0.244141,00000011,24.4141,X]
[2,F,0.247683,11110000,24.7683,X]
[73,F,0.2725,00001000,27.25,X]
[3,F,0.286745,11110000,28.6745,X]
[74,F,0.298867,00001000,29.8867,X]
[127,F,0.302734,00000011,30.2734,X]
[75,F,0.302773,00001000,30.2773,X]
[76,F,0.30375,00001000,30.375,X]
[128,F,0.30957,00000011,30.957,X]
[129,F,0.311523,00000011,31.1523,X]
[4,F,0.312136,11110000,31.2136,X]
[5,F,0.325808,11110000,32.5808,X]
[106,F,0.327187,00000100,32.7188,X]
[130,F,0.330078,00000011,33.0078,X]
[107,F,0.364297,00000100,36.4297,X]
[131,F,0.365234,00000011,36.5234,X]
[132,F,0.375977,00000011,37.5977,X]
[6,F,0.379519,11110000,37.9519,X]
[77,F,0.386758,00001000,38.6758,X]
[78,F,0.390664,00001000,39.0664,X]
[79,F,0.39457,00001000,39.457,X]
[7,F,0.395144,11110000,39.5144,X]
[108,F,0.421914,00000100,42.1914,X]
[80,F,0.429727,00001000,42.9727,X]
[8,F,0.451784,11110000,45.1784,X]
[9,F,0.464589,11100000,46.4589,X]
[49,F,0.467519,00010000,46.7519,X]
[81,F,0.468789,00001000,46.8789,X]
[50,F,0.469472,00010000,46.9472,X]
[133,F,0.47168,00000011,47.168,X]
[134,F,0.477539,00000011,47.7539,X]
[51,F,0.478261,00010000,47.8261,X]
[82,F,0.480508,00001000,48.0508,X]
[10,F,0.492909,11100000,49.2909,X]
[83,F,0.501016,00001000,50.1016,X]
[84,F,0.514687,00001000,51.4688,X]
[52,F,0.525136,00010000,52.5136,X]
[53,F,0.527089,00010000,52.7089,X]
[54,F,0.528066,00010000,52.8066,X]
[85,F,0.533242,00001000,53.3242,X]
[86,F,0.536172,00001000,53.6172,X]
[87,F,0.540078,00001000,54.0078,X]
[109,F,0.541055,00000100,54.1055,X]
[88,F,0.543008,00001000,54.3008,X]
[38,F,0.558328,00100000,55.8328,X]
[89,F,0.565469,00001000,56.5469,X]
[55,F,0.569081,00010000,56.9081,X]
[11,F,0.572977,11000000,57.2977,X]
[39,F,0.575906,00100000,57.5906,X]
[135,F,0.576172,00000011,57.6172,X]
[90,F,0.585,00001000,58.5,X]
[40,F,0.588602,00100000,58.8602,X]
[91,F,0.588906,00001000,58.8906,X]
[12,F,0.60032,11000000,60.032,X]
[136,F,0.600586,00000011,60.0586,X]
[41,F,0.602273,00100000,60.2273,X]
[42,F,0.613016,00100000,61.3016,X]
[110,F,0.61918,00000100,61.918,X]
[92,F,0.635781,00001000,63.5781,X]
[56,F,0.636464,00010000,63.6464,X]
[43,F,0.638406,00100000,63.8406,X]
[57,F,0.645253,00010000,64.5253,X]
[93,F,0.648477,00001000,64.8477,X]
[111,F,0.652383,00000100,65.2383,X]
[94,F,0.656289,00001000,65.6289,X]
[137,F,0.657227,00000011,65.7227,X]
[13,F,0.659419,10000000,65.9419,X]
[58,F,0.659902,00010000,65.9902,X]
[26,F,0.696528,01000000,69.6528,X]
[59,F,0.7058,00010000,70.58,X]
[95,F,0.706094,00001000,70.6094,X]
[60,F,0.713612,00010000,71.3612,X]
[96,F,0.719766,00001000,71.9766,X]
[97,F,0.723672,00001000,72.3672,X]
[98,F,0.737344,00001000,73.7344,X]
[112,F,0.739297,00000100,73.9297,X]
[61,F,0.740956,00010000,74.0956,X]
[14,F,0.751216,10000000,75.1216,X]
[113,F,0.754922,00000100,75.4922,X]
[27,F,0.756098,01000000,75.6098,X]
[114,F,0.759805,00000100,75.9805,X]
[138,F,0.761719,00000011,76.1719,X]
[115,F,0.761758,00000100,76.1758,X]
[28,F,0.762934,01000000,76.2934,X]
[29,F,0.765864,01000000,76.5864,X]
[30,F,0.766841,01000000,76.6841,X]
[15,F,0.770747,10000000,77.0747,X]
[44,F,0.771219,00100000,77.1219,X]
[31,F,0.776606,01000000,77.6606,X]
[16,F,0.778559,10000000,77.8559,X]
[99,F,0.782266,00001000,78.2266,X]
[17,F,0.785395,10000000,78.5395,X]
[18,F,0.795161,10000000,79.5161,X]
[32,F,0.796137,01000000,79.6137,X]
[33,F,0.801997,01000000,80.1997,X]
[100,F,0.804727,00001000,80.4727,X]
[19,F,0.805903,10000000,80.5903,X]
[101,F,0.812539,00001000,81.2539,X]
[116,F,0.822305,00000100,82.2305,X]
[45,F,0.822977,00100000,82.2977,X]
[117,F,0.831094,00000100,83.1094,X]
[118,F,0.851602,00000100,85.1602,X]
[142,F,0.859137,00000001,85.9137,X]
[102,F,0.860391,00001000,86.0391,X]
[34,F,0.867427,01000000,86.7427,X]
[20,F,0.868403,10000000,86.8403,X]
[62,F,0.870839,00010000,87.0839,X]
[21,F,0.873286,10000000,87.3286,X]
[63,F,0.886464,00010000,88.6464,X]
[64,F,0.89037,00010000,89.037,X]
[143,F,0.896247,00000001,89.6247,X]
[139,F,0.8982,00000010,89.82,X]
[119,F,0.905312,00000100,90.5312,X]
[65,F,0.905995,00010000,90.5995,X]
[46,F,0.911844,00100000,91.1844,X]
[35,F,0.914302,01000000,91.4302,X]
[144,F,0.915778,00000001,91.5778,X]
[145,F,0.918708,00000001,91.8708,X]
[66,F,0.920644,00010000,92.0644,X]
[47,F,0.931375,00100000,93.1375,X]
[120,F,0.93168,00000100,93.168,X]
[22,F,0.934809,10000000,93.4809,X]
[67,F,0.936269,00010000,93.6269,X]
[103,F,0.952187,00001000,95.2188,X]
[104,F,0.954141,00001000,95.4141,X]
[23,F,0.956294,10000000,95.6294,X]
[140,F,0.965583,00000010,96.5583,X]
[24,F,0.968012,10000000,96.8012,X]
[146,F,0.968512,00000001,96.8512,X]
[36,F,0.971919,01000000,97.1919,X]
[48,F,0.979227,00100000,97.9227,X]
[141,F,0.980231,00000010,98.0231,X]
[147,F,0.982184,00000001,98.2184,X]
[121,F,0.983437,00000100,98.3438,X]
[148,F,0.988044,00000001,98.8044,X]
[149,F,0.98902,00000001,98.902,X]
[25,F,0.995356,10000000,99.5356,X]
[37,F,0.998286,01000000,99.8286,X]
[68,F,0.999745,00010000,99.9745,X]
GUIDE_TREE_PARTITION1=(((((t1:35.23,t2:35.23):13.82,t3:49.05):5.37,t4:54.42):33.8,(t5:85.25,t6:85.25):2.97):11.78,(t7:16.43,t8:16.43):83.57);
