Taxa bit representation:
t1 10000000
t2 01000000
t3 00100000
t4 00010000
t5 00001000
t6 00000100
t7 00000010
t8 00000001
Clade List (<taxon members> = <clade name>): 

>Dataset_0
[27,F,0.0214844,00000011,2.14844,X]
[18,F,0.0531594,00001100,5.31594,X]
[28,F,0.140625,00000011,14.0625,X]
[29,F,0.143555,00000011,14.3555,X]
[19,F,0.217222,00001100,21.7222,X]
[30,F,0.225275,00000010,22.5275,X]
[20,F,0.226011,00001100,22.6011,X]
[0,F,0.233247,11100000,23.3247,X]
[21,F,0.233823,00001100,23.3823,X]
[44,F,0.241877,00000001,24.1877,X]
[12,F,0.252778,00010000,25.2778,X]
[45,F,0.255548,00000001,25.5548,X]
[13,F,0.345552,00010000,34.5552,X]
[46,F,0.374689,00000001,37.4689,X]
[31,F,0.377619,00000010,37.7619,X]
[32,F,0.384455,00000010,38.4455,X]
[47,F,0.393244,00000001,39.3244,X]
[33,F,0.409845,00000010,40.9845,X]
[48,F,0.430353,00000001,43.0353,X]
[22,F,0.440855,00001100,44.0855,X]
[49,F,0.441095,00000001,44.1095,X]
[34,F,0.485041,00000010,48.5041,X]
[50,F,0.499689,00000001,49.9689,X]
[23,F,0.509214,00001100,50.9214,X]
[35,F,0.514338,00000010,51.4338,X]
[24,F,0.531675,00001100,53.1675,X]
[51,F,0.542658,00000001,54.2658,X]
[36,F,0.547541,00000010,54.7541,X]
[14,F,0.556489,00010000,55.6489,X]
[25,F,0.558042,00001100,55.8042,X]
[37,F,0.563166,00000010,56.3166,X]
[1,F,0.624848,11100000,62.4848,X]
[52,F,0.633478,00000001,63.3478,X]
[38,F,0.692072,00000010,69.2072,X]
[15,F,0.700044,00010000,70.0044,X]
[16,F,0.70395,00010000,70.395,X]
[2,F,0.70395,11100000,70.395,X]
[53,F,0.733088,00000001,73.3088,X]
[54,F,0.734064,00000001,73.4064,X]
[3,F,0.741059,11100000,74.1059,X]
[9,F,0.769777,00100000,76.9777,X]
[4,F,0.769777,11000000,76.9777,X]
[17,F,0.786958,00010000,78.6958,X]
[39,F,0.788752,00000010,78.8752,X]
[5,F,0.792238,11000000,79.2238,X]
[10,F,0.80005,00100000,80.005,X]
[40,F,0.8034,00000010,80.34,X]
[55,F,0.804377,00000001,80.4377,X]
[41,F,0.805353,00000010,80.5353,X]
[42,F,0.820002,00000010,82.0002,X]
[6,F,0.824464,11000000,82.4464,X]
[7,F,0.86055,10000000,86.055,X]
[56,F,0.86297,00000001,86.297,X]
[11,F,0.863527,00100000,86.3527,X]
[26,F,0.898863,00001100,89.8863,X]
[57,F,0.994806,00000001,99.4806,X]
[43,F,0.995783,00000010,99.5783,X]
[8,F,0.999222,10000000,99.9222,X]
GUIDE_TREE_PARTITION1=(((((t1:17.07,t2:17.07):6.05,t3:23.12):72.11,t4:95.23):0.04,(t5:7.28,t6:7.28):87.99):4.73,(t7:82.16,t8:82.16):17.84);
