Taxa bit representation:
t1 10000000
t2 01000000
t3 00100000
t4 00010000
t5 00001000
t6 00000100
t7 00000010
t8 00000001
Clade List (<taxon members> = <clade name>): 

>Dataset_0
[14,F,0.0351562,00000011,3.51562,X]
[15,F,0.118164,00000011,11.8164,X]
[5,F,0.13207,00001100,13.207,X]
[9,F,0.310514,00000100,31.0514,X]
[16,F,0.314158,00000010,31.4158,X]
[6,F,0.40817,00001000,40.817,X]
[10,F,0.433561,00000100,43.3561,X]
[19,F,0.48115,00000001,48.115,X]
[11,F,0.516569,00000100,51.6569,X]
[0,F,0.536367,11110000,53.6367,X]
[20,F,0.547556,00000001,54.7556,X]
[12,F,0.585905,00000100,58.5905,X]
[21,F,0.660837,00000001,66.0837,X]
[17,F,0.669627,00000010,66.9627,X]
[22,F,0.694041,00000001,69.4041,X]
[18,F,0.695994,00000010,69.5994,X]
[7,F,0.701139,00001000,70.1139,X]
[1,F,0.704762,11100000,70.4762,X]
[13,F,0.807584,00000100,80.7584,X]
[2,F,0.811966,00100000,81.1966,X]
[8,F,0.88278,00001000,88.278,X]
[4,F,0.907887,00010000,90.7887,X]
[3,F,0.929153,00100000,92.9153,X]
[23,F,0.975291,00000001,97.5291,X]
GUIDE_TREE_PARTITION1=(((((t1:17.19,t2:17.19):2.59,t3:19.78):19.9,t4:39.68):53.07,(t5:83.89,t6:83.89):8.86):7.25,(t7:86.26,t8:86.26):13.74);
