Taxa bit representation:
t1 10000000
t2 01000000
t3 00100000
t4 00010000
t5 00001000
t6 00000100
t7 00000010
t8 00000001
Clade List (<taxon members> = <clade name>): 

>Dataset_0
[0,F,0.0224609,11111110,2.24609,X]
[89,F,0.0739516,00000010,7.39516,X]
[90,F,0.0759047,00000010,7.59047,X]
[112,F,0.0800781,00000001,8.00781,X]
[91,F,0.121803,00000010,12.1803,X]
[1,F,0.140358,11111100,14.0358,X]
[113,F,0.15918,00000001,15.918,X]
[92,F,0.167702,00000010,16.7702,X]
[2,F,0.177467,11111100,17.7467,X]
[3,F,0.183327,11111100,18.3327,X]
[114,F,0.191406,00000001,19.1406,X]
[115,F,0.196289,00000001,19.6289,X]
[93,F,0.198952,00000010,19.8952,X]
[4,F,0.208717,11111100,20.8717,X]
[94,F,0.214577,00000010,21.4577,X]
[5,F,0.250709,11111100,25.0709,X]
[116,F,0.253906,00000001,25.3906,X]
[95,F,0.27317,00000010,27.317,X]
[96,F,0.287819,00000010,28.7819,X]
[97,F,0.299538,00000010,29.9537,X]
[6,F,0.305397,11111100,30.5397,X]
[7,F,0.309303,11111100,30.9303,X]
[98,F,0.320045,00000010,32.0045,X]
[8,F,0.322975,11111100,32.2975,X]
[117,F,0.333984,00000001,33.3984,X]
[9,F,0.350319,11111100,35.0319,X]
[99,F,0.360084,00000010,36.0084,X]
[72,F,0.374489,00000100,37.4489,X]
[118,F,0.393555,00000001,39.3555,X]
[54,F,0.396872,00001000,39.6872,X]
[73,F,0.397927,00000100,39.7927,X]
[100,F,0.402077,00000010,40.2077,X]
[55,F,0.439841,00001000,43.9841,X]
[101,F,0.445045,00000010,44.5045,X]
[10,F,0.450583,11110000,45.0583,X]
[74,F,0.45652,00000100,45.652,X]
[56,F,0.462302,00001000,46.2302,X]
[11,F,0.471091,11110000,47.1091,X]
[75,F,0.476052,00000100,47.6052,X]
[57,F,0.487692,00001000,48.7692,X]
[102,F,0.489967,00000010,48.9967,X]
[119,F,0.49707,00000001,49.707,X]
[58,F,0.510153,00001000,51.0153,X]
[12,F,0.519919,11110000,51.9919,X]
[13,F,0.529684,11110000,52.9684,X]
[76,F,0.531716,00000100,53.1716,X]
[59,F,0.566794,00001000,56.6794,X]
[60,F,0.574606,00001000,57.4606,X]
[103,F,0.580788,00000010,58.0787,X]
[14,F,0.583513,11000000,58.3513,X]
[40,F,0.587419,00100000,58.7419,X]
[47,F,0.596469,00010000,59.6469,X]
[120,F,0.59668,00000001,59.668,X]
[121,F,0.599609,00000001,59.9609,X]
[77,F,0.603005,00000100,60.3005,X]
[15,F,0.605973,11000000,60.5973,X]
[78,F,0.624489,00000100,62.4489,X]
[16,F,0.631364,11000000,63.1364,X]
[48,F,0.640414,00010000,64.0414,X]
[79,F,0.64988,00000100,64.988,X]
[80,F,0.661598,00000100,66.1598,X]
[61,F,0.670309,00001000,67.0309,X]
[17,F,0.670427,11000000,67.0427,X]
[122,F,0.674805,00000001,67.4805,X]
[123,F,0.678711,00000001,67.8711,X]
[18,F,0.684098,11000000,68.4098,X]
[19,F,0.686052,11000000,68.6052,X]
[62,F,0.687887,00001000,68.7887,X]
[20,F,0.698747,11000000,69.8747,X]
[81,F,0.703591,00000100,70.3591,X]
[21,F,0.704606,11000000,70.4606,X]
[22,F,0.707536,11000000,70.7536,X]
[82,F,0.71238,00000100,71.238,X]
[23,F,0.714372,11000000,71.4372,X]
[24,F,0.721208,11000000,72.1208,X]
[83,F,0.722145,00000100,72.2145,X]
[25,F,0.728044,11000000,72.8044,X]
[41,F,0.733903,00100000,73.3903,X]
[42,F,0.738786,00100000,73.8786,X]
[84,F,0.742653,00000100,74.2653,X]
[124,F,0.75,00000001,75,X]
[104,F,0.760475,00000010,76.0475,X]
[125,F,0.767578,00000001,76.7578,X]
[63,F,0.772848,00001000,77.2848,X]
[64,F,0.777731,00001000,77.7731,X]
[65,F,0.782614,00001000,78.2614,X]
[85,F,0.785622,00000100,78.5622,X]
[26,F,0.793473,11000000,79.3473,X]
[43,F,0.799333,00100000,79.9333,X]
[27,F,0.801286,11000000,80.1286,X]
[126,F,0.811523,00000001,81.1523,X]
[105,F,0.820045,00000010,82.0045,X]
[106,F,0.821022,00000010,82.1022,X]
[127,F,0.826172,00000001,82.6172,X]
[66,F,0.835348,00001000,83.5348,X]
[107,F,0.83567,00000010,83.567,X]
[108,F,0.842506,00000010,84.2506,X]
[86,F,0.860817,00000100,86.0817,X]
[28,F,0.874655,10000000,87.4655,X]
[35,F,0.881491,01000000,88.1491,X]
[44,F,0.884294,00100000,88.4294,X]
[109,F,0.884498,00000010,88.4498,X]
[36,F,0.88735,01000000,88.735,X]
[29,F,0.914694,10000000,91.4694,X]
[67,F,0.923239,00001000,92.3239,X]
[110,F,0.927467,00000010,92.7467,X]
[87,F,0.930153,00000100,93.0153,X]
[49,F,0.930453,00010000,93.0453,X]
[128,F,0.930664,00000001,93.0664,X]
[88,F,0.938942,00000100,93.8942,X]
[50,F,0.941195,00010000,94.1195,X]
[68,F,0.941794,00001000,94.1794,X]
[45,F,0.946794,00100000,94.6794,X]
[30,F,0.94692,10000000,94.692,X]
[46,F,0.949723,00100000,94.9723,X]
[31,F,0.950827,10000000,95.0827,X]
[37,F,0.955709,01000000,95.5709,X]
[38,F,0.956686,01000000,95.6686,X]
[32,F,0.956686,10000000,95.6686,X]
[129,F,0.957031,00000001,95.7031,X]
[33,F,0.960592,10000000,96.0592,X]
[51,F,0.960727,00010000,96.0727,X]
[69,F,0.962302,00001000,96.2302,X]
[70,F,0.964255,00001000,96.4255,X]
[39,F,0.964498,01000000,96.4498,X]
[52,F,0.972445,00010000,97.2445,X]
[71,F,0.97695,00001000,97.695,X]
[34,F,0.988913,10000000,98.8913,X]
[111,F,0.990944,00000010,99.0944,X]
[130,F,0.991211,00000001,99.1211,X]
[53,F,0.998813,00010000,99.8813,X]
GUIDE_TREE_PARTITION1=(((((((t1:14.39,t2:14.39):28.04,t3:42.43):2.22,t4:44.65):17.03,t5:61.68):1.75,t6:63.43):33.96,t7:97.39):2.61,t8:100);
