Taxa bit representation:
t1 10000000
t2 01000000
t3 00100000
t4 00010000
t5 00001000
t6 00000100
t7 00000010
t8 00000001
Clade List (<taxon members> = <clade name>): 

>Dataset_0
[8,F,0.237275,00000010,23.7275,X]
[0,F,0.301728,11111100,30.1728,X]
[1,F,0.305634,11111100,30.5634,X]
[9,F,0.333955,00000010,33.3955,X]
[10,F,0.404267,00000010,40.4267,X]
[14,F,0.46582,00000001,46.582,X]
[2,F,0.469697,11111100,46.9697,X]
[5,F,0.515427,00000100,51.5427,X]
[11,F,0.632783,00000010,63.2783,X]
[6,F,0.638473,00000100,63.8473,X]
[15,F,0.679688,00000001,67.9688,X]
[12,F,0.704072,00000010,70.4072,X]
[13,F,0.714814,00000010,71.4814,X]
[3,F,0.790173,00010000,79.0173,X]
[7,F,0.837692,00000100,83.7692,X]
[4,F,0.897595,00010000,89.7595,X]
[16,F,0.988281,00000001,98.8281,X]
GUIDE_TREE_PARTITION1=(((((((t1:2.79,t2:2.79):3.74,t3:6.53):17.48,t4:24.01):26.01,t5:50.02):1.66,t6:51.68):29.28,t7:80.96):19.04,t8:100);
