Taxa bit representation:
t1 10000000
t2 01000000
t3 00100000
t4 00010000
t5 00001000
t6 00000100
t7 00000010
t8 00000001
Clade List (<taxon members> = <clade name>): 

>Dataset_0
[0,F,0.00195312,11111100,0.195312,X]
[1,F,0.0361328,11111100,3.61328,X]
[29,F,0.103873,00001100,10.3873,X]
[30,F,0.141959,00001100,14.1959,X]
[2,F,0.17037,11100000,17.037,X]
[17,F,0.187948,00010000,18.7948,X]
[3,F,0.191855,11100000,19.1855,X]
[31,F,0.193717,00001100,19.3717,X]
[18,F,0.272909,00010000,27.2909,X]
[40,F,0.275391,00000011,27.5391,X]
[41,F,0.297852,00000011,29.7852,X]
[4,F,0.299277,11100000,29.9277,X]
[32,F,0.314811,00001100,31.4811,X]
[19,F,0.368613,00010000,36.8612,X]
[5,F,0.421164,11000000,42.1164,X]
[6,F,0.470969,11000000,47.0969,X]
[33,F,0.489616,00001100,48.9616,X]
[20,F,0.505331,00010000,50.5331,X]
[21,F,0.526816,00010000,52.6816,X]
[14,F,0.562766,00100000,56.2766,X]
[22,F,0.572714,00010000,57.2714,X]
[42,F,0.59375,00000011,59.375,X]
[7,F,0.598898,11000000,59.8898,X]
[43,F,0.606445,00000011,60.6445,X]
[44,F,0.625977,00000011,62.5977,X]
[23,F,0.646933,00010000,64.6933,X]
[8,F,0.679953,11000000,67.9953,X]
[9,F,0.686789,11000000,68.6789,X]
[24,F,0.725058,00010000,72.5058,X]
[34,F,0.748645,00001000,74.8645,X]
[25,F,0.790488,00010000,79.0487,X]
[10,F,0.845294,01000000,84.5294,X]
[45,F,0.853516,00000011,85.3516,X]
[11,F,0.871661,01000000,87.1661,X]
[38,F,0.885364,00000100,88.5364,X]
[39,F,0.900989,00000100,90.0989,X]
[15,F,0.909445,00100000,90.9445,X]
[12,F,0.929278,01000000,92.9278,X]
[16,F,0.941672,00100000,94.1672,X]
[35,F,0.950794,00001000,95.0794,X]
[36,F,0.964466,00001000,96.4466,X]
[37,F,0.966419,00001000,96.6419,X]
[26,F,0.984823,00010000,98.4823,X]
[27,F,0.990683,00010000,99.0683,X]
[13,F,0.998614,01000000,99.8614,X]
[28,F,0.999472,00010000,99.9472,X]
GUIDE_TREE_PARTITION1=(((((t1:21.33,t2:21.33):42.12,t3:63.45):25.47,t4:88.92):3.72,(t5:29.53,t6:29.53):63.11):7.36,(t7:4.53,t8:4.53):95.47);
