Taxa bit representation:
t1 10000000
t2 01000000
t3 00100000
t4 00010000
t5 00001000
t6 00000100
t7 00000010
t8 00000001
Clade List (<taxon members> = <clade name>): 

>Dataset_0
[13,F,0.0136719,00001111,1.36719,X]
[14,F,0.0546875,00001111,5.46875,X]
[15,F,0.0830078,00001111,8.30078,X]
[16,F,0.166016,00001111,16.6016,X]
[0,F,0.226562,11110000,22.6562,X]
[1,F,0.240234,11110000,24.0234,X]
[17,F,0.25,00001111,25,X]
[2,F,0.486963,11000000,48.6962,X]
[11,F,0.540673,00110000,54.0673,X]
[18,F,0.558594,00001111,55.8594,X]
[25,F,0.608537,00000011,60.8537,X]
[26,F,0.618303,00000011,61.8303,X]
[3,F,0.641259,11000000,64.1259,X]
[19,F,0.6476,00001100,64.76,X]
[4,F,0.652002,11000000,65.2002,X]
[27,F,0.687639,00000011,68.7639,X]
[6,F,0.695736,01000000,69.5736,X]
[20,F,0.701311,00001100,70.1311,X]
[21,F,0.752589,00001000,75.2589,X]
[28,F,0.7726,00000011,77.26,X]
[22,F,0.779933,00001000,77.9933,X]
[5,F,0.786556,10000000,78.6556,X]
[12,F,0.808252,00110000,80.8252,X]
[31,F,0.821702,00000001,82.1702,X]
[7,F,0.828548,01000000,82.8548,X]
[23,F,0.833644,00001000,83.3644,X]
[8,F,0.835384,01000000,83.5384,X]
[32,F,0.841233,00000001,84.1233,X]
[24,F,0.850245,00000100,85.0245,X]
[9,F,0.90765,01000000,90.765,X]
[29,F,0.926194,00000010,92.6194,X]
[10,F,0.932064,01000000,93.2064,X]
[30,F,0.984788,00000010,98.4788,X]
[33,F,0.990647,00000001,99.0647,X]
GUIDE_TREE_PARTITION1=(((t1:31.11,t2:31.11):30.35,(t3:17.67,t4:17.67):43.79):38.54,((t5:25.62,t6:25.62):15.87,(t7:19.49,t8:19.49):22):58.51);
