Taxa bit representation:
t1 10000000
t2 01000000
t3 00100000
t4 00010000
t5 00001000
t6 00000100
t7 00000010
t8 00000001
Clade List (<taxon members> = <clade name>): 

>Dataset_0
[33,F,0.0703125,00000011,7.03125,X]
[34,F,0.108398,00000011,10.8398,X]
[35,F,0.169922,00000011,16.9922,X]
[0,F,0.241211,11111100,24.1211,X]
[1,F,0.268555,11111100,26.8555,X]
[2,F,0.28125,11111100,28.125,X]
[3,F,0.361073,11110000,36.1073,X]
[20,F,0.391897,00001000,39.1897,X]
[4,F,0.414784,11110000,41.4784,X]
[5,F,0.447011,11110000,44.7011,X]
[6,F,0.447987,11110000,44.7987,X]
[21,F,0.511038,00001000,51.1038,X]
[36,F,0.514648,00000011,51.4648,X]
[22,F,0.533498,00001000,53.3498,X]
[37,F,0.587891,00000011,58.7891,X]
[25,F,0.594045,00000100,59.4045,X]
[13,F,0.612817,00010000,61.2817,X]
[23,F,0.648733,00001000,64.8733,X]
[14,F,0.668481,00010000,66.8481,X]
[15,F,0.692895,00010000,69.2895,X]
[26,F,0.695608,00000100,69.5608,X]
[27,F,0.711233,00000100,71.1233,X]
[7,F,0.778833,11100000,77.8833,X]
[16,F,0.80227,00010000,80.227,X]
[38,F,0.824219,00000011,82.4219,X]
[17,F,0.846216,00010000,84.6216,X]
[28,F,0.860647,00000100,86.0647,X]
[29,F,0.864553,00000100,86.4553,X]
[39,F,0.865234,00000011,86.5234,X]
[40,F,0.87207,00000011,87.207,X]
[12,F,0.896539,00100000,89.6539,X]
[9,F,0.914913,01000000,91.4913,X]
[10,F,0.917842,01000000,91.7842,X]
[30,F,0.919241,00000100,91.9241,X]
[31,F,0.920217,00000100,92.0217,X]
[8,F,0.937373,10000000,93.7373,X]
[24,F,0.95342,00001000,95.342,X]
[41,F,0.953891,00000001,95.3891,X]
[11,F,0.97253,01000000,97.253,X]
[18,F,0.977075,00010000,97.7075,X]
[19,F,0.979028,00010000,97.9028,X]
[32,F,0.985647,00000100,98.5647,X]
GUIDE_TREE_PARTITION1=(((((t1:15.54,t2:15.54):5.06,t3:20.6):30.13,t4:50.73):16.19,(t5:63.74,t6:63.74):3.18):33.08,(t7:7.15,t8:7.15):92.85);
