Taxa bit representation:
t1 10000000
t2 01000000
t3 00100000
t4 00010000
t5 00001000
t6 00000100
t7 00000010
t8 00000001
Clade List (<taxon members> = <clade name>): 

>Dataset_0
[0,F,0.00585938,11110000,0.585938,X]
[70,F,0.00683594,00001111,0.683594,X]
[1,F,0.00878906,11110000,0.878906,X]
[71,F,0.0751953,00001111,7.51953,X]
[72,F,0.0859375,00001111,8.59375,X]
[73,F,0.104492,00001111,10.4492,X]
[97,F,0.134872,00000011,13.4872,X]
[74,F,0.143661,00001100,14.3661,X]
[2,F,0.165039,11110000,16.5039,X]
[98,F,0.1837,00000011,18.37,X]
[99,F,0.195366,00000010,19.5366,X]
[75,F,0.21202,00001100,21.202,X]
[76,F,0.215927,00001100,21.5927,X]
[3,F,0.216797,11110000,21.6797,X]
[120,F,0.230522,00000001,23.0522,X]
[77,F,0.24327,00001100,24.327,X]
[4,F,0.25,11110000,25,X]
[121,F,0.25103,00000001,25.103,X]
[100,F,0.260795,00000010,26.0795,X]
[122,F,0.263725,00000001,26.3725,X]
[101,F,0.286186,00000010,28.6186,X]
[5,F,0.289062,11110000,28.9062,X]
[78,F,0.297958,00001100,29.7958,X]
[123,F,0.300834,00000001,30.0834,X]
[102,F,0.308647,00000010,30.8647,X]
[124,F,0.315483,00000001,31.5483,X]
[34,F,0.317572,00110000,31.7572,X]
[103,F,0.324272,00000010,32.4272,X]
[35,F,0.329291,00110000,32.9291,X]
[6,F,0.33808,11000000,33.808,X]
[104,F,0.342827,00000010,34.2827,X]
[125,F,0.348686,00000001,34.8686,X]
[79,F,0.354598,00001100,35.4598,X]
[36,F,0.377142,00110000,37.7142,X]
[105,F,0.379936,00000010,37.9936,X]
[37,F,0.402533,00110000,40.2533,X]
[38,F,0.407416,00110000,40.7416,X]
[39,F,0.419134,00110000,41.9134,X]
[80,F,0.431747,00001100,43.1747,X]
[126,F,0.456108,00000001,45.6108,X]
[40,F,0.456244,00110000,45.6244,X]
[127,F,0.465873,00000001,46.5873,X]
[128,F,0.46685,00000001,46.685,X]
[129,F,0.471733,00000001,47.1733,X]
[41,F,0.472845,00110000,47.2845,X]
[81,F,0.49327,00001100,49.327,X]
[130,F,0.499077,00000001,49.9077,X]
[82,F,0.501083,00001100,50.1083,X]
[7,F,0.503119,11000000,50.3119,X]
[131,F,0.519584,00000001,51.9584,X]
[8,F,0.524603,11000000,52.4603,X]
[106,F,0.53228,00000010,53.228,X]
[107,F,0.534233,00000010,53.4233,X]
[132,F,0.536186,00000001,53.6186,X]
[9,F,0.537298,11000000,53.7298,X]
[83,F,0.546981,00001100,54.6981,X]
[84,F,0.556747,00001100,55.6747,X]
[108,F,0.572319,00000010,57.2319,X]
[10,F,0.575384,11000000,57.5384,X]
[85,F,0.581161,00001100,58.1161,X]
[11,F,0.58222,11000000,58.222,X]
[12,F,0.583197,11000000,58.3197,X]
[56,F,0.587972,00010000,58.7972,X]
[109,F,0.59478,00000010,59.478,X]
[13,F,0.594916,11000000,59.4916,X]
[42,F,0.597738,00100000,59.7738,X]
[110,F,0.598686,00000010,59.8686,X]
[57,F,0.60555,00010000,60.555,X]
[43,F,0.611409,00100000,61.1409,X]
[14,F,0.61347,11000000,61.347,X]
[133,F,0.619194,00000001,61.9194,X]
[134,F,0.630912,00000001,63.0913,X]
[135,F,0.638725,00000001,63.8725,X]
[44,F,0.638753,00100000,63.8753,X]
[58,F,0.643636,00010000,64.3636,X]
[45,F,0.645589,00100000,64.5589,X]
[46,F,0.651448,00100000,65.1448,X]
[111,F,0.65435,00000010,65.435,X]
[86,F,0.664169,00001100,66.4169,X]
[59,F,0.672933,00010000,67.2933,X]
[15,F,0.6789,11000000,67.89,X]
[60,F,0.681722,00010000,68.1722,X]
[47,F,0.681722,00100000,68.1722,X]
[16,F,0.686713,11000000,68.6713,X]
[136,F,0.689506,00000001,68.9506,X]
[48,F,0.689534,00100000,68.9534,X]
[137,F,0.699272,00000001,69.9272,X]
[61,F,0.6993,00010000,69.93,X]
[138,F,0.700248,00000001,70.0248,X]
[49,F,0.710042,00100000,71.0042,X]
[112,F,0.71978,00000010,71.978,X]
[139,F,0.720756,00000001,72.0756,X]
[17,F,0.726752,11000000,72.6752,X]
[113,F,0.731498,00000010,73.1498,X]
[18,F,0.745625,10000000,74.5625,X]
[62,F,0.755941,00010000,75.5941,X]
[50,F,0.756917,00100000,75.6917,X]
[25,F,0.760273,01000000,76.0273,X]
[114,F,0.760795,00000010,76.0795,X]
[19,F,0.76125,10000000,76.125,X]
[26,F,0.766133,01000000,76.6133,X]
[87,F,0.767642,00001000,76.7642,X]
[115,F,0.772514,00000010,77.2514,X]
[88,F,0.772525,00001000,77.2525,X]
[63,F,0.781331,00010000,78.1331,X]
[95,F,0.790103,00000100,79.0103,X]
[89,F,0.79108,00001000,79.108,X]
[90,F,0.794986,00001000,79.4986,X]
[116,F,0.800834,00000010,80.0834,X]
[27,F,0.803242,01000000,80.3242,X]
[28,F,0.82082,01000000,82.082,X]
[64,F,0.82137,00010000,82.137,X]
[51,F,0.828206,00100000,82.8206,X]
[117,F,0.835014,00000010,83.5014,X]
[118,F,0.850639,00000010,85.0639,X]
[91,F,0.856509,00001000,85.6509,X]
[65,F,0.856527,00010000,85.6527,X]
[20,F,0.860859,10000000,86.0859,X]
[52,F,0.866292,00100000,86.6292,X]
[53,F,0.876058,00100000,87.6058,X]
[66,F,0.879964,00010000,87.9964,X]
[92,F,0.885806,00001000,88.5806,X]
[67,F,0.8868,00010000,88.68,X]
[93,F,0.895572,00001000,89.5572,X]
[68,F,0.895589,00010000,89.5589,X]
[94,F,0.900455,00001000,90.0455,X]
[54,F,0.902425,00100000,90.2425,X]
[21,F,0.908711,10000000,90.8711,X]
[29,F,0.91457,01000000,91.457,X]
[30,F,0.9175,01000000,91.75,X]
[31,F,0.922383,01000000,92.2383,X]
[32,F,0.941914,01000000,94.1914,X]
[119,F,0.950248,00000010,95.0248,X]
[140,F,0.956108,00000001,95.6108,X]
[141,F,0.957084,00000001,95.7084,X]
[22,F,0.976094,10000000,97.6094,X]
[23,F,0.978047,10000000,97.8047,X]
[55,F,0.979573,00100000,97.9573,X]
[24,F,0.98,10000000,98,X]
[33,F,0.987812,01000000,98.7812,X]
[96,F,0.990298,00000100,99.0298,X]
[69,F,0.990316,00010000,99.0316,X]
GUIDE_TREE_PARTITION1=(((t1:27,t2:27):42.61,(t3:42.57,t4:42.57):27.04):30.39,((t5:24.31,t6:24.31):63.57,(t7:81.44,t8:81.44):6.44):12.12);
