Taxa bit representation:
t1 10000000
t2 01000000
t3 00100000
t4 00010000
t5 00001000
t6 00000100
t7 00000010
t8 00000001
Clade List (<taxon members> = <clade name>): 

>Dataset_0
[15,F,0.257812,00000001,25.7812,X]
[8,F,0.320683,00000100,32.0683,X]
[16,F,0.379883,00000001,37.9883,X]
[10,F,0.389125,00000010,38.9125,X]
[0,F,0.460331,11111000,46.0331,X]
[17,F,0.508789,00000001,50.8789,X]
[11,F,0.511195,00000010,51.1195,X]
[9,F,0.573613,00000100,57.3613,X]
[12,F,0.625453,00000010,62.5453,X]
[7,F,0.753284,00001000,75.3284,X]
[5,F,0.805972,00010000,80.5972,X]
[18,F,0.819336,00000001,81.9336,X]
[1,F,0.860933,11000000,86.0933,X]
[2,F,0.866792,11000000,86.6792,X]
[3,F,0.882417,00100000,88.2417,X]
[13,F,0.888148,00000010,88.8148,X]
[6,F,0.934878,00010000,93.4878,X]
[4,F,0.956636,00100000,95.6636,X]
[14,F,0.977016,00000010,97.7016,X]
[19,F,0.986328,00000001,98.6328,X]
GUIDE_TREE_PARTITION1=(((((((t1:4.51,t2:4.51):13.01,t3:17.52):3.25,t4:20.77):12.3,t5:33.07):47.85,t6:80.92):6.73,t7:87.65):12.35,t8:100);
