Taxa bit representation:
t1 10000000
t2 01000000
t3 00100000
t4 00010000
t5 00001000
t6 00000100
t7 00000010
t8 00000001
Clade List (<taxon members> = <clade name>): 

>Dataset_0
[0,F,0.0439453,11111100,4.39453,X]
[87,F,0.0566406,00000011,5.66406,X]
[1,F,0.0732422,11111100,7.32422,X]
[2,F,0.0800781,11111100,8.00781,X]
[88,F,0.101562,00000011,10.1562,X]
[3,F,0.104492,11111100,10.4492,X]
[4,F,0.130859,11111100,13.0859,X]
[5,F,0.154297,11111100,15.4297,X]
[89,F,0.155273,00000011,15.5273,X]
[6,F,0.183594,11111100,18.3594,X]
[7,F,0.197266,11111100,19.7266,X]
[8,F,0.262695,11111100,26.2695,X]
[90,F,0.266602,00000011,26.6602,X]
[9,F,0.270253,11110000,27.0253,X]
[91,F,0.272461,00000011,27.2461,X]
[68,F,0.303583,00000100,30.3583,X]
[10,F,0.309316,11110000,30.9316,X]
[11,F,0.310292,11110000,31.0292,X]
[69,F,0.317255,00000100,31.7255,X]
[55,F,0.318231,00001000,31.8231,X]
[12,F,0.322011,11110000,32.2011,X]
[13,F,0.336659,11110000,33.6659,X]
[108,F,0.338364,00000001,33.8364,X]
[92,F,0.350083,00000010,35.0083,X]
[109,F,0.350083,00000001,35.0083,X]
[93,F,0.351059,00000010,35.1059,X]
[110,F,0.372544,00000001,37.2544,X]
[56,F,0.375848,00001000,37.5848,X]
[57,F,0.381708,00001000,38.1708,X]
[14,F,0.417714,11110000,41.7714,X]
[15,F,0.422597,11110000,42.2597,X]
[16,F,0.423573,11110000,42.3573,X]
[17,F,0.43463,11100000,43.463,X]
[70,F,0.437372,00000100,43.7372,X]
[44,F,0.445372,00010000,44.5372,X]
[18,F,0.445372,11100000,44.5372,X]
[71,F,0.45202,00000100,45.202,X]
[111,F,0.453598,00000001,45.3598,X]
[34,F,0.483955,00100000,48.3955,X]
[45,F,0.49713,00010000,49.713,X]
[112,F,0.500473,00000001,50.0473,X]
[46,F,0.502012,00010000,50.2012,X]
[35,F,0.504463,00100000,50.4463,X]
[19,F,0.506416,11000000,50.6416,X]
[47,F,0.507872,00010000,50.7872,X]
[113,F,0.519028,00000001,51.9028,X]
[114,F,0.521958,00000001,52.1958,X]
[48,F,0.52545,00010000,52.545,X]
[115,F,0.526841,00000001,52.6841,X]
[94,F,0.533677,00000010,53.3677,X]
[95,F,0.534653,00000010,53.4653,X]
[36,F,0.534736,00100000,53.4736,X]
[58,F,0.552606,00001000,55.2606,X]
[72,F,0.557489,00000100,55.7489,X]
[73,F,0.563348,00000100,56.3348,X]
[74,F,0.585809,00000100,58.5809,X]
[37,F,0.586494,00100000,58.6494,X]
[20,F,0.5904,11000000,59.04,X]
[116,F,0.594223,00000001,59.4223,X]
[49,F,0.596739,00010000,59.6739,X]
[59,F,0.615106,00001000,61.5106,X]
[75,F,0.619989,00000100,61.9989,X]
[21,F,0.62165,11000000,62.165,X]
[117,F,0.62352,00000001,62.352,X]
[76,F,0.624872,00000100,62.4872,X]
[22,F,0.628486,11000000,62.8486,X]
[77,F,0.655145,00000100,65.5145,X]
[118,F,0.665512,00000001,66.5512,X]
[23,F,0.677314,11000000,67.7314,X]
[78,F,0.682489,00000100,68.2489,X]
[96,F,0.683091,00000010,68.3091,X]
[60,F,0.685419,00001000,68.5419,X]
[61,F,0.686395,00001000,68.6395,X]
[97,F,0.694809,00000010,69.4809,X]
[24,F,0.707588,11000000,70.7588,X]
[119,F,0.7202,00000001,72.02,X]
[25,F,0.721259,11000000,72.1259,X]
[120,F,0.735825,00000001,73.5825,X]
[79,F,0.746942,00000100,74.6942,X]
[38,F,0.759345,00100000,75.9345,X]
[98,F,0.762192,00000010,76.2192,X]
[80,F,0.763544,00000100,76.3544,X]
[39,F,0.764228,00100000,76.4228,X]
[81,F,0.766473,00000100,76.6473,X]
[40,F,0.767158,00100000,76.7158,X]
[99,F,0.777817,00000010,77.7817,X]
[26,F,0.784736,11000000,78.4736,X]
[82,F,0.789911,00000100,78.9911,X]
[50,F,0.794981,00010000,79.4981,X]
[41,F,0.801338,00100000,80.1338,X]
[83,F,0.826044,00000100,82.6044,X]
[100,F,0.827622,00000010,82.7622,X]
[27,F,0.830634,11000000,83.0634,X]
[51,F,0.838927,00010000,83.8927,X]
[101,F,0.843247,00000010,84.3247,X]
[62,F,0.850458,00001000,85.0458,X]
[28,F,0.851142,11000000,85.1142,X]
[52,F,0.852598,00010000,85.2598,X]
[63,F,0.853387,00001000,85.3387,X]
[29,F,0.854072,11000000,85.4072,X]
[84,F,0.855341,00000100,85.5341,X]
[121,F,0.856919,00000001,85.6919,X]
[102,F,0.863755,00000010,86.3755,X]
[30,F,0.873603,11000000,87.3603,X]
[122,F,0.87938,00000001,87.938,X]
[103,F,0.884262,00000010,88.4262,X]
[64,F,0.887567,00001000,88.7567,X]
[85,F,0.909052,00000100,90.9052,X]
[65,F,0.916864,00001000,91.6864,X]
[123,F,0.917466,00000001,91.7466,X]
[124,F,0.923325,00000001,92.3325,X]
[66,F,0.925653,00001000,92.5653,X]
[42,F,0.930244,00100000,93.0244,X]
[67,F,0.938348,00001000,93.8348,X]
[43,F,0.940009,00100000,94.0009,X]
[104,F,0.952622,00000010,95.2622,X]
[31,F,0.957588,11000000,95.7588,X]
[86,F,0.95788,00000100,95.788,X]
[125,F,0.964341,00000001,96.4341,X]
[32,F,0.966759,01000000,96.6759,X]
[105,F,0.975083,00000010,97.5083,X]
[126,F,0.976059,00000001,97.6059,X]
[53,F,0.979552,00010000,97.9552,X]
[33,F,0.980431,01000000,98.0431,X]
[54,F,0.981505,00010000,98.1505,X]
[106,F,0.985825,00000010,98.5825,X]
[127,F,0.988755,00000001,98.8755,X]
[107,F,0.992661,00000010,99.2661,X]
GUIDE_TREE_PARTITION1=(((((t1:3.91,t2:3.91):49.55,t3:53.46):3.37,t4:56.83):16.34,(t5:70.13,t6:70.13):3.04):26.83,(t7:71.73,t8:71.73):28.27);
