Taxa bit representation:
t1 10000000
t2 01000000
t3 00100000
t4 00010000
t5 00001000
t6 00000100
t7 00000010
t8 00000001
Clade List (<taxon members> = <clade name>): 

>Dataset_0
[0,F,0.0677719,11110000,6.77719,X]
[12,F,0.121094,00000011,12.1094,X]
[1,F,0.262108,11110000,26.2108,X]
[2,F,0.407616,11110000,40.7616,X]
[6,F,0.625569,00010000,62.5569,X]
[8,F,0.635155,00001100,63.5155,X]
[13,F,0.665039,00000011,66.5039,X]
[9,F,0.6791,00001100,67.91,X]
[10,F,0.698631,00001100,69.8631,X]
[7,F,0.700764,00010000,70.0764,X]
[3,F,0.755659,11000000,75.5659,X]
[4,F,0.847247,10000000,84.7247,X]
[14,F,0.924497,00000010,92.4497,X]
[5,F,0.952716,01000000,95.2716,X]
[15,F,0.95477,00000010,95.477,X]
[11,F,0.966464,00001000,96.6464,X]
GUIDE_TREE_PARTITION1=(((((t1:21.33,t2:21.33):9.94,t3:31.27):16.72,t4:47.99):46.6,(t5:15.17,t6:15.17):79.42):5.41,(t7:22.98,t8:22.98):77.02);
