Taxa bit representation:
t1 10000000
t2 01000000
t3 00100000
t4 00010000
t5 00001000
t6 00000100
t7 00000010
t8 00000001
Clade List (<taxon members> = <clade name>): 

>Dataset_0
[87,F,0.0170891,00000011,1.70891,X]
[64,F,0.0366203,00001100,3.66203,X]
[65,F,0.0375969,00001100,3.75969,X]
[88,F,0.03955,00000011,3.955,X]
[66,F,0.0434563,00001100,4.34563,X]
[67,F,0.0561516,00001100,5.61516,X]
[89,F,0.0688469,00000011,6.88469,X]
[90,F,0.0815422,00000011,8.15422,X]
[68,F,0.0971672,00001100,9.71672,X]
[0,F,0.154297,11110000,15.4297,X]
[1,F,0.15625,11110000,15.625,X]
[91,F,0.172272,00000010,17.2272,X]
[92,F,0.180084,00000010,18.0084,X]
[93,F,0.184967,00000010,18.4967,X]
[94,F,0.185944,00000010,18.5944,X]
[95,F,0.198639,00000010,19.8639,X]
[69,F,0.205566,00001100,20.5566,X]
[70,F,0.218261,00001100,21.8261,X]
[122,F,0.219147,00000001,21.9147,X]
[2,F,0.223633,11110000,22.3633,X]
[96,F,0.226959,00000010,22.6959,X]
[71,F,0.238769,00001100,23.8769,X]
[123,F,0.246491,00000001,24.6491,X]
[97,F,0.258209,00000010,25.8209,X]
[72,F,0.270995,00001100,27.0995,X]
[73,F,0.275878,00001100,27.5878,X]
[98,F,0.278717,00000010,27.8717,X]
[37,F,0.295719,00110000,29.5719,X]
[124,F,0.300202,00000001,30.0202,X]
[74,F,0.301269,00001100,30.1269,X]
[125,F,0.306061,00000001,30.6061,X]
[3,F,0.309391,11000000,30.9391,X]
[99,F,0.312897,00000010,31.2897,X]
[38,F,0.316227,00110000,31.6227,X]
[4,F,0.330875,11000000,33.0875,X]
[100,F,0.337311,00000010,33.7311,X]
[126,F,0.364655,00000001,36.4655,X]
[127,F,0.367584,00000001,36.7584,X]
[5,F,0.372867,11000000,37.2867,X]
[101,F,0.384186,00000010,38.4186,X]
[26,F,0.432445,01000000,43.2445,X]
[128,F,0.440827,00000001,44.0827,X]
[27,F,0.446117,01000000,44.6117,X]
[39,F,0.463687,00110000,46.3687,X]
[6,F,0.470531,10000000,47.0531,X]
[40,F,0.479312,00110000,47.9312,X]
[102,F,0.493561,00000010,49.3561,X]
[103,F,0.495514,00000010,49.5514,X]
[104,F,0.497467,00000010,49.7467,X]
[41,F,0.498844,00110000,49.8844,X]
[105,F,0.50235,00000010,50.235,X]
[129,F,0.507233,00000001,50.7233,X]
[75,F,0.514159,00001100,51.4159,X]
[76,F,0.517089,00001100,51.7089,X]
[7,F,0.519359,10000000,51.9359,X]
[8,F,0.523266,10000000,52.3266,X]
[130,F,0.529694,00000001,52.9694,X]
[42,F,0.53693,00110000,53.693,X]
[28,F,0.538891,01000000,53.8891,X]
[131,F,0.540436,00000001,54.0436,X]
[29,F,0.545727,01000000,54.5727,X]
[77,F,0.555175,00001100,55.5175,X]
[106,F,0.560944,00000010,56.0944,X]
[132,F,0.563873,00000001,56.3873,X]
[43,F,0.574039,00110000,57.4039,X]
[9,F,0.588695,10000000,58.8695,X]
[44,F,0.592594,00110000,59.2594,X]
[133,F,0.59317,00000001,59.317,X]
[10,F,0.594555,10000000,59.4555,X]
[11,F,0.596508,10000000,59.6508,X]
[134,F,0.604889,00000001,60.4889,X]
[135,F,0.605866,00000001,60.5866,X]
[78,F,0.612792,00001100,61.2792,X]
[136,F,0.616608,00000001,61.6608,X]
[137,F,0.618561,00000001,61.8561,X]
[55,F,0.62113,00010000,62.113,X]
[138,F,0.638092,00000001,63.8092,X]
[30,F,0.643383,01000000,64.3383,X]
[139,F,0.647858,00000001,64.7858,X]
[12,F,0.652172,10000000,65.2172,X]
[140,F,0.654694,00000001,65.4694,X]
[56,F,0.661169,00010000,66.1169,X]
[79,F,0.66162,00001100,66.162,X]
[107,F,0.673248,00000010,67.3248,X]
[45,F,0.674841,00100000,67.4841,X]
[108,F,0.682037,00000010,68.2037,X]
[31,F,0.688305,01000000,68.8305,X]
[13,F,0.704906,10000000,70.4906,X]
[46,F,0.718786,00100000,71.8786,X]
[57,F,0.719762,00010000,71.9762,X]
[14,F,0.720531,10000000,72.0531,X]
[141,F,0.72403,00000001,72.403,X]
[15,F,0.727367,10000000,72.7367,X]
[80,F,0.745605,00001100,74.5605,X]
[142,F,0.746491,00000001,74.6491,X]
[109,F,0.758209,00000010,75.8209,X]
[58,F,0.758825,00010000,75.8825,X]
[110,F,0.759186,00000010,75.9186,X]
[16,F,0.76643,10000000,76.643,X]
[47,F,0.768591,00100000,76.8591,X]
[143,F,0.768952,00000001,76.8952,X]
[48,F,0.772497,00100000,77.2497,X]
[59,F,0.782262,00010000,78.2262,X]
[111,F,0.784577,00000010,78.4577,X]
[49,F,0.789098,00100000,78.9098,X]
[60,F,0.789098,00010000,78.9098,X]
[17,F,0.789867,10000000,78.9867,X]
[32,F,0.79182,01000000,79.182,X]
[81,F,0.801269,00001100,80.1269,X]
[112,F,0.802155,00000010,80.2155,X]
[33,F,0.804516,01000000,80.4516,X]
[113,F,0.805084,00000010,80.5084,X]
[82,F,0.809081,00001100,80.9081,X]
[18,F,0.819164,10000000,81.9164,X]
[19,F,0.826,10000000,82.6,X]
[34,F,0.829906,01000000,82.9906,X]
[20,F,0.834789,10000000,83.4789,X]
[114,F,0.861725,00000010,86.1725,X]
[21,F,0.862133,10000000,86.2133,X]
[22,F,0.867016,10000000,86.7016,X]
[61,F,0.869177,00010000,86.9177,X]
[83,F,0.869628,00001100,86.9628,X]
[62,F,0.873083,00010000,87.3083,X]
[115,F,0.873444,00000010,87.3444,X]
[144,F,0.884186,00000001,88.4186,X]
[23,F,0.897289,10000000,89.7289,X]
[63,F,0.90238,00010000,90.238,X]
[145,F,0.904694,00000001,90.4694,X]
[50,F,0.908239,00100000,90.8239,X]
[24,F,0.91975,10000000,91.975,X]
[51,F,0.921911,00100000,92.1911,X]
[35,F,0.925609,01000000,92.5609,X]
[146,F,0.927155,00000001,92.7155,X]
[52,F,0.929723,00100000,92.9723,X]
[53,F,0.9307,00100000,93.07,X]
[116,F,0.934967,00000010,93.4967,X]
[117,F,0.93985,00000010,93.985,X]
[54,F,0.942419,00100000,94.2419,X]
[118,F,0.946686,00000010,94.6686,X]
[85,F,0.954248,00000100,95.4248,X]
[25,F,0.955883,10000000,95.5883,X]
[119,F,0.957428,00000010,95.7428,X]
[147,F,0.957428,00000001,95.7428,X]
[84,F,0.958155,00001000,95.8155,X]
[36,F,0.963695,01000000,96.3695,X]
[120,F,0.9711,00000010,97.11,X]
[148,F,0.975983,00000001,97.5983,X]
[121,F,0.987702,00000010,98.7702,X]
[86,F,0.994287,00000100,99.4287,X]
GUIDE_TREE_PARTITION1=(((t1:61.15,t2:61.15):10.45,(t3:38.18,t4:38.18):33.42):28.4,((t5:6.04,t6:6.04):93.13,(t7:84.14,t8:84.14):15.03):0.83);
