Taxa bit representation:
t1 10000000
t2 01000000
t3 00100000
t4 00010000
t5 00001000
t6 00000100
t7 00000010
t8 00000001
Clade List (<taxon members> = <clade name>): 

>Dataset_0
[16,F,0.0527344,00000001,5.27344,X]
[17,F,0.0537109,00000001,5.37109,X]
[0,F,0.162239,11111100,16.2239,X]
[1,F,0.164192,11111100,16.4192,X]
[18,F,0.449219,00000001,44.9219,X]
[15,F,0.453255,00000010,45.3255,X]
[7,F,0.463348,00001000,46.3348,X]
[2,F,0.468219,00100000,46.8219,X]
[19,F,0.495117,00000001,49.5117,X]
[5,F,0.505042,00010000,50.5042,X]
[3,F,0.505328,00100000,50.5328,X]
[4,F,0.54732,00100000,54.732,X]
[10,F,0.61743,00000100,61.743,X]
[11,F,0.724852,00000100,72.4852,X]
[20,F,0.834961,00000001,83.4961,X]
[12,F,0.848875,00000100,84.8875,X]
[8,F,0.875458,00001000,87.5458,X]
[9,F,0.913544,00001000,91.3544,X]
[13,F,0.916258,00000100,91.6258,X]
[6,F,0.925941,00010000,92.5941,X]
[14,F,0.92993,00000100,92.993,X]
GUIDE_TREE_PARTITION1=(((((((t1:20.89,t2:20.89):33.46,t3:54.35):2.47,t4:56.82):10.81,t5:67.63):8.42,t6:76.05):11.73,t7:87.78):12.22,t8:100);
