Taxa bit representation:
t1 10000000
t2 01000000
t3 00100000
t4 00010000
t5 00001000
t6 00000100
t7 00000010
t8 00000001
Clade List (<taxon members> = <clade name>): 

>Dataset_0
[19,F,0.0410156,00000001,4.10156,X]
[20,F,0.133789,00000001,13.3789,X]
[9,F,0.181005,00000010,18.1005,X]
[7,F,0.194298,00000100,19.4298,X]
[10,F,0.306005,00000010,30.6005,X]
[0,F,0.33297,11111000,33.297,X]
[1,F,0.426358,11110000,42.6358,X]
[2,F,0.557217,11110000,55.7217,X]
[11,F,0.598973,00000010,59.8973,X]
[12,F,0.742528,00000010,74.2528,X]
[13,F,0.758153,00000010,75.8153,X]
[5,F,0.775967,00001000,77.5967,X]
[4,F,0.809619,00010000,80.9619,X]
[14,F,0.870458,00000010,87.0458,X]
[15,F,0.873387,00000010,87.3387,X]
[16,F,0.888036,00000010,88.8036,X]
[17,F,0.941747,00000010,94.1747,X]
[3,F,0.947464,11000000,94.7464,X]
[8,F,0.966759,00000100,96.6759,X]
[6,F,0.976162,00001000,97.6162,X]
[18,F,0.979833,00000010,97.9833,X]
GUIDE_TREE_PARTITION1=(((((((t1:4.88,t2:4.88):12.19,t3:17.07):3.14,t4:20.21):42.33,t5:62.54):28.87,t6:91.41):7.97,t7:99.38):0.62,t8:100);
