Taxa bit representation:
t1 10000000
t2 01000000
t3 00100000
t4 00010000
t5 00001000
t6 00000100
t7 00000010
t8 00000001
Clade List (<taxon members> = <clade name>): 

>Dataset_0
[0,F,0.0517578,11111110,5.17578,X]
[14,F,0.118164,00000001,11.8164,X]
[9,F,0.363791,00000010,36.3791,X]
[5,F,0.426119,00001000,42.6119,X]
[10,F,0.462423,00000010,46.2423,X]
[7,F,0.489275,00000100,48.9275,X]
[1,F,0.523775,11110000,52.3775,X]
[2,F,0.525728,11110000,52.5728,X]
[6,F,0.540377,00001000,54.0377,X]
[15,F,0.658203,00000001,65.8203,X]
[11,F,0.668478,00000010,66.8478,X]
[16,F,0.669922,00000001,66.9922,X]
[12,F,0.676291,00000010,67.6291,X]
[3,F,0.744478,11110000,74.4478,X]
[17,F,0.891602,00000001,89.1602,X]
[8,F,0.922869,00000100,92.2869,X]
[13,F,0.937033,00000010,93.7033,X]
[4,F,0.943652,00010000,94.3652,X]
GUIDE_TREE_PARTITION1=(((((((t1:2.21,t2:2.21):3.36,t3:5.57):4.85,t4:10.42):48.14,t5:58.56):3.45,t6:62.01):16.65,t7:78.66):21.34,t8:100);
