Taxa bit representation:
t1 10000000
t2 01000000
t3 00100000
t4 00010000
t5 00001000
t6 00000100
t7 00000010
t8 00000001
Clade List (<taxon members> = <clade name>): 

>Dataset_0
[0,F,0.0751953,11110000,7.51953,X]
[12,F,0.0786125,00000011,7.86125,X]
[14,F,0.215241,00000001,21.5241,X]
[1,F,0.339664,11000000,33.9664,X]
[2,F,0.504711,10000000,50.4711,X]
[3,F,0.534008,10000000,53.4008,X]
[5,F,0.576977,01000000,57.6977,X]
[15,F,0.632233,00000001,63.2233,X]
[10,F,0.696777,00001100,69.6777,X]
[9,F,0.704137,00010000,70.4137,X]
[4,F,0.739086,10000000,73.9086,X]
[6,F,0.813305,01000000,81.3305,X]
[16,F,0.842194,00000001,84.2194,X]
[13,F,0.84317,00000010,84.317,X]
[17,F,0.875397,00000001,87.5397,X]
[7,F,0.904125,01000000,90.4125,X]
[11,F,0.932128,00001100,93.2128,X]
[8,F,0.946117,01000000,94.6117,X]
GUIDE_TREE_PARTITION1=(((t1:61.15,t2:61.15):10.45,(t3:38.18,t4:38.18):33.42):28.4,((t5:6.04,t6:6.04):93.13,(t7:84.14,t8:84.14):15.03):0.83);
