Taxa bit representation:
t1 10000000
t2 01000000
t3 00100000
t4 00010000
t5 00001000
t6 00000100
t7 00000010
t8 00000001
Clade List (<taxon members> = <clade name>): 

>Dataset_0
[27,F,0.00683594,00001111,0.683594,X]
[28,F,0.0517578,00001111,5.17578,X]
[0,F,0.0986328,11110000,9.86328,X]
[29,F,0.115234,00001111,11.5234,X]
[1,F,0.15625,11110000,15.625,X]
[2,F,0.173828,11110000,17.3828,X]
[30,F,0.210938,00001111,21.0938,X]
[3,F,0.359412,11000000,35.9412,X]
[31,F,0.378406,00001100,37.8406,X]
[42,F,0.40575,00000011,40.575,X]
[19,F,0.417662,00010000,41.7662,X]
[32,F,0.425281,00001100,42.5281,X]
[20,F,0.425475,00010000,42.5475,X]
[4,F,0.426795,11000000,42.6795,X]
[43,F,0.482898,00000011,48.2898,X]
[11,F,0.50653,00100000,50.653,X]
[44,F,0.518055,00000011,51.8055,X]
[5,F,0.555702,11000000,55.5702,X]
[33,F,0.563953,00001100,56.3953,X]
[45,F,0.601063,00000011,60.1063,X]
[34,F,0.62157,00001100,62.157,X]
[35,F,0.623523,00001100,62.3523,X]
[6,F,0.646522,11000000,64.6522,X]
[7,F,0.658241,11000000,65.8241,X]
[36,F,0.668445,00001100,66.8445,X]
[37,F,0.688953,00001100,68.8953,X]
[46,F,0.708527,00000010,70.8527,X]
[47,F,0.713409,00000010,71.3409,X]
[8,F,0.721717,11000000,72.1717,X]
[53,F,0.731964,00000001,73.1964,X]
[48,F,0.751495,00000010,75.1495,X]
[39,F,0.75323,00000100,75.323,X]
[12,F,0.772155,00100000,77.2155,X]
[21,F,0.776061,00010000,77.6061,X]
[13,F,0.776061,00100000,77.6061,X]
[49,F,0.800323,00000010,80.0323,X]
[22,F,0.803405,00010000,80.3405,X]
[50,F,0.80423,00000010,80.423,X]
[14,F,0.826842,00100000,82.6842,X]
[51,F,0.831573,00000010,83.1573,X]
[40,F,0.838191,00000100,83.8191,X]
[15,F,0.84735,00100000,84.735,X]
[9,F,0.857459,11000000,85.7459,X]
[23,F,0.858092,00010000,85.8092,X]
[41,F,0.865534,00000100,86.5534,X]
[24,F,0.873717,00010000,87.3717,X]
[38,F,0.8753,00001000,87.53,X]
[16,F,0.879577,00100000,87.9577,X]
[10,F,0.907264,11000000,90.7264,X]
[25,F,0.935241,00010000,93.5241,X]
[17,F,0.939147,00100000,93.9147,X]
[54,F,0.980011,00000001,98.0011,X]
[18,F,0.980163,00100000,98.0162,X]
[52,F,0.982941,00000010,98.2941,X]
[26,F,0.993834,00010000,99.3834,X]
GUIDE_TREE_PARTITION1=(((t1:6.12,t2:6.12):58.72,(t3:62.14,t4:62.14):2.7):35.16,((t5:24.97,t6:24.97):37.58,(t7:32.37,t8:32.37):30.18):37.45);
