Taxa bit representation:
t1 10000000
t2 01000000
t3 00100000
t4 00010000
t5 00001000
t6 00000100
t7 00000010
t8 00000001
Clade List (<taxon members> = <clade name>): 

>Dataset_0
[0,F,0.015625,11110000,1.5625,X]
[81,F,0.015625,00001111,1.5625,X]
[1,F,0.0380859,11110000,3.80859,X]
[82,F,0.0488281,00001111,4.88281,X]
[83,F,0.0546875,00001111,5.46875,X]
[2,F,0.0791016,11110000,7.91016,X]
[84,F,0.0810547,00001111,8.10547,X]
[3,F,0.0888672,11110000,8.88672,X]
[4,F,0.0917969,11110000,9.17969,X]
[5,F,0.0986328,11110000,9.86328,X]
[6,F,0.109375,11110000,10.9375,X]
[85,F,0.110352,00001111,11.0352,X]
[7,F,0.146484,11110000,14.6484,X]
[116,F,0.254666,00000011,25.4666,X]
[8,F,0.268678,11000000,26.8678,X]
[117,F,0.282986,00000011,28.2986,X]
[9,F,0.28528,11000000,28.528,X]
[86,F,0.299588,00001100,29.9588,X]
[10,F,0.31067,11000000,31.067,X]
[11,F,0.319483,10000000,31.9483,X]
[40,F,0.322389,00110000,32.2389,X]
[61,F,0.32533,00010000,32.533,X]
[21,F,0.325342,01000000,32.5342,X]
[22,F,0.330225,01000000,33.0225,X]
[23,F,0.332178,01000000,33.2178,X]
[87,F,0.333767,00001100,33.3767,X]
[118,F,0.343413,00000010,34.3413,X]
[88,F,0.343533,00001100,34.3533,X]
[62,F,0.35072,00010000,35.072,X]
[119,F,0.356108,00000010,35.6108,X]
[120,F,0.361967,00000010,36.1967,X]
[41,F,0.363416,00100000,36.3416,X]
[140,F,0.364897,00000001,36.4897,X]
[89,F,0.375759,00001100,37.5759,X]
[121,F,0.380522,00000010,38.0522,X]
[122,F,0.389311,00000010,38.9311,X]
[24,F,0.397608,01000000,39.7608,X]
[141,F,0.40103,00000001,40.103,X]
[63,F,0.417127,00010000,41.7127,X]
[142,F,0.417631,00000001,41.7631,X]
[64,F,0.429822,00010000,42.9822,X]
[143,F,0.433256,00000001,43.3256,X]
[42,F,0.44447,00100000,44.447,X]
[12,F,0.444483,10000000,44.4483,X]
[25,F,0.451319,01000000,45.1319,X]
[43,F,0.455212,00100000,45.5212,X]
[65,F,0.456189,00010000,45.6189,X]
[123,F,0.467436,00000010,46.7436,X]
[90,F,0.468533,00001100,46.8533,X]
[44,F,0.472791,00100000,47.2791,X]
[124,F,0.475248,00000010,47.5248,X]
[66,F,0.48158,00010000,48.158,X]
[125,F,0.48892,00000010,48.892,X]
[91,F,0.496853,00001100,49.6853,X]
[26,F,0.50503,01000000,50.503,X]
[144,F,0.513334,00000001,51.3334,X]
[13,F,0.515772,10000000,51.5772,X]
[14,F,0.517725,10000000,51.7725,X]
[92,F,0.52615,00001100,52.615,X]
[126,F,0.531889,00000010,53.1889,X]
[67,F,0.534314,00010000,53.4314,X]
[127,F,0.540678,00000010,54.0678,X]
[145,F,0.540678,00000001,54.0678,X]
[15,F,0.551905,10000000,55.1905,X]
[146,F,0.552397,00000001,55.2397,X]
[45,F,0.554822,00100000,55.4822,X]
[147,F,0.555327,00000001,55.5327,X]
[128,F,0.561186,00000010,56.1186,X]
[93,F,0.561306,00001100,56.1306,X]
[68,F,0.566541,00010000,56.6541,X]
[46,F,0.585095,00100000,58.5095,X]
[16,F,0.589014,10000000,58.9014,X]
[148,F,0.594389,00000001,59.4389,X]
[129,F,0.596342,00000010,59.6342,X]
[27,F,0.596827,01000000,59.6827,X]
[28,F,0.597803,01000000,59.7803,X]
[29,F,0.600733,01000000,60.0733,X]
[30,F,0.601709,01000000,60.1709,X]
[47,F,0.60658,00100000,60.658,X]
[31,F,0.610498,01000000,61.0498,X]
[69,F,0.624158,00010000,62.4158,X]
[70,F,0.630994,00010000,63.0994,X]
[71,F,0.632947,00010000,63.2947,X]
[130,F,0.639311,00000010,63.9311,X]
[94,F,0.646267,00001100,64.6267,X]
[95,F,0.647244,00001100,64.7244,X]
[32,F,0.648584,01000000,64.8584,X]
[48,F,0.653455,00100000,65.3455,X]
[49,F,0.657361,00100000,65.7361,X]
[33,F,0.659327,01000000,65.9327,X]
[34,F,0.665186,01000000,66.5186,X]
[96,F,0.665798,00001100,66.5798,X]
[17,F,0.667139,10000000,66.7139,X]
[97,F,0.668728,00001100,66.8728,X]
[50,F,0.672009,00100000,67.2009,X]
[131,F,0.684233,00000010,68.4233,X]
[149,F,0.697905,00000001,69.7905,X]
[35,F,0.707178,01000000,70.7178,X]
[51,F,0.715955,00100000,71.5955,X]
[36,F,0.71792,01000000,71.792,X]
[72,F,0.721814,00010000,72.1814,X]
[98,F,0.736111,00001100,73.6111,X]
[52,F,0.739392,00100000,73.9392,X]
[132,F,0.74185,00000010,74.185,X]
[150,F,0.754545,00000001,75.4545,X]
[99,F,0.756619,00001100,75.6619,X]
[53,F,0.79115,00100000,79.115,X]
[100,F,0.794242,00001000,79.4242,X]
[101,F,0.796195,00001000,79.6195,X]
[37,F,0.797998,01000000,79.7998,X]
[54,F,0.798963,00100000,79.8963,X]
[73,F,0.807752,00010000,80.7752,X]
[107,F,0.807914,00000100,80.7914,X]
[102,F,0.815727,00001000,81.5727,X]
[108,F,0.828422,00000100,82.8422,X]
[74,F,0.833142,00010000,83.3142,X]
[151,F,0.839506,00000001,83.9506,X]
[55,F,0.843884,00100000,84.3884,X]
[152,F,0.856108,00000001,85.6108,X]
[109,F,0.856742,00000100,85.6742,X]
[75,F,0.863416,00010000,86.3416,X]
[133,F,0.865873,00000010,86.5873,X]
[134,F,0.86685,00000010,86.685,X]
[38,F,0.87417,01000000,87.417,X]
[110,F,0.879203,00000100,87.9203,X]
[56,F,0.886853,00100000,88.6853,X]
[18,F,0.887842,10000000,88.7842,X]
[111,F,0.888969,00000100,88.8969,X]
[76,F,0.889783,00010000,88.9783,X]
[135,F,0.892241,00000010,89.2241,X]
[57,F,0.894666,00100000,89.4666,X]
[39,F,0.895655,01000000,89.5655,X]
[58,F,0.897595,00100000,89.7595,X]
[153,F,0.900053,00000001,90.0053,X]
[77,F,0.905408,00010000,90.5408,X]
[78,F,0.912244,00010000,91.2244,X]
[136,F,0.914702,00000010,91.4702,X]
[137,F,0.919584,00000010,91.9584,X]
[138,F,0.920561,00000010,92.0561,X]
[103,F,0.921195,00001000,92.1195,X]
[79,F,0.922986,00010000,92.2986,X]
[59,F,0.925916,00100000,92.5916,X]
[104,F,0.926078,00001000,92.6078,X]
[19,F,0.927881,10000000,92.7881,X]
[105,F,0.929984,00001000,92.9984,X]
[112,F,0.938773,00000100,93.8773,X]
[60,F,0.939588,00100000,93.9588,X]
[20,F,0.9396,10000000,93.96,X]
[80,F,0.949353,00010000,94.9353,X]
[113,F,0.960258,00000100,96.0258,X]
[114,F,0.962211,00000100,96.2211,X]
[115,F,0.971977,00000100,97.1977,X]
[139,F,0.981108,00000010,98.1108,X]
[106,F,0.995414,00001000,99.5414,X]
GUIDE_TREE_PARTITION1=(((t1:68.54,t2:68.54):12.6,(t3:67.76,t4:67.76):13.38):18.86,((t5:21.65,t6:21.65):53.86,(t7:66.44,t8:66.44):9.07):24.49);
