Taxa bit representation:
t1 10000000
t2 01000000
t3 00100000
t4 00010000
t5 00001000
t6 00000100
t7 00000010
t8 00000001
Clade List (<taxon members> = <clade name>): 

>Dataset_0
[0,F,0.0498047,11111100,4.98047,X]
[17,F,0.24302,00000010,24.302,X]
[18,F,0.261575,00000010,26.1575,X]
[23,F,0.301614,00000001,30.1614,X]
[1,F,0.363281,11111100,36.3281,X]
[2,F,0.476261,11110000,47.6261,X]
[24,F,0.480325,00000001,48.0325,X]
[10,F,0.486027,00001100,48.6027,X]
[25,F,0.501809,00000001,50.1809,X]
[11,F,0.510441,00001100,51.0441,X]
[19,F,0.562356,00000010,56.2356,X]
[20,F,0.573098,00000010,57.3098,X]
[26,F,0.575052,00000001,57.5052,X]
[21,F,0.584817,00000010,58.4817,X]
[12,F,0.60712,00001100,60.712,X]
[7,F,0.649761,00010000,64.9761,X]
[8,F,0.653667,00010000,65.3667,X]
[22,F,0.706888,00000010,70.6887,X]
[27,F,0.736184,00000001,73.6184,X]
[28,F,0.767434,00000001,76.7434,X]
[29,F,0.779153,00000001,77.9153,X]
[3,F,0.814681,11000000,81.4681,X]
[30,F,0.821145,00000001,82.1145,X]
[13,F,0.830753,00001100,83.0753,X]
[14,F,0.872745,00001100,87.2745,X]
[5,F,0.878158,00100000,87.8158,X]
[4,F,0.922436,01000000,92.2436,X]
[6,F,0.925033,00100000,92.5033,X]
[15,F,0.945987,00001100,94.5987,X]
[9,F,0.954448,00010000,95.4448,X]
[16,F,0.999377,00001000,99.9377,X]
GUIDE_TREE_PARTITION1=(((((t1:8.44,t2:8.44):27.67,t3:36.11):13.66,t4:49.77):11.1,(t5:0.16,t6:0.16):60.71):39.13,(t7:91.03,t8:91.03):8.97);
