Taxa bit representation:
t1 10000000
t2 01000000
t3 00100000
t4 00010000
t5 00001000
t6 00000100
t7 00000010
t8 00000001
Clade List (<taxon members> = <clade name>): 

>Dataset_0
[86,F,0.00878906,00001111,0.878906,X]
[87,F,0.0175781,00001111,1.75781,X]
[0,F,0.0419922,11110000,4.19922,X]
[88,F,0.046875,00001111,4.6875,X]
[1,F,0.0488281,11110000,4.88281,X]
[2,F,0.0625656,11000000,6.25656,X]
[51,F,0.0820969,00110000,8.20969,X]
[52,F,0.0908859,00110000,9.08859,X]
[53,F,0.105534,00110000,10.5534,X]
[89,F,0.134766,00001111,13.4766,X]
[54,F,0.137761,00110000,13.7761,X]
[3,F,0.138738,11000000,13.8738,X]
[4,F,0.150456,11000000,15.0456,X]
[55,F,0.153386,00110000,15.3386,X]
[5,F,0.155339,11000000,15.5339,X]
[6,F,0.184636,11000000,18.4636,X]
[56,F,0.223698,00110000,22.3698,X]
[7,F,0.230534,11000000,23.0534,X]
[8,F,0.251042,11000000,25.1042,X]
[57,F,0.277409,00110000,27.7409,X]
[90,F,0.28125,00001111,28.125,X]
[9,F,0.292058,11000000,29.2058,X]
[58,F,0.30573,00110000,30.573,X]
[35,F,0.318342,01000000,31.8342,X]
[59,F,0.33698,00110000,33.698,X]
[91,F,0.361328,00001111,36.1328,X]
[10,F,0.375959,10000000,37.5959,X]
[60,F,0.376042,00110000,37.6042,X]
[61,F,0.382878,00110000,38.2878,X]
[36,F,0.385725,01000000,38.5725,X]
[11,F,0.388655,10000000,38.8655,X]
[62,F,0.397527,00110000,39.7527,X]
[12,F,0.39842,10000000,39.842,X]
[13,F,0.42967,10000000,42.967,X]
[37,F,0.448225,01000000,44.8225,X]
[92,F,0.452148,00001111,45.2148,X]
[93,F,0.453125,00001111,45.3125,X]
[63,F,0.453191,00110000,45.3191,X]
[94,F,0.464844,00001111,46.4844,X]
[38,F,0.470686,01000000,47.0686,X]
[95,F,0.474609,00001111,47.4609,X]
[14,F,0.477522,10000000,47.7522,X]
[15,F,0.49217,10000000,49.217,X]
[16,F,0.496077,10000000,49.6077,X]
[39,F,0.531233,01000000,53.1233,X]
[40,F,0.551741,01000000,55.1741,X]
[96,F,0.560547,00001111,56.0547,X]
[41,F,0.561506,01000000,56.1506,X]
[75,F,0.584322,00010000,58.4322,X]
[64,F,0.594087,00100000,59.4087,X]
[76,F,0.59897,00010000,59.897,X]
[17,F,0.610334,10000000,61.0334,X]
[65,F,0.622408,00100000,62.2408,X]
[18,F,0.62303,10000000,62.303,X]
[66,F,0.625337,00100000,62.5337,X]
[42,F,0.627913,01000000,62.7913,X]
[43,F,0.634748,01000000,63.4748,X]
[77,F,0.639986,00010000,63.9986,X]
[97,F,0.645508,00001111,64.5508,X]
[19,F,0.653303,10000000,65.3303,X]
[67,F,0.671236,00100000,67.1236,X]
[68,F,0.672212,00100000,67.2212,X]
[69,F,0.678072,00100000,67.8072,X]
[98,F,0.680664,00001111,68.0664,X]
[20,F,0.688459,10000000,68.8459,X]
[44,F,0.704084,01000000,70.4084,X]
[45,F,0.705061,01000000,70.5061,X]
[78,F,0.705416,00010000,70.5416,X]
[21,F,0.71385,10000000,71.385,X]
[22,F,0.727522,10000000,72.7522,X]
[23,F,0.731428,10000000,73.1428,X]
[99,F,0.731445,00001111,73.1445,X]
[100,F,0.734375,00001111,73.4375,X]
[24,F,0.736311,10000000,73.6311,X]
[101,F,0.737305,00001111,73.7305,X]
[102,F,0.739258,00001111,73.9258,X]
[70,F,0.739595,00100000,73.9595,X]
[25,F,0.74217,10000000,74.217,X]
[46,F,0.747053,01000000,74.7053,X]
[71,F,0.754244,00100000,75.4244,X]
[72,F,0.75522,00100000,75.522,X]
[26,F,0.756819,10000000,75.6819,X]
[73,F,0.75815,00100000,75.815,X]
[79,F,0.75815,00010000,75.815,X]
[103,F,0.760742,00001111,76.0742,X]
[47,F,0.766584,01000000,76.6584,X]
[104,F,0.769531,00001111,76.9531,X]
[80,F,0.778658,00010000,77.8658,X]
[27,F,0.786116,10000000,78.6116,X]
[28,F,0.805647,10000000,80.5647,X]
[111,F,0.808442,00000011,80.8442,X]
[105,F,0.810395,00001100,81.0395,X]
[29,F,0.816389,10000000,81.6389,X]
[48,F,0.816389,01000000,81.6389,X]
[112,F,0.836762,00000011,83.6762,X]
[30,F,0.844709,10000000,84.4709,X]
[106,F,0.859223,00001100,85.9223,X]
[81,F,0.862642,00010000,86.2642,X]
[82,F,0.866548,00010000,86.6548,X]
[31,F,0.87303,10000000,87.303,X]
[115,F,0.879983,00000001,87.9983,X]
[107,F,0.880708,00001100,88.0708,X]
[113,F,0.883889,00000010,88.3889,X]
[114,F,0.896584,00000010,89.6584,X]
[108,F,0.898286,00001100,89.8286,X]
[83,F,0.903658,00010000,90.3658,X]
[32,F,0.90428,10000000,90.428,X]
[84,F,0.906587,00010000,90.6587,X]
[85,F,0.91733,00010000,91.733,X]
[116,F,0.918069,00000001,91.8069,X]
[33,F,0.924788,10000000,92.4788,X]
[74,F,0.925142,00100000,92.5142,X]
[110,F,0.936159,00000100,93.6159,X]
[49,F,0.937483,01000000,93.7483,X]
[117,F,0.941506,00000001,94.1506,X]
[109,F,0.945925,00001000,94.5925,X]
[118,F,0.949319,00000001,94.9319,X]
[50,F,0.956038,01000000,95.6038,X]
[119,F,0.960061,00000001,96.0061,X]
[34,F,0.970686,10000000,97.0686,X]
[120,F,0.979592,00000001,97.9592,X]
GUIDE_TREE_PARTITION1=(((t1:69.24,t2:69.24):25.48,(t3:46.06,t4:46.06):48.66):5.28,((t5:6.97,t6:6.97):13.26,(t7:12.49,t8:12.49):7.74):79.77);
