Taxa bit representation:
t1 10000000
t2 01000000
t3 00100000
t4 00010000
t5 00001000
t6 00000100
t7 00000010
t8 00000001
Clade List (<taxon members> = <clade name>): 

>Dataset_0
[0,F,0.00976562,11111110,0.976562,X]
[91,F,0.0175781,00000001,1.75781,X]
[1,F,0.0439453,11111110,4.39453,X]
[92,F,0.0585937,00000001,5.85937,X]
[93,F,0.0722656,00000001,7.22656,X]
[94,F,0.0791016,00000001,7.91016,X]
[95,F,0.0878906,00000001,8.78906,X]
[96,F,0.188477,00000001,18.8477,X]
[97,F,0.204102,00000001,20.4102,X]
[98,F,0.229492,00000001,22.9492,X]
[99,F,0.275391,00000001,27.5391,X]
[2,F,0.276547,11111100,27.6547,X]
[76,F,0.289242,00000010,28.9242,X]
[3,F,0.317562,11111100,31.7562,X]
[100,F,0.335937,00000001,33.5937,X]
[77,F,0.336117,00000010,33.6117,X]
[101,F,0.359375,00000001,35.9375,X]
[102,F,0.361328,00000001,36.1328,X]
[4,F,0.367077,11110000,36.7077,X]
[45,F,0.410045,00001000,41.0045,X]
[5,F,0.410045,11110000,41.0045,X]
[103,F,0.422852,00000001,42.2852,X]
[6,F,0.423717,11110000,42.3717,X]
[46,F,0.437389,00001000,43.7389,X]
[47,F,0.444225,00001000,44.4225,X]
[33,F,0.454872,00010000,45.4872,X]
[78,F,0.465023,00000010,46.5023,X]
[7,F,0.471473,11100000,47.1473,X]
[34,F,0.482216,00010000,48.2216,X]
[79,F,0.485531,00000010,48.5531,X]
[104,F,0.495117,00000001,49.5117,X]
[105,F,0.504883,00000001,50.4883,X]
[48,F,0.505748,00001000,50.5748,X]
[62,F,0.534087,00000100,53.4087,X]
[80,F,0.540219,00000010,54.0219,X]
[8,F,0.545692,11100000,54.5692,X]
[9,F,0.558387,11100000,55.8387,X]
[49,F,0.560436,00001000,56.0436,X]
[50,F,0.573131,00001000,57.3131,X]
[35,F,0.574012,00010000,57.4012,X]
[106,F,0.574219,00000001,57.4219,X]
[51,F,0.579967,00001000,57.9967,X]
[10,F,0.583778,11100000,58.3778,X]
[52,F,0.585827,00001000,58.5827,X]
[107,F,0.589844,00000001,58.9844,X]
[108,F,0.59375,00000001,59.375,X]
[36,F,0.620887,00010000,62.0887,X]
[81,F,0.634945,00000010,63.4945,X]
[82,F,0.636898,00000010,63.6898,X]
[11,F,0.638466,11100000,63.8466,X]
[83,F,0.646664,00000010,64.6664,X]
[109,F,0.65332,00000001,65.332,X]
[84,F,0.654477,00000010,65.4477,X]
[63,F,0.671783,00000100,67.1783,X]
[110,F,0.671875,00000001,67.1875,X]
[37,F,0.685341,00010000,68.5341,X]
[64,F,0.687408,00000100,68.7408,X]
[12,F,0.693153,11100000,69.3153,X]
[13,F,0.704872,11100000,70.4872,X]
[53,F,0.708873,00001000,70.8873,X]
[54,F,0.716686,00001000,71.6686,X]
[85,F,0.729672,00000010,72.9672,X]
[65,F,0.743072,00000100,74.3072,X]
[66,F,0.752837,00000100,75.2837,X]
[38,F,0.767372,00010000,76.7372,X]
[55,F,0.77528,00001000,77.528,X]
[67,F,0.778228,00000100,77.8228,X]
[39,F,0.78495,00010000,78.495,X]
[111,F,0.791016,00000001,79.1016,X]
[14,F,0.793284,11000000,79.3284,X]
[56,F,0.794811,00001000,79.4811,X]
[112,F,0.796875,00000001,79.6875,X]
[113,F,0.797852,00000001,79.7852,X]
[86,F,0.807797,00000010,80.7797,X]
[25,F,0.810863,00100000,81.0863,X]
[68,F,0.818267,00000100,81.8267,X]
[40,F,0.824012,00010000,82.4012,X]
[15,F,0.824995,10000000,82.4995,X]
[69,F,0.829009,00000100,82.9009,X]
[19,F,0.829878,01000000,82.9878,X]
[26,F,0.830394,00100000,83.0394,X]
[20,F,0.841597,01000000,84.1597,X]
[114,F,0.841797,00000001,84.1797,X]
[41,F,0.848427,00010000,84.8427,X]
[70,F,0.8544,00000100,85.44,X]
[57,F,0.858287,00001000,85.8287,X]
[71,F,0.867095,00000100,86.7095,X]
[27,F,0.870433,00100000,87.0433,X]
[21,F,0.870894,01000000,87.0894,X]
[58,F,0.872936,00001000,87.2936,X]
[72,F,0.876861,00000100,87.6861,X]
[28,F,0.882152,00100000,88.2152,X]
[22,F,0.882613,01000000,88.2613,X]
[59,F,0.885631,00001000,88.5631,X]
[16,F,0.890425,10000000,89.0425,X]
[23,F,0.894331,01000000,89.4331,X]
[73,F,0.903228,00000100,90.3228,X]
[17,F,0.904097,10000000,90.4097,X]
[74,F,0.907134,00000100,90.7134,X]
[24,F,0.911909,01000000,91.1909,X]
[75,F,0.915923,00000100,91.5923,X]
[29,F,0.918284,00100000,91.8284,X]
[60,F,0.924694,00001000,92.4694,X]
[115,F,0.926758,00000001,92.6758,X]
[30,F,0.929027,00100000,92.9027,X]
[116,F,0.936523,00000001,93.6523,X]
[117,F,0.939453,00000001,93.9453,X]
[87,F,0.948422,00000010,94.8422,X]
[31,F,0.957347,00100000,95.7347,X]
[32,F,0.9593,00100000,95.93,X]
[42,F,0.959755,00010000,95.9755,X]
[61,F,0.963756,00001000,96.3756,X]
[18,F,0.964644,10000000,96.4644,X]
[43,F,0.970497,00010000,97.0497,X]
[88,F,0.975766,00000010,97.5766,X]
[89,F,0.977719,00000010,97.7719,X]
[90,F,0.988461,00000010,98.8461,X]
[118,F,0.992187,00000001,99.2187,X]
[44,F,0.995887,00010000,99.5887,X]
GUIDE_TREE_PARTITION1=(((((((t1:18.77,t2:18.77):4.05,t3:22.82):33.06,t4:55.88):7.51,t5:63.39):1.17,t6:64.56):13.84,t7:78.4):21.6,t8:100);
