Taxa bit representation:
t1 10000000
t2 01000000
t3 00100000
t4 00010000
t5 00001000
t6 00000100
t7 00000010
t8 00000001
Clade List (<taxon members> = <clade name>): 

>Dataset_0
[0,F,0.0234375,11110000,2.34375,X]
[5,F,0.389348,00001100,38.9348,X]
[6,F,0.400091,00001100,40.0091,X]
[12,F,0.40888,00000011,40.888,X]
[7,F,0.513372,00001100,51.3372,X]
[1,F,0.658663,11000000,65.8663,X]
[13,F,0.661809,00000011,66.1809,X]
[10,F,0.784283,00000100,78.4283,X]
[8,F,0.794048,00001000,79.4048,X]
[2,F,0.828452,00100000,82.8452,X]
[3,F,0.837241,00010000,83.7241,X]
[14,F,0.871639,00000010,87.1639,X]
[16,F,0.935116,00000001,93.5116,X]
[11,F,0.941509,00000100,94.1509,X]
[4,F,0.942709,00010000,94.2709,X]
[15,F,0.952694,00000010,95.2694,X]
[9,F,0.960064,00001000,96.0064,X]
GUIDE_TREE_PARTITION1=(((t1:24.32,t2:24.32):13.72,(t3:28.19,t4:28.19):9.85):61.96,((t5:22.06,t6:22.06):59.22,(t7:16.84,t8:16.84):64.44):18.72);
