Taxa bit representation:
t1 10000000
t2 01000000
t3 00100000
t4 00010000
t5 00001000
t6 00000100
t7 00000010
t8 00000001
Clade List (<taxon members> = <clade name>): 

>Dataset_0
[0,F,0.0817594,11111100,8.17594,X]
[21,F,0.0917969,00000001,9.17969,X]
[1,F,0.109103,11111100,10.9103,X]
[22,F,0.185547,00000001,18.5547,X]
[2,F,0.223361,11111100,22.3361,X]
[23,F,0.348633,00000001,34.8633,X]
[12,F,0.391228,00001000,39.1228,X]
[24,F,0.44043,00000001,44.043,X]
[3,F,0.441033,11110000,44.1033,X]
[17,F,0.458558,00000100,45.8558,X]
[4,F,0.563133,11000000,56.3133,X]
[8,F,0.567134,00010000,56.7134,X]
[7,F,0.585594,00100000,58.5594,X]
[19,F,0.738986,00000010,73.8986,X]
[13,F,0.789666,00001000,78.9666,X]
[14,F,0.804314,00001000,80.4314,X]
[20,F,0.805392,00000010,80.5392,X]
[9,F,0.835689,00010000,83.5689,X]
[25,F,0.875,00000001,87.5,X]
[15,F,0.882439,00001000,88.2439,X]
[16,F,0.891228,00001000,89.1228,X]
[26,F,0.904297,00000001,90.4297,X]
[5,F,0.906447,01000000,90.6447,X]
[18,F,0.911683,00000100,91.1683,X]
[10,F,0.915767,00010000,91.5767,X]
[11,F,0.949947,00010000,94.9947,X]
[6,F,0.962111,01000000,96.2111,X]
GUIDE_TREE_PARTITION1=(((((((t1:21.66,t2:21.66):25.64,t3:47.3):1.26,t4:48.56):17.2,t5:65.76):6.06,t6:71.82):20.59,t7:92.41):7.59,t8:100);
