Taxa bit representation:
t1 10000000
t2 01000000
t3 00100000
t4 00010000
t5 00001000
t6 00000100
t7 00000010
t8 00000001
Clade List (<taxon members> = <clade name>): 

>Dataset_0
[0,F,0.0292969,11110000,2.92969,X]
[42,F,0.0664062,00001111,6.64062,X]
[43,F,0.0878906,00001111,8.78906,X]
[1,F,0.0888672,11110000,8.88672,X]
[2,F,0.115234,11110000,11.5234,X]
[44,F,0.129559,00001100,12.9559,X]
[3,F,0.144531,11110000,14.4531,X]
[45,F,0.148114,00001100,14.8114,X]
[46,F,0.150067,00001100,15.0067,X]
[4,F,0.150391,11110000,15.0391,X]
[47,F,0.155927,00001100,15.5927,X]
[48,F,0.177411,00001100,17.7411,X]
[73,F,0.185223,00000011,18.5223,X]
[74,F,0.199872,00000011,19.9872,X]
[49,F,0.202802,00001100,20.2802,X]
[50,F,0.21745,00001100,21.745,X]
[75,F,0.250653,00000011,25.0653,X]
[5,F,0.285156,11110000,28.5156,X]
[6,F,0.297852,11110000,29.7852,X]
[51,F,0.331708,00001100,33.1708,X]
[52,F,0.338544,00001100,33.8544,X]
[7,F,0.342773,11110000,34.2773,X]
[53,F,0.348309,00001100,34.8309,X]
[8,F,0.357422,11110000,35.7422,X]
[76,F,0.360028,00000011,36.0028,X]
[54,F,0.398114,00001100,39.8114,X]
[55,F,0.426434,00001100,42.6434,X]
[56,F,0.432294,00001100,43.2294,X]
[9,F,0.443359,11110000,44.3359,X]
[10,F,0.453125,11110000,45.3125,X]
[57,F,0.459637,00001100,45.9637,X]
[25,F,0.472253,00110000,47.2253,X]
[26,F,0.495691,00110000,49.5691,X]
[77,F,0.497723,00000011,49.7723,X]
[58,F,0.504559,00001100,50.4559,X]
[11,F,0.505456,11000000,50.5456,X]
[12,F,0.510339,11000000,51.0339,X]
[27,F,0.516198,00110000,51.6198,X]
[59,F,0.518231,00001100,51.8231,X]
[60,F,0.525067,00001100,52.5067,X]
[61,F,0.530927,00001100,53.0927,X]
[28,F,0.533777,00110000,53.3777,X]
[29,F,0.550378,00110000,55.0378,X]
[78,F,0.554364,00000011,55.4364,X]
[79,F,0.586591,00000011,58.6591,X]
[30,F,0.59237,00110000,59.237,X]
[80,F,0.59538,00000011,59.538,X]
[81,F,0.597333,00000011,59.7333,X]
[62,F,0.621747,00001100,62.1747,X]
[31,F,0.625573,00110000,62.5573,X]
[63,F,0.690106,00001100,69.0106,X]
[82,F,0.700848,00000011,70.0848,X]
[83,F,0.703778,00000011,70.3778,X]
[13,F,0.712487,11000000,71.2488,X]
[84,F,0.713544,00000011,71.3544,X]
[37,F,0.72122,00010000,72.122,X]
[85,F,0.74577,00000011,74.577,X]
[14,F,0.753503,11000000,75.3503,X]
[15,F,0.75448,11000000,75.448,X]
[32,F,0.761259,00100000,76.1259,X]
[38,F,0.770048,00010000,77.0048,X]
[39,F,0.777861,00010000,77.7861,X]
[86,F,0.795575,00000011,79.5575,X]
[87,F,0.796552,00000011,79.6552,X]
[16,F,0.806237,11000000,80.6238,X]
[33,F,0.842314,00100000,84.2314,X]
[34,F,0.844267,00100000,84.4267,X]
[35,F,0.847197,00100000,84.7197,X]
[64,F,0.847333,00001100,84.7333,X]
[40,F,0.854033,00010000,85.4033,X]
[17,F,0.864061,10000000,86.4061,X]
[65,F,0.8737,00001100,87.37,X]
[36,F,0.875517,00100000,87.5517,X]
[66,F,0.87663,00001100,87.663,X]
[88,F,0.879559,00000011,87.9559,X]
[18,F,0.882616,10000000,88.2616,X]
[67,F,0.884442,00001100,88.4442,X]
[68,F,0.885419,00001100,88.5419,X]
[69,F,0.888153,00001000,88.8153,X]
[41,F,0.889189,00010000,88.9189,X]
[21,F,0.898241,01000000,89.8241,X]
[19,F,0.916795,10000000,91.6795,X]
[22,F,0.916795,01000000,91.6795,X]
[70,F,0.935028,00001000,93.5028,X]
[23,F,0.944139,01000000,94.4139,X]
[71,F,0.946747,00001000,94.6747,X]
[89,F,0.947978,00000010,94.7978,X]
[24,F,0.952928,01000000,95.2928,X]
[20,F,0.9666,10000000,96.66,X]
[72,F,0.980927,00001000,98.0927,X]
[90,F,0.994853,00000010,99.4853,X]
[91,F,0.99583,00000001,99.583,X]
GUIDE_TREE_PARTITION1=(((t1:15.84,t2:15.84):37.13,(t3:30.71,t4:30.71):22.26):47.03,((t5:11.38,t6:11.38):76.25,(t7:6.96,t8:6.96):80.67):12.37);
