Taxa bit representation:
t1 10000000
t2 01000000
t3 00100000
t4 00010000
t5 00001000
t6 00000100
t7 00000010
t8 00000001
Clade List (<taxon members> = <clade name>): 

>Dataset_0
[0,F,0.0439453,11111110,4.39453,X]
[39,F,0.154297,00000001,15.4297,X]
[40,F,0.185547,00000001,18.5547,X]
[24,F,0.188978,00000100,18.8978,X]
[41,F,0.189453,00000001,18.9453,X]
[1,F,0.243666,11111000,24.3666,X]
[2,F,0.267103,11111000,26.7103,X]
[32,F,0.269294,00000010,26.9294,X]
[33,F,0.282966,00000010,28.2966,X]
[25,F,0.283705,00000100,28.3705,X]
[26,F,0.308119,00000100,30.8119,X]
[34,F,0.318122,00000010,31.8122,X]
[3,F,0.363783,11111000,36.3783,X]
[4,F,0.386244,11111000,38.6244,X]
[42,F,0.407227,00000001,40.7227,X]
[43,F,0.458008,00000001,45.8008,X]
[44,F,0.490234,00000001,49.0234,X]
[27,F,0.492689,00000100,49.2689,X]
[18,F,0.534652,00001000,53.4652,X]
[5,F,0.538608,11100000,53.8608,X]
[11,F,0.567905,00010000,56.7905,X]
[19,F,0.58055,00001000,58.055,X]
[12,F,0.604038,00010000,60.4038,X]
[28,F,0.615736,00000100,61.5736,X]
[29,F,0.617689,00000100,61.7689,X]
[35,F,0.636481,00000010,63.6481,X]
[20,F,0.637191,00001000,63.7191,X]
[7,F,0.669188,00100000,66.9188,X]
[8,F,0.681883,00100000,68.1883,X]
[21,F,0.720198,00001000,72.0198,X]
[9,F,0.721922,00100000,72.1922,X]
[45,F,0.734375,00000001,73.4375,X]
[13,F,0.747592,00010000,74.7592,X]
[30,F,0.781752,00000100,78.1752,X]
[36,F,0.821052,00000010,82.1052,X]
[6,F,0.837713,10000000,83.7713,X]
[14,F,0.840366,00010000,84.0366,X]
[22,F,0.841292,00001000,84.1292,X]
[37,F,0.849372,00000010,84.9372,X]
[10,F,0.888914,00100000,88.8914,X]
[31,F,0.898939,00000100,89.8939,X]
[15,F,0.910678,00010000,91.0678,X]
[46,F,0.918945,00000001,91.8945,X]
[16,F,0.928256,00010000,92.8256,X]
[23,F,0.929183,00001000,92.9183,X]
[38,F,0.945075,00000010,94.5075,X]
[17,F,0.98978,00010000,98.978,X]
GUIDE_TREE_PARTITION1=(((((((t1:17.01,t2:17.01):27.79,t3:44.8):3.39,t4:48.19):9.38,t5:57.57):25.29,t6:82.86):8.57,t7:91.43):8.57,t8:100);
