Taxa bit representation:
t1 10000000
t2 01000000
t3 00100000
t4 00010000
t5 00001000
t6 00000100
t7 00000010
t8 00000001
Clade List (<taxon members> = <clade name>): 

>Dataset_0
[15,F,0.0341797,00000001,3.41797,X]
[10,F,0.144741,00000010,14.4741,X]
[11,F,0.170131,00000010,17.0131,X]
[12,F,0.171108,00000010,17.1108,X]
[0,F,0.210906,11111000,21.0906,X]
[8,F,0.528289,00000100,52.8289,X]
[13,F,0.6506,00000010,65.06,X]
[16,F,0.707031,00000001,70.7031,X]
[14,F,0.712123,00000010,71.2123,X]
[7,F,0.718678,00001000,71.8678,X]
[6,F,0.782672,00010000,78.2672,X]
[1,F,0.785906,10000000,78.5906,X]
[17,F,0.841797,00000001,84.1797,X]
[4,F,0.928861,00100000,92.8861,X]
[2,F,0.94118,10000000,94.118,X]
[5,F,0.949369,00100000,94.9369,X]
[3,F,0.965594,01000000,96.5594,X]
[9,F,0.98825,00000100,98.825,X]
GUIDE_TREE_PARTITION1=(((((((t1:46.8,t2:46.8):0.06,t3:46.86):7.49,t4:54.35):13.04,t5:67.39):11.91,t6:79.3):18.14,t7:97.44):2.56,t8:100);
