Taxa bit representation:
t1 10000000
t2 01000000
t3 00100000
t4 00010000
t5 00001000
t6 00000100
t7 00000010
t8 00000001
Clade List (<taxon members> = <clade name>): 

>Dataset_0
[0,F,0.0661672,11111100,6.61672,X]
[27,F,0.142339,00000010,14.2339,X]
[38,F,0.152344,00000001,15.2344,X]
[22,F,0.281287,00000100,28.1287,X]
[39,F,0.292969,00000001,29.2969,X]
[28,F,0.336675,00000010,33.6675,X]
[29,F,0.340581,00000010,34.0581,X]
[23,F,0.370155,00000100,37.0155,X]
[30,F,0.382573,00000010,38.2573,X]
[17,F,0.416861,00001000,41.6861,X]
[40,F,0.416992,00000001,41.6992,X]
[41,F,0.433594,00000001,43.3594,X]
[42,F,0.436523,00000001,43.6523,X]
[43,F,0.463867,00000001,46.3867,X]
[12,F,0.494153,00010000,49.4153,X]
[1,F,0.516614,11100000,51.6614,X]
[13,F,0.534192,00010000,53.4192,X]
[14,F,0.539075,00010000,53.9075,X]
[2,F,0.556653,11100000,55.6653,X]
[3,F,0.573255,11100000,57.3255,X]
[31,F,0.606206,00000010,60.6206,X]
[4,F,0.622083,11100000,62.2083,X]
[18,F,0.653189,00001000,65.3189,X]
[44,F,0.65625,00000001,65.625,X]
[24,F,0.677772,00000100,67.7772,X]
[45,F,0.685547,00000001,68.5547,X]
[25,F,0.694373,00000100,69.4373,X]
[5,F,0.703689,11000000,70.3689,X]
[32,F,0.715581,00000010,71.5581,X]
[19,F,0.723502,00001000,72.3502,X]
[6,F,0.767166,11000000,76.7166,X]
[33,F,0.777105,00000010,77.7105,X]
[9,F,0.781814,00100000,78.1814,X]
[26,F,0.791053,00000100,79.1053,X]
[20,F,0.806509,00001000,80.6509,X]
[34,F,0.822027,00000010,82.2027,X]
[35,F,0.835698,00000010,83.5698,X]
[10,F,0.870681,00100000,87.0681,X]
[46,F,0.881836,00000001,88.1836,X]
[21,F,0.882681,00001000,88.2681,X]
[8,F,0.892813,01000000,89.2813,X]
[15,F,0.900403,00010000,90.0403,X]
[7,F,0.900625,10000000,90.0625,X]
[36,F,0.931402,00000010,93.1402,X]
[47,F,0.932617,00000001,93.2617,X]
[37,F,0.963628,00000010,96.3628,X]
[16,F,0.975598,00010000,97.5598,X]
[11,F,0.987869,00100000,98.7869,X]
GUIDE_TREE_PARTITION1=(((((((t1:11.5,t2:11.5):19.01,t3:30.51):20.27,t4:50.78):22.28,t5:73.06):10.53,t6:83.59):12.43,t7:96.02):3.98,t8:100);
