Taxa bit representation:
t1 10000000
t2 01000000
t3 00100000
t4 00010000
t5 00001000
t6 00000100
t7 00000010
t8 00000001
Clade List (<taxon members> = <clade name>): 

>Dataset_0
[9,F,0.0566406,00001111,5.66406,X]
[0,F,0.0585938,11110000,5.85938,X]
[10,F,0.258392,00001100,25.8392,X]
[25,F,0.279877,00000011,27.9877,X]
[11,F,0.287689,00001100,28.7689,X]
[1,F,0.325195,11110000,32.5195,X]
[26,F,0.347259,00000011,34.7259,X]
[2,F,0.363281,11110000,36.3281,X]
[27,F,0.378509,00000011,37.8509,X]
[28,F,0.464447,00000011,46.4447,X]
[3,F,0.548828,11110000,54.8828,X]
[4,F,0.552734,11110000,55.2734,X]
[12,F,0.603119,00001100,60.3119,X]
[29,F,0.636322,00000011,63.6322,X]
[13,F,0.641205,00001100,64.1205,X]
[32,F,0.722606,00000001,72.2606,X]
[5,F,0.741211,11110000,74.1211,X]
[6,F,0.754883,11110000,75.4883,X]
[14,F,0.756547,00001000,75.6547,X]
[20,F,0.763383,00000100,76.3383,X]
[15,F,0.765336,00001000,76.5336,X]
[7,F,0.773438,11110000,77.3438,X]
[30,F,0.77827,00000010,77.827,X]
[21,F,0.798539,00000100,79.8539,X]
[22,F,0.825883,00000100,82.5883,X]
[16,F,0.834672,00001000,83.4672,X]
[17,F,0.862016,00001000,86.2016,X]
[33,F,0.87202,00000001,87.202,X]
[23,F,0.877641,00000100,87.7641,X]
[34,F,0.881786,00000001,88.1786,X]
[35,F,0.885692,00000001,88.5692,X]
[18,F,0.912797,00001000,91.2797,X]
[19,F,0.926469,00001000,92.6469,X]
[31,F,0.943309,00000010,94.3309,X]
[36,F,0.951122,00000001,95.1122,X]
[24,F,0.951859,00000100,95.1859,X]
[8,F,0.969748,10000000,96.9748,X]
[37,F,0.994091,00000001,99.4091,X]
GUIDE_TREE_PARTITION1=(((t1:16.99,t2:16.99):0.33,(t3:9.57,t4:9.57):7.75):82.68,((t5:30.4,t6:30.4):60.46,(t7:28.13,t8:28.13):62.73):9.14);
