Taxa bit representation:
t1 10000000
t2 01000000
t3 00100000
t4 00010000
t5 00001000
t6 00000100
t7 00000010
t8 00000001
Clade List (<taxon members> = <clade name>): 

>Dataset_0
[18,F,0.00488281,00000011,0.488281,X]
[19,F,0.0605469,00000011,6.05469,X]
[8,F,0.164016,00001000,16.4016,X]
[13,F,0.18843,00000100,18.843,X]
[0,F,0.189373,11110000,18.9373,X]
[9,F,0.225539,00001000,22.5539,X]
[14,F,0.300734,00000100,30.0734,X]
[15,F,0.303664,00000100,30.3664,X]
[10,F,0.458937,00001000,45.8937,X]
[3,F,0.510611,00100000,51.0611,X]
[4,F,0.515494,00100000,51.5494,X]
[16,F,0.517531,00000100,51.7531,X]
[6,F,0.583445,00010000,58.3445,X]
[7,F,0.617625,00010000,61.7625,X]
[1,F,0.649778,10000000,64.9778,X]
[2,F,0.758177,01000000,75.8177,X]
[17,F,0.861281,00000100,86.1281,X]
[5,F,0.872916,00100000,87.2916,X]
[11,F,0.87593,00001000,87.593,X]
[21,F,0.883711,00000001,88.3711,X]
[12,F,0.905227,00001000,90.5227,X]
[20,F,0.943281,00000010,94.3281,X]
GUIDE_TREE_PARTITION1=(((((t1:43.03,t2:43.03):11.28,t3:54.31):16.74,t4:71.05):19.29,(t5:87.7,t6:87.7):2.64):9.66,(t7:23.25,t8:23.25):76.75);
