Taxa bit representation:
t1 10000000
t2 01000000
t3 00100000
t4 00010000
t5 00001000
t6 00000100
t7 00000010
t8 00000001
Clade List (<taxon members> = <clade name>): 

>Dataset_0
[0,F,0.0195312,11110000,1.95312,X]
[1,F,0.0400391,11110000,4.00391,X]
[33,F,0.0498047,00001111,4.98047,X]
[2,F,0.0839844,11110000,8.39844,X]
[34,F,0.128906,00001111,12.8906,X]
[3,F,0.139648,11110000,13.9648,X]
[35,F,0.141602,00001111,14.1602,X]
[36,F,0.150391,00001111,15.0391,X]
[4,F,0.171875,11110000,17.1875,X]
[5,F,0.182617,11110000,18.2617,X]
[37,F,0.186523,00001111,18.6523,X]
[6,F,0.199219,11110000,19.9219,X]
[7,F,0.213867,11110000,21.3867,X]
[38,F,0.230469,00001111,23.0469,X]
[8,F,0.248047,11110000,24.8047,X]
[39,F,0.291992,00001111,29.1992,X]
[9,F,0.331055,11110000,33.1055,X]
[40,F,0.357422,00001111,35.7422,X]
[10,F,0.360352,11110000,36.0352,X]
[11,F,0.375,11110000,37.5,X]
[12,F,0.40918,11110000,40.918,X]
[13,F,0.419922,11110000,41.9922,X]
[41,F,0.433594,00001111,43.3594,X]
[14,F,0.448242,11110000,44.8242,X]
[15,F,0.449219,11110000,44.9219,X]
[42,F,0.458008,00001111,45.8008,X]
[43,F,0.470703,00001111,47.0703,X]
[16,F,0.488281,11110000,48.8281,X]
[17,F,0.492188,11110000,49.2188,X]
[18,F,0.541992,11110000,54.1992,X]
[19,F,0.544922,11110000,54.4922,X]
[20,F,0.568359,11110000,56.8359,X]
[21,F,0.617188,11110000,61.7188,X]
[44,F,0.62793,00001111,62.793,X]
[45,F,0.637695,00001111,63.7695,X]
[46,F,0.638672,00001111,63.8672,X]
[47,F,0.639648,00001111,63.9648,X]
[48,F,0.73143,00001100,73.143,X]
[55,F,0.734253,00000010,73.4253,X]
[62,F,0.736206,00000001,73.6206,X]
[56,F,0.753784,00000010,75.3784,X]
[22,F,0.759766,11110000,75.9766,X]
[63,F,0.761597,00000001,76.1597,X]
[57,F,0.768433,00000010,76.8433,X]
[49,F,0.782211,00001100,78.2211,X]
[64,F,0.790894,00000001,79.0894,X]
[50,F,0.810836,00001000,81.0836,X]
[30,F,0.822766,00110000,82.2766,X]
[58,F,0.831909,00000010,83.1909,X]
[65,F,0.838745,00000001,83.8745,X]
[59,F,0.841675,00000010,84.1675,X]
[31,F,0.853039,00110000,85.3039,X]
[23,F,0.858898,11000000,85.8898,X]
[52,F,0.868453,00000100,86.8453,X]
[24,F,0.873547,11000000,87.3547,X]
[60,F,0.881714,00000010,88.1714,X]
[25,F,0.895031,11000000,89.5031,X]
[53,F,0.903609,00000100,90.3609,X]
[51,F,0.913375,00001000,91.3375,X]
[28,F,0.916025,01000000,91.6025,X]
[26,F,0.917002,10000000,91.7002,X]
[61,F,0.917847,00000010,91.7847,X]
[66,F,0.936402,00000001,93.6402,X]
[29,F,0.945322,01000000,94.5322,X]
[27,F,0.976572,10000000,97.6572,X]
[54,F,0.985641,00000100,98.5641,X]
[67,F,0.994019,00000001,99.4019,X]
[32,F,0.994641,00110000,99.4641,X]
GUIDE_TREE_PARTITION1=(((t1:9.96,t2:9.96):8.74,(t3:0.24,t4:0.24):18.46):81.3,((t5:19.6,t6:19.6):13.8,(t7:26.77,t8:26.77):6.63):66.6);
