Taxa bit representation:
t1 10000000
t2 01000000
t3 00100000
t4 00010000
t5 00001000
t6 00000100
t7 00000010
t8 00000001
Clade List (<taxon members> = <clade name>): 

>Dataset_0
[22,F,0.0472891,00000010,4.72891,X]
[26,F,0.123047,00000001,12.3047,X]
[15,F,0.155041,00000100,15.5041,X]
[23,F,0.19475,00000010,19.475,X]
[16,F,0.212658,00000100,21.2658,X]
[17,F,0.239025,00000100,23.9025,X]
[0,F,0.29203,11000000,29.203,X]
[3,F,0.295936,00100000,29.5936,X]
[7,F,0.364191,00010000,36.4191,X]
[18,F,0.394298,00000100,39.4298,X]
[27,F,0.411133,00000001,41.1133,X]
[8,F,0.425714,00010000,42.5714,X]
[12,F,0.462312,00001000,46.2312,X]
[13,F,0.463289,00001000,46.3289,X]
[4,F,0.531287,00100000,53.1287,X]
[28,F,0.584961,00000001,58.4961,X]
[24,F,0.612719,00000010,61.2719,X]
[14,F,0.659578,00001000,65.9578,X]
[19,F,0.679455,00000100,67.9455,X]
[25,F,0.690844,00000010,69.0844,X]
[20,F,0.705822,00000100,70.5822,X]
[29,F,0.706055,00000001,70.6055,X]
[9,F,0.77337,00010000,77.337,X]
[5,F,0.778358,00100000,77.8358,X]
[10,F,0.789972,00010000,78.9972,X]
[6,F,0.842811,00100000,84.2811,X]
[11,F,0.891534,00010000,89.1534,X]
[1,F,0.902364,10000000,90.2364,X]
[2,F,0.907247,01000000,90.7247,X]
[21,F,0.990002,00000100,99.0002,X]
GUIDE_TREE_PARTITION1=(((((((t1:15.33,t2:15.33):55.76,t3:71.09):1.28,t4:72.37):7.18,t5:79.55):10.61,t6:90.16):5.99,t7:96.15):3.85,t8:100);
