Taxa bit representation:
t1 10000000
t2 01000000
t3 00100000
t4 00010000
t5 00001000
t6 00000100
t7 00000010
t8 00000001
Clade List (<taxon members> = <clade name>): 

>Dataset_0
[0,F,0.144419,11111100,14.4419,X]
[26,F,0.197625,00000100,19.7625,X]
[27,F,0.229852,00000100,22.9852,X]
[1,F,0.258216,11110000,25.8216,X]
[28,F,0.280633,00000100,28.0633,X]
[46,F,0.285156,00000001,28.5156,X]
[29,F,0.294305,00000100,29.4305,X]
[2,F,0.319739,11110000,31.9739,X]
[47,F,0.327148,00000001,32.7148,X]
[30,F,0.34118,00000100,34.118,X]
[23,F,0.378333,00001000,37.8333,X]
[3,F,0.390052,11110000,39.0052,X]
[37,F,0.397348,00000010,39.7348,X]
[38,F,0.414927,00000010,41.4927,X]
[4,F,0.435214,11100000,43.5214,X]
[31,F,0.452508,00000100,45.2508,X]
[48,F,0.455078,00000001,45.5078,X]
[39,F,0.455942,00000010,45.5942,X]
[32,F,0.459344,00000100,45.9344,X]
[33,F,0.527703,00000100,52.7703,X]
[11,F,0.532614,00100000,53.2614,X]
[12,F,0.547262,00100000,54.7263,X]
[49,F,0.552734,00000001,55.2734,X]
[34,F,0.55993,00000100,55.993,X]
[40,F,0.561411,00000010,56.1411,X]
[19,F,0.568027,00010000,56.8027,X]
[50,F,0.571289,00000001,57.1289,X]
[41,F,0.620005,00000010,62.0005,X]
[51,F,0.650391,00000001,65.0391,X]
[20,F,0.651034,00010000,65.1034,X]
[42,F,0.659067,00000010,65.9067,X]
[13,F,0.662497,00100000,66.2497,X]
[5,F,0.69277,11000000,69.277,X]
[35,F,0.695672,00000100,69.5672,X]
[14,F,0.696677,00100000,69.6677,X]
[52,F,0.750977,00000001,75.0977,X]
[53,F,0.756836,00000001,75.6836,X]
[54,F,0.758789,00000001,75.8789,X]
[21,F,0.769198,00010000,76.9198,X]
[43,F,0.770395,00000010,77.0395,X]
[24,F,0.784583,00001000,78.4583,X]
[15,F,0.796286,00100000,79.6286,X]
[6,F,0.809958,11000000,80.9958,X]
[7,F,0.824606,11000000,82.4606,X]
[16,F,0.840231,00100000,84.0231,X]
[55,F,0.842773,00000001,84.2773,X]
[17,F,0.847067,00100000,84.7067,X]
[8,F,0.852927,11000000,85.2927,X]
[44,F,0.897348,00000010,89.7348,X]
[9,F,0.909927,01000000,90.9927,X]
[25,F,0.922278,00001000,92.2278,X]
[45,F,0.949106,00000010,94.9106,X]
[22,F,0.956698,00010000,95.6698,X]
[18,F,0.97695,00100000,97.695,X]
[10,F,0.977309,01000000,97.7309,X]
[36,F,0.977898,00000100,97.7898,X]
GUIDE_TREE_PARTITION1=(((((((t1:12.23,t2:12.23):43.2,t3:55.43):3.49,t4:58.92):19.36,t5:78.28):3.52,t6:81.8):4.93,t7:86.73):13.27,t8:100);
