Taxa bit representation:
t1 10000000
t2 01000000
t3 00100000
t4 00010000
t5 00001000
t6 00000100
t7 00000010
t8 00000001
Clade List (<taxon members> = <clade name>): 

>Dataset_0
[10,F,0.0654297,00001111,6.54297,X]
[11,F,0.0810547,00001111,8.10547,X]
[12,F,0.142578,00001111,14.2578,X]
[0,F,0.227539,11110000,22.7539,X]
[1,F,0.259766,11110000,25.9766,X]
[4,F,0.359892,00110000,35.9892,X]
[5,F,0.386083,00100000,38.6083,X]
[6,F,0.432958,00100000,43.2958,X]
[7,F,0.484716,00100000,48.4716,X]
[16,F,0.498855,00000010,49.8855,X]
[18,F,0.565261,00000001,56.5261,X]
[2,F,0.642119,11000000,64.2119,X]
[8,F,0.687841,00100000,68.7841,X]
[9,F,0.733739,00100000,73.3739,X]
[13,F,0.740272,00001100,74.0272,X]
[14,F,0.794959,00001100,79.4959,X]
[19,F,0.797683,00000001,79.7683,X]
[20,F,0.847487,00000001,84.7488,X]
[15,F,0.884803,00001100,88.4803,X]
[3,F,0.942766,01000000,94.2766,X]
[21,F,0.959792,00000001,95.9792,X]
[17,F,0.990066,00000010,99.0066,X]
GUIDE_TREE_PARTITION1=(((t1:12.95,t2:12.95):55.26,(t3:61.88,t4:61.88):6.33):31.79,((t5:9.2,t6:9.2):68.14,(t7:64.47,t8:64.47):12.87):22.66);
