Taxa bit representation:
t1 10000000
t2 01000000
t3 00100000
t4 00010000
t5 00001000
t6 00000100
t7 00000010
t8 00000001
Clade List (<taxon members> = <clade name>): 

>Dataset_0
[0,F,0.0546875,11110000,5.46875,X]
[1,F,0.347545,11000000,34.7545,X]
[6,F,0.354794,00001100,35.4794,X]
[12,F,0.433853,00000010,43.3853,X]
[8,F,0.467823,00000100,46.7823,X]
[16,F,0.474869,00000001,47.4869,X]
[7,F,0.487355,00001000,48.7355,X]
[9,F,0.53423,00000100,53.423,X]
[13,F,0.554947,00000010,55.4947,X]
[14,F,0.565689,00000010,56.5689,X]
[3,F,0.590783,01000000,59.0783,X]
[5,F,0.607311,00010000,60.7311,X]
[15,F,0.6194,00000010,61.94,X]
[2,F,0.640587,10000000,64.0588,X]
[4,F,0.816369,01000000,81.6369,X]
[10,F,0.938527,00000100,93.8527,X]
[11,F,0.976612,00000100,97.6612,X]
GUIDE_TREE_PARTITION1=(((t1:53.91,t2:53.91):15.73,(t3:69.64,t4:69.64):0):30.36,((t5:59.37,t6:59.37):11.01,(t7:56.81,t8:56.81):13.57):29.62);
