Taxa bit representation:
t1 10000000
t2 01000000
t3 00100000
t4 00010000
t5 00001000
t6 00000100
t7 00000010
t8 00000001
Clade List (<taxon members> = <clade name>): 

>Dataset_0
[65,F,0.0273438,00001111,2.73438,X]
[0,F,0.0341797,11110000,3.41797,X]
[66,F,0.0419922,00001111,4.19922,X]
[23,F,0.120363,00110000,12.0363,X]
[24,F,0.131105,00110000,13.1105,X]
[92,F,0.134425,00000011,13.4425,X]
[67,F,0.139308,00001100,13.9308,X]
[25,F,0.175553,00100000,17.5553,X]
[42,F,0.17653,00010000,17.653,X]
[93,F,0.177394,00000011,17.7394,X]
[68,F,0.185206,00001100,18.5206,X]
[94,F,0.218409,00000011,21.8409,X]
[26,F,0.23317,00100000,23.317,X]
[69,F,0.249659,00001100,24.9659,X]
[1,F,0.2688,11000000,26.88,X]
[70,F,0.284816,00001100,28.4816,X]
[95,F,0.286769,00000011,28.6769,X]
[43,F,0.288834,00010000,28.8834,X]
[2,F,0.290284,11000000,29.0284,X]
[3,F,0.292238,11000000,29.2238,X]
[27,F,0.294694,00100000,29.4694,X]
[96,F,0.30923,00000011,30.923,X]
[28,F,0.312272,00100000,31.2272,X]
[4,F,0.318605,11000000,31.8605,X]
[97,F,0.325831,00000011,32.5831,X]
[71,F,0.339503,00001100,33.9503,X]
[5,F,0.341066,11000000,34.1066,X]
[29,F,0.346452,00100000,34.6452,X]
[30,F,0.347428,00100000,34.7428,X]
[44,F,0.354264,00010000,35.4264,X]
[45,F,0.360123,00010000,36.0123,X]
[98,F,0.366847,00000011,36.6847,X]
[46,F,0.377702,00010000,37.7702,X]
[99,F,0.386378,00000011,38.6378,X]
[6,F,0.389894,11000000,38.9894,X]
[31,F,0.396256,00100000,39.6256,X]
[72,F,0.405909,00001100,40.5909,X]
[7,F,0.407472,11000000,40.7472,X]
[100,F,0.424464,00000011,42.4464,X]
[8,F,0.436769,11000000,43.6769,X]
[32,F,0.452897,00100000,45.2897,X]
[47,F,0.456803,00010000,45.6803,X]
[9,F,0.460206,11000000,46.0206,X]
[10,F,0.472902,11000000,47.2902,X]
[48,F,0.473405,00010000,47.3405,X]
[101,F,0.478175,00000011,47.8175,X]
[33,F,0.4861,00100000,48.61,X]
[34,F,0.518327,00100000,51.8327,X]
[35,F,0.536881,00100000,53.6881,X]
[36,F,0.541764,00100000,54.1764,X]
[73,F,0.547984,00001000,54.7984,X]
[11,F,0.561769,11000000,56.1769,X]
[49,F,0.562272,00010000,56.2272,X]
[84,F,0.578258,00000100,57.8258,X]
[12,F,0.58423,11000000,58.423,X]
[50,F,0.587662,00010000,58.7662,X]
[13,F,0.596925,11000000,59.6925,X]
[74,F,0.597789,00001000,59.7789,X]
[37,F,0.598405,00100000,59.8405,X]
[102,F,0.598589,00000010,59.8589,X]
[51,F,0.605241,00010000,60.5241,X]
[85,F,0.625133,00000100,62.5133,X]
[86,F,0.634898,00000100,63.4898,X]
[75,F,0.643687,00001000,64.3687,X]
[76,F,0.65443,00001000,65.443,X]
[38,F,0.656998,00100000,65.6998,X]
[77,F,0.659312,00001000,65.9312,X]
[39,F,0.67067,00100000,67.067,X]
[52,F,0.687272,00010000,68.7272,X]
[109,F,0.691362,00000001,69.1363,X]
[87,F,0.700328,00000100,70.0328,X]
[78,F,0.705211,00001000,70.5211,X]
[53,F,0.709733,00010000,70.9733,X]
[54,F,0.716569,00010000,71.6569,X]
[14,F,0.721925,11000000,72.1925,X]
[55,F,0.725358,00010000,72.5358,X]
[103,F,0.731402,00000010,73.1402,X]
[104,F,0.738237,00000010,73.8238,X]
[110,F,0.745073,00000001,74.5073,X]
[56,F,0.748795,00010000,74.8795,X]
[111,F,0.754839,00000001,75.4839,X]
[40,F,0.755631,00100000,75.5631,X]
[57,F,0.757584,00010000,75.7584,X]
[79,F,0.777477,00001000,77.7477,X]
[105,F,0.789019,00000010,78.9019,X]
[58,F,0.813248,00010000,81.3248,X]
[59,F,0.818131,00010000,81.8131,X]
[112,F,0.819292,00000001,81.9292,X]
[88,F,0.819469,00000100,81.9469,X]
[60,F,0.821061,00010000,82.1061,X]
[80,F,0.831187,00001000,83.1187,X]
[89,F,0.837047,00000100,83.7047,X]
[61,F,0.842545,00010000,84.2545,X]
[18,F,0.850002,01000000,85.0002,X]
[62,F,0.850358,00010000,85.0358,X]
[15,F,0.858791,10000000,85.8791,X]
[113,F,0.873003,00000001,87.3003,X]
[106,F,0.878862,00000010,87.8863,X]
[90,F,0.893687,00000100,89.3687,X]
[91,F,0.896617,00000100,89.6617,X]
[107,F,0.901323,00000010,90.1323,X]
[114,F,0.901323,00000001,90.1323,X]
[19,F,0.911525,01000000,91.1525,X]
[16,F,0.914455,10000000,91.4455,X]
[63,F,0.921647,00010000,92.1647,X]
[20,F,0.93008,01000000,93.008,X]
[108,F,0.93062,00000010,93.062,X]
[41,F,0.946061,00100000,94.6061,X]
[115,F,0.947222,00000001,94.7222,X]
[64,F,0.955827,00010000,95.5827,X]
[81,F,0.964,00001000,96.4,X]
[17,F,0.965236,10000000,96.5236,X]
[116,F,0.965777,00000001,96.5777,X]
[82,F,0.980602,00001000,98.0602,X]
[21,F,0.981838,01000000,98.1838,X]
[22,F,0.994533,01000000,99.4533,X]
[83,F,0.99525,00001000,99.525,X]
GUIDE_TREE_PARTITION1=(((t1:16.66,t2:16.66):75.21,(t3:82.64,t4:82.64):9.23):8.13,((t5:47.35,t6:47.35):40.77,(t7:41.02,t8:41.02):47.1):11.88);
