Taxa bit representation:
t1 10000000
t2 01000000
t3 00100000
t4 00010000
t5 00001000
t6 00000100
t7 00000010
t8 00000001
Clade List (<taxon members> = <clade name>): 

>Dataset_0
[0,F,0.00195312,11111110,0.195312,X]
[81,F,0.00878906,00000001,0.878906,X]
[1,F,0.0333422,11111100,3.33422,X]
[2,F,0.0411547,11111100,4.11547,X]
[82,F,0.0507812,00000001,5.07812,X]
[83,F,0.0566406,00000001,5.66406,X]
[55,F,0.0567797,00000010,5.67797,X]
[84,F,0.0644531,00000001,6.44531,X]
[85,F,0.0908203,00000001,9.08203,X]
[56,F,0.0987719,00000010,9.87719,X]
[86,F,0.108398,00000001,10.8398,X]
[3,F,0.195452,11111100,19.5452,X]
[87,F,0.196289,00000001,19.6289,X]
[57,F,0.246233,00000010,24.6233,X]
[88,F,0.256836,00000001,25.6836,X]
[4,F,0.261858,11111100,26.1858,X]
[89,F,0.266602,00000001,26.6602,X]
[5,F,0.277483,11111100,27.7483,X]
[90,F,0.292969,00000001,29.2969,X]
[91,F,0.313477,00000001,31.3477,X]
[92,F,0.322266,00000001,32.2266,X]
[58,F,0.350725,00000010,35.0725,X]
[6,F,0.356584,11111100,35.6584,X]
[59,F,0.370256,00000010,37.0256,X]
[7,F,0.372209,11111100,37.2209,X]
[93,F,0.378906,00000001,37.8906,X]
[94,F,0.381836,00000001,38.1836,X]
[95,F,0.390625,00000001,39.0625,X]
[96,F,0.394531,00000001,39.4531,X]
[60,F,0.3976,00000010,39.76,X]
[97,F,0.411133,00000001,41.1133,X]
[8,F,0.419084,11111100,41.9084,X]
[9,F,0.422991,11111100,42.2991,X]
[61,F,0.424944,00000010,42.4944,X]
[62,F,0.426897,00000010,42.6897,X]
[63,F,0.429827,00000010,42.9827,X]
[64,F,0.433733,00000010,43.3733,X]
[65,F,0.444475,00000010,44.4475,X]
[98,F,0.456055,00000001,45.6055,X]
[10,F,0.45858,11111000,45.858,X]
[66,F,0.459123,00000010,45.9123,X]
[43,F,0.473228,00000100,47.3228,X]
[67,F,0.479631,00000010,47.9631,X]
[99,F,0.480469,00000001,48.0469,X]
[68,F,0.482561,00000010,48.2561,X]
[44,F,0.498619,00000100,49.8619,X]
[45,F,0.507408,00000100,50.7408,X]
[69,F,0.5226,00000010,52.26,X]
[70,F,0.533342,00000010,53.3342,X]
[100,F,0.535156,00000001,53.5156,X]
[71,F,0.535295,00000010,53.5295,X]
[72,F,0.539202,00000010,53.9202,X]
[11,F,0.558919,11110000,55.8919,X]
[12,F,0.563802,11110000,56.3802,X]
[73,F,0.583147,00000010,58.3147,X]
[13,F,0.590431,11100000,59.0431,X]
[101,F,0.594727,00000001,59.4727,X]
[102,F,0.602539,00000001,60.2539,X]
[103,F,0.615234,00000001,61.5234,X]
[74,F,0.636858,00000010,63.6858,X]
[75,F,0.641741,00000010,64.1741,X]
[46,F,0.64315,00000100,64.315,X]
[14,F,0.644142,11100000,64.4142,X]
[104,F,0.652344,00000001,65.2344,X]
[47,F,0.653892,00000100,65.3892,X]
[48,F,0.667564,00000100,66.7564,X]
[15,F,0.66883,11000000,66.883,X]
[76,F,0.670061,00000010,67.0061,X]
[36,F,0.677083,00001000,67.7083,X]
[77,F,0.679827,00000010,67.9827,X]
[105,F,0.691406,00000001,69.1406,X]
[29,F,0.697853,00010000,69.7853,X]
[106,F,0.706055,00000001,70.6055,X]
[107,F,0.707031,00000001,70.7031,X]
[16,F,0.716681,11000000,71.6681,X]
[17,F,0.720588,11000000,72.0588,X]
[37,F,0.725911,00001000,72.5911,X]
[23,F,0.760627,00100000,76.0627,X]
[108,F,0.771484,00000001,77.1484,X]
[38,F,0.776692,00001000,77.6692,X]
[49,F,0.781822,00000100,78.1822,X]
[24,F,0.78797,00100000,78.797,X]
[18,F,0.818244,11000000,81.8244,X]
[39,F,0.826497,00001000,82.6497,X]
[40,F,0.829427,00001000,82.9427,X]
[30,F,0.833595,00010000,83.3595,X]
[19,F,0.838752,11000000,83.8752,X]
[109,F,0.84082,00000001,84.082,X]
[110,F,0.841797,00000001,84.1797,X]
[78,F,0.848772,00000010,84.8772,X]
[25,F,0.854377,00100000,85.4377,X]
[111,F,0.867188,00000001,86.7188,X]
[79,F,0.867327,00000010,86.7327,X]
[26,F,0.868048,00100000,86.8048,X]
[112,F,0.876953,00000001,87.6953,X]
[31,F,0.881447,00010000,88.1447,X]
[27,F,0.886603,00100000,88.6603,X]
[50,F,0.89022,00000100,89.022,X]
[51,F,0.895103,00000100,89.5103,X]
[32,F,0.91172,00010000,91.172,X]
[113,F,0.917969,00000001,91.7969,X]
[20,F,0.91883,11000000,91.883,X]
[41,F,0.931966,00001000,93.1966,X]
[52,F,0.933189,00000100,93.3189,X]
[53,F,0.937095,00000100,93.7095,X]
[114,F,0.938477,00000001,93.8477,X]
[33,F,0.940041,00010000,94.0041,X]
[80,F,0.944475,00000010,94.4475,X]
[21,F,0.945402,01000000,94.5402,X]
[34,F,0.946877,00010000,94.6877,X]
[115,F,0.948242,00000001,94.8242,X]
[35,F,0.972267,00010000,97.2267,X]
[42,F,0.975911,00001000,97.5911,X]
[22,F,0.979581,01000000,97.9581,X]
[116,F,0.986328,00000001,98.6328,X]
[28,F,0.995002,00100000,99.5002,X]
[117,F,0.995117,00000001,99.5117,X]
[54,F,0.999595,00000100,99.9595,X]
GUIDE_TREE_PARTITION1=(((((((t1:7.12,t2:7.12):26.29,t3:33.41):9.5,t4:42.91):2.37,t5:45.28):12.28,t6:57.56):40.18,t7:97.74):2.26,t8:100);
