Taxa bit representation:
t1 10000000
t2 01000000
t3 00100000
t4 00010000
t5 00001000
t6 00000100
t7 00000010
t8 00000001
Clade List (<taxon members> = <clade name>): 

>Dataset_0
[5,F,0.126208,00000010,12.6208,X]
[10,F,0.147461,00000001,14.7461,X]
[6,F,0.404528,00000010,40.4528,X]
[7,F,0.578356,00000010,57.8356,X]
[0,F,0.685367,11000000,68.5367,X]
[11,F,0.719727,00000001,71.9727,X]
[8,F,0.731677,00000010,73.1677,X]
[9,F,0.79027,00000010,79.027,X]
[12,F,0.848633,00000001,84.8633,X]
[3,F,0.860628,00001000,86.0628,X]
[2,F,0.903575,00010000,90.3575,X]
[1,F,0.981266,00100000,98.1266,X]
[4,F,0.990689,00000100,99.0689,X]
GUIDE_TREE_PARTITION1=(((((((t1:16.18,t2:16.18):24.17,t3:40.35):5.23,t4:45.58):4.49,t5:50.07):39.24,t6:89.31):6.37,t7:95.68):4.32,t8:100);
