Taxa bit representation:
t1 10000000
t2 01000000
t3 00100000
t4 00010000
t5 00001000
t6 00000100
t7 00000010
t8 00000001
Clade List (<taxon members> = <clade name>): 

>Dataset_0
[10,F,0.264188,00000100,26.4188,X]
[7,F,0.511264,00010000,51.1264,X]
[0,F,0.607944,11100000,60.7944,X]
[8,F,0.635097,00001000,63.5097,X]
[11,F,0.647,00000100,64.7,X]
[1,F,0.662631,11100000,66.2631,X]
[2,F,0.704623,11100000,70.4623,X]
[9,F,0.740566,00001000,74.0566,X]
[12,F,0.750858,00000010,75.0858,X]
[13,F,0.832889,00000010,83.2889,X]
[3,F,0.849791,11000000,84.9791,X]
[5,F,0.899798,01000000,89.9798,X]
[6,F,0.911314,00100000,91.1314,X]
[14,F,0.967773,00000001,96.7773,X]
[4,F,0.972064,10000000,97.2064,X]
GUIDE_TREE_PARTITION1=(((((((t1:14.61,t2:14.61):2.95,t3:17.56):49.38,t4:66.94):3.73,t5:70.67):8.38,t6:79.05):1.04,t7:80.09):19.91,t8:100);
