Taxa bit representation:
t1 10000000
t2 01000000
t3 00100000
t4 00010000
t5 00001000
t6 00000100
t7 00000010
t8 00000001
Clade List (<taxon members> = <clade name>): 

>Dataset_0
[0,F,0.00292969,11111100,0.292969,X]
[1,F,0.0595703,11111100,5.95703,X]
[102,F,0.0699891,00000010,6.99891,X]
[2,F,0.0845844,11110000,8.45844,X]
[116,F,0.0953797,00000001,9.53797,X]
[3,F,0.0992328,11110000,9.92328,X]
[117,F,0.102216,00000001,10.2216,X]
[118,F,0.105145,00000001,10.5145,X]
[66,F,0.112905,00001100,11.2905,X]
[67,F,0.115834,00001100,11.5834,X]
[103,F,0.122723,00000010,12.2723,X]
[4,F,0.150014,11110000,15.0014,X]
[104,F,0.15202,00000010,15.202,X]
[68,F,0.164662,00001100,16.4662,X]
[5,F,0.169545,11110000,16.9545,X]
[119,F,0.169598,00000001,16.9598,X]
[120,F,0.171552,00000001,17.1552,X]
[69,F,0.173452,00001100,17.3452,X]
[70,F,0.210561,00001100,21.0561,X]
[6,F,0.22108,11100000,22.108,X]
[46,F,0.224986,00010000,22.4986,X]
[105,F,0.229169,00000010,22.9169,X]
[106,F,0.232098,00000010,23.2098,X]
[71,F,0.233998,00001100,23.3998,X]
[7,F,0.25233,11100000,25.233,X]
[72,F,0.271108,00001100,27.1108,X]
[8,F,0.272838,11100000,27.2838,X]
[47,F,0.274791,00010000,27.4791,X]
[73,F,0.297475,00001100,29.7475,X]
[9,F,0.300181,11100000,30.0181,X]
[74,F,0.301381,00001100,30.1381,X]
[48,F,0.303111,00010000,30.3111,X]
[75,F,0.308217,00001100,30.8217,X]
[76,F,0.311147,00001100,31.1147,X]
[121,F,0.312177,00000001,31.2177,X]
[77,F,0.31603,00001100,31.603,X]
[78,F,0.329702,00001100,32.9702,X]
[10,F,0.338267,11100000,33.8267,X]
[11,F,0.359752,11100000,35.9752,X]
[79,F,0.359975,00001100,35.9975,X]
[12,F,0.360728,11100000,36.0728,X]
[80,F,0.361928,00001100,36.1928,X]
[49,F,0.363658,00010000,36.3658,X]
[81,F,0.373647,00001100,37.3647,X]
[82,F,0.37853,00001100,37.853,X]
[50,F,0.385142,00010000,38.5142,X]
[122,F,0.401044,00000001,40.1044,X]
[13,F,0.403942,11000000,40.3942,X]
[83,F,0.423452,00001100,42.3452,X]
[107,F,0.441083,00000010,44.1083,X]
[108,F,0.446942,00000010,44.6942,X]
[31,F,0.447887,00100000,44.7888,X]
[32,F,0.4557,00100000,45.57,X]
[109,F,0.456708,00000010,45.6708,X]
[123,F,0.458661,00000001,45.8661,X]
[51,F,0.467173,00010000,46.7173,X]
[124,F,0.47038,00000001,47.038,X]
[125,F,0.477216,00000001,47.7216,X]
[14,F,0.496716,11000000,49.6716,X]
[126,F,0.4987,00000001,49.87,X]
[52,F,0.509166,00010000,50.9166,X]
[127,F,0.526044,00000001,52.6044,X]
[15,F,0.527966,11000000,52.7966,X]
[16,F,0.533825,11000000,53.3825,X]
[128,F,0.533856,00000001,53.3856,X]
[110,F,0.534833,00000010,53.4833,X]
[53,F,0.543345,00010000,54.3345,X]
[17,F,0.568005,11000000,56.8005,X]
[84,F,0.568959,00001100,56.8959,X]
[129,F,0.579755,00000001,57.9755,X]
[54,F,0.580455,00010000,58.0455,X]
[33,F,0.597302,00100000,59.7302,X]
[18,F,0.607067,11000000,60.7067,X]
[19,F,0.612927,11000000,61.2927,X]
[34,F,0.612927,00100000,61.2927,X]
[93,F,0.620186,00000100,62.0186,X]
[35,F,0.624645,00100000,62.4645,X]
[36,F,0.629528,00100000,62.9528,X]
[130,F,0.631513,00000001,63.1513,X]
[37,F,0.635387,00100000,63.5388,X]
[38,F,0.648083,00100000,64.8083,X]
[111,F,0.65788,00000010,65.788,X]
[131,F,0.660809,00000001,66.0809,X]
[20,F,0.669567,11000000,66.9567,X]
[39,F,0.67152,00100000,67.152,X]
[112,F,0.675458,00000010,67.5458,X]
[40,F,0.676403,00100000,67.6403,X]
[85,F,0.67878,00001000,67.878,X]
[55,F,0.688853,00010000,68.8853,X]
[41,F,0.699841,00100000,69.9841,X]
[94,F,0.7071,00000100,70.71,X]
[56,F,0.713267,00010000,71.3267,X]
[95,F,0.722725,00000100,72.2725,X]
[113,F,0.727216,00000010,72.7216,X]
[57,F,0.75233,00010000,75.233,X]
[58,F,0.765025,00010000,76.5025,X]
[21,F,0.767223,11000000,76.7223,X]
[132,F,0.770184,00000001,77.0184,X]
[22,F,0.778942,11000000,77.8942,X]
[96,F,0.779366,00000100,77.9366,X]
[42,F,0.780895,00100000,78.0895,X]
[133,F,0.780927,00000001,78.0927,X]
[59,F,0.782603,00010000,78.2603,X]
[60,F,0.78358,00010000,78.358,X]
[61,F,0.786509,00010000,78.6509,X]
[134,F,0.788739,00000001,78.8739,X]
[97,F,0.791084,00000100,79.1084,X]
[114,F,0.804364,00000010,80.4364,X]
[135,F,0.804364,00000001,80.4364,X]
[23,F,0.823864,11000000,82.3864,X]
[86,F,0.848702,00001000,84.8702,X]
[43,F,0.876598,00100000,87.6598,X]
[87,F,0.877998,00001000,87.7998,X]
[24,F,0.883642,10000000,88.3642,X]
[136,F,0.896161,00000001,89.6161,X]
[25,F,0.897314,10000000,89.7314,X]
[29,F,0.903173,01000000,90.3173,X]
[88,F,0.906319,00001000,90.6319,X]
[30,F,0.913916,01000000,91.3916,X]
[137,F,0.922528,00000001,92.2528,X]
[44,F,0.923473,00100000,92.3473,X]
[98,F,0.926827,00000100,92.6827,X]
[99,F,0.92878,00000100,92.878,X]
[138,F,0.935223,00000001,93.5223,X]
[26,F,0.9354,10000000,93.54,X]
[62,F,0.944713,00010000,94.4713,X]
[27,F,0.956884,10000000,95.6884,X]
[45,F,0.95863,00100000,95.863,X]
[28,F,0.96665,10000000,96.665,X]
[89,F,0.967842,00001000,96.7842,X]
[63,F,0.96815,00010000,96.815,X]
[90,F,0.968819,00001000,96.8819,X]
[139,F,0.971356,00000001,97.1356,X]
[100,F,0.972725,00000100,97.2725,X]
[64,F,0.974009,00010000,97.4009,X]
[140,F,0.974286,00000001,97.4286,X]
[115,F,0.986005,00000010,98.6005,X]
[65,F,0.986705,00010000,98.6705,X]
[91,F,0.98835,00001000,98.835,X]
[92,F,0.992256,00001000,99.2256,X]
[101,F,0.996162,00000100,99.6162,X]
GUIDE_TREE_PARTITION1=(((((t1:12.71,t2:12.71):47.97,t3:60.68):20.63,t4:81.31):12.38,(t5:41.79,t6:41.79):51.9):6.31,(t7:93.88,t8:93.88):6.12);
