Taxa bit representation:
t1 10000000
t2 01000000
t3 00100000
t4 00010000
t5 00001000
t6 00000100
t7 00000010
t8 00000001
Clade List (<taxon members> = <clade name>): 

>Dataset_0
[16,F,0.112497,00110000,11.2497,X]
[36,F,0.122975,00000011,12.2975,X]
[27,F,0.123952,00001100,12.3952,X]
[9,F,0.192252,01000000,19.2252,X]
[17,F,0.228708,00110000,22.8708,X]
[37,F,0.22942,00000011,22.942,X]
[10,F,0.232291,01000000,23.2291,X]
[18,F,0.240427,00110000,24.0427,X]
[19,F,0.246286,00110000,24.6286,X]
[28,F,0.278248,00001100,27.8248,X]
[38,F,0.279225,00000011,27.9225,X]
[20,F,0.288278,00110000,28.8278,X]
[39,F,0.290944,00000011,29.0944,X]
[21,F,0.366403,00110000,36.6403,X]
[40,F,0.371022,00000011,37.1022,X]
[22,F,0.404489,00110000,40.4489,X]
[29,F,0.410084,00001100,41.0084,X]
[23,F,0.410348,00110000,41.0348,X]
[0,F,0.418814,10000000,41.8814,X]
[1,F,0.42858,10000000,42.858,X]
[30,F,0.507741,00001100,50.7741,X]
[11,F,0.551627,01000000,55.1627,X]
[41,F,0.551686,00000011,55.1686,X]
[2,F,0.556509,10000000,55.6509,X]
[3,F,0.565298,10000000,56.5298,X]
[24,F,0.567575,00110000,56.7575,X]
[42,F,0.636647,00000011,63.6647,X]
[4,F,0.64147,10000000,64.147,X]
[31,F,0.653248,00001100,65.3248,X]
[43,F,0.655202,00000011,65.5202,X]
[5,F,0.67565,10000000,67.565,X]
[12,F,0.693228,01000000,69.3228,X]
[6,F,0.705923,10000000,70.5923,X]
[7,F,0.727408,10000000,72.7408,X]
[44,F,0.748952,00000011,74.8952,X]
[25,F,0.749216,00110000,74.9216,X]
[45,F,0.812428,00000011,81.2428,X]
[32,F,0.82903,00001100,82.903,X]
[46,F,0.831959,00000011,83.1959,X]
[33,F,0.837819,00001100,83.7819,X]
[47,F,0.853444,00000011,85.3444,X]
[34,F,0.898366,00001100,89.8366,X]
[13,F,0.907095,01000000,90.7095,X]
[8,F,0.911002,10000000,91.1002,X]
[26,F,0.937994,00100000,93.7994,X]
[48,F,0.93997,00000010,93.997,X]
[49,F,0.953642,00000001,95.3642,X]
[14,F,0.957877,01000000,95.7877,X]
[35,F,0.981128,00000100,98.1128,X]
[15,F,0.98815,01000000,98.815,X]
GUIDE_TREE_PARTITION1=(((t1:85.56,t2:85.56):6.12,(t3:18.31,t4:18.31):73.37):8.32,((t5:6.77,t6:6.77):85.62,(t7:11.96,t8:11.96):80.43):7.61);
