Taxa bit representation:
t1 10000000
t2 01000000
t3 00100000
t4 00010000
t5 00001000
t6 00000100
t7 00000010
t8 00000001
Clade List (<taxon members> = <clade name>): 

>Dataset_0
[81,F,0.0117188,00001111,1.17188,X]
[0,F,0.0136719,11110000,1.36719,X]
[1,F,0.0166016,11110000,1.66016,X]
[2,F,0.0205078,11110000,2.05078,X]
[82,F,0.0703125,00001111,7.03125,X]
[3,F,0.0898438,11110000,8.98438,X]
[83,F,0.130859,00001111,13.0859,X]
[4,F,0.131836,11110000,13.1836,X]
[84,F,0.133789,00001111,13.3789,X]
[5,F,0.134766,11110000,13.4766,X]
[6,F,0.158203,11110000,15.8203,X]
[85,F,0.185547,00001111,18.5547,X]
[7,F,0.198242,11110000,19.8242,X]
[86,F,0.220703,00001111,22.0703,X]
[87,F,0.245117,00001111,24.5117,X]
[8,F,0.247578,11000000,24.7578,X]
[88,F,0.254883,00001111,25.4883,X]
[9,F,0.271016,11000000,27.1016,X]
[47,F,0.274922,00110000,27.4922,X]
[48,F,0.286641,00110000,28.6641,X]
[89,F,0.296875,00001111,29.6875,X]
[27,F,0.316084,01000000,31.6084,X]
[90,F,0.326172,00001111,32.6172,X]
[28,F,0.331709,01000000,33.1709,X]
[49,F,0.354023,00110000,35.4023,X]
[91,F,0.388672,00001111,38.8672,X]
[29,F,0.404952,01000000,40.4952,X]
[92,F,0.408203,00001111,40.8203,X]
[10,F,0.4196,10000000,41.96,X]
[11,F,0.42253,10000000,42.253,X]
[50,F,0.435078,00110000,43.5078,X]
[12,F,0.454756,10000000,45.4756,X]
[13,F,0.467452,10000000,46.7452,X]
[14,F,0.481123,10000000,48.1123,X]
[93,F,0.481445,00001111,48.1445,X]
[51,F,0.491719,00110000,49.1719,X]
[15,F,0.493819,10000000,49.3819,X]
[16,F,0.514327,10000000,51.4327,X]
[52,F,0.516133,00110000,51.6133,X]
[30,F,0.527998,01000000,52.7998,X]
[31,F,0.529952,01000000,52.9952,X]
[17,F,0.530928,10000000,53.0928,X]
[53,F,0.538594,00110000,53.8594,X]
[94,F,0.540039,00001111,54.0039,X]
[32,F,0.548506,01000000,54.8506,X]
[54,F,0.555989,00100000,55.5989,X]
[95,F,0.556641,00001111,55.6641,X]
[33,F,0.582686,01000000,58.2686,X]
[34,F,0.587569,01000000,58.7569,X]
[55,F,0.594075,00100000,59.4075,X]
[18,F,0.612959,10000000,61.2959,X]
[19,F,0.613936,10000000,61.3936,X]
[96,F,0.636719,00001111,63.6719,X]
[69,F,0.637044,00010000,63.7044,X]
[56,F,0.63802,00100000,63.802,X]
[70,F,0.64095,00010000,64.095,X]
[97,F,0.651367,00001111,65.1367,X]
[98,F,0.652344,00001111,65.2344,X]
[57,F,0.658528,00100000,65.8528,X]
[71,F,0.666341,00010000,66.6341,X]
[20,F,0.685225,10000000,68.5225,X]
[35,F,0.685225,01000000,68.5225,X]
[58,F,0.694661,00100000,69.4661,X]
[21,F,0.698897,10000000,69.8897,X]
[72,F,0.705403,00010000,70.5403,X]
[73,F,0.709309,00010000,70.9309,X]
[109,F,0.717775,00000011,71.7775,X]
[110,F,0.720705,00000011,72.0705,X]
[74,F,0.73177,00010000,73.177,X]
[99,F,0.740236,00001100,74.0236,X]
[75,F,0.744466,00010000,74.4466,X]
[36,F,0.746748,01000000,74.6748,X]
[37,F,0.775069,01000000,77.5069,X]
[59,F,0.778645,00100000,77.8645,X]
[22,F,0.780928,10000000,78.0928,X]
[23,F,0.785811,10000000,78.5811,X]
[111,F,0.788088,00000011,78.8088,X]
[60,F,0.788411,00100000,78.8411,X]
[112,F,0.793947,00000011,79.3947,X]
[76,F,0.799153,00010000,79.9153,X]
[113,F,0.800783,00000011,80.0783,X]
[38,F,0.801436,01000000,80.1436,X]
[114,F,0.801759,00000011,80.1759,X]
[39,F,0.802412,01000000,80.2412,X]
[115,F,0.811525,00000011,81.1525,X]
[100,F,0.822267,00001100,82.2267,X]
[77,F,0.822591,00010000,82.2591,X]
[61,F,0.829427,00100000,82.9427,X]
[40,F,0.837569,01000000,83.7569,X]
[24,F,0.839522,10000000,83.9522,X]
[101,F,0.848634,00001100,84.8634,X]
[116,F,0.850588,00000011,85.0588,X]
[41,F,0.85417,01000000,85.417,X]
[78,F,0.854817,00010000,85.4817,X]
[102,F,0.8584,00001100,85.84,X]
[62,F,0.8597,00100000,85.97,X]
[117,F,0.869019,00000010,86.9019,X]
[63,F,0.870442,00100000,87.0442,X]
[42,F,0.882491,01000000,88.2491,X]
[118,F,0.882691,00000010,88.2691,X]
[64,F,0.883138,00100000,88.3137,X]
[65,F,0.892903,00100000,89.2903,X]
[43,F,0.902022,01000000,90.2022,X]
[44,F,0.902998,01000000,90.2998,X]
[45,F,0.903975,01000000,90.3975,X]
[66,F,0.910481,00100000,91.0481,X]
[106,F,0.910861,00000100,91.0861,X]
[25,F,0.925459,10000000,92.5459,X]
[67,F,0.927083,00100000,92.7083,X]
[119,F,0.937378,00000010,93.7378,X]
[26,F,0.939131,10000000,93.9131,X]
[107,F,0.942111,00000100,94.2111,X]
[123,F,0.953003,00000001,95.3003,X]
[108,F,0.954806,00000100,95.4806,X]
[79,F,0.968098,00010000,96.8098,X]
[120,F,0.971558,00000010,97.1558,X]
[121,F,0.972534,00000010,97.2534,X]
[103,F,0.973361,00001000,97.3361,X]
[80,F,0.973958,00010000,97.3958,X]
[68,F,0.976888,00100000,97.6887,X]
[104,F,0.97922,00001000,97.922,X]
[46,F,0.9821,01000000,98.21,X]
[105,F,0.986056,00001000,98.6056,X]
[122,F,0.994019,00000010,99.4019,X]
GUIDE_TREE_PARTITION1=(((t1:70.54,t2:70.54):6.46,(t3:45.28,t4:45.28):31.72):23,((t5:11.16,t6:11.16):21.75,(t7:14.27,t8:14.27):18.64):67.09);
