Taxa bit representation:
t1 10000000
t2 01000000
t3 00100000
t4 00010000
t5 00001000
t6 00000100
t7 00000010
t8 00000001
Clade List (<taxon members> = <clade name>): 

>Dataset_0
[0,F,0.0253906,11111110,2.53906,X]
[41,F,0.125,00000001,12.5,X]
[42,F,0.125977,00000001,12.5977,X]
[43,F,0.192383,00000001,19.2383,X]
[1,F,0.23953,11111000,23.953,X]
[25,F,0.246366,00000100,24.6366,X]
[2,F,0.253202,11111000,25.3202,X]
[3,F,0.274686,11111000,27.4686,X]
[4,F,0.303006,11111000,30.3006,X]
[26,F,0.322537,00000100,32.2537,X]
[29,F,0.366097,00000010,36.6097,X]
[44,F,0.371094,00000001,37.1094,X]
[45,F,0.427734,00000001,42.7734,X]
[30,F,0.43055,00000010,43.055,X]
[31,F,0.472542,00000010,47.2542,X]
[32,F,0.474495,00000010,47.4495,X]
[46,F,0.538086,00000001,53.8086,X]
[47,F,0.545898,00000001,54.5898,X]
[5,F,0.621466,11100000,62.1466,X]
[6,F,0.628302,11100000,62.8302,X]
[18,F,0.64002,00010000,64.002,X]
[48,F,0.645508,00000001,64.5508,X]
[19,F,0.661505,00010000,66.1505,X]
[11,F,0.670178,01000000,67.0178,X]
[21,F,0.680037,00001000,68.0037,X]
[33,F,0.7118,00000010,71.18,X]
[49,F,0.719727,00000001,71.9727,X]
[27,F,0.7366,00000100,73.66,X]
[20,F,0.741583,00010000,74.1583,X]
[22,F,0.745467,00001000,74.5467,X]
[50,F,0.751953,00000001,75.1953,X]
[51,F,0.767578,00000001,76.7578,X]
[7,F,0.768811,10000000,76.8811,X]
[28,F,0.79617,00000100,79.617,X]
[12,F,0.798108,01000000,79.8108,X]
[52,F,0.798828,00000001,79.8828,X]
[8,F,0.800061,10000000,80.0061,X]
[23,F,0.819686,00001000,81.9686,X]
[24,F,0.861678,00001000,86.1678,X]
[13,F,0.864514,01000000,86.4514,X]
[34,F,0.871956,00000010,87.1956,X]
[35,F,0.877816,00000010,87.7816,X]
[36,F,0.888558,00000010,88.8558,X]
[14,F,0.888928,01000000,88.8928,X]
[9,F,0.913342,10000000,91.3342,X]
[15,F,0.920178,01000000,92.0178,X]
[37,F,0.943245,00000010,94.3245,X]
[38,F,0.954964,00000010,95.4964,X]
[39,F,0.959847,00000010,95.9847,X]
[16,F,0.972912,01000000,97.2912,X]
[40,F,0.974495,00000010,97.4495,X]
[17,F,0.984631,01000000,98.4631,X]
[10,F,0.998303,10000000,99.8303,X]
GUIDE_TREE_PARTITION1=(((((((t1:34.74,t2:34.74):1.48,t3:36.22):8.86,t4:45.08):1.76,t5:46.84):29.5,t6:76.34):2.48,t7:78.82):21.18,t8:100);
