Taxa bit representation:
t1 10000000
t2 01000000
t3 00100000
t4 00010000
t5 00001000
t6 00000100
t7 00000010
t8 00000001
Clade List (<taxon members> = <clade name>): 

>Dataset_0
[82,F,0.0205078,00000011,2.05078,X]
[83,F,0.0224609,00000011,2.24609,X]
[84,F,0.0673828,00000011,6.73828,X]
[0,F,0.0985031,11110000,9.85031,X]
[53,F,0.100456,00001100,10.0456,X]
[85,F,0.115234,00000011,11.5234,X]
[54,F,0.122917,00001100,12.2917,X]
[86,F,0.136719,00000011,13.6719,X]
[1,F,0.137566,11110000,13.7566,X]
[87,F,0.148438,00000011,14.8438,X]
[2,F,0.152214,11110000,15.2214,X]
[88,F,0.152344,00000011,15.2344,X]
[3,F,0.164909,11110000,16.4909,X]
[89,F,0.166016,00000011,16.6016,X]
[4,F,0.166862,11110000,16.6863,X]
[55,F,0.167839,00001100,16.7839,X]
[90,F,0.175781,00000011,17.5781,X]
[91,F,0.178711,00000011,17.8711,X]
[5,F,0.183464,11110000,18.3464,X]
[56,F,0.198112,00001100,19.8113,X]
[6,F,0.201042,11110000,20.1042,X]
[92,F,0.230469,00000011,23.0469,X]
[7,F,0.243034,11110000,24.3034,X]
[8,F,0.245964,11110000,24.5964,X]
[57,F,0.268425,00001100,26.8425,X]
[9,F,0.278191,11110000,27.8191,X]
[58,F,0.302605,00001100,30.2605,X]
[59,F,0.319206,00001100,31.9206,X]
[10,F,0.330925,11110000,33.0925,X]
[93,F,0.334961,00000011,33.4961,X]
[11,F,0.338738,11110000,33.8738,X]
[60,F,0.355339,00001100,35.5339,X]
[94,F,0.379883,00000011,37.9883,X]
[12,F,0.389519,11110000,38.9519,X]
[13,F,0.400261,11110000,40.0261,X]
[95,F,0.418945,00000011,41.8945,X]
[61,F,0.425652,00001100,42.5652,X]
[14,F,0.439323,11110000,43.9323,X]
[106,F,0.443283,00000001,44.3283,X]
[15,F,0.455925,11110000,45.5925,X]
[96,F,0.457931,00000010,45.7931,X]
[107,F,0.464767,00000001,46.4767,X]
[16,F,0.480339,11110000,48.0339,X]
[108,F,0.484298,00000001,48.4298,X]
[17,F,0.492058,11110000,49.2058,X]
[62,F,0.495964,00001100,49.5964,X]
[109,F,0.508713,00000001,50.8713,X]
[18,F,0.513542,11110000,51.3542,X]
[110,F,0.521408,00000001,52.1408,X]
[111,F,0.539963,00000001,53.9963,X]
[63,F,0.548698,00001100,54.8698,X]
[19,F,0.562327,11100000,56.2327,X]
[20,F,0.572092,11100000,57.2092,X]
[97,F,0.588791,00000010,58.8791,X]
[98,F,0.604416,00000010,60.4416,X]
[21,F,0.605295,11100000,60.5295,X]
[43,F,0.612131,00010000,61.2131,X]
[99,F,0.626877,00000010,62.6877,X]
[100,F,0.663986,00000010,66.3986,X]
[44,F,0.676584,00010000,67.6584,X]
[64,F,0.680534,00001100,68.0534,X]
[112,F,0.6884,00000001,68.84,X]
[45,F,0.713694,00010000,71.3694,X]
[22,F,0.716623,11100000,71.6623,X]
[65,F,0.728386,00001100,72.8386,X]
[66,F,0.737175,00001100,73.7175,X]
[23,F,0.74592,11100000,74.592,X]
[101,F,0.746994,00000010,74.6994,X]
[67,F,0.754753,00001100,75.4753,X]
[68,F,0.759636,00001100,75.9636,X]
[113,F,0.767502,00000001,76.7502,X]
[24,F,0.772287,11100000,77.2287,X]
[69,F,0.783783,00001000,78.3783,X]
[76,F,0.795502,00000100,79.5502,X]
[70,F,0.796478,00001000,79.6478,X]
[46,F,0.796702,00010000,79.6702,X]
[114,F,0.796798,00000001,79.6798,X]
[47,F,0.801584,00010000,80.1584,X]
[102,F,0.811447,00000010,81.1447,X]
[71,F,0.815033,00001000,81.5033,X]
[103,F,0.815353,00000010,81.5353,X]
[25,F,0.819162,11100000,81.9162,X]
[26,F,0.829905,11100000,82.9905,X]
[104,F,0.851486,00000010,85.1486,X]
[77,F,0.865814,00000100,86.5814,X]
[48,F,0.866037,00010000,86.6037,X]
[72,F,0.873627,00001000,87.3627,X]
[49,F,0.882639,00010000,88.2639,X]
[115,F,0.886642,00000001,88.6642,X]
[33,F,0.89135,00100000,89.135,X]
[34,F,0.893303,00100000,89.3303,X]
[35,F,0.895256,00100000,89.5256,X]
[78,F,0.90097,00000100,90.097,X]
[105,F,0.901291,00000010,90.1291,X]
[36,F,0.907952,00100000,90.7952,X]
[116,F,0.909103,00000001,90.9103,X]
[117,F,0.915939,00000001,91.5939,X]
[118,F,0.916916,00000001,91.6916,X]
[79,F,0.919525,00000100,91.9525,X]
[27,F,0.923577,11000000,92.3577,X]
[28,F,0.92553,11000000,92.553,X]
[119,F,0.931564,00000001,93.1564,X]
[37,F,0.933342,00100000,93.3342,X]
[38,F,0.934319,00100000,93.4319,X]
[50,F,0.937327,00010000,93.7327,X]
[29,F,0.95385,11000000,95.385,X]
[39,F,0.95385,00100000,95.385,X]
[73,F,0.962494,00001000,96.2494,X]
[40,F,0.968498,00100000,96.8498,X]
[41,F,0.981194,00100000,98.1194,X]
[30,F,0.981284,10000000,98.1284,X]
[80,F,0.983978,00000100,98.3978,X]
[74,F,0.985931,00001000,98.5931,X]
[31,F,0.987144,10000000,98.7144,X]
[32,F,0.98812,10000000,98.812,X]
[75,F,0.996673,00001000,99.6673,X]
[51,F,0.996897,00010000,99.6897,X]
[42,F,0.997795,00100000,99.7795,X]
[52,F,0.99885,00010000,99.885,X]
[81,F,0.999603,00000100,99.9603,X]
GUIDE_TREE_PARTITION1=(((((t1:4.02,t2:4.02):9.97,t3:13.99):33,t4:46.99):46.48,(t5:22.11,t6:22.11):71.36):6.53,(t7:56.16,t8:56.16):43.84);
