Taxa bit representation:
t1 10000000
t2 01000000
t3 00100000
t4 00010000
t5 00001000
t6 00000100
t7 00000010
t8 00000001
Clade List (<taxon members> = <clade name>): 

>Dataset_0
[0,F,0.00488281,11111100,0.488281,X]
[1,F,0.0537109,11111100,5.37109,X]
[31,F,0.0841781,00000010,8.41781,X]
[46,F,0.131053,00000001,13.1053,X]
[2,F,0.133255,11110000,13.3255,X]
[47,F,0.140819,00000001,14.0819,X]
[21,F,0.148191,00000100,14.8191,X]
[32,F,0.168162,00000010,16.8163,X]
[22,F,0.207761,00000100,20.7761,X]
[33,F,0.210155,00000010,21.0155,X]
[3,F,0.254348,11110000,25.4348,X]
[48,F,0.263866,00000001,26.3866,X]
[13,F,0.281003,00001000,28.1003,X]
[4,F,0.303177,11110000,30.3177,X]
[49,F,0.305858,00000001,30.5858,X]
[23,F,0.318113,00000100,31.8113,X]
[50,F,0.31953,00000001,31.953,X]
[34,F,0.323436,00000010,32.3436,X]
[35,F,0.341991,00000010,34.1991,X]
[24,F,0.343503,00000100,34.3503,X]
[51,F,0.359569,00000001,35.9569,X]
[52,F,0.378123,00000001,37.8123,X]
[53,F,0.41035,00000001,41.035,X]
[36,F,0.482616,00000010,48.2616,X]
[5,F,0.483841,11110000,48.3841,X]
[6,F,0.494583,11110000,49.4583,X]
[25,F,0.498777,00000100,49.8777,X]
[14,F,0.511472,00001000,51.1472,X]
[37,F,0.528514,00000010,52.8514,X]
[38,F,0.542186,00000010,54.2186,X]
[15,F,0.582761,00001000,58.2761,X]
[39,F,0.595897,00000010,59.5897,X]
[40,F,0.614452,00000010,61.4452,X]
[16,F,0.627683,00001000,62.7683,X]
[26,F,0.641355,00000100,64.1355,X]
[17,F,0.647214,00001000,64.7214,X]
[41,F,0.651561,00000010,65.1561,X]
[54,F,0.656444,00000001,65.6444,X]
[18,F,0.666745,00001000,66.6745,X]
[27,F,0.672605,00000100,67.2605,X]
[55,F,0.674998,00000001,67.4998,X]
[42,F,0.679881,00000010,67.9881,X]
[56,F,0.697459,00000001,69.7459,X]
[7,F,0.710728,11100000,71.0728,X]
[8,F,0.712681,11100000,71.2681,X]
[19,F,0.741941,00001000,74.1941,X]
[57,F,0.756053,00000001,75.6053,X]
[43,F,0.796092,00000010,79.6092,X]
[9,F,0.817195,11000000,81.7195,X]
[28,F,0.861081,00000100,86.1081,X]
[29,F,0.865964,00000100,86.5964,X]
[11,F,0.908992,00100000,90.8992,X]
[58,F,0.921092,00000001,92.1092,X]
[30,F,0.922605,00000100,92.2605,X]
[44,F,0.949412,00000010,94.9412,X]
[45,F,0.964061,00000010,96.4061,X]
[20,F,0.973386,00001000,97.3386,X]
[12,F,0.981236,00010000,98.1236,X]
[10,F,0.988533,01000000,98.8533,X]
GUIDE_TREE_PARTITION1=(((((t1:4.76,t2:4.76):14.79,t3:19.55):20.51,t4:40.06):48.47,(t5:87.72,t6:87.72):0.81):11.47,(t7:93.34,t8:93.34):6.66);
