Taxa bit representation:
t1 10000000
t2 01000000
t3 00100000
t4 00010000
t5 00001000
t6 00000100
t7 00000010
t8 00000001
Clade List (<taxon members> = <clade name>): 

>Dataset_0
[47,F,0.0234375,00000011,2.34375,X]
[48,F,0.0273438,00000011,2.73438,X]
[0,F,0.0881391,11100000,8.81391,X]
[21,F,0.0900922,00010000,9.00922,X]
[31,F,0.0924125,00001100,9.24125,X]
[22,F,0.135991,00010000,13.5991,X]
[1,F,0.177983,11100000,17.7983,X]
[32,F,0.192022,00001100,19.2022,X]
[33,F,0.24378,00001100,24.378,X]
[23,F,0.26685,00010000,26.685,X]
[34,F,0.307256,00001100,30.7256,X]
[13,F,0.321223,00100000,32.1223,X]
[35,F,0.336553,00001100,33.6553,X]
[14,F,0.345637,00100000,34.5637,X]
[49,F,0.351562,00000011,35.1562,X]
[2,F,0.365169,11000000,36.5169,X]
[24,F,0.368413,00010000,36.8413,X]
[15,F,0.383723,00100000,38.3723,X]
[36,F,0.386358,00001100,38.6358,X]
[3,F,0.399348,11000000,39.9348,X]
[50,F,0.418945,00000011,41.8945,X]
[25,F,0.421147,00010000,42.1147,X]
[51,F,0.429688,00000011,42.9688,X]
[26,F,0.464116,00010000,46.4116,X]
[4,F,0.464778,11000000,46.4778,X]
[16,F,0.466731,00100000,46.6731,X]
[37,F,0.485967,00001100,48.5967,X]
[38,F,0.529913,00001100,52.9913,X]
[52,F,0.541016,00000011,54.1016,X]
[5,F,0.550716,11000000,55.0716,X]
[39,F,0.561163,00001100,56.1163,X]
[40,F,0.608038,00001100,60.8038,X]
[17,F,0.621028,00100000,62.1028,X]
[18,F,0.632747,00100000,63.2747,X]
[41,F,0.652959,00001100,65.2959,X]
[6,F,0.654442,10000000,65.4442,X]
[7,F,0.669091,10000000,66.9091,X]
[42,F,0.682256,00001100,68.2256,X]
[27,F,0.713139,00010000,71.3139,X]
[19,F,0.733333,00100000,73.3333,X]
[43,F,0.734014,00001100,73.4014,X]
[53,F,0.768555,00000011,76.8555,X]
[44,F,0.76917,00001100,76.917,X]
[8,F,0.801903,10000000,80.1903,X]
[9,F,0.813622,10000000,81.3622,X]
[28,F,0.816655,00010000,81.6655,X]
[45,F,0.817022,00001100,81.7022,X]
[29,F,0.878178,00010000,87.8178,X]
[30,F,0.887944,00010000,88.7944,X]
[54,F,0.899414,00000011,89.9414,X]
[20,F,0.903255,00100000,90.3255,X]
[55,F,0.920898,00000011,92.0898,X]
[10,F,0.936669,10000000,93.6669,X]
[46,F,0.941045,00001100,94.1045,X]
[11,F,0.955223,10000000,95.5223,X]
[56,F,0.957031,00000011,95.7031,X]
[57,F,0.964844,00000011,96.4844,X]
[12,F,0.968895,01000000,96.8895,X]
GUIDE_TREE_PARTITION1=(((((t1:41.88,t2:41.88):32.15,t3:74.03):21.16,t4:95.19):2.6,(t5:2.76,t6:2.76):95.03):2.21,(t7:2.8,t8:2.8):97.2);
