Taxa bit representation:
t1 10000000
t2 01000000
t3 00100000
t4 00010000
t5 00001000
t6 00000100
t7 00000010
t8 00000001
Clade List (<taxon members> = <clade name>): 

>Dataset_0
[0,F,0.0244141,11111100,2.44141,X]
[14,F,0.183378,00000010,18.3378,X]
[15,F,0.191191,00000010,19.1191,X]
[1,F,0.197427,11110000,19.7427,X]
[11,F,0.201333,00001100,20.1333,X]
[16,F,0.229277,00000010,22.9277,X]
[17,F,0.232206,00000010,23.2206,X]
[19,F,0.239042,00000001,23.9042,X]
[7,F,0.377689,00010000,37.7689,X]
[20,F,0.407987,00000001,40.7987,X]
[8,F,0.411869,00010000,41.1869,X]
[9,F,0.509525,00010000,50.9525,X]
[4,F,0.56022,01000000,56.022,X]
[18,F,0.69705,00000010,69.705,X]
[5,F,0.793619,01000000,79.3619,X]
[21,F,0.802519,00000001,80.2519,X]
[10,F,0.816166,00010000,81.6166,X]
[12,F,0.827303,00001000,82.7303,X]
[6,F,0.89562,00100000,89.562,X]
[2,F,0.927408,10000000,92.7408,X]
[22,F,0.928495,00000001,92.8495,X]
[3,F,0.951822,10000000,95.1822,X]
[23,F,0.977323,00000001,97.7323,X]
[13,F,0.994295,00000100,99.4295,X]
GUIDE_TREE_PARTITION1=(((((t1:53.06,t2:53.06):3.96,t3:57.02):12.34,t4:69.36):20.37,(t5:26.84,t6:26.84):62.89):10.27,(t7:83.42,t8:83.42):16.58);
