Taxa bit representation:
t1 10000000
t2 01000000
t3 00100000
t4 00010000
t5 00001000
t6 00000100
t7 00000010
t8 00000001
Clade List (<taxon members> = <clade name>): 

>Dataset_0
[0,F,0.0544813,11000000,5.44813,X]
[57,F,0.0946031,00010000,9.46031,X]
[58,F,0.0975328,00010000,9.75328,X]
[1,F,0.105262,11000000,10.5262,X]
[59,F,0.110228,00010000,11.0228,X]
[2,F,0.135536,11000000,13.5536,X]
[38,F,0.141478,00100000,14.1478,X]
[3,F,0.143348,11000000,14.3348,X]
[60,F,0.143431,00010000,14.3431,X]
[61,F,0.145384,00010000,14.5384,X]
[4,F,0.154091,11000000,15.4091,X]
[62,F,0.157103,00010000,15.7103,X]
[83,F,0.15918,00001111,15.918,X]
[39,F,0.164916,00100000,16.4916,X]
[5,F,0.201942,11000000,20.1942,X]
[63,F,0.207884,00010000,20.7884,X]
[84,F,0.208984,00001111,20.8984,X]
[85,F,0.223633,00001111,22.3633,X]
[40,F,0.233275,00100000,23.3275,X]
[41,F,0.238158,00100000,23.8158,X]
[86,F,0.260742,00001111,26.0742,X]
[22,F,0.288659,01000000,28.8659,X]
[23,F,0.300378,01000000,30.0378,X]
[6,F,0.304284,10000000,30.4284,X]
[64,F,0.313353,00010000,31.3353,X]
[24,F,0.31405,01000000,31.405,X]
[87,F,0.319336,00001111,31.9336,X]
[42,F,0.331908,00100000,33.1908,X]
[65,F,0.351439,00010000,35.1439,X]
[66,F,0.359252,00010000,35.9252,X]
[7,F,0.380456,10000000,38.0456,X]
[88,F,0.380859,00001111,38.0859,X]
[89,F,0.40332,00001111,40.332,X]
[8,F,0.408777,10000000,40.8777,X]
[9,F,0.412683,10000000,41.2683,X]
[43,F,0.431517,00100000,43.1517,X]
[67,F,0.43347,00010000,43.347,X]
[25,F,0.437097,01000000,43.7097,X]
[26,F,0.444909,01000000,44.4909,X]
[90,F,0.44748,00001100,44.748,X]
[10,F,0.447839,10000000,44.7839,X]
[112,F,0.450409,00000011,45.0409,X]
[11,F,0.455652,10000000,45.5652,X]
[27,F,0.457605,01000000,45.7605,X]
[113,F,0.459198,00000011,45.9198,X]
[68,F,0.46765,00010000,46.765,X]
[12,F,0.469323,10000000,46.9323,X]
[28,F,0.471277,01000000,47.1277,X]
[91,F,0.473847,00001100,47.3847,X]
[114,F,0.474823,00000011,47.4823,X]
[69,F,0.480345,00010000,48.0345,X]
[44,F,0.482298,00100000,48.2298,X]
[70,F,0.483275,00010000,48.3275,X]
[115,F,0.486542,00000011,48.6542,X]
[45,F,0.492064,00100000,49.2064,X]
[116,F,0.498261,00000011,49.8261,X]
[29,F,0.499597,01000000,49.9597,X]
[117,F,0.502167,00000011,50.2167,X]
[71,F,0.508666,00010000,50.8666,X]
[13,F,0.515222,10000000,51.5222,X]
[46,F,0.542845,00100000,54.2845,X]
[72,F,0.551634,00010000,55.1634,X]
[118,F,0.562714,00000011,56.2714,X]
[47,F,0.567259,00100000,56.7259,X]
[92,F,0.575409,00001100,57.5409,X]
[48,F,0.584838,00100000,58.4838,X]
[119,F,0.585175,00000011,58.5175,X]
[14,F,0.593347,10000000,59.3347,X]
[49,F,0.599486,00100000,59.9486,X]
[30,F,0.600183,01000000,60.0183,X]
[120,F,0.606659,00000011,60.6659,X]
[15,F,0.607019,10000000,60.7019,X]
[121,F,0.621308,00000011,62.1308,X]
[50,F,0.624877,00100000,62.4877,X]
[73,F,0.641478,00010000,64.1478,X]
[93,F,0.647675,00001100,64.7675,X]
[74,F,0.672728,00010000,67.2728,X]
[51,F,0.677611,00100000,67.7611,X]
[99,F,0.686142,00000100,68.6142,X]
[100,F,0.697861,00000100,69.7861,X]
[122,F,0.705053,00000010,70.5053,X]
[101,F,0.721298,00000100,72.1298,X]
[123,F,0.721655,00000010,72.1655,X]
[75,F,0.733275,00010000,73.3275,X]
[76,F,0.744994,00010000,74.4994,X]
[94,F,0.746689,00001000,74.6689,X]
[128,F,0.755834,00000001,75.5834,X]
[16,F,0.767175,10000000,76.7175,X]
[129,F,0.767553,00000001,76.7553,X]
[77,F,0.782103,00010000,78.2103,X]
[124,F,0.784155,00000010,78.4155,X]
[52,F,0.798705,00100000,79.8705,X]
[130,F,0.798803,00000001,79.8803,X]
[125,F,0.807592,00000010,80.7592,X]
[102,F,0.817002,00000100,81.7002,X]
[53,F,0.823119,00100000,82.3119,X]
[95,F,0.829697,00001000,82.9697,X]
[31,F,0.831628,01000000,83.1628,X]
[32,F,0.833581,01000000,83.3581,X]
[103,F,0.83458,00000100,83.458,X]
[33,F,0.836511,01000000,83.6511,X]
[78,F,0.853392,00010000,85.3392,X]
[17,F,0.857019,10000000,85.7019,X]
[34,F,0.860925,01000000,86.0925,X]
[54,F,0.861205,00100000,86.1205,X]
[35,F,0.864831,01000000,86.4831,X]
[18,F,0.87362,10000000,87.362,X]
[104,F,0.879502,00000100,87.9502,X]
[36,F,0.881433,01000000,88.1433,X]
[19,F,0.889245,10000000,88.9245,X]
[131,F,0.889623,00000001,88.9623,X]
[126,F,0.8906,00000010,89.06,X]
[20,F,0.891198,10000000,89.1198,X]
[105,F,0.895127,00000100,89.5127,X]
[132,F,0.902319,00000001,90.2319,X]
[96,F,0.902939,00001000,90.2939,X]
[55,F,0.913939,00100000,91.3939,X]
[79,F,0.915892,00010000,91.5892,X]
[21,F,0.916589,10000000,91.6589,X]
[80,F,0.921752,00010000,92.1752,X]
[56,F,0.927611,00100000,92.7611,X]
[106,F,0.942002,00000100,94.2002,X]
[97,F,0.943955,00001000,94.3955,X]
[107,F,0.944931,00000100,94.4931,X]
[108,F,0.952744,00000100,95.2744,X]
[109,F,0.967392,00000100,96.7392,X]
[110,F,0.970322,00000100,97.0322,X]
[81,F,0.974486,00010000,97.4486,X]
[37,F,0.975183,01000000,97.5183,X]
[111,F,0.975205,00000100,97.5205,X]
[98,F,0.976181,00001000,97.6181,X]
[127,F,0.979467,00000010,97.9467,X]
[133,F,0.979467,00000001,97.9467,X]
[82,F,0.982298,00010000,98.2298,X]
GUIDE_TREE_PARTITION1=(((t1:71.72,t2:71.72):27.91,(t3:93.86,t4:93.86):5.77):0.37,((t5:32.46,t6:32.46):26.21,(t7:29.69,t8:29.69):28.98):41.33);
