Taxa bit representation:
t1 10000000
t2 01000000
t3 00100000
t4 00010000
t5 00001000
t6 00000100
t7 00000010
t8 00000001
Clade List (<taxon members> = <clade name>): 

>Dataset_0
[14,F,0.129117,00000001,12.9117,X]
[3,F,0.14142,00001100,14.142,X]
[15,F,0.338102,00000001,33.8102,X]
[12,F,0.370328,00000010,37.0328,X]
[13,F,0.398648,00000010,39.8648,X]
[16,F,0.41525,00000001,41.525,X]
[8,F,0.497569,00000100,49.7569,X]
[4,F,0.575694,00001000,57.5694,X]
[9,F,0.593272,00000100,59.3272,X]
[0,F,0.614719,00100000,61.4719,X]
[17,F,0.618375,00000001,61.8375,X]
[10,F,0.703623,00000100,70.3623,X]
[5,F,0.803233,00001000,80.3233,X]
[6,F,0.807139,00001000,80.7139,X]
[7,F,0.810069,00001000,81.0069,X]
[1,F,0.900852,00100000,90.0852,X]
[2,F,0.93202,00010000,93.202,X]
[11,F,0.977061,00000100,97.7061,X]
GUIDE_TREE_PARTITION1=(((((t1:36.43,t2:36.43):15.77,t3:52.2):7.43,t4:59.63):35.31,(t5:73.29,t6:73.29):21.65):5.06,(t7:99.1,t8:99.1):0.9);
