Taxa bit representation:
t1 10000000
t2 01000000
t3 00100000
t4 00010000
t5 00001000
t6 00000100
t7 00000010
t8 00000001
Clade List (<taxon members> = <clade name>): 

>Dataset_0
[0,F,0.00488281,11111100,0.488281,X]
[1,F,0.0380844,11110000,3.80844,X]
[44,F,0.116361,00000001,11.6361,X]
[2,F,0.129881,11110000,12.9881,X]
[38,F,0.130033,00000010,13.0033,X]
[3,F,0.130858,11110000,13.0858,X]
[45,F,0.234525,00000001,23.4525,X]
[39,F,0.276517,00000010,27.6517,X]
[40,F,0.304837,00000010,30.4837,X]
[4,F,0.325469,11100000,32.5469,X]
[46,F,0.338041,00000001,33.8041,X]
[26,F,0.339842,00001100,33.9842,X]
[12,F,0.343148,00100000,34.3148,X]
[27,F,0.358397,00001100,35.8397,X]
[28,F,0.385741,00001100,38.5741,X]
[19,F,0.40457,00010000,40.457,X]
[20,F,0.426055,00010000,42.6055,X]
[29,F,0.444334,00001100,44.4334,X]
[47,F,0.446439,00000001,44.6439,X]
[48,F,0.447416,00000001,44.7416,X]
[49,F,0.449369,00000001,44.9369,X]
[30,F,0.472655,00001100,47.2655,X]
[5,F,0.494516,11000000,49.4516,X]
[21,F,0.52957,00010000,52.957,X]
[50,F,0.533353,00000001,53.3353,X]
[10,F,0.563559,01000000,56.3559,X]
[6,F,0.585044,10000000,58.5044,X]
[13,F,0.642953,00100000,64.2953,X]
[51,F,0.647611,00000001,64.7611,X]
[7,F,0.653403,10000000,65.3403,X]
[52,F,0.664212,00000001,66.4212,X]
[53,F,0.667142,00000001,66.7142,X]
[14,F,0.668344,00100000,66.8344,X]
[8,F,0.669028,10000000,66.9028,X]
[15,F,0.67225,00100000,67.225,X]
[22,F,0.675078,00010000,67.5078,X]
[23,F,0.697539,00010000,69.7539,X]
[36,F,0.702937,00000100,70.2938,X]
[9,F,0.718833,10000000,71.8833,X]
[37,F,0.727352,00000100,72.7352,X]
[54,F,0.754056,00000001,75.4056,X]
[24,F,0.769805,00010000,76.9805,X]
[31,F,0.77325,00001000,77.325,X]
[55,F,0.775541,00000001,77.5541,X]
[32,F,0.778133,00001000,77.8133,X]
[16,F,0.785531,00100000,78.5531,X]
[17,F,0.796273,00100000,79.6273,X]
[56,F,0.855619,00000001,85.5619,X]
[33,F,0.858211,00001000,85.8211,X]
[34,F,0.860164,00001000,86.0164,X]
[41,F,0.877103,00000010,87.7103,X]
[42,F,0.90347,00000010,90.347,X]
[25,F,0.909453,00010000,90.9453,X]
[11,F,0.921958,01000000,92.1958,X]
[18,F,0.932992,00100000,93.2992,X]
[43,F,0.9689,00000010,96.89,X]
[35,F,0.975398,00001000,97.5398,X]
GUIDE_TREE_PARTITION1=(((((t1:44.23,t2:44.23):22.92,t3:67.15):10.85,t4:78):20.34,(t5:38.3,t6:38.3):60.04):1.66,(t7:96.86,t8:96.86):3.14);
