Taxa bit representation:
t1 10000000
t2 01000000
t3 00100000
t4 00010000
t5 00001000
t6 00000100
t7 00000010
t8 00000001
Clade List (<taxon members> = <clade name>): 

>Dataset_0
[2,F,0.142595,00100000,14.2595,X]
[9,F,0.208008,00001111,20.8008,X]
[5,F,0.227556,00010000,22.7556,X]
[6,F,0.274431,00010000,27.4431,X]
[3,F,0.350603,00100000,35.0603,X]
[10,F,0.373047,00001111,37.3047,X]
[0,F,0.5006,11000000,50.06,X]
[4,F,0.572283,00100000,57.2283,X]
[7,F,0.645525,00010000,64.5525,X]
[11,F,0.710172,00001100,71.0172,X]
[13,F,0.736539,00000011,73.6539,X]
[8,F,0.792986,00010000,79.2986,X]
[12,F,0.876188,00001100,87.6188,X]
[1,F,0.89992,01000000,89.992,X]
GUIDE_TREE_PARTITION1=(((t1:37.84,t2:37.84):55.85,(t3:87.01,t4:87.01):6.68):6.31,((t5:11.76,t6:11.76):24.84,(t7:18.27,t8:18.27):18.33):63.4);
