Taxa bit representation:
t1 10000000
t2 01000000
t3 00100000
t4 00010000
t5 00001000
t6 00000100
t7 00000010
t8 00000001
Clade List (<taxon members> = <clade name>): 

>Dataset_0
[30,F,0.03125,00000011,3.125,X]
[31,F,0.09375,00000011,9.375,X]
[0,F,0.124023,11111100,12.4023,X]
[32,F,0.197266,00000011,19.7266,X]
[1,F,0.217773,11111100,21.7773,X]
[2,F,0.436523,11111100,43.6523,X]
[33,F,0.461914,00000011,46.1914,X]
[3,F,0.470042,11110000,47.0042,X]
[4,F,0.471019,11110000,47.1019,X]
[34,F,0.477539,00000011,47.7539,X]
[5,F,0.485667,11110000,48.5667,X]
[35,F,0.510742,00000011,51.0742,X]
[36,F,0.550781,00000011,55.0781,X]
[6,F,0.573053,11000000,57.3053,X]
[37,F,0.612906,00000010,61.2906,X]
[38,F,0.615836,00000010,61.5836,X]
[39,F,0.625602,00000010,62.5602,X]
[7,F,0.648248,11000000,64.8248,X]
[45,F,0.675406,00000001,67.5406,X]
[15,F,0.677545,00100000,67.7545,X]
[24,F,0.68098,00001100,68.098,X]
[40,F,0.691031,00000010,69.1031,X]
[25,F,0.700511,00001100,70.0511,X]
[16,F,0.709772,00100000,70.9772,X]
[41,F,0.718375,00000010,71.8375,X]
[26,F,0.739573,00001100,73.9573,X]
[8,F,0.752741,11000000,75.2741,X]
[17,F,0.75567,00100000,75.567,X]
[46,F,0.759391,00000001,75.9391,X]
[18,F,0.779108,00100000,77.9108,X]
[42,F,0.7965,00000010,79.65,X]
[22,F,0.803883,00010000,80.3883,X]
[9,F,0.819147,11000000,81.9147,X]
[23,F,0.829273,00010000,82.9273,X]
[19,F,0.829889,00100000,82.9889,X]
[43,F,0.845328,00000010,84.5328,X]
[20,F,0.851373,00100000,85.1373,X]
[10,F,0.857159,10000000,85.7159,X]
[14,F,0.870831,01000000,87.0831,X]
[29,F,0.875706,00000100,87.5706,X]
[21,F,0.875787,00100000,87.5787,X]
[47,F,0.886344,00000001,88.6344,X]
[48,F,0.892203,00000001,89.2203,X]
[44,F,0.901969,00000010,90.1969,X]
[11,F,0.950909,10000000,95.0909,X]
[27,F,0.954808,00001000,95.4808,X]
[28,F,0.959691,00001000,95.9691,X]
[12,F,0.966534,10000000,96.6534,X]
[13,F,0.999737,10000000,99.9737,X]
GUIDE_TREE_PARTITION1=(((((t1:14.87,t2:14.87):28.02,t3:42.89):2.21,t4:45.1):8.97,(t5:12.82,t6:12.82):41.25):45.93,(t7:39.1,t8:39.1):60.9);
