Taxa bit representation:
t1 10000000
t2 01000000
t3 00100000
t4 00010000
t5 00001000
t6 00000100
t7 00000010
t8 00000001
Clade List (<taxon members> = <clade name>): 

>Dataset_0
[112,F,0.00878906,00000011,0.878906,X]
[0,F,0.0185547,11111100,1.85547,X]
[1,F,0.0585938,11111100,5.85938,X]
[113,F,0.0634766,00000011,6.34766,X]
[114,F,0.0664062,00000011,6.64062,X]
[94,F,0.0861828,00000100,8.61828,X]
[95,F,0.0920422,00000100,9.20422,X]
[115,F,0.102539,00000011,10.2539,X]
[71,F,0.119386,00001000,11.9386,X]
[72,F,0.136964,00001000,13.6964,X]
[96,F,0.138917,00000100,13.8917,X]
[116,F,0.166016,00000011,16.6016,X]
[73,F,0.170167,00001000,17.0167,X]
[2,F,0.186177,11110000,18.6177,X]
[97,F,0.186769,00000100,18.6769,X]
[117,F,0.189583,00000010,18.9583,X]
[118,F,0.190559,00000010,19.0559,X]
[74,F,0.200441,00001000,20.0441,X]
[140,F,0.202278,00000001,20.2278,X]
[141,F,0.209114,00000001,20.9114,X]
[119,F,0.214973,00000010,21.4973,X]
[120,F,0.21595,00000010,21.595,X]
[142,F,0.221809,00000001,22.1809,X]
[41,F,0.224406,00010000,22.4406,X]
[42,F,0.226359,00010000,22.6359,X]
[3,F,0.233195,11100000,23.3195,X]
[143,F,0.234505,00000001,23.4505,X]
[43,F,0.237102,00010000,23.7102,X]
[121,F,0.241341,00000010,24.1341,X]
[4,F,0.257609,11100000,25.7609,X]
[44,F,0.262492,00010000,26.2492,X]
[45,F,0.265422,00010000,26.5422,X]
[46,F,0.281047,00010000,28.1047,X]
[75,F,0.293214,00001000,29.3214,X]
[47,F,0.296672,00010000,29.6672,X]
[76,F,0.309816,00001000,30.9816,X]
[5,F,0.314778,11000000,31.4778,X]
[48,F,0.336711,00010000,33.6711,X]
[122,F,0.341927,00000010,34.1927,X]
[77,F,0.350831,00001000,35.0831,X]
[98,F,0.351808,00000100,35.1808,X]
[99,F,0.355714,00000100,35.5714,X]
[49,F,0.357219,00010000,35.7219,X]
[50,F,0.364055,00010000,36.4055,X]
[51,F,0.368938,00010000,36.8938,X]
[24,F,0.377278,00100000,37.7278,X]
[78,F,0.383058,00001000,38.3058,X]
[6,F,0.391927,11000000,39.1927,X]
[52,F,0.398234,00010000,39.8234,X]
[100,F,0.407472,00000100,40.7472,X]
[53,F,0.41093,00010000,41.093,X]
[54,F,0.412883,00010000,41.2883,X]
[123,F,0.422981,00000010,42.2981,X]
[25,F,0.427083,00100000,42.7083,X]
[124,F,0.43177,00000010,43.177,X]
[144,F,0.439583,00000001,43.9583,X]
[125,F,0.448372,00000010,44.8372,X]
[79,F,0.449464,00001000,44.9464,X]
[80,F,0.460206,00001000,46.0206,X]
[101,F,0.469972,00000100,46.9972,X]
[126,F,0.478645,00000010,47.8645,X]
[102,F,0.482667,00000100,48.2667,X]
[26,F,0.48763,00100000,48.763,X]
[81,F,0.488527,00001000,48.8527,X]
[7,F,0.490559,11000000,49.0559,X]
[27,F,0.494466,00100000,49.4466,X]
[127,F,0.501106,00000010,50.1106,X]
[28,F,0.507161,00100000,50.7161,X]
[145,F,0.511848,00000001,51.1848,X]
[8,F,0.512044,11000000,51.2044,X]
[128,F,0.52552,00000010,52.552,X]
[129,F,0.536262,00000010,53.6262,X]
[130,F,0.541145,00000010,54.1145,X]
[29,F,0.542317,00100000,54.2317,X]
[146,F,0.553841,00000001,55.3841,X]
[147,F,0.558723,00000001,55.8723,X]
[103,F,0.574464,00000100,57.4464,X]
[9,F,0.574544,11000000,57.4544,X]
[55,F,0.576945,00010000,57.6945,X]
[82,F,0.5813,00001000,58.13,X]
[56,F,0.589641,00010000,58.9641,X]
[10,F,0.593098,11000000,59.3098,X]
[83,F,0.593995,00001000,59.3995,X]
[84,F,0.618409,00001000,61.8409,X]
[30,F,0.618489,00100000,61.8489,X]
[31,F,0.621419,00100000,62.1419,X]
[32,F,0.636067,00100000,63.6067,X]
[85,F,0.639894,00001000,63.9894,X]
[148,F,0.642708,00000001,64.2708,X]
[86,F,0.6438,00001000,64.38,X]
[131,F,0.649544,00000010,64.9544,X]
[57,F,0.659953,00010000,65.9953,X]
[33,F,0.660481,00100000,66.0481,X]
[104,F,0.670167,00000100,67.0167,X]
[16,F,0.673702,01000000,67.3702,X]
[87,F,0.677003,00001000,67.7003,X]
[105,F,0.67798,00000100,67.798,X]
[149,F,0.680794,00000001,68.0794,X]
[150,F,0.683723,00000001,68.3723,X]
[11,F,0.687373,10000000,68.7373,X]
[58,F,0.68925,00010000,68.925,X]
[132,F,0.689583,00000010,68.9583,X]
[88,F,0.697511,00001000,69.7511,X]
[151,F,0.705208,00000001,70.5208,X]
[152,F,0.706184,00000001,70.6184,X]
[133,F,0.707161,00000010,70.7161,X]
[153,F,0.711067,00000001,71.1067,X]
[59,F,0.726359,00010000,72.6359,X]
[17,F,0.730342,01000000,73.0342,X]
[154,F,0.732552,00000001,73.2552,X]
[155,F,0.737434,00000001,73.7434,X]
[89,F,0.746339,00001000,74.6339,X]
[60,F,0.74882,00010000,74.882,X]
[34,F,0.756184,00100000,75.6184,X]
[18,F,0.763545,01000000,76.3545,X]
[12,F,0.775264,10000000,77.5264,X]
[13,F,0.783077,10000000,78.3077,X]
[156,F,0.785286,00000001,78.5286,X]
[35,F,0.795247,00100000,79.5247,X]
[61,F,0.797648,00010000,79.7648,X]
[36,F,0.805013,00100000,80.5012,X]
[62,F,0.813273,00010000,81.3273,X]
[63,F,0.827922,00010000,82.7922,X]
[106,F,0.8313,00000100,83.13,X]
[157,F,0.834114,00000001,83.4114,X]
[64,F,0.837688,00010000,83.7687,X]
[14,F,0.838741,10000000,83.8741,X]
[107,F,0.840089,00000100,84.0089,X]
[134,F,0.853645,00000010,85.3645,X]
[19,F,0.855342,01000000,85.5342,X]
[135,F,0.856575,00000010,85.6575,X]
[90,F,0.856691,00001000,85.6691,X]
[65,F,0.857219,00010000,85.7219,X]
[37,F,0.857747,00100000,85.7747,X]
[91,F,0.85962,00001000,85.962,X]
[136,F,0.864387,00000010,86.4387,X]
[158,F,0.865364,00000001,86.5364,X]
[137,F,0.868294,00000010,86.8294,X]
[159,F,0.87513,00000001,87.513,X]
[38,F,0.876302,00100000,87.6302,X]
[160,F,0.880012,00000001,88.0012,X]
[66,F,0.884563,00010000,88.4562,X]
[138,F,0.896614,00000010,89.6614,X]
[139,F,0.899544,00000010,89.9544,X]
[20,F,0.903194,01000000,90.3194,X]
[108,F,0.905519,00000100,90.5519,X]
[67,F,0.908977,00010000,90.8977,X]
[21,F,0.909053,01000000,90.9053,X]
[15,F,0.909053,10000000,90.9053,X]
[39,F,0.912434,00100000,91.2434,X]
[161,F,0.919075,00000001,91.9075,X]
[22,F,0.926631,01000000,92.6631,X]
[92,F,0.929933,00001000,92.9933,X]
[109,F,0.932863,00000100,93.2863,X]
[68,F,0.93632,00010000,93.632,X]
[69,F,0.950969,00010000,95.0969,X]
[70,F,0.957805,00010000,95.7805,X]
[23,F,0.965694,01000000,96.5694,X]
[110,F,0.972902,00000100,97.2902,X]
[93,F,0.975831,00001000,97.5831,X]
[111,F,0.98755,00000100,98.755,X]
[40,F,0.991536,00100000,99.1536,X]
GUIDE_TREE_PARTITION1=(((((t1:40.54,t2:40.54):29.74,t3:70.28):7.67,t4:77.95):16.03,(t5:91.87,t6:91.87):2.11):6.02,(t7:81.53,t8:81.53):18.47);
