Taxa bit representation:
t1 10000000
t2 01000000
t3 00100000
t4 00010000
t5 00001000
t6 00000100
t7 00000010
t8 00000001
Clade List (<taxon members> = <clade name>): 

>Dataset_0
[54,F,0.0244141,00001111,2.44141,X]
[55,F,0.0546875,00001111,5.46875,X]
[0,F,0.150391,11110000,15.0391,X]
[56,F,0.197266,00001111,19.7266,X]
[1,F,0.202148,11110000,20.2148,X]
[2,F,0.227966,11000000,22.7966,X]
[3,F,0.231872,11000000,23.1872,X]
[4,F,0.25238,11000000,25.238,X]
[25,F,0.27777,00110000,27.777,X]
[26,F,0.28363,00110000,28.363,X]
[57,F,0.295898,00001111,29.5898,X]
[5,F,0.319763,11000000,31.9763,X]
[6,F,0.321716,11000000,32.1716,X]
[7,F,0.347106,11000000,34.7106,X]
[27,F,0.351013,00110000,35.1013,X]
[8,F,0.354919,11000000,35.4919,X]
[58,F,0.356445,00001111,35.6445,X]
[9,F,0.356872,11000000,35.6872,X]
[10,F,0.363708,11000000,36.3708,X]
[28,F,0.372497,00110000,37.2497,X]
[29,F,0.381286,00110000,38.1286,X]
[59,F,0.392578,00001111,39.2578,X]
[60,F,0.408203,00001111,40.8203,X]
[30,F,0.410583,00110000,41.0583,X]
[61,F,0.414062,00001111,41.4062,X]
[11,F,0.421325,11000000,42.1325,X]
[62,F,0.429688,00001111,42.9688,X]
[63,F,0.470703,00001111,47.0703,X]
[31,F,0.473083,00110000,47.3083,X]
[64,F,0.489258,00001111,48.9258,X]
[65,F,0.491211,00001111,49.1211,X]
[32,F,0.49652,00110000,49.652,X]
[12,F,0.49945,11000000,49.945,X]
[66,F,0.515625,00001111,51.5625,X]
[67,F,0.520508,00001111,52.0508,X]
[68,F,0.524414,00001111,52.4414,X]
[33,F,0.567809,00110000,56.7809,X]
[34,F,0.576598,00110000,57.6598,X]
[69,F,0.580078,00001111,58.0078,X]
[35,F,0.582458,00110000,58.2458,X]
[70,F,0.59082,00001111,59.082,X]
[36,F,0.626403,00110000,62.6403,X]
[87,F,0.626706,00000011,62.6706,X]
[71,F,0.631589,00001100,63.1589,X]
[37,F,0.656677,00110000,65.6677,X]
[20,F,0.676305,01000000,67.6305,X]
[72,F,0.697995,00001100,69.7995,X]
[88,F,0.712644,00000011,71.2644,X]
[89,F,0.738034,00000011,73.8034,X]
[38,F,0.746895,00100000,74.6895,X]
[81,F,0.746953,00000100,74.6953,X]
[73,F,0.761602,00001000,76.1602,X]
[39,F,0.776192,00100000,77.6192,X]
[90,F,0.778238,00000010,77.8238,X]
[82,F,0.785039,00000100,78.5039,X]
[13,F,0.78568,10000000,78.568,X]
[21,F,0.787633,01000000,78.7633,X]
[94,F,0.793863,00000001,79.3863,X]
[40,F,0.794747,00100000,79.4747,X]
[22,F,0.802281,01000000,80.2281,X]
[14,F,0.803258,10000000,80.3258,X]
[91,F,0.803628,00000010,80.3628,X]
[15,F,0.804234,10000000,80.4234,X]
[46,F,0.807442,00010000,80.7442,X]
[74,F,0.8075,00001000,80.75,X]
[47,F,0.808419,00010000,80.8419,X]
[41,F,0.82502,00100000,82.502,X]
[75,F,0.828008,00001000,82.8008,X]
[92,F,0.829995,00000010,82.9995,X]
[83,F,0.856328,00000100,85.6328,X]
[23,F,0.861852,01000000,86.1852,X]
[93,F,0.865152,00000010,86.5152,X]
[76,F,0.868047,00001000,86.8047,X]
[48,F,0.868966,00010000,86.8966,X]
[49,F,0.880684,00010000,88.0684,X]
[42,F,0.882637,00100000,88.2638,X]
[16,F,0.897008,10000000,89.7008,X]
[17,F,0.900914,10000000,90.0914,X]
[84,F,0.906133,00000100,90.6133,X]
[50,F,0.919747,00010000,91.9747,X]
[43,F,0.922677,00100000,92.2677,X]
[44,F,0.927559,00100000,92.7559,X]
[85,F,0.92957,00000100,92.957,X]
[77,F,0.939336,00001000,93.9336,X]
[51,F,0.943184,00010000,94.3184,X]
[95,F,0.944253,00000001,94.4253,X]
[24,F,0.947789,01000000,94.7789,X]
[18,F,0.949742,10000000,94.9742,X]
[45,F,0.950997,00100000,95.0997,X]
[19,F,0.955602,10000000,95.5602,X]
[52,F,0.961739,00010000,96.1739,X]
[78,F,0.961797,00001000,96.1797,X]
[79,F,0.972539,00001000,97.2539,X]
[80,F,0.979375,00001000,97.9375,X]
[86,F,0.991094,00000100,99.1094,X]
[53,F,0.993966,00010000,99.3966,X]
GUIDE_TREE_PARTITION1=(((t1:37.35,t2:37.35):40.83,(t3:26.58,t4:26.58):51.6):21.82,((t5:25.5,t6:25.5):12.22,(t7:24.52,t8:24.52):13.2):62.28);
