Taxa bit representation:
t1 10000000
t2 01000000
t3 00100000
t4 00010000
t5 00001000
t6 00000100
t7 00000010
t8 00000001
Clade List (<taxon members> = <clade name>): 

>Dataset_0
[0,F,0.00292969,11110000,0.292969,X]
[1,F,0.015625,11110000,1.5625,X]
[50,F,0.0641156,00110000,6.41156,X]
[2,F,0.0660688,11000000,6.60688,X]
[51,F,0.069975,00110000,6.9975,X]
[3,F,0.0797406,11000000,7.97406,X]
[105,F,0.0869141,00001111,8.69141,X]
[4,F,0.0982953,11000000,9.82953,X]
[52,F,0.104155,00110000,10.4155,X]
[53,F,0.110014,00110000,11.0014,X]
[54,F,0.123686,00110000,12.3686,X]
[55,F,0.143217,00110000,14.3217,X]
[56,F,0.1481,00110000,14.81,X]
[57,F,0.160289,00100000,16.0289,X]
[5,F,0.171538,11000000,17.1538,X]
[6,F,0.181303,11000000,18.1303,X]
[58,F,0.206188,00100000,20.6188,X]
[59,F,0.215953,00100000,21.5953,X]
[7,F,0.223295,11000000,22.3295,X]
[60,F,0.226695,00100000,22.6695,X]
[61,F,0.247203,00100000,24.7203,X]
[83,F,0.252086,00010000,25.2086,X]
[8,F,0.282866,11000000,28.2866,X]
[62,F,0.286266,00100000,28.6266,X]
[63,F,0.294078,00100000,29.4078,X]
[9,F,0.294584,11000000,29.4584,X]
[10,F,0.297514,11000000,29.7514,X]
[84,F,0.301891,00010000,30.1891,X]
[11,F,0.310209,11000000,31.0209,X]
[106,F,0.323242,00001111,32.3242,X]
[85,F,0.333141,00010000,33.3141,X]
[86,F,0.354625,00010000,35.4625,X]
[12,F,0.35483,10000000,35.483,X]
[107,F,0.371608,00001100,37.1608,X]
[64,F,0.383922,00100000,38.3922,X]
[87,F,0.386852,00010000,38.6852,X]
[108,F,0.391139,00001100,39.1139,X]
[13,F,0.407564,10000000,40.7564,X]
[30,F,0.408541,01000000,40.8541,X]
[31,F,0.41147,01000000,41.147,X]
[65,F,0.417125,00100000,41.7125,X]
[88,F,0.417125,00010000,41.7125,X]
[141,F,0.418623,00000001,41.8623,X]
[32,F,0.434908,01000000,43.4908,X]
[14,F,0.436861,10000000,43.6861,X]
[89,F,0.454234,00010000,45.4234,X]
[128,F,0.476241,00000010,47.6241,X]
[33,F,0.480806,01000000,48.0806,X]
[66,F,0.486461,00100000,48.6461,X]
[129,F,0.51042,00000010,51.042,X]
[34,F,0.512056,01000000,51.2056,X]
[67,F,0.512828,00100000,51.2828,X]
[68,F,0.513805,00100000,51.3805,X]
[69,F,0.514781,00100000,51.4781,X]
[142,F,0.515303,00000001,51.5303,X]
[35,F,0.520845,01000000,52.0845,X]
[15,F,0.520845,10000000,52.0845,X]
[90,F,0.549938,00010000,54.9938,X]
[143,F,0.555342,00000001,55.5342,X]
[91,F,0.555797,00010000,55.5797,X]
[16,F,0.556002,10000000,55.6002,X]
[130,F,0.559248,00000010,55.9248,X]
[109,F,0.56985,00001100,56.985,X]
[36,F,0.571627,01000000,57.1627,X]
[17,F,0.596041,10000000,59.6041,X]
[92,F,0.598766,00010000,59.8766,X]
[70,F,0.599742,00100000,59.9742,X]
[131,F,0.600264,00000010,60.0264,X]
[144,F,0.600264,00000001,60.0264,X]
[93,F,0.601695,00010000,60.1695,X]
[71,F,0.608531,00100000,60.8531,X]
[37,F,0.610689,01000000,61.0689,X]
[145,F,0.613936,00000001,61.3936,X]
[18,F,0.616548,10000000,61.6548,X]
[132,F,0.633467,00000010,63.3467,X]
[19,F,0.644869,10000000,64.4869,X]
[94,F,0.6515,00010000,65.15,X]
[20,F,0.656587,10000000,65.6587,X]
[133,F,0.657881,00000010,65.7881,X]
[72,F,0.659313,00100000,65.9313,X]
[95,F,0.662242,00010000,66.2242,X]
[134,F,0.67253,00000010,67.253,X]
[73,F,0.673961,00100000,67.3961,X]
[110,F,0.681178,00001100,68.1178,X]
[74,F,0.68275,00100000,68.275,X]
[96,F,0.684703,00010000,68.4703,X]
[75,F,0.695445,00100000,69.5445,X]
[21,F,0.696627,10000000,69.6627,X]
[146,F,0.696944,00000001,69.6944,X]
[38,F,0.700533,01000000,70.0533,X]
[22,F,0.701509,10000000,70.1509,X]
[111,F,0.702662,00001100,70.2662,X]
[97,F,0.71107,00010000,71.107,X]
[23,F,0.711275,10000000,71.1275,X]
[98,F,0.714,00010000,71.4,X]
[76,F,0.714977,00100000,71.4977,X]
[99,F,0.723766,00010000,72.3766,X]
[77,F,0.728648,00100000,72.8648,X]
[78,F,0.730602,00100000,73.0602,X]
[100,F,0.733531,00010000,73.3531,X]
[79,F,0.740367,00100000,74.0367,X]
[112,F,0.741725,00001100,74.1725,X]
[147,F,0.749678,00000001,74.9678,X]
[24,F,0.774752,10000000,77.4752,X]
[39,F,0.775728,01000000,77.5728,X]
[113,F,0.778834,00001100,77.8834,X]
[80,F,0.782359,00100000,78.2359,X]
[101,F,0.789195,00010000,78.9195,X]
[40,F,0.806978,01000000,80.6978,X]
[114,F,0.808131,00001100,80.8131,X]
[135,F,0.811202,00000010,81.1202,X]
[121,F,0.815253,00000100,81.5253,X]
[122,F,0.822089,00000100,82.2089,X]
[41,F,0.824556,01000000,82.4556,X]
[115,F,0.830878,00001000,83.0878,X]
[42,F,0.831392,01000000,83.1392,X]
[148,F,0.833662,00000001,83.3662,X]
[149,F,0.835616,00000001,83.5616,X]
[150,F,0.850264,00000001,85.0264,X]
[136,F,0.859053,00000010,85.9053,X]
[123,F,0.860175,00000100,86.0175,X]
[137,F,0.866866,00000010,86.6866,X]
[25,F,0.868502,10000000,86.8502,X]
[116,F,0.881659,00001000,88.1659,X]
[43,F,0.882173,01000000,88.2173,X]
[44,F,0.88315,01000000,88.315,X]
[81,F,0.887828,00100000,88.7828,X]
[117,F,0.893378,00001000,89.3378,X]
[45,F,0.893892,01000000,89.3892,X]
[26,F,0.894869,10000000,89.4869,X]
[138,F,0.903975,00000010,90.3975,X]
[102,F,0.908336,00010000,90.8336,X]
[151,F,0.909834,00000001,90.9834,X]
[124,F,0.914863,00000100,91.4862,X]
[139,F,0.917647,00000010,91.7647,X]
[118,F,0.919745,00001000,91.9745,X]
[27,F,0.923189,10000000,92.3189,X]
[125,F,0.924628,00000100,92.4628,X]
[126,F,0.93537,00000100,93.537,X]
[28,F,0.94565,10000000,94.565,X]
[119,F,0.949042,00001000,94.9042,X]
[103,F,0.951305,00010000,95.1305,X]
[29,F,0.956392,10000000,95.6392,X]
[104,F,0.96693,00010000,96.693,X]
[140,F,0.969405,00000010,96.9405,X]
[120,F,0.970527,00001000,97.0527,X]
[152,F,0.971358,00000001,97.1358,X]
[46,F,0.980806,01000000,98.0806,X]
[127,F,0.982245,00000100,98.2245,X]
[47,F,0.983736,01000000,98.3736,X]
[48,F,0.985689,01000000,98.5689,X]
[82,F,0.990367,00100000,99.0367,X]
[153,F,0.993819,00000001,99.3819,X]
[49,F,0.994478,01000000,99.4478,X]
GUIDE_TREE_PARTITION1=(((t1:64.81,t2:64.81):32.88,(t3:84.85,t4:84.85):12.84):2.31,((t5:18.67,t6:18.67):46.22,(t7:64.29,t8:64.29):0.6):35.11);
