Taxa bit representation:
t1 10000000
t2 01000000
t3 00100000
t4 00010000
t5 00001000
t6 00000100
t7 00000010
t8 00000001
Clade List (<taxon members> = <clade name>): 

>Dataset_0
[38,F,0.0418266,00000010,4.18266,X]
[39,F,0.0447562,00000010,4.47562,X]
[46,F,0.0576172,00000001,5.76172,X]
[47,F,0.101562,00000001,10.1562,X]
[28,F,0.154973,00000100,15.4973,X]
[18,F,0.196553,00001000,19.6553,X]
[29,F,0.24677,00000100,24.677,X]
[19,F,0.248311,00001000,24.8311,X]
[20,F,0.249287,00001000,24.9287,X]
[11,F,0.306736,00010000,30.6736,X]
[48,F,0.333008,00000001,33.3008,X]
[49,F,0.404297,00000001,40.4297,X]
[21,F,0.408467,00001000,40.8467,X]
[0,F,0.415134,11100000,41.5134,X]
[22,F,0.469014,00001000,46.9014,X]
[23,F,0.480733,00001000,48.0733,X]
[50,F,0.515625,00000001,51.5625,X]
[40,F,0.516436,00000010,51.6436,X]
[8,F,0.556517,00100000,55.6517,X]
[30,F,0.55927,00000100,55.927,X]
[24,F,0.576436,00001000,57.6436,X]
[41,F,0.587725,00000010,58.7725,X]
[12,F,0.600681,00010000,60.0681,X]
[31,F,0.615911,00000100,61.5911,X]
[9,F,0.6239,00100000,62.39,X]
[51,F,0.625977,00000001,62.5977,X]
[32,F,0.635442,00000100,63.5442,X]
[52,F,0.639648,00000001,63.9648,X]
[1,F,0.65222,11000000,65.222,X]
[13,F,0.655369,00010000,65.5369,X]
[33,F,0.65888,00000100,65.888,X]
[34,F,0.697942,00000100,69.7942,X]
[42,F,0.705889,00000010,70.5889,X]
[25,F,0.726827,00001000,72.6827,X]
[53,F,0.751953,00000001,75.1953,X]
[10,F,0.77722,00100000,77.722,X]
[4,F,0.779897,01000000,77.9897,X]
[35,F,0.807317,00000100,80.7317,X]
[43,F,0.807452,00000010,80.7452,X]
[2,F,0.820912,10000000,82.0912,X]
[5,F,0.84435,01000000,84.435,X]
[36,F,0.847356,00000100,84.7356,X]
[44,F,0.851397,00000010,85.1397,X]
[26,F,0.88503,00001000,88.503,X]
[37,F,0.889348,00000100,88.9348,X]
[3,F,0.898061,10000000,89.8061,X]
[27,F,0.902608,00001000,90.2608,X]
[14,F,0.903416,00010000,90.3416,X]
[15,F,0.914158,00010000,91.4158,X]
[6,F,0.94103,01000000,94.103,X]
[7,F,0.956655,01000000,95.6655,X]
[16,F,0.972752,00010000,97.2752,X]
[17,F,0.979587,00010000,97.9587,X]
[54,F,0.994141,00000001,99.4141,X]
[45,F,0.999834,00000010,99.9834,X]
GUIDE_TREE_PARTITION1=(((((((t1:31.19,t2:31.19):18.92,t3:50.11):19.9,t4:70.01):10.53,t5:80.54):13.24,t6:93.78):5.26,t7:99.04):0.96,t8:100);
