Taxa bit representation:
t1 10000000
t2 01000000
t3 00100000
t4 00010000
t5 00001000
t6 00000100
t7 00000010
t8 00000001
Clade List (<taxon members> = <clade name>): 

>Dataset_0
[0,F,0.0175781,11111110,1.75781,X]
[130,F,0.0195312,00000001,1.95312,X]
[1,F,0.0341797,11111110,3.41797,X]
[131,F,0.0908203,00000001,9.08203,X]
[102,F,0.124713,00000010,12.4713,X]
[103,F,0.142291,00000010,14.2291,X]
[104,F,0.147173,00000010,14.7173,X]
[2,F,0.161822,11111100,16.1822,X]
[3,F,0.175494,11111100,17.5494,X]
[4,F,0.18233,11111100,18.233,X]
[5,F,0.190142,11111100,19.0142,X]
[105,F,0.196002,00000010,19.6002,X]
[132,F,0.266602,00000001,26.6602,X]
[133,F,0.267578,00000001,26.7578,X]
[134,F,0.270508,00000001,27.0508,X]
[106,F,0.277056,00000010,27.7056,X]
[55,F,0.308669,00001000,30.8669,X]
[56,F,0.324294,00001000,32.4294,X]
[6,F,0.326247,11110000,32.6247,X]
[57,F,0.33113,00001000,33.113,X]
[135,F,0.332031,00000001,33.2031,X]
[136,F,0.341797,00000001,34.1797,X]
[58,F,0.344802,00001000,34.4802,X]
[107,F,0.353228,00000010,35.3228,X]
[7,F,0.361403,11110000,36.1403,X]
[8,F,0.363356,11110000,36.3356,X]
[137,F,0.366211,00000001,36.6211,X]
[59,F,0.378005,00001000,37.8005,X]
[138,F,0.391602,00000001,39.1602,X]
[60,F,0.392653,00001000,39.2653,X]
[82,F,0.402458,00000100,40.2458,X]
[83,F,0.418083,00000100,41.8083,X]
[108,F,0.433306,00000010,43.3306,X]
[61,F,0.438552,00001000,43.8552,X]
[62,F,0.439528,00001000,43.9528,X]
[39,F,0.442375,00010000,44.2375,X]
[9,F,0.442375,11100000,44.2375,X]
[63,F,0.445387,00001000,44.5387,X]
[109,F,0.446978,00000010,44.6978,X]
[64,F,0.447341,00001000,44.7341,X]
[10,F,0.456047,11100000,45.6047,X]
[40,F,0.46093,00010000,46.093,X]
[139,F,0.462891,00000001,46.2891,X]
[84,F,0.463981,00000100,46.3981,X]
[85,F,0.467887,00000100,46.7887,X]
[110,F,0.472369,00000010,47.2369,X]
[11,F,0.481437,11100000,48.1437,X]
[41,F,0.485344,00010000,48.5344,X]
[111,F,0.486041,00000010,48.6041,X]
[112,F,0.487017,00000010,48.7017,X]
[140,F,0.498047,00000001,49.8047,X]
[113,F,0.508502,00000010,50.8502,X]
[86,F,0.511833,00000100,51.1833,X]
[12,F,0.513664,11100000,51.3664,X]
[42,F,0.521477,00010000,52.1477,X]
[13,F,0.528759,11000000,52.8759,X]
[141,F,0.530273,00000001,53.0273,X]
[31,F,0.532666,00100000,53.2666,X]
[43,F,0.534172,00010000,53.4172,X]
[65,F,0.54988,00001000,54.988,X]
[44,F,0.556633,00010000,55.6633,X]
[14,F,0.560009,11000000,56.0009,X]
[87,F,0.560661,00000100,56.0661,X]
[66,F,0.562575,00001000,56.2575,X]
[15,F,0.562939,11000000,56.2939,X]
[32,F,0.565869,00100000,56.5869,X]
[16,F,0.593212,11000000,59.3212,X]
[88,F,0.593864,00000100,59.3864,X]
[142,F,0.59668,00000001,59.668,X]
[114,F,0.599322,00000010,59.9322,X]
[89,F,0.606559,00000100,60.6559,X]
[115,F,0.610064,00000010,61.0064,X]
[90,F,0.612419,00000100,61.2419,X]
[116,F,0.612994,00000010,61.2994,X]
[117,F,0.618853,00000010,61.8853,X]
[17,F,0.620556,11000000,62.0556,X]
[118,F,0.621783,00000010,62.1783,X]
[143,F,0.629883,00000001,62.9883,X]
[67,F,0.634841,00001000,63.4841,X]
[91,F,0.637809,00000100,63.7809,X]
[144,F,0.643555,00000001,64.3555,X]
[92,F,0.648552,00000100,64.8552,X]
[119,F,0.649127,00000010,64.9127,X]
[33,F,0.649853,00100000,64.9853,X]
[120,F,0.653033,00000010,65.3033,X]
[18,F,0.654736,11000000,65.4736,X]
[19,F,0.658642,11000000,65.8642,X]
[68,F,0.660231,00001000,66.0231,X]
[45,F,0.662102,00010000,66.2102,X]
[121,F,0.663775,00000010,66.3775,X]
[69,F,0.668044,00001000,66.8044,X]
[122,F,0.674517,00000010,67.4517,X]
[70,F,0.677809,00001000,67.7809,X]
[71,F,0.680739,00001000,68.0739,X]
[145,F,0.705078,00000001,70.5078,X]
[93,F,0.711052,00000100,71.1052,X]
[123,F,0.718463,00000010,71.8462,X]
[20,F,0.721142,11000000,72.1142,X]
[21,F,0.722119,11000000,72.2119,X]
[22,F,0.726025,11000000,72.6025,X]
[46,F,0.741203,00010000,74.1203,X]
[23,F,0.748486,11000000,74.8486,X]
[94,F,0.75695,00000100,75.695,X]
[95,F,0.75988,00000100,75.988,X]
[96,F,0.773552,00000100,77.3552,X]
[124,F,0.774127,00000010,77.4127,X]
[34,F,0.780712,00100000,78.0712,X]
[72,F,0.784255,00001000,78.4255,X]
[97,F,0.784294,00000100,78.4294,X]
[47,F,0.789055,00010000,78.9055,X]
[24,F,0.789502,11000000,78.9502,X]
[125,F,0.792681,00000010,79.2681,X]
[126,F,0.80147,00000010,80.147,X]
[73,F,0.802809,00001000,80.2809,X]
[98,F,0.803825,00000100,80.3825,X]
[74,F,0.819411,00001000,81.9411,X]
[146,F,0.822266,00000001,82.2266,X]
[35,F,0.823681,00100000,82.3681,X]
[127,F,0.824908,00000010,82.4908,X]
[48,F,0.828117,00010000,82.8117,X]
[25,F,0.829541,11000000,82.9541,X]
[36,F,0.834423,00100000,83.4423,X]
[26,F,0.8354,11000000,83.54,X]
[49,F,0.836906,00010000,83.6906,X]
[50,F,0.849602,00010000,84.9602,X]
[51,F,0.852531,00010000,85.2531,X]
[52,F,0.855461,00010000,85.5461,X]
[27,F,0.855908,11000000,85.5908,X]
[147,F,0.857422,00000001,85.7422,X]
[148,F,0.861328,00000001,86.1328,X]
[128,F,0.862994,00000010,86.2994,X]
[75,F,0.871169,00001000,87.1169,X]
[76,F,0.876052,00001000,87.6052,X]
[37,F,0.884228,00100000,88.4228,X]
[77,F,0.884841,00001000,88.4841,X]
[38,F,0.886181,00100000,88.6181,X]
[28,F,0.887158,11000000,88.7158,X]
[149,F,0.891602,00000001,89.1602,X]
[53,F,0.893547,00010000,89.3547,X]
[99,F,0.901481,00000100,90.1481,X]
[150,F,0.919922,00000001,91.9922,X]
[78,F,0.938552,00001000,93.8552,X]
[54,F,0.949211,00010000,94.9211,X]
[79,F,0.962966,00001000,96.2966,X]
[100,F,0.970817,00000100,97.0817,X]
[30,F,0.986758,01000000,98.6758,X]
[129,F,0.992877,00000010,99.2877,X]
[80,F,0.994216,00001000,99.4216,X]
[81,F,0.996169,00001000,99.6169,X]
[101,F,0.997184,00000100,99.7184,X]
[29,F,0.998477,10000000,99.8477,X]
GUIDE_TREE_PARTITION1=(((((((t1:6.5,t2:6.5):41.21,t3:47.71):12.74,t4:60.45):12.98,t5:73.43):4,t6:77.43):17.13,t7:94.56):5.44,t8:100);
