Taxa bit representation:
t1 10000000
t2 01000000
t3 00100000
t4 00010000
t5 00001000
t6 00000100
t7 00000010
t8 00000001
Clade List (<taxon members> = <clade name>): 

>Dataset_0
[58,F,0.00683594,00001111,0.683594,X]
[0,F,0.0166016,11110000,1.66016,X]
[59,F,0.0205078,00001111,2.05078,X]
[1,F,0.0322266,11110000,3.22266,X]
[60,F,0.0361328,00001111,3.61328,X]
[61,F,0.0410156,00001111,4.10156,X]
[62,F,0.0654297,00001111,6.54297,X]
[63,F,0.0722656,00001111,7.22656,X]
[2,F,0.12793,11110000,12.793,X]
[3,F,0.146484,11110000,14.6484,X]
[64,F,0.164062,00001111,16.4062,X]
[65,F,0.228516,00001111,22.8516,X]
[66,F,0.25,00001111,25,X]
[4,F,0.257812,11110000,25.7812,X]
[5,F,0.265625,11110000,26.5625,X]
[6,F,0.271484,11110000,27.1484,X]
[7,F,0.309727,11000000,30.9727,X]
[45,F,0.343906,00110000,34.3906,X]
[28,F,0.345572,01000000,34.5572,X]
[29,F,0.361197,01000000,36.1197,X]
[8,F,0.361197,10000000,36.1197,X]
[46,F,0.369297,00110000,36.9297,X]
[67,F,0.376953,00001111,37.6953,X]
[30,F,0.379752,01000000,37.9752,X]
[68,F,0.386719,00001111,38.6719,X]
[47,F,0.408359,00110000,40.8359,X]
[48,F,0.411289,00110000,41.1289,X]
[31,F,0.413931,01000000,41.3931,X]
[9,F,0.42858,10000000,42.858,X]
[10,F,0.455923,10000000,45.5923,X]
[49,F,0.459141,00110000,45.9141,X]
[11,F,0.480337,10000000,48.0337,X]
[32,F,0.494009,01000000,49.4009,X]
[33,F,0.503775,01000000,50.3775,X]
[69,F,0.508789,00001111,50.8789,X]
[50,F,0.518711,00110000,51.8711,X]
[51,F,0.528477,00110000,52.8477,X]
[12,F,0.543814,10000000,54.3814,X]
[52,F,0.562656,00110000,56.2656,X]
[34,F,0.574087,01000000,57.4087,X]
[13,F,0.575064,10000000,57.5064,X]
[14,F,0.577017,10000000,57.7017,X]
[35,F,0.595572,01000000,59.5572,X]
[70,F,0.595703,00001111,59.5703,X]
[15,F,0.602408,10000000,60.2408,X]
[71,F,0.608398,00001111,60.8398,X]
[72,F,0.613281,00001111,61.3281,X]
[73,F,0.645508,00001111,64.5508,X]
[53,F,0.677891,00110000,67.7891,X]
[79,F,0.689289,00000011,68.9289,X]
[54,F,0.689609,00110000,68.9609,X]
[36,F,0.692252,01000000,69.2252,X]
[74,F,0.697102,00001100,69.7102,X]
[55,F,0.704258,00110000,70.4258,X]
[80,F,0.709797,00000011,70.9797,X]
[81,F,0.722492,00000011,72.2492,X]
[82,F,0.725422,00000011,72.5422,X]
[16,F,0.725455,10000000,72.5455,X]
[17,F,0.74108,10000000,74.108,X]
[37,F,0.744009,01000000,74.4009,X]
[83,F,0.776203,00000011,77.6203,X]
[38,F,0.777212,01000000,77.7212,X]
[18,F,0.786978,10000000,78.6978,X]
[19,F,0.810416,10000000,81.0416,X]
[84,F,0.817219,00000011,81.7219,X]
[39,F,0.824087,01000000,82.4087,X]
[85,F,0.832844,00000011,83.2844,X]
[40,F,0.836783,01000000,83.6783,X]
[86,F,0.842609,00000011,84.2609,X]
[41,F,0.842642,01000000,84.2642,X]
[20,F,0.842642,10000000,84.2642,X]
[87,F,0.858234,00000011,85.8234,X]
[42,F,0.864127,01000000,86.4127,X]
[21,F,0.86608,10000000,86.608,X]
[88,F,0.876789,00000011,87.6789,X]
[75,F,0.886555,00001100,88.6555,X]
[22,F,0.887564,10000000,88.7564,X]
[89,F,0.888508,00000011,88.8508,X]
[43,F,0.912955,01000000,91.2955,X]
[97,F,0.92092,00000001,92.092,X]
[44,F,0.92858,01000000,92.858,X]
[98,F,0.928733,00000001,92.8733,X]
[56,F,0.928867,00110000,92.8867,X]
[99,F,0.930686,00000001,93.0686,X]
[90,F,0.933616,00000010,93.3616,X]
[23,F,0.934439,10000000,93.4439,X]
[24,F,0.937369,10000000,93.7369,X]
[91,F,0.942405,00000010,94.2405,X]
[25,F,0.948111,10000000,94.8111,X]
[100,F,0.956077,00000001,95.6077,X]
[92,F,0.959006,00000010,95.9006,X]
[57,F,0.964502,00100000,96.4502,X]
[93,F,0.970725,00000010,97.0725,X]
[101,F,0.970725,00000001,97.0725,X]
[76,F,0.972522,00001000,97.2522,X]
[26,F,0.974478,10000000,97.4478,X]
[94,F,0.974631,00000010,97.4631,X]
[95,F,0.975608,00000010,97.5608,X]
[102,F,0.98342,00000001,98.342,X]
[77,F,0.984241,00001000,98.4241,X]
[27,F,0.993033,10000000,99.3033,X]
[96,F,0.995139,00000010,99.5139,X]
[78,F,0.998889,00001000,99.8889,X]
GUIDE_TREE_PARTITION1=(((t1:66.81,t2:66.81):5.44,(t3:5.21,t4:5.21):67.04):27.75,((t5:7.24,t6:7.24):24.71,(t7:10.74,t8:10.74):21.21):68.05);
