Taxa bit representation:
t1 10000000
t2 01000000
t3 00100000
t4 00010000
t5 00001000
t6 00000100
t7 00000010
t8 00000001
Clade List (<taxon members> = <clade name>): 

>Dataset_0
[0,F,0.0527344,11111110,5.27344,X]
[19,F,0.219727,00000001,21.9727,X]
[16,F,0.249234,00000010,24.9234,X]
[17,F,0.401578,00000010,40.1578,X]
[20,F,0.419922,00000001,41.9922,X]
[9,F,0.458061,00010000,45.8061,X]
[5,F,0.484352,00100000,48.4352,X]
[6,F,0.494117,00100000,49.4117,X]
[18,F,0.503141,00000010,50.3141,X]
[10,F,0.553764,00010000,55.3764,X]
[11,F,0.575248,00010000,57.5248,X]
[7,F,0.612281,00100000,61.2281,X]
[21,F,0.615234,00000001,61.5234,X]
[13,F,0.652786,00001000,65.2786,X]
[12,F,0.686577,00010000,68.6577,X]
[14,F,0.742883,00000100,74.2883,X]
[22,F,0.761719,00000001,76.1719,X]
[1,F,0.763648,11000000,76.3648,X]
[2,F,0.864234,11000000,86.4234,X]
[23,F,0.904297,00000001,90.4297,X]
[15,F,0.938195,00000100,93.8195,X]
[3,F,0.940758,10000000,94.0758,X]
[4,F,0.941734,10000000,94.1734,X]
[8,F,0.998023,00100000,99.8023,X]
GUIDE_TREE_PARTITION1=(((((((t1:11.1,t2:11.1):57.75,t3:68.85):0.09,t4:68.94):0.84,t5:69.78):6.42,t6:76.2):10.4,t7:86.6):13.4,t8:100);
