Taxa bit representation:
t1 10000000
t2 01000000
t3 00100000
t4 00010000
t5 00001000
t6 00000100
t7 00000010
t8 00000001
Clade List (<taxon members> = <clade name>): 

>Dataset_0
[12,F,0.111328,00001111,11.1328,X]
[17,F,0.17772,00000011,17.772,X]
[0,F,0.296875,11110000,29.6875,X]
[13,F,0.383775,00001100,38.3775,X]
[18,F,0.404283,00000011,40.4283,X]
[1,F,0.53127,11000000,53.127,X]
[19,F,0.578111,00000011,57.8111,X]
[14,F,0.607408,00001100,60.7408,X]
[8,F,0.611348,00110000,61.1348,X]
[15,F,0.702134,00001100,70.2134,X]
[21,F,0.753267,00000001,75.3267,X]
[2,F,0.81467,10000000,81.467,X]
[20,F,0.815767,00000010,81.5767,X]
[9,F,0.838888,00110000,83.8888,X]
[3,F,0.854709,10000000,85.4709,X]
[7,F,0.876194,01000000,87.6194,X]
[10,F,0.888692,00110000,88.8692,X]
[4,F,0.892795,10000000,89.2795,X]
[16,F,0.895753,00000100,89.5753,X]
[5,F,0.909397,10000000,90.9397,X]
[11,F,0.966636,00010000,96.6636,X]
[22,F,0.972017,00000001,97.2017,X]
[6,F,0.989475,10000000,98.9475,X]
GUIDE_TREE_PARTITION1=(((t1:36.99,t2:36.99):22.09,(t3:4.02,t4:4.02):55.06):40.92,((t5:16.87,t6:16.87):68.19,(t7:33.56,t8:33.56):51.5):14.94);
