Taxa bit representation:
t1 10000000
t2 01000000
t3 00100000
t4 00010000
t5 00001000
t6 00000100
t7 00000010
t8 00000001
Clade List (<taxon members> = <clade name>): 

>Dataset_0
[120,F,0.00390625,00000001,0.390625,X]
[121,F,0.03125,00000001,3.125,X]
[0,F,0.0478516,11111110,4.78516,X]
[1,F,0.0527344,11111110,5.27344,X]
[2,F,0.0634766,11111110,6.34766,X]
[3,F,0.0683594,11111110,6.83594,X]
[122,F,0.078125,00000001,7.8125,X]
[4,F,0.0839844,11111110,8.39844,X]
[123,F,0.123047,00000001,12.3047,X]
[5,F,0.125977,11111110,12.5977,X]
[124,F,0.141602,00000001,14.1602,X]
[91,F,0.146678,00000010,14.6678,X]
[92,F,0.149608,00000010,14.9608,X]
[6,F,0.149608,11111100,14.9608,X]
[93,F,0.152537,00000010,15.2538,X]
[7,F,0.152537,11111100,15.2538,X]
[8,F,0.162303,11111100,16.2303,X]
[94,F,0.165233,00000010,16.5233,X]
[9,F,0.172069,11111100,17.2069,X]
[125,F,0.173828,00000001,17.3828,X]
[126,F,0.186523,00000001,18.6523,X]
[95,F,0.198436,00000010,19.8436,X]
[127,F,0.200195,00000001,20.0195,X]
[96,F,0.209178,00000010,20.9178,X]
[128,F,0.216797,00000001,21.6797,X]
[97,F,0.217967,00000010,21.7967,X]
[98,F,0.224803,00000010,22.4803,X]
[99,F,0.240428,00000010,24.0428,X]
[10,F,0.248241,11111100,24.8241,X]
[11,F,0.25703,11111100,25.703,X]
[100,F,0.318553,00000010,31.8553,X]
[12,F,0.337472,11110000,33.7472,X]
[101,F,0.354686,00000010,35.4686,X]
[62,F,0.364816,00001000,36.4816,X]
[129,F,0.368164,00000001,36.8164,X]
[63,F,0.406808,00001000,40.6808,X]
[102,F,0.40742,00000010,40.742,X]
[39,F,0.41595,00100000,41.595,X]
[130,F,0.419922,00000001,41.9922,X]
[103,F,0.430858,00000010,43.0858,X]
[13,F,0.442317,11000000,44.2317,X]
[104,F,0.44453,00000010,44.453,X]
[14,F,0.448177,11000000,44.8177,X]
[77,F,0.469664,00000100,46.9664,X]
[15,F,0.472591,11000000,47.2591,X]
[40,F,0.48138,00100000,48.138,X]
[78,F,0.484312,00000100,48.4312,X]
[41,F,0.494075,00100000,49.4075,X]
[16,F,0.496028,11000000,49.6028,X]
[79,F,0.501891,00000100,50.1891,X]
[131,F,0.511719,00000001,51.1719,X]
[105,F,0.516795,00000010,51.6795,X]
[42,F,0.523372,00100000,52.3372,X]
[106,F,0.527537,00000010,52.7537,X]
[107,F,0.528514,00000010,52.8514,X]
[132,F,0.539062,00000001,53.9062,X]
[51,F,0.539545,00010000,53.9545,X]
[133,F,0.543945,00000001,54.3945,X]
[134,F,0.546875,00000001,54.6875,X]
[80,F,0.549742,00000100,54.9742,X]
[64,F,0.552316,00001000,55.2316,X]
[108,F,0.555858,00000010,55.5858,X]
[43,F,0.558528,00100000,55.8528,X]
[44,F,0.562434,00100000,56.2434,X]
[109,F,0.56367,00000010,56.367,X]
[135,F,0.566406,00000001,56.6406,X]
[17,F,0.5722,11000000,57.22,X]
[136,F,0.588867,00000001,58.8867,X]
[52,F,0.58935,00010000,58.935,X]
[110,F,0.593944,00000010,59.3944,X]
[53,F,0.601069,00010000,60.1069,X]
[111,F,0.603709,00000010,60.3709,X]
[65,F,0.616769,00001000,61.6769,X]
[54,F,0.618647,00010000,61.8647,X]
[66,F,0.622628,00001000,62.2628,X]
[137,F,0.625,00000001,62.5,X]
[112,F,0.625194,00000010,62.5194,X]
[67,F,0.632394,00001000,63.2394,X]
[68,F,0.635323,00001000,63.5323,X]
[69,F,0.650948,00001000,65.0948,X]
[28,F,0.656519,01000000,65.6519,X]
[55,F,0.658686,00010000,65.8686,X]
[70,F,0.658761,00001000,65.8761,X]
[71,F,0.669503,00001000,66.9503,X]
[45,F,0.674739,00100000,67.4739,X]
[46,F,0.678645,00100000,67.8645,X]
[113,F,0.698436,00000010,69.8436,X]
[29,F,0.703394,01000000,70.3394,X]
[18,F,0.708277,10000000,70.8277,X]
[56,F,0.71142,00010000,71.142,X]
[30,F,0.718042,01000000,71.8042,X]
[19,F,0.718042,10000000,71.8042,X]
[72,F,0.724191,00001000,72.4191,X]
[81,F,0.736266,00000100,73.6266,X]
[57,F,0.741694,00010000,74.1694,X]
[31,F,0.745386,01000000,74.5386,X]
[82,F,0.747008,00000100,74.7008,X]
[138,F,0.756836,00000001,75.6836,X]
[139,F,0.757812,00000001,75.7812,X]
[32,F,0.758081,01000000,75.8081,X]
[83,F,0.759703,00000100,75.9703,X]
[140,F,0.763672,00000001,76.3672,X]
[73,F,0.76423,00001000,76.423,X]
[74,F,0.773995,00001000,77.3995,X]
[20,F,0.775659,10000000,77.5659,X]
[47,F,0.781184,00100000,78.1184,X]
[114,F,0.78242,00000010,78.242,X]
[21,F,0.784448,10000000,78.4448,X]
[33,F,0.79812,01000000,79.812,X]
[48,F,0.802669,00100000,80.2669,X]
[141,F,0.804688,00000001,80.4688,X]
[142,F,0.805664,00000001,80.5664,X]
[22,F,0.806909,10000000,80.6909,X]
[58,F,0.8081,00010000,80.81,X]
[59,F,0.809077,00010000,80.9077,X]
[49,F,0.809505,00100000,80.9505,X]
[23,F,0.809839,10000000,80.9839,X]
[50,F,0.815364,00100000,81.5364,X]
[75,F,0.819894,00001000,81.9894,X]
[143,F,0.820312,00000001,82.0312,X]
[34,F,0.820581,01000000,82.0581,X]
[144,F,0.821289,00000001,82.1289,X]
[84,F,0.827086,00000100,82.7086,X]
[35,F,0.830347,01000000,83.0347,X]
[145,F,0.837891,00000001,83.7891,X]
[85,F,0.844664,00000100,84.4664,X]
[115,F,0.849803,00000010,84.9803,X]
[146,F,0.850586,00000001,85.0586,X]
[24,F,0.857691,10000000,85.7691,X]
[36,F,0.870386,01000000,87.0386,X]
[86,F,0.873961,00000100,87.3961,X]
[25,F,0.878198,10000000,87.8198,X]
[26,F,0.880152,10000000,88.0152,X]
[87,F,0.883727,00000100,88.3727,X]
[147,F,0.897461,00000001,89.7461,X]
[116,F,0.898631,00000010,89.8631,X]
[88,F,0.905211,00000100,90.5211,X]
[148,F,0.90625,00000001,90.625,X]
[117,F,0.91035,00000010,91.035,X]
[76,F,0.92048,00001000,92.048,X]
[37,F,0.928003,01000000,92.8003,X]
[60,F,0.928217,00010000,92.8217,X]
[89,F,0.936461,00000100,93.6461,X]
[61,F,0.937983,00010000,93.7983,X]
[118,F,0.93867,00000010,93.867,X]
[38,F,0.940698,01000000,94.0698,X]
[149,F,0.942383,00000001,94.2383,X]
[27,F,0.949487,10000000,94.9487,X]
[150,F,0.96582,00000001,96.582,X]
[119,F,0.97285,00000010,97.285,X]
[90,F,0.988219,00000100,98.8219,X]
[151,F,0.989258,00000001,98.9258,X]
GUIDE_TREE_PARTITION1=(((((((t1:35.52,t2:35.52):26.01,t3:61.53):1.41,t4:62.94):4.68,t5:67.62):3.48,t6:71.1):15.99,t7:87.09):12.91,t8:100);
