Taxa bit representation:
t1 10000000
t2 01000000
t3 00100000
t4 00010000
t5 00001000
t6 00000100
t7 00000010
t8 00000001
Clade List (<taxon members> = <clade name>): 

>Dataset_0
[22,F,0.0947266,00001111,9.47266,X]
[0,F,0.0976562,11110000,9.76562,X]
[1,F,0.0996094,11110000,9.96094,X]
[2,F,0.100586,11110000,10.0586,X]
[23,F,0.107422,00001111,10.7422,X]
[3,F,0.15625,11110000,15.625,X]
[24,F,0.191406,00001111,19.1406,X]
[4,F,0.224609,11110000,22.4609,X]
[5,F,0.265625,11110000,26.5625,X]
[25,F,0.305664,00001111,30.5664,X]
[26,F,0.435547,00001111,43.5547,X]
[27,F,0.49707,00001111,49.707,X]
[28,F,0.520508,00001111,52.0508,X]
[6,F,0.522461,11110000,52.2461,X]
[7,F,0.585938,11110000,58.5938,X]
[29,F,0.65625,00001111,65.625,X]
[8,F,0.665039,11110000,66.5039,X]
[30,F,0.689453,00001111,68.9453,X]
[31,F,0.693359,00001111,69.3359,X]
[32,F,0.729492,00001111,72.9492,X]
[9,F,0.74707,11110000,74.707,X]
[10,F,0.773438,11110000,77.3438,X]
[33,F,0.778545,00001100,77.8545,X]
[11,F,0.823242,11110000,82.3242,X]
[43,F,0.832256,00000011,83.2256,X]
[44,F,0.864483,00000011,86.4483,X]
[45,F,0.879131,00000011,87.9131,X]
[46,F,0.884014,00000011,88.4014,X]
[47,F,0.886944,00000011,88.6944,X]
[36,F,0.889222,00000100,88.9222,X]
[37,F,0.892152,00000100,89.2152,X]
[34,F,0.904847,00001000,90.4847,X]
[35,F,0.907777,00001000,90.7777,X]
[38,F,0.912659,00000100,91.2659,X]
[39,F,0.915589,00000100,91.5589,X]
[40,F,0.920472,00000100,92.0472,X]
[15,F,0.930155,00110000,93.0155,X]
[16,F,0.94578,00110000,94.578,X]
[41,F,0.958558,00000100,95.8558,X]
[42,F,0.960511,00000100,96.0511,X]
[17,F,0.968241,00110000,96.8241,X]
[12,F,0.976191,10000000,97.6191,X]
[48,F,0.977577,00000010,97.7577,X]
[20,F,0.979553,00010000,97.9553,X]
[14,F,0.980097,01000000,98.0097,X]
[18,F,0.983459,00100000,98.3459,X]
[21,F,0.989319,00010000,98.9319,X]
[19,F,0.990295,00100000,99.0295,X]
[13,F,0.997675,10000000,99.7675,X]
GUIDE_TREE_PARTITION1=(((t1:4.92,t2:4.92):3.92,(t3:2.24,t4:2.24):6.6):91.16,((t5:15.57,t6:15.57):10.97,(t7:2.34,t8:2.34):24.2):73.46);
