Taxa bit representation:
t1 10000000
t2 01000000
t3 00100000
t4 00010000
t5 00001000
t6 00000100
t7 00000010
t8 00000001
Clade List (<taxon members> = <clade name>): 

>Dataset_0
[0,F,0.0166016,11111110,1.66016,X]
[1,F,0.0449219,11111110,4.49219,X]
[2,F,0.0634766,11111110,6.34766,X]
[3,F,0.0997844,11111100,9.97844,X]
[99,F,0.102539,00000001,10.2539,X]
[100,F,0.117188,00000001,11.7188,X]
[101,F,0.139648,00000001,13.9648,X]
[4,F,0.141777,11111100,14.1777,X]
[102,F,0.205078,00000001,20.5078,X]
[5,F,0.205253,11111100,20.5253,X]
[81,F,0.212089,00000010,21.2089,X]
[103,F,0.217773,00000001,21.7773,X]
[82,F,0.227714,00000010,22.7714,X]
[104,F,0.230469,00000001,23.0469,X]
[6,F,0.23162,11111100,23.162,X]
[105,F,0.233398,00000001,23.3398,X]
[83,F,0.236503,00000010,23.6503,X]
[7,F,0.252636,11111000,25.2636,X]
[106,F,0.259766,00000001,25.9766,X]
[84,F,0.260917,00000010,26.0917,X]
[85,F,0.274589,00000010,27.4589,X]
[41,F,0.288583,00001000,28.8583,X]
[107,F,0.291016,00000001,29.1016,X]
[86,F,0.306816,00000010,30.6816,X]
[63,F,0.313183,00000100,31.3183,X]
[108,F,0.313477,00000001,31.3477,X]
[87,F,0.326347,00000010,32.6347,X]
[64,F,0.34248,00000100,34.248,X]
[42,F,0.351083,00001000,35.1083,X]
[8,F,0.358895,11110000,35.8895,X]
[65,F,0.365917,00000100,36.5917,X]
[66,F,0.37373,00000100,37.373,X]
[109,F,0.380859,00000001,38.0859,X]
[110,F,0.386719,00000001,38.6719,X]
[111,F,0.391602,00000001,39.1602,X]
[67,F,0.403027,00000100,40.3027,X]
[9,F,0.414559,11110000,41.4559,X]
[68,F,0.421581,00000100,42.1581,X]
[10,F,0.423348,11110000,42.3348,X]
[112,F,0.426758,00000001,42.6758,X]
[43,F,0.429208,00001000,42.9208,X]
[69,F,0.444042,00000100,44.4042,X]
[44,F,0.445809,00001000,44.5809,X]
[113,F,0.456055,00000001,45.6055,X]
[45,F,0.460458,00001000,46.0458,X]
[46,F,0.464364,00001000,46.4364,X]
[11,F,0.465341,11110000,46.5341,X]
[12,F,0.466317,11110000,46.6317,X]
[114,F,0.466797,00000001,46.6797,X]
[13,F,0.479013,11110000,47.9012,X]
[88,F,0.505058,00000010,50.5058,X]
[115,F,0.522461,00000001,52.2461,X]
[14,F,0.522958,11110000,52.2958,X]
[116,F,0.52832,00000001,52.832,X]
[117,F,0.535156,00000001,53.5156,X]
[70,F,0.536816,00000100,53.6816,X]
[15,F,0.538583,11110000,53.8583,X]
[47,F,0.554208,00001000,55.4208,X]
[48,F,0.556161,00001000,55.6161,X]
[31,F,0.572261,00010000,57.2261,X]
[71,F,0.587597,00000100,58.7597,X]
[49,F,0.59913,00001000,59.913,X]
[89,F,0.603691,00000010,60.3691,X]
[118,F,0.611328,00000001,61.1328,X]
[72,F,0.616894,00000100,61.6894,X]
[16,F,0.622066,11100000,62.2066,X]
[32,F,0.635737,00010000,63.5737,X]
[33,F,0.675777,00010000,67.5777,X]
[90,F,0.678886,00000010,67.8886,X]
[50,F,0.681161,00001000,68.1161,X]
[73,F,0.681347,00000100,68.1347,X]
[74,F,0.693066,00000100,69.3066,X]
[51,F,0.696786,00001000,69.6786,X]
[52,F,0.708505,00001000,70.8505,X]
[53,F,0.710458,00001000,71.0458,X]
[54,F,0.719247,00001000,71.9247,X]
[91,F,0.729667,00000010,72.9667,X]
[75,F,0.731152,00000100,73.1152,X]
[92,F,0.732597,00000010,73.2597,X]
[27,F,0.74023,00100000,74.023,X]
[76,F,0.740917,00000100,74.0917,X]
[34,F,0.741206,00010000,74.1206,X]
[35,F,0.742183,00010000,74.2183,X]
[55,F,0.743661,00001000,74.3661,X]
[119,F,0.744141,00000001,74.4141,X]
[56,F,0.75538,00001000,75.538,X]
[120,F,0.756836,00000001,75.6836,X]
[121,F,0.762695,00000001,76.2695,X]
[122,F,0.772461,00000001,77.2461,X]
[57,F,0.78663,00001000,78.663,X]
[123,F,0.791992,00000001,79.1992,X]
[124,F,0.801758,00000001,80.1758,X]
[58,F,0.81495,00001000,81.495,X]
[17,F,0.824814,10000000,82.4814,X]
[36,F,0.825191,00010000,82.5191,X]
[28,F,0.827144,00100000,82.7144,X]
[18,F,0.836533,10000000,83.6533,X]
[19,F,0.839463,10000000,83.9463,X]
[125,F,0.847656,00000001,84.7656,X]
[93,F,0.854667,00000010,85.4667,X]
[126,F,0.855469,00000001,85.5469,X]
[77,F,0.87373,00000100,87.373,X]
[20,F,0.875595,10000000,87.5595,X]
[37,F,0.881831,00010000,88.1831,X]
[59,F,0.887216,00001000,88.7216,X]
[60,F,0.889169,00001000,88.9169,X]
[21,F,0.89122,10000000,89.122,X]
[22,F,0.892197,10000000,89.2197,X]
[38,F,0.892573,00010000,89.2573,X]
[78,F,0.901073,00000100,90.1073,X]
[29,F,0.906245,00100000,90.6245,X]
[23,F,0.909775,10000000,90.9775,X]
[94,F,0.914238,00000010,91.4237,X]
[95,F,0.933769,00000010,93.3769,X]
[127,F,0.941406,00000001,94.1406,X]
[25,F,0.942002,01000000,94.2002,X]
[61,F,0.94288,00001000,94.288,X]
[30,F,0.944331,00100000,94.4331,X]
[128,F,0.944336,00000001,94.4336,X]
[24,F,0.946884,10000000,94.6884,X]
[79,F,0.946972,00000100,94.6972,X]
[129,F,0.948242,00000001,94.8242,X]
[26,F,0.957627,01000000,95.7627,X]
[96,F,0.959159,00000010,95.9159,X]
[80,F,0.959667,00000100,95.9667,X]
[62,F,0.960458,00001000,96.0458,X]
[39,F,0.973628,00010000,97.3628,X]
[130,F,0.975586,00000001,97.5586,X]
[97,F,0.975761,00000010,97.5761,X]
[98,F,0.98162,00000010,98.162,X]
[40,F,0.993159,00010000,99.3159,X]
GUIDE_TREE_PARTITION1=(((((((t1:26.21,t2:26.21):0.06,t3:26.27):18.75,t4:45.02):26.61,t5:71.63):3.79,t6:75.42):16.75,t7:92.17):7.83,t8:100);
