Taxa bit representation:
t1 10000000
t2 01000000
t3 00100000
t4 00010000
t5 00001000
t6 00000100
t7 00000010
t8 00000001
Clade List (<taxon members> = <clade name>): 

>Dataset_0
[17,F,0.0205078,00001111,2.05078,X]
[0,F,0.0351562,11110000,3.51562,X]
[18,F,0.160961,00001100,16.0961,X]
[34,F,0.206859,00000011,20.6859,X]
[35,F,0.308422,00000011,30.8422,X]
[19,F,0.322094,00001100,32.2094,X]
[20,F,0.356273,00001100,35.6273,X]
[36,F,0.397289,00000011,39.7289,X]
[37,F,0.461742,00000011,46.1742,X]
[38,F,0.488109,00000011,48.8109,X]
[1,F,0.551542,11000000,55.1542,X]
[2,F,0.568144,11000000,56.8144,X]
[39,F,0.583813,00000011,58.3813,X]
[3,F,0.607206,11000000,60.7206,X]
[4,F,0.610136,11000000,61.0136,X]
[27,F,0.637906,00000100,63.7906,X]
[40,F,0.659008,00000011,65.9008,X]
[5,F,0.683378,11000000,68.3378,X]
[13,F,0.689237,00110000,68.9237,X]
[6,F,0.711698,11000000,71.1698,X]
[7,F,0.712675,11000000,71.2675,X]
[28,F,0.745328,00000100,74.5328,X]
[21,F,0.754117,00001000,75.4117,X]
[41,F,0.754763,00000010,75.4762,X]
[42,F,0.774294,00000010,77.4294,X]
[14,F,0.777128,00110000,77.7128,X]
[22,F,0.779508,00001000,77.9508,X]
[29,F,0.789273,00000100,78.9273,X]
[30,F,0.809781,00000100,80.9781,X]
[43,F,0.836794,00000010,83.6794,X]
[15,F,0.85037,00110000,85.037,X]
[23,F,0.85275,00001000,85.275,X]
[8,F,0.859819,10000000,85.9819,X]
[24,F,0.877164,00001000,87.7164,X]
[25,F,0.878141,00001000,87.8141,X]
[31,F,0.879117,00000100,87.9117,X]
[32,F,0.885953,00000100,88.5953,X]
[10,F,0.892045,01000000,89.2045,X]
[11,F,0.908647,01000000,90.8647,X]
[45,F,0.93152,00000001,93.152,X]
[33,F,0.944547,00000100,94.4547,X]
[12,F,0.945756,01000000,94.5756,X]
[26,F,0.957242,00001000,95.7242,X]
[44,F,0.96277,00000010,96.277,X]
[9,F,0.979936,10000000,97.9936,X]
[16,F,0.987178,00100000,98.7178,X]
GUIDE_TREE_PARTITION1=(((t1:27.69,t2:27.69):18.23,(t3:9.29,t4:9.29):36.63):54.08,((t5:42.85,t6:42.85):43.3,(t7:28.43,t8:28.43):57.72):13.85);
