Taxa bit representation:
t1 10000000
t2 01000000
t3 00100000
t4 00010000
t5 00001000
t6 00000100
t7 00000010
t8 00000001
Clade List (<taxon members> = <clade name>): 

>Dataset_0
[0,F,0.112305,11110000,11.2305,X]
[1,F,0.171875,11110000,17.1875,X]
[2,F,0.202148,11110000,20.2148,X]
[5,F,0.46463,00110000,46.463,X]
[6,F,0.506622,00110000,50.6622,X]
[7,F,0.633575,00110000,63.3575,X]
[8,F,0.642364,00110000,64.2364,X]
[9,F,0.647247,00110000,64.7247,X]
[13,F,0.696495,00000001,69.6495,X]
[14,F,0.862511,00000001,86.2511,X]
[12,F,0.87688,00000100,87.688,X]
[10,F,0.906036,00110000,90.6036,X]
[3,F,0.928562,01000000,92.8562,X]
[11,F,0.931427,00110000,93.1427,X]
[4,F,0.935398,01000000,93.5398,X]
GUIDE_TREE_PARTITION1=(((t1:23.55,t2:23.55):36.53,(t3:2.49,t4:2.49):57.59):39.92,((t5:46.98,t6:46.98):11.17,(t7:37.87,t8:37.87):20.28):41.85);
