Taxa bit representation:
t1 10000000
t2 01000000
t3 00100000
t4 00010000
t5 00001000
t6 00000100
t7 00000010
t8 00000001
Clade List (<taxon members> = <clade name>): 

>Dataset_0
[69,F,0.0214844,00000011,2.14844,X]
[70,F,0.0283203,00000011,2.83203,X]
[0,F,0.0361328,11111100,3.61328,X]
[1,F,0.0566406,11111100,5.66406,X]
[71,F,0.0742188,00000011,7.42188,X]
[2,F,0.0888672,11111100,8.88672,X]
[72,F,0.0996094,00000011,9.96094,X]
[3,F,0.103516,11111100,10.3516,X]
[73,F,0.106445,00000011,10.6445,X]
[74,F,0.126953,00000011,12.6953,X]
[4,F,0.144531,11111100,14.4531,X]
[75,F,0.146484,00000011,14.6484,X]
[76,F,0.162109,00000011,16.2109,X]
[77,F,0.168945,00000011,16.8945,X]
[78,F,0.189453,00000011,18.9453,X]
[5,F,0.212891,11111100,21.2891,X]
[79,F,0.226562,00000011,22.6562,X]
[80,F,0.262695,00000011,26.2695,X]
[81,F,0.271484,00000011,27.1484,X]
[82,F,0.282227,00000011,28.2227,X]
[100,F,0.298819,00000001,29.8819,X]
[48,F,0.308031,00001100,30.8031,X]
[6,F,0.308031,11110000,30.8031,X]
[49,F,0.311938,00001100,31.1938,X]
[50,F,0.324633,00001100,32.4633,X]
[101,F,0.34667,00000001,34.667,X]
[51,F,0.357836,00001100,35.7836,X]
[83,F,0.360342,00000010,36.0342,X]
[52,F,0.364672,00001100,36.4672,X]
[53,F,0.374438,00001100,37.4438,X]
[84,F,0.379873,00000010,37.9873,X]
[102,F,0.38085,00000001,38.085,X]
[54,F,0.399828,00001100,39.9828,X]
[103,F,0.416006,00000001,41.6006,X]
[104,F,0.419913,00000001,41.9913,X]
[55,F,0.422289,00001100,42.2289,X]
[37,F,0.430586,00010000,43.0586,X]
[7,F,0.439375,11100000,43.9375,X]
[8,F,0.441328,11100000,44.1328,X]
[85,F,0.442373,00000010,44.2373,X]
[105,F,0.445303,00000001,44.5303,X]
[106,F,0.44628,00000001,44.628,X]
[9,F,0.459883,11100000,45.9883,X]
[38,F,0.461836,00010000,46.1836,X]
[56,F,0.475023,00001100,47.5023,X]
[39,F,0.48332,00010000,48.332,X]
[57,F,0.503344,00001100,50.3344,X]
[58,F,0.511156,00001100,51.1156,X]
[10,F,0.511641,11100000,51.1641,X]
[107,F,0.514639,00000001,51.4639,X]
[86,F,0.535147,00000010,53.5147,X]
[59,F,0.550219,00001100,55.0219,X]
[60,F,0.561937,00001100,56.1937,X]
[40,F,0.564375,00010000,56.4375,X]
[11,F,0.569258,11100000,56.9258,X]
[12,F,0.576094,11100000,57.6094,X]
[13,F,0.579023,11100000,57.9023,X]
[14,F,0.610273,11100000,61.0273,X]
[108,F,0.622061,00000001,62.2061,X]
[41,F,0.633711,00010000,63.3711,X]
[15,F,0.6425,11100000,64.25,X]
[87,F,0.653311,00000010,65.3311,X]
[61,F,0.679125,00001100,67.9125,X]
[88,F,0.687491,00000010,68.7491,X]
[42,F,0.690352,00010000,69.0352,X]
[109,F,0.698233,00000001,69.8233,X]
[43,F,0.717695,00010000,71.7695,X]
[62,F,0.719164,00001100,71.9164,X]
[89,F,0.728506,00000010,72.8506,X]
[90,F,0.736319,00000010,73.6319,X]
[16,F,0.741213,11000000,74.1213,X]
[110,F,0.745108,00000001,74.5108,X]
[17,F,0.750002,11000000,75.0002,X]
[91,F,0.750967,00000010,75.0967,X]
[63,F,0.768969,00001100,76.8969,X]
[92,F,0.779288,00000010,77.9288,X]
[29,F,0.782228,00100000,78.2228,X]
[26,F,0.786719,01000000,78.6719,X]
[18,F,0.787695,10000000,78.7695,X]
[19,F,0.791602,10000000,79.1602,X]
[64,F,0.793383,00001100,79.3383,X]
[111,F,0.796866,00000001,79.6866,X]
[20,F,0.797461,10000000,79.7461,X]
[93,F,0.802725,00000010,80.2725,X]
[112,F,0.803702,00000001,80.3702,X]
[30,F,0.816408,00100000,81.6408,X]
[65,F,0.82268,00001100,82.268,X]
[31,F,0.83008,00100000,83.008,X]
[21,F,0.833594,10000000,83.3594,X]
[94,F,0.836905,00000010,83.6905,X]
[95,F,0.839834,00000010,83.9834,X]
[32,F,0.841798,00100000,84.1798,X]
[22,F,0.846289,10000000,84.6289,X]
[113,F,0.850577,00000001,85.0577,X]
[96,F,0.856436,00000010,85.6436,X]
[33,F,0.862306,00100000,86.2306,X]
[34,F,0.863283,00100000,86.3283,X]
[114,F,0.867178,00000001,86.7178,X]
[23,F,0.870703,10000000,87.0703,X]
[24,F,0.880469,10000000,88.0469,X]
[68,F,0.90162,00000100,90.162,X]
[35,F,0.914064,00100000,91.4064,X]
[115,F,0.918936,00000001,91.8936,X]
[97,F,0.926748,00000010,92.6748,X]
[44,F,0.929609,00010000,92.9609,X]
[66,F,0.931894,00001000,93.1894,X]
[45,F,0.946211,00010000,94.6211,X]
[27,F,0.950781,01000000,95.0781,X]
[98,F,0.951163,00000010,95.1163,X]
[46,F,0.95207,00010000,95.207,X]
[67,F,0.960214,00001000,96.0214,X]
[99,F,0.978506,00000010,97.8506,X]
[36,F,0.985353,00100000,98.5353,X]
[47,F,0.988203,00010000,98.8203,X]
[25,F,0.988867,10000000,98.8867,X]
[28,F,0.991797,01000000,99.1797,X]
GUIDE_TREE_PARTITION1=(((((t1:22.5,t2:22.5):10.41,t3:32.91):27.84,t4:60.75):10.4,(t5:12.67,t6:12.67):58.48):28.85,(t7:71.29,t8:71.29):28.71);
