Taxa bit representation:
t1 10000000
t2 01000000
t3 00100000
t4 00010000
t5 00001000
t6 00000100
t7 00000010
t8 00000001
Clade List (<taxon members> = <clade name>): 

>Dataset_0
[32,F,0.0078125,00000001,0.78125,X]
[25,F,0.112306,00000010,11.2306,X]
[26,F,0.114259,00000010,11.4259,X]
[0,F,0.124025,11111100,12.4025,X]
[1,F,0.341798,11111100,34.1798,X]
[2,F,0.351564,11111100,35.1564,X]
[27,F,0.365236,00000010,36.5236,X]
[3,F,0.370119,11111100,37.0119,X]
[4,F,0.375978,11111100,37.5978,X]
[33,F,0.402344,00000001,40.2344,X]
[5,F,0.404091,11111000,40.4091,X]
[34,F,0.410156,00000001,41.0156,X]
[6,F,0.447059,11111000,44.7059,X]
[19,F,0.450966,00000100,45.0966,X]
[35,F,0.454102,00000001,45.4102,X]
[28,F,0.467775,00000010,46.7775,X]
[36,F,0.476562,00000001,47.6562,X]
[7,F,0.478309,11111000,47.8309,X]
[20,F,0.505653,00000100,50.5653,X]
[21,F,0.525184,00000100,52.5184,X]
[8,F,0.542762,11111000,54.2762,X]
[29,F,0.627931,00000010,62.7931,X]
[37,F,0.683594,00000001,68.3594,X]
[30,F,0.685548,00000010,68.5548,X]
[14,F,0.695984,00010000,69.5984,X]
[17,F,0.708494,00001000,70.8494,X]
[22,F,0.72538,00000100,72.538,X]
[9,F,0.752752,10000000,75.2752,X]
[15,F,0.764344,00010000,76.4344,X]
[11,F,0.765255,00100000,76.5255,X]
[38,F,0.780273,00000001,78.0273,X]
[39,F,0.795898,00000001,79.5898,X]
[16,F,0.806336,00010000,80.6336,X]
[10,F,0.837712,01000000,83.7712,X]
[12,F,0.876583,00100000,87.6583,X]
[23,F,0.889442,00000100,88.9442,X]
[18,F,0.952634,00001000,95.2634,X]
[13,F,0.96252,00100000,96.252,X]
[24,F,0.982216,00000100,98.2216,X]
[31,F,0.996095,00000010,99.6095,X]
GUIDE_TREE_PARTITION1=(((((((t1:29.51,t2:29.51):2.07,t3:31.58):0.97,t4:32.55):2.46,t5:35.01):27.12,t6:62.13):33.28,t7:95.41):4.59,t8:100);
