Taxa bit representation:
t1 10000000
t2 01000000
t3 00100000
t4 00010000
t5 00001000
t6 00000100
t7 00000010
t8 00000001
Clade List (<taxon members> = <clade name>): 

>Dataset_0
[52,F,0.015625,00001111,1.5625,X]
[53,F,0.0195312,00001111,1.95312,X]
[54,F,0.0234375,00001111,2.34375,X]
[55,F,0.0634766,00001111,6.34766,X]
[56,F,0.111328,00001111,11.1328,X]
[0,F,0.142578,11110000,14.2578,X]
[1,F,0.149414,11110000,14.9414,X]
[57,F,0.15332,00001111,15.332,X]
[58,F,0.178711,00001111,17.8711,X]
[59,F,0.201172,00001111,20.1172,X]
[2,F,0.253906,11110000,25.3906,X]
[60,F,0.253906,00001111,25.3906,X]
[3,F,0.258789,11110000,25.8789,X]
[4,F,0.279297,11110000,27.9297,X]
[61,F,0.291992,00001111,29.1992,X]
[5,F,0.301758,11110000,30.1758,X]
[6,F,0.367188,11110000,36.7188,X]
[7,F,0.380859,11110000,38.0859,X]
[27,F,0.448877,00110000,44.8877,X]
[62,F,0.460938,00001111,46.0938,X]
[28,F,0.477197,00110000,47.7197,X]
[8,F,0.489892,11000000,48.9892,X]
[29,F,0.527002,00110000,52.7002,X]
[30,F,0.551416,00110000,55.1416,X]
[9,F,0.557275,11000000,55.7275,X]
[63,F,0.558594,00001111,55.8594,X]
[31,F,0.559228,00110000,55.9228,X]
[10,F,0.571923,11000000,57.1923,X]
[11,F,0.588525,11000000,58.8525,X]
[12,F,0.591455,11000000,59.1455,X]
[32,F,0.595361,00110000,59.5361,X]
[75,F,0.61342,00000011,61.342,X]
[33,F,0.616845,00110000,61.6845,X]
[34,F,0.623681,00110000,62.3681,X]
[64,F,0.64467,00001100,64.467,X]
[76,F,0.652483,00000011,65.2483,X]
[35,F,0.665673,00110000,66.5673,X]
[36,F,0.671533,00110000,67.1533,X]
[37,F,0.685205,00110000,68.5205,X]
[20,F,0.704525,01000000,70.4525,X]
[38,F,0.714502,00110000,71.4502,X]
[77,F,0.727678,00000011,72.7678,X]
[13,F,0.727963,10000000,72.7963,X]
[78,F,0.731584,00000011,73.1584,X]
[39,F,0.737939,00110000,73.7939,X]
[65,F,0.748683,00001000,74.8683,X]
[66,F,0.750636,00001000,75.0636,X]
[21,F,0.760189,01000000,76.0189,X]
[40,F,0.764306,00110000,76.4306,X]
[14,F,0.768002,10000000,76.8002,X]
[70,F,0.781886,00000100,78.1886,X]
[71,F,0.787745,00000100,78.7745,X]
[72,F,0.788722,00000100,78.8722,X]
[22,F,0.789486,01000000,78.9486,X]
[15,F,0.792416,10000000,79.2416,X]
[41,F,0.795556,00110000,79.5556,X]
[23,F,0.809994,01000000,80.9994,X]
[82,F,0.812913,00000001,81.2913,X]
[79,F,0.814866,00000010,81.4866,X]
[42,F,0.834042,00100000,83.4042,X]
[24,F,0.839291,01000000,83.9291,X]
[83,F,0.845139,00000001,84.5139,X]
[84,F,0.846116,00000001,84.6116,X]
[43,F,0.846738,00100000,84.6737,X]
[44,F,0.853573,00100000,85.3573,X]
[16,F,0.855892,10000000,85.5892,X]
[85,F,0.856858,00000001,85.6858,X]
[45,F,0.862363,00100000,86.2362,X]
[17,F,0.867611,10000000,86.7611,X]
[86,F,0.876389,00000001,87.6389,X]
[73,F,0.877589,00000100,87.7589,X]
[67,F,0.902003,00001000,90.2003,X]
[80,F,0.904709,00000010,90.4709,X]
[48,F,0.909238,00010000,90.9237,X]
[25,F,0.911556,01000000,91.1556,X]
[87,F,0.917405,00000001,91.7405,X]
[74,F,0.918605,00000100,91.8605,X]
[68,F,0.921534,00001000,92.1534,X]
[81,F,0.940842,00000010,94.0842,X]
[49,F,0.95123,00010000,95.123,X]
[18,F,0.952572,10000000,95.2572,X]
[50,F,0.963925,00010000,96.3925,X]
[51,F,0.969784,00010000,96.9784,X]
[26,F,0.982845,01000000,98.2845,X]
[46,F,0.986386,00100000,98.6386,X]
[69,F,0.989894,00001000,98.9894,X]
[88,F,0.990647,00000001,99.0647,X]
[19,F,0.99847,10000000,99.847,X]
[47,F,0.999081,00100000,99.9081,X]
GUIDE_TREE_PARTITION1=(((t1:31.11,t2:31.11):30.35,(t3:17.67,t4:17.67):43.79):38.54,((t5:25.62,t6:25.62):15.87,(t7:19.49,t8:19.49):22):58.51);
