Taxa bit representation:
t1 10000000
t2 01000000
t3 00100000
t4 00010000
t5 00001000
t6 00000100
t7 00000010
t8 00000001
Clade List (<taxon members> = <clade name>): 

>Dataset_0
[33,F,0.0292969,00000001,2.92969,X]
[0,F,0.0439453,11111110,4.39453,X]
[1,F,0.0654297,11111110,6.54297,X]
[2,F,0.0830078,11111110,8.30078,X]
[34,F,0.126953,00000001,12.6953,X]
[23,F,0.187767,00000010,18.7767,X]
[12,F,0.241887,00000100,24.1887,X]
[3,F,0.24677,11111000,24.677,X]
[35,F,0.28418,00000001,28.418,X]
[24,F,0.319603,00000010,31.9603,X]
[13,F,0.350286,00000100,35.0286,X]
[14,F,0.370794,00000100,37.0794,X]
[25,F,0.424095,00000010,42.4095,X]
[15,F,0.436223,00000100,43.6223,X]
[36,F,0.446289,00000001,44.6289,X]
[37,F,0.481445,00000001,48.1445,X]
[16,F,0.492864,00000100,49.2864,X]
[17,F,0.529973,00000100,52.9973,X]
[38,F,0.540039,00000001,54.0039,X]
[18,F,0.551458,00000100,55.1458,X]
[39,F,0.567383,00000001,56.7383,X]
[26,F,0.585228,00000010,58.5228,X]
[27,F,0.642845,00000010,64.2845,X]
[28,F,0.654564,00000010,65.4564,X]
[40,F,0.713867,00000001,71.3867,X]
[29,F,0.72097,00000010,72.097,X]
[19,F,0.722356,00000100,72.2356,X]
[9,F,0.726003,00001000,72.6003,X]
[4,F,0.734473,11100000,73.4473,X]
[41,F,0.761719,00000001,76.1719,X]
[20,F,0.762395,00000100,76.2395,X]
[42,F,0.762695,00000001,76.2695,X]
[8,F,0.777195,00100000,77.7195,X]
[21,F,0.779973,00000100,77.9973,X]
[10,F,0.781667,00001000,78.1667,X]
[5,F,0.784031,11000000,78.4031,X]
[43,F,0.803711,00000001,80.3711,X]
[22,F,0.827825,00000100,82.7825,X]
[30,F,0.830345,00000010,83.0345,X]
[11,F,0.878347,00001000,87.8347,X]
[31,F,0.893822,00000010,89.3822,X]
[32,F,0.901634,00000010,90.1634,X]
[6,F,0.933164,01000000,93.3164,X]
[7,F,0.935117,01000000,93.5117,X]
[44,F,0.983398,00000001,98.3398,X]
GUIDE_TREE_PARTITION1=(((((((t1:12.25,t2:12.25):11.3,t3:23.55):6.03,t4:29.58):7.39,t5:36.97):44.31,t6:81.28):2.58,t7:83.86):16.14,t8:100);
