Taxa bit representation:
t1 10000000
t2 01000000
t3 00100000
t4 00010000
t5 00001000
t6 00000100
t7 00000010
t8 00000001
Clade List (<taxon members> = <clade name>): 

>Dataset_0
[80,F,0.0185547,00000001,1.85547,X]
[0,F,0.0341797,11111110,3.41797,X]
[1,F,0.0458984,11111110,4.58984,X]
[2,F,0.0478516,11111110,4.78516,X]
[3,F,0.0556641,11111110,5.56641,X]
[81,F,0.0615234,00000001,6.15234,X]
[82,F,0.0742188,00000001,7.42188,X]
[4,F,0.165039,11111110,16.5039,X]
[5,F,0.227539,11111110,22.7539,X]
[6,F,0.233398,11111110,23.3398,X]
[7,F,0.274414,11111110,27.4414,X]
[8,F,0.285156,11111110,28.5156,X]
[83,F,0.287109,00000001,28.7109,X]
[9,F,0.30957,11111110,30.957,X]
[84,F,0.31543,00000001,31.543,X]
[85,F,0.316406,00000001,31.6406,X]
[10,F,0.31723,11111100,31.723,X]
[11,F,0.327972,11111100,32.7972,X]
[86,F,0.330078,00000001,33.0078,X]
[87,F,0.337891,00000001,33.7891,X]
[12,F,0.372894,11111100,37.2894,X]
[88,F,0.375977,00000001,37.5977,X]
[13,F,0.377777,11111100,37.7777,X]
[89,F,0.385742,00000001,38.5742,X]
[90,F,0.40918,00000001,40.918,X]
[14,F,0.432531,11111000,43.2531,X]
[48,F,0.439367,00000100,43.9367,X]
[49,F,0.452063,00000100,45.2063,X]
[62,F,0.452972,00000010,45.2972,X]
[63,F,0.453948,00000010,45.3948,X]
[50,F,0.454016,00000100,45.4016,X]
[64,F,0.455902,00000010,45.5902,X]
[65,F,0.480316,00000010,48.0316,X]
[66,F,0.491058,00000010,49.1058,X]
[51,F,0.494055,00000100,49.4055,X]
[67,F,0.507659,00000010,50.7659,X]
[15,F,0.511633,11111000,51.1633,X]
[68,F,0.526214,00000010,52.6214,X]
[91,F,0.538086,00000001,53.8086,X]
[69,F,0.543792,00000010,54.3792,X]
[16,F,0.547766,11111000,54.7766,X]
[70,F,0.566253,00000010,56.6253,X]
[92,F,0.569336,00000001,56.9336,X]
[52,F,0.588781,00000100,58.8781,X]
[53,F,0.60343,00000100,60.343,X]
[71,F,0.606292,00000010,60.6292,X]
[93,F,0.607422,00000001,60.7422,X]
[94,F,0.613281,00000001,61.3281,X]
[17,F,0.617102,11111000,61.7102,X]
[72,F,0.62387,00000010,62.387,X]
[18,F,0.648352,11111000,64.8352,X]
[54,F,0.663977,00000100,66.3977,X]
[40,F,0.669372,00001000,66.9372,X]
[55,F,0.682531,00000100,68.2531,X]
[56,F,0.683508,00000100,68.3508,X]
[95,F,0.706055,00000001,70.6055,X]
[19,F,0.723072,11000000,72.3072,X]
[57,F,0.735266,00000100,73.5266,X]
[31,F,0.73603,00010000,73.603,X]
[20,F,0.74065,11000000,74.065,X]
[58,F,0.754797,00000100,75.4797,X]
[28,F,0.764087,00100000,76.4087,X]
[21,F,0.792408,11000000,79.2408,X]
[41,F,0.816833,00001000,81.6833,X]
[32,F,0.817084,00010000,81.7084,X]
[73,F,0.837738,00000010,83.7738,X]
[42,F,0.84027,00001000,84.027,X]
[43,F,0.8432,00001000,84.32,X]
[59,F,0.844641,00000100,84.4641,X]
[74,F,0.84555,00000010,84.555,X]
[33,F,0.847358,00010000,84.7358,X]
[75,F,0.849456,00000010,84.9456,X]
[44,F,0.852966,00001000,85.2966,X]
[45,F,0.860778,00001000,86.0778,X]
[29,F,0.863697,00100000,86.3697,X]
[34,F,0.873725,00010000,87.3725,X]
[22,F,0.877369,11000000,87.7369,X]
[96,F,0.87793,00000001,87.793,X]
[60,F,0.880773,00000100,88.0773,X]
[35,F,0.897162,00010000,89.7163,X]
[36,F,0.906928,00010000,90.6928,X]
[97,F,0.907227,00000001,90.7227,X]
[76,F,0.914886,00000010,91.4886,X]
[23,F,0.921992,10000000,92.1992,X]
[77,F,0.926605,00000010,92.6605,X]
[24,F,0.936641,01000000,93.6641,X]
[25,F,0.937617,01000000,93.7617,X]
[26,F,0.940547,01000000,94.0547,X]
[46,F,0.942809,00001000,94.2809,X]
[37,F,0.949897,00010000,94.9897,X]
[38,F,0.953803,00010000,95.3803,X]
[39,F,0.95478,00010000,95.478,X]
[27,F,0.957148,01000000,95.7148,X]
[30,F,0.961353,00100000,96.1353,X]
[98,F,0.97168,00000001,97.168,X]
[99,F,0.972656,00000001,97.2656,X]
[78,F,0.97348,00000010,97.348,X]
[79,F,0.975433,00000010,97.5433,X]
[47,F,0.976989,00001000,97.6989,X]
[61,F,0.981359,00000100,98.1359,X]
GUIDE_TREE_PARTITION1=(((((((t1:12,t2:12):17.06,t3:29.06):3.88,t4:32.94):1.49,t5:34.43):24.27,t6:58.7):9.87,t7:68.57):31.43,t8:100);
