Taxa bit representation:
t1 10000000
t2 01000000
t3 00100000
t4 00010000
t5 00001000
t6 00000100
t7 00000010
t8 00000001
Clade List (<taxon members> = <clade name>): 

>Dataset_0
[0,F,0.0465672,11111100,4.65672,X]
[13,F,0.195005,00000010,19.5005,X]
[14,F,0.291684,00000010,29.1684,X]
[9,F,0.30878,00000100,30.878,X]
[1,F,0.419502,11110000,41.9502,X]
[2,F,0.422431,11110000,42.2431,X]
[10,F,0.438662,00000100,43.8662,X]
[8,F,0.487861,00001000,48.7861,X]
[15,F,0.503598,00000010,50.3598,X]
[18,F,0.568359,00000001,56.8359,X]
[11,F,0.656436,00000100,65.6436,X]
[4,F,0.691048,00100000,69.1048,X]
[16,F,0.728208,00000010,72.8208,X]
[19,F,0.748047,00000001,74.8047,X]
[5,F,0.823861,00100000,82.3861,X]
[17,F,0.903989,00000010,90.3989,X]
[12,F,0.914248,00000100,91.4248,X]
[3,F,0.914681,11000000,91.4681,X]
[6,F,0.932259,00100000,93.2259,X]
[7,F,0.994364,00010000,99.4364,X]
GUIDE_TREE_PARTITION1=(((((((t1:1.83,t2:1.83):43.03,t3:44.86):11.27,t4:56.13):3.58,t5:59.71):12.83,t6:72.54):25.44,t7:97.98):2.02,t8:100);
