Taxa bit representation:
t1 10000000
t2 01000000
t3 00100000
t4 00010000
t5 00001000
t6 00000100
t7 00000010
t8 00000001
Clade List (<taxon members> = <clade name>): 

>Dataset_0
[10,F,0.0361328,00000011,3.61328,X]
[6,F,0.136148,00001100,13.6148,X]
[14,F,0.276611,00000001,27.6611,X]
[7,F,0.481852,00001100,48.1852,X]
[0,F,0.483637,11100000,48.3638,X]
[11,F,0.556884,00000010,55.6884,X]
[12,F,0.607666,00000010,60.7666,X]
[13,F,0.71997,00000010,71.997,X]
[3,F,0.802986,00100000,80.2986,X]
[4,F,0.812752,00100000,81.2752,X]
[2,F,0.828267,01000000,82.8267,X]
[5,F,0.853755,00010000,85.3755,X]
[1,F,0.922994,10000000,92.2994,X]
[8,F,0.955552,00001000,95.5552,X]
[9,F,0.981919,00000100,98.1919,X]
GUIDE_TREE_PARTITION1=(((((t1:19.81,t2:19.81):22.45,t3:42.26):17.97,t4:60.23):27.62,(t5:15.48,t6:15.48):72.37):12.15,(t7:83.96,t8:83.96):16.04);
