Taxa bit representation:
t1 10000000
t2 01000000
t3 00100000
t4 00010000
t5 00001000
t6 00000100
t7 00000010
t8 00000001
Clade List (<taxon members> = <clade name>): 

>Dataset_0
[0,F,0.0410156,11111110,4.10156,X]
[65,F,0.0693359,00000001,6.93359,X]
[1,F,0.0869141,11111110,8.69141,X]
[2,F,0.0908203,11111110,9.08203,X]
[66,F,0.09375,00000001,9.375,X]
[3,F,0.134766,11111110,13.4766,X]
[4,F,0.163086,11111110,16.3086,X]
[5,F,0.168945,11111110,16.8945,X]
[6,F,0.177734,11111110,17.7734,X]
[67,F,0.183594,00000001,18.3594,X]
[46,F,0.235983,00000010,23.5983,X]
[68,F,0.243164,00000001,24.3164,X]
[7,F,0.243795,11111100,24.3795,X]
[8,F,0.245748,11111100,24.5748,X]
[47,F,0.249655,00000010,24.9655,X]
[9,F,0.279928,11111100,27.9928,X]
[69,F,0.318359,00000001,31.8359,X]
[70,F,0.330078,00000001,33.0078,X]
[71,F,0.337891,00000001,33.7891,X]
[72,F,0.351562,00000001,35.1562,X]
[73,F,0.353516,00000001,35.3516,X]
[10,F,0.3561,11111100,35.61,X]
[11,F,0.365866,11111100,36.5866,X]
[48,F,0.378561,00000010,37.8561,X]
[49,F,0.381491,00000010,38.1491,X]
[12,F,0.382467,11111100,38.2467,X]
[74,F,0.400391,00000001,40.0391,X]
[13,F,0.433248,11111100,43.3248,X]
[75,F,0.456055,00000001,45.6055,X]
[50,F,0.47817,00000010,47.817,X]
[51,F,0.490866,00000010,49.0866,X]
[14,F,0.494772,11111100,49.4772,X]
[52,F,0.498678,00000010,49.8678,X]
[53,F,0.508444,00000010,50.8444,X]
[76,F,0.547852,00000001,54.7852,X]
[54,F,0.553366,00000010,55.3366,X]
[31,F,0.562656,00000100,56.2656,X]
[55,F,0.565084,00000010,56.5084,X]
[15,F,0.565586,11111000,56.5586,X]
[56,F,0.569967,00000010,56.9967,X]
[32,F,0.590977,00000100,59.0977,X]
[77,F,0.594727,00000001,59.4727,X]
[78,F,0.602539,00000001,60.2539,X]
[33,F,0.605625,00000100,60.5625,X]
[79,F,0.637695,00000001,63.7695,X]
[34,F,0.637852,00000100,63.7852,X]
[80,F,0.638672,00000001,63.8672,X]
[81,F,0.646484,00000001,64.6484,X]
[35,F,0.666172,00000100,66.6172,X]
[36,F,0.669102,00000100,66.9102,X]
[57,F,0.678366,00000010,67.8366,X]
[37,F,0.685703,00000100,68.5703,X]
[25,F,0.692506,00001000,69.2506,X]
[58,F,0.741842,00000010,74.1842,X]
[38,F,0.757969,00000100,75.7969,X]
[39,F,0.758945,00000100,75.8945,X]
[16,F,0.760866,11110000,76.0866,X]
[17,F,0.769655,11110000,76.9655,X]
[82,F,0.775391,00000001,77.5391,X]
[40,F,0.791172,00000100,79.1172,X]
[18,F,0.797975,11110000,79.7975,X]
[26,F,0.805787,00001000,80.5787,X]
[83,F,0.818359,00000001,81.8359,X]
[84,F,0.824219,00000001,82.4219,X]
[59,F,0.82485,00000010,82.485,X]
[60,F,0.832662,00000010,83.2662,X]
[61,F,0.841452,00000010,84.1452,X]
[41,F,0.849766,00000100,84.9766,X]
[22,F,0.862494,00010000,86.2494,X]
[27,F,0.884889,00001000,88.4889,X]
[62,F,0.888327,00000010,88.8327,X]
[85,F,0.888672,00000001,88.8672,X]
[28,F,0.899537,00001000,89.9537,X]
[42,F,0.904453,00000100,90.4453,X]
[20,F,0.91753,01000000,91.753,X]
[43,F,0.919102,00000100,91.9102,X]
[86,F,0.921875,00000001,92.1875,X]
[21,F,0.924175,00100000,92.4175,X]
[63,F,0.924459,00000010,92.4459,X]
[87,F,0.927734,00000001,92.7734,X]
[64,F,0.937155,00000010,93.7155,X]
[23,F,0.939642,00010000,93.9642,X]
[19,F,0.94292,10000000,94.292,X]
[29,F,0.949342,00001000,94.9342,X]
[88,F,0.956055,00000001,95.6055,X]
[44,F,0.956211,00000100,95.6211,X]
[45,F,0.957187,00000100,95.7188,X]
[30,F,0.975709,00001000,97.5709,X]
[24,F,0.995306,00010000,99.5306,X]
GUIDE_TREE_PARTITION1=(((((((t1:8.54,t2:8.54):3.73,t3:12.27):7.34,t4:19.61):11.53,t5:31.14):16.11,t6:47.25):29.64,t7:76.89):23.11,t8:100);
