Taxa bit representation:
t1 10000000
t2 01000000
t3 00100000
t4 00010000
t5 00001000
t6 00000100
t7 00000010
t8 00000001
Clade List (<taxon members> = <clade name>): 

>Dataset_0
[0,F,0.0273438,11111110,2.73438,X]
[1,F,0.158203,11111110,15.8203,X]
[16,F,0.356445,00000001,35.6445,X]
[12,F,0.427572,00000010,42.7572,X]
[13,F,0.447103,00000010,44.7103,X]
[2,F,0.475389,11111000,47.5389,X]
[17,F,0.539062,00000001,53.9062,X]
[14,F,0.626791,00000010,62.6791,X]
[18,F,0.654297,00000001,65.4297,X]
[7,F,0.668491,00001000,66.8491,X]
[15,F,0.709798,00000010,70.9798,X]
[3,F,0.740756,11110000,74.0756,X]
[8,F,0.750522,00001000,75.0522,X]
[9,F,0.811069,00001000,81.1069,X]
[10,F,0.813998,00001000,81.3998,X]
[4,F,0.864266,11000000,86.4266,X]
[11,F,0.960741,00000100,96.0741,X]
[5,F,0.987381,01000000,98.7381,X]
[6,F,0.995463,00010000,99.5463,X]
GUIDE_TREE_PARTITION1=(((((((t1:12.59,t2:12.59):1.96,t3:14.55):8.56,t4:23.11):25.08,t5:48.19):17.65,t6:65.84):5.27,t7:71.11):28.89,t8:100);
