Taxa bit representation:
t1 10000000
t2 01000000
t3 00100000
t4 00010000
t5 00001000
t6 00000100
t7 00000010
t8 00000001
Clade List (<taxon members> = <clade name>): 

>Dataset_0
[0,F,0.0126953,11111100,1.26953,X]
[27,F,0.0126953,00000011,1.26953,X]
[1,F,0.0634766,11111100,6.34766,X]
[2,F,0.0732422,11111100,7.32422,X]
[3,F,0.12207,11111100,12.207,X]
[4,F,0.212891,11111100,21.2891,X]
[5,F,0.229492,11111100,22.9492,X]
[28,F,0.235352,00000011,23.5352,X]
[29,F,0.28125,00000011,28.125,X]
[36,F,0.388053,00000001,38.8053,X]
[30,F,0.418327,00000010,41.8327,X]
[37,F,0.440787,00000001,44.0787,X]
[15,F,0.477198,00010000,47.7198,X]
[19,F,0.487408,00001000,48.7408,X]
[24,F,0.496197,00000100,49.6197,X]
[38,F,0.558952,00000001,55.8952,X]
[6,F,0.566066,11100000,56.6066,X]
[39,F,0.599967,00000001,59.9967,X]
[31,F,0.611686,00000010,61.1686,X]
[32,F,0.613639,00000010,61.3639,X]
[7,F,0.623683,11100000,62.3683,X]
[33,F,0.638053,00000010,63.8053,X]
[40,F,0.645866,00000001,64.5866,X]
[41,F,0.692741,00000001,69.2741,X]
[8,F,0.710597,11100000,71.0597,X]
[16,F,0.725245,00010000,72.5245,X]
[34,F,0.738639,00000010,73.8639,X]
[42,F,0.772819,00000001,77.2819,X]
[9,F,0.774602,11000000,77.4602,X]
[43,F,0.775748,00000001,77.5748,X]
[10,F,0.776555,11000000,77.6555,X]
[12,F,0.785344,00100000,78.5344,X]
[17,F,0.807277,00010000,80.7277,X]
[13,F,0.813664,00100000,81.3664,X]
[14,F,0.81757,00100000,81.757,X]
[25,F,0.853619,00000100,85.3619,X]
[11,F,0.868352,11000000,86.8352,X]
[44,F,0.869498,00000001,86.9498,X]
[20,F,0.87315,00001000,87.315,X]
[45,F,0.887077,00000001,88.7077,X]
[26,F,0.888775,00000100,88.8775,X]
[21,F,0.921002,00001000,92.1002,X]
[18,F,0.930323,00010000,93.0323,X]
[46,F,0.94567,00000001,94.567,X]
[22,F,0.970806,00001000,97.0806,X]
[23,F,0.978619,00001000,97.8619,X]
[35,F,0.997428,00000010,99.7428,X]
GUIDE_TREE_PARTITION1=(((((t1:5.2,t2:5.2):19,t3:24.2):32.67,t4:56.87):0.1,(t5:53.31,t6:53.31):3.66):43.03,(t7:61.39,t8:61.39):38.61);
