Taxa bit representation:
t1 10000000
t2 01000000
t3 00100000
t4 00010000
t5 00001000
t6 00000100
t7 00000010
t8 00000001
Clade List (<taxon members> = <clade name>): 

>Dataset_0
[48,F,0.0078125,00001111,0.78125,X]
[0,F,0.0126953,11110000,1.26953,X]
[49,F,0.0185547,00001111,1.85547,X]
[1,F,0.0361328,11110000,3.61328,X]
[2,F,0.0566406,11110000,5.66406,X]
[3,F,0.0859375,11110000,8.59375,X]
[4,F,0.0986328,11110000,9.86328,X]
[5,F,0.104492,11110000,10.4492,X]
[50,F,0.120117,00001111,12.0117,X]
[51,F,0.133789,00001111,13.3789,X]
[52,F,0.161133,00001111,16.1133,X]
[6,F,0.219727,11110000,21.9727,X]
[53,F,0.236328,00001111,23.6328,X]
[7,F,0.240234,11110000,24.0234,X]
[54,F,0.246094,00001111,24.6094,X]
[55,F,0.261719,00001111,26.1719,X]
[56,F,0.279297,00001111,27.9297,X]
[57,F,0.283203,00001111,28.3203,X]
[8,F,0.286133,11110000,28.6133,X]
[20,F,0.324553,00110000,32.4553,X]
[9,F,0.324553,11000000,32.4553,X]
[58,F,0.325195,00001111,32.5195,X]
[21,F,0.32553,00110000,32.553,X]
[59,F,0.328125,00001111,32.8125,X]
[60,F,0.336914,00001111,33.6914,X]
[22,F,0.340178,00110000,34.0178,X]
[10,F,0.343108,11000000,34.3108,X]
[61,F,0.348633,00001111,34.8633,X]
[34,F,0.37872,00010000,37.872,X]
[23,F,0.388486,00100000,38.8486,X]
[78,F,0.397636,00000011,39.7636,X]
[35,F,0.398252,00010000,39.8252,X]
[24,F,0.416806,00100000,41.6806,X]
[79,F,0.435722,00000011,43.5722,X]
[36,F,0.443173,00010000,44.3173,X]
[80,F,0.443534,00000011,44.3534,X]
[11,F,0.445647,11000000,44.5647,X]
[37,F,0.47833,00010000,47.833,X]
[62,F,0.492362,00001100,49.2362,X]
[25,F,0.498837,00100000,49.8837,X]
[63,F,0.504081,00001100,50.4081,X]
[26,F,0.533994,00100000,53.3994,X]
[64,F,0.545097,00001100,54.5097,X]
[27,F,0.574033,00100000,57.4033,X]
[65,F,0.579277,00001100,57.9277,X]
[12,F,0.586272,11000000,58.6272,X]
[38,F,0.588681,00010000,58.8681,X]
[28,F,0.596494,00100000,59.6494,X]
[81,F,0.618339,00000011,61.8339,X]
[66,F,0.623222,00001100,62.3222,X]
[29,F,0.629697,00100000,62.9697,X]
[39,F,0.647275,00010000,64.7275,X]
[30,F,0.657041,00100000,65.7041,X]
[40,F,0.65997,00010000,65.997,X]
[82,F,0.661308,00000011,66.1308,X]
[41,F,0.669736,00010000,66.9736,X]
[67,F,0.689628,00001100,68.9628,X]
[68,F,0.691581,00001100,69.1581,X]
[31,F,0.702939,00100000,70.2939,X]
[69,F,0.715019,00001100,71.5019,X]
[70,F,0.715995,00001100,71.5995,X]
[83,F,0.722831,00000011,72.2831,X]
[71,F,0.725761,00001100,72.5761,X]
[42,F,0.731259,00010000,73.1259,X]
[88,F,0.736772,00000001,73.6772,X]
[89,F,0.744584,00000001,74.4584,X]
[43,F,0.751767,00010000,75.1767,X]
[44,F,0.752744,00010000,75.2744,X]
[72,F,0.771659,00001100,77.1659,X]
[90,F,0.789506,00000001,78.9506,X]
[32,F,0.792783,00100000,79.2783,X]
[91,F,0.794389,00000001,79.4389,X]
[13,F,0.797209,11000000,79.7209,X]
[92,F,0.800248,00000001,80.0248,X]
[84,F,0.809037,00000010,80.9038,X]
[45,F,0.81915,00010000,81.915,X]
[93,F,0.829545,00000001,82.9545,X]
[94,F,0.84517,00000001,84.517,X]
[46,F,0.854306,00010000,85.4306,X]
[16,F,0.867475,01000000,86.7475,X]
[95,F,0.885209,00000001,88.5209,X]
[73,F,0.8908,00001100,89.08,X]
[47,F,0.892392,00010000,89.2392,X]
[14,F,0.900678,10000000,90.0678,X]
[15,F,0.901655,10000000,90.1655,X]
[85,F,0.905717,00000010,90.5717,X]
[33,F,0.929502,00100000,92.9502,X]
[17,F,0.931928,01000000,93.1928,X]
[74,F,0.935722,00001100,93.5722,X]
[86,F,0.937944,00000010,93.7944,X]
[75,F,0.95037,00001100,95.037,X]
[18,F,0.966108,01000000,96.6108,X]
[87,F,0.969194,00000010,96.9194,X]
[19,F,0.989545,01000000,98.9545,X]
[76,F,0.993339,00001100,99.3339,X]
[77,F,0.999683,00000100,99.9683,X]
GUIDE_TREE_PARTITION1=(((t1:17.94,t2:17.94):49.8,(t3:64.96,t4:64.96):2.78):32.26,((t5:0.52,t6:0.52):60.4,(t7:27.69,t8:27.69):33.23):39.08);
