Taxa bit representation:
t1 10000000
t2 01000000
t3 00100000
t4 00010000
t5 00001000
t6 00000100
t7 00000010
t8 00000001
Clade List (<taxon members> = <clade name>): 

>Dataset_0
[0,F,0.0205078,11110000,2.05078,X]
[1,F,0.0351562,11110000,3.51562,X]
[31,F,0.0419922,00001111,4.19922,X]
[32,F,0.106445,00001111,10.6445,X]
[13,F,0.140125,01000000,14.0125,X]
[33,F,0.15625,00001111,15.625,X]
[2,F,0.15868,10000000,15.868,X]
[3,F,0.169422,10000000,16.9422,X]
[34,F,0.196289,00001111,19.6289,X]
[35,F,0.211914,00001111,21.1914,X]
[36,F,0.21582,00001111,21.582,X]
[37,F,0.231445,00001111,23.1445,X]
[21,F,0.253225,00100000,25.3225,X]
[4,F,0.310047,10000000,31.0047,X]
[22,F,0.33135,00100000,33.135,X]
[14,F,0.341297,01000000,34.1297,X]
[42,F,0.405116,00000011,40.5116,X]
[23,F,0.430959,00100000,43.0959,X]
[43,F,0.439772,00000010,43.9772,X]
[5,F,0.441883,10000000,44.1883,X]
[28,F,0.478811,00010000,47.8811,X]
[6,F,0.478992,10000000,47.8992,X]
[7,F,0.481922,10000000,48.1922,X]
[44,F,0.489577,00000010,48.9577,X]
[15,F,0.523914,01000000,52.3914,X]
[38,F,0.531092,00001100,53.1092,X]
[8,F,0.544422,10000000,54.4422,X]
[39,F,0.5516,00001100,55.16,X]
[45,F,0.566725,00000010,56.6725,X]
[46,F,0.570631,00000010,57.0631,X]
[9,F,0.592273,10000000,59.2273,X]
[29,F,0.635061,00010000,63.5061,X]
[47,F,0.638991,00000010,63.8991,X]
[48,F,0.661452,00000010,66.1452,X]
[54,F,0.661452,00000001,66.1452,X]
[40,F,0.690272,00001100,69.0272,X]
[49,F,0.699538,00000010,69.9537,X]
[24,F,0.711233,00100000,71.1233,X]
[16,F,0.724109,01000000,72.4109,X]
[10,F,0.758289,10000000,75.8289,X]
[30,F,0.791311,00010000,79.1311,X]
[17,F,0.80907,01000000,80.907,X]
[55,F,0.812819,00000001,81.2819,X]
[18,F,0.827625,01000000,82.7625,X]
[11,F,0.828602,10000000,82.8602,X]
[19,F,0.841297,01000000,84.1297,X]
[25,F,0.846975,00100000,84.6975,X]
[56,F,0.862623,00000001,86.2623,X]
[50,F,0.878248,00000010,87.8248,X]
[57,F,0.890944,00000001,89.0944,X]
[51,F,0.910475,00000010,91.0475,X]
[26,F,0.911428,00100000,91.1428,X]
[27,F,0.918264,00100000,91.8264,X]
[41,F,0.939295,00001100,93.9295,X]
[12,F,0.970203,10000000,97.0203,X]
[52,F,0.989577,00000010,98.9577,X]
[53,F,0.993483,00000010,99.3483,X]
[20,F,0.99657,01000000,99.657,X]
GUIDE_TREE_PARTITION1=(((t1:87.55,t2:87.55):3.14,(t3:82.49,t4:82.49):8.2):9.31,((t5:4.74,t6:4.74):65.1,(t7:57.39,t8:57.39):12.45):30.16);
