Taxa bit representation:
t1 10000000
t2 01000000
t3 00100000
t4 00010000
t5 00001000
t6 00000100
t7 00000010
t8 00000001
Clade List (<taxon members> = <clade name>): 

>Dataset_0
[5,F,0.0318906,00001100,3.18906,X]
[12,F,0.0429688,00000011,4.29688,X]
[13,F,0.123047,00000011,12.3047,X]
[14,F,0.205078,00000011,20.5078,X]
[6,F,0.329742,00001100,32.9742,X]
[7,F,0.349273,00001100,34.9273,X]
[15,F,0.395508,00000011,39.5508,X]
[2,F,0.589894,00100000,58.9894,X]
[3,F,0.606369,00010000,60.6369,X]
[8,F,0.678375,00001100,67.8375,X]
[9,F,0.687164,00001100,68.7164,X]
[16,F,0.803309,00000001,80.3309,X]
[10,F,0.823717,00001000,82.3717,X]
[0,F,0.836402,01000000,83.6402,X]
[11,F,0.870592,00000100,87.0592,X]
[17,F,0.879481,00000001,87.9481,X]
[1,F,0.919409,01000000,91.9409,X]
[4,F,0.963791,00010000,96.3791,X]
GUIDE_TREE_PARTITION1=(((((t1:49.27,t2:49.27):3.85,t3:53.12):3.04,t4:56.16):43.19,(t5:23.39,t6:23.39):75.96):0.65,(t7:23.38,t8:23.38):76.62);
