Taxa bit representation:
t1 10000000
t2 01000000
t3 00100000
t4 00010000
t5 00001000
t6 00000100
t7 00000010
t8 00000001
Clade List (<taxon members> = <clade name>): 

>Dataset_0
[52,F,0.015625,00000001,1.5625,X]
[53,F,0.0292969,00000001,2.92969,X]
[54,F,0.0341797,00000001,3.41797,X]
[0,F,0.0595703,11111110,5.95703,X]
[55,F,0.105469,00000001,10.5469,X]
[56,F,0.108398,00000001,10.8398,X]
[1,F,0.111328,11111110,11.1328,X]
[2,F,0.142578,11111110,14.2578,X]
[3,F,0.144531,11111110,14.4531,X]
[4,F,0.145508,11111110,14.5508,X]
[5,F,0.158203,11111110,15.8203,X]
[6,F,0.204102,11111110,20.4102,X]
[57,F,0.208984,00000001,20.8984,X]
[58,F,0.226562,00000001,22.6562,X]
[59,F,0.298828,00000001,29.8828,X]
[60,F,0.306641,00000001,30.6641,X]
[61,F,0.310547,00000001,31.0547,X]
[7,F,0.311523,11111110,31.1523,X]
[62,F,0.342773,00000001,34.2773,X]
[41,F,0.367402,00000010,36.7402,X]
[63,F,0.453125,00000001,45.3125,X]
[8,F,0.464081,11111100,46.4081,X]
[9,F,0.528534,11111100,52.8534,X]
[64,F,0.541016,00000001,54.1016,X]
[42,F,0.564667,00000010,56.4667,X]
[43,F,0.568573,00000010,56.8573,X]
[30,F,0.607083,00000100,60.7083,X]
[44,F,0.617402,00000010,61.7402,X]
[45,F,0.620331,00000010,62.0331,X]
[31,F,0.625638,00000100,62.5638,X]
[32,F,0.642239,00000100,64.2239,X]
[33,F,0.644192,00000100,64.4192,X]
[46,F,0.674042,00000010,67.4042,X]
[21,F,0.688233,00001000,68.8233,X]
[34,F,0.693997,00000100,69.3997,X]
[47,F,0.705292,00000010,70.5292,X]
[48,F,0.709198,00000010,70.9198,X]
[65,F,0.733398,00000001,73.3398,X]
[22,F,0.74585,00001000,74.585,X]
[23,F,0.77417,00001000,77.417,X]
[24,F,0.775147,00001000,77.5147,X]
[49,F,0.776581,00000010,77.6581,X]
[10,F,0.781178,11100000,78.1178,X]
[14,F,0.79192,00010000,79.192,X]
[50,F,0.793183,00000010,79.3183,X]
[11,F,0.809498,11100000,80.9498,X]
[15,F,0.822194,00010000,82.2194,X]
[25,F,0.824952,00001000,82.4952,X]
[35,F,0.831692,00000100,83.1692,X]
[26,F,0.8396,00001000,83.96,X]
[66,F,0.853516,00000001,85.3516,X]
[27,F,0.854248,00001000,85.4248,X]
[16,F,0.855397,00010000,85.5397,X]
[17,F,0.868092,00010000,86.8092,X]
[36,F,0.890286,00000100,89.0286,X]
[67,F,0.901367,00000001,90.1367,X]
[68,F,0.902344,00000001,90.2344,X]
[18,F,0.911061,00010000,91.1061,X]
[19,F,0.913014,00010000,91.3014,X]
[28,F,0.922608,00001000,92.2608,X]
[20,F,0.926686,00010000,92.6686,X]
[29,F,0.927491,00001000,92.7491,X]
[69,F,0.928711,00000001,92.8711,X]
[37,F,0.934231,00000100,93.4231,X]
[38,F,0.935208,00000100,93.5208,X]
[12,F,0.941334,11100000,94.1334,X]
[70,F,0.949219,00000001,94.9219,X]
[39,F,0.9772,00000100,97.72,X]
[40,F,0.979153,00000100,97.9153,X]
[13,F,0.986067,11000000,98.6067,X]
[51,F,0.992402,00000010,99.2402,X]
GUIDE_TREE_PARTITION1=(((((((t1:1.17,t2:1.17):2.86,t3:4.03):25.86,t4:29.89):4.9,t5:34.79):4.99,t6:39.78):25.14,t7:64.92):35.08,t8:100);
