Taxa bit representation:
t1 10000000
t2 01000000
t3 00100000
t4 00010000
t5 00001000
t6 00000100
t7 00000010
t8 00000001
Clade List (<taxon members> = <clade name>): 

>Dataset_0
[71,F,0.00585938,00000011,0.585938,X]
[0,F,0.00878906,11111100,0.878906,X]
[72,F,0.0117188,00000011,1.17188,X]
[73,F,0.0351562,00000011,3.51562,X]
[74,F,0.0361328,00000011,3.61328,X]
[75,F,0.0771484,00000011,7.71484,X]
[99,F,0.0854063,00000001,8.54063,X]
[76,F,0.0961484,00000010,9.61484,X]
[50,F,0.0991656,00001100,9.91656,X]
[51,F,0.130416,00001100,13.0416,X]
[52,F,0.136275,00001100,13.6275,X]
[100,F,0.14107,00000001,14.107,X]
[77,F,0.143023,00000010,14.3023,X]
[101,F,0.14693,00000001,14.693,X]
[1,F,0.155806,11110000,15.5806,X]
[53,F,0.164595,00001100,16.4595,X]
[2,F,0.165572,11110000,16.5572,X]
[78,F,0.166461,00000010,16.6461,X]
[54,F,0.213423,00001100,21.3423,X]
[3,F,0.21895,11100000,21.895,X]
[79,F,0.222125,00000010,22.2125,X]
[4,F,0.246294,11100000,24.6294,X]
[29,F,0.258989,00010000,25.8989,X]
[102,F,0.276813,00000001,27.6813,X]
[30,F,0.287309,00010000,28.7309,X]
[103,F,0.294391,00000001,29.4391,X]
[31,F,0.307817,00010000,30.7817,X]
[55,F,0.329634,00001100,32.9634,X]
[32,F,0.332231,00010000,33.2231,X]
[56,F,0.334517,00001100,33.4517,X]
[33,F,0.34102,00010000,34.102,X]
[5,F,0.34102,11100000,34.102,X]
[80,F,0.341266,00000010,34.1266,X]
[6,F,0.34688,11100000,34.688,X]
[57,F,0.390181,00001100,39.0181,X]
[104,F,0.393023,00000001,39.3023,X]
[7,F,0.393755,11100000,39.3755,X]
[8,F,0.399614,11100000,39.9614,X]
[34,F,0.401567,00010000,40.1567,X]
[9,F,0.420122,11100000,42.0122,X]
[105,F,0.42818,00000001,42.818,X]
[81,F,0.45357,00000010,45.357,X]
[10,F,0.455278,11100000,45.5278,X]
[11,F,0.478716,11100000,47.8716,X]
[35,F,0.524614,00010000,52.4614,X]
[36,F,0.527544,00010000,52.7544,X]
[82,F,0.532672,00000010,53.2672,X]
[83,F,0.534625,00000010,53.4625,X]
[106,F,0.541461,00000001,54.1461,X]
[107,F,0.564898,00000001,56.4898,X]
[12,F,0.574419,11100000,57.4419,X]
[58,F,0.575728,00001100,57.5728,X]
[84,F,0.5815,00000010,58.15,X]
[85,F,0.582477,00000010,58.2477,X]
[86,F,0.583453,00000010,58.3453,X]
[87,F,0.589313,00000010,58.9312,X]
[59,F,0.5894,00001100,58.94,X]
[88,F,0.593219,00000010,59.3219,X]
[13,F,0.600786,11100000,60.0786,X]
[37,F,0.623247,00010000,62.3247,X]
[60,F,0.637252,00001100,63.7252,X]
[61,F,0.650923,00001100,65.0923,X]
[62,F,0.661666,00001100,66.1666,X]
[63,F,0.666548,00001100,66.6548,X]
[64,F,0.688033,00001100,68.8033,X]
[38,F,0.698442,00010000,69.8442,X]
[24,F,0.702175,00100000,70.2175,X]
[108,F,0.70943,00000001,70.943,X]
[89,F,0.724078,00000010,72.4078,X]
[90,F,0.726031,00000010,72.6031,X]
[39,F,0.727739,00010000,72.7739,X]
[109,F,0.743609,00000001,74.3609,X]
[40,F,0.749223,00010000,74.9223,X]
[91,F,0.750445,00000010,75.0445,X]
[110,F,0.755328,00000001,75.5328,X]
[65,F,0.758345,00001100,75.8345,X]
[92,F,0.763141,00000010,76.3141,X]
[111,F,0.773883,00000001,77.3883,X]
[41,F,0.779497,00010000,77.9497,X]
[42,F,0.78145,00010000,78.145,X]
[66,F,0.784713,00001100,78.4712,X]
[43,F,0.803911,00010000,80.3911,X]
[112,F,0.813922,00000001,81.3922,X]
[44,F,0.819536,00010000,81.9536,X]
[14,F,0.820339,11000000,82.0339,X]
[67,F,0.825728,00001100,82.5728,X]
[113,F,0.8315,00000001,83.15,X]
[93,F,0.833453,00000010,83.3453,X]
[94,F,0.836383,00000010,83.6383,X]
[68,F,0.841353,00001100,84.1353,X]
[45,F,0.853716,00010000,85.3716,X]
[25,F,0.854519,00100000,85.4519,X]
[95,F,0.866656,00000010,86.6656,X]
[114,F,0.878375,00000001,87.8375,X]
[69,F,0.878463,00001100,87.8462,X]
[18,F,0.884127,01000000,88.4127,X]
[115,F,0.892047,00000001,89.2047,X]
[15,F,0.903658,10000000,90.3658,X]
[116,F,0.904742,00000001,90.4742,X]
[19,F,0.906587,01000000,90.6587,X]
[20,F,0.909517,01000000,90.9517,X]
[21,F,0.929048,01000000,92.9048,X]
[46,F,0.932817,00010000,93.2817,X]
[117,F,0.938922,00000001,93.8922,X]
[16,F,0.940767,10000000,94.0767,X]
[47,F,0.948442,00010000,94.8442,X]
[96,F,0.95357,00000010,95.357,X]
[48,F,0.955278,00010000,95.5278,X]
[118,F,0.955523,00000001,95.5523,X]
[22,F,0.957369,01000000,95.7369,X]
[119,F,0.957477,00000001,95.7477,X]
[97,F,0.965289,00000010,96.5289,X]
[23,F,0.971041,01000000,97.1041,X]
[26,F,0.971706,00100000,97.1706,X]
[98,F,0.973102,00000010,97.3102,X]
[27,F,0.976589,00100000,97.6589,X]
[17,F,0.9769,10000000,97.69,X]
[70,F,0.977095,00001100,97.7095,X]
[49,F,0.979692,00010000,97.9692,X]
[28,F,0.988308,00100000,98.8308,X]
GUIDE_TREE_PARTITION1=(((((t1:14.81,t2:14.81):19.66,t3:34.47):46.76,t4:81.23):9.83,(t5:1.51,t6:1.51):89.55):8.94,(t7:91.85,t8:91.85):8.15);
