Taxa bit representation:
t1 10000000
t2 01000000
t3 00100000
t4 00010000
t5 00001000
t6 00000100
t7 00000010
t8 00000001
Clade List (<taxon members> = <clade name>): 

>Dataset_0
[57,F,0.000976562,00001111,0.0976562,X]
[0,F,0.00585938,11110000,0.585938,X]
[58,F,0.0244141,00001111,2.44141,X]
[1,F,0.0302734,11110000,3.02734,X]
[2,F,0.0673828,11110000,6.73828,X]
[3,F,0.0869141,11110000,8.69141,X]
[59,F,0.0869141,00001111,8.69141,X]
[60,F,0.129883,00001111,12.9883,X]
[4,F,0.130859,11110000,13.0859,X]
[5,F,0.136719,11110000,13.6719,X]
[61,F,0.173828,00001111,17.3828,X]
[6,F,0.246094,11110000,24.6094,X]
[7,F,0.320312,11110000,32.0312,X]
[62,F,0.328125,00001111,32.8125,X]
[8,F,0.332031,11110000,33.2031,X]
[37,F,0.348836,00110000,34.8836,X]
[83,F,0.35922,00000011,35.922,X]
[9,F,0.37325,11000000,37.325,X]
[10,F,0.384969,11000000,38.4969,X]
[38,F,0.386922,00110000,38.6922,X]
[84,F,0.387541,00000011,38.7541,X]
[63,F,0.39047,00001100,39.047,X]
[39,F,0.392781,00110000,39.2781,X]
[40,F,0.395711,00110000,39.5711,X]
[41,F,0.400594,00110000,40.0594,X]
[42,F,0.405477,00110000,40.5477,X]
[11,F,0.409383,11000000,40.9383,X]
[85,F,0.410978,00000011,41.0978,X]
[64,F,0.412931,00001100,41.2931,X]
[12,F,0.413289,11000000,41.3289,X]
[86,F,0.440275,00000011,44.0275,X]
[87,F,0.442228,00000011,44.2228,X]
[25,F,0.445189,01000000,44.5189,X]
[65,F,0.446134,00001100,44.6134,X]
[88,F,0.453947,00000011,45.3947,X]
[26,F,0.46472,01000000,46.472,X]
[27,F,0.468627,01000000,46.8627,X]
[43,F,0.499227,00110000,49.9227,X]
[44,F,0.513875,00110000,51.3875,X]
[13,F,0.522338,10000000,52.2338,X]
[14,F,0.541869,10000000,54.1869,X]
[28,F,0.565306,01000000,56.5306,X]
[89,F,0.574064,00000011,57.4064,X]
[45,F,0.576375,00110000,57.6375,X]
[15,F,0.588744,10000000,58.8744,X]
[46,F,0.598836,00110000,59.8836,X]
[47,F,0.609578,00110000,60.9578,X]
[98,F,0.611027,00000001,61.1027,X]
[99,F,0.622745,00000001,62.2745,X]
[29,F,0.624877,01000000,62.4877,X]
[30,F,0.649291,01000000,64.9291,X]
[16,F,0.65222,10000000,65.222,X]
[17,F,0.672728,10000000,67.2728,X]
[100,F,0.676456,00000001,67.6456,X]
[31,F,0.685423,01000000,68.5423,X]
[90,F,0.691105,00000010,69.1105,X]
[18,F,0.703978,10000000,70.3978,X]
[91,F,0.717472,00000010,71.7472,X]
[66,F,0.718595,00001100,71.8595,X]
[32,F,0.723509,01000000,72.3509,X]
[33,F,0.732298,01000000,73.2298,X]
[19,F,0.752806,10000000,75.2806,X]
[67,F,0.756681,00001100,75.6681,X]
[20,F,0.77722,10000000,77.722,X]
[34,F,0.788939,01000000,78.8939,X]
[68,F,0.794767,00001100,79.4767,X]
[48,F,0.796928,00100000,79.6928,X]
[21,F,0.805541,10000000,80.5541,X]
[35,F,0.80847,01000000,80.847,X]
[92,F,0.810245,00000010,81.0245,X]
[56,F,0.815483,00010000,81.5483,X]
[69,F,0.840666,00001100,84.0666,X]
[49,F,0.840873,00100000,84.0873,X]
[70,F,0.846525,00001100,84.6525,X]
[93,F,0.849308,00000010,84.9308,X]
[101,F,0.849308,00000001,84.9308,X]
[50,F,0.856498,00100000,85.6498,X]
[51,F,0.862358,00100000,86.2358,X]
[71,F,0.867033,00001100,86.7033,X]
[94,F,0.869816,00000010,86.9816,X]
[52,F,0.87017,00100000,87.017,X]
[76,F,0.879706,00000100,87.9706,X]
[22,F,0.883666,10000000,88.3666,X]
[72,F,0.886542,00001000,88.6542,X]
[77,F,0.891425,00000100,89.1425,X]
[73,F,0.900214,00001000,90.0214,X]
[102,F,0.902042,00000001,90.2042,X]
[95,F,0.903019,00000010,90.3019,X]
[74,F,0.910956,00001000,91.0956,X]
[103,F,0.912784,00000001,91.2784,X]
[78,F,0.920722,00000100,92.0722,X]
[53,F,0.927787,00100000,92.7788,X]
[54,F,0.928764,00100000,92.8764,X]
[96,F,0.932316,00000010,93.2316,X]
[104,F,0.932316,00000001,93.2316,X]
[23,F,0.93347,10000000,93.347,X]
[105,F,0.937198,00000001,93.7198,X]
[79,F,0.942206,00000100,94.2206,X]
[55,F,0.947319,00100000,94.7319,X]
[80,F,0.949042,00000100,94.9042,X]
[81,F,0.954902,00000100,95.4902,X]
[97,F,0.95673,00000010,95.673,X]
[106,F,0.963566,00000001,96.3566,X]
[107,F,0.969425,00000001,96.9425,X]
[75,F,0.97248,00001000,97.248,X]
[108,F,0.973331,00000001,97.3331,X]
[82,F,0.976386,00000100,97.6386,X]
[36,F,0.978392,01000000,97.8392,X]
[24,F,0.979369,10000000,97.9369,X]
GUIDE_TREE_PARTITION1=(((t1:56.36,t2:56.36):9.44,(t3:31.44,t4:31.44):34.36):34.2,((t5:12.42,t6:12.42):54.49,(t7:42.12,t8:42.12):24.79):33.09);
