Taxa bit representation:
t1 10000000
t2 01000000
t3 00100000
t4 00010000
t5 00001000
t6 00000100
t7 00000010
t8 00000001
Clade List (<taxon members> = <clade name>): 

>Dataset_0
[0,F,0.0507812,11111100,5.07812,X]
[1,F,0.211914,11111100,21.1914,X]
[11,F,0.299111,00000001,29.9111,X]
[6,F,0.300088,00000010,30.0087,X]
[2,F,0.374484,11110000,37.4484,X]
[7,F,0.379189,00000010,37.9189,X]
[3,F,0.423312,11110000,42.3312,X]
[8,F,0.496377,00000010,49.6377,X]
[12,F,0.556923,00000001,55.6923,X]
[13,F,0.575478,00000001,57.5478,X]
[14,F,0.669228,00000001,66.9228,X]
[15,F,0.706338,00000001,70.6338,X]
[9,F,0.874306,00000010,87.4306,X]
[16,F,0.925088,00000001,92.5088,X]
[4,F,0.942594,01000000,94.2594,X]
[5,F,0.974627,00001000,97.4627,X]
[10,F,0.997353,00000010,99.7353,X]
GUIDE_TREE_PARTITION1=(((((t1:17.85,t2:17.85):17.44,t3:35.29):9.07,t4:44.36):20.34,(t5:55.76,t6:55.76):8.94):35.3,(t7:87.96,t8:87.96):12.04);
