Taxa bit representation:
t1 10000000
t2 01000000
t3 00100000
t4 00010000
t5 00001000
t6 00000100
t7 00000010
t8 00000001
Clade List (<taxon members> = <clade name>): 

>Dataset_0
[0,F,0.0117188,11110000,1.17188,X]
[1,F,0.199219,11110000,19.9219,X]
[33,F,0.212727,00000011,21.2727,X]
[2,F,0.217773,11110000,21.7773,X]
[34,F,0.280109,00000011,28.0109,X]
[3,F,0.349609,11110000,34.9609,X]
[20,F,0.358234,00001100,35.8234,X]
[21,F,0.383625,00001100,38.3625,X]
[4,F,0.422852,11110000,42.2852,X]
[35,F,0.424641,00000011,42.4641,X]
[36,F,0.428547,00000011,42.8547,X]
[22,F,0.445148,00001100,44.5148,X]
[5,F,0.462891,11110000,46.2891,X]
[23,F,0.483234,00001100,48.3234,X]
[24,F,0.487141,00001100,48.7141,X]
[25,F,0.49173,00001000,49.173,X]
[37,F,0.559406,00000011,55.9406,X]
[26,F,0.57962,00001000,57.962,X]
[27,F,0.594269,00001000,59.4269,X]
[6,F,0.597656,11110000,59.7656,X]
[13,F,0.603477,00110000,60.3477,X]
[14,F,0.660117,00110000,66.0117,X]
[31,F,0.665558,00000100,66.5558,X]
[7,F,0.766563,11000000,76.6562,X]
[15,F,0.811866,00100000,81.1866,X]
[28,F,0.814972,00001000,81.4972,X]
[8,F,0.834922,11000000,83.4922,X]
[29,F,0.847198,00001000,84.7198,X]
[38,F,0.848513,00000010,84.8512,X]
[32,F,0.853058,00000100,85.3058,X]
[18,F,0.866553,00010000,86.6553,X]
[39,F,0.909059,00000010,90.9059,X]
[16,F,0.921241,00100000,92.1241,X]
[40,F,0.941286,00000010,94.1286,X]
[41,F,0.942263,00000010,94.2262,X]
[9,F,0.94332,11000000,94.332,X]
[44,F,0.947145,00000001,94.7145,X]
[19,F,0.95835,00010000,95.835,X]
[17,F,0.965186,00100000,96.5186,X]
[11,F,0.969519,01000000,96.9519,X]
[10,F,0.970495,10000000,97.0495,X]
[12,F,0.973425,01000000,97.3425,X]
[42,F,0.974489,00000010,97.4489,X]
[43,F,0.976442,00000010,97.6442,X]
[30,F,0.986847,00001000,98.6847,X]
GUIDE_TREE_PARTITION1=(((t1:4.22,t2:4.22):35.53,(t3:32.29,t4:32.29):7.46):60.25,((t5:51.12,t6:51.12):43.33,(t7:28.43,t8:28.43):66.02):5.55);
