Taxa bit representation:
t1 10000000
t2 01000000
t3 00100000
t4 00010000
t5 00001000
t6 00000100
t7 00000010
t8 00000001
Clade List (<taxon members> = <clade name>): 

>Dataset_0
[16,F,0.135889,00000010,13.5889,X]
[0,F,0.164209,11111100,16.4209,X]
[1,F,0.244287,11111100,24.4287,X]
[2,F,0.250147,11111100,25.0147,X]
[9,F,0.301483,00000100,30.1483,X]
[3,F,0.323944,11111000,32.3944,X]
[17,F,0.358545,00000010,35.8545,X]
[18,F,0.466944,00000010,46.6944,X]
[10,F,0.473358,00000100,47.3358,X]
[11,F,0.475311,00000100,47.5311,X]
[8,F,0.516908,00001000,51.6908,X]
[19,F,0.53042,00000010,53.042,X]
[12,F,0.571014,00000100,57.1014,X]
[13,F,0.592498,00000100,59.2498,X]
[22,F,0.626953,00000001,62.6953,X]
[23,F,0.633789,00000001,63.3789,X]
[5,F,0.736237,00010000,73.6238,X]
[4,F,0.817292,11100000,81.7292,X]
[14,F,0.838592,00000100,83.8592,X]
[15,F,0.845428,00000100,84.5428,X]
[6,F,0.850495,00010000,85.0495,X]
[7,F,0.933503,00010000,93.3503,X]
[20,F,0.969873,00000010,96.9873,X]
[21,F,0.996241,00000010,99.6241,X]
GUIDE_TREE_PARTITION1=(((((((t1:2,t2:2):13.49,t3:15.49):25.73,t4:41.22):9.14,t5:50.36):19.98,t6:70.34):29.45,t7:99.79):0.21,t8:100);
