Taxa bit representation:
t1 10000000
t2 01000000
t3 00100000
t4 00010000
t5 00001000
t6 00000100
t7 00000010
t8 00000001
Clade List (<taxon members> = <clade name>): 

>Dataset_0
[60,F,0.00878906,00000011,0.878906,X]
[61,F,0.0205078,00000011,2.05078,X]
[0,F,0.046875,11111100,4.6875,X]
[1,F,0.0605469,11111100,6.05469,X]
[62,F,0.0673828,00000011,6.73828,X]
[63,F,0.0849609,00000011,8.49609,X]
[2,F,0.0957031,11111100,9.57031,X]
[64,F,0.116211,00000011,11.6211,X]
[65,F,0.12207,00000011,12.207,X]
[66,F,0.165039,00000011,16.5039,X]
[3,F,0.170898,11111100,17.0898,X]
[67,F,0.305216,00000010,30.5216,X]
[86,F,0.312052,00000001,31.2052,X]
[68,F,0.314005,00000010,31.4005,X]
[87,F,0.314981,00000001,31.4981,X]
[88,F,0.315958,00000001,31.5958,X]
[4,F,0.381836,11111100,38.1836,X]
[89,F,0.382364,00000001,38.2364,X]
[90,F,0.395059,00000001,39.5059,X]
[91,F,0.429239,00000001,42.9239,X]
[69,F,0.434122,00000010,43.4122,X]
[92,F,0.450723,00000001,45.0723,X]
[5,F,0.451172,11111100,45.1172,X]
[70,F,0.453653,00000010,45.3653,X]
[71,F,0.461466,00000010,46.1466,X]
[6,F,0.461914,11111100,46.1914,X]
[93,F,0.481973,00000001,48.1973,X]
[72,F,0.489786,00000010,48.9786,X]
[94,F,0.504434,00000001,50.4434,X]
[7,F,0.521083,11110000,52.1083,X]
[35,F,0.523036,00001100,52.3036,X]
[36,F,0.524012,00001100,52.4012,X]
[37,F,0.533778,00001100,53.3778,X]
[73,F,0.543497,00000010,54.3497,X]
[38,F,0.569911,00001100,56.9911,X]
[8,F,0.593348,11110000,59.3348,X]
[39,F,0.600184,00001100,60.0184,X]
[95,F,0.608927,00000001,60.8927,X]
[40,F,0.614833,00001100,61.4833,X]
[41,F,0.625575,00001100,62.5575,X]
[42,F,0.649989,00001100,64.9989,X]
[96,F,0.654825,00000001,65.4825,X]
[43,F,0.654872,00001100,65.4872,X]
[44,F,0.678309,00001100,67.8309,X]
[97,F,0.685098,00000001,68.5098,X]
[74,F,0.687052,00000010,68.7052,X]
[22,F,0.688478,00010000,68.8478,X]
[75,F,0.697794,00000010,69.7794,X]
[23,F,0.706056,00010000,70.6056,X]
[76,F,0.726114,00000010,72.6114,X]
[24,F,0.729494,00010000,72.9494,X]
[25,F,0.734377,00010000,73.4377,X]
[45,F,0.73495,00001100,73.495,X]
[98,F,0.739786,00000001,73.9786,X]
[46,F,0.741786,00001100,74.1786,X]
[26,F,0.746095,00010000,74.6095,X]
[9,F,0.749025,11100000,74.9025,X]
[77,F,0.753458,00000010,75.3458,X]
[99,F,0.754434,00000001,75.4434,X]
[47,F,0.756434,00001100,75.6434,X]
[78,F,0.759317,00000010,75.9317,X]
[27,F,0.765627,00010000,76.5627,X]
[10,F,0.766603,11100000,76.6603,X]
[79,F,0.768106,00000010,76.8106,X]
[28,F,0.770509,00010000,77.0509,X]
[100,F,0.772989,00000001,77.2989,X]
[29,F,0.777345,00010000,77.7345,X]
[48,F,0.779872,00001100,77.9872,X]
[101,F,0.785684,00000001,78.5684,X]
[11,F,0.796244,11000000,79.6244,X]
[12,F,0.806009,11000000,80.6009,X]
[80,F,0.814981,00000010,81.4981,X]
[102,F,0.814981,00000001,81.4981,X]
[15,F,0.816752,00100000,81.6752,X]
[103,F,0.820841,00000001,82.0841,X]
[30,F,0.82715,00010000,82.715,X]
[81,F,0.828653,00000010,82.8653,X]
[31,F,0.837892,00010000,83.7892,X]
[104,F,0.850137,00000001,85.0138,X]
[49,F,0.878559,00001000,87.8559,X]
[50,F,0.883442,00001000,88.3442,X]
[32,F,0.884767,00010000,88.4767,X]
[82,F,0.88627,00000010,88.627,X]
[105,F,0.8892,00000001,88.92,X]
[83,F,0.890177,00000010,89.0177,X]
[56,F,0.893208,00000100,89.3208,X]
[57,F,0.894184,00000100,89.4184,X]
[13,F,0.898783,11000000,89.8783,X]
[84,F,0.907755,00000010,90.7755,X]
[106,F,0.911661,00000001,91.1661,X]
[16,F,0.913431,00100000,91.3431,X]
[51,F,0.921528,00001000,92.1528,X]
[33,F,0.922853,00010000,92.2853,X]
[58,F,0.925434,00000100,92.5434,X]
[52,F,0.941059,00001000,94.1059,X]
[17,F,0.945658,00100000,94.5658,X]
[53,F,0.949848,00001000,94.9848,X]
[107,F,0.9517,00000001,95.17,X]
[34,F,0.95508,00010000,95.508,X]
[59,F,0.960591,00000100,96.0591,X]
[54,F,0.962544,00001000,96.2544,X]
[85,F,0.966348,00000010,96.6348,X]
[14,F,0.973808,01000000,97.3808,X]
[18,F,0.976908,00100000,97.6908,X]
[19,F,0.977884,00100000,97.7884,X]
[55,F,0.987934,00001000,98.7934,X]
[108,F,0.989786,00000001,98.9786,X]
[20,F,0.994486,00100000,99.4486,X]
[21,F,0.999369,00100000,99.9369,X]
GUIDE_TREE_PARTITION1=(((((t1:4.67,t2:4.67):18.44,t3:23.11):9.8,t4:32.91):15.47,(t5:12.73,t6:12.73):35.65):51.62,(t7:73.58,t8:73.58):26.42);
