Taxa bit representation:
t1 10000000
t2 01000000
t3 00100000
t4 00010000
t5 00001000
t6 00000100
t7 00000010
t8 00000001
Clade List (<taxon members> = <clade name>): 

>Dataset_0
[0,F,0.0263672,11110000,2.63672,X]
[1,F,0.268555,11110000,26.8555,X]
[6,F,0.360352,00001111,36.0352,X]
[7,F,0.4375,00001111,43.75,X]
[8,F,0.674805,00001111,67.4805,X]
[9,F,0.708008,00001111,70.8008,X]
[10,F,0.802445,00001100,80.2445,X]
[2,F,0.91652,00100000,91.652,X]
[12,F,0.933077,00000010,93.3077,X]
[11,F,0.937538,00001000,93.7537,X]
[4,F,0.978044,00010000,97.8044,X]
[3,F,0.992692,00100000,99.2692,X]
[5,F,0.998552,00010000,99.8552,X]
GUIDE_TREE_PARTITION1=(((t1:6.7,t2:6.7):19.5,(t3:23.68,t4:23.68):2.52):73.8,((t5:8.59,t6:8.59):15.56,(t7:6.79,t8:6.79):17.36):75.85);
