Taxa bit representation:
t1 10000000
t2 01000000
t3 00100000
t4 00010000
t5 00001000
t6 00000100
t7 00000010
t8 00000001
Clade List (<taxon members> = <clade name>): 

>Dataset_0
[13,F,0.078125,00000001,7.8125,X]
[0,F,0.317819,11111100,31.7819,X]
[1,F,0.362741,11111100,36.2741,X]
[2,F,0.422311,11111100,42.2311,X]
[10,F,0.444772,00000010,44.4772,X]
[11,F,0.600045,00000010,60.0045,X]
[12,F,0.70942,00000010,70.942,X]
[14,F,0.726562,00000001,72.6562,X]
[8,F,0.772495,00000100,77.2495,X]
[3,F,0.808944,00100000,80.8944,X]
[7,F,0.86937,00001000,86.937,X]
[5,F,0.879392,00010000,87.9392,X]
[6,F,0.977048,00010000,97.7048,X]
[4,F,0.981795,00100000,98.1795,X]
[9,F,0.993198,00000100,99.3198,X]
GUIDE_TREE_PARTITION1=(((((((t1:11.67,t2:11.67):10.17,t3:21.84):0.67,t4:22.51):2.76,t5:25.27):17.5,t6:42.77):32.87,t7:75.64):24.36,t8:100);
