Taxa bit representation:
t1 10000000
t2 01000000
t3 00100000
t4 00010000
t5 00001000
t6 00000100
t7 00000010
t8 00000001
Clade List (<taxon members> = <clade name>): 

>Dataset_0
[0,F,0.0136719,11111100,1.36719,X]
[1,F,0.0859375,11111100,8.59375,X]
[2,F,0.138672,11111100,13.8672,X]
[3,F,0.166016,11111100,16.6016,X]
[28,F,0.171875,00000011,17.1875,X]
[4,F,0.192383,11111100,19.2383,X]
[5,F,0.205995,11110000,20.5995,X]
[6,F,0.238222,11110000,23.8222,X]
[33,F,0.298197,00000001,29.8197,X]
[34,F,0.307963,00000001,30.7963,X]
[29,F,0.315775,00000010,31.5775,X]
[7,F,0.322119,11100000,32.2119,X]
[8,F,0.387548,11100000,38.7548,X]
[19,F,0.390478,00010000,39.0478,X]
[35,F,0.391947,00000001,39.1947,X]
[30,F,0.430033,00000010,43.0033,X]
[20,F,0.442236,00010000,44.2236,X]
[9,F,0.455908,11100000,45.5908,X]
[31,F,0.465189,00000010,46.5189,X]
[36,F,0.492533,00000001,49.2533,X]
[24,F,0.550722,00001100,55.0722,X]
[10,F,0.564425,11000000,56.4425,X]
[15,F,0.570284,00100000,57.0284,X]
[11,F,0.581027,11000000,58.1027,X]
[37,F,0.613627,00000001,61.3627,X]
[38,F,0.61558,00000001,61.558,X]
[16,F,0.625948,00100000,62.5948,X]
[17,F,0.647433,00100000,64.7433,X]
[21,F,0.655127,00010000,65.5127,X]
[39,F,0.676127,00000001,67.6127,X]
[22,F,0.686377,00010000,68.6377,X]
[12,F,0.748761,01000000,74.8761,X]
[40,F,0.751322,00000001,75.1322,X]
[13,F,0.827862,01000000,82.7862,X]
[32,F,0.841166,00000010,84.1166,X]
[18,F,0.846652,00100000,84.6652,X]
[14,F,0.863019,01000000,86.3019,X]
[41,F,0.869486,00000001,86.9486,X]
[25,F,0.889589,00001100,88.9589,X]
[42,F,0.905619,00000001,90.5619,X]
[23,F,0.906103,00010000,90.6103,X]
[26,F,0.932558,00001100,93.2558,X]
[27,F,0.960795,00001000,96.0795,X]
GUIDE_TREE_PARTITION1=(((((t1:27.37,t2:27.37):17.75,t3:45.12):23.84,t4:68.96):11.71,(t5:5.19,t6:5.19):75.48):19.33,(t7:73.11,t8:73.11):26.89);
