Taxa bit representation:
t1 10000000
t2 01000000
t3 00100000
t4 00010000
t5 00001000
t6 00000100
t7 00000010
t8 00000001
Clade List (<taxon members> = <clade name>): 

>Dataset_0
[0,F,0.321289,11110000,32.1289,X]
[9,F,0.409767,00000100,40.9767,X]
[6,F,0.428322,00001000,42.8322,X]
[10,F,0.487892,00000100,48.7892,X]
[1,F,0.697003,11000000,69.7003,X]
[7,F,0.720314,00001000,72.0314,X]
[11,F,0.813087,00000100,81.3088,X]
[12,F,0.820923,00000001,82.0923,X]
[4,F,0.825653,00010000,82.5653,X]
[2,F,0.829559,00100000,82.9559,X]
[13,F,0.833619,00000001,83.3619,X]
[3,F,0.847138,00100000,84.7138,X]
[5,F,0.895966,00010000,89.5966,X]
[8,F,0.909767,00001000,90.9767,X]
[14,F,0.970337,00000001,97.0337,X]
GUIDE_TREE_PARTITION1=(((t1:2.15,t2:2.15):37.72,(t3:36.38,t4:36.38):3.49):60.13,((t5:67.91,t6:67.91):6.71,(t7:49.06,t8:49.06):25.56):25.38);
