Taxa bit representation:
t1 10000000
t2 01000000
t3 00100000
t4 00010000
t5 00001000
t6 00000100
t7 00000010
t8 00000001
Clade List (<taxon members> = <clade name>): 

>Dataset_0
[0,F,0.0078125,11111110,0.78125,X]
[41,F,0.0292969,00000001,2.92969,X]
[1,F,0.0396437,11111100,3.96437,X]
[34,F,0.0650344,00000010,6.50344,X]
[2,F,0.0914016,11111100,9.14016,X]
[3,F,0.113862,11111100,11.3862,X]
[42,F,0.134766,00000001,13.4766,X]
[4,F,0.139253,11111100,13.9253,X]
[25,F,0.245086,00000100,24.5086,X]
[26,F,0.261688,00000100,26.1688,X]
[5,F,0.281219,11111000,28.1219,X]
[43,F,0.318359,00000001,31.8359,X]
[6,F,0.373992,11111000,37.3992,X]
[27,F,0.410125,00000100,41.0125,X]
[18,F,0.435077,00001000,43.5077,X]
[35,F,0.447847,00000010,44.7847,X]
[36,F,0.453706,00000010,45.3706,X]
[19,F,0.46828,00001000,46.828,X]
[20,F,0.516131,00001000,51.6131,X]
[37,F,0.542573,00000010,54.2573,X]
[21,F,0.574725,00001000,57.4725,X]
[44,F,0.587891,00000001,58.7891,X]
[45,F,0.595703,00000001,59.5703,X]
[22,F,0.600116,00001000,60.0116,X]
[7,F,0.613788,11110000,61.3788,X]
[28,F,0.633758,00000100,63.3758,X]
[38,F,0.642183,00000010,64.2183,X]
[23,F,0.671405,00001000,67.1405,X]
[24,F,0.676288,00001000,67.6288,X]
[46,F,0.707031,00000001,70.7031,X]
[29,F,0.736297,00000100,73.6297,X]
[8,F,0.76437,11100000,76.437,X]
[47,F,0.774414,00000001,77.4414,X]
[11,F,0.827502,00100000,82.7502,X]
[9,F,0.852892,11000000,85.2892,X]
[39,F,0.854097,00000010,85.4097,X]
[12,F,0.860705,00100000,86.0705,X]
[30,F,0.867156,00000100,86.7156,X]
[13,F,0.868517,00100000,86.8517,X]
[40,F,0.875581,00000010,87.5581,X]
[16,F,0.878628,00010000,87.8628,X]
[31,F,0.883758,00000100,88.3758,X]
[14,F,0.885119,00100000,88.5119,X]
[15,F,0.918322,00100000,91.8322,X]
[10,F,0.927111,11000000,92.7111,X]
[32,F,0.931609,00000100,93.1609,X]
[17,F,0.933316,00010000,93.3316,X]
[33,F,0.967742,00000100,96.7742,X]
GUIDE_TREE_PARTITION1=(((((((t1:2.95,t2:2.95):15.96,t3:18.91):10.61,t4:29.52):27.07,t5:56.59):22.71,t6:79.3):19.47,t7:98.77):1.23,t8:100);
