Taxa bit representation:
t1 10000000
t2 01000000
t3 00100000
t4 00010000
t5 00001000
t6 00000100
t7 00000010
t8 00000001
Clade List (<taxon members> = <clade name>): 

>Dataset_0
[81,F,0.00390625,00001111,0.390625,X]
[0,F,0.0273438,11110000,2.73438,X]
[1,F,0.0322266,11110000,3.22266,X]
[2,F,0.0693359,11110000,6.93359,X]
[43,F,0.108406,00110000,10.8406,X]
[44,F,0.133797,00110000,13.3797,X]
[3,F,0.136189,10000000,13.6189,X]
[82,F,0.139648,00001111,13.9648,X]
[4,F,0.140095,10000000,14.0095,X]
[45,F,0.167977,00110000,16.7977,X]
[46,F,0.170906,00110000,17.0906,X]
[23,F,0.176228,01000000,17.6228,X]
[5,F,0.180134,10000000,18.0134,X]
[24,F,0.190877,01000000,19.0877,X]
[6,F,0.194783,10000000,19.4783,X]
[83,F,0.211914,00001111,21.1914,X]
[7,F,0.229939,10000000,22.9939,X]
[84,F,0.233398,00001111,23.3398,X]
[47,F,0.252937,00110000,25.2937,X]
[25,F,0.262166,01000000,26.2166,X]
[85,F,0.276367,00001111,27.6367,X]
[86,F,0.27832,00001111,27.832,X]
[87,F,0.298828,00001111,29.8828,X]
[48,F,0.307625,00110000,30.7625,X]
[88,F,0.314453,00001111,31.4453,X]
[26,F,0.315877,01000000,31.5877,X]
[27,F,0.322712,01000000,32.2712,X]
[28,F,0.352009,01000000,35.2009,X]
[29,F,0.369587,01000000,36.9587,X]
[89,F,0.370709,00001100,37.0709,X]
[49,F,0.377937,00110000,37.7937,X]
[50,F,0.389689,00100000,38.9689,X]
[30,F,0.390095,01000000,39.0095,X]
[51,F,0.44047,00100000,44.047,X]
[62,F,0.441447,00010000,44.1447,X]
[8,F,0.441853,10000000,44.1853,X]
[104,F,0.445905,00000011,44.5905,X]
[31,F,0.453572,01000000,45.3572,X]
[90,F,0.4586,00001100,45.86,X]
[63,F,0.460978,00010000,46.0978,X]
[52,F,0.468791,00100000,46.8791,X]
[105,F,0.473248,00000011,47.3248,X]
[53,F,0.485392,00100000,48.5392,X]
[64,F,0.497111,00010000,49.7111,X]
[9,F,0.498494,10000000,49.8494,X]
[32,F,0.506306,01000000,50.6306,X]
[65,F,0.525431,00010000,52.5431,X]
[33,F,0.540486,01000000,54.0486,X]
[10,F,0.548298,10000000,54.8298,X]
[66,F,0.548869,00010000,54.8869,X]
[54,F,0.549845,00100000,54.9845,X]
[91,F,0.551373,00001100,55.1373,X]
[11,F,0.56783,10000000,56.783,X]
[67,F,0.573283,00010000,57.3283,X]
[68,F,0.577189,00010000,57.7189,X]
[106,F,0.578717,00000011,57.8717,X]
[55,F,0.579142,00100000,57.9142,X]
[69,F,0.593791,00010000,59.3791,X]
[12,F,0.59908,10000000,59.908,X]
[34,F,0.619587,01000000,61.9587,X]
[70,F,0.638713,00010000,63.8713,X]
[56,F,0.645548,00100000,64.5548,X]
[57,F,0.664103,00100000,66.4103,X]
[58,F,0.66508,00100000,66.508,X]
[116,F,0.665236,00000001,66.5236,X]
[13,F,0.669392,10000000,66.9392,X]
[107,F,0.671095,00000010,67.1095,X]
[14,F,0.678181,10000000,67.8181,X]
[108,F,0.685744,00000010,68.5744,X]
[15,F,0.687947,10000000,68.7947,X]
[71,F,0.694377,00010000,69.4377,X]
[98,F,0.701367,00000100,70.1367,X]
[16,F,0.705525,10000000,70.5525,X]
[92,F,0.707227,00001000,70.7227,X]
[93,F,0.708203,00001000,70.8203,X]
[117,F,0.721877,00000001,72.1877,X]
[109,F,0.727736,00000010,72.7736,X]
[94,F,0.728711,00001000,72.8711,X]
[99,F,0.729688,00000100,72.9688,X]
[110,F,0.735548,00000010,73.5548,X]
[35,F,0.741658,01000000,74.1658,X]
[100,F,0.745313,00000100,74.5312,X]
[36,F,0.745564,01000000,74.5564,X]
[37,F,0.747517,01000000,74.7517,X]
[72,F,0.75297,00010000,75.297,X]
[38,F,0.761189,01000000,76.1189,X]
[17,F,0.78072,10000000,78.072,X]
[73,F,0.782267,00010000,78.2267,X]
[111,F,0.782423,00000010,78.2423,X]
[59,F,0.783244,00100000,78.3244,X]
[118,F,0.7834,00000001,78.34,X]
[95,F,0.805859,00001000,80.5859,X]
[112,F,0.807814,00000010,80.7814,X]
[18,F,0.808064,10000000,80.8064,X]
[119,F,0.809767,00000001,80.9767,X]
[60,F,0.8184,00100000,81.84,X]
[74,F,0.828166,00010000,82.8166,X]
[75,F,0.845744,00010000,84.5744,X]
[113,F,0.84883,00000010,84.883,X]
[61,F,0.855509,00100000,85.5509,X]
[76,F,0.857463,00010000,85.7463,X]
[39,F,0.890095,01000000,89.0095,X]
[120,F,0.890822,00000001,89.0822,X]
[77,F,0.894572,00010000,89.4572,X]
[114,F,0.896681,00000010,89.6681,X]
[121,F,0.898634,00000001,89.8634,X]
[101,F,0.902539,00000100,90.2539,X]
[78,F,0.907267,00010000,90.7267,X]
[40,F,0.909627,01000000,90.9627,X]
[79,F,0.918009,00010000,91.8009,X]
[19,F,0.923298,10000000,92.3298,X]
[96,F,0.924023,00001000,92.4023,X]
[41,F,0.933064,01000000,93.3064,X]
[122,F,0.938673,00000001,93.8673,X]
[102,F,0.943555,00000100,94.3555,X]
[103,F,0.945508,00000100,94.5508,X]
[80,F,0.952189,00010000,95.2189,X]
[115,F,0.956252,00000010,95.6252,X]
[42,F,0.957478,01000000,95.7478,X]
[123,F,0.968947,00000001,96.8947,X]
[124,F,0.971877,00000001,97.1877,X]
[20,F,0.97408,10000000,97.408,X]
[97,F,0.981641,00001000,98.1641,X]
[21,F,0.992634,10000000,99.2634,X]
[22,F,0.99947,10000000,99.947,X]
GUIDE_TREE_PARTITION1=(((t1:87.26,t2:87.26):2.29,(t3:61.91,t4:61.91):27.64):10.45,((t5:32.5,t6:32.5):34.14,(t7:34.16,t8:34.16):32.48):33.36);
