Taxa bit representation:
t1 10000000
t2 01000000
t3 00100000
t4 00010000
t5 00001000
t6 00000100
t7 00000010
t8 00000001
Clade List (<taxon members> = <clade name>): 

>Dataset_0
[0,F,0.00195312,11111100,0.195312,X]
[80,F,0.00878906,00000011,0.878906,X]
[1,F,0.0126953,11111100,1.26953,X]
[81,F,0.0263672,00000011,2.63672,X]
[2,F,0.0390625,11111100,3.90625,X]
[82,F,0.0527344,00000011,5.27344,X]
[3,F,0.0712891,11111100,7.12891,X]
[83,F,0.0722656,00000011,7.22656,X]
[4,F,0.0830078,11111100,8.30078,X]
[84,F,0.0976562,00000011,9.76562,X]
[5,F,0.102539,11111100,10.2539,X]
[6,F,0.171875,11111100,17.1875,X]
[85,F,0.183594,00000011,18.3594,X]
[86,F,0.195312,00000011,19.5312,X]
[87,F,0.207813,00000010,20.7812,X]
[88,F,0.208789,00000010,20.8789,X]
[106,F,0.224414,00000001,22.4414,X]
[89,F,0.232227,00000010,23.2227,X]
[90,F,0.245898,00000010,24.5898,X]
[107,F,0.257617,00000001,25.7617,X]
[91,F,0.271289,00000010,27.1289,X]
[108,F,0.279102,00000001,27.9102,X]
[92,F,0.295703,00000010,29.5703,X]
[109,F,0.302539,00000001,30.2539,X]
[110,F,0.307422,00000001,30.7422,X]
[7,F,0.308219,11110000,30.8219,X]
[93,F,0.308398,00000010,30.8398,X]
[94,F,0.328906,00000010,32.8906,X]
[8,F,0.339469,11110000,33.9469,X]
[111,F,0.345508,00000001,34.5508,X]
[9,F,0.36083,11100000,36.083,X]
[95,F,0.369922,00000010,36.9922,X]
[62,F,0.375602,00001100,37.5602,X]
[10,F,0.379384,11100000,37.9384,X]
[63,F,0.382437,00001100,38.2437,X]
[46,F,0.383291,00010000,38.3291,X]
[64,F,0.396109,00001100,39.6109,X]
[65,F,0.397086,00001100,39.7086,X]
[47,F,0.409658,00010000,40.9658,X]
[66,F,0.412711,00001100,41.2711,X]
[48,F,0.424306,00010000,42.4306,X]
[49,F,0.431142,00010000,43.1142,X]
[112,F,0.432422,00000001,43.2422,X]
[11,F,0.442242,11000000,44.2242,X]
[113,F,0.446094,00000001,44.6094,X]
[96,F,0.45293,00000010,45.293,X]
[37,F,0.460797,00100000,46.0797,X]
[67,F,0.467398,00001100,46.7398,X]
[114,F,0.472461,00000001,47.2461,X]
[50,F,0.475087,00010000,47.5087,X]
[68,F,0.477164,00001100,47.7164,X]
[69,F,0.484,00001100,48.4,X]
[70,F,0.490836,00001100,49.0836,X]
[51,F,0.492666,00010000,49.2666,X]
[38,F,0.503766,00100000,50.3766,X]
[115,F,0.504687,00000001,50.4687,X]
[12,F,0.510602,11000000,51.0602,X]
[39,F,0.523297,00100000,52.3297,X]
[97,F,0.552539,00000010,55.2539,X]
[98,F,0.576953,00000010,57.6953,X]
[116,F,0.587695,00000001,58.7695,X]
[117,F,0.596484,00000001,59.6484,X]
[52,F,0.598134,00010000,59.8134,X]
[13,F,0.599469,11000000,59.9469,X]
[40,F,0.607281,00100000,60.7281,X]
[99,F,0.60918,00000010,60.918,X]
[14,F,0.610211,11000000,61.0211,X]
[100,F,0.618945,00000010,61.8945,X]
[71,F,0.619742,00001100,61.9742,X]
[72,F,0.622672,00001100,62.2672,X]
[73,F,0.629508,00001100,62.9508,X]
[101,F,0.632617,00000010,63.2617,X]
[74,F,0.638297,00001100,63.8297,X]
[53,F,0.643056,00010000,64.3056,X]
[26,F,0.658331,01000000,65.8331,X]
[75,F,0.661734,00001100,66.1734,X]
[15,F,0.675909,10000000,67.5909,X]
[102,F,0.679492,00000010,67.9492,X]
[103,F,0.680469,00000010,68.0469,X]
[76,F,0.694937,00001100,69.4938,X]
[118,F,0.69707,00000001,69.707,X]
[27,F,0.699347,01000000,69.9347,X]
[54,F,0.713369,00010000,71.3369,X]
[16,F,0.718878,10000000,71.8878,X]
[104,F,0.72832,00000010,72.832,X]
[105,F,0.741016,00000010,74.1016,X]
[55,F,0.756337,00010000,75.6338,X]
[17,F,0.764777,10000000,76.4777,X]
[56,F,0.766103,00010000,76.6103,X]
[28,F,0.767706,01000000,76.7706,X]
[29,F,0.773566,01000000,77.3566,X]
[18,F,0.779425,10000000,77.9425,X]
[57,F,0.782705,00010000,78.2705,X]
[41,F,0.783062,00100000,78.3063,X]
[30,F,0.791144,01000000,79.1144,X]
[19,F,0.809698,10000000,80.9698,X]
[42,F,0.826031,00100000,82.6031,X]
[43,F,0.827984,00100000,82.7984,X]
[77,F,0.828727,00001100,82.8727,X]
[31,F,0.832159,01000000,83.2159,X]
[119,F,0.839648,00000001,83.9648,X]
[20,F,0.848761,10000000,84.8761,X]
[120,F,0.850391,00000001,85.0391,X]
[44,F,0.852398,00100000,85.2398,X]
[32,F,0.855597,01000000,85.5597,X]
[121,F,0.857227,00000001,85.7227,X]
[33,F,0.879034,01000000,87.9034,X]
[21,F,0.88587,10000000,88.587,X]
[122,F,0.895312,00000001,89.5312,X]
[22,F,0.898566,10000000,89.8566,X]
[34,F,0.899542,01000000,89.9542,X]
[58,F,0.904775,00010000,90.4775,X]
[23,F,0.909308,10000000,90.9308,X]
[59,F,0.918447,00010000,91.8447,X]
[79,F,0.933255,00000100,93.3255,X]
[24,F,0.945441,10000000,94.5441,X]
[45,F,0.954937,00100000,95.4938,X]
[123,F,0.956836,00000001,95.6836,X]
[60,F,0.964345,00010000,96.4345,X]
[25,F,0.977667,10000000,97.7667,X]
[35,F,0.980597,01000000,98.0597,X]
[61,F,0.986806,00010000,98.6806,X]
[36,F,0.995245,01000000,99.5245,X]
[78,F,0.999661,00001000,99.9661,X]
GUIDE_TREE_PARTITION1=(((((t1:36.12,t2:36.12):20.73,t3:56.85):7.36,t4:64.21):12.39,(t5:8.53,t6:8.53):68.07):23.4,(t7:80,t8:80):20);
