Taxa bit representation:
t1 10000000
t2 01000000
t3 00100000
t4 00010000
t5 00001000
t6 00000100
t7 00000010
t8 00000001
Clade List (<taxon members> = <clade name>): 

>Dataset_0
[0,F,0.0195312,11111110,1.95312,X]
[1,F,0.100586,11111110,10.0586,X]
[39,F,0.130859,00000001,13.0859,X]
[30,F,0.140689,00000010,14.0689,X]
[31,F,0.195377,00000010,19.5377,X]
[20,F,0.238856,00000100,23.8856,X]
[10,F,0.277809,00001000,27.7809,X]
[32,F,0.286197,00000010,28.6197,X]
[11,F,0.319802,00001000,31.9802,X]
[12,F,0.33445,00001000,33.445,X]
[40,F,0.345703,00000001,34.5703,X]
[33,F,0.359439,00000010,35.9439,X]
[2,F,0.366677,11110000,36.6677,X]
[21,F,0.390223,00000100,39.0223,X]
[22,F,0.407802,00000100,40.7802,X]
[13,F,0.463356,00001000,46.3356,X]
[3,F,0.474098,11110000,47.4098,X]
[14,F,0.480934,00001000,48.0934,X]
[23,F,0.51913,00000100,51.913,X]
[4,F,0.523903,11110000,52.3903,X]
[24,F,0.538661,00000100,53.8661,X]
[15,F,0.548317,00001000,54.8317,X]
[25,F,0.567958,00000100,56.7958,X]
[34,F,0.598697,00000010,59.8697,X]
[35,F,0.606509,00000010,60.6509,X]
[16,F,0.616677,00001000,61.6677,X]
[26,F,0.630458,00000100,63.0458,X]
[5,F,0.662369,11100000,66.2369,X]
[9,F,0.728775,00010000,72.8775,X]
[6,F,0.736588,11100000,73.6588,X]
[41,F,0.738281,00000001,73.8281,X]
[36,F,0.746158,00000010,74.6158,X]
[42,F,0.750977,00000001,75.0977,X]
[37,F,0.770572,00000010,77.0572,X]
[38,F,0.772525,00000010,77.2525,X]
[43,F,0.788086,00000001,78.8086,X]
[17,F,0.858864,00001000,85.8864,X]
[7,F,0.871847,11000000,87.1847,X]
[27,F,0.886317,00000100,88.6317,X]
[28,F,0.892177,00000100,89.2177,X]
[18,F,0.907692,00001000,90.7692,X]
[19,F,0.930153,00001000,93.0153,X]
[8,F,0.938253,00100000,93.8253,X]
[29,F,0.951747,00000100,95.1747,X]
GUIDE_TREE_PARTITION1=(((((((t1:6.81,t2:6.81):12.06,t3:18.87):19.19,t4:38.06):37.87,t5:75.93):3.7,t6:79.63):7.18,t7:86.81):13.19,t8:100);
