Taxa bit representation:
t1 10000000
t2 01000000
t3 00100000
t4 00010000
t5 00001000
t6 00000100
t7 00000010
t8 00000001
Clade List (<taxon members> = <clade name>): 

>Dataset_0
[5,F,0.143958,00000010,14.3958,X]
[0,F,0.149817,11111100,14.9817,X]
[1,F,0.212317,11111100,21.2317,X]
[10,F,0.313477,00000001,31.3477,X]
[6,F,0.392005,00000010,39.2005,X]
[2,F,0.567792,11111000,56.7792,X]
[11,F,0.568359,00000001,56.8359,X]
[3,F,0.605878,11111000,60.5878,X]
[7,F,0.65763,00000010,65.763,X]
[8,F,0.703528,00000010,70.3528,X]
[12,F,0.833008,00000001,83.3008,X]
[9,F,0.906653,00000010,90.6653,X]
[4,F,0.914395,00001000,91.4395,X]
GUIDE_TREE_PARTITION1=(((((((t1:1.29,t2:1.29):1.78,t3:3.07):4.36,t4:7.43):21.15,t5:28.58):37.59,t6:66.17):24.61,t7:90.78):9.22,t8:100);
