Taxa bit representation:
t1 10000000
t2 01000000
t3 00100000
t4 00010000
t5 00001000
t6 00000100
t7 00000010
t8 00000001
Clade List (<taxon members> = <clade name>): 

>Dataset_0
[0,F,0.0400391,11111110,4.00391,X]
[1,F,0.120117,11111110,12.0117,X]
[18,F,0.125,00000001,12.5,X]
[19,F,0.194336,00000001,19.4336,X]
[15,F,0.3268,00000010,32.68,X]
[9,F,0.385253,00000100,38.5253,X]
[6,F,0.491464,00001000,49.1464,X]
[7,F,0.680917,00001000,68.0917,X]
[8,F,0.687753,00001000,68.7753,X]
[2,F,0.689137,11100000,68.9137,X]
[10,F,0.749511,00000100,74.9511,X]
[16,F,0.759417,00000010,75.9417,X]
[11,F,0.769042,00000100,76.9042,X]
[12,F,0.773925,00000100,77.3925,X]
[4,F,0.839908,00100000,83.9908,X]
[13,F,0.85498,00000100,85.498,X]
[5,F,0.864919,00010000,86.4919,X]
[14,F,0.88623,00000100,88.623,X]
[17,F,0.906878,00000010,90.6878,X]
[20,F,0.915039,00000001,91.5039,X]
[3,F,0.958042,10000000,95.8042,X]
GUIDE_TREE_PARTITION1=(((((((t1:11.52,t2:11.52):12.79,t3:24.31):21.62,t4:45.93):10.49,t5:56.42):11.5,t6:67.92):5.65,t7:73.57):26.43,t8:100);
