Taxa bit representation:
t1 10000000
t2 01000000
t3 00100000
t4 00010000
t5 00001000
t6 00000100
t7 00000010
t8 00000001
Clade List (<taxon members> = <clade name>): 

>Dataset_0
[19,F,0.0611422,00001100,6.11422,X]
[0,F,0.0650484,11110000,6.50484,X]
[1,F,0.0796969,11110000,7.96969,X]
[36,F,0.0917969,00000011,9.17969,X]
[37,F,0.105469,00000011,10.5469,X]
[20,F,0.162705,00001100,16.2705,X]
[21,F,0.205673,00001100,20.5673,X]
[2,F,0.339675,11100000,33.9675,X]
[3,F,0.344558,11100000,34.4558,X]
[12,F,0.345534,00010000,34.5534,X]
[22,F,0.351181,00001100,35.1181,X]
[23,F,0.353134,00001100,35.3134,X]
[38,F,0.418945,00000011,41.8945,X]
[13,F,0.443191,00010000,44.3191,X]
[39,F,0.450195,00000011,45.0195,X]
[24,F,0.450791,00001100,45.0791,X]
[25,F,0.45372,00001100,45.372,X]
[14,F,0.485183,00010000,48.5183,X]
[40,F,0.488281,00000011,48.8281,X]
[15,F,0.512527,00010000,51.2527,X]
[26,F,0.532822,00001100,53.2822,X]
[16,F,0.534987,00010000,53.4987,X]
[27,F,0.551377,00001100,55.1377,X]
[31,F,0.584955,00000100,58.4955,X]
[41,F,0.66763,00000010,66.763,X]
[28,F,0.675775,00001000,67.5775,X]
[32,F,0.748041,00000100,74.8041,X]
[29,F,0.755853,00001000,75.5853,X]
[17,F,0.794753,00010000,79.4753,X]
[9,F,0.797906,00100000,79.7906,X]
[10,F,0.802789,00100000,80.2789,X]
[4,F,0.809625,11000000,80.9625,X]
[33,F,0.810541,00000100,81.0541,X]
[42,F,0.821927,00000010,82.1927,X]
[43,F,0.85513,00000010,85.513,X]
[44,F,0.88345,00000010,88.345,X]
[34,F,0.883783,00000100,88.3783,X]
[11,F,0.894586,00100000,89.4586,X]
[6,F,0.910463,01000000,91.0463,X]
[46,F,0.921536,00000001,92.1536,X]
[35,F,0.927728,00000100,92.7728,X]
[47,F,0.933255,00000001,93.3255,X]
[7,F,0.944642,01000000,94.4642,X]
[18,F,0.948073,00010000,94.8073,X]
[45,F,0.962552,00000010,96.2552,X]
[5,F,0.981752,10000000,98.1752,X]
[30,F,0.984369,00001000,98.4369,X]
[8,F,0.985658,01000000,98.5658,X]
GUIDE_TREE_PARTITION1=(((((t1:12.86,t2:12.86):7.74,t3:20.6):62.62,t4:83.22):11.74,(t5:43.36,t6:43.36):51.6):5.04,(t7:39.78,t8:39.78):60.22);
