Taxa bit representation:
t1 10000000
t2 01000000
t3 00100000
t4 00010000
t5 00001000
t6 00000100
t7 00000010
t8 00000001
Clade List (<taxon members> = <clade name>): 

>Dataset_0
[0,F,0.161133,11110000,16.1133,X]
[5,F,0.1875,00001111,18.75,X]
[1,F,0.450903,11000000,45.0903,X]
[2,F,0.631567,11000000,63.1567,X]
[6,F,0.644531,00001111,64.4531,X]
[10,F,0.676036,00000011,67.6036,X]
[3,F,0.708716,11000000,70.8716,X]
[4,F,0.751453,00100000,75.1453,X]
[7,F,0.752208,00001100,75.2208,X]
[11,F,0.760053,00000010,76.0053,X]
[8,F,0.871408,00001000,87.1408,X]
[13,F,0.891889,00000001,89.1889,X]
[14,F,0.923139,00000001,92.3139,X]
[15,F,0.949506,00000001,94.9506,X]
[9,F,0.989572,00001000,98.9572,X]
[12,F,0.990522,00000010,99.0522,X]
GUIDE_TREE_PARTITION1=(((t1:5.06,t2:5.06):59.42,(t3:50.05,t4:50.05):14.43):35.52,((t5:14.91,t6:14.91):18.17,(t7:24.19,t8:24.19):8.89):66.92);
