Taxa bit representation:
t1 10000000
t2 01000000
t3 00100000
t4 00010000
t5 00001000
t6 00000100
t7 00000010
t8 00000001
Clade List (<taxon members> = <clade name>): 

>Dataset_0
[20,F,0.0478516,00000001,4.78516,X]
[21,F,0.0517578,00000001,5.17578,X]
[18,F,0.232689,00000010,23.2689,X]
[16,F,0.432986,00000100,43.2986,X]
[5,F,0.48962,00100000,48.962,X]
[6,F,0.491573,00100000,49.1573,X]
[7,F,0.494503,00100000,49.4503,X]
[12,F,0.522702,00010000,52.2702,X]
[8,F,0.538448,00100000,53.8448,X]
[15,F,0.541892,00001000,54.1892,X]
[2,F,0.742066,01000000,74.2066,X]
[3,F,0.755737,01000000,75.5737,X]
[22,F,0.771484,00000001,77.1484,X]
[0,F,0.816284,10000000,81.6284,X]
[17,F,0.824587,00000100,82.4587,X]
[13,F,0.830319,00010000,83.0319,X]
[9,F,0.843136,00100000,84.3136,X]
[14,F,0.84985,00010000,84.985,X]
[19,F,0.868431,00000010,86.8431,X]
[23,F,0.879883,00000001,87.9883,X]
[10,F,0.882198,00100000,88.2198,X]
[11,F,0.890987,00100000,89.0987,X]
[1,F,0.904175,10000000,90.4175,X]
[4,F,0.911011,01000000,91.1011,X]
[24,F,0.942383,00000001,94.2383,X]
GUIDE_TREE_PARTITION1=(((((((t1:33.02,t2:33.02):20.85,t3:53.87):1.77,t4:55.64):0.62,t5:56.26):16.75,t6:73.01):4.6,t7:77.61):22.39,t8:100);
