Taxa bit representation:
t1 10000000
t2 01000000
t3 00100000
t4 00010000
t5 00001000
t6 00000100
t7 00000010
t8 00000001
Clade List (<taxon members> = <clade name>): 

>Dataset_0
[0,F,0.0253906,11110000,2.53906,X]
[43,F,0.0390625,00001111,3.90625,X]
[44,F,0.0830078,00001111,8.30078,X]
[45,F,0.0917969,00001111,9.17969,X]
[46,F,0.116211,00001111,11.6211,X]
[47,F,0.147461,00001111,14.7461,X]
[1,F,0.171875,11110000,17.1875,X]
[48,F,0.182617,00001111,18.2617,X]
[49,F,0.211914,00001111,21.1914,X]
[2,F,0.21582,11110000,21.582,X]
[50,F,0.280273,00001111,28.0273,X]
[3,F,0.28125,11110000,28.125,X]
[4,F,0.290039,11110000,29.0039,X]
[51,F,0.294922,00001111,29.4922,X]
[52,F,0.295898,00001111,29.5898,X]
[53,F,0.307617,00001111,30.7617,X]
[54,F,0.317383,00001111,31.7383,X]
[5,F,0.345703,11110000,34.5703,X]
[55,F,0.358398,00001111,35.8398,X]
[56,F,0.363281,00001111,36.3281,X]
[57,F,0.366211,00001111,36.6211,X]
[6,F,0.378906,11110000,37.8906,X]
[58,F,0.386719,00001111,38.6719,X]
[79,F,0.404295,00000011,40.4295,X]
[7,F,0.418945,11110000,41.8945,X]
[59,F,0.424803,00001100,42.4803,X]
[80,F,0.42578,00000011,42.578,X]
[60,F,0.434569,00001100,43.4569,X]
[81,F,0.440428,00000011,44.0428,X]
[82,F,0.4541,00000011,45.41,X]
[83,F,0.458983,00000011,45.8983,X]
[8,F,0.461914,11110000,46.1914,X]
[61,F,0.464842,00001100,46.4842,X]
[84,F,0.467772,00000011,46.7772,X]
[62,F,0.472655,00001100,47.2655,X]
[63,F,0.478514,00001100,47.8514,X]
[9,F,0.480469,11110000,48.0469,X]
[85,F,0.481444,00000011,48.1444,X]
[86,F,0.491209,00000011,49.1209,X]
[64,F,0.492186,00001100,49.2186,X]
[65,F,0.499998,00001100,49.9998,X]
[66,F,0.510741,00001100,51.0741,X]
[10,F,0.511719,11110000,51.1719,X]
[11,F,0.521484,11110000,52.1484,X]
[87,F,0.527342,00000011,52.7342,X]
[67,F,0.541014,00001100,54.1014,X]
[68,F,0.554686,00001100,55.4686,X]
[69,F,0.565428,00001100,56.5428,X]
[88,F,0.571287,00000011,57.1287,X]
[70,F,0.583983,00001100,58.3983,X]
[28,F,0.584427,00110000,58.4427,X]
[12,F,0.61177,11000000,61.177,X]
[29,F,0.627395,00110000,62.7395,X]
[71,F,0.642577,00001100,64.2577,X]
[72,F,0.655272,00001100,65.5272,X]
[13,F,0.671341,11000000,67.1341,X]
[14,F,0.672317,11000000,67.2317,X]
[89,F,0.676756,00000011,67.6756,X]
[30,F,0.680539,00100000,68.0539,X]
[36,F,0.699094,00010000,69.9094,X]
[15,F,0.70845,11000000,70.845,X]
[16,F,0.758255,11000000,75.8255,X]
[17,F,0.765091,11000000,76.5091,X]
[90,F,0.767577,00000011,76.7577,X]
[31,F,0.776242,00100000,77.6242,X]
[73,F,0.780272,00001100,78.0272,X]
[37,F,0.783078,00010000,78.3078,X]
[38,F,0.79382,00010000,79.382,X]
[91,F,0.80078,00000011,80.078,X]
[39,F,0.805539,00010000,80.5539,X]
[74,F,0.814452,00001100,81.4452,X]
[32,F,0.817258,00100000,81.7258,X]
[18,F,0.821731,11000000,82.1731,X]
[19,F,0.822708,11000000,82.2708,X]
[20,F,0.826614,11000000,82.6614,X]
[92,F,0.833983,00000011,83.3983,X]
[33,F,0.845578,00100000,84.5578,X]
[21,F,0.858841,11000000,85.8841,X]
[97,F,0.873327,00000001,87.3327,X]
[40,F,0.880734,00010000,88.0734,X]
[76,F,0.896858,00000100,89.6858,X]
[34,F,0.897336,00100000,89.7336,X]
[77,F,0.9076,00000100,90.76,X]
[25,F,0.908214,01000000,90.8214,X]
[41,F,0.931516,00010000,93.1516,X]
[26,F,0.937511,01000000,93.7511,X]
[78,F,0.93885,00000100,93.885,X]
[98,F,0.941686,00000001,94.1686,X]
[99,F,0.944616,00000001,94.4616,X]
[22,F,0.945323,10000000,94.5323,X]
[93,F,0.950475,00000010,95.0475,X]
[42,F,0.954953,00010000,95.4953,X]
[100,F,0.959264,00000001,95.9264,X]
[23,F,0.960948,10000000,96.0948,X]
[75,F,0.961311,00001000,96.1311,X]
[94,F,0.96317,00000010,96.317,X]
[24,F,0.964855,10000000,96.4855,X]
[95,F,0.982702,00000010,98.2702,X]
[96,F,0.984655,00000010,98.4655,X]
[27,F,0.989269,01000000,98.9269,X]
[35,F,0.999875,00100000,99.9875,X]
GUIDE_TREE_PARTITION1=(((t1:11.62,t2:11.62):33.16,(t3:35.95,t4:35.95):8.83):55.22,((t5:15.49,t6:15.49):45.35,(t7:15.89,t8:15.89):44.95):39.16);
