Taxa bit representation:
t1 10000000
t2 01000000
t3 00100000
t4 00010000
t5 00001000
t6 00000100
t7 00000010
t8 00000001
Clade List (<taxon members> = <clade name>): 

>Dataset_0
[13,F,0.0195312,00000001,1.95312,X]
[14,F,0.133789,00000001,13.3789,X]
[0,F,0.376531,11110000,37.6531,X]
[15,F,0.439453,00000001,43.9453,X]
[8,F,0.514841,00000100,51.4841,X]
[11,F,0.560273,00000010,56.0273,X]
[4,F,0.69605,01000000,69.605,X]
[1,F,0.699956,10000000,69.9956,X]
[5,F,0.73778,00100000,73.778,X]
[2,F,0.748784,10000000,74.8784,X]
[9,F,0.760934,00000100,76.0934,X]
[6,F,0.813952,00100000,81.3952,X]
[10,F,0.86445,00000100,86.445,X]
[3,F,0.867925,10000000,86.7925,X]
[16,F,0.893555,00000001,89.3555,X]
[7,F,0.924616,00010000,92.4616,X]
[12,F,0.946992,00000010,94.6992,X]
GUIDE_TREE_PARTITION1=(((((((t1:33.52,t2:33.52):2.37,t3:35.89):7,t4:42.89):21.41,t5:64.3):2.38,t6:66.68):5.32,t7:72):28,t8:100);
