Taxa bit representation:
t1 10000000
t2 01000000
t3 00100000
t4 00010000
t5 00001000
t6 00000100
t7 00000010
t8 00000001
Clade List (<taxon members> = <clade name>): 

>Dataset_0
[5,F,0.00878906,00001111,0.878906,X]
[6,F,0.200195,00001111,20.0195,X]
[7,F,0.222656,00001111,22.2656,X]
[0,F,0.293945,11110000,29.3945,X]
[1,F,0.472656,11110000,47.2656,X]
[8,F,0.599813,00001100,59.9813,X]
[2,F,0.726562,11110000,72.6562,X]
[10,F,0.852172,00000001,85.2172,X]
[9,F,0.911336,00001100,91.1336,X]
[3,F,0.968177,01000000,96.8177,X]
[4,F,0.998781,00100000,99.8781,X]
GUIDE_TREE_PARTITION1=(((t1:9.53,t2:9.53):17.01,(t3:17.7,t4:17.7):8.84):73.46,((t5:3.14,t6:3.14):37.66,(t7:16.15,t8:16.15):24.65):59.2);
