Taxa bit representation:
t1 10000000
t2 01000000
t3 00100000
t4 00010000
t5 00001000
t6 00000100
t7 00000010
t8 00000001
Clade List (<taxon members> = <clade name>): 

>Dataset_0
[0,F,0.00585938,11111100,0.585938,X]
[1,F,0.078125,11111100,7.8125,X]
[8,F,0.243038,00001100,24.3038,X]
[2,F,0.249873,11110000,24.9873,X]
[3,F,0.305538,11110000,30.5538,X]
[21,F,0.331505,00000001,33.1505,X]
[9,F,0.337764,00001100,33.7764,X]
[4,F,0.340694,11110000,34.0694,X]
[5,F,0.355342,11110000,35.5342,X]
[14,F,0.404747,00000010,40.4747,X]
[22,F,0.404747,00000001,40.4747,X]
[15,F,0.424278,00000010,42.4278,X]
[16,F,0.434044,00000010,43.4044,X]
[23,F,0.468223,00000001,46.8223,X]
[24,F,0.530723,00000001,53.0723,X]
[25,F,0.574669,00000001,57.4669,X]
[6,F,0.583858,11110000,58.3858,X]
[17,F,0.592247,00000010,59.2247,X]
[18,F,0.663536,00000010,66.3536,X]
[10,F,0.684444,00001100,68.4444,X]
[26,F,0.74752,00000001,74.752,X]
[19,F,0.751427,00000010,75.1427,X]
[27,F,0.774864,00000001,77.4864,X]
[7,F,0.815597,11100000,81.5597,X]
[28,F,0.859825,00000001,85.9825,X]
[20,F,0.882286,00000010,88.2286,X]
[11,F,0.886592,00001100,88.6592,X]
[12,F,0.912959,00001100,91.2959,X]
[13,F,0.921283,00001000,92.1283,X]
[29,F,0.923302,00000001,92.3302,X]
GUIDE_TREE_PARTITION1=(((((t1:1.48,t2:1.48):4.3,t3:5.78):15.59,t4:21.37):56.67,(t5:8.36,t6:8.36):69.68):21.96,(t7:71.83,t8:71.83):28.17);
