Taxa bit representation:
t1 10000000
t2 01000000
t3 00100000
t4 00010000
t5 00001000
t6 00000100
t7 00000010
t8 00000001
Clade List (<taxon members> = <clade name>): 

>Dataset_0
[44,F,0.00488281,00001111,0.488281,X]
[45,F,0.0761719,00001111,7.61719,X]
[0,F,0.0800781,11110000,8.00781,X]
[46,F,0.0917969,00001111,9.17969,X]
[1,F,0.09375,11110000,9.375,X]
[47,F,0.101562,00001111,10.1562,X]
[48,F,0.104492,00001111,10.4492,X]
[2,F,0.123047,11110000,12.3047,X]
[49,F,0.137695,00001111,13.7695,X]
[50,F,0.199219,00001111,19.9219,X]
[3,F,0.208984,11110000,20.8984,X]
[51,F,0.211914,00001111,21.1914,X]
[4,F,0.226562,11110000,22.6562,X]
[5,F,0.228516,11110000,22.8516,X]
[6,F,0.267578,11110000,26.7578,X]
[81,F,0.272355,00000011,27.2355,X]
[82,F,0.284073,00000011,28.4073,X]
[7,F,0.291016,11110000,29.1016,X]
[8,F,0.298828,11110000,29.8828,X]
[9,F,0.300781,11110000,30.0781,X]
[10,F,0.305664,11110000,30.5664,X]
[83,F,0.318253,00000011,31.8253,X]
[11,F,0.324219,11110000,32.4219,X]
[84,F,0.325089,00000011,32.5089,X]
[85,F,0.331925,00000011,33.1925,X]
[86,F,0.332902,00000011,33.2902,X]
[87,F,0.340714,00000011,34.0714,X]
[52,F,0.38047,00001000,38.047,X]
[72,F,0.3834,00000100,38.34,X]
[88,F,0.384659,00000011,38.4659,X]
[89,F,0.397355,00000011,39.7355,X]
[12,F,0.424805,11110000,42.4805,X]
[13,F,0.43457,11110000,43.457,X]
[90,F,0.440323,00000011,44.0323,X]
[91,F,0.442277,00000011,44.2277,X]
[73,F,0.466408,00000100,46.6408,X]
[14,F,0.498047,11110000,49.8047,X]
[53,F,0.501564,00001000,50.1564,X]
[74,F,0.531837,00000100,53.1837,X]
[75,F,0.544533,00000100,54.4533,X]
[54,F,0.550392,00001000,55.0392,X]
[92,F,0.590455,00000010,59.0455,X]
[105,F,0.595337,00000001,59.5337,X]
[106,F,0.597291,00000001,59.7291,X]
[55,F,0.598244,00001000,59.8244,X]
[56,F,0.621681,00001000,62.1681,X]
[26,F,0.627667,00110000,62.7667,X]
[76,F,0.632423,00000100,63.2423,X]
[15,F,0.633527,11000000,63.3527,X]
[16,F,0.637433,11000000,63.7433,X]
[57,F,0.649025,00001000,64.9025,X]
[17,F,0.655988,11000000,65.5988,X]
[58,F,0.657814,00001000,65.7814,X]
[107,F,0.669556,00000001,66.9556,X]
[59,F,0.680275,00001000,68.0275,X]
[93,F,0.695923,00000010,69.5923,X]
[35,F,0.702606,00010000,70.2606,X]
[108,F,0.703736,00000001,70.3736,X]
[60,F,0.717384,00001000,71.7384,X]
[27,F,0.730927,00100000,73.0927,X]
[94,F,0.732056,00000010,73.2056,X]
[95,F,0.734009,00000010,73.4009,X]
[96,F,0.736939,00000010,73.6939,X]
[109,F,0.738892,00000001,73.8892,X]
[97,F,0.739869,00000010,73.9869,X]
[18,F,0.75462,11000000,75.462,X]
[28,F,0.76413,00100000,76.413,X]
[19,F,0.764386,11000000,76.4386,X]
[29,F,0.782684,00100000,78.2684,X]
[110,F,0.786744,00000001,78.6744,X]
[36,F,0.790497,00010000,79.0497,X]
[37,F,0.793427,00010000,79.3427,X]
[61,F,0.793556,00001000,79.3556,X]
[20,F,0.797589,11000000,79.7589,X]
[77,F,0.799416,00000100,79.9416,X]
[111,F,0.799439,00000001,79.9439,X]
[38,F,0.801239,00010000,80.1239,X]
[98,F,0.805298,00000010,80.5298,X]
[39,F,0.811005,00010000,81.1005,X]
[30,F,0.814911,00100000,81.4911,X]
[99,F,0.816041,00000010,81.6041,X]
[112,F,0.817994,00000001,81.7994,X]
[62,F,0.82383,00001000,82.383,X]
[78,F,0.833595,00000100,83.3595,X]
[63,F,0.837502,00001000,83.7502,X]
[21,F,0.840558,11000000,84.0558,X]
[100,F,0.841431,00000010,84.1431,X]
[40,F,0.85495,00010000,85.495,X]
[64,F,0.858009,00001000,85.8009,X]
[65,F,0.868752,00001000,86.8752,X]
[113,F,0.874634,00000001,87.4634,X]
[41,F,0.878388,00010000,87.8388,X]
[31,F,0.880341,00100000,88.0341,X]
[22,F,0.889386,11000000,88.9386,X]
[23,F,0.891339,11000000,89.1339,X]
[101,F,0.897095,00000010,89.7095,X]
[66,F,0.900002,00001000,90.0002,X]
[102,F,0.903931,00000010,90.3931,X]
[32,F,0.911591,00100000,91.1591,X]
[42,F,0.913544,00010000,91.3544,X]
[24,F,0.914777,11000000,91.4777,X]
[33,F,0.91745,00100000,91.745,X]
[43,F,0.925263,00010000,92.5263,X]
[25,F,0.926495,11000000,92.6495,X]
[67,F,0.938087,00001000,93.8088,X]
[79,F,0.938087,00000100,93.8088,X]
[34,F,0.940888,00100000,94.0888,X]
[68,F,0.946877,00001000,94.6877,X]
[114,F,0.956666,00000001,95.6666,X]
[103,F,0.968384,00000010,96.8384,X]
[104,F,0.972291,00000010,97.2291,X]
[69,F,0.97715,00001000,97.715,X]
[70,F,0.978127,00001000,97.8127,X]
[71,F,0.984962,00001000,98.4963,X]
[80,F,0.996681,00000100,99.6681,X]
GUIDE_TREE_PARTITION1=(((t1:2.15,t2:2.15):37.72,(t3:36.38,t4:36.38):3.49):60.13,((t5:67.91,t6:67.91):6.71,(t7:49.06,t8:49.06):25.56):25.38);
