Taxa bit representation:
t1 10000000
t2 01000000
t3 00100000
t4 00010000
t5 00001000
t6 00000100
t7 00000010
t8 00000001
Clade List (<taxon members> = <clade name>): 

>Dataset_0
[95,F,0.00976562,00000011,0.976562,X]
[0,F,0.0166016,11111100,1.66016,X]
[1,F,0.0419922,11111100,4.19922,X]
[96,F,0.0556641,00000011,5.56641,X]
[2,F,0.0566406,11111100,5.66406,X]
[3,F,0.0771484,11111100,7.71484,X]
[97,F,0.0810547,00000011,8.10547,X]
[122,F,0.0965188,00000001,9.65188,X]
[4,F,0.105469,11111100,10.5469,X]
[123,F,0.136558,00000001,13.6558,X]
[98,F,0.139487,00000010,13.9487,X]
[99,F,0.151206,00000010,15.1206,X]
[100,F,0.171714,00000010,17.1714,X]
[101,F,0.188316,00000010,18.8316,X]
[124,F,0.208823,00000001,20.8823,X]
[5,F,0.233398,11111100,23.3398,X]
[102,F,0.23812,00000010,23.812,X]
[125,F,0.243003,00000001,24.3003,X]
[103,F,0.254722,00000010,25.4722,X]
[104,F,0.255698,00000010,25.5698,X]
[6,F,0.276739,11110000,27.6739,X]
[7,F,0.277716,11110000,27.7716,X]
[105,F,0.281089,00000010,28.1089,X]
[78,F,0.283948,00000100,28.3948,X]
[126,F,0.284019,00000001,28.4019,X]
[8,F,0.286505,11110000,28.6505,X]
[106,F,0.294761,00000010,29.4761,X]
[127,F,0.30648,00000001,30.648,X]
[79,F,0.307386,00000100,30.7386,X]
[107,F,0.309409,00000010,30.9409,X]
[108,F,0.327964,00000010,32.7964,X]
[9,F,0.33045,11110000,33.045,X]
[80,F,0.335706,00000100,33.5706,X]
[57,F,0.36305,00001000,36.305,X]
[39,F,0.365878,00010000,36.5878,X]
[58,F,0.36598,00001000,36.598,X]
[10,F,0.369784,11100000,36.9784,X]
[81,F,0.370863,00000100,37.0863,X]
[109,F,0.372886,00000010,37.2886,X]
[11,F,0.399081,11100000,39.9081,X]
[110,F,0.422691,00000010,42.2691,X]
[12,F,0.428378,11100000,42.8378,X]
[13,F,0.431308,11100000,43.1308,X]
[111,F,0.434409,00000010,43.4409,X]
[14,F,0.456698,11100000,45.6698,X]
[82,F,0.45973,00000100,45.973,X]
[59,F,0.470472,00001000,47.0472,X]
[83,F,0.477308,00000100,47.7308,X]
[128,F,0.482261,00000001,48.2261,X]
[84,F,0.500745,00000100,50.0745,X]
[129,F,0.505698,00000001,50.5698,X]
[60,F,0.511488,00001000,51.1488,X]
[40,F,0.513339,00010000,51.3339,X]
[85,F,0.514417,00000100,51.4417,X]
[86,F,0.523206,00000100,52.3206,X]
[130,F,0.528159,00000001,52.8159,X]
[112,F,0.534995,00000010,53.4995,X]
[15,F,0.541659,11100000,54.1659,X]
[131,F,0.548667,00000001,54.8667,X]
[113,F,0.55648,00000010,55.648,X]
[61,F,0.557386,00001000,55.7386,X]
[87,F,0.561292,00000100,56.1292,X]
[132,F,0.561362,00000001,56.1362,X]
[114,F,0.567222,00000010,56.7222,X]
[88,F,0.571058,00000100,57.1058,X]
[89,F,0.57887,00000100,57.887,X]
[62,F,0.590589,00001000,59.0589,X]
[41,F,0.603183,00010000,60.3183,X]
[16,F,0.610995,11100000,61.0995,X]
[90,F,0.612073,00000100,61.2073,X]
[63,F,0.614027,00001000,61.4027,X]
[133,F,0.61605,00000001,61.605,X]
[64,F,0.616956,00001000,61.6956,X]
[115,F,0.636558,00000010,63.6558,X]
[134,F,0.636558,00000001,63.6558,X]
[17,F,0.644198,11100000,64.4198,X]
[42,F,0.651034,00010000,65.1034,X]
[65,F,0.670667,00001000,67.0667,X]
[135,F,0.67855,00000001,67.855,X]
[91,F,0.680433,00000100,68.0433,X]
[66,F,0.680433,00001000,68.0433,X]
[18,F,0.695956,11100000,69.5956,X]
[19,F,0.698886,11100000,69.8886,X]
[67,F,0.7068,00001000,70.68,X]
[92,F,0.711683,00000100,71.1683,X]
[116,F,0.713706,00000010,71.3706,X]
[43,F,0.721347,00010000,72.1347,X]
[44,F,0.724277,00010000,72.4277,X]
[68,F,0.724378,00001000,72.4378,X]
[136,F,0.724448,00000001,72.4448,X]
[69,F,0.726331,00001000,72.6331,X]
[137,F,0.726402,00000001,72.6402,X]
[20,F,0.727206,11100000,72.7206,X]
[45,F,0.734042,00010000,73.4042,X]
[93,F,0.739027,00000100,73.9027,X]
[138,F,0.744956,00000001,74.4956,X]
[70,F,0.753675,00001000,75.3675,X]
[71,F,0.758558,00001000,75.8558,X]
[46,F,0.764316,00010000,76.4316,X]
[72,F,0.764417,00001000,76.4417,X]
[73,F,0.765394,00001000,76.5394,X]
[47,F,0.767245,00010000,76.7245,X]
[74,F,0.768323,00001000,76.8323,X]
[94,F,0.77223,00000100,77.223,X]
[117,F,0.784995,00000010,78.4995,X]
[118,F,0.790855,00000010,79.0855,X]
[21,F,0.796542,11100000,79.6542,X]
[22,F,0.814636,11000000,81.4636,X]
[34,F,0.824402,00100000,82.4402,X]
[139,F,0.825034,00000001,82.5034,X]
[75,F,0.826917,00001000,82.6917,X]
[23,F,0.831802,10000000,83.1802,X]
[48,F,0.836581,00010000,83.6581,X]
[49,F,0.849277,00010000,84.9277,X]
[119,F,0.849448,00000010,84.9448,X]
[26,F,0.850356,01000000,85.0356,X]
[35,F,0.852722,00100000,85.2722,X]
[50,F,0.860995,00010000,86.0995,X]
[24,F,0.862075,10000000,86.2075,X]
[76,F,0.86305,00001000,86.305,X]
[120,F,0.865073,00000010,86.5073,X]
[140,F,0.878745,00000001,87.8745,X]
[27,F,0.88063,01000000,88.063,X]
[51,F,0.88248,00010000,88.248,X]
[52,F,0.891269,00010000,89.1269,X]
[141,F,0.891441,00000001,89.1441,X]
[36,F,0.891784,00100000,89.1784,X]
[77,F,0.895277,00001000,89.5277,X]
[28,F,0.906997,01000000,90.6997,X]
[142,F,0.913902,00000001,91.3902,X]
[29,F,0.918716,01000000,91.8716,X]
[37,F,0.921081,00100000,92.1081,X]
[143,F,0.924644,00000001,92.4644,X]
[30,F,0.927505,01000000,92.7505,X]
[53,F,0.938144,00010000,93.8144,X]
[31,F,0.948989,01000000,94.8989,X]
[32,F,0.950942,01000000,95.0942,X]
[144,F,0.951011,00000001,95.1011,X]
[25,F,0.951919,10000000,95.1919,X]
[145,F,0.953941,00000001,95.3941,X]
[54,F,0.964511,00010000,96.4511,X]
[38,F,0.967956,00100000,96.7956,X]
[33,F,0.982192,01000000,98.2192,X]
[55,F,0.985019,00010000,98.5019,X]
[56,F,0.986972,00010000,98.6972,X]
[121,F,0.990073,00000010,99.0073,X]
GUIDE_TREE_PARTITION1=(((((t1:18.48,t2:18.48):0.74,t3:19.22):45.95,t4:65.17):11.16,(t5:73.07,t6:73.07):3.26):23.67,(t7:91.52,t8:91.52):8.48);
