Taxa bit representation:
t1 10000000
t2 01000000
t3 00100000
t4 00010000
t5 00001000
t6 00000100
t7 00000010
t8 00000001
Clade List (<taxon members> = <clade name>): 

>Dataset_0
[0,F,0.000976562,11111110,0.0976562,X]
[31,F,0.0751953,00000001,7.51953,X]
[1,F,0.195312,11111110,19.5312,X]
[2,F,0.210938,11111110,21.0938,X]
[32,F,0.283203,00000001,28.3203,X]
[22,F,0.312753,00000010,31.2753,X]
[23,F,0.31373,00000010,31.373,X]
[3,F,0.342791,11111000,34.2791,X]
[4,F,0.419939,11111000,41.9939,X]
[33,F,0.424805,00000001,42.4805,X]
[24,F,0.436777,00000010,43.6777,X]
[5,F,0.474627,11111000,47.4627,X]
[25,F,0.540292,00000010,54.0292,X]
[17,F,0.549822,00000100,54.9822,X]
[26,F,0.551034,00000010,55.1034,X]
[27,F,0.555917,00000010,55.5917,X]
[18,F,0.565447,00000100,56.5447,X]
[34,F,0.570312,00000001,57.0312,X]
[19,F,0.609392,00000100,60.9392,X]
[28,F,0.624277,00000010,62.4277,X]
[6,F,0.677042,11110000,67.7042,X]
[13,F,0.703409,00001000,70.3409,X]
[14,F,0.732706,00001000,73.2706,X]
[15,F,0.739542,00001000,73.9542,X]
[29,F,0.774667,00000010,77.4667,X]
[35,F,0.818359,00000001,81.8359,X]
[7,F,0.830363,11110000,83.0362,X]
[16,F,0.844034,00001000,84.4034,X]
[20,F,0.860369,00000100,86.0369,X]
[36,F,0.869141,00000001,86.9141,X]
[8,F,0.895425,11100000,89.5425,X]
[9,F,0.904214,00010000,90.4214,X]
[37,F,0.905273,00000001,90.5273,X]
[38,F,0.907227,00000001,90.7227,X]
[21,F,0.909197,00000100,90.9197,X]
[10,F,0.932534,00010000,93.2534,X]
[30,F,0.942636,00000010,94.2636,X]
[11,F,0.959878,00010000,95.9878,X]
[12,F,0.995034,00010000,99.5034,X]
GUIDE_TREE_PARTITION1=(((((((t1:3.72,t2:3.72):3.34,t3:7.06):4.96,t4:12.02):33.85,t5:45.87):22.39,t6:68.26):0.66,t7:68.92):31.08,t8:100);
