Taxa bit representation:
t1 10000000
t2 01000000
t3 00100000
t4 00010000
t5 00001000
t6 00000100
t7 00000010
t8 00000001
Clade List (<taxon members> = <clade name>): 

>Dataset_0
[19,F,0.0478516,00001111,4.78516,X]
[0,F,0.104492,11110000,10.4492,X]
[1,F,0.287627,11000000,28.7627,X]
[2,F,0.294462,11000000,29.4462,X]
[20,F,0.331055,00001111,33.1055,X]
[3,F,0.367705,11000000,36.7705,X]
[9,F,0.385045,00100000,38.5045,X]
[4,F,0.404814,11000000,40.4814,X]
[15,F,0.408483,00010000,40.8483,X]
[10,F,0.427037,00100000,42.7037,X]
[11,F,0.50028,00100000,50.028,X]
[27,F,0.561581,00000001,56.1581,X]
[24,F,0.579159,00000010,57.9159,X]
[5,F,0.605009,11000000,60.5009,X]
[6,F,0.686048,10000000,68.6048,X]
[12,F,0.694616,00100000,69.4616,X]
[21,F,0.710094,00001100,71.0094,X]
[25,F,0.731503,00000010,73.1503,X]
[16,F,0.734655,00010000,73.4655,X]
[26,F,0.745175,00000010,74.5175,X]
[13,F,0.816686,00100000,81.6686,X]
[17,F,0.826452,00010000,82.6452,X]
[28,F,0.829159,00000001,82.9159,X]
[14,F,0.829381,00100000,82.9381,X]
[18,F,0.870397,00010000,87.0397,X]
[29,F,0.874081,00000001,87.4081,X]
[8,F,0.905775,01000000,90.5775,X]
[23,F,0.947542,00000100,94.7542,X]
[7,F,0.94972,10000000,94.972,X]
[22,F,0.96512,00001000,96.512,X]
GUIDE_TREE_PARTITION1=(((t1:32.86,t2:32.86):47.85,(t3:78.39,t4:78.39):2.32):19.29,((t5:6.32,t6:6.32):59.78,(t7:55.17,t8:55.17):10.93):33.9);
