Taxa bit representation:
t1 10000000
t2 01000000
t3 00100000
t4 00010000
t5 00001000
t6 00000100
t7 00000010
t8 00000001
Clade List (<taxon members> = <clade name>): 

>Dataset_0
[27,F,0.0595703,00001111,5.95703,X]
[28,F,0.0957031,00001111,9.57031,X]
[29,F,0.100586,00001111,10.0586,X]
[0,F,0.111328,11110000,11.1328,X]
[1,F,0.174392,11000000,17.4392,X]
[13,F,0.178061,00010000,17.8061,X]
[14,F,0.193686,00010000,19.3686,X]
[15,F,0.238608,00010000,23.8608,X]
[2,F,0.246658,11000000,24.6658,X]
[35,F,0.2783,00000010,27.83,X]
[16,F,0.289389,00010000,28.9389,X]
[47,F,0.317362,00000001,31.7362,X]
[17,F,0.347006,00010000,34.7006,X]
[48,F,0.381816,00000001,38.1816,X]
[30,F,0.40875,00001100,40.875,X]
[18,F,0.427084,00010000,42.7084,X]
[19,F,0.437827,00010000,43.7827,X]
[3,F,0.465408,11000000,46.5408,X]
[49,F,0.500956,00000001,50.0956,X]
[36,F,0.514628,00000010,51.4628,X]
[20,F,0.519858,00010000,51.9858,X]
[10,F,0.56478,00100000,56.478,X]
[31,F,0.570859,00001100,57.0859,X]
[32,F,0.591367,00001100,59.1367,X]
[21,F,0.5931,00010000,59.31,X]
[22,F,0.601889,00010000,60.1889,X]
[4,F,0.609939,11000000,60.9939,X]
[23,F,0.616537,00010000,61.6537,X]
[5,F,0.641189,11000000,64.1189,X]
[37,F,0.648417,00000010,64.8417,X]
[33,F,0.656797,00001100,65.6797,X]
[6,F,0.685134,11000000,68.5134,X]
[24,F,0.742514,00010000,74.2514,X]
[38,F,0.763652,00000010,76.3652,X]
[7,F,0.780838,11000000,78.0838,X]
[39,F,0.797831,00000010,79.7831,X]
[34,F,0.803281,00001100,80.3281,X]
[25,F,0.807944,00010000,80.7944,X]
[50,F,0.811503,00000001,81.1503,X]
[40,F,0.813456,00000010,81.3456,X]
[8,F,0.8199,11000000,81.99,X]
[41,F,0.857402,00000010,85.7402,X]
[42,F,0.876933,00000010,87.6933,X]
[26,F,0.900717,00010000,90.0717,X]
[43,F,0.917948,00000010,91.7948,X]
[9,F,0.923416,11000000,92.3416,X]
[44,F,0.938456,00000010,93.8456,X]
[45,F,0.963847,00000010,96.3847,X]
[11,F,0.966147,00100000,96.6147,X]
[12,F,0.969077,00100000,96.9077,X]
[46,F,0.993144,00000010,99.3144,X]
GUIDE_TREE_PARTITION1=(((t1:3.65,t2:3.65):83.11,(t3:84.44,t4:84.44):2.32):13.24,((t5:2.28,t6:2.28):84.97,(t7:78.42,t8:78.42):8.83):12.75);
