Taxa bit representation:
t1 10000000
t2 01000000
t3 00100000
t4 00010000
t5 00001000
t6 00000100
t7 00000010
t8 00000001
Clade List (<taxon members> = <clade name>): 

>Dataset_0
[0,F,0.186253,11000000,18.6253,X]
[10,F,0.211169,00001100,21.1169,X]
[3,F,0.21262,00110000,21.262,X]
[4,F,0.223362,00110000,22.3362,X]
[1,F,0.293659,01000000,29.3659,X]
[2,F,0.336628,01000000,33.6628,X]
[17,F,0.354723,00000011,35.4723,X]
[11,F,0.392828,00001000,39.2828,X]
[5,F,0.40305,00110000,40.305,X]
[12,F,0.415289,00001000,41.5289,X]
[6,F,0.46555,00110000,46.555,X]
[13,F,0.477789,00001000,47.7789,X]
[22,F,0.507967,00000001,50.7967,X]
[18,F,0.536288,00000010,53.6288,X]
[19,F,0.646639,00000010,64.6639,X]
[20,F,0.7941,00000010,79.41,X]
[9,F,0.814925,00010000,81.4925,X]
[7,F,0.815902,00100000,81.5902,X]
[8,F,0.850081,00100000,85.0081,X]
[16,F,0.884039,00000100,88.4039,X]
[21,F,0.957186,00000010,95.7186,X]
[14,F,0.977789,00001000,97.7789,X]
[15,F,0.987555,00001000,98.7555,X]
GUIDE_TREE_PARTITION1=(((t1:77.47,t2:77.47):16.6,(t3:20.07,t4:20.07):74):5.93,((t5:65.6,t6:65.6):30.08,(t7:51.84,t8:51.84):43.84):4.32);
