Taxa bit representation:
t1 10000000
t2 01000000
t3 00100000
t4 00010000
t5 00001000
t6 00000100
t7 00000010
t8 00000001
Clade List (<taxon members> = <clade name>): 

>Dataset_0
[132,F,0.0195312,00000001,1.95312,X]
[104,F,0.0256547,00000010,2.56547,X]
[105,F,0.0266312,00000010,2.66312,X]
[133,F,0.0371094,00000001,3.71094,X]
[106,F,0.0471391,00000010,4.71391,X]
[80,F,0.0513719,00000100,5.13719,X]
[81,F,0.0543016,00000100,5.43016,X]
[107,F,0.0656937,00000010,6.56937,X]
[134,F,0.0771484,00000001,7.71484,X]
[108,F,0.0891312,00000010,8.91312,X]
[109,F,0.0959672,00000010,9.59672,X]
[135,F,0.150391,00000001,15.0391,X]
[136,F,0.152344,00000001,15.2344,X]
[0,F,0.155864,11111000,15.5864,X]
[1,F,0.169536,11111000,16.9536,X]
[110,F,0.175069,00000010,17.5069,X]
[82,F,0.175395,00000100,17.5395,X]
[137,F,0.18457,00000001,18.457,X]
[83,F,0.209575,00000100,20.9575,X]
[84,F,0.288677,00000100,28.8677,X]
[62,F,0.290292,00001000,29.0292,X]
[111,F,0.297139,00000010,29.7139,X]
[63,F,0.302011,00001000,30.2011,X]
[112,F,0.323506,00000010,32.3506,X]
[2,F,0.340284,11100000,34.0284,X]
[85,F,0.342387,00000100,34.2387,X]
[64,F,0.344003,00001000,34.4003,X]
[113,F,0.348897,00000010,34.8897,X]
[65,F,0.365488,00001000,36.5488,X]
[3,F,0.366652,11100000,36.6652,X]
[50,F,0.371534,00010000,37.1534,X]
[66,F,0.379159,00001000,37.9159,X]
[51,F,0.410597,00010000,41.0597,X]
[4,F,0.427742,11000000,42.7742,X]
[5,F,0.436531,11000000,43.6531,X]
[27,F,0.437508,00100000,43.7508,X]
[28,F,0.438484,00100000,43.8484,X]
[52,F,0.4438,00010000,44.38,X]
[53,F,0.451612,00010000,45.1612,X]
[114,F,0.457295,00000010,45.7295,X]
[86,F,0.461528,00000100,46.1528,X]
[115,F,0.464131,00000010,46.4131,X]
[6,F,0.466805,11000000,46.6805,X]
[138,F,0.482422,00000001,48.2422,X]
[29,F,0.486336,00100000,48.6336,X]
[7,F,0.494148,11000000,49.4148,X]
[30,F,0.517586,00100000,51.7586,X]
[67,F,0.517831,00001000,51.7831,X]
[87,F,0.520122,00000100,52.0122,X]
[139,F,0.521484,00000001,52.1484,X]
[88,F,0.524028,00000100,52.4028,X]
[68,F,0.53248,00001000,53.248,X]
[140,F,0.544922,00000001,54.4922,X]
[89,F,0.552348,00000100,55.2348,X]
[54,F,0.557081,00010000,55.7081,X]
[31,F,0.558602,00100000,55.8602,X]
[32,F,0.562508,00100000,56.2508,X]
[33,F,0.568367,00100000,56.8367,X]
[116,F,0.576436,00000010,57.6436,X]
[34,F,0.577156,00100000,57.7156,X]
[117,F,0.581319,00000010,58.1319,X]
[118,F,0.582295,00000010,58.2295,X]
[119,F,0.583272,00000010,58.3272,X]
[90,F,0.583598,00000100,58.3598,X]
[8,F,0.584969,11000000,58.4969,X]
[91,F,0.595317,00000100,59.5317,X]
[35,F,0.603523,00100000,60.3523,X]
[120,F,0.611592,00000010,61.1592,X]
[55,F,0.611769,00010000,61.1769,X]
[36,F,0.613289,00100000,61.3289,X]
[69,F,0.618417,00001000,61.8417,X]
[92,F,0.618755,00000100,61.8755,X]
[141,F,0.620117,00000001,62.0117,X]
[37,F,0.622078,00100000,62.2078,X]
[70,F,0.622323,00001000,62.2323,X]
[142,F,0.623047,00000001,62.3047,X]
[9,F,0.625008,11000000,62.5008,X]
[143,F,0.626953,00000001,62.6953,X]
[121,F,0.636006,00000010,63.6006,X]
[38,F,0.63868,00100000,63.868,X]
[39,F,0.647469,00100000,64.7469,X]
[122,F,0.652608,00000010,65.2608,X]
[56,F,0.65962,00010000,65.962,X]
[71,F,0.670175,00001000,67.0175,X]
[40,F,0.673836,00100000,67.3836,X]
[72,F,0.677987,00001000,67.7987,X]
[73,F,0.678964,00001000,67.8964,X]
[41,F,0.679695,00100000,67.9695,X]
[93,F,0.682231,00000100,68.2231,X]
[123,F,0.696553,00000010,69.6553,X]
[10,F,0.704938,10000000,70.4938,X]
[42,F,0.727547,00100000,72.7547,X]
[94,F,0.732036,00000100,73.2036,X]
[74,F,0.734628,00001000,73.4628,X]
[75,F,0.736581,00001000,73.6581,X]
[124,F,0.738545,00000010,73.8545,X]
[11,F,0.744977,10000000,74.4977,X]
[43,F,0.745125,00100000,74.5125,X]
[57,F,0.747511,00010000,74.7511,X]
[17,F,0.750836,01000000,75.0836,X]
[18,F,0.758648,01000000,75.8648,X]
[125,F,0.766866,00000010,76.6866,X]
[58,F,0.772902,00010000,77.2902,X]
[44,F,0.777352,00100000,77.7352,X]
[126,F,0.784444,00000010,78.4444,X]
[59,F,0.78755,00010000,78.755,X]
[19,F,0.795758,01000000,79.5758,X]
[144,F,0.817383,00000001,81.7383,X]
[45,F,0.822273,00100000,82.2273,X]
[76,F,0.826425,00001000,82.6425,X]
[77,F,0.831308,00001000,83.1308,X]
[78,F,0.833261,00001000,83.3261,X]
[145,F,0.836914,00000001,83.6914,X]
[95,F,0.838481,00000100,83.8481,X]
[96,F,0.841411,00000100,84.1411,X]
[127,F,0.843037,00000010,84.3037,X]
[146,F,0.84668,00000001,84.668,X]
[147,F,0.848633,00000001,84.8633,X]
[97,F,0.854106,00000100,85.4106,X]
[46,F,0.855477,00100000,85.5477,X]
[98,F,0.858989,00000100,85.8989,X]
[99,F,0.860942,00000100,86.0942,X]
[128,F,0.861592,00000010,86.1592,X]
[12,F,0.863141,10000000,86.3141,X]
[129,F,0.863545,00000010,86.3545,X]
[130,F,0.869405,00000010,86.9405,X]
[47,F,0.874031,00100000,87.4031,X]
[100,F,0.882427,00000100,88.2427,X]
[48,F,0.887703,00100000,88.7703,X]
[20,F,0.892437,01000000,89.2438,X]
[60,F,0.893019,00010000,89.3019,X]
[148,F,0.90332,00000001,90.332,X]
[149,F,0.904297,00000001,90.4297,X]
[21,F,0.916852,01000000,91.6852,X]
[101,F,0.928325,00000100,92.8325,X]
[150,F,0.929687,00000001,92.9687,X]
[102,F,0.930278,00000100,93.0278,X]
[151,F,0.932617,00000001,93.2617,X]
[13,F,0.935406,10000000,93.5406,X]
[14,F,0.937359,10000000,93.7359,X]
[49,F,0.938484,00100000,93.8484,X]
[79,F,0.945566,00001000,94.5566,X]
[61,F,0.952589,00010000,95.2589,X]
[22,F,0.955914,01000000,95.5914,X]
[152,F,0.958008,00000001,95.8008,X]
[23,F,0.96275,01000000,96.275,X]
[24,F,0.96568,01000000,96.568,X]
[131,F,0.97878,00000010,97.878,X]
[153,F,0.980469,00000001,98.0469,X]
[103,F,0.981059,00000100,98.1059,X]
[15,F,0.982281,10000000,98.2281,X]
[25,F,0.985211,01000000,98.5211,X]
[16,F,0.988141,10000000,98.8141,X]
[26,F,0.994977,01000000,99.4977,X]
GUIDE_TREE_PARTITION1=(((((((t1:31.85,t2:31.85):26.45,t3:58.3):9.82,t4:68.12):7.05,t5:75.17):21.06,t6:96.23):3.06,t7:99.29):0.71,t8:100);
