Taxa bit representation:
t1 10000000
t2 01000000
t3 00100000
t4 00010000
t5 00001000
t6 00000100
t7 00000010
t8 00000001
Clade List (<taxon members> = <clade name>): 

>Dataset_0
[48,F,0.00195312,00000001,0.195312,X]
[0,F,0.015625,11111110,1.5625,X]
[49,F,0.03125,00000001,3.125,X]
[50,F,0.0810547,00000001,8.10547,X]
[51,F,0.0878906,00000001,8.78906,X]
[1,F,0.140208,11111100,14.0208,X]
[2,F,0.22753,11111000,22.753,X]
[52,F,0.250977,00000001,25.0977,X]
[25,F,0.326163,00000100,32.6163,X]
[3,F,0.330069,11111000,33.0069,X]
[4,F,0.343741,11111000,34.3741,X]
[5,F,0.345694,11111000,34.5694,X]
[53,F,0.349609,00000001,34.9609,X]
[54,F,0.357422,00000001,35.7422,X]
[26,F,0.384756,00000100,38.4756,X]
[55,F,0.387695,00000001,38.7695,X]
[27,F,0.416006,00000100,41.6006,X]
[6,F,0.417577,11100000,41.7577,X]
[56,F,0.4375,00000001,43.75,X]
[22,F,0.456578,00001000,45.6578,X]
[16,F,0.469334,00010000,46.9334,X]
[28,F,0.500967,00000100,50.0967,X]
[35,F,0.512278,00000010,51.2278,X]
[36,F,0.515208,00000010,51.5208,X]
[23,F,0.528844,00001000,52.8844,X]
[57,F,0.549805,00000001,54.9805,X]
[24,F,0.568883,00001000,56.8883,X]
[37,F,0.6197,00000010,61.97,X]
[7,F,0.625584,11100000,62.5584,X]
[29,F,0.63085,00000100,63.085,X]
[58,F,0.652344,00000001,65.2344,X]
[38,F,0.661692,00000010,66.1692,X]
[8,F,0.667577,11100000,66.7577,X]
[9,F,0.685155,11100000,68.5155,X]
[30,F,0.692373,00000100,69.2373,X]
[17,F,0.701756,00010000,70.1756,X]
[18,F,0.706639,00010000,70.6639,X]
[19,F,0.710545,00010000,71.0545,X]
[20,F,0.718358,00010000,71.8358,X]
[39,F,0.719309,00000010,71.9309,X]
[40,F,0.74177,00000010,74.177,X]
[31,F,0.750967,00000100,75.0967,X]
[41,F,0.752513,00000010,75.2512,X]
[59,F,0.755859,00000001,75.5859,X]
[42,F,0.762278,00000010,76.2278,X]
[43,F,0.764231,00000010,76.4231,X]
[32,F,0.78417,00000100,78.417,X]
[14,F,0.794308,00100000,79.4308,X]
[60,F,0.811523,00000001,81.1523,X]
[21,F,0.818944,00010000,81.8944,X]
[61,F,0.828125,00000001,82.8125,X]
[44,F,0.840403,00000010,84.0403,X]
[10,F,0.847583,10000000,84.7583,X]
[11,F,0.855395,10000000,85.5395,X]
[62,F,0.879883,00000001,87.9883,X]
[33,F,0.908194,00000100,90.8194,X]
[34,F,0.917959,00000100,91.7959,X]
[45,F,0.923411,00000010,92.3411,X]
[46,F,0.944895,00000010,94.4895,X]
[13,F,0.945239,01000000,94.5239,X]
[47,F,0.951731,00000010,95.1731,X]
[15,F,0.973019,00100000,97.3019,X]
[12,F,0.99602,10000000,99.602,X]
GUIDE_TREE_PARTITION1=(((((((t1:15.73,t2:15.73):13.14,t3:28.87):29.47,t4:58.34):4.01,t5:62.35):15.19,t6:77.54):10.49,t7:88.03):11.97,t8:100);
