Taxa bit representation:
t1 10000000
t2 01000000
t3 00100000
t4 00010000
t5 00001000
t6 00000100
t7 00000010
t8 00000001
Clade List (<taxon members> = <clade name>): 

>Dataset_0
[0,F,0.0136719,11110000,1.36719,X]
[1,F,0.0335359,11000000,3.35359,X]
[2,F,0.0393953,11000000,3.93953,X]
[3,F,0.102872,11000000,10.2872,X]
[32,F,0.114591,00110000,11.4591,X]
[4,F,0.12338,11000000,12.338,X]
[33,F,0.127286,00110000,12.7286,X]
[75,F,0.131836,00001111,13.1836,X]
[34,F,0.157559,00110000,15.7559,X]
[5,F,0.159513,11000000,15.9512,X]
[35,F,0.183927,00110000,18.3927,X]
[36,F,0.190763,00110000,19.0763,X]
[37,F,0.210294,00110000,21.0294,X]
[6,F,0.226895,11000000,22.6895,X]
[38,F,0.24838,00110000,24.838,X]
[7,F,0.260098,11000000,26.0098,X]
[76,F,0.264648,00001111,26.4648,X]
[77,F,0.270508,00001111,27.0508,X]
[39,F,0.275723,00110000,27.5723,X]
[8,F,0.287442,11000000,28.7442,X]
[40,F,0.302091,00110000,30.2091,X]
[9,F,0.308927,11000000,30.8927,X]
[78,F,0.3125,00001111,31.25,X]
[10,F,0.338223,11000000,33.8223,X]
[41,F,0.338223,00110000,33.8223,X]
[79,F,0.34668,00001111,34.668,X]
[80,F,0.366211,00001111,36.6211,X]
[11,F,0.379239,11000000,37.9239,X]
[81,F,0.397461,00001111,39.7461,X]
[82,F,0.407289,00001100,40.7289,X]
[12,F,0.414395,11000000,41.4395,X]
[114,F,0.419008,00000011,41.9008,X]
[83,F,0.448305,00001100,44.8305,X]
[84,F,0.454164,00001100,45.4164,X]
[13,F,0.466153,11000000,46.6153,X]
[14,F,0.472989,11000000,47.2989,X]
[42,F,0.480802,00110000,48.0802,X]
[43,F,0.481778,00110000,48.1778,X]
[44,F,0.50543,00100000,50.543,X]
[57,F,0.509336,00010000,50.9336,X]
[115,F,0.529359,00000011,52.9359,X]
[116,F,0.548891,00000011,54.8891,X]
[58,F,0.552305,00010000,55.2305,X]
[117,F,0.55768,00000011,55.768,X]
[85,F,0.565492,00001100,56.5492,X]
[86,F,0.572328,00001100,57.2328,X]
[59,F,0.585508,00010000,58.5508,X]
[45,F,0.589414,00100000,58.9414,X]
[46,F,0.590391,00100000,59.0391,X]
[87,F,0.592836,00001100,59.2836,X]
[60,F,0.59332,00010000,59.332,X]
[118,F,0.599672,00000011,59.9672,X]
[47,F,0.601133,00100000,60.1133,X]
[15,F,0.601895,11000000,60.1895,X]
[88,F,0.608461,00001100,60.8461,X]
[48,F,0.609922,00100000,60.9922,X]
[16,F,0.619473,11000000,61.9473,X]
[89,F,0.625063,00001100,62.5063,X]
[17,F,0.628262,11000000,62.8262,X]
[18,F,0.632169,11000000,63.2169,X]
[19,F,0.636075,11000000,63.6075,X]
[20,F,0.639005,11000000,63.9005,X]
[104,F,0.646166,00000100,64.6166,X]
[21,F,0.647794,11000000,64.7794,X]
[49,F,0.648984,00100000,64.8984,X]
[90,F,0.654955,00001000,65.4955,X]
[61,F,0.657773,00010000,65.7773,X]
[50,F,0.667539,00100000,66.7539,X]
[22,F,0.670255,11000000,67.0255,X]
[23,F,0.676114,11000000,67.6114,X]
[24,F,0.680997,11000000,68.0997,X]
[125,F,0.69278,00000001,69.278,X]
[91,F,0.69597,00001000,69.597,X]
[92,F,0.70183,00001000,70.183,X]
[25,F,0.705411,11000000,70.5411,X]
[105,F,0.72722,00000100,72.722,X]
[93,F,0.729173,00001000,72.9173,X]
[126,F,0.739655,00000001,73.9655,X]
[106,F,0.749681,00000100,74.9681,X]
[62,F,0.754453,00010000,75.4453,X]
[63,F,0.756406,00010000,75.6406,X]
[94,F,0.762377,00001000,76.2377,X]
[95,F,0.76433,00001000,76.433,X]
[119,F,0.765045,00000010,76.5045,X]
[64,F,0.775937,00010000,77.5938,X]
[65,F,0.779844,00010000,77.9844,X]
[96,F,0.782884,00001000,78.2884,X]
[127,F,0.784577,00000001,78.4577,X]
[97,F,0.784838,00001000,78.4838,X]
[107,F,0.785814,00000100,78.5814,X]
[26,F,0.795255,11000000,79.5255,X]
[108,F,0.797533,00000100,79.7533,X]
[27,F,0.808927,11000000,80.8927,X]
[128,F,0.816803,00000001,81.6803,X]
[28,F,0.820645,11000000,82.0645,X]
[51,F,0.827695,00100000,82.7695,X]
[120,F,0.828522,00000010,82.8522,X]
[109,F,0.833666,00000100,83.3666,X]
[129,F,0.836334,00000001,83.6334,X]
[66,F,0.840391,00010000,84.0391,X]
[110,F,0.859056,00000100,85.9056,X]
[111,F,0.862963,00000100,86.2963,X]
[29,F,0.879239,11000000,87.9239,X]
[121,F,0.881256,00000010,88.1256,X]
[130,F,0.881256,00000001,88.1256,X]
[122,F,0.882233,00000010,88.2233,X]
[67,F,0.889219,00010000,88.9219,X]
[112,F,0.88933,00000100,88.933,X]
[98,F,0.899095,00001000,89.9095,X]
[68,F,0.901914,00010000,90.1914,X]
[69,F,0.903867,00010000,90.3867,X]
[131,F,0.90567,00000001,90.567,X]
[99,F,0.912767,00001000,91.2767,X]
[100,F,0.924486,00001000,92.4486,X]
[101,F,0.927416,00001000,92.7416,X]
[70,F,0.932187,00010000,93.2188,X]
[71,F,0.940977,00010000,94.0977,X]
[132,F,0.946686,00000001,94.6686,X]
[102,F,0.95183,00001000,95.183,X]
[30,F,0.959531,10000000,95.9531,X]
[72,F,0.960508,00010000,96.0508,X]
[52,F,0.969297,00100000,96.9297,X]
[31,F,0.97418,10000000,97.418,X]
[113,F,0.982103,00000100,98.2103,X]
[123,F,0.988678,00000010,98.8678,X]
[53,F,0.988828,00100000,98.8828,X]
[73,F,0.989805,00010000,98.9805,X]
[124,F,0.990631,00000010,99.0631,X]
[54,F,0.990781,00100000,99.0781,X]
[55,F,0.991758,00100000,99.1758,X]
[74,F,0.995664,00010000,99.5664,X]
[133,F,0.996491,00000001,99.6491,X]
[103,F,0.997728,00001000,99.7728,X]
[56,F,0.998594,00100000,99.8594,X]
[134,F,0.99942,00000001,99.942,X]
GUIDE_TREE_PARTITION1=(((t1:6,t2:6):91.33,(t3:49.75,t4:49.75):47.58):2.67,((t5:36.36,t6:36.36):23.79,(t7:34.14,t8:34.14):26.01):39.85);
