Taxa bit representation:
t1 10000000
t2 01000000
t3 00100000
t4 00010000
t5 00001000
t6 00000100
t7 00000010
t8 00000001
Clade List (<taxon members> = <clade name>): 

>Dataset_0
[9,F,0.283203,00000001,28.3203,X]
[6,F,0.306855,00000010,30.6855,X]
[0,F,0.325325,11111000,32.5325,X]
[2,F,0.442592,00001000,44.2592,X]
[10,F,0.520508,00000001,52.0508,X]
[4,F,0.576302,00000100,57.6302,X]
[7,F,0.611542,00000010,61.1542,X]
[11,F,0.621094,00000001,62.1094,X]
[12,F,0.666992,00000001,66.6992,X]
[3,F,0.718959,00001000,71.8959,X]
[8,F,0.740448,00000010,74.0448,X]
[1,F,0.795119,11000000,79.5119,X]
[13,F,0.823242,00000001,82.3242,X]
[14,F,0.875977,00000001,87.5977,X]
[15,F,0.932617,00000001,93.2617,X]
[16,F,0.978516,00000001,97.8516,X]
[5,F,0.991341,00000100,99.1341,X]
GUIDE_TREE_PARTITION1=(((((((t1:12.18,t2:12.18):9.48,t3:21.66):22.81,t4:44.47):21.72,t5:66.19):9.09,t6:75.28):8.39,t7:83.67):16.33,t8:100);
