Taxa bit representation:
t1 10000000
t2 01000000
t3 00100000
t4 00010000
t5 00001000
t6 00000100
t7 00000010
t8 00000001
Clade List (<taxon members> = <clade name>): 

>Dataset_0
[0,F,0.0273438,11111100,2.73438,X]
[1,F,0.0644531,11111100,6.44531,X]
[2,F,0.0880484,11110000,8.80484,X]
[53,F,0.0958609,00001100,9.58609,X]
[81,F,0.111328,00000011,11.1328,X]
[3,F,0.139806,11110000,13.9806,X]
[54,F,0.147619,00001100,14.7619,X]
[82,F,0.150391,00000011,15.0391,X]
[4,F,0.155431,11110000,15.5431,X]
[83,F,0.158203,00000011,15.8203,X]
[84,F,0.181641,00000011,18.1641,X]
[55,F,0.181798,00001100,18.1798,X]
[85,F,0.193359,00000011,19.3359,X]
[56,F,0.193517,00001100,19.3517,X]
[5,F,0.202675,11100000,20.2675,X]
[57,F,0.205236,00001100,20.5236,X]
[58,F,0.210119,00001100,21.0119,X]
[59,F,0.222814,00001100,22.2814,X]
[39,F,0.235878,00010000,23.5878,X]
[86,F,0.248047,00000011,24.8047,X]
[6,F,0.260019,11000000,26.0019,X]
[27,F,0.267831,00100000,26.7831,X]
[60,F,0.271642,00001100,27.1642,X]
[87,F,0.273438,00000011,27.3438,X]
[40,F,0.287636,00010000,28.7636,X]
[28,F,0.30787,00100000,30.787,X]
[41,F,0.315956,00010000,31.5956,X]
[88,F,0.322266,00000011,32.2266,X]
[89,F,0.335938,00000011,33.5938,X]
[42,F,0.338417,00010000,33.8417,X]
[7,F,0.341073,11000000,34.1073,X]
[43,F,0.342323,00010000,34.2323,X]
[8,F,0.345956,11000000,34.5956,X]
[9,F,0.348886,11000000,34.8886,X]
[90,F,0.362305,00000011,36.2305,X]
[29,F,0.365487,00100000,36.5487,X]
[10,F,0.366464,11000000,36.6464,X]
[30,F,0.379159,00100000,37.9159,X]
[44,F,0.380409,00010000,38.0409,X]
[91,F,0.385742,00000011,38.5742,X]
[61,F,0.397619,00001100,39.7619,X]
[11,F,0.413339,11000000,41.3339,X]
[12,F,0.428964,11000000,42.8964,X]
[45,F,0.429237,00010000,42.9237,X]
[62,F,0.439611,00001100,43.9611,X]
[46,F,0.440956,00010000,44.0956,X]
[13,F,0.443612,11000000,44.3612,X]
[92,F,0.46875,00000011,46.875,X]
[31,F,0.478769,00100000,47.8769,X]
[14,F,0.499277,11000000,49.9277,X]
[63,F,0.505041,00001100,50.5041,X]
[64,F,0.512853,00001100,51.2853,X]
[93,F,0.517578,00000011,51.7578,X]
[94,F,0.522461,00000011,52.2461,X]
[15,F,0.527597,11000000,52.7597,X]
[95,F,0.533203,00000011,53.3203,X]
[96,F,0.55957,00000011,55.957,X]
[65,F,0.581213,00001100,58.1213,X]
[66,F,0.588048,00001100,58.8048,X]
[32,F,0.590097,00100000,59.0097,X]
[33,F,0.619394,00100000,61.9394,X]
[67,F,0.622228,00001100,62.2228,X]
[97,F,0.625977,00000011,62.5977,X]
[98,F,0.626953,00000011,62.6953,X]
[16,F,0.631112,11000000,63.1112,X]
[68,F,0.651525,00001100,65.1525,X]
[99,F,0.671875,00000011,67.1875,X]
[100,F,0.689453,00000011,68.9453,X]
[17,F,0.689706,11000000,68.9706,X]
[69,F,0.725744,00001100,72.5744,X]
[18,F,0.726816,11000000,72.6816,X]
[101,F,0.727539,00000011,72.7539,X]
[70,F,0.734533,00001100,73.4533,X]
[19,F,0.739511,11000000,73.9511,X]
[47,F,0.754433,00010000,75.4433,X]
[48,F,0.764198,00010000,76.4198,X]
[71,F,0.767736,00001100,76.7736,X]
[102,F,0.792969,00000011,79.2969,X]
[103,F,0.80957,00000011,80.957,X]
[20,F,0.820566,11000000,82.0566,X]
[49,F,0.822792,00010000,82.2792,X]
[34,F,0.825448,00100000,82.5448,X]
[75,F,0.827784,00000100,82.7784,X]
[76,F,0.844386,00000100,84.4386,X]
[77,F,0.846339,00000100,84.6339,X]
[104,F,0.854492,00000011,85.4492,X]
[35,F,0.858652,00100000,85.8652,X]
[21,F,0.871347,11000000,87.1347,X]
[36,F,0.874277,00100000,87.4277,X]
[50,F,0.897987,00010000,89.7987,X]
[72,F,0.898097,00001000,89.8097,X]
[22,F,0.898691,11000000,89.8691,X]
[51,F,0.904823,00010000,90.4823,X]
[78,F,0.908839,00000100,90.8839,X]
[37,F,0.913339,00100000,91.3339,X]
[73,F,0.915675,00001000,91.5675,X]
[105,F,0.919644,00000010,91.9644,X]
[52,F,0.921425,00010000,92.1425,X]
[74,F,0.92837,00001000,92.837,X]
[107,F,0.942105,00000001,94.2105,X]
[106,F,0.946011,00000010,94.6011,X]
[23,F,0.946542,11000000,94.6542,X]
[108,F,0.961636,00000001,96.1636,X]
[24,F,0.961877,10000000,96.1877,X]
[25,F,0.977502,01000000,97.7502,X]
[26,F,0.980431,01000000,98.0431,X]
[79,F,0.985011,00000100,98.5011,X]
[109,F,0.985073,00000001,98.5073,X]
[38,F,0.99537,00100000,99.537,X]
[80,F,0.99673,00000100,99.673,X]
GUIDE_TREE_PARTITION1=(((((t1:3.91,t2:3.91):71.26,t3:75.17):9.25,t4:84.42):8.24,(t5:19.37,t6:19.37):73.29):7.34,(t7:10.77,t8:10.77):89.23);
