Taxa bit representation:
t1 10000000
t2 01000000
t3 00100000
t4 00010000
t5 00001000
t6 00000100
t7 00000010
t8 00000001
Clade List (<taxon members> = <clade name>): 

>Dataset_0
[18,F,0.0166016,00000001,1.66016,X]
[0,F,0.0761719,11111110,7.61719,X]
[19,F,0.136719,00000001,13.6719,X]
[1,F,0.174966,11111100,17.4966,X]
[20,F,0.25293,00000001,25.293,X]
[21,F,0.265625,00000001,26.5625,X]
[12,F,0.298013,00000010,29.8013,X]
[22,F,0.350586,00000001,35.0586,X]
[23,F,0.415039,00000001,41.5039,X]
[2,F,0.418084,11110000,41.8084,X]
[13,F,0.444497,00000010,44.4497,X]
[24,F,0.450195,00000001,45.0195,X]
[25,F,0.521484,00000001,52.1484,X]
[14,F,0.53727,00000010,53.727,X]
[7,F,0.579217,00001000,57.9217,X]
[3,F,0.582903,00010000,58.2903,X]
[15,F,0.590981,00000010,59.0981,X]
[8,F,0.597761,00000100,59.7761,X]
[9,F,0.620222,00000100,62.0222,X]
[4,F,0.67177,00010000,67.177,X]
[16,F,0.675942,00000010,67.5942,X]
[26,F,0.833008,00000001,83.3008,X]
[10,F,0.850691,00000100,85.0691,X]
[5,F,0.880755,00010000,88.0755,X]
[6,F,0.888567,00010000,88.8567,X]
[11,F,0.937605,00000100,93.7605,X]
[27,F,0.945312,00000001,94.5312,X]
[17,F,0.970864,00000010,97.0864,X]
[28,F,0.995117,00000001,99.5117,X]
GUIDE_TREE_PARTITION1=(((((((t1:0.76,t2:0.76):13.58,t3:14.34):30.69,t4:45.03):21.56,t5:66.59):13.38,t6:79.97):9.76,t7:89.73):10.27,t8:100);
