Taxa bit representation:
t1 10000000
t2 01000000
t3 00100000
t4 00010000
t5 00001000
t6 00000100
t7 00000010
t8 00000001
Clade List (<taxon members> = <clade name>): 

>Dataset_0
[0,F,0.0221891,11111100,2.21891,X]
[112,F,0.0251188,00000010,2.51188,X]
[113,F,0.0270719,00000010,2.70719,X]
[1,F,0.04465,11111100,4.465,X]
[134,F,0.0488281,00000001,4.88281,X]
[135,F,0.0517578,00000001,5.17578,X]
[2,F,0.103716,11111000,10.3716,X]
[78,F,0.114458,00000100,11.4458,X]
[114,F,0.115939,00000010,11.5939,X]
[136,F,0.12207,00000001,12.207,X]
[79,F,0.142778,00000100,14.2778,X]
[115,F,0.148166,00000010,14.8166,X]
[137,F,0.160156,00000001,16.0156,X]
[3,F,0.167192,11111000,16.7192,X]
[80,F,0.168169,00000100,16.8169,X]
[81,F,0.174028,00000100,17.4028,X]
[4,F,0.195512,11111000,19.5512,X]
[82,F,0.200395,00000100,20.0395,X]
[116,F,0.210666,00000010,21.0666,X]
[138,F,0.229492,00000001,22.9492,X]
[83,F,0.229692,00000100,22.9692,X]
[139,F,0.230469,00000001,23.0469,X]
[117,F,0.238986,00000010,23.8986,X]
[140,F,0.239258,00000001,23.9258,X]
[84,F,0.256059,00000100,25.6059,X]
[118,F,0.258517,00000010,25.8517,X]
[5,F,0.259412,11100000,25.9413,X]
[119,F,0.259494,00000010,25.9494,X]
[39,F,0.276991,00010000,27.6991,X]
[40,F,0.280897,00010000,28.0897,X]
[41,F,0.284803,00010000,28.4803,X]
[61,F,0.29597,00001000,29.597,X]
[141,F,0.303711,00000001,30.3711,X]
[42,F,0.308241,00010000,30.8241,X]
[6,F,0.310194,11100000,31.0194,X]
[85,F,0.3127,00000100,31.27,X]
[142,F,0.31543,00000001,31.543,X]
[43,F,0.321912,00010000,32.1912,X]
[120,F,0.330783,00000010,33.0783,X]
[7,F,0.343397,11100000,34.3397,X]
[62,F,0.343822,00001000,34.3822,X]
[143,F,0.351562,00000001,35.1562,X]
[63,F,0.351634,00001000,35.1634,X]
[44,F,0.361952,00010000,36.1952,X]
[64,F,0.370189,00001000,37.0189,X]
[121,F,0.370822,00000010,37.0822,X]
[144,F,0.373047,00000001,37.3047,X]
[145,F,0.376953,00000001,37.6953,X]
[65,F,0.378002,00001000,37.8002,X]
[8,F,0.380506,11100000,38.0506,X]
[66,F,0.393627,00001000,39.3627,X]
[45,F,0.397108,00010000,39.7108,X]
[46,F,0.399061,00010000,39.9061,X]
[122,F,0.399142,00000010,39.9142,X]
[146,F,0.402344,00000001,40.2344,X]
[147,F,0.410156,00000001,41.0156,X]
[9,F,0.411756,11100000,41.1756,X]
[148,F,0.416016,00000001,41.6016,X]
[67,F,0.416087,00001000,41.6088,X]
[86,F,0.419145,00000100,41.9145,X]
[47,F,0.420545,00010000,42.0545,X]
[123,F,0.427463,00000010,42.7463,X]
[149,F,0.427734,00000001,42.7734,X]
[87,F,0.433794,00000100,43.3794,X]
[88,F,0.435747,00000100,43.5747,X]
[10,F,0.438123,11100000,43.8123,X]
[89,F,0.438677,00000100,43.8677,X]
[150,F,0.439453,00000001,43.9453,X]
[48,F,0.447889,00010000,44.7889,X]
[124,F,0.463595,00000010,46.3595,X]
[49,F,0.488905,00010000,48.8905,X]
[125,F,0.492892,00000010,49.2892,X]
[50,F,0.493787,00010000,49.3787,X]
[68,F,0.502025,00001000,50.2025,X]
[11,F,0.507459,11100000,50.7459,X]
[90,F,0.509966,00000100,50.9966,X]
[12,F,0.519178,11100000,51.9178,X]
[151,F,0.519531,00000001,51.9531,X]
[91,F,0.524614,00000100,52.4614,X]
[51,F,0.526991,00010000,52.6991,X]
[92,F,0.527544,00000100,52.7544,X]
[69,F,0.544994,00001000,54.4994,X]
[93,F,0.549028,00000100,54.9028,X]
[94,F,0.555864,00000100,55.5864,X]
[126,F,0.556369,00000010,55.6369,X]
[70,F,0.556712,00001000,55.6712,X]
[152,F,0.582031,00000001,58.2031,X]
[52,F,0.586561,00010000,58.6561,X]
[13,F,0.587538,11100000,58.7538,X]
[71,F,0.601634,00001000,60.1634,X]
[127,F,0.606173,00000010,60.6173,X]
[72,F,0.612377,00001000,61.2377,X]
[153,F,0.616211,00000001,61.6211,X]
[95,F,0.621294,00000100,62.1294,X]
[96,F,0.62227,00000100,62.227,X]
[97,F,0.645708,00000100,64.5708,X]
[98,F,0.65938,00000100,65.938,X]
[14,F,0.665767,11000000,66.5767,X]
[99,F,0.673052,00000100,67.3052,X]
[26,F,0.683345,00100000,68.3345,X]
[15,F,0.684322,11000000,68.4322,X]
[100,F,0.686723,00000100,68.6723,X]
[53,F,0.69203,00010000,69.203,X]
[154,F,0.699219,00000001,69.9219,X]
[27,F,0.699947,00100000,69.9947,X]
[101,F,0.703325,00000100,70.3325,X]
[16,F,0.716548,11000000,71.6548,X]
[54,F,0.732069,00010000,73.2069,X]
[17,F,0.734127,11000000,73.4127,X]
[28,F,0.738033,00100000,73.8033,X]
[155,F,0.751953,00000001,75.1953,X]
[29,F,0.752681,00100000,75.2681,X]
[102,F,0.756059,00000100,75.6059,X]
[73,F,0.76472,00001000,76.472,X]
[128,F,0.768283,00000010,76.8283,X]
[30,F,0.771236,00100000,77.1236,X]
[20,F,0.786137,01000000,78.6137,X]
[74,F,0.794017,00001000,79.4017,X]
[75,F,0.79597,00001000,79.597,X]
[103,F,0.796098,00000100,79.6098,X]
[129,F,0.798556,00000010,79.8556,X]
[55,F,0.802381,00010000,80.2381,X]
[156,F,0.806641,00000001,80.6641,X]
[31,F,0.828853,00100000,82.8853,X]
[21,F,0.830083,01000000,83.0083,X]
[157,F,0.845703,00000001,84.5703,X]
[22,F,0.863286,01000000,86.3286,X]
[76,F,0.873119,00001000,87.3119,X]
[32,F,0.876705,00100000,87.6705,X]
[104,F,0.883989,00000100,88.3989,X]
[23,F,0.889653,01000000,88.9653,X]
[56,F,0.890272,00010000,89.0272,X]
[105,F,0.896684,00000100,89.6684,X]
[77,F,0.897533,00001000,89.7533,X]
[106,F,0.899614,00000100,89.9614,X]
[33,F,0.906002,00100000,90.6002,X]
[130,F,0.909884,00000010,90.9884,X]
[107,F,0.913286,00000100,91.3286,X]
[18,F,0.915044,10000000,91.5044,X]
[19,F,0.91895,10000000,91.895,X]
[108,F,0.923052,00000100,92.3052,X]
[109,F,0.925981,00000100,92.5981,X]
[57,F,0.928358,00010000,92.8358,X]
[34,F,0.928462,00100000,92.8462,X]
[131,F,0.929416,00000010,92.9416,X]
[158,F,0.935547,00000001,93.5547,X]
[58,F,0.937147,00010000,93.7147,X]
[132,F,0.939181,00000010,93.9181,X]
[59,F,0.948866,00010000,94.8866,X]
[110,F,0.951372,00000100,95.1372,X]
[35,F,0.956783,00100000,95.6783,X]
[24,F,0.958012,01000000,95.8012,X]
[36,F,0.964595,00100000,96.4595,X]
[60,F,0.96742,00010000,96.742,X]
[159,F,0.970703,00000001,97.0703,X]
[160,F,0.976562,00000001,97.6562,X]
[25,F,0.976567,01000000,97.6567,X]
[111,F,0.978716,00000100,97.8716,X]
[37,F,0.989986,00100000,98.9986,X]
[161,F,0.990234,00000001,99.0234,X]
[38,F,0.992916,00100000,99.2916,X]
[133,F,0.999728,00000010,99.9728,X]
GUIDE_TREE_PARTITION1=(((((((t1:23.73,t2:23.73):12.33,t3:36.06):38.78,t4:74.84):1.52,t5:76.36):17.37,t6:93.73):4.93,t7:98.66):1.34,t8:100);
