Taxa bit representation:
t1 10000000
t2 01000000
t3 00100000
t4 00010000
t5 00001000
t6 00000100
t7 00000010
t8 00000001
Clade List (<taxon members> = <clade name>): 

>Dataset_0
[8,F,0.138672,00000001,13.8672,X]
[0,F,0.30382,11111000,30.382,X]
[9,F,0.797852,00000001,79.7852,X]
[5,F,0.824328,00000100,82.4328,X]
[1,F,0.888073,00010000,88.8073,X]
[6,F,0.89545,00000010,89.545,X]
[3,F,0.895956,00001000,89.5956,X]
[7,F,0.941348,00000010,94.1348,X]
[4,F,0.942831,00001000,94.2831,X]
[2,F,0.977917,00010000,97.7917,X]
[10,F,0.99707,00000001,99.707,X]
GUIDE_TREE_PARTITION1=(((((((t1:16.06,t2:16.06):8.96,t3:25.02):1.7,t4:26.72):12.2,t5:38.92):39.78,t6:78.7):3.63,t7:82.33):17.67,t8:100);
