Taxa bit representation:
t1 10000000
t2 01000000
t3 00100000
t4 00010000
t5 00001000
t6 00000100
t7 00000010
t8 00000001
Clade List (<taxon members> = <clade name>): 

>Dataset_0
[0,F,0.0595703,11110000,5.95703,X]
[1,F,0.0683594,11110000,6.83594,X]
[42,F,0.101562,00001111,10.1562,X]
[2,F,0.162109,11110000,16.2109,X]
[43,F,0.165039,00001111,16.5039,X]
[3,F,0.180664,11110000,18.0664,X]
[4,F,0.203125,11110000,20.3125,X]
[5,F,0.207031,11110000,20.7031,X]
[6,F,0.237305,11110000,23.7305,X]
[7,F,0.291016,11110000,29.1016,X]
[44,F,0.319336,00001111,31.9336,X]
[45,F,0.356445,00001111,35.6445,X]
[46,F,0.369141,00001111,36.9141,X]
[8,F,0.400391,11110000,40.0391,X]
[9,F,0.405273,11110000,40.5273,X]
[10,F,0.414062,11110000,41.4062,X]
[11,F,0.477539,11110000,47.7539,X]
[12,F,0.506836,11110000,50.6836,X]
[13,F,0.537109,11110000,53.7109,X]
[47,F,0.539481,00001100,53.9481,X]
[81,F,0.54827,00000011,54.827,X]
[82,F,0.583427,00000011,58.3427,X]
[14,F,0.587891,11110000,58.7891,X]
[15,F,0.59375,11110000,59.375,X]
[83,F,0.596122,00000011,59.6122,X]
[16,F,0.59668,11110000,59.668,X]
[48,F,0.622936,00001000,62.2936,X]
[63,F,0.626842,00000100,62.6842,X]
[17,F,0.644531,11110000,64.4531,X]
[18,F,0.645508,11110000,64.5508,X]
[49,F,0.648327,00001000,64.8327,X]
[84,F,0.648856,00000011,64.8856,X]
[85,F,0.655692,00000011,65.5692,X]
[86,F,0.658622,00000011,65.8622,X]
[19,F,0.663086,11110000,66.3086,X]
[50,F,0.668834,00001000,66.8834,X]
[20,F,0.672852,11110000,67.2852,X]
[21,F,0.689453,11110000,68.9453,X]
[22,F,0.693359,11110000,69.3359,X]
[87,F,0.693778,00000011,69.3778,X]
[23,F,0.716797,11110000,71.6797,X]
[88,F,0.722098,00000011,72.2098,X]
[64,F,0.725475,00000100,72.5475,X]
[24,F,0.729492,11110000,72.9492,X]
[65,F,0.730358,00000100,73.0358,X]
[66,F,0.733287,00000100,73.3287,X]
[67,F,0.739147,00000100,73.9147,X]
[51,F,0.745983,00001000,74.5983,X]
[89,F,0.750419,00000011,75.0419,X]
[52,F,0.756725,00001000,75.6725,X]
[68,F,0.756725,00000100,75.6725,X]
[53,F,0.757702,00001000,75.7702,X]
[90,F,0.761161,00000011,76.1161,X]
[25,F,0.763672,11110000,76.3672,X]
[91,F,0.765067,00000011,76.5067,X]
[54,F,0.771373,00001000,77.1373,X]
[69,F,0.774303,00000100,77.4303,X]
[55,F,0.793834,00001000,79.3834,X]
[26,F,0.798828,11110000,79.8828,X]
[70,F,0.813366,00000100,81.3366,X]
[71,F,0.818248,00000100,81.8248,X]
[72,F,0.824108,00000100,82.4108,X]
[27,F,0.830042,11000000,83.0042,X]
[92,F,0.849052,00000011,84.9052,X]
[34,F,0.857842,01000000,85.7842,X]
[73,F,0.858287,00000100,85.8287,X]
[28,F,0.859795,10000000,85.9795,X]
[56,F,0.86317,00001000,86.317,X]
[93,F,0.864677,00000011,86.4677,X]
[57,F,0.867077,00001000,86.7077,X]
[38,F,0.871058,00110000,87.1058,X]
[29,F,0.876397,10000000,87.6397,X]
[30,F,0.885186,10000000,88.5186,X]
[74,F,0.896373,00000100,89.6373,X]
[31,F,0.908623,10000000,90.8623,X]
[32,F,0.910577,10000000,91.0577,X]
[33,F,0.911553,10000000,91.1553,X]
[58,F,0.919811,00001000,91.9811,X]
[75,F,0.921764,00000100,92.1764,X]
[59,F,0.927623,00001000,92.7623,X]
[40,F,0.931037,00010000,93.1037,X]
[60,F,0.938366,00001000,93.8366,X]
[41,F,0.946662,00010000,94.6662,X]
[61,F,0.947155,00001000,94.7155,X]
[35,F,0.957452,01000000,95.7452,X]
[76,F,0.958873,00000100,95.8873,X]
[77,F,0.95985,00000100,95.985,X]
[62,F,0.96278,00001000,96.278,X]
[78,F,0.963756,00000100,96.3756,X]
[36,F,0.966241,01000000,96.6241,X]
[39,F,0.978889,00100000,97.8889,X]
[79,F,0.984264,00000100,98.4264,X]
[80,F,0.99403,00000100,99.403,X]
[37,F,0.994561,01000000,99.4561,X]
GUIDE_TREE_PARTITION1=(((t1:15.29,t2:15.29):2.78,(t3:9.24,t4:9.24):8.83):81.93,((t5:38.39,t6:38.39):12.74,(t7:0.75,t8:0.75):50.38):48.87);
