Taxa bit representation:
t1 10000000
t2 01000000
t3 00100000
t4 00010000
t5 00001000
t6 00000100
t7 00000010
t8 00000001
Clade List (<taxon members> = <clade name>): 

>Dataset_0
[20,F,0.104492,00001111,10.4492,X]
[21,F,0.201133,00001100,20.1133,X]
[0,F,0.21582,11110000,21.582,X]
[22,F,0.229453,00001100,22.9453,X]
[1,F,0.265625,11110000,26.5625,X]
[40,F,0.268516,00000011,26.8516,X]
[41,F,0.307578,00000011,30.7578,X]
[2,F,0.331055,11110000,33.1055,X]
[23,F,0.366172,00001100,36.6172,X]
[3,F,0.428711,11110000,42.8711,X]
[34,F,0.437478,00000100,43.7478,X]
[24,F,0.459939,00001000,45.9939,X]
[35,F,0.462869,00000100,46.2869,X]
[4,F,0.464844,11110000,46.4844,X]
[36,F,0.476541,00000100,47.6541,X]
[45,F,0.493667,00000001,49.3667,X]
[25,F,0.508767,00001000,50.8767,X]
[26,F,0.51072,00001000,51.072,X]
[5,F,0.557617,11110000,55.7617,X]
[27,F,0.563455,00001000,56.3455,X]
[28,F,0.57322,00001000,57.322,X]
[13,F,0.585495,00110000,58.5495,X]
[6,F,0.587448,11000000,58.7448,X]
[14,F,0.623581,00110000,62.3581,X]
[42,F,0.637222,00000010,63.7222,X]
[9,F,0.642342,01000000,64.2342,X]
[10,F,0.675545,01000000,67.5545,X]
[11,F,0.716561,01000000,71.6561,X]
[15,F,0.73198,00110000,73.198,X]
[43,F,0.734878,00000010,73.4878,X]
[29,F,0.739236,00001000,73.9236,X]
[7,F,0.749764,10000000,74.9764,X]
[46,F,0.765152,00000001,76.5152,X]
[47,F,0.766128,00000001,76.6128,X]
[48,F,0.792495,00000001,79.2495,X]
[37,F,0.793923,00000100,79.3923,X]
[38,F,0.803689,00000100,80.3689,X]
[44,F,0.836441,00000010,83.6441,X]
[30,F,0.838845,00001000,83.8845,X]
[18,F,0.843439,00010000,84.3439,X]
[31,F,0.847634,00001000,84.7634,X]
[16,F,0.861017,00100000,86.1017,X]
[19,F,0.889338,00010000,88.9338,X]
[8,F,0.924569,10000000,92.4569,X]
[17,F,0.93133,00100000,93.133,X]
[39,F,0.941384,00000100,94.1384,X]
[32,F,0.955056,00001000,95.5056,X]
[12,F,0.982186,01000000,98.2186,X]
[33,F,0.990213,00001000,99.0213,X]
GUIDE_TREE_PARTITION1=(((t1:36.84,t2:36.84):5.88,(t3:19.66,t4:19.66):23.06):57.28,((t5:58.01,t6:58.01):25.49,(t7:59.52,t8:59.52):23.98):16.5);
