Taxa bit representation:
t1 10000000
t2 01000000
t3 00100000
t4 00010000
t5 00001000
t6 00000100
t7 00000010
t8 00000001
Clade List (<taxon members> = <clade name>): 

>Dataset_0
[0,F,0.00292969,11111100,0.292969,X]
[1,F,0.162109,11111100,16.2109,X]
[2,F,0.200814,11110000,20.0814,X]
[3,F,0.245736,11110000,24.5736,X]
[4,F,0.288705,11110000,28.8705,X]
[27,F,0.34375,00000011,34.375,X]
[28,F,0.395508,00000011,39.5508,X]
[5,F,0.42347,11110000,42.347,X]
[29,F,0.423828,00000011,42.3828,X]
[17,F,0.43888,00001000,43.888,X]
[30,F,0.443359,00000011,44.3359,X]
[6,F,0.455697,11110000,45.5697,X]
[7,F,0.461556,11110000,46.1556,X]
[21,F,0.479895,00000100,47.9895,X]
[31,F,0.480469,00000011,48.0469,X]
[22,F,0.556067,00000100,55.6067,X]
[18,F,0.574622,00001000,57.4622,X]
[23,F,0.622473,00000100,62.2473,X]
[24,F,0.734778,00000100,73.4778,X]
[19,F,0.740637,00001000,74.0637,X]
[8,F,0.752572,11110000,75.2572,X]
[13,F,0.821284,00100000,82.1284,X]
[9,F,0.863866,10000000,86.3866,X]
[32,F,0.86913,00000010,86.913,X]
[14,F,0.869136,00100000,86.9136,X]
[33,F,0.884755,00000010,88.4755,X]
[10,F,0.904881,10000000,90.4881,X]
[12,F,0.915623,01000000,91.5623,X]
[20,F,0.920325,00001000,92.0325,X]
[11,F,0.938084,10000000,93.8084,X]
[15,F,0.95898,00100000,95.898,X]
[34,F,0.961903,00000001,96.1903,X]
[25,F,0.965247,00000100,96.5247,X]
[16,F,0.969722,00100000,96.9722,X]
[26,F,0.971106,00000100,97.1106,X]
GUIDE_TREE_PARTITION1=(((((t1:14.59,t2:14.59):5.43,t3:20.02):0.76,t4:20.78):61.58,(t5:65.78,t6:65.78):16.58):17.64,(t7:25.88,t8:25.88):74.12);
