Taxa bit representation:
t1 10000000
t2 01000000
t3 00100000
t4 00010000
t5 00001000
t6 00000100
t7 00000010
t8 00000001
Clade List (<taxon members> = <clade name>): 

>Dataset_0
[0,F,0.0175781,11111110,1.75781,X]
[1,F,0.0234375,11111110,2.34375,X]
[2,F,0.169922,11111110,16.9922,X]
[3,F,0.232256,11111100,23.2256,X]
[36,F,0.242022,00000010,24.2022,X]
[37,F,0.25667,00000010,25.667,X]
[4,F,0.273272,11111100,27.3272,X]
[5,F,0.281084,11111100,28.1084,X]
[49,F,0.283203,00000001,28.3203,X]
[50,F,0.287109,00000001,28.7109,X]
[38,F,0.29378,00000010,29.378,X]
[39,F,0.326006,00000010,32.6006,X]
[40,F,0.440264,00000010,44.0264,X]
[30,F,0.464278,00000100,46.4278,X]
[6,F,0.499825,11110000,49.9825,X]
[31,F,0.507247,00000100,50.7247,X]
[24,F,0.576973,00001000,57.6973,X]
[7,F,0.581997,11100000,58.1997,X]
[32,F,0.585372,00000100,58.5372,X]
[25,F,0.586739,00001000,58.6739,X]
[15,F,0.587856,00010000,58.7856,X]
[51,F,0.594727,00000001,59.4727,X]
[41,F,0.595538,00000010,59.5538,X]
[42,F,0.601397,00000010,60.1397,X]
[16,F,0.634731,00010000,63.4731,X]
[17,F,0.645473,00010000,64.5473,X]
[18,F,0.669887,00010000,66.9887,X]
[43,F,0.701006,00000010,70.1006,X]
[8,F,0.707973,11100000,70.7973,X]
[44,F,0.717608,00000010,71.7608,X]
[33,F,0.73088,00000100,73.088,X]
[34,F,0.733809,00000100,73.3809,X]
[52,F,0.742188,00000001,74.2188,X]
[19,F,0.753872,00010000,75.3872,X]
[9,F,0.762661,11100000,76.2661,X]
[20,F,0.764614,00010000,76.4614,X]
[10,F,0.770473,11100000,77.0473,X]
[26,F,0.795723,00001000,79.5723,X]
[11,F,0.796841,11100000,79.6841,X]
[12,F,0.801723,11100000,80.1723,X]
[27,F,0.810372,00001000,81.0372,X]
[45,F,0.821123,00000010,82.1123,X]
[13,F,0.825308,00100000,82.5308,X]
[21,F,0.827114,00010000,82.7114,X]
[14,F,0.842886,00100000,84.2886,X]
[46,F,0.85335,00000010,85.335,X]
[28,F,0.884591,00001000,88.4591,X]
[47,F,0.891436,00000010,89.1436,X]
[22,F,0.913052,00010000,91.3052,X]
[23,F,0.917934,00010000,91.7934,X]
[48,F,0.970538,00000010,97.0538,X]
[53,F,0.972656,00000001,97.2656,X]
[35,F,0.990645,00000100,99.0645,X]
[29,F,0.993966,00001000,99.3966,X]
GUIDE_TREE_PARTITION1=(((((((t1:5.65,t2:5.65):13.87,t3:19.52):25.21,t4:44.73):6.85,t5:51.58):10,t6:61.58):18.71,t7:80.29):19.71,t8:100);
