Taxa bit representation:
t1 10000000
t2 01000000
t3 00100000
t4 00010000
t5 00001000
t6 00000100
t7 00000010
t8 00000001
Clade List (<taxon members> = <clade name>): 

>Dataset_0
[48,F,0.0205078,00001111,2.05078,X]
[0,F,0.0419922,11110000,4.19922,X]
[1,F,0.0712891,11110000,7.12891,X]
[49,F,0.0859375,00001111,8.59375,X]
[50,F,0.0986328,00001111,9.86328,X]
[51,F,0.133789,00001111,13.3789,X]
[52,F,0.171972,00001100,17.1972,X]
[2,F,0.19043,11110000,19.043,X]
[53,F,0.191503,00001100,19.1503,X]
[54,F,0.210058,00001100,21.0058,X]
[91,F,0.215917,00000011,21.5917,X]
[92,F,0.233495,00000011,23.3495,X]
[3,F,0.238281,11110000,23.8281,X]
[93,F,0.243261,00000011,24.3261,X]
[94,F,0.254003,00000011,25.4003,X]
[95,F,0.277441,00000011,27.7441,X]
[55,F,0.278417,00001100,27.8417,X]
[56,F,0.299902,00001100,29.9902,X]
[4,F,0.320312,11110000,32.0312,X]
[96,F,0.329198,00000011,32.9198,X]
[5,F,0.342773,11110000,34.2773,X]
[57,F,0.34873,00001100,34.873,X]
[58,F,0.366308,00001100,36.6308,X]
[6,F,0.386719,11110000,38.6719,X]
[59,F,0.389745,00001100,38.9745,X]
[60,F,0.393652,00001100,39.3652,X]
[7,F,0.399414,11110000,39.9414,X]
[8,F,0.421875,11110000,42.1875,X]
[9,F,0.430664,11110000,43.0664,X]
[97,F,0.431737,00000011,43.1737,X]
[98,F,0.435644,00000011,43.5644,X]
[61,F,0.444433,00001100,44.4433,X]
[10,F,0.448242,11110000,44.8242,X]
[26,F,0.464889,00110000,46.4889,X]
[27,F,0.469772,00110000,46.9772,X]
[28,F,0.471725,00110000,47.1725,X]
[11,F,0.479538,11000000,47.9537,X]
[12,F,0.480514,11000000,48.0514,X]
[62,F,0.509862,00001100,50.9862,X]
[13,F,0.510787,11000000,51.0787,X]
[29,F,0.537155,00110000,53.7155,X]
[14,F,0.569381,11000000,56.9381,X]
[30,F,0.573287,00110000,57.3287,X]
[31,F,0.579147,00110000,57.9147,X]
[15,F,0.587936,11000000,58.7936,X]
[63,F,0.587987,00001100,58.7987,X]
[99,F,0.590917,00000011,59.0917,X]
[100,F,0.602636,00000011,60.2636,X]
[64,F,0.610448,00001100,61.0448,X]
[79,F,0.629959,00000100,62.9959,X]
[80,F,0.644608,00000100,64.4608,X]
[16,F,0.648483,11000000,64.8483,X]
[32,F,0.652389,00110000,65.2389,X]
[65,F,0.65242,00001000,65.242,X]
[81,F,0.65242,00000100,65.242,X]
[101,F,0.663183,00000011,66.3183,X]
[66,F,0.666092,00001000,66.6092,X]
[67,F,0.669998,00001000,66.9998,X]
[82,F,0.674881,00000100,67.4881,X]
[102,F,0.681737,00000011,68.1737,X]
[83,F,0.684647,00000100,68.4647,X]
[33,F,0.689498,00110000,68.9498,X]
[17,F,0.702194,11000000,70.2194,X]
[68,F,0.711991,00001000,71.1991,X]
[103,F,0.719823,00000011,71.9823,X]
[42,F,0.733527,00010000,73.3527,X]
[84,F,0.734452,00000100,73.4452,X]
[34,F,0.742316,00100000,74.2316,X]
[35,F,0.746222,00100000,74.6222,X]
[43,F,0.76087,00010000,76.087,X]
[104,F,0.764745,00000011,76.4745,X]
[36,F,0.767706,00100000,76.7706,X]
[18,F,0.788131,11000000,78.8131,X]
[69,F,0.788162,00001000,78.8162,X]
[19,F,0.797897,11000000,79.7897,X]
[20,F,0.798873,11000000,79.8873,X]
[21,F,0.803756,11000000,80.3756,X]
[85,F,0.804764,00000100,80.4764,X]
[105,F,0.815527,00000011,81.5527,X]
[86,F,0.819412,00000100,81.9412,X]
[70,F,0.830155,00001000,83.0155,X]
[44,F,0.831183,00010000,83.1183,X]
[37,F,0.832159,00100000,83.2159,X]
[45,F,0.832159,00010000,83.2159,X]
[22,F,0.835006,11000000,83.5006,X]
[71,F,0.836991,00001000,83.6991,X]
[72,F,0.841873,00001000,84.1873,X]
[110,F,0.856073,00000001,85.6073,X]
[73,F,0.869217,00001000,86.9217,X]
[23,F,0.871139,11000000,87.1139,X]
[106,F,0.875605,00000010,87.5605,X]
[38,F,0.878058,00100000,87.8058,X]
[87,F,0.878983,00000100,87.8983,X]
[24,F,0.884811,11000000,88.4811,X]
[74,F,0.890702,00001000,89.0702,X]
[107,F,0.902948,00000010,90.2948,X]
[75,F,0.90535,00001000,90.535,X]
[25,F,0.910202,11000000,91.0202,X]
[46,F,0.914191,00010000,91.4191,X]
[88,F,0.920975,00000100,92.0975,X]
[76,F,0.925858,00001000,92.5858,X]
[111,F,0.949823,00000001,94.9823,X]
[112,F,0.963495,00000001,96.3495,X]
[108,F,0.966425,00000010,96.6425,X]
[39,F,0.966925,00100000,96.6925,X]
[89,F,0.968827,00000100,96.8827,X]
[109,F,0.972284,00000010,97.2284,X]
[40,F,0.972784,00100000,97.2784,X]
[90,F,0.973709,00000100,97.3709,X]
[47,F,0.973761,00010000,97.3761,X]
[77,F,0.977616,00001000,97.7616,X]
[78,F,0.980545,00001000,98.0545,X]
[41,F,0.991339,00100000,99.1339,X]
GUIDE_TREE_PARTITION1=(((t1:4.25,t2:4.25):50.14,(t3:29.87,t4:29.87):24.52):45.61,((t5:37.59,t6:37.59):46.58,(t7:17.42,t8:17.42):66.75):15.83);
