Taxa bit representation:
t1 10000000
t2 01000000
t3 00100000
t4 00010000
t5 00001000
t6 00000100
t7 00000010
t8 00000001
Clade List (<taxon members> = <clade name>): 

>Dataset_0
[0,F,0.0304547,11111100,3.04547,X]
[60,F,0.0304547,00000010,3.04547,X]
[1,F,0.0324078,11111100,3.24078,X]
[2,F,0.0411969,11111100,4.11969,X]
[3,F,0.0519391,11111100,5.19391,X]
[84,F,0.0595703,00000001,5.95703,X]
[85,F,0.0957031,00000001,9.57031,X]
[61,F,0.103697,00000010,10.3697,X]
[62,F,0.120298,00000010,12.0298,X]
[4,F,0.142759,11111100,14.2759,X]
[86,F,0.158203,00000001,15.8203,X]
[87,F,0.166016,00000001,16.6016,X]
[5,F,0.173033,11111100,17.3033,X]
[88,F,0.177734,00000001,17.7734,X]
[6,F,0.206236,11111100,20.6236,X]
[63,F,0.207212,00000010,20.7212,X]
[89,F,0.226562,00000001,22.6562,X]
[90,F,0.234375,00000001,23.4375,X]
[91,F,0.237305,00000001,23.7305,X]
[7,F,0.254087,11111100,25.4087,X]
[92,F,0.264648,00000001,26.4648,X]
[64,F,0.276548,00000010,27.6548,X]
[93,F,0.304687,00000001,30.4687,X]
[8,F,0.312681,11111100,31.2681,X]
[94,F,0.31543,00000001,31.543,X]
[65,F,0.317564,00000010,31.7564,X]
[66,F,0.322447,00000010,32.2447,X]
[9,F,0.391783,11111100,39.1783,X]
[67,F,0.392759,00000010,39.2759,X]
[68,F,0.409361,00000010,40.9361,X]
[95,F,0.411133,00000001,41.1133,X]
[96,F,0.421875,00000001,42.1875,X]
[97,F,0.422852,00000001,42.2852,X]
[69,F,0.45233,00000010,45.233,X]
[70,F,0.453306,00000010,45.3306,X]
[10,F,0.454072,11111000,45.4072,X]
[11,F,0.455048,11111000,45.5048,X]
[46,F,0.465791,00000100,46.5791,X]
[47,F,0.541963,00000100,54.1962,X]
[48,F,0.546845,00000100,54.6845,X]
[98,F,0.547852,00000001,54.7852,X]
[49,F,0.548798,00000100,54.8798,X]
[71,F,0.582212,00000010,58.2212,X]
[12,F,0.585908,11111000,58.5908,X]
[72,F,0.591978,00000010,59.1978,X]
[13,F,0.59372,11111000,59.372,X]
[50,F,0.601533,00000100,60.1533,X]
[99,F,0.602539,00000001,60.2539,X]
[73,F,0.60272,00000010,60.272,X]
[14,F,0.603936,11110000,60.3936,X]
[74,F,0.618345,00000010,61.8345,X]
[51,F,0.629853,00000100,62.9853,X]
[75,F,0.632994,00000010,63.2994,X]
[100,F,0.651367,00000001,65.1367,X]
[76,F,0.656431,00000010,65.6431,X]
[77,F,0.666197,00000010,66.6197,X]
[15,F,0.69085,11110000,69.085,X]
[101,F,0.703125,00000001,70.3125,X]
[16,F,0.703545,11110000,70.3545,X]
[78,F,0.704283,00000010,70.4283,X]
[52,F,0.713838,00000100,71.3838,X]
[53,F,0.719697,00000100,71.9697,X]
[102,F,0.719727,00000001,71.9727,X]
[35,F,0.733666,00010000,73.3666,X]
[17,F,0.733666,11100000,73.3666,X]
[54,F,0.754853,00000100,75.4853,X]
[36,F,0.75515,00010000,75.515,X]
[79,F,0.768736,00000010,76.8736,X]
[18,F,0.773705,11100000,77.3705,X]
[19,F,0.780541,11100000,78.0541,X]
[80,F,0.783384,00000010,78.3384,X]
[55,F,0.798798,00000100,79.8798,X]
[103,F,0.802734,00000001,80.2734,X]
[81,F,0.806822,00000010,80.6822,X]
[56,F,0.814423,00000100,81.4423,X]
[25,F,0.825037,00100000,82.5037,X]
[20,F,0.82992,11000000,82.992,X]
[26,F,0.836756,00100000,83.6756,X]
[27,F,0.851405,00100000,85.1405,X]
[57,F,0.855439,00000100,85.5439,X]
[42,F,0.866631,00001000,86.6631,X]
[21,F,0.877772,11000000,87.7772,X]
[28,F,0.896327,00100000,89.6327,X]
[58,F,0.899384,00000100,89.9384,X]
[37,F,0.900658,00010000,90.0658,X]
[29,F,0.901209,00100000,90.1209,X]
[82,F,0.905455,00000010,90.5455,X]
[59,F,0.90915,00000100,90.915,X]
[43,F,0.910577,00001000,91.0577,X]
[22,F,0.916834,11000000,91.6834,X]
[30,F,0.917811,00100000,91.7811,X]
[104,F,0.920898,00000001,92.0898,X]
[38,F,0.926048,00010000,92.6048,X]
[39,F,0.957298,00010000,95.7298,X]
[31,F,0.958827,00100000,95.8827,X]
[44,F,0.96917,00001000,96.917,X]
[23,F,0.969412,10000000,96.9412,X]
[32,F,0.971522,00100000,97.1522,X]
[83,F,0.971861,00000010,97.1861,X]
[33,F,0.979334,00100000,97.9334,X]
[24,F,0.983084,10000000,98.3084,X]
[45,F,0.992608,00001000,99.2608,X]
[40,F,0.994408,00010000,99.4408,X]
[41,F,0.997337,00010000,99.7337,X]
[34,F,0.999842,00100000,99.9842,X]
GUIDE_TREE_PARTITION1=(((((((t1:3.84,t2:3.84):16,t3:19.84):7.77,t4:27.61):12.68,t5:40.29):15.67,t6:55.96):42.85,t7:98.81):1.19,t8:100);
