Taxa bit representation:
t1 10000000
t2 01000000
t3 00100000
t4 00010000
t5 00001000
t6 00000100
t7 00000010
t8 00000001
Clade List (<taxon members> = <clade name>): 

>Dataset_0
[9,F,0.177734,00000001,17.7734,X]
[10,F,0.521484,00000001,52.1484,X]
[0,F,0.60555,11111100,60.555,X]
[11,F,0.632812,00000001,63.2812,X]
[12,F,0.676758,00000001,67.6758,X]
[4,F,0.797891,00010000,79.7891,X]
[1,F,0.820525,11000000,82.0525,X]
[5,F,0.888711,00010000,88.8711,X]
[3,F,0.890838,00100000,89.0838,X]
[6,F,0.895038,00001000,89.5038,X]
[7,F,0.946795,00001000,94.6795,X]
[2,F,0.948836,10000000,94.8836,X]
[13,F,0.963867,00000001,96.3867,X]
[8,F,0.964892,00000100,96.4892,X]
GUIDE_TREE_PARTITION1=(((((((t1:5.8,t2:5.8):19.96,t3:25.76):3.24,t4:29):2.59,t5:31.59):1.12,t6:32.71):34.86,t7:67.57):32.43,t8:100);
