Taxa bit representation:
t1 10000000
t2 01000000
t3 00100000
t4 00010000
t5 00001000
t6 00000100
t7 00000010
t8 00000001
Clade List (<taxon members> = <clade name>): 

>Dataset_0
[14,F,0.0380859,00001111,3.80859,X]
[0,F,0.128906,11110000,12.8906,X]
[15,F,0.148675,00001100,14.8675,X]
[34,F,0.200433,00000011,20.0433,X]
[16,F,0.227559,00001000,22.7559,X]
[17,F,0.250997,00001000,25.0997,X]
[24,F,0.290059,00000100,29.0059,X]
[1,F,0.332031,11110000,33.2031,X]
[18,F,0.3467,00001000,34.67,X]
[25,F,0.364278,00000100,36.4278,X]
[2,F,0.373047,11110000,37.3047,X]
[3,F,0.391602,11110000,39.1602,X]
[4,F,0.4375,11110000,43.75,X]
[5,F,0.445312,11110000,44.5312,X]
[26,F,0.452169,00000100,45.2169,X]
[35,F,0.460198,00000011,46.0198,X]
[36,F,0.461175,00000011,46.1175,X]
[6,F,0.521484,11110000,52.1484,X]
[19,F,0.608419,00001000,60.8419,X]
[20,F,0.609395,00001000,60.9395,X]
[37,F,0.626214,00000011,62.6214,X]
[7,F,0.628906,11110000,62.8906,X]
[8,F,0.640625,11110000,64.0625,X]
[27,F,0.655294,00000100,65.5294,X]
[28,F,0.664083,00000100,66.4083,X]
[9,F,0.696289,11110000,69.6289,X]
[29,F,0.728536,00000100,72.8536,X]
[30,F,0.734395,00000100,73.4395,X]
[10,F,0.752553,11000000,75.2553,X]
[11,F,0.765248,00110000,76.5248,X]
[38,F,0.781112,00000010,78.1112,X]
[21,F,0.792013,00001000,79.2013,X]
[31,F,0.793966,00000100,79.3966,X]
[43,F,0.809433,00000001,80.9433,X]
[39,F,0.816269,00000010,81.6269,X]
[40,F,0.822128,00000010,82.2128,X]
[32,F,0.853536,00000100,85.3536,X]
[41,F,0.866073,00000010,86.6073,X]
[22,F,0.874044,00001000,87.4044,X]
[33,F,0.886739,00000100,88.6739,X]
[42,F,0.931503,00000010,93.1503,X]
[13,F,0.932783,00010000,93.2783,X]
[12,F,0.957197,00100000,95.7197,X]
[23,F,0.994161,00001000,99.4161,X]
GUIDE_TREE_PARTITION1=(((t1:9.96,t2:9.96):14.98,(t3:13.46,t4:13.46):11.48):75.06,((t5:84.08,t6:84.08):11.99,(t7:35.17,t8:35.17):60.9):3.93);
