Taxa bit representation:
t1 10000000
t2 01000000
t3 00100000
t4 00010000
t5 00001000
t6 00000100
t7 00000010
t8 00000001
Clade List (<taxon members> = <clade name>): 

>Dataset_0
[42,F,0.0605469,00000011,6.05469,X]
[0,F,0.0664141,11110000,6.64141,X]
[1,F,0.0752031,11110000,7.52031,X]
[28,F,0.113289,00001100,11.3289,X]
[2,F,0.124031,11110000,12.4031,X]
[29,F,0.129891,00001100,12.9891,X]
[30,F,0.133797,00001100,13.3797,X]
[43,F,0.139648,00000011,13.9648,X]
[44,F,0.15332,00000011,15.332,X]
[3,F,0.159188,11110000,15.9188,X]
[45,F,0.220063,00000010,22.0063,X]
[46,F,0.250336,00000010,25.0336,X]
[51,F,0.284516,00000001,28.4516,X]
[19,F,0.286355,00010000,28.6355,X]
[4,F,0.312722,11100000,31.2722,X]
[5,F,0.340066,11100000,34.0066,X]
[20,F,0.354714,00010000,35.4714,X]
[21,F,0.362527,00010000,36.2527,X]
[31,F,0.386727,00001100,38.6727,X]
[6,F,0.406314,11000000,40.6314,X]
[22,F,0.438698,00010000,43.8698,X]
[52,F,0.449555,00000001,44.9555,X]
[32,F,0.48243,00001100,48.243,X]
[33,F,0.509773,00001100,50.9773,X]
[34,F,0.51075,00001100,51.075,X]
[47,F,0.515961,00000010,51.5961,X]
[12,F,0.534244,00100000,53.4244,X]
[13,F,0.577213,00100000,57.7213,X]
[35,F,0.584969,00001100,58.4969,X]
[36,F,0.618172,00001100,61.8172,X]
[37,F,0.66407,00001100,66.407,X]
[38,F,0.684578,00001100,68.4578,X]
[23,F,0.692605,00010000,69.2605,X]
[24,F,0.732644,00010000,73.2644,X]
[25,F,0.735573,00010000,73.5573,X]
[48,F,0.744477,00000010,74.4477,X]
[39,F,0.748055,00001100,74.8055,X]
[49,F,0.790375,00000010,79.0375,X]
[14,F,0.804752,00100000,80.4752,X]
[15,F,0.811588,00100000,81.1587,X]
[11,F,0.8149,01000000,81.49,X]
[16,F,0.81647,00100000,81.647,X]
[17,F,0.825259,00100000,82.5259,X]
[26,F,0.826394,00010000,82.6394,X]
[7,F,0.834431,10000000,83.4431,X]
[27,F,0.86448,00010000,86.448,X]
[40,F,0.895952,00001000,89.5952,X]
[8,F,0.902791,10000000,90.2791,X]
[41,F,0.906694,00000100,90.6694,X]
[18,F,0.91315,00100000,91.315,X]
[50,F,0.93393,00000010,93.393,X]
[9,F,0.956502,10000000,95.6502,X]
[53,F,0.95932,00000001,95.932,X]
[10,F,0.964314,10000000,96.4314,X]
GUIDE_TREE_PARTITION1=(((((t1:24.76,t2:24.76):37.05,t3:61.81):11.41,t4:73.22):22.58,(t5:21.44,t6:21.44):74.36):4.2,(t7:81.9,t8:81.9):18.1);
