Taxa bit representation:
t1 10000000
t2 01000000
t3 00100000
t4 00010000
t5 00001000
t6 00000100
t7 00000010
t8 00000001
Clade List (<taxon members> = <clade name>): 

>Dataset_0
[0,F,0.0703125,11111110,7.03125,X]
[1,F,0.112305,11111110,11.2305,X]
[39,F,0.152344,00000001,15.2344,X]
[2,F,0.15918,11111110,15.918,X]
[3,F,0.178711,11111110,17.8711,X]
[4,F,0.223633,11111110,22.3633,X]
[5,F,0.255319,11111100,25.5319,X]
[6,F,0.259225,11111100,25.9225,X]
[40,F,0.272461,00000001,27.2461,X]
[41,F,0.279297,00000001,27.9297,X]
[29,F,0.281686,00000010,28.1686,X]
[30,F,0.325631,00000010,32.5631,X]
[42,F,0.333984,00000001,33.3984,X]
[43,F,0.361328,00000001,36.1328,X]
[31,F,0.389108,00000010,38.9108,X]
[44,F,0.396484,00000001,39.6484,X]
[7,F,0.415475,11111100,41.5475,X]
[32,F,0.443795,00000010,44.3795,X]
[33,F,0.473092,00000010,47.3092,X]
[45,F,0.504883,00000001,50.4883,X]
[34,F,0.539498,00000010,53.9498,X]
[46,F,0.551758,00000001,55.1758,X]
[47,F,0.59082,00000001,59.082,X]
[48,F,0.59668,00000001,59.668,X]
[35,F,0.613717,00000010,61.3717,X]
[8,F,0.63773,11111000,63.773,X]
[49,F,0.663086,00000001,66.3086,X]
[24,F,0.677769,00000100,67.7769,X]
[9,F,0.708042,11111000,70.8042,X]
[25,F,0.73148,00000100,73.148,X]
[36,F,0.74067,00000010,74.067,X]
[10,F,0.743198,11111000,74.3198,X]
[11,F,0.756089,11110000,75.6089,X]
[37,F,0.759225,00000010,75.9225,X]
[50,F,0.761719,00000001,76.1719,X]
[18,F,0.766831,00001000,76.6831,X]
[19,F,0.773667,00001000,77.3667,X]
[26,F,0.776402,00000100,77.6402,X]
[20,F,0.831284,00001000,83.1284,X]
[15,F,0.901853,00010000,90.1853,X]
[27,F,0.906284,00000100,90.6284,X]
[12,F,0.908691,10000000,90.8691,X]
[28,F,0.932652,00000100,93.2652,X]
[13,F,0.937987,10000000,93.7987,X]
[21,F,0.940659,00001000,94.0659,X]
[22,F,0.96312,00001000,96.312,X]
[23,F,0.964097,00001000,96.4097,X]
[16,F,0.964353,00010000,96.4353,X]
[14,F,0.966308,01000000,96.6308,X]
[17,F,0.970212,00010000,97.0212,X]
[38,F,0.980905,00000010,98.0905,X]
GUIDE_TREE_PARTITION1=(((((((t1:11.67,t2:11.67):10.17,t3:21.84):0.67,t4:22.51):2.76,t5:25.27):17.5,t6:42.77):32.87,t7:75.64):24.36,t8:100);
