Taxa bit representation:
t1 10000000
t2 01000000
t3 00100000
t4 00010000
t5 00001000
t6 00000100
t7 00000010
t8 00000001
Clade List (<taxon members> = <clade name>): 

>Dataset_0
[31,F,0.0273438,00000011,2.73438,X]
[32,F,0.0361328,00000011,3.61328,X]
[33,F,0.0556641,00000011,5.56641,X]
[0,F,0.0599594,11110000,5.99594,X]
[19,F,0.0960922,00001100,9.60922,X]
[34,F,0.114258,00000011,11.4258,X]
[20,F,0.126366,00001100,12.6366,X]
[21,F,0.183006,00001100,18.3006,X]
[35,F,0.208008,00000011,20.8008,X]
[36,F,0.287109,00000011,28.7109,X]
[37,F,0.30957,00000011,30.957,X]
[1,F,0.398827,11110000,39.8827,X]
[2,F,0.404686,11110000,40.4686,X]
[3,F,0.430077,11110000,43.0077,X]
[38,F,0.444336,00000011,44.4336,X]
[39,F,0.445312,00000011,44.5312,X]
[40,F,0.452148,00000011,45.2148,X]
[41,F,0.487305,00000011,48.7305,X]
[4,F,0.487694,11110000,48.7694,X]
[5,F,0.49453,11110000,49.453,X]
[6,F,0.524983,11100000,52.4983,X]
[22,F,0.533592,00001100,53.3592,X]
[23,F,0.549217,00001100,54.9217,X]
[16,F,0.552327,00010000,55.2327,X]
[7,F,0.581623,11100000,58.1623,X]
[42,F,0.591797,00000011,59.1797,X]
[43,F,0.615234,00000011,61.5234,X]
[24,F,0.622459,00001100,62.2459,X]
[44,F,0.625,00000011,62.5,X]
[25,F,0.641991,00001100,64.1991,X]
[45,F,0.642578,00000011,64.2578,X]
[8,F,0.644123,11100000,64.4123,X]
[9,F,0.6451,11100000,64.51,X]
[26,F,0.6791,00001100,67.91,X]
[27,F,0.68203,00001100,68.203,X]
[17,F,0.732991,00010000,73.2991,X]
[10,F,0.78963,10000000,78.963,X]
[46,F,0.838559,00000010,83.8559,X]
[12,F,0.853106,01000000,85.3106,X]
[29,F,0.905917,00000100,90.5917,X]
[30,F,0.911777,00000100,91.1777,X]
[14,F,0.919722,00100000,91.9722,X]
[13,F,0.921466,01000000,92.1466,X]
[18,F,0.940998,00010000,94.0998,X]
[28,F,0.959628,00001000,95.9628,X]
[11,F,0.975177,10000000,97.5177,X]
[15,F,0.998823,00100000,99.8823,X]
GUIDE_TREE_PARTITION1=(((((t1:21.33,t2:21.33):9.94,t3:31.27):16.72,t4:47.99):46.6,(t5:15.17,t6:15.17):79.42):5.41,(t7:22.98,t8:22.98):77.02);
