Taxa bit representation:
t1 10000000
t2 01000000
t3 00100000
t4 00010000
t5 00001000
t6 00000100
t7 00000010
t8 00000001
Clade List (<taxon members> = <clade name>): 

>Dataset_0
[20,F,0.109375,00000011,10.9375,X]
[23,F,0.134653,00000001,13.4653,X]
[13,F,0.183452,00001000,18.3452,X]
[14,F,0.204936,00001000,20.4936,X]
[6,F,0.209564,00010000,20.9564,X]
[7,F,0.217377,00010000,21.7377,X]
[24,F,0.231333,00000001,23.1333,X]
[17,F,0.251811,00000100,25.1811,X]
[25,F,0.390512,00000001,39.0512,X]
[15,F,0.399272,00001000,39.9272,X]
[8,F,0.480072,00010000,48.0072,X]
[21,F,0.536997,00000010,53.6997,X]
[9,F,0.554291,00010000,55.4291,X]
[16,F,0.624858,00001000,62.4858,X]
[22,F,0.643442,00000010,64.3442,X]
[0,F,0.662725,11000000,66.2725,X]
[1,F,0.679327,11000000,67.9327,X]
[10,F,0.695892,00010000,69.5892,X]
[2,F,0.750616,00100000,75.0616,X]
[26,F,0.807505,00000001,80.7505,X]
[27,F,0.821177,00000001,82.1177,X]
[3,F,0.884405,00100000,88.4405,X]
[4,F,0.885381,00100000,88.5381,X]
[5,F,0.899053,00100000,89.9053,X]
[18,F,0.899272,00000100,89.9272,X]
[11,F,0.933197,00010000,93.3197,X]
[12,F,0.93515,00010000,93.515,X]
[19,F,0.986186,00000100,98.6186,X]
GUIDE_TREE_PARTITION1=(((((t1:13.72,t2:13.72):46.57,t3:60.29):30.57,t4:90.86):1.83,(t5:86.44,t6:86.44):6.25):7.31,(t7:86.73,t8:86.73):13.27);
