Taxa bit representation:
t1 10000000
t2 01000000
t3 00100000
t4 00010000
t5 00001000
t6 00000100
t7 00000010
t8 00000001
Clade List (<taxon members> = <clade name>): 

>Dataset_0
[0,F,0.0273438,11110000,2.73438,X]
[25,F,0.0577719,00000011,5.77719,X]
[13,F,0.0831625,00001100,8.31625,X]
[1,F,0.0859375,11110000,8.59375,X]
[14,F,0.107577,00001100,10.7577,X]
[35,F,0.179663,00000001,17.9662,X]
[26,F,0.192358,00000010,19.2358,X]
[36,F,0.227514,00000001,22.7514,X]
[37,F,0.291967,00000001,29.1967,X]
[27,F,0.305639,00000010,30.5639,X]
[2,F,0.329102,11110000,32.9102,X]
[28,F,0.339819,00000010,33.9819,X]
[15,F,0.344881,00001100,34.4881,X]
[38,F,0.384741,00000001,38.4741,X]
[16,F,0.388827,00001100,38.8827,X]
[3,F,0.390625,11110000,39.0625,X]
[4,F,0.425781,11110000,42.5781,X]
[39,F,0.490209,00000001,49.0209,X]
[17,F,0.490389,00001100,49.0389,X]
[7,F,0.493042,00100000,49.3042,X]
[10,F,0.494995,00010000,49.4995,X]
[29,F,0.540991,00000010,54.0991,X]
[11,F,0.551636,00010000,55.1636,X]
[8,F,0.57898,00100000,57.898,X]
[18,F,0.598967,00000100,59.8967,X]
[30,F,0.647436,00000010,64.7436,X]
[40,F,0.665014,00000001,66.5014,X]
[12,F,0.686402,00010000,68.6402,X]
[41,F,0.699194,00000001,69.9194,X]
[31,F,0.721655,00000010,72.1655,X]
[32,F,0.722631,00000010,72.2631,X]
[19,F,0.727873,00000100,72.7873,X]
[42,F,0.73728,00000001,73.728,X]
[9,F,0.741089,00100000,74.1089,X]
[20,F,0.792327,00000100,79.2327,X]
[21,F,0.805022,00000100,80.5022,X]
[43,F,0.823217,00000001,82.3217,X]
[33,F,0.889623,00000010,88.9623,X]
[44,F,0.896459,00000001,89.6459,X]
[45,F,0.91892,00000001,91.892,X]
[22,F,0.955412,00000100,95.5413,X]
[23,F,0.965178,00000100,96.5178,X]
[46,F,0.970678,00000001,97.0678,X]
[24,F,0.972014,00000100,97.2014,X]
[47,F,0.976538,00000001,97.6538,X]
[34,F,0.992163,00000010,99.2163,X]
[5,F,0.992309,11000000,99.2309,X]
[6,F,0.997153,10000000,99.7153,X]
GUIDE_TREE_PARTITION1=(((t1:0.48,t2:0.48):54,(t3:51.77,t4:51.77):2.71):45.52,((t5:42.74,t6:42.74):52.85,(t7:85.94,t8:85.94):9.65):4.41);
