Taxa bit representation:
t1 10000000
t2 01000000
t3 00100000
t4 00010000
t5 00001000
t6 00000100
t7 00000010
t8 00000001
Clade List (<taxon members> = <clade name>): 

>Dataset_0
[0,F,0.141602,11111110,14.1602,X]
[9,F,0.201172,00000001,20.1172,X]
[10,F,0.268555,00000001,26.8555,X]
[6,F,0.576528,00000010,57.6528,X]
[4,F,0.597513,00000100,59.7513,X]
[7,F,0.696645,00000010,69.6645,X]
[1,F,0.717267,11000000,71.7267,X]
[2,F,0.790509,11000000,79.0509,X]
[3,F,0.839833,00010000,83.9833,X]
[5,F,0.869973,00000100,86.9973,X]
[11,F,0.876953,00000001,87.6953,X]
[8,F,0.9027,00000010,90.27,X]
[12,F,0.991211,00000001,99.1211,X]
GUIDE_TREE_PARTITION1=(((((((t1:3.52,t2:3.52):27.39,t3:30.91):1.22,t4:32.13):5.97,t5:38.1):2.93,t6:41.03):12.45,t7:53.48):46.52,t8:100);
