Taxa bit representation:
t1 10000000
t2 01000000
t3 00100000
t4 00010000
t5 00001000
t6 00000100
t7 00000010
t8 00000001
Clade List (<taxon members> = <clade name>): 

>Dataset_0
[0,F,0.0585938,11111110,5.85938,X]
[39,F,0.177456,00000010,17.7456,X]
[1,F,0.179409,11111100,17.9409,X]
[45,F,0.199219,00000001,19.9219,X]
[40,F,0.20187,00000010,20.187,X]
[46,F,0.224609,00000001,22.4609,X]
[47,F,0.257812,00000001,25.7812,X]
[29,F,0.273497,00000100,27.3497,X]
[30,F,0.335997,00000100,33.5997,X]
[48,F,0.360352,00000001,36.0352,X]
[31,F,0.382872,00000100,38.2872,X]
[32,F,0.387755,00000100,38.7755,X]
[33,F,0.417052,00000100,41.7052,X]
[49,F,0.425781,00000001,42.5781,X]
[2,F,0.444719,11110000,44.4719,X]
[50,F,0.482422,00000001,48.2422,X]
[21,F,0.482805,00001000,48.2805,X]
[51,F,0.49707,00000001,49.707,X]
[34,F,0.508848,00000100,50.8848,X]
[41,F,0.515347,00000010,51.5347,X]
[35,F,0.52545,00000100,52.545,X]
[22,F,0.541398,00001000,54.1398,X]
[42,F,0.552456,00000010,55.2456,X]
[17,F,0.553536,00010000,55.3536,X]
[36,F,0.557677,00000100,55.7677,X]
[43,F,0.577847,00000010,57.7847,X]
[52,F,0.592773,00000001,59.2773,X]
[23,F,0.599992,00001000,59.9992,X]
[12,F,0.621936,00100000,62.1936,X]
[24,F,0.644914,00001000,64.4914,X]
[3,F,0.654162,11000000,65.4162,X]
[4,F,0.701037,11000000,70.1037,X]
[25,F,0.71718,00001000,71.718,X]
[5,F,0.720569,11000000,72.0569,X]
[53,F,0.757812,00000001,75.7812,X]
[54,F,0.780273,00000001,78.0273,X]
[26,F,0.789445,00001000,78.9445,X]
[13,F,0.80553,00100000,80.553,X]
[6,F,0.807483,11000000,80.7483,X]
[37,F,0.807677,00000100,80.7677,X]
[27,F,0.815812,00001000,81.5812,X]
[7,F,0.818225,11000000,81.8225,X]
[44,F,0.821011,00000010,82.1011,X]
[18,F,0.841622,00010000,84.1622,X]
[14,F,0.849475,00100000,84.9475,X]
[19,F,0.857247,00010000,85.7247,X]
[10,F,0.873411,01000000,87.3411,X]
[15,F,0.885608,00100000,88.5608,X]
[11,F,0.894895,01000000,89.4895,X]
[55,F,0.904297,00000001,90.4297,X]
[56,F,0.944336,00000001,94.4336,X]
[28,F,0.965227,00001000,96.5227,X]
[8,F,0.968137,10000000,96.8137,X]
[20,F,0.978341,00010000,97.8341,X]
[38,F,0.986387,00000100,98.6388,X]
[16,F,0.992053,00100000,99.2053,X]
[9,F,0.994505,10000000,99.4505,X]
GUIDE_TREE_PARTITION1=(((((((t1:18.03,t2:18.03):26.71,t3:44.74):0.59,t4:45.33):11.37,t5:56.7):25.13,t6:81.83):3.94,t7:85.77):14.23,t8:100);
