Taxa bit representation:
t1 10000000
t2 01000000
t3 00100000
t4 00010000
t5 00001000
t6 00000100
t7 00000010
t8 00000001
Clade List (<taxon members> = <clade name>): 

>Dataset_0
[0,F,0.00878906,11110000,0.878906,X]
[1,F,0.0576172,11110000,5.76172,X]
[2,F,0.205078,11110000,20.5078,X]
[3,F,0.282975,11000000,28.2975,X]
[4,F,0.472428,11000000,47.2428,X]
[5,F,0.539811,11000000,53.9811,X]
[12,F,0.544766,00001100,54.4766,X]
[7,F,0.640222,00010000,64.0222,X]
[8,F,0.649011,00010000,64.9011,X]
[9,F,0.667566,00010000,66.7566,X]
[16,F,0.684414,00000011,68.4414,X]
[13,F,0.726803,00001000,72.6803,X]
[6,F,0.757675,01000000,75.7675,X]
[10,F,0.813073,00010000,81.3073,X]
[11,F,0.84237,00010000,84.237,X]
[14,F,0.896725,00001000,89.6725,X]
[15,F,0.919186,00001000,91.9186,X]
[18,F,0.927766,00000001,92.7766,X]
[17,F,0.999055,00000010,99.9055,X]
GUIDE_TREE_PARTITION1=(((t1:28.92,t2:28.92):47.47,(t3:40.47,t4:40.47):35.92):23.61,((t5:36.89,t6:36.89):9.61,(t7:20.7,t8:20.7):25.8):53.5);
