Taxa bit representation:
t1 10000000
t2 01000000
t3 00100000
t4 00010000
t5 00001000
t6 00000100
t7 00000010
t8 00000001
Clade List (<taxon members> = <clade name>): 

>Dataset_0
[50,F,0.00488281,00001111,0.488281,X]
[0,F,0.0126953,11110000,1.26953,X]
[51,F,0.0136719,00001111,1.36719,X]
[1,F,0.015625,11110000,1.5625,X]
[2,F,0.0683594,11110000,6.83594,X]
[3,F,0.0693359,11110000,6.93359,X]
[4,F,0.114258,11110000,11.4258,X]
[52,F,0.118164,00001111,11.8164,X]
[53,F,0.12207,00001111,12.207,X]
[5,F,0.136719,11110000,13.6719,X]
[54,F,0.166992,00001111,16.6992,X]
[55,F,0.226562,00001111,22.6562,X]
[56,F,0.231445,00001111,23.1445,X]
[6,F,0.237305,11110000,23.7305,X]
[57,F,0.267578,00001111,26.7578,X]
[7,F,0.268555,11110000,26.8555,X]
[8,F,0.352539,11110000,35.2539,X]
[9,F,0.374023,11110000,37.4023,X]
[83,F,0.530703,00000011,53.0703,X]
[68,F,0.545084,00000100,54.5084,X]
[10,F,0.553906,11000000,55.3906,X]
[32,F,0.554883,00110000,55.4883,X]
[33,F,0.556836,00110000,55.6836,X]
[84,F,0.565859,00000011,56.5859,X]
[69,F,0.574381,00000100,57.4381,X]
[70,F,0.58903,00000100,58.903,X]
[11,F,0.596875,11000000,59.6875,X]
[85,F,0.602969,00000011,60.2969,X]
[58,F,0.607584,00001000,60.7584,X]
[12,F,0.60957,11000000,60.957,X]
[86,F,0.621523,00000011,62.1523,X]
[87,F,0.626406,00000011,62.6406,X]
[13,F,0.627148,11000000,62.7148,X]
[59,F,0.631998,00001000,63.1998,X]
[60,F,0.64567,00001000,64.567,X]
[88,F,0.65082,00000011,65.082,X]
[71,F,0.652506,00000100,65.2506,X]
[34,F,0.653516,00110000,65.3516,X]
[89,F,0.654727,00000011,65.4727,X]
[90,F,0.662539,00000011,66.2539,X]
[14,F,0.668164,11000000,66.8164,X]
[15,F,0.673047,11000000,67.3047,X]
[16,F,0.676953,11000000,67.6953,X]
[17,F,0.684766,11000000,68.4766,X]
[91,F,0.68793,00000011,68.793,X]
[18,F,0.702344,11000000,70.2344,X]
[72,F,0.704264,00000100,70.4264,X]
[61,F,0.70817,00001000,70.817,X]
[92,F,0.709414,00000011,70.9414,X]
[62,F,0.710123,00001000,71.0123,X]
[63,F,0.725748,00001000,72.5748,X]
[19,F,0.730664,11000000,73.0664,X]
[20,F,0.73457,11000000,73.457,X]
[35,F,0.742633,00100000,74.2633,X]
[64,F,0.743327,00001000,74.3327,X]
[43,F,0.744586,00010000,74.4586,X]
[21,F,0.749219,11000000,74.9219,X]
[73,F,0.756998,00000100,75.6998,X]
[74,F,0.758952,00000100,75.8952,X]
[44,F,0.763141,00010000,76.3141,X]
[93,F,0.764102,00000011,76.4102,X]
[75,F,0.769694,00000100,76.9694,X]
[36,F,0.773883,00100000,77.3883,X]
[76,F,0.775553,00000100,77.5553,X]
[94,F,0.77875,00000011,77.875,X]
[65,F,0.779459,00001000,77.9459,X]
[37,F,0.781695,00100000,78.1695,X]
[95,F,0.786563,00000011,78.6562,X]
[96,F,0.798281,00000011,79.8281,X]
[97,F,0.803164,00000011,80.3164,X]
[45,F,0.812945,00010000,81.2945,X]
[46,F,0.817828,00010000,81.7828,X]
[22,F,0.833203,11000000,83.3203,X]
[23,F,0.839063,11000000,83.9062,X]
[77,F,0.857584,00000100,85.7584,X]
[38,F,0.857867,00100000,85.7867,X]
[66,F,0.858561,00001000,85.8561,X]
[39,F,0.881305,00100000,88.1305,X]
[78,F,0.881998,00000100,88.1998,X]
[24,F,0.882031,11000000,88.2031,X]
[25,F,0.883984,11000000,88.3984,X]
[26,F,0.897656,11000000,89.7656,X]
[47,F,0.910602,00010000,91.0602,X]
[67,F,0.918131,00001000,91.8131,X]
[40,F,0.924273,00100000,92.4273,X]
[98,F,0.945639,00000010,94.5639,X]
[41,F,0.945758,00100000,94.5758,X]
[42,F,0.949664,00100000,94.9664,X]
[79,F,0.950358,00000100,95.0358,X]
[48,F,0.951617,00010000,95.1617,X]
[27,F,0.958514,10000000,95.8514,X]
[28,F,0.96242,10000000,96.242,X]
[99,F,0.966147,00000010,96.6147,X]
[100,F,0.972006,00000001,97.2006,X]
[29,F,0.972186,10000000,97.2186,X]
[30,F,0.975116,10000000,97.5116,X]
[80,F,0.984537,00000100,98.4537,X]
[49,F,0.98482,00010000,98.482,X]
[81,F,0.990397,00000100,99.0397,X]
[31,F,0.9966,10000000,99.66,X]
[82,F,0.997233,00000100,99.7233,X]
GUIDE_TREE_PARTITION1=(((t1:6.59,t2:6.59):38.41,(t3:29.35,t4:29.35):15.65):55,((t5:47.64,t6:47.64):2.61,(t7:9.44,t8:9.44):40.81):49.75);
