Taxa bit representation:
t1 10000000
t2 01000000
t3 00100000
t4 00010000
t5 00001000
t6 00000100
t7 00000010
t8 00000001
Clade List (<taxon members> = <clade name>): 

>Dataset_0
[0,F,0.0136719,11111100,1.36719,X]
[1,F,0.0185547,11111100,1.85547,X]
[2,F,0.0234375,11111100,2.34375,X]
[3,F,0.0361328,11111100,3.61328,X]
[4,F,0.0537109,11111100,5.37109,X]
[88,F,0.0742187,00000011,7.42187,X]
[5,F,0.0771484,11111100,7.71484,X]
[89,F,0.0878906,00000011,8.78906,X]
[108,F,0.104542,00000001,10.4542,X]
[6,F,0.113281,11111100,11.3281,X]
[90,F,0.123097,00000010,12.3097,X]
[91,F,0.137745,00000010,13.7745,X]
[7,F,0.148437,11111100,14.8437,X]
[8,F,0.183594,11111100,18.3594,X]
[92,F,0.192433,00000010,19.2433,X]
[109,F,0.204152,00000001,20.4152,X]
[110,F,0.230519,00000001,23.0519,X]
[9,F,0.232422,11111100,23.2422,X]
[10,F,0.233398,11111100,23.3398,X]
[93,F,0.239308,00000010,23.9308,X]
[11,F,0.242187,11111100,24.2187,X]
[12,F,0.245117,11111100,24.5117,X]
[13,F,0.257812,11111100,25.7812,X]
[111,F,0.270558,00000001,27.0558,X]
[112,F,0.273487,00000001,27.3487,X]
[65,F,0.289714,00001100,28.9714,X]
[14,F,0.292644,11110000,29.2644,X]
[66,F,0.304363,00001100,30.4363,X]
[113,F,0.30962,00000001,30.962,X]
[15,F,0.310222,11110000,31.0222,X]
[16,F,0.317058,11110000,31.7058,X]
[94,F,0.334034,00000010,33.4034,X]
[95,F,0.338917,00000010,33.8917,X]
[17,F,0.341472,11110000,34.1472,X]
[67,F,0.348308,00001100,34.8308,X]
[68,F,0.358073,00001100,35.8073,X]
[114,F,0.362355,00000001,36.2355,X]
[115,F,0.370167,00000001,37.0167,X]
[116,F,0.37798,00000001,37.798,X]
[55,F,0.380066,00010000,38.0066,X]
[117,F,0.386769,00000001,38.6769,X]
[56,F,0.403503,00010000,40.3503,X]
[69,F,0.42448,00001100,42.448,X]
[70,F,0.427409,00001100,42.7409,X]
[96,F,0.430714,00000010,43.0714,X]
[18,F,0.434753,11100000,43.4753,X]
[19,F,0.441589,11100000,44.1589,X]
[71,F,0.451823,00001100,45.1823,X]
[72,F,0.462566,00001100,46.2566,X]
[20,F,0.46698,11100000,46.698,X]
[21,F,0.471863,11100000,47.1863,X]
[57,F,0.480652,00010000,48.0652,X]
[118,F,0.485402,00000001,48.5402,X]
[41,F,0.503778,00100000,50.3778,X]
[73,F,0.509441,00001100,50.9441,X]
[42,F,0.52038,00100000,52.038,X]
[43,F,0.531122,00100000,53.1122,X]
[97,F,0.532277,00000010,53.2277,X]
[44,F,0.54577,00100000,54.577,X]
[98,F,0.572316,00000010,57.2316,X]
[99,F,0.576222,00000010,57.6222,X]
[119,F,0.602589,00000001,60.2589,X]
[74,F,0.610027,00001100,61.0027,X]
[45,F,0.621942,00100000,62.1942,X]
[46,F,0.627802,00100000,62.7802,X]
[47,F,0.628778,00100000,62.8778,X]
[22,F,0.629755,11000000,62.9755,X]
[58,F,0.636902,00010000,63.6902,X]
[48,F,0.643427,00100000,64.3427,X]
[120,F,0.671925,00000001,67.1925,X]
[121,F,0.688527,00000001,68.8527,X]
[122,F,0.697316,00000001,69.7316,X]
[75,F,0.703777,00001100,70.3777,X]
[59,F,0.708191,00010000,70.8191,X]
[60,F,0.712097,00010000,71.2097,X]
[49,F,0.718622,00100000,71.8622,X]
[61,F,0.727722,00010000,72.7722,X]
[76,F,0.730144,00001100,73.0144,X]
[77,F,0.73112,00001100,73.112,X]
[23,F,0.732058,10000000,73.2058,X]
[62,F,0.734558,00010000,73.4558,X]
[100,F,0.740284,00000010,74.0284,X]
[32,F,0.7428,01000000,74.28,X]
[33,F,0.74573,01000000,74.573,X]
[50,F,0.780145,00100000,78.0145,X]
[101,F,0.78423,00000010,78.423,X]
[78,F,0.784831,00001100,78.4831,X]
[34,F,0.789675,01000000,78.9675,X]
[123,F,0.803761,00000001,80.3761,X]
[35,F,0.811159,01000000,81.1159,X]
[51,F,0.816278,00100000,81.6278,X]
[24,F,0.818972,10000000,81.8972,X]
[25,F,0.830691,10000000,83.0691,X]
[79,F,0.830872,00001000,83.0872,X]
[85,F,0.844544,00000100,84.4544,X]
[102,F,0.84673,00000010,84.673,X]
[86,F,0.857239,00000100,85.7239,X]
[36,F,0.858034,01000000,85.8034,X]
[80,F,0.858216,00001000,85.8216,X]
[63,F,0.864441,00010000,86.4441,X]
[103,F,0.866261,00000010,86.6261,X]
[124,F,0.868214,00000001,86.8214,X]
[64,F,0.871277,00010000,87.1277,X]
[104,F,0.874073,00000010,87.4073,X]
[26,F,0.885378,10000000,88.5378,X]
[125,F,0.886769,00000001,88.6769,X]
[105,F,0.892628,00000010,89.2628,X]
[81,F,0.901184,00001000,90.1184,X]
[106,F,0.901417,00000010,90.1417,X]
[27,F,0.90198,10000000,90.198,X]
[82,F,0.912903,00001000,91.2903,X]
[28,F,0.919558,10000000,91.9558,X]
[126,F,0.919972,00000001,91.9972,X]
[37,F,0.920534,01000000,92.0534,X]
[29,F,0.920534,10000000,92.0534,X]
[38,F,0.921511,01000000,92.1511,X]
[107,F,0.926808,00000010,92.6808,X]
[83,F,0.929505,00001000,92.9505,X]
[52,F,0.931512,00100000,93.1512,X]
[87,F,0.932434,00000100,93.2434,X]
[30,F,0.942019,10000000,94.2019,X]
[84,F,0.946106,00001000,94.6106,X]
[53,F,0.95202,00100000,95.202,X]
[127,F,0.974659,00000001,97.4659,X]
[39,F,0.976198,01000000,97.6198,X]
[54,F,0.98327,00100000,98.327,X]
[31,F,0.991823,10000000,99.1823,X]
[40,F,0.999636,01000000,99.9636,X]
GUIDE_TREE_PARTITION1=(((((t1:31.97,t2:31.97):19.41,t3:51.38):11.59,t4:62.97):10.5,(t5:18.28,t6:18.28):55.19):26.53,(t7:90.62,t8:90.62):9.38);
