Taxa bit representation:
t1 10000000
t2 01000000
t3 00100000
t4 00010000
t5 00001000
t6 00000100
t7 00000010
t8 00000001
Clade List (<taxon members> = <clade name>): 

>Dataset_0
[0,F,0.0107422,11111110,1.07422,X]
[1,F,0.0146484,11111110,1.46484,X]
[64,F,0.0452359,00000010,4.52359,X]
[86,F,0.0478516,00000001,4.78516,X]
[87,F,0.0488281,00000001,4.88281,X]
[88,F,0.0703125,00000001,7.03125,X]
[2,F,0.0745328,11111100,7.45328,X]
[65,F,0.0764859,00000010,7.64859,X]
[89,F,0.0810547,00000001,8.10547,X]
[66,F,0.0882047,00000010,8.82047,X]
[90,F,0.172852,00000001,17.2852,X]
[91,F,0.205078,00000001,20.5078,X]
[92,F,0.207031,00000001,20.7031,X]
[67,F,0.223947,00000010,22.3947,X]
[93,F,0.245117,00000001,24.5117,X]
[68,F,0.272775,00000010,27.2775,X]
[3,F,0.28547,11111100,28.547,X]
[94,F,0.286133,00000001,28.6133,X]
[95,F,0.298828,00000001,29.8828,X]
[4,F,0.304025,11111100,30.4025,X]
[69,F,0.314767,00000010,31.4767,X]
[70,F,0.336252,00000010,33.6252,X]
[71,F,0.358712,00000010,35.8712,X]
[96,F,0.380859,00000001,38.0859,X]
[5,F,0.393869,11111100,39.3869,X]
[6,F,0.41633,11111100,41.633,X]
[97,F,0.418945,00000001,41.8945,X]
[72,F,0.421212,00000010,42.1212,X]
[73,F,0.440744,00000010,44.0744,X]
[98,F,0.441406,00000001,44.1406,X]
[99,F,0.448242,00000001,44.8242,X]
[74,F,0.456369,00000010,45.6369,X]
[7,F,0.469064,11111100,46.9064,X]
[8,F,0.470041,11111100,47.0041,X]
[75,F,0.473947,00000010,47.3947,X]
[51,F,0.482736,00000100,48.2736,X]
[76,F,0.486642,00000010,48.6642,X]
[9,F,0.492502,11111000,49.2502,X]
[77,F,0.511056,00000010,51.1056,X]
[10,F,0.513009,11111000,51.3009,X]
[11,F,0.520822,11111000,52.0822,X]
[52,F,0.586252,00000100,58.6252,X]
[53,F,0.590158,00000100,59.0158,X]
[43,F,0.591791,00001000,59.1791,X]
[100,F,0.592773,00000001,59.2773,X]
[54,F,0.60383,00000100,60.383,X]
[12,F,0.605463,11110000,60.5463,X]
[13,F,0.610345,11110000,61.0345,X]
[101,F,0.624023,00000001,62.4023,X]
[44,F,0.627923,00001000,62.7923,X]
[102,F,0.634766,00000001,63.4766,X]
[14,F,0.638666,11110000,63.8666,X]
[103,F,0.639648,00000001,63.9648,X]
[45,F,0.640619,00001000,64.0619,X]
[104,F,0.655273,00000001,65.5273,X]
[78,F,0.664377,00000010,66.4377,X]
[105,F,0.676758,00000001,67.6758,X]
[106,F,0.677734,00000001,67.7734,X]
[79,F,0.681955,00000010,68.1955,X]
[55,F,0.682931,00000100,68.2931,X]
[107,F,0.693359,00000001,69.3359,X]
[15,F,0.706136,11100000,70.6136,X]
[32,F,0.712972,00010000,71.2972,X]
[33,F,0.726644,00010000,72.6644,X]
[46,F,0.742181,00001000,74.2181,X]
[80,F,0.746408,00000010,74.6408,X]
[34,F,0.748128,00010000,74.8128,X]
[16,F,0.761525,11000000,76.1525,X]
[23,F,0.761525,00100000,76.1525,X]
[56,F,0.763986,00000100,76.3986,X]
[24,F,0.787892,00100000,78.7892,X]
[81,F,0.7884,00000010,78.84,X]
[35,F,0.796956,00010000,79.6956,X]
[108,F,0.806641,00000001,80.6641,X]
[36,F,0.811605,00010000,81.1605,X]
[109,F,0.81543,00000001,81.543,X]
[57,F,0.81965,00000100,81.965,X]
[47,F,0.821283,00001000,82.1283,X]
[37,F,0.828206,00010000,82.8206,X]
[58,F,0.837228,00000100,83.7228,X]
[38,F,0.837972,00010000,83.7972,X]
[39,F,0.838948,00010000,83.8948,X]
[59,F,0.848947,00000100,84.8947,X]
[48,F,0.855463,00001000,85.5463,X]
[82,F,0.860666,00000010,86.0666,X]
[25,F,0.8709,00100000,87.09,X]
[110,F,0.895508,00000001,89.5508,X]
[26,F,0.898244,00100000,89.8244,X]
[111,F,0.901367,00000001,90.1367,X]
[19,F,0.904486,01000000,90.4486,X]
[27,F,0.915822,00100000,91.5822,X]
[17,F,0.918158,10000000,91.8158,X]
[83,F,0.922189,00000010,92.2189,X]
[49,F,0.925775,00001000,92.5775,X]
[28,F,0.927541,00100000,92.7541,X]
[84,F,0.928048,00000010,92.8048,X]
[112,F,0.931641,00000001,93.1641,X]
[60,F,0.945627,00000100,94.5627,X]
[40,F,0.9493,00010000,94.93,X]
[29,F,0.950002,00100000,95.0002,X]
[20,F,0.950384,01000000,95.0384,X]
[50,F,0.951166,00001000,95.1166,X]
[41,F,0.956136,00010000,95.6136,X]
[113,F,0.962891,00000001,96.2891,X]
[61,F,0.964181,00000100,96.4181,X]
[62,F,0.968087,00000100,96.8088,X]
[85,F,0.973947,00000010,97.3947,X]
[30,F,0.980275,00100000,98.0275,X]
[21,F,0.981634,01000000,98.1634,X]
[22,F,0.985541,01000000,98.5541,X]
[18,F,0.987494,10000000,98.7494,X]
[31,F,0.991994,00100000,99.1994,X]
[42,F,0.994222,00010000,99.4222,X]
[63,F,0.995431,00000100,99.5431,X]
GUIDE_TREE_PARTITION1=(((((((t1:19.61,t2:19.61):5.8,t3:25.41):4.66,t4:30.07):13.29,t5:43.36):9.05,t6:52.41):43.75,t7:96.16):3.84,t8:100);
