Taxa bit representation:
t1 10000000
t2 01000000
t3 00100000
t4 00010000
t5 00001000
t6 00000100
t7 00000010
t8 00000001
Clade List (<taxon members> = <clade name>): 

>Dataset_0
[0,F,0.00195312,11111100,0.195312,X]
[1,F,0.0683328,11110000,6.83328,X]
[69,F,0.0733078,00000100,7.33078,X]
[2,F,0.0947,11110000,9.47,X]
[70,F,0.0957687,00000100,9.57687,X]
[3,F,0.0995828,11110000,9.95828,X]
[48,F,0.101628,00001000,10.1628,X]
[71,F,0.102605,00000100,10.2605,X]
[49,F,0.103581,00001000,10.3581,X]
[97,F,0.116211,00000011,11.6211,X]
[72,F,0.127019,00000100,12.7019,X]
[73,F,0.137761,00000100,13.7761,X]
[4,F,0.150364,11110000,15.0364,X]
[50,F,0.182683,00001000,18.2683,X]
[98,F,0.192383,00000011,19.2383,X]
[99,F,0.200195,00000011,20.0195,X]
[74,F,0.203191,00000100,20.3191,X]
[75,F,0.231511,00000100,23.1511,X]
[5,F,0.24802,11110000,24.802,X]
[6,F,0.25388,11110000,25.388,X]
[100,F,0.255859,00000011,25.5859,X]
[7,F,0.261692,11110000,26.1692,X]
[101,F,0.271484,00000011,27.1484,X]
[102,F,0.279297,00000011,27.9297,X]
[103,F,0.289062,00000011,28.9062,X]
[76,F,0.29987,00000100,29.987,X]
[77,F,0.314519,00000100,31.4519,X]
[78,F,0.320378,00000100,32.0378,X]
[51,F,0.33112,00001000,33.112,X]
[104,F,0.334961,00000011,33.4961,X]
[8,F,0.336888,11110000,33.6887,X]
[52,F,0.341863,00001000,34.1863,X]
[105,F,0.350586,00000011,35.0586,X]
[106,F,0.361328,00000011,36.1328,X]
[107,F,0.368164,00000011,36.8164,X]
[53,F,0.370183,00001000,37.0183,X]
[79,F,0.370183,00000100,37.0183,X]
[54,F,0.371159,00001000,37.1159,X]
[108,F,0.37207,00000011,37.207,X]
[109,F,0.391602,00000011,39.1602,X]
[110,F,0.395508,00000011,39.5508,X]
[55,F,0.397527,00001000,39.7527,X]
[111,F,0.402344,00000011,40.2344,X]
[80,F,0.409245,00000100,40.9245,X]
[9,F,0.412083,11110000,41.2083,X]
[112,F,0.439453,00000011,43.9453,X]
[113,F,0.454102,00000011,45.4102,X]
[56,F,0.465886,00001000,46.5886,X]
[81,F,0.469792,00000100,46.9792,X]
[57,F,0.480534,00001000,48.0534,X]
[82,F,0.483464,00000100,48.3464,X]
[114,F,0.488281,00000011,48.8281,X]
[83,F,0.51862,00000100,51.862,X]
[58,F,0.530339,00001000,53.0339,X]
[59,F,0.540105,00001000,54.0105,X]
[10,F,0.541966,11110000,54.1966,X]
[84,F,0.557683,00000100,55.7683,X]
[115,F,0.570312,00000011,57.0312,X]
[85,F,0.570378,00000100,57.0378,X]
[60,F,0.576237,00001000,57.6237,X]
[61,F,0.585027,00001000,58.5027,X]
[86,F,0.591862,00000100,59.1862,X]
[11,F,0.595677,11110000,59.5677,X]
[34,F,0.621838,00010000,62.1838,X]
[12,F,0.631603,11100000,63.1603,X]
[62,F,0.64362,00001000,64.362,X]
[13,F,0.647506,11000000,64.7506,X]
[87,F,0.647527,00000100,64.7527,X]
[28,F,0.651413,00100000,65.1412,X]
[18,F,0.652153,01000000,65.2153,X]
[35,F,0.656994,00010000,65.6994,X]
[36,F,0.6609,00010000,66.09,X]
[14,F,0.660942,10000000,66.0942,X]
[88,F,0.67487,00000100,67.487,X]
[63,F,0.67487,00001000,67.487,X]
[37,F,0.685314,00010000,68.5314,X]
[64,F,0.699284,00001000,69.9284,X]
[19,F,0.700005,01000000,70.0005,X]
[20,F,0.706841,01000000,70.6841,X]
[65,F,0.708073,00001000,70.8073,X]
[29,F,0.70903,00100000,70.903,X]
[38,F,0.713634,00010000,71.3634,X]
[39,F,0.740002,00010000,74.0002,X]
[116,F,0.743164,00000011,74.3164,X]
[89,F,0.755925,00000100,75.5925,X]
[40,F,0.759533,00010000,75.9533,X]
[90,F,0.762761,00000100,76.2761,X]
[41,F,0.769298,00010000,76.9298,X]
[21,F,0.769341,01000000,76.9341,X]
[42,F,0.772228,00010000,77.2228,X]
[22,F,0.787895,01000000,78.7895,X]
[117,F,0.791016,00000011,79.1016,X]
[30,F,0.803756,00100000,80.3756,X]
[31,F,0.818405,00100000,81.8405,X]
[66,F,0.818425,00001000,81.8425,X]
[118,F,0.822266,00000011,82.2266,X]
[32,F,0.823288,00100000,82.3287,X]
[43,F,0.828869,00010000,82.8869,X]
[23,F,0.836723,01000000,83.6723,X]
[33,F,0.837936,00100000,83.7936,X]
[91,F,0.837956,00000100,83.7956,X]
[67,F,0.864323,00001000,86.4323,X]
[92,F,0.871159,00000100,87.1159,X]
[44,F,0.874767,00010000,87.4767,X]
[15,F,0.875786,10000000,87.5786,X]
[45,F,0.877697,00010000,87.7697,X]
[24,F,0.878716,01000000,87.8716,X]
[68,F,0.886784,00001000,88.6784,X]
[93,F,0.89362,00000100,89.362,X]
[119,F,0.902344,00000011,90.2344,X]
[25,F,0.911919,01000000,91.1919,X]
[94,F,0.918034,00000100,91.8034,X]
[46,F,0.931408,00010000,93.1408,X]
[95,F,0.933659,00000100,93.3659,X]
[16,F,0.935356,10000000,93.5356,X]
[26,F,0.945122,01000000,94.5122,X]
[96,F,0.945378,00000100,94.5378,X]
[27,F,0.946098,01000000,94.6098,X]
[120,F,0.955455,00000010,95.5455,X]
[17,F,0.984184,10000000,98.4184,X]
[47,F,0.995861,00010000,99.5861,X]
GUIDE_TREE_PARTITION1=(((((t1:34.98,t2:34.98):0.66,t3:35.64):4.52,t4:40.16):56.62,(t5:94.72,t6:94.72):2.06):3.22,(t7:6.31,t8:6.31):93.69);
