Taxa bit representation:
t1 10000000
t2 01000000
t3 00100000
t4 00010000
t5 00001000
t6 00000100
t7 00000010
t8 00000001
Clade List (<taxon members> = <clade name>): 

>Dataset_0
[7,F,0.0478516,00001111,4.78516,X]
[0,F,0.210938,11110000,21.0938,X]
[3,F,0.365203,00110000,36.5203,X]
[1,F,0.408172,11000000,40.8172,X]
[4,F,0.595672,00110000,59.5672,X]
[13,F,0.602703,00000011,60.2703,X]
[8,F,0.642742,00001100,64.2742,X]
[6,F,0.664564,00010000,66.4564,X]
[9,F,0.702313,00001100,70.2313,X]
[10,F,0.724773,00001100,72.4773,X]
[11,F,0.736492,00001100,73.6492,X]
[2,F,0.893897,01000000,89.3897,X]
[5,F,0.936048,00100000,93.6048,X]
[12,F,0.946237,00001000,94.6238,X]
[14,F,0.963925,00000010,96.3925,X]
GUIDE_TREE_PARTITION1=(((t1:19.79,t2:19.79):47.01,(t3:39.11,t4:39.11):27.69):33.2,((t5:13.97,t6:13.97):41.58,(t7:11.42,t8:11.42):44.13):44.45);
