Taxa bit representation:
t1 10000000
t2 01000000
t3 00100000
t4 00010000
t5 00001000
t6 00000100
t7 00000010
t8 00000001
Clade List (<taxon members> = <clade name>): 

>Dataset_0
[27,F,0.0996094,00000001,9.96094,X]
[28,F,0.21875,00000001,21.875,X]
[29,F,0.277344,00000001,27.7344,X]
[18,F,0.284331,00000100,28.4331,X]
[19,F,0.311675,00000100,31.1675,X]
[30,F,0.34375,00000001,34.375,X]
[31,F,0.347656,00000001,34.7656,X]
[0,F,0.357573,11111000,35.7573,X]
[32,F,0.359375,00000001,35.9375,X]
[1,F,0.370269,11111000,37.0269,X]
[2,F,0.400542,11111000,40.0542,X]
[33,F,0.40625,00000001,40.625,X]
[23,F,0.4499,00000010,44.99,X]
[3,F,0.482573,11111000,48.2573,X]
[20,F,0.522612,00000100,52.2612,X]
[34,F,0.523438,00000001,52.3438,X]
[4,F,0.54312,11111000,54.312,X]
[24,F,0.564158,00000010,56.4158,X]
[35,F,0.646484,00000001,64.6484,X]
[8,F,0.66777,00010000,66.777,X]
[5,F,0.676559,11100000,67.6559,X]
[9,F,0.681442,00010000,68.1442,X]
[10,F,0.688278,00010000,68.8278,X]
[14,F,0.717353,00001000,71.7353,X]
[15,F,0.747627,00001000,74.7627,X]
[6,F,0.805466,11100000,80.5466,X]
[25,F,0.818064,00000010,81.8064,X]
[11,F,0.82695,00010000,82.695,X]
[16,F,0.835517,00001000,83.5517,X]
[12,F,0.835739,00010000,83.5739,X]
[36,F,0.836914,00000001,83.6914,X]
[17,F,0.842353,00001000,84.2353,X]
[21,F,0.851714,00000100,85.1714,X]
[7,F,0.859177,11100000,85.9177,X]
[37,F,0.944336,00000001,94.4336,X]
[22,F,0.960112,00000100,96.0112,X]
[26,F,0.962595,00000010,96.2595,X]
[13,F,0.98027,00010000,98.027,X]
[38,F,0.980469,00000001,98.0469,X]
GUIDE_TREE_PARTITION1=(((((((t1:0.2,t2:0.2):5.95,t3:6.15):33.03,t4:39.18):1.78,t5:40.96):32.56,t6:73.52):0.24,t7:73.76):26.24,t8:100);
