Taxa bit representation:
t1 10000000
t2 01000000
t3 00100000
t4 00010000
t5 00001000
t6 00000100
t7 00000010
t8 00000001
Clade List (<taxon members> = <clade name>): 

>Dataset_0
[0,F,0.00488281,11111110,0.488281,X]
[58,F,0.015625,00000001,1.5625,X]
[1,F,0.100059,11111100,10.0059,X]
[59,F,0.152344,00000001,15.2344,X]
[60,F,0.157227,00000001,15.7227,X]
[2,F,0.170977,11111000,17.0977,X]
[3,F,0.223992,11110000,22.3992,X]
[46,F,0.225059,00000010,22.5059,X]
[33,F,0.267937,00001000,26.7937,X]
[47,F,0.27877,00000010,27.877,X]
[42,F,0.295,00000100,29.5,X]
[43,F,0.29793,00000100,29.793,X]
[4,F,0.307336,11100000,30.7336,X]
[44,F,0.328203,00000100,32.8203,X]
[48,F,0.330528,00000010,33.0528,X]
[61,F,0.336914,00000001,33.6914,X]
[29,F,0.338586,00010000,33.8586,X]
[49,F,0.349083,00000010,34.9083,X]
[34,F,0.385125,00001000,38.5125,X]
[5,F,0.410091,11000000,41.0091,X]
[20,F,0.426692,00100000,42.6692,X]
[62,F,0.4375,00000001,43.75,X]
[50,F,0.459434,00000010,45.9434,X]
[14,F,0.469809,01000000,46.9809,X]
[21,F,0.47552,00100000,47.552,X]
[51,F,0.485802,00000010,48.5802,X]
[52,F,0.494591,00000010,49.4591,X]
[22,F,0.501888,00100000,50.1888,X]
[35,F,0.509148,00001000,50.9148,X]
[23,F,0.529231,00100000,52.9231,X]
[24,F,0.546809,00100000,54.6809,X]
[36,F,0.562859,00001000,56.2859,X]
[6,F,0.58602,10000000,58.602,X]
[15,F,0.595786,01000000,59.5786,X]
[7,F,0.602622,10000000,60.2622,X]
[16,F,0.614341,01000000,61.4341,X]
[53,F,0.616661,00000010,61.6661,X]
[8,F,0.64852,10000000,64.852,X]
[25,F,0.673763,00100000,67.3762,X]
[63,F,0.688477,00000001,68.8477,X]
[30,F,0.697961,00010000,69.7961,X]
[17,F,0.702231,01000000,70.2231,X]
[64,F,0.716797,00000001,71.6797,X]
[31,F,0.727258,00010000,72.7258,X]
[65,F,0.728516,00000001,72.8516,X]
[37,F,0.758172,00001000,75.8172,X]
[54,F,0.766075,00000010,76.6075,X]
[32,F,0.777062,00010000,77.7062,X]
[9,F,0.777427,10000000,77.7427,X]
[66,F,0.786133,00000001,78.6133,X]
[67,F,0.814453,00000001,81.4453,X]
[38,F,0.819695,00001000,81.9695,X]
[10,F,0.821372,10000000,82.1372,X]
[68,F,0.831055,00000001,83.1055,X]
[11,F,0.836997,10000000,83.6997,X]
[12,F,0.858481,10000000,85.8481,X]
[18,F,0.868247,01000000,86.8247,X]
[55,F,0.869591,00000010,86.9591,X]
[56,F,0.897911,00000010,89.7911,X]
[39,F,0.90075,00001000,90.075,X]
[26,F,0.910091,00100000,91.0091,X]
[57,F,0.912559,00000010,91.2559,X]
[45,F,0.921953,00000100,92.1953,X]
[27,F,0.929622,00100000,92.9622,X]
[19,F,0.941489,01000000,94.1489,X]
[13,F,0.974692,10000000,97.4692,X]
[28,F,0.980403,00100000,98.0403,X]
[40,F,0.980828,00001000,98.0828,X]
[41,F,0.999383,00001000,99.9383,X]
GUIDE_TREE_PARTITION1=(((((((t1:56.73,t2:56.73):4.8,t3:61.53):14.67,t4:76.2):5.6,t5:81.8):1.2,t6:83):7.58,t7:90.58):9.42,t8:100);
