Taxa bit representation:
t1 10000000
t2 01000000
t3 00100000
t4 00010000
t5 00001000
t6 00000100
t7 00000010
t8 00000001
Clade List (<taxon members> = <clade name>): 

>Dataset_0
[0,F,0.0175781,11111100,1.75781,X]
[98,F,0.0449219,00000011,4.49219,X]
[99,F,0.0585937,00000011,5.85937,X]
[1,F,0.069225,11110000,6.9225,X]
[100,F,0.117187,00000011,11.7187,X]
[2,F,0.154186,11110000,15.4186,X]
[3,F,0.158092,11110000,15.8092,X]
[4,F,0.164928,11110000,16.4928,X]
[58,F,0.196675,00001000,19.6675,X]
[5,F,0.198131,11110000,19.8131,X]
[59,F,0.199605,00001000,19.9605,X]
[60,F,0.206441,00001000,20.6441,X]
[61,F,0.20937,00001000,20.937,X]
[101,F,0.210937,00000011,21.0937,X]
[102,F,0.211914,00000011,21.1914,X]
[103,F,0.224609,00000011,22.4609,X]
[104,F,0.230469,00000011,23.0469,X]
[6,F,0.240123,11110000,24.0123,X]
[105,F,0.256836,00000011,25.6836,X]
[7,F,0.267467,11110000,26.7467,X]
[62,F,0.294331,00001000,29.4331,X]
[63,F,0.295308,00001000,29.5308,X]
[8,F,0.296764,11110000,29.6764,X]
[106,F,0.298828,00000011,29.8828,X]
[9,F,0.302623,11110000,30.2623,X]
[79,F,0.305073,00000100,30.5073,X]
[10,F,0.322155,11110000,32.2155,X]
[107,F,0.336914,00000011,33.6914,X]
[64,F,0.352925,00001000,35.2925,X]
[108,F,0.369141,00000011,36.9141,X]
[80,F,0.381245,00000100,38.1245,X]
[81,F,0.40273,00000100,40.273,X]
[109,F,0.40332,00000011,40.332,X]
[82,F,0.404683,00000100,40.4683,X]
[11,F,0.409069,11110000,40.9069,X]
[12,F,0.433483,11110000,43.3483,X]
[13,F,0.434459,11110000,43.4459,X]
[14,F,0.437389,11110000,43.7389,X]
[110,F,0.438477,00000011,43.8477,X]
[15,F,0.439777,11100000,43.9777,X]
[83,F,0.440816,00000100,44.0816,X]
[111,F,0.445312,00000011,44.5312,X]
[46,F,0.447589,00010000,44.7589,X]
[47,F,0.451495,00010000,45.1495,X]
[16,F,0.451495,11100000,45.1495,X]
[17,F,0.456378,11100000,45.6378,X]
[65,F,0.463277,00001000,46.3277,X]
[66,F,0.470112,00001000,47.0112,X]
[67,F,0.471089,00001000,47.1089,X]
[112,F,0.477539,00000011,47.7539,X]
[84,F,0.485737,00000100,48.5737,X]
[48,F,0.511066,00010000,51.1066,X]
[18,F,0.514972,11100000,51.4972,X]
[85,F,0.544331,00000100,54.4331,X]
[19,F,0.549506,11000000,54.9506,X]
[68,F,0.552144,00001000,55.2144,X]
[35,F,0.552436,00100000,55.2436,X]
[86,F,0.55312,00000100,55.312,X]
[49,F,0.559894,00010000,55.9894,X]
[20,F,0.564155,11000000,56.4155,X]
[50,F,0.580402,00010000,58.0402,X]
[113,F,0.584961,00000011,58.4961,X]
[114,F,0.586914,00000011,58.6914,X]
[87,F,0.59023,00000100,59.023,X]
[69,F,0.598042,00001000,59.8042,X]
[70,F,0.607808,00001000,60.7808,X]
[36,F,0.616889,00100000,61.6889,X]
[37,F,0.619819,00100000,61.9819,X]
[21,F,0.620795,11000000,62.0795,X]
[88,F,0.62148,00000100,62.148,X]
[38,F,0.629584,00100000,62.9584,X]
[115,F,0.630859,00000011,63.0859,X]
[116,F,0.643555,00000011,64.3555,X]
[71,F,0.657612,00001000,65.7612,X]
[72,F,0.663472,00001000,66.3472,X]
[39,F,0.679389,00100000,67.9389,X]
[22,F,0.700873,11000000,70.0873,X]
[40,F,0.709663,00100000,70.9663,X]
[73,F,0.716206,00001000,71.6206,X]
[51,F,0.721027,00010000,72.1027,X]
[23,F,0.721381,11000000,72.1381,X]
[74,F,0.724995,00001000,72.4995,X]
[41,F,0.7331,00100000,73.31,X]
[89,F,0.744527,00000100,74.4527,X]
[90,F,0.760152,00000100,76.0152,X]
[117,F,0.7609,00000010,76.09,X]
[52,F,0.763995,00010000,76.3995,X]
[42,F,0.778022,00100000,77.8022,X]
[53,F,0.78255,00010000,78.255,X]
[124,F,0.783361,00000001,78.3361,X]
[118,F,0.784337,00000010,78.4337,X]
[24,F,0.78592,10000000,78.592,X]
[119,F,0.78922,00000010,78.922,X]
[30,F,0.799592,01000000,79.9592,X]
[120,F,0.803869,00000010,80.3869,X]
[54,F,0.81087,00010000,81.087,X]
[91,F,0.810933,00000100,81.0933,X]
[31,F,0.811311,01000000,81.1311,X]
[92,F,0.813862,00000100,81.3862,X]
[93,F,0.815816,00000100,81.5816,X]
[25,F,0.821077,10000000,82.1077,X]
[125,F,0.821447,00000001,82.1447,X]
[75,F,0.822652,00001000,82.2652,X]
[76,F,0.823628,00001000,82.3628,X]
[94,F,0.824605,00000100,82.4605,X]
[126,F,0.830236,00000001,83.0236,X]
[121,F,0.837072,00000010,83.7072,X]
[32,F,0.840608,01000000,84.0608,X]
[95,F,0.842183,00000100,84.2183,X]
[127,F,0.845861,00000001,84.5861,X]
[55,F,0.84798,00010000,84.798,X]
[122,F,0.855627,00000010,85.5627,X]
[33,F,0.858186,01000000,85.8186,X]
[77,F,0.860737,00001000,86.0737,X]
[128,F,0.865392,00000001,86.5392,X]
[96,F,0.874409,00000100,87.4409,X]
[129,F,0.881994,00000001,88.1994,X]
[97,F,0.895894,00000100,89.5894,X]
[26,F,0.907014,10000000,90.7014,X]
[56,F,0.91048,00010000,91.048,X]
[123,F,0.925939,00000010,92.5939,X]
[27,F,0.928498,10000000,92.8498,X]
[34,F,0.936311,01000000,93.6311,X]
[43,F,0.950873,00100000,95.0873,X]
[28,F,0.954866,10000000,95.4866,X]
[44,F,0.957709,00100000,95.7709,X]
[57,F,0.962237,00010000,96.2237,X]
[45,F,0.971381,00100000,97.1381,X]
[29,F,0.983186,10000000,98.3186,X]
[78,F,0.994527,00001000,99.4527,X]
GUIDE_TREE_PARTITION1=(((((t1:24.24,t2:24.24):21.2,t3:45.44):10.68,t4:56.12):38.52,(t5:85.02,t6:85.02):9.62):5.36,(t7:30.16,t8:30.16):69.84);
