Taxa bit representation:
t1 10000000
t2 01000000
t3 00100000
t4 00010000
t5 00001000
t6 00000100
t7 00000010
t8 00000001
Clade List (<taxon members> = <clade name>): 

>Dataset_0
[0,F,0.078125,11111100,7.8125,X]
[1,F,0.126953,11111100,12.6953,X]
[15,F,0.21582,00000011,21.582,X]
[10,F,0.240762,00001100,24.0762,X]
[8,F,0.348031,00010000,34.8031,X]
[11,F,0.425333,00001100,42.5333,X]
[22,F,0.448225,00000001,44.8225,X]
[16,F,0.502912,00000010,50.2912,X]
[2,F,0.506955,11000000,50.6955,X]
[12,F,0.512247,00001100,51.2247,X]
[13,F,0.544473,00001100,54.4473,X]
[5,F,0.590939,00100000,59.0939,X]
[6,F,0.601681,00100000,60.1681,X]
[17,F,0.613264,00000010,61.3264,X]
[7,F,0.622189,00100000,62.2189,X]
[14,F,0.695312,00001000,69.5312,X]
[18,F,0.750959,00000010,75.0959,X]
[19,F,0.826155,00000010,82.6155,X]
[9,F,0.849008,00010000,84.9008,X]
[20,F,0.883772,00000010,88.3772,X]
[23,F,0.910139,00000001,91.0139,X]
[21,F,0.926741,00000010,92.6741,X]
[4,F,0.956483,01000000,95.6483,X]
[24,F,0.967756,00000001,96.7756,X]
[3,F,0.988709,10000000,98.8709,X]
GUIDE_TREE_PARTITION1=(((((t1:17.34,t2:17.34):52.57,t3:69.91):3.49,t4:73.4):12.68,(t5:31.25,t6:31.25):54.83):13.92,(t7:75.49,t8:75.49):24.51);
