Taxa bit representation:
t1 10000000
t2 01000000
t3 00100000
t4 00010000
t5 00001000
t6 00000100
t7 00000010
t8 00000001
Clade List (<taxon members> = <clade name>): 

>Dataset_0
[0,F,0.103516,11110000,10.3516,X]
[1,F,0.130859,11110000,13.0859,X]
[2,F,0.131836,11110000,13.1836,X]
[3,F,0.15625,11110000,15.625,X]
[26,F,0.157227,00001111,15.7227,X]
[4,F,0.166016,11110000,16.6016,X]
[5,F,0.176758,11110000,17.6758,X]
[27,F,0.242188,00001111,24.2188,X]
[28,F,0.271484,00001111,27.1484,X]
[15,F,0.322909,00110000,32.2909,X]
[6,F,0.330722,11000000,33.0722,X]
[29,F,0.347656,00001111,34.7656,X]
[30,F,0.358398,00001111,35.8398,X]
[31,F,0.375,00001111,37.5,X]
[16,F,0.514316,00110000,51.4316,X]
[17,F,0.553378,00110000,55.3378,X]
[7,F,0.579745,11000000,57.9745,X]
[8,F,0.585605,11000000,58.5605,X]
[32,F,0.605541,00001100,60.5541,X]
[9,F,0.609042,11000000,60.9042,X]
[18,F,0.614902,00110000,61.4902,X]
[33,F,0.617259,00001100,61.7259,X]
[45,F,0.629955,00000011,62.9955,X]
[10,F,0.638339,11000000,63.8339,X]
[46,F,0.653219,00000010,65.3219,X]
[34,F,0.655345,00001100,65.5345,X]
[47,F,0.670797,00000010,67.0797,X]
[51,F,0.707906,00000001,70.7906,X]
[19,F,0.773066,00100000,77.3066,X]
[35,F,0.793259,00001000,79.3259,X]
[20,F,0.811152,00100000,81.1152,X]
[11,F,0.812167,11000000,81.2167,X]
[23,F,0.814081,00010000,81.4081,X]
[48,F,0.816305,00000010,81.6305,X]
[42,F,0.827439,00000100,82.7439,X]
[12,F,0.827706,10000000,82.7706,X]
[36,F,0.829392,00001000,82.9392,X]
[52,F,0.836812,00000001,83.6812,X]
[49,F,0.839742,00000010,83.9742,X]
[21,F,0.840448,00100000,84.0448,X]
[24,F,0.860956,00010000,86.0956,X]
[25,F,0.877558,00010000,87.7558,X]
[43,F,0.888963,00000100,88.8963,X]
[13,F,0.88923,10000000,88.923,X]
[50,F,0.912984,00000010,91.2984,X]
[37,F,0.913377,00001000,91.3377,X]
[38,F,0.929002,00001000,92.9002,X]
[39,F,0.939744,00001000,93.9744,X]
[40,F,0.947556,00001000,94.7556,X]
[41,F,0.958298,00001000,95.8298,X]
[14,F,0.973214,10000000,97.3214,X]
[44,F,0.991502,00000100,99.1502,X]
[22,F,0.992792,00100000,99.2792,X]
GUIDE_TREE_PARTITION1=(((t1:17.62,t2:17.62):53.8,(t3:23.67,t4:23.67):47.75):28.58,((t5:21.26,t6:21.26):30.1,(t7:35.85,t8:35.85):15.51):48.64);
