Taxa bit representation:
t1 10000000
t2 01000000
t3 00100000
t4 00010000
t5 00001000
t6 00000100
t7 00000010
t8 00000001
Clade List (<taxon members> = <clade name>): 

>Dataset_0
[0,F,0.0146484,11110000,1.46484,X]
[1,F,0.15918,11110000,15.918,X]
[47,F,0.16813,00000011,16.813,X]
[2,F,0.175781,11110000,17.5781,X]
[48,F,0.18983,00000010,18.983,X]
[16,F,0.201106,00110000,20.1106,X]
[3,F,0.214778,11000000,21.4778,X]
[4,F,0.224544,11000000,22.4544,X]
[5,F,0.257747,11000000,25.7747,X]
[6,F,0.307552,11000000,30.7552,X]
[17,F,0.317317,00110000,31.7317,X]
[49,F,0.328502,00000010,32.8502,X]
[50,F,0.330455,00000010,33.0455,X]
[57,F,0.345103,00000001,34.5103,X]
[58,F,0.368541,00000001,36.8541,X]
[30,F,0.375161,00001100,37.5161,X]
[51,F,0.381236,00000010,38.1236,X]
[7,F,0.38177,11000000,38.177,X]
[52,F,0.390025,00000010,39.0025,X]
[8,F,0.392512,11000000,39.2512,X]
[53,F,0.398814,00000010,39.8814,X]
[9,F,0.399348,11000000,39.9348,X]
[59,F,0.411509,00000001,41.1509,X]
[18,F,0.456966,00110000,45.6966,X]
[10,F,0.487239,11000000,48.7239,X]
[38,F,0.496284,00000100,49.6284,X]
[31,F,0.50898,00001000,50.898,X]
[19,F,0.54388,00110000,54.388,X]
[60,F,0.544322,00000001,54.4322,X]
[20,F,0.549739,00110000,54.9739,X]
[39,F,0.552925,00000100,55.2925,X]
[11,F,0.565364,11000000,56.5364,X]
[32,F,0.569527,00001000,56.9527,X]
[40,F,0.581245,00000100,58.1245,X]
[33,F,0.585152,00001000,58.5152,X]
[54,F,0.59022,00000010,59.022,X]
[12,F,0.613216,11000000,61.3216,X]
[61,F,0.648814,00000001,64.8814,X]
[55,F,0.660533,00000010,66.0533,X]
[21,F,0.671809,00110000,67.1809,X]
[41,F,0.680855,00000100,68.0855,X]
[34,F,0.709175,00001000,70.9175,X]
[42,F,0.722847,00000100,72.2847,X]
[43,F,0.729683,00000100,72.9683,X]
[24,F,0.732361,00010000,73.2361,X]
[22,F,0.740173,00100000,74.0173,X]
[13,F,0.78802,11000000,78.802,X]
[44,F,0.791206,00000100,79.1206,X]
[62,F,0.791392,00000001,79.1392,X]
[35,F,0.801948,00001000,80.1948,X]
[25,F,0.830994,00010000,83.0994,X]
[23,F,0.844666,00100000,84.4666,X]
[56,F,0.861705,00000010,86.1705,X]
[14,F,0.870052,11000000,87.0052,X]
[26,F,0.887634,00010000,88.7634,X]
[27,F,0.899353,00010000,89.9353,X]
[63,F,0.913463,00000001,91.3463,X]
[15,F,0.914395,10000000,91.4395,X]
[36,F,0.916206,00001000,91.6206,X]
[64,F,0.932994,00000001,93.2994,X]
[37,F,0.963081,00001000,96.3081,X]
[45,F,0.963081,00000100,96.3081,X]
[46,F,0.978706,00000100,97.8706,X]
[28,F,0.982361,00010000,98.2361,X]
[29,F,0.986267,00010000,98.6267,X]
GUIDE_TREE_PARTITION1=(((t1:9.83,t2:9.83):70.45,(t3:29.01,t4:29.01):51.27):19.72,((t5:52.52,t6:52.52):43.46,(t7:81.31,t8:81.31):14.67):4.02);
