Taxa bit representation:
t1 10000000
t2 01000000
t3 00100000
t4 00010000
t5 00001000
t6 00000100
t7 00000010
t8 00000001
Clade List (<taxon members> = <clade name>): 

>Dataset_0
[35,F,0.0498047,00000001,4.98047,X]
[36,F,0.161133,00000001,16.1133,X]
[0,F,0.187755,11111000,18.7755,X]
[28,F,0.193723,00000010,19.3723,X]
[25,F,0.194591,00000100,19.4591,X]
[1,F,0.263927,11111000,26.3927,X]
[37,F,0.271484,00000001,27.1484,X]
[29,F,0.338255,00000010,33.8255,X]
[2,F,0.347911,11111000,34.7911,X]
[38,F,0.419922,00000001,41.9922,X]
[39,F,0.421875,00000001,42.1875,X]
[18,F,0.424998,00001000,42.4998,X]
[19,F,0.465037,00001000,46.5037,X]
[30,F,0.492552,00000010,49.2552,X]
[40,F,0.508789,00000001,50.8789,X]
[3,F,0.555858,11110000,55.5858,X]
[20,F,0.602733,00001000,60.2733,X]
[21,F,0.610545,00001000,61.0545,X]
[31,F,0.651731,00000010,65.1731,X]
[15,F,0.659123,00010000,65.9123,X]
[4,F,0.681584,11100000,68.1584,X]
[22,F,0.707225,00001000,70.7225,X]
[16,F,0.724553,00010000,72.4553,X]
[41,F,0.730469,00000001,73.0469,X]
[5,F,0.739508,11000000,73.9508,X]
[26,F,0.743419,00000100,74.3419,X]
[6,F,0.780523,11000000,78.0523,X]
[27,F,0.818614,00000100,81.8614,X]
[12,F,0.858648,00100000,85.8648,X]
[13,F,0.880133,00100000,88.0133,X]
[42,F,0.892578,00000001,89.2578,X]
[14,F,0.911383,00100000,91.1383,X]
[17,F,0.924748,00010000,92.4748,X]
[23,F,0.924998,00001000,92.4998,X]
[7,F,0.926031,11000000,92.6031,X]
[9,F,0.93163,01000000,93.163,X]
[43,F,0.935547,00000001,93.5547,X]
[44,F,0.947266,00000001,94.7266,X]
[32,F,0.948606,00000010,94.8606,X]
[24,F,0.949412,00001000,94.9412,X]
[33,F,0.959348,00000010,95.9348,X]
[34,F,0.961302,00000010,96.1302,X]
[45,F,0.961914,00000001,96.1914,X]
[10,F,0.978505,01000000,97.8505,X]
[8,F,0.989247,10000000,98.9247,X]
[46,F,0.994141,00000001,99.4141,X]
[11,F,0.998036,01000000,99.8036,X]
GUIDE_TREE_PARTITION1=(((((((t1:7.13,t2:7.13):20.97,t3:28.1):12.14,t4:40.24):21.85,t5:62.09):20.99,t6:83.08):9.95,t7:93.03):6.97,t8:100);
