Taxa bit representation:
t1 10000000
t2 01000000
t3 00100000
t4 00010000
t5 00001000
t6 00000100
t7 00000010
t8 00000001
Clade List (<taxon members> = <clade name>): 

>Dataset_0
[0,F,0.00195312,11111110,0.195312,X]
[1,F,0.0234375,11111110,2.34375,X]
[2,F,0.0380859,11111110,3.80859,X]
[3,F,0.0634766,11111110,6.34766,X]
[102,F,0.0683594,00000001,6.83594,X]
[4,F,0.0849609,11111110,8.49609,X]
[5,F,0.0908203,11111110,9.08203,X]
[6,F,0.0957031,11111110,9.57031,X]
[7,F,0.112305,11111110,11.2305,X]
[8,F,0.132812,11111110,13.2812,X]
[84,F,0.167797,00000010,16.7797,X]
[103,F,0.174805,00000001,17.4805,X]
[9,F,0.210766,11111100,21.0766,X]
[10,F,0.242992,11111100,24.2992,X]
[11,F,0.279125,11111100,27.9125,X]
[85,F,0.280102,00000010,28.0102,X]
[104,F,0.283203,00000001,28.3203,X]
[105,F,0.286133,00000001,28.6133,X]
[86,F,0.288891,00000010,28.8891,X]
[87,F,0.29475,00000010,29.475,X]
[12,F,0.334892,11111000,33.4892,X]
[64,F,0.343681,00000100,34.3681,X]
[88,F,0.345531,00000010,34.5531,X]
[13,F,0.351494,11111000,35.1494,X]
[106,F,0.356445,00000001,35.6445,X]
[65,F,0.35833,00000100,35.833,X]
[66,F,0.361259,00000100,36.1259,X]
[107,F,0.385742,00000001,38.5742,X]
[14,F,0.400322,11111000,40.0322,X]
[108,F,0.431641,00000001,43.1641,X]
[15,F,0.448084,11110000,44.8084,X]
[35,F,0.459206,00010000,45.9206,X]
[36,F,0.464089,00010000,46.4089,X]
[44,F,0.476405,00001000,47.6405,X]
[45,F,0.49203,00001000,49.203,X]
[37,F,0.498269,00010000,49.8269,X]
[46,F,0.498866,00001000,49.8866,X]
[67,F,0.507744,00000100,50.7744,X]
[68,F,0.50872,00000100,50.872,X]
[16,F,0.510964,11100000,51.0964,X]
[47,F,0.516444,00001000,51.6444,X]
[48,F,0.51742,00001000,51.742,X]
[109,F,0.522461,00000001,52.2461,X]
[110,F,0.533203,00000001,53.3203,X]
[111,F,0.545898,00000001,54.5898,X]
[89,F,0.550609,00000010,55.0609,X]
[90,F,0.556469,00000010,55.6469,X]
[38,F,0.564675,00010000,56.4675,X]
[91,F,0.570141,00000010,57.0141,X]
[49,F,0.575037,00001000,57.5037,X]
[92,F,0.577953,00000010,57.7953,X]
[50,F,0.577967,00001000,57.7967,X]
[69,F,0.578056,00000100,57.8056,X]
[70,F,0.586845,00000100,58.6845,X]
[17,F,0.592019,11100000,59.2019,X]
[112,F,0.59375,00000001,59.375,X]
[71,F,0.599541,00000100,59.9541,X]
[18,F,0.602761,11100000,60.2761,X]
[51,F,0.6141,00001000,61.41,X]
[93,F,0.616039,00000010,61.6039,X]
[52,F,0.616053,00001000,61.6053,X]
[113,F,0.62207,00000001,62.207,X]
[94,F,0.626781,00000010,62.6781,X]
[39,F,0.634988,00010000,63.4988,X]
[72,F,0.645439,00000100,64.5439,X]
[114,F,0.645508,00000001,64.5508,X]
[115,F,0.650391,00000001,65.0391,X]
[73,F,0.657158,00000100,65.7158,X]
[74,F,0.662041,00000100,66.2041,X]
[40,F,0.666238,00010000,66.6238,X]
[95,F,0.668773,00000010,66.8773,X]
[53,F,0.6766,00001000,67.66,X]
[75,F,0.692314,00000100,69.2314,X]
[116,F,0.705078,00000001,70.5078,X]
[76,F,0.709892,00000100,70.9892,X]
[54,F,0.712733,00001000,71.2733,X]
[55,F,0.714686,00001000,71.4686,X]
[77,F,0.725517,00000100,72.5517,X]
[96,F,0.747875,00000010,74.7875,X]
[19,F,0.753152,11100000,75.3152,X]
[117,F,0.761719,00000001,76.1719,X]
[41,F,0.771706,00010000,77.1706,X]
[118,F,0.77832,00000001,77.832,X]
[97,F,0.781078,00000010,78.1078,X]
[56,F,0.781092,00001000,78.1092,X]
[57,F,0.803553,00001000,80.3553,X]
[119,F,0.804688,00000001,80.4688,X]
[120,F,0.806641,00000001,80.6641,X]
[121,F,0.814453,00000001,81.4453,X]
[78,F,0.816337,00000100,81.6337,X]
[58,F,0.830897,00001000,83.0897,X]
[20,F,0.832253,11100000,83.2253,X]
[98,F,0.835766,00000010,83.5766,X]
[42,F,0.837136,00010000,83.7136,X]
[99,F,0.840648,00000010,84.0648,X]
[59,F,0.845545,00001000,84.5545,X]
[21,F,0.850808,11100000,85.0808,X]
[60,F,0.852381,00001000,85.2381,X]
[79,F,0.857353,00000100,85.7353,X]
[22,F,0.857644,11100000,85.7644,X]
[80,F,0.862236,00000100,86.2236,X]
[43,F,0.86448,00010000,86.448,X]
[81,F,0.874931,00000100,87.4931,X]
[23,F,0.879108,11000000,87.9108,X]
[30,F,0.883014,00100000,88.3014,X]
[122,F,0.889648,00000001,88.9648,X]
[31,F,0.890827,00100000,89.0827,X]
[100,F,0.894359,00000010,89.4359,X]
[101,F,0.900219,00000010,90.0219,X]
[123,F,0.902344,00000001,90.2344,X]
[82,F,0.909111,00000100,90.9111,X]
[32,F,0.909381,00100000,90.9381,X]
[33,F,0.911334,00100000,91.1334,X]
[34,F,0.922077,00100000,92.2077,X]
[24,F,0.94117,10000000,94.117,X]
[25,F,0.942147,10000000,94.2147,X]
[27,F,0.942147,01000000,94.2147,X]
[28,F,0.948983,01000000,94.8983,X]
[61,F,0.950037,00001000,95.0037,X]
[62,F,0.96078,00001000,96.078,X]
[29,F,0.97828,01000000,97.828,X]
[26,F,0.982186,10000000,98.2186,X]
[83,F,0.982353,00000100,98.2353,X]
[63,F,0.998866,00001000,99.8866,X]
GUIDE_TREE_PARTITION1=(((((((t1:11.84,t2:11.84):2.3,t3:14.14):40.33,t4:54.47):2.87,t5:57.34):13.37,t6:70.71):15.44,t7:86.15):13.85,t8:100);
