Taxa bit representation:
t1 10000000
t2 01000000
t3 00100000
t4 00010000
t5 00001000
t6 00000100
t7 00000010
t8 00000001
Clade List (<taxon members> = <clade name>): 

>Dataset_0
[35,F,0.00585938,00001111,0.585938,X]
[36,F,0.0429688,00001111,4.29688,X]
[0,F,0.143555,11110000,14.3555,X]
[1,F,0.15918,11110000,15.918,X]
[37,F,0.216797,00001111,21.6797,X]
[21,F,0.323322,00110000,32.3322,X]
[38,F,0.351562,00001111,35.1562,X]
[2,F,0.377706,10000000,37.7706,X]
[13,F,0.421652,01000000,42.1652,X]
[26,F,0.456353,00010000,45.6353,X]
[3,F,0.462667,10000000,46.2667,X]
[27,F,0.464166,00010000,46.4166,X]
[28,F,0.466119,00010000,46.6119,X]
[39,F,0.480469,00001111,48.0469,X]
[4,F,0.493917,10000000,49.3917,X]
[40,F,0.515127,00001100,51.5127,X]
[41,F,0.530752,00001100,53.0752,X]
[14,F,0.551534,01000000,55.1534,X]
[29,F,0.57647,00010000,57.647,X]
[15,F,0.585714,01000000,58.5714,X]
[30,F,0.596978,00010000,59.6978,X]
[31,F,0.604791,00010000,60.4791,X]
[5,F,0.605245,10000000,60.5245,X]
[16,F,0.668722,01000000,66.8722,X]
[22,F,0.691705,00100000,69.1705,X]
[50,F,0.707509,00000011,70.7509,X]
[32,F,0.719048,00010000,71.9048,X]
[6,F,0.725362,10000000,72.5362,X]
[7,F,0.727316,10000000,72.7316,X]
[33,F,0.731744,00010000,73.1744,X]
[34,F,0.742486,00010000,74.2486,X]
[8,F,0.743917,10000000,74.3917,X]
[42,F,0.76122,00001100,76.122,X]
[9,F,0.800558,10000000,80.0558,X]
[43,F,0.810048,00001100,81.0048,X]
[17,F,0.820089,01000000,82.0089,X]
[18,F,0.849386,01000000,84.9386,X]
[44,F,0.851064,00001100,85.1064,X]
[45,F,0.860413,00001000,86.0413,X]
[23,F,0.882134,00100000,88.2134,X]
[10,F,0.883566,10000000,88.3566,X]
[48,F,0.88385,00000100,88.385,X]
[11,F,0.885519,10000000,88.5519,X]
[46,F,0.898498,00001000,89.8498,X]
[19,F,0.90212,01000000,90.212,X]
[24,F,0.915337,00100000,91.5337,X]
[49,F,0.919006,00000100,91.9006,X]
[20,F,0.919698,01000000,91.9698,X]
[25,F,0.929009,00100000,92.9009,X]
[51,F,0.931142,00000011,93.1142,X]
[12,F,0.940206,10000000,94.0206,X]
[47,F,0.992248,00001000,99.2248,X]
GUIDE_TREE_PARTITION1=(((t1:68.87,t2:68.87):3.29,(t3:67.06,t4:67.06):5.1):27.84,((t5:14.74,t6:14.74):36.97,(t7:1.62,t8:1.62):50.09):48.29);
