Taxa bit representation:
t1 10000000
t2 01000000
t3 00100000
t4 00010000
t5 00001000
t6 00000100
t7 00000010
t8 00000001
Clade List (<taxon members> = <clade name>): 

>Dataset_0
[0,F,0.0253906,11111110,2.53906,X]
[17,F,0.0566406,00000001,5.66406,X]
[14,F,0.225789,00000010,22.5789,X]
[15,F,0.257039,00000010,25.7039,X]
[9,F,0.390777,00001000,39.0777,X]
[18,F,0.435547,00000001,43.5547,X]
[6,F,0.510158,00010000,51.0158,X]
[1,F,0.557033,11100000,55.7033,X]
[13,F,0.569387,00000100,56.9387,X]
[10,F,0.573394,00001000,57.3394,X]
[19,F,0.584961,00000001,58.4961,X]
[2,F,0.594142,11100000,59.4142,X]
[3,F,0.605861,11100000,60.5861,X]
[20,F,0.724609,00000001,72.4609,X]
[7,F,0.730861,00010000,73.0861,X]
[16,F,0.740437,00000010,74.0438,X]
[4,F,0.7407,11000000,74.07,X]
[21,F,0.786133,00000001,78.6133,X]
[5,F,0.80027,00100000,80.027,X]
[8,F,0.815822,00010000,81.5822,X]
[11,F,0.847808,00001000,84.7808,X]
[12,F,0.937652,00001000,93.7652,X]
[22,F,0.975586,00000001,97.5586,X]
GUIDE_TREE_PARTITION1=(((((((t1:3.05,t2:3.05):29.13,t3:32.18):21.98,t4:54.16):13.11,t5:67.27):0.01,t6:67.28):17.27,t7:84.55):15.45,t8:100);
