Taxa bit representation:
t1 10000000
t2 01000000
t3 00100000
t4 00010000
t5 00001000
t6 00000100
t7 00000010
t8 00000001
Clade List (<taxon members> = <clade name>): 

>Dataset_0
[0,F,0.0751953,11111100,7.51953,X]
[13,F,0.164062,00000011,16.4062,X]
[14,F,0.237341,00000010,23.7341,X]
[6,F,0.24922,00001100,24.922,X]
[1,F,0.31172,11110000,31.172,X]
[15,F,0.373083,00000010,37.3083,X]
[7,F,0.446486,00001100,44.6486,X]
[18,F,0.532262,00000001,53.2262,X]
[2,F,0.553908,11110000,55.3908,X]
[4,F,0.630905,00010000,63.0905,X]
[19,F,0.641637,00000001,64.1637,X]
[16,F,0.647497,00000010,64.7497,X]
[8,F,0.647658,00001100,64.7658,X]
[9,F,0.736525,00001100,73.6525,X]
[20,F,0.742223,00000001,74.2223,X]
[17,F,0.756872,00000010,75.6872,X]
[21,F,0.798864,00000001,79.8864,X]
[22,F,0.816442,00000001,81.6442,X]
[12,F,0.82557,00000100,82.557,X]
[5,F,0.843795,00010000,84.3795,X]
[3,F,0.853219,01000000,85.3219,X]
[10,F,0.932016,00001000,93.2016,X]
[11,F,0.952523,00001000,95.2523,X]
GUIDE_TREE_PARTITION1=(((((t1:15.85,t2:15.85):5.69,t3:21.54):20.35,t4:41.89):36.02,(t5:23.4,t6:23.4):54.51):22.09,(t7:81.93,t8:81.93):18.07);
