Taxa bit representation:
t1 10000000
t2 01000000
t3 00100000
t4 00010000
t5 00001000
t6 00000100
t7 00000010
t8 00000001
Clade List (<taxon members> = <clade name>): 

>Dataset_0
[7,F,0.0585938,00001111,5.85938,X]
[0,F,0.107422,11110000,10.7422,X]
[8,F,0.15918,00001111,15.918,X]
[2,F,0.41088,00110000,41.088,X]
[13,F,0.437013,00000011,43.7013,X]
[3,F,0.506583,00110000,50.6583,X]
[9,F,0.516114,00001100,51.6114,X]
[1,F,0.601691,10000000,60.1691,X]
[14,F,0.643191,00000001,64.3191,X]
[10,F,0.65088,00001100,65.088,X]
[11,F,0.677247,00001100,67.7247,X]
[5,F,0.728217,00010000,72.8217,X]
[12,F,0.79822,00001000,79.822,X]
[6,F,0.801459,00010000,80.1459,X]
[4,F,0.938178,00100000,93.8178,X]
GUIDE_TREE_PARTITION1=(((t1:48.62,t2:48.62):13.71,(t3:32.94,t4:32.94):29.39):37.67,((t5:29.26,t6:29.26):40.32,(t7:38.22,t8:38.22):31.36):30.42);
