Taxa bit representation:
t1 10000000
t2 01000000
t3 00100000
t4 00010000
t5 00001000
t6 00000100
t7 00000010
t8 00000001
Clade List (<taxon members> = <clade name>): 

>Dataset_0
[0,F,0.0566406,11111110,5.66406,X]
[19,F,0.21582,00000001,21.582,X]
[15,F,0.247094,00000010,24.7094,X]
[12,F,0.297962,00000100,29.7962,X]
[16,F,0.320336,00000010,32.0336,X]
[13,F,0.346791,00000100,34.6791,X]
[1,F,0.387806,11111000,38.7806,X]
[17,F,0.565453,00000010,56.5453,X]
[20,F,0.588867,00000001,58.8867,X]
[21,F,0.630859,00000001,63.0859,X]
[18,F,0.739281,00000010,73.9281,X]
[2,F,0.757019,10000000,75.7019,X]
[8,F,0.757756,00100000,75.7756,X]
[14,F,0.796986,00000100,79.6986,X]
[4,F,0.80487,01000000,80.487,X]
[3,F,0.8078,10000000,80.78,X]
[9,F,0.834905,00100000,83.4905,X]
[5,F,0.851745,01000000,85.1745,X]
[22,F,0.853516,00000001,85.3516,X]
[10,F,0.854441,00010000,85.4441,X]
[11,F,0.906683,00001000,90.6683,X]
[6,F,0.917175,01000000,91.7175,X]
[7,F,0.920105,01000000,92.0105,X]
GUIDE_TREE_PARTITION1=(((((((t1:31.72,t2:31.72):2.27,t3:33.99):23.73,t4:57.72):2.1,t5:59.82):20.54,t6:80.36):0.79,t7:81.15):18.85,t8:100);
