Taxa bit representation:
t1 10000000
t2 01000000
t3 00100000
t4 00010000
t5 00001000
t6 00000100
t7 00000010
t8 00000001
Clade List (<taxon members> = <clade name>): 

>Dataset_0
[0,F,0.0634766,11111110,6.34766,X]
[1,F,0.0908203,11111110,9.08203,X]
[2,F,0.101562,11111110,10.1562,X]
[3,F,0.165039,11111100,16.5039,X]
[4,F,0.204102,11111100,20.4102,X]
[5,F,0.258333,11111000,25.8333,X]
[6,F,0.259309,11111000,25.9309,X]
[7,F,0.37845,11111000,37.845,X]
[16,F,0.490234,00000010,49.0234,X]
[17,F,0.548828,00000010,54.8828,X]
[12,F,0.594,00010000,59.4,X]
[8,F,0.640541,10000000,64.0541,X]
[18,F,0.646484,00000010,64.6484,X]
[10,F,0.716508,00100000,71.6508,X]
[14,F,0.720011,00001000,72.0011,X]
[19,F,0.737305,00000010,73.7305,X]
[13,F,0.782477,00010000,78.2477,X]
[15,F,0.792512,00000100,79.2512,X]
[20,F,0.803711,00000010,80.3711,X]
[21,F,0.875,00000001,87.5,X]
[9,F,0.954994,10000000,95.4994,X]
[11,F,0.993852,00100000,99.3852,X]
GUIDE_TREE_PARTITION1=(((((((t1:41.61,t2:41.61):1.29,t3:42.9):3.95,t4:46.85):5.27,t5:52.12):25.66,t6:77.78):9.72,t7:87.5):12.5,t8:100);
