Taxa bit representation:
t1 10000000
t2 01000000
t3 00100000
t4 00010000
t5 00001000
t6 00000100
t7 00000010
t8 00000001
Clade List (<taxon members> = <clade name>): 

>Dataset_0
[0,F,0.0107422,11111100,1.07422,X]
[1,F,0.0214844,11111100,2.14844,X]
[36,F,0.0810547,00000011,8.10547,X]
[37,F,0.146484,00000011,14.6484,X]
[2,F,0.158153,11110000,15.8153,X]
[3,F,0.19038,11110000,19.038,X]
[4,F,0.246044,11110000,24.6044,X]
[38,F,0.318359,00000011,31.8359,X]
[5,F,0.326917,11100000,32.6917,X]
[6,F,0.336683,11100000,33.6683,X]
[15,F,0.388902,00100000,38.8902,X]
[39,F,0.428711,00000011,42.8711,X]
[7,F,0.4348,11000000,43.48,X]
[28,F,0.539013,00001100,53.9012,X]
[29,F,0.539989,00001100,53.9989,X]
[30,F,0.560497,00001100,56.0497,X]
[40,F,0.560547,00000011,56.0547,X]
[41,F,0.609375,00000011,60.9375,X]
[20,F,0.616956,00010000,61.6956,X]
[21,F,0.631605,00010000,63.1605,X]
[22,F,0.656019,00010000,65.6019,X]
[42,F,0.68457,00000011,68.457,X]
[23,F,0.701917,00010000,70.1917,X]
[43,F,0.704102,00000011,70.4102,X]
[16,F,0.711167,00100000,71.1167,X]
[44,F,0.713867,00000011,71.3867,X]
[24,F,0.728284,00010000,72.8284,X]
[31,F,0.742972,00000100,74.2972,X]
[49,F,0.743891,00000001,74.3891,X]
[11,F,0.767706,01000000,76.7706,X]
[25,F,0.777112,00010000,77.7112,X]
[26,F,0.80348,00010000,80.348,X]
[50,F,0.825922,00000001,82.5922,X]
[45,F,0.831781,00000010,83.1781,X]
[51,F,0.8435,00000001,84.35,X]
[12,F,0.844855,01000000,84.4855,X]
[32,F,0.845511,00000100,84.5511,X]
[17,F,0.845933,00100000,84.5933,X]
[13,F,0.863409,01000000,86.3409,X]
[52,F,0.865961,00000001,86.5961,X]
[53,F,0.876703,00000001,87.6703,X]
[27,F,0.879652,00010000,87.9652,X]
[8,F,0.880011,10000000,88.0011,X]
[18,F,0.880112,00100000,88.0112,X]
[19,F,0.888902,00100000,88.8902,X]
[33,F,0.891409,00000100,89.1409,X]
[46,F,0.897211,00000010,89.7211,X]
[9,F,0.897589,10000000,89.7589,X]
[10,F,0.898566,10000000,89.8566,X]
[54,F,0.90893,00000001,90.893,X]
[55,F,0.915766,00000001,91.5766,X]
[34,F,0.921683,00000100,92.1683,X]
[35,F,0.940237,00000100,94.0237,X]
[47,F,0.947992,00000010,94.7992,X]
[56,F,0.962641,00000001,96.2641,X]
[14,F,0.989386,01000000,98.9386,X]
[48,F,0.994867,00000010,99.4867,X]
GUIDE_TREE_PARTITION1=(((((t1:29.87,t2:29.87):32.9,t3:62.77):10.3,t4:73.07):11.31,(t5:27.07,t6:27.07):57.31):15.62,(t7:28.15,t8:28.15):71.85);
