Taxa bit representation:
t1 10000000
t2 01000000
t3 00100000
t4 00010000
t5 00001000
t6 00000100
t7 00000010
t8 00000001
Clade List (<taxon members> = <clade name>): 

>Dataset_0
[88,F,0.0135531,00000010,1.35531,X]
[0,F,0.04285,11111100,4.285,X]
[1,F,0.0457797,11111100,4.57797,X]
[89,F,0.0672641,00000010,6.72641,X]
[90,F,0.0926547,00000010,9.26547,X]
[91,F,0.10535,00000010,10.535,X]
[2,F,0.129764,11111100,12.9764,X]
[109,F,0.194336,00000001,19.4336,X]
[92,F,0.201053,00000010,20.1053,X]
[93,F,0.203983,00000010,20.3983,X]
[110,F,0.211914,00000001,21.1914,X]
[111,F,0.236328,00000001,23.6328,X]
[71,F,0.259314,00000100,25.9314,X]
[112,F,0.291016,00000001,29.1016,X]
[113,F,0.299805,00000001,29.9805,X]
[114,F,0.301758,00000001,30.1758,X]
[115,F,0.3125,00000001,31.25,X]
[116,F,0.318359,00000001,31.8359,X]
[117,F,0.320312,00000001,32.0312,X]
[94,F,0.325077,00000010,32.5077,X]
[95,F,0.328983,00000010,32.8983,X]
[3,F,0.333589,11110000,33.3589,X]
[4,F,0.337495,11110000,33.7495,X]
[96,F,0.340702,00000010,34.0702,X]
[5,F,0.345308,11110000,34.5308,X]
[97,F,0.346561,00000010,34.6561,X]
[6,F,0.367769,11110000,36.7769,X]
[72,F,0.374548,00000100,37.4548,X]
[7,F,0.376558,11110000,37.6558,X]
[73,F,0.386267,00000100,38.6267,X]
[98,F,0.387577,00000010,38.7577,X]
[8,F,0.396089,11110000,39.6089,X]
[9,F,0.402925,11110000,40.2925,X]
[57,F,0.407808,00001000,40.7808,X]
[10,F,0.412691,11110000,41.2691,X]
[11,F,0.41562,11110000,41.562,X]
[118,F,0.421875,00000001,42.1875,X]
[74,F,0.424353,00000100,42.4353,X]
[12,F,0.434175,11110000,43.4175,X]
[75,F,0.452673,00000100,45.2673,X]
[99,F,0.459842,00000010,45.9842,X]
[45,F,0.463648,00010000,46.3648,X]
[46,F,0.476344,00010000,47.6344,X]
[100,F,0.48035,00000010,48.035,X]
[119,F,0.481445,00000001,48.1445,X]
[47,F,0.488062,00010000,48.8062,X]
[13,F,0.499781,11100000,49.9781,X]
[101,F,0.499881,00000010,49.9881,X]
[58,F,0.506441,00001000,50.6441,X]
[48,F,0.506617,00010000,50.6617,X]
[14,F,0.531031,11100000,53.1031,X]
[120,F,0.537109,00000001,53.7109,X]
[76,F,0.54447,00000100,54.447,X]
[15,F,0.546656,11100000,54.6656,X]
[77,F,0.561072,00000100,56.1072,X]
[121,F,0.576172,00000001,57.6172,X]
[59,F,0.57773,00001000,57.773,X]
[122,F,0.579102,00000001,57.9102,X]
[49,F,0.584742,00010000,58.4742,X]
[16,F,0.600367,11100000,60.0367,X]
[60,F,0.615816,00001000,61.5816,X]
[123,F,0.633789,00000001,63.3789,X]
[124,F,0.635742,00000001,63.5742,X]
[17,F,0.643336,11100000,64.3336,X]
[78,F,0.646033,00000100,64.6033,X]
[18,F,0.650172,11100000,65.0172,X]
[79,F,0.651892,00000100,65.1892,X]
[19,F,0.663844,11100000,66.3844,X]
[61,F,0.685152,00001000,68.5152,X]
[80,F,0.690955,00000100,69.0955,X]
[20,F,0.69607,11100000,69.607,X]
[125,F,0.705078,00000001,70.5078,X]
[21,F,0.706812,11100000,70.6812,X]
[62,F,0.723237,00001000,72.3237,X]
[50,F,0.729273,00010000,72.9273,X]
[126,F,0.731445,00000001,73.1445,X]
[102,F,0.735233,00000010,73.5233,X]
[81,F,0.738806,00000100,73.8806,X]
[63,F,0.752534,00001000,75.2534,X]
[22,F,0.757594,11100000,75.7594,X]
[103,F,0.762577,00000010,76.2577,X]
[127,F,0.769531,00000001,76.9531,X]
[82,F,0.771033,00000100,77.1033,X]
[104,F,0.772342,00000010,77.2342,X]
[128,F,0.780273,00000001,78.0273,X]
[23,F,0.78982,11100000,78.982,X]
[105,F,0.793827,00000010,79.3827,X]
[106,F,0.813358,00000010,81.3358,X]
[83,F,0.816931,00000100,81.6931,X]
[51,F,0.819117,00010000,81.9117,X]
[84,F,0.821814,00000100,82.1814,X]
[129,F,0.822266,00000001,82.2266,X]
[107,F,0.831912,00000010,83.1912,X]
[24,F,0.836442,11000000,83.6442,X]
[25,F,0.837419,11000000,83.7419,X]
[37,F,0.841325,00100000,84.1325,X]
[64,F,0.841402,00001000,84.1402,X]
[65,F,0.842378,00001000,84.2378,X]
[26,F,0.843278,11000000,84.3278,X]
[52,F,0.851344,00010000,85.1344,X]
[85,F,0.855017,00000100,85.5017,X]
[27,F,0.862283,10000000,86.2283,X]
[38,F,0.864762,00100000,86.4762,X]
[86,F,0.865759,00000100,86.5759,X]
[28,F,0.866189,10000000,86.6189,X]
[39,F,0.871598,00100000,87.1598,X]
[40,F,0.872575,00100000,87.2575,X]
[66,F,0.874605,00001000,87.4605,X]
[67,F,0.878511,00001000,87.8511,X]
[41,F,0.881364,00100000,88.1364,X]
[32,F,0.882791,01000000,88.2791,X]
[33,F,0.883767,01000000,88.3767,X]
[53,F,0.885523,00010000,88.5523,X]
[34,F,0.895486,01000000,89.5486,X]
[35,F,0.898416,01000000,89.8416,X]
[68,F,0.911714,00001000,91.1714,X]
[29,F,0.917947,10000000,91.7947,X]
[54,F,0.925562,00010000,92.5562,X]
[42,F,0.932145,00100000,93.2145,X]
[108,F,0.942264,00000010,94.2264,X]
[69,F,0.956636,00001000,95.6636,X]
[36,F,0.966775,01000000,96.6775,X]
[55,F,0.975367,00010000,97.5367,X]
[43,F,0.976091,00100000,97.6091,X]
[70,F,0.983003,00001000,98.3003,X]
[56,F,0.986109,00010000,98.6109,X]
[30,F,0.987283,10000000,98.7283,X]
[87,F,0.98783,00000100,98.783,X]
[31,F,0.992166,10000000,99.2166,X]
[44,F,0.996598,00100000,99.6598,X]
GUIDE_TREE_PARTITION1=(((((((t1:14.26,t2:14.26):3.17,t3:17.43):37.67,t4:55.1):12.42,t5:67.52):8.99,t6:76.51):22.33,t7:98.84):1.16,t8:100);
