Taxa bit representation:
t1 10000000
t2 01000000
t3 00100000
t4 00010000
t5 00001000
t6 00000100
t7 00000010
t8 00000001
Clade List (<taxon members> = <clade name>): 

>Dataset_0
[0,F,0.0185547,11111110,1.85547,X]
[1,F,0.0253906,11111110,2.53906,X]
[29,F,0.0930625,00000010,9.30625,X]
[2,F,0.116623,11111000,11.6623,X]
[3,F,0.144944,11111000,14.4944,X]
[44,F,0.179688,00000001,17.9688,X]
[20,F,0.186936,00000100,18.6936,X]
[21,F,0.187913,00000100,18.7913,X]
[30,F,0.231734,00000010,23.1734,X]
[45,F,0.234375,00000001,23.4375,X]
[46,F,0.244141,00000001,24.4141,X]
[47,F,0.24707,00000001,24.707,X]
[48,F,0.254883,00000001,25.4883,X]
[22,F,0.256272,00000100,25.6272,X]
[23,F,0.274827,00000100,27.4827,X]
[31,F,0.317672,00000010,31.7672,X]
[4,F,0.334397,11111000,33.4397,X]
[32,F,0.384078,00000010,38.4078,X]
[49,F,0.389648,00000001,38.9648,X]
[33,F,0.429,00000010,42.9,X]
[34,F,0.443648,00000010,44.3648,X]
[35,F,0.454391,00000010,45.4391,X]
[36,F,0.467086,00000010,46.7086,X]
[5,F,0.472092,11111000,47.2092,X]
[50,F,0.492188,00000001,49.2188,X]
[51,F,0.494141,00000001,49.4141,X]
[37,F,0.495406,00000010,49.5406,X]
[6,F,0.516038,11111000,51.6038,X]
[38,F,0.607711,00000010,60.7711,X]
[39,F,0.611617,00000010,61.1617,X]
[24,F,0.618577,00000100,61.8577,X]
[40,F,0.640914,00000010,64.0914,X]
[7,F,0.655827,11100000,65.5827,X]
[16,F,0.682194,00010000,68.2194,X]
[25,F,0.689866,00000100,68.9866,X]
[52,F,0.717773,00000001,71.7773,X]
[8,F,0.726139,11100000,72.6139,X]
[41,F,0.763961,00000010,76.3961,X]
[9,F,0.769108,11100000,76.9108,X]
[10,F,0.784733,11100000,78.4733,X]
[42,F,0.80107,00000010,80.107,X]
[18,F,0.806691,00001000,80.6691,X]
[19,F,0.80962,00001000,80.962,X]
[11,F,0.827827,11000000,82.7827,X]
[53,F,0.833984,00000001,83.3984,X]
[12,F,0.834663,11000000,83.4663,X]
[43,F,0.857711,00000010,85.7711,X]
[13,F,0.862006,00100000,86.2006,X]
[54,F,0.869141,00000001,86.9141,X]
[14,F,0.878608,00100000,87.8608,X]
[26,F,0.904709,00000100,90.4709,X]
[15,F,0.95185,00100000,95.185,X]
[17,F,0.955631,00010000,95.5631,X]
[27,F,0.978928,00000100,97.8928,X]
[28,F,0.987717,00000100,98.7717,X]
GUIDE_TREE_PARTITION1=(((((((t1:7.43,t2:7.43):13.01,t3:20.44):23.45,t4:43.89):2.98,t5:46.87):47.62,t6:94.49):0.11,t7:94.6):5.4,t8:100);
