Taxa bit representation:
t1 10000000
t2 01000000
t3 00100000
t4 00010000
t5 00001000
t6 00000100
t7 00000010
t8 00000001
Clade List (<taxon members> = <clade name>): 

>Dataset_0
[8,F,0.295898,00000011,29.5898,X]
[0,F,0.308594,11111100,30.8594,X]
[9,F,0.348633,00000011,34.8633,X]
[10,F,0.417969,00000011,41.7969,X]
[11,F,0.555664,00000011,55.5664,X]
[4,F,0.600995,00001100,60.0995,X]
[12,F,0.69317,00000010,69.317,X]
[5,F,0.719159,00001100,71.9159,X]
[6,F,0.727948,00001100,72.7948,X]
[7,F,0.743573,00001100,74.3573,X]
[13,F,0.798639,00000010,79.8639,X]
[2,F,0.955897,00100000,95.5897,X]
[1,F,0.980853,10000000,98.0853,X]
[3,F,0.996912,00100000,99.6912,X]
GUIDE_TREE_PARTITION1=(((((t1:2.11,t2:2.11):5.23,t3:7.34):11.24,t4:18.58):28.84,(t5:14.92,t6:14.92):32.5):52.58,(t7:42.89,t8:42.89):57.11);
