Taxa bit representation:
t1 10000000
t2 01000000
t3 00100000
t4 00010000
t5 00001000
t6 00000100
t7 00000010
t8 00000001
Clade List (<taxon members> = <clade name>): 

>Dataset_0
[68,F,0.0283203,00000011,2.83203,X]
[0,F,0.0361328,11111100,3.61328,X]
[69,F,0.0419922,00000011,4.19922,X]
[1,F,0.0595703,11111100,5.95703,X]
[2,F,0.0605469,11111100,6.05469,X]
[70,F,0.0664062,00000011,6.64062,X]
[71,F,0.0751953,00000011,7.51953,X]
[72,F,0.101562,00000011,10.1562,X]
[3,F,0.104492,11111100,10.4492,X]
[73,F,0.125977,00000011,12.5977,X]
[74,F,0.142578,00000011,14.2578,X]
[75,F,0.145508,00000011,14.5508,X]
[76,F,0.166016,00000011,16.6016,X]
[77,F,0.171875,00000011,17.1875,X]
[78,F,0.18457,00000011,18.457,X]
[79,F,0.197266,00000011,19.7266,X]
[80,F,0.203125,00000011,20.3125,X]
[81,F,0.208008,00000011,20.8008,X]
[4,F,0.222656,11111100,22.2656,X]
[82,F,0.239258,00000011,23.9258,X]
[83,F,0.250977,00000011,25.0977,X]
[84,F,0.324219,00000011,32.4219,X]
[85,F,0.34668,00000011,34.668,X]
[42,F,0.347144,00001100,34.7144,X]
[86,F,0.359375,00000011,35.9375,X]
[87,F,0.37207,00000011,37.207,X]
[5,F,0.373511,11110000,37.3511,X]
[88,F,0.387695,00000011,38.7695,X]
[89,F,0.416992,00000011,41.6992,X]
[90,F,0.443359,00000011,44.3359,X]
[26,F,0.447855,00010000,44.7855,X]
[91,F,0.469727,00000011,46.9727,X]
[27,F,0.487894,00010000,48.7894,X]
[92,F,0.496094,00000011,49.6094,X]
[93,F,0.500977,00000011,50.0977,X]
[28,F,0.511331,00010000,51.1331,X]
[94,F,0.513672,00000011,51.3672,X]
[29,F,0.531839,00010000,53.1839,X]
[30,F,0.537698,00010000,53.7698,X]
[43,F,0.541412,00001000,54.1412,X]
[31,F,0.556253,00010000,55.6253,X]
[95,F,0.580233,00000010,58.0233,X]
[44,F,0.580475,00001000,58.0475,X]
[32,F,0.581644,00010000,58.1644,X]
[96,F,0.584139,00000010,58.4139,X]
[33,F,0.596292,00010000,59.6292,X]
[6,F,0.598245,11100000,59.8245,X]
[102,F,0.599764,00000001,59.9764,X]
[34,F,0.602152,00010000,60.2152,X]
[103,F,0.618319,00000001,61.8319,X]
[45,F,0.618561,00001000,61.8561,X]
[104,F,0.620272,00000001,62.0272,X]
[97,F,0.635897,00000010,63.5897,X]
[35,F,0.655863,00010000,65.5863,X]
[57,F,0.6586,00000100,65.86,X]
[36,F,0.659769,00010000,65.9769,X]
[105,F,0.668123,00000001,66.8123,X]
[58,F,0.676178,00000100,67.6178,X]
[46,F,0.683991,00001000,68.3991,X]
[7,F,0.686136,11100000,68.6136,X]
[37,F,0.686136,00010000,68.6136,X]
[8,F,0.687113,11100000,68.7113,X]
[38,F,0.695902,00010000,69.5902,X]
[98,F,0.699373,00000010,69.9373,X]
[47,F,0.708405,00001000,70.8405,X]
[48,F,0.722077,00001000,72.2077,X]
[106,F,0.725741,00000001,72.5741,X]
[49,F,0.729889,00001000,72.9889,X]
[9,F,0.739847,11100000,73.9847,X]
[59,F,0.740631,00000100,74.0631,X]
[99,F,0.750155,00000010,75.0155,X]
[10,F,0.767191,11100000,76.7191,X]
[50,F,0.776764,00001000,77.6764,X]
[60,F,0.787506,00000100,78.7506,X]
[51,F,0.788483,00001000,78.8483,X]
[61,F,0.792389,00000100,79.2389,X]
[62,F,0.799225,00000100,79.9225,X]
[39,F,0.799417,00010000,79.9417,X]
[52,F,0.815827,00001000,81.5827,X]
[63,F,0.830475,00000100,83.0475,X]
[11,F,0.83182,11000000,83.182,X]
[24,F,0.833773,00100000,83.3773,X]
[64,F,0.834381,00000100,83.4381,X]
[53,F,0.838287,00001000,83.8287,X]
[12,F,0.847445,11000000,84.7445,X]
[65,F,0.850983,00000100,85.0983,X]
[100,F,0.862459,00000010,86.2459,X]
[13,F,0.872836,11000000,87.2836,X]
[66,F,0.882233,00000100,88.2233,X]
[17,F,0.893177,01000000,89.3177,X]
[101,F,0.897616,00000010,89.7616,X]
[54,F,0.9086,00001000,90.86,X]
[40,F,0.911722,00010000,91.1722,X]
[67,F,0.916412,00000100,91.6412,X]
[14,F,0.921497,10000000,92.1497,X]
[107,F,0.92203,00000001,92.203,X]
[18,F,0.922473,01000000,92.2473,X]
[19,F,0.934192,01000000,93.4192,X]
[55,F,0.934967,00001000,93.4967,X]
[20,F,0.939075,01000000,93.9075,X]
[21,F,0.941028,01000000,94.1028,X]
[15,F,0.942005,10000000,94.2005,X]
[22,F,0.944934,01000000,94.4934,X]
[108,F,0.95035,00000001,95.035,X]
[41,F,0.961527,00010000,96.1527,X]
[109,F,0.970858,00000001,97.0858,X]
[25,F,0.975375,00100000,97.5375,X]
[56,F,0.978912,00001000,97.8912,X]
[16,F,0.990833,10000000,99.0833,X]
[23,F,0.996692,01000000,99.6692,X]
GUIDE_TREE_PARTITION1=(((((t1:10.78,t2:10.78):8.87,t3:19.65):37.42,t4:57.07):10.95,(t5:46.64,t6:46.64):21.38):31.98,(t7:45.59,t8:45.59):54.41);
