Taxa bit representation:
t1 10000000
t2 01000000
t3 00100000
t4 00010000
t5 00001000
t6 00000100
t7 00000010
t8 00000001
Clade List (<taxon members> = <clade name>): 

>Dataset_0
[27,F,0.125123,00001100,12.5123,X]
[28,F,0.141725,00001100,14.1725,X]
[29,F,0.158327,00001100,15.8327,X]
[0,F,0.194459,11110000,19.4459,X]
[39,F,0.211914,00000011,21.1914,X]
[17,F,0.280747,00010000,28.0747,X]
[18,F,0.292466,00010000,29.2466,X]
[19,F,0.304184,00010000,30.4184,X]
[30,F,0.309694,00001100,30.9694,X]
[31,F,0.323366,00001100,32.3366,X]
[20,F,0.325669,00010000,32.5669,X]
[32,F,0.332155,00001100,33.2155,X]
[33,F,0.34485,00001100,34.485,X]
[34,F,0.349733,00001100,34.9733,X]
[8,F,0.361736,00100000,36.1736,X]
[1,F,0.365642,11000000,36.5642,X]
[35,F,0.380983,00001100,38.0983,X]
[2,F,0.438884,11000000,43.8884,X]
[46,F,0.480159,00000001,48.0159,X]
[21,F,0.522934,00010000,52.2934,X]
[22,F,0.523911,00010000,52.3911,X]
[47,F,0.537777,00000001,53.7777,X]
[9,F,0.5424,00100000,54.24,X]
[36,F,0.562623,00001100,56.2623,X]
[23,F,0.603989,00010000,60.3989,X]
[40,F,0.628597,00000010,62.8597,X]
[10,F,0.644939,00100000,64.4939,X]
[24,F,0.664536,00010000,66.4536,X]
[41,F,0.686214,00000010,68.6214,X]
[3,F,0.705486,11000000,70.5486,X]
[48,F,0.740902,00000001,74.0902,X]
[42,F,0.745784,00000010,74.5784,X]
[43,F,0.762386,00000010,76.2386,X]
[44,F,0.775081,00000010,77.5081,X]
[4,F,0.799236,11000000,79.9236,X]
[11,F,0.812908,00100000,81.2908,X]
[12,F,0.817791,00100000,81.7791,X]
[38,F,0.821661,00000100,82.1661,X]
[49,F,0.823909,00000001,82.3909,X]
[50,F,0.839534,00000001,83.9534,X]
[25,F,0.849106,00010000,84.9106,X]
[5,F,0.863689,11000000,86.3689,X]
[13,F,0.88615,00100000,88.615,X]
[26,F,0.899887,00010000,89.9887,X]
[14,F,0.91447,00100000,91.447,X]
[15,F,0.916423,00100000,91.6423,X]
[37,F,0.918341,00001000,91.8341,X]
[45,F,0.921566,00000010,92.1566,X]
[51,F,0.935237,00000001,93.5237,X]
[16,F,0.937908,00100000,93.7908,X]
[6,F,0.964909,10000000,96.4909,X]
[52,F,0.989925,00000001,98.9925,X]
[7,F,0.994206,10000000,99.4206,X]
GUIDE_TREE_PARTITION1=(((((t1:13.47,t2:13.47):51.04,t3:64.51):13.47,t4:77.98):15.66,(t5:20.08,t6:20.08):73.56):6.36,(t7:58.82,t8:58.82):41.18);
