Taxa bit representation:
t1 10000000
t2 01000000
t3 00100000
t4 00010000
t5 00001000
t6 00000100
t7 00000010
t8 00000001
Clade List (<taxon members> = <clade name>): 

>Dataset_0
[0,F,0.0593641,11111100,5.93641,X]
[15,F,0.142578,00000001,14.2578,X]
[16,F,0.155273,00000001,15.5273,X]
[17,F,0.213867,00000001,21.3867,X]
[7,F,0.264647,00000100,26.4647,X]
[8,F,0.275389,00000100,27.5389,X]
[13,F,0.288856,00000010,28.8856,X]
[9,F,0.36328,00000100,36.328,X]
[10,F,0.364256,00000100,36.4256,X]
[18,F,0.385742,00000001,38.5742,X]
[14,F,0.407997,00000010,40.7997,X]
[1,F,0.636717,11111000,63.6717,X]
[11,F,0.717772,00000100,71.7772,X]
[2,F,0.835019,11000000,83.5019,X]
[5,F,0.857267,00001000,85.7267,X]
[3,F,0.878964,00100000,87.8964,X]
[6,F,0.916838,00001000,91.6838,X]
[4,F,0.971383,00010000,97.1383,X]
[19,F,0.981445,00000001,98.1445,X]
[12,F,0.992186,00000100,99.2186,X]
GUIDE_TREE_PARTITION1=(((((((t1:7.72,t2:7.72):22.45,t3:30.17):4.43,t4:34.6):1.06,t5:35.66):43.93,t6:79.59):20.04,t7:99.63):0.37,t8:100);
