Taxa bit representation:
t1 10000000
t2 01000000
t3 00100000
t4 00010000
t5 00001000
t6 00000100
t7 00000010
t8 00000001
Clade List (<taxon members> = <clade name>): 

>Dataset_0
[0,F,0.000976562,11110000,0.0976562,X]
[13,F,0.0136719,00001111,1.36719,X]
[1,F,0.0566406,11110000,5.66406,X]
[14,F,0.123047,00001111,12.3047,X]
[15,F,0.134766,00001111,13.4766,X]
[2,F,0.278055,11000000,27.8055,X]
[3,F,0.298563,11000000,29.8562,X]
[4,F,0.314188,11000000,31.4187,X]
[16,F,0.332031,00001111,33.2031,X]
[17,F,0.375977,00001111,37.5977,X]
[7,F,0.405922,00100000,40.5922,X]
[5,F,0.422983,01000000,42.2983,X]
[6,F,0.562631,01000000,56.2631,X]
[8,F,0.725258,00100000,72.5258,X]
[9,F,0.751625,00100000,75.1625,X]
[18,F,0.81543,00001111,81.543,X]
[10,F,0.834633,00010000,83.4633,X]
[11,F,0.883461,00010000,88.3461,X]
[19,F,0.907227,00001111,90.7227,X]
[12,F,0.910805,00010000,91.0805,X]
[20,F,0.997572,00000001,99.7572,X]
GUIDE_TREE_PARTITION1=(((t1:58.19,t2:58.19):22.11,(t3:63.9,t4:63.9):16.4):19.7,((t5:1.05,t6:1.05):2.75,(t7:1.61,t8:1.61):2.19):96.2);
