Taxa bit representation:
t1 10000000
t2 01000000
t3 00100000
t4 00010000
t5 00001000
t6 00000100
t7 00000010
t8 00000001
Clade List (<taxon members> = <clade name>): 

>Dataset_0
[5,F,0.378275,00000001,37.8275,X]
[6,F,0.381205,00000001,38.1205,X]
[3,F,0.384619,00010000,38.4619,X]
[1,F,0.565402,00100000,56.5402,X]
[7,F,0.571634,00000001,57.1634,X]
[2,F,0.657198,00100000,65.7198,X]
[0,F,0.658175,11000000,65.8175,X]
[4,F,0.683939,00000010,68.3939,X]
GUIDE_TREE_PARTITION1=(((((t1:27.37,t2:27.37):17.75,t3:45.12):23.84,t4:68.96):11.71,(t5:5.19,t6:5.19):75.48):19.33,(t7:73.11,t8:73.11):26.89);
