Taxa bit representation:
t1 10000000
t2 01000000
t3 00100000
t4 00010000
t5 00001000
t6 00000100
t7 00000010
t8 00000001
Clade List (<taxon members> = <clade name>): 

>Dataset_0
[0,F,0.000976562,11111100,0.0976562,X]
[87,F,0.0322266,00000011,3.22266,X]
[88,F,0.0332031,00000011,3.32031,X]
[89,F,0.147461,00000011,14.7461,X]
[1,F,0.151873,11110000,15.1873,X]
[2,F,0.15578,11110000,15.578,X]
[51,F,0.16273,00010000,16.273,X]
[67,F,0.169452,00001100,16.9452,X]
[3,F,0.169566,11100000,16.9566,X]
[90,F,0.172852,00000011,17.2852,X]
[4,F,0.189097,11100000,18.9097,X]
[68,F,0.203631,00001100,20.3631,X]
[5,F,0.218394,11100000,21.8394,X]
[6,F,0.246714,11100000,24.6714,X]
[91,F,0.253906,00000011,25.3906,X]
[7,F,0.257456,11100000,25.7456,X]
[92,F,0.265625,00000011,26.5625,X]
[69,F,0.279803,00001100,27.9803,X]
[8,F,0.293589,11100000,29.3589,X]
[93,F,0.300781,00000011,30.0781,X]
[9,F,0.325816,11100000,32.5816,X]
[52,F,0.327769,00010000,32.7769,X]
[10,F,0.336558,11100000,33.6558,X]
[70,F,0.339373,00001100,33.9373,X]
[11,F,0.355112,11100000,35.5112,X]
[12,F,0.408689,11000000,40.8689,X]
[53,F,0.415659,00010000,41.5659,X]
[94,F,0.421875,00000011,42.1875,X]
[54,F,0.424448,00010000,42.4448,X]
[38,F,0.437986,00100000,43.7986,X]
[39,F,0.450681,00100000,45.0681,X]
[95,F,0.484375,00000011,48.4375,X]
[96,F,0.489258,00000011,48.9258,X]
[71,F,0.49367,00001100,49.367,X]
[40,F,0.49658,00100000,49.658,X]
[55,F,0.499644,00010000,49.9644,X]
[56,F,0.513316,00010000,51.3316,X]
[72,F,0.518084,00001100,51.8084,X]
[73,F,0.537616,00001100,53.7616,X]
[97,F,0.542969,00000011,54.2969,X]
[41,F,0.545408,00100000,54.5408,X]
[13,F,0.547361,11000000,54.7361,X]
[98,F,0.554688,00000011,55.4688,X]
[14,F,0.55615,11000000,55.615,X]
[99,F,0.558594,00000011,55.8594,X]
[15,F,0.566166,10000000,56.6166,X]
[74,F,0.591327,00001100,59.1327,X]
[57,F,0.59437,00010000,59.437,X]
[16,F,0.595463,10000000,59.5463,X]
[58,F,0.605112,00010000,60.5112,X]
[42,F,0.61572,00100000,61.572,X]
[29,F,0.623783,01000000,62.3783,X]
[100,F,0.625,00000011,62.5,X]
[17,F,0.627689,10000000,62.7689,X]
[18,F,0.628666,10000000,62.8666,X]
[59,F,0.646128,00010000,64.6128,X]
[75,F,0.654803,00001100,65.4803,X]
[19,F,0.665775,10000000,66.5775,X]
[43,F,0.668455,00100000,66.8455,X]
[101,F,0.682617,00000011,68.2617,X]
[44,F,0.68408,00100000,68.408,X]
[30,F,0.689213,01000000,68.9213,X]
[60,F,0.699839,00010000,69.9839,X]
[31,F,0.700931,01000000,70.0931,X]
[102,F,0.712891,00000011,71.2891,X]
[20,F,0.723392,10000000,72.3392,X]
[32,F,0.727298,01000000,72.7298,X]
[103,F,0.729492,00000011,72.9492,X]
[21,F,0.730228,10000000,73.0228,X]
[61,F,0.734019,00010000,73.4019,X]
[104,F,0.736328,00000011,73.6328,X]
[76,F,0.745623,00001100,74.5623,X]
[22,F,0.750736,10000000,75.0736,X]
[62,F,0.75355,00010000,75.355,X]
[77,F,0.755389,00001100,75.5389,X]
[23,F,0.763431,10000000,76.3431,X]
[78,F,0.770038,00001100,77.0038,X]
[24,F,0.780033,10000000,78.0033,X]
[105,F,0.780273,00000011,78.0273,X]
[45,F,0.790525,00100000,79.0525,X]
[33,F,0.790775,01000000,79.0775,X]
[46,F,0.799314,00100000,79.9314,X]
[47,F,0.801267,00100000,80.1267,X]
[34,F,0.817142,01000000,81.7142,X]
[110,F,0.838313,00000001,83.8312,X]
[79,F,0.842303,00001100,84.2303,X]
[25,F,0.846439,10000000,84.6439,X]
[80,F,0.850116,00001100,85.0116,X]
[106,F,0.86175,00000010,86.175,X]
[111,F,0.86175,00000001,86.175,X]
[81,F,0.863788,00001100,86.3788,X]
[82,F,0.866717,00001100,86.6717,X]
[83,F,0.890155,00001100,89.0155,X]
[107,F,0.898859,00000010,89.8859,X]
[63,F,0.902964,00010000,90.2964,X]
[48,F,0.908689,00100000,90.8689,X]
[112,F,0.910578,00000001,91.0578,X]
[64,F,0.91273,00010000,91.273,X]
[49,F,0.914548,00100000,91.4548,X]
[35,F,0.914798,01000000,91.4798,X]
[50,F,0.915525,00100000,91.5525,X]
[65,F,0.917612,00010000,91.7612,X]
[84,F,0.918475,00001100,91.8475,X]
[26,F,0.941166,10000000,94.1166,X]
[108,F,0.941828,00000010,94.1828,X]
[36,F,0.954838,01000000,95.4838,X]
[85,F,0.961006,00001000,96.1006,X]
[113,F,0.961359,00000001,96.1359,X]
[114,F,0.973078,00000001,97.3078,X]
[115,F,0.975031,00000001,97.5031,X]
[27,F,0.975345,10000000,97.5345,X]
[37,F,0.978275,01000000,97.8275,X]
[109,F,0.985773,00000010,98.5773,X]
[28,F,0.986088,10000000,98.6088,X]
[66,F,0.993784,00010000,99.3784,X]
[86,F,0.996162,00000100,99.6162,X]
GUIDE_TREE_PARTITION1=(((((t1:44.36,t2:44.36):15.65,t3:60.01):24.01,t4:84.02):3.82,(t5:4.29,t6:4.29):83.55):12.16,(t7:16.95,t8:16.95):83.05);
