Taxa bit representation:
t1 10000000
t2 01000000
t3 00100000
t4 00010000
t5 00001000
t6 00000100
t7 00000010
t8 00000001
Clade List (<taxon members> = <clade name>): 

>Dataset_0
[0,F,0.00976562,11111110,0.976562,X]
[12,F,0.0322266,00000001,3.22266,X]
[1,F,0.175358,11111100,17.5358,X]
[8,F,0.219303,00000010,21.9303,X]
[13,F,0.223633,00000001,22.3633,X]
[9,F,0.283756,00000010,28.3756,X]
[14,F,0.525391,00000001,52.5391,X]
[4,F,0.623787,00010000,62.3787,X]
[15,F,0.657227,00000001,65.7227,X]
[10,F,0.691959,00000010,69.1959,X]
[11,F,0.749577,00000010,74.9577,X]
[2,F,0.754647,11100000,75.4647,X]
[3,F,0.856878,11000000,85.6878,X]
[6,F,0.867522,00000100,86.7522,X]
[7,F,0.901702,00000100,90.1702,X]
[5,F,0.907967,00010000,90.7967,X]
GUIDE_TREE_PARTITION1=(((((((t1:1.77,t2:1.77):20.55,t3:22.32):20.77,t4:43.09):2.71,t5:45.8):9.44,t6:55.24):32.4,t7:87.64):12.36,t8:100);
