Taxa bit representation:
t1 10000000
t2 01000000
t3 00100000
t4 00010000
t5 00001000
t6 00000100
t7 00000010
t8 00000001
Clade List (<taxon members> = <clade name>): 

>Dataset_0
[91,F,0.0361328,00000011,3.61328,X]
[0,F,0.0410156,11111100,4.10156,X]
[92,F,0.0517578,00000011,5.17578,X]
[1,F,0.0625,11111100,6.25,X]
[2,F,0.0742188,11111100,7.42188,X]
[93,F,0.0791016,00000011,7.91016,X]
[94,F,0.0849609,00000011,8.49609,X]
[3,F,0.143555,11111100,14.3555,X]
[95,F,0.165039,00000011,16.5039,X]
[4,F,0.179688,11111100,17.9688,X]
[5,F,0.197266,11111100,19.7266,X]
[96,F,0.202148,00000011,20.2148,X]
[6,F,0.212891,11111100,21.2891,X]
[97,F,0.24707,00000011,24.707,X]
[98,F,0.274414,00000011,27.4414,X]
[99,F,0.27832,00000011,27.832,X]
[7,F,0.28902,11110000,28.902,X]
[8,F,0.299762,11110000,29.9763,X]
[9,F,0.316364,11110000,31.6364,X]
[10,F,0.32027,11110000,32.027,X]
[87,F,0.326566,00000100,32.6566,X]
[100,F,0.335938,00000011,33.5938,X]
[11,F,0.342731,11110000,34.2731,X]
[101,F,0.344727,00000011,34.4727,X]
[61,F,0.349027,00001000,34.9027,X]
[12,F,0.369098,11110000,36.9098,X]
[62,F,0.369534,00001000,36.9534,X]
[63,F,0.387113,00001000,38.7112,X]
[13,F,0.396442,11110000,39.6442,X]
[41,F,0.421725,00010000,42.1725,X]
[102,F,0.432961,00000010,43.2961,X]
[42,F,0.435397,00010000,43.5397,X]
[14,F,0.447116,11100000,44.7116,X]
[120,F,0.473,00000001,47.3,X]
[15,F,0.477389,11100000,47.7389,X]
[43,F,0.487155,00010000,48.7155,X]
[44,F,0.493014,00010000,49.3014,X]
[103,F,0.493508,00000010,49.3508,X]
[121,F,0.502297,00000001,50.2297,X]
[16,F,0.507663,11100000,50.7662,X]
[104,F,0.521828,00000010,52.1828,X]
[64,F,0.526761,00001000,52.6761,X]
[122,F,0.529641,00000001,52.9641,X]
[45,F,0.53403,00010000,53.403,X]
[46,F,0.537936,00010000,53.7936,X]
[65,F,0.549222,00001000,54.9222,X]
[88,F,0.550198,00000100,55.0198,X]
[123,F,0.556984,00000001,55.6984,X]
[66,F,0.560941,00001000,56.0941,X]
[67,F,0.561917,00001000,56.1917,X]
[124,F,0.56382,00000001,56.382,X]
[47,F,0.568209,00010000,56.8209,X]
[48,F,0.574069,00010000,57.4069,X]
[125,F,0.574562,00000001,57.4562,X]
[68,F,0.583402,00001000,58.3402,X]
[126,F,0.585305,00000001,58.5305,X]
[31,F,0.591908,00100000,59.1908,X]
[32,F,0.592884,00100000,59.2884,X]
[17,F,0.603627,11000000,60.3627,X]
[105,F,0.606789,00000010,60.6789,X]
[127,F,0.609719,00000001,60.9719,X]
[49,F,0.619967,00010000,61.9967,X]
[69,F,0.628323,00001000,62.8323,X]
[33,F,0.63683,00100000,63.683,X]
[128,F,0.637062,00000001,63.7062,X]
[50,F,0.637545,00010000,63.7545,X]
[70,F,0.639066,00001000,63.9066,X]
[71,F,0.658597,00001000,65.8597,X]
[51,F,0.660006,00010000,66.0006,X]
[89,F,0.664456,00000100,66.4456,X]
[18,F,0.666117,10000000,66.6117,X]
[34,F,0.66808,00100000,66.808,X]
[26,F,0.672953,01000000,67.2953,X]
[19,F,0.672953,10000000,67.2953,X]
[129,F,0.683937,00000001,68.3937,X]
[52,F,0.685397,00010000,68.5397,X]
[27,F,0.685648,01000000,68.5648,X]
[20,F,0.689555,10000000,68.9555,X]
[72,F,0.696683,00001000,69.6683,X]
[106,F,0.700539,00000010,70.0539,X]
[107,F,0.702492,00000010,70.2492,X]
[108,F,0.711281,00000010,71.1281,X]
[130,F,0.722023,00000001,72.2023,X]
[21,F,0.7335,10000000,73.35,X]
[28,F,0.738383,01000000,73.8383,X]
[131,F,0.75425,00000001,75.425,X]
[109,F,0.758156,00000010,75.8156,X]
[53,F,0.759616,00010000,75.9616,X]
[110,F,0.764016,00000010,76.4016,X]
[73,F,0.765042,00001000,76.5042,X]
[74,F,0.766019,00001000,76.6019,X]
[75,F,0.766995,00001000,76.6995,X]
[111,F,0.773781,00000010,77.3781,X]
[132,F,0.795266,00000001,79.5266,X]
[54,F,0.795748,00010000,79.5748,X]
[76,F,0.803128,00001000,80.3128,X]
[35,F,0.813588,00100000,81.3588,X]
[112,F,0.818703,00000010,81.8703,X]
[29,F,0.826273,01000000,82.6273,X]
[22,F,0.834086,10000000,83.4086,X]
[77,F,0.847073,00001000,84.7073,X]
[78,F,0.850003,00001000,85.0003,X]
[113,F,0.851906,00000010,85.1906,X]
[36,F,0.860463,00100000,86.0463,X]
[79,F,0.860745,00001000,86.0745,X]
[23,F,0.863383,10000000,86.3383,X]
[114,F,0.870461,00000010,87.0461,X]
[37,F,0.879017,00100000,87.9017,X]
[24,F,0.879984,10000000,87.9984,X]
[55,F,0.880709,00010000,88.0709,X]
[56,F,0.892428,00010000,89.2428,X]
[30,F,0.89268,01000000,89.268,X]
[25,F,0.895609,10000000,89.5609,X]
[80,F,0.904691,00001000,90.4691,X]
[81,F,0.905667,00001000,90.5667,X]
[57,F,0.908053,00010000,90.8053,X]
[115,F,0.914406,00000010,91.4406,X]
[116,F,0.921242,00000010,92.1242,X]
[38,F,0.921986,00100000,92.1986,X]
[82,F,0.922269,00001000,92.2269,X]
[39,F,0.930775,00100000,93.0775,X]
[58,F,0.950045,00010000,95.0045,X]
[117,F,0.951516,00000010,95.1516,X]
[83,F,0.952542,00001000,95.2542,X]
[59,F,0.952975,00010000,95.2975,X]
[84,F,0.955472,00001000,95.5472,X]
[40,F,0.962025,00100000,96.2025,X]
[133,F,0.964211,00000001,96.4211,X]
[118,F,0.967141,00000010,96.7141,X]
[85,F,0.971097,00001000,97.1097,X]
[90,F,0.97598,00000100,97.598,X]
[119,F,0.982766,00000010,98.2766,X]
[60,F,0.987155,00010000,98.7155,X]
[86,F,0.995511,00001000,99.5511,X]
GUIDE_TREE_PARTITION1=(((((t1:39.15,t2:39.15):3.71,t3:42.86):16.53,t4:59.39):14.54,(t5:68.32,t6:68.32):5.61):26.07,(t7:58.95,t8:58.95):41.05);
