Taxa bit representation:
t1 10000000
t2 01000000
t3 00100000
t4 00010000
t5 00001000
t6 00000100
t7 00000010
t8 00000001
Clade List (<taxon members> = <clade name>): 

>Dataset_0
[12,F,0.34505,00000001,34.505,X]
[10,F,0.425128,00000010,42.5128,X]
[13,F,0.464191,00000001,46.4191,X]
[0,F,0.559373,11110000,55.9373,X]
[8,F,0.581834,00001100,58.1834,X]
[9,F,0.638475,00001100,63.8475,X]
[14,F,0.724933,00000001,72.4933,X]
[11,F,0.727862,00000010,72.7862,X]
[15,F,0.727862,00000001,72.7862,X]
[1,F,0.813389,11000000,81.3389,X]
[2,F,0.83878,11000000,83.878,X]
[5,F,0.848278,00010000,84.8278,X]
[6,F,0.870739,00010000,87.0739,X]
[4,F,0.877842,00100000,87.7842,X]
[7,F,0.883434,00010000,88.3434,X]
[16,F,0.888019,00000001,88.8019,X]
[3,F,0.9128,10000000,91.28,X]
[17,F,0.974933,00000001,97.4933,X]
GUIDE_TREE_PARTITION1=(((((t1:14.97,t2:14.97):4.57,t3:19.54):22.39,t4:41.93):11.41,(t5:22.32,t6:22.32):31.02):46.66,(t7:93.62,t8:93.62):6.38);
