Taxa bit representation:
t1 10000000
t2 01000000
t3 00100000
t4 00010000
t5 00001000
t6 00000100
t7 00000010
t8 00000001
Clade List (<taxon members> = <clade name>): 

>Dataset_0
[0,F,0.195977,11111100,19.5977,X]
[46,F,0.241211,00000001,24.1211,X]
[47,F,0.268555,00000001,26.8555,X]
[24,F,0.278027,00000100,27.8027,X]
[48,F,0.293945,00000001,29.3945,X]
[25,F,0.306347,00000100,30.6347,X]
[1,F,0.316113,11111000,31.6113,X]
[33,F,0.319023,00000010,31.9023,X]
[49,F,0.348633,00000001,34.8633,X]
[2,F,0.367222,11110000,36.7222,X]
[34,F,0.407891,00000010,40.7891,X]
[3,F,0.41312,11110000,41.312,X]
[18,F,0.439488,00001000,43.9488,X]
[4,F,0.442417,11110000,44.2417,X]
[19,F,0.457066,00001000,45.7066,X]
[50,F,0.475586,00000001,47.5586,X]
[35,F,0.480156,00000010,48.0156,X]
[36,F,0.561211,00000010,56.1211,X]
[26,F,0.564159,00000100,56.4159,X]
[51,F,0.564453,00000001,56.4453,X]
[27,F,0.573925,00000100,57.3925,X]
[28,F,0.58662,00000100,58.662,X]
[29,F,0.588573,00000100,58.8573,X]
[20,F,0.591831,00001000,59.1831,X]
[37,F,0.593438,00000010,59.3438,X]
[38,F,0.603203,00000010,60.3203,X]
[5,F,0.613316,11110000,61.3316,X]
[39,F,0.644219,00000010,64.4219,X]
[30,F,0.653027,00000100,65.3027,X]
[6,F,0.669956,11110000,66.9956,X]
[40,F,0.689141,00000010,68.9141,X]
[41,F,0.690117,00000010,69.0117,X]
[7,F,0.693394,11110000,69.3394,X]
[42,F,0.72625,00000010,72.625,X]
[31,F,0.730175,00000100,73.0175,X]
[21,F,0.748081,00001000,74.8081,X]
[43,F,0.768242,00000010,76.8242,X]
[32,F,0.77705,00000100,77.705,X]
[44,F,0.783867,00000010,78.3867,X]
[45,F,0.815117,00000010,81.5117,X]
[22,F,0.857456,00001000,85.7456,X]
[8,F,0.866006,11000000,86.6006,X]
[9,F,0.872842,11000000,87.2842,X]
[16,F,0.898513,00010000,89.8513,X]
[10,F,0.914834,11000000,91.4834,X]
[11,F,0.9246,11000000,92.46,X]
[14,F,0.937295,00100000,93.7295,X]
[12,F,0.946084,11000000,94.6084,X]
[13,F,0.966506,10000000,96.6506,X]
[15,F,0.976358,00100000,97.6358,X]
[23,F,0.986363,00001000,98.6363,X]
[17,F,0.991286,00010000,99.1286,X]
GUIDE_TREE_PARTITION1=(((((((t1:3.74,t2:3.74):10.05,t3:13.79):3.39,t4:17.18):50.59,t5:67.77):7.65,t6:75.42):11.33,t7:86.75):13.25,t8:100);
