Taxa bit representation:
t1 10000000
t2 01000000
t3 00100000
t4 00010000
t5 00001000
t6 00000100
t7 00000010
t8 00000001
Clade List (<taxon members> = <clade name>): 

>Dataset_0
[0,F,0.0546875,11110000,5.46875,X]
[1,F,0.128906,11110000,12.8906,X]
[16,F,0.186523,00001111,18.6523,X]
[2,F,0.191406,11110000,19.1406,X]
[3,F,0.195312,11110000,19.5312,X]
[4,F,0.291016,11110000,29.1016,X]
[17,F,0.338867,00001111,33.8867,X]
[18,F,0.355489,00001100,35.5489,X]
[5,F,0.40625,11110000,40.625,X]
[29,F,0.416036,00000011,41.6036,X]
[30,F,0.439473,00000011,43.9473,X]
[31,F,0.477559,00000011,47.7559,X]
[19,F,0.50295,00001100,50.295,X]
[10,F,0.576445,00110000,57.6445,X]
[6,F,0.634731,10000000,63.4731,X]
[20,F,0.667989,00001100,66.7989,X]
[7,F,0.699184,10000000,69.9184,X]
[8,F,0.706997,10000000,70.6997,X]
[21,F,0.742884,00001000,74.2884,X]
[22,F,0.75265,00001000,75.265,X]
[32,F,0.774434,00000011,77.4434,X]
[23,F,0.81808,00001000,81.808,X]
[11,F,0.832305,00110000,83.2305,X]
[9,F,0.864223,10000000,86.4223,X]
[28,F,0.878627,00000100,87.8627,X]
[24,F,0.887416,00001000,88.7416,X]
[34,F,0.897283,00000001,89.7283,X]
[12,F,0.900664,00110000,90.0664,X]
[35,F,0.909002,00000001,90.9002,X]
[33,F,0.944158,00000010,94.4158,X]
[25,F,0.945033,00001000,94.5033,X]
[26,F,0.946009,00001000,94.6009,X]
[13,F,0.948498,00100000,94.8498,X]
[27,F,0.956752,00001000,95.6752,X]
[14,F,0.957288,00100000,95.7288,X]
[15,F,0.99635,00100000,99.635,X]
[36,F,0.997869,00000001,99.7869,X]
GUIDE_TREE_PARTITION1=(((t1:44.73,t2:44.73):2.02,(t3:9.74,t4:9.74):37.01):53.25,((t5:27.86,t6:27.86):37.47,(t7:17.01,t8:17.01):48.32):34.67);
