Taxa bit representation:
t1 10000000
t2 01000000
t3 00100000
t4 00010000
t5 00001000
t6 00000100
t7 00000010
t8 00000001
Clade List (<taxon members> = <clade name>): 

>Dataset_0
[0,F,0.0322266,11111100,3.22266,X]
[82,F,0.0322266,00000011,3.22266,X]
[1,F,0.0341797,11111100,3.41797,X]
[2,F,0.0351562,11111100,3.51562,X]
[3,F,0.0771484,11111100,7.71484,X]
[83,F,0.107422,00000011,10.7422,X]
[84,F,0.112305,00000011,11.2305,X]
[4,F,0.141602,11111100,14.1602,X]
[85,F,0.144531,00000011,14.4531,X]
[5,F,0.152344,11111100,15.2344,X]
[6,F,0.170898,11111100,17.0898,X]
[7,F,0.178711,11111100,17.8711,X]
[8,F,0.179688,11111100,17.9688,X]
[50,F,0.186153,00001100,18.6153,X]
[51,F,0.205684,00001100,20.5684,X]
[9,F,0.237911,11110000,23.7911,X]
[52,F,0.254513,00001100,25.4513,X]
[10,F,0.293575,11110000,29.3575,X]
[86,F,0.293945,00000011,29.3945,X]
[53,F,0.299434,00001100,29.9434,X]
[11,F,0.305294,11110000,30.5294,X]
[12,F,0.313106,11110000,31.3106,X]
[13,F,0.317013,11110000,31.7013,X]
[54,F,0.321895,00001100,32.1895,X]
[55,F,0.336544,00001100,33.6544,X]
[14,F,0.37463,11110000,37.463,X]
[56,F,0.375606,00001100,37.5606,X]
[57,F,0.381466,00001100,38.1466,X]
[15,F,0.444942,11110000,44.4942,X]
[58,F,0.455684,00001100,45.5684,X]
[59,F,0.464473,00001100,46.4473,X]
[87,F,0.484375,00000011,48.4375,X]
[42,F,0.492592,00010000,49.2592,X]
[16,F,0.494545,11100000,49.4545,X]
[88,F,0.50983,00000010,50.983,X]
[89,F,0.514713,00000010,51.4713,X]
[90,F,0.515689,00000010,51.5689,X]
[60,F,0.516231,00001100,51.6231,X]
[17,F,0.520913,11100000,52.0913,X]
[91,F,0.523502,00000010,52.3502,X]
[92,F,0.528384,00000010,52.8384,X]
[61,F,0.534786,00001100,53.4786,X]
[109,F,0.545963,00000001,54.5963,X]
[18,F,0.548256,11100000,54.8256,X]
[62,F,0.558223,00001100,55.8223,X]
[69,F,0.581172,00000100,58.1172,X]
[70,F,0.589961,00000100,58.9961,X]
[110,F,0.590884,00000001,59.0884,X]
[19,F,0.591225,11100000,59.1225,X]
[20,F,0.60843,11000000,60.843,X]
[43,F,0.608803,00010000,60.8803,X]
[71,F,0.610469,00000100,61.0469,X]
[35,F,0.612336,00100000,61.2336,X]
[72,F,0.614375,00000100,61.4375,X]
[63,F,0.618281,00001000,61.8281,X]
[111,F,0.623111,00000001,62.3111,X]
[64,F,0.62707,00001000,62.707,X]
[44,F,0.63517,00010000,63.517,X]
[93,F,0.636783,00000010,63.6783,X]
[94,F,0.656314,00000010,65.6314,X]
[21,F,0.657258,11000000,65.7258,X]
[95,F,0.657291,00000010,65.7291,X]
[96,F,0.659244,00000010,65.9244,X]
[112,F,0.661197,00000001,66.1197,X]
[22,F,0.664094,11000000,66.4094,X]
[97,F,0.670963,00000010,67.0962,X]
[65,F,0.675898,00001000,67.5898,X]
[73,F,0.686641,00000100,68.6641,X]
[74,F,0.698359,00000100,69.8359,X]
[36,F,0.700227,00100000,70.0227,X]
[23,F,0.705109,11000000,70.5109,X]
[75,F,0.710078,00000100,71.0078,X]
[45,F,0.710366,00010000,71.0366,X]
[113,F,0.711002,00000001,71.1002,X]
[24,F,0.711945,11000000,71.1945,X]
[98,F,0.717838,00000010,71.7837,X]
[76,F,0.72082,00000100,72.082,X]
[114,F,0.724673,00000001,72.4673,X]
[77,F,0.731563,00000100,73.1562,X]
[115,F,0.740298,00000001,74.0298,X]
[66,F,0.741328,00001000,74.1328,X]
[99,F,0.748111,00000010,74.8111,X]
[25,F,0.754914,11000000,75.4914,X]
[78,F,0.758906,00000100,75.8906,X]
[46,F,0.759194,00010000,75.9194,X]
[100,F,0.776431,00000010,77.6431,X]
[101,F,0.778384,00000010,77.8384,X]
[37,F,0.779328,00100000,77.9328,X]
[26,F,0.781281,11000000,78.1281,X]
[38,F,0.792023,00100000,79.2023,X]
[79,F,0.801875,00000100,80.1875,X]
[67,F,0.813594,00001000,81.3594,X]
[102,F,0.815494,00000010,81.5494,X]
[27,F,0.82132,11000000,82.132,X]
[28,F,0.834992,11000000,83.4992,X]
[80,F,0.836055,00000100,83.6055,X]
[47,F,0.862709,00010000,86.2709,X]
[68,F,0.878047,00001000,87.8047,X]
[103,F,0.87897,00000010,87.897,X]
[104,F,0.883853,00000010,88.3853,X]
[116,F,0.894595,00000001,89.4595,X]
[29,F,0.896516,11000000,89.6516,X]
[48,F,0.902748,00010000,90.2748,X]
[105,F,0.909244,00000010,90.9244,X]
[30,F,0.915289,01000000,91.5289,X]
[39,F,0.927766,00100000,92.7766,X]
[49,F,0.933022,00010000,93.3022,X]
[31,F,0.93775,01000000,93.775,X]
[81,F,0.941523,00000100,94.1523,X]
[40,F,0.944367,00100000,94.4367,X]
[32,F,0.951422,01000000,95.1422,X]
[117,F,0.952213,00000001,95.2212,X]
[41,F,0.959992,00100000,95.9992,X]
[33,F,0.972906,01000000,97.2906,X]
[106,F,0.974673,00000010,97.4673,X]
[107,F,0.982486,00000010,98.2486,X]
[108,F,0.989322,00000010,98.9322,X]
[34,F,0.991461,01000000,99.1461,X]
GUIDE_TREE_PARTITION1=(((((t1:9.35,t2:9.35):30.1,t3:39.45):15.49,t4:54.94):26.64,(t5:43.25,t6:43.25):38.33):18.42,(t7:49.31,t8:49.31):50.69);
