Taxa bit representation:
t1 10000000
t2 01000000
t3 00100000
t4 00010000
t5 00001000
t6 00000100
t7 00000010
t8 00000001
Clade List (<taxon members> = <clade name>): 

>Dataset_0
[81,F,0.00390625,00000011,0.390625,X]
[82,F,0.00683594,00000011,0.683594,X]
[0,F,0.0244141,11111100,2.44141,X]
[83,F,0.0273438,00000011,2.73438,X]
[1,F,0.0380859,11111100,3.80859,X]
[2,F,0.0956906,11110000,9.56906,X]
[3,F,0.131823,11110000,13.1823,X]
[41,F,0.145495,00001100,14.5495,X]
[84,F,0.161133,00000011,16.1133,X]
[85,F,0.162109,00000011,16.2109,X]
[42,F,0.174792,00001100,17.4792,X]
[86,F,0.191406,00000011,19.1406,X]
[4,F,0.19237,11110000,19.237,X]
[43,F,0.194323,00001100,19.4323,X]
[44,F,0.211902,00001100,21.1902,X]
[45,F,0.220691,00001100,22.0691,X]
[46,F,0.269519,00001100,26.9519,X]
[5,F,0.313464,11110000,31.3464,X]
[6,F,0.326159,11110000,32.6159,X]
[47,F,0.34413,00001000,34.413,X]
[66,F,0.354872,00000100,35.4872,X]
[48,F,0.361708,00001000,36.1708,X]
[67,F,0.365614,00000100,36.5614,X]
[7,F,0.381823,11110000,38.1823,X]
[49,F,0.384169,00001000,38.4169,X]
[87,F,0.399414,00000011,39.9414,X]
[68,F,0.418348,00000100,41.8348,X]
[69,F,0.420302,00000100,42.0302,X]
[50,F,0.423231,00001000,42.3231,X]
[51,F,0.440809,00001000,44.0809,X]
[88,F,0.456055,00000011,45.6055,X]
[89,F,0.5,00000011,50,X]
[70,F,0.504286,00000100,50.4286,X]
[52,F,0.508192,00001000,50.8192,X]
[8,F,0.519742,11100000,51.9742,X]
[90,F,0.554884,00000010,55.4884,X]
[53,F,0.56288,00001000,56.288,X]
[31,F,0.576383,00010000,57.6383,X]
[99,F,0.577345,00000001,57.7345,X]
[54,F,0.582411,00001000,58.2411,X]
[32,F,0.585172,00010000,58.5172,X]
[100,F,0.597853,00000001,59.7853,X]
[9,F,0.615445,11100000,61.5445,X]
[71,F,0.615614,00000100,61.5614,X]
[101,F,0.616408,00000001,61.6408,X]
[102,F,0.619338,00000001,61.9338,X]
[33,F,0.625211,00010000,62.5211,X]
[72,F,0.631239,00000100,63.1239,X]
[55,F,0.644911,00001000,64.4911,X]
[34,F,0.647672,00010000,64.7672,X]
[91,F,0.659377,00000010,65.9377,X]
[103,F,0.659377,00000001,65.9377,X]
[23,F,0.659483,00100000,65.9483,X]
[35,F,0.673063,00010000,67.3063,X]
[36,F,0.674039,00010000,67.4039,X]
[92,F,0.679884,00000010,67.9884,X]
[56,F,0.694716,00001000,69.4716,X]
[37,F,0.700406,00010000,70.0406,X]
[73,F,0.700575,00000100,70.0575,X]
[10,F,0.702452,11000000,70.2452,X]
[57,F,0.707411,00001000,70.7411,X]
[24,F,0.725889,00100000,72.5889,X]
[74,F,0.736708,00000100,73.6708,X]
[11,F,0.737608,11000000,73.7608,X]
[104,F,0.746291,00000001,74.6291,X]
[75,F,0.754286,00000100,75.4286,X]
[105,F,0.762892,00000001,76.2892,X]
[12,F,0.764952,11000000,76.4952,X]
[13,F,0.771787,11000000,77.1787,X]
[106,F,0.773634,00000001,77.3634,X]
[58,F,0.773817,00001000,77.3817,X]
[76,F,0.776747,00000100,77.6747,X]
[59,F,0.777723,00001000,77.7723,X]
[93,F,0.781447,00000010,78.1447,X]
[60,F,0.782606,00001000,78.2606,X]
[94,F,0.801955,00000010,80.1955,X]
[77,F,0.803114,00000100,80.3114,X]
[14,F,0.805967,11000000,80.5967,X]
[25,F,0.815733,00100000,81.5733,X]
[15,F,0.819639,11000000,81.9639,X]
[26,F,0.828428,00100000,82.8428,X]
[16,F,0.834287,11000000,83.4287,X]
[27,F,0.854795,00100000,85.4795,X]
[107,F,0.856642,00000001,85.6642,X]
[95,F,0.859572,00000010,85.9572,X]
[38,F,0.862516,00010000,86.2516,X]
[108,F,0.868361,00000001,86.8361,X]
[28,F,0.874327,00100000,87.4327,X]
[78,F,0.87538,00000100,87.538,X]
[29,F,0.896787,00100000,89.6787,X]
[109,F,0.897658,00000001,89.7658,X]
[61,F,0.897841,00001000,89.7841,X]
[110,F,0.898634,00000001,89.8634,X]
[17,F,0.904816,10000000,90.4816,X]
[22,F,0.904816,01000000,90.4816,X]
[96,F,0.91133,00000010,91.133,X]
[18,F,0.915558,10000000,91.5558,X]
[97,F,0.920119,00000010,92.0119,X]
[19,F,0.925323,10000000,92.5323,X]
[62,F,0.941786,00001000,94.1786,X]
[20,F,0.942902,10000000,94.2902,X]
[98,F,0.948439,00000010,94.8439,X]
[30,F,0.952452,00100000,95.2452,X]
[63,F,0.953505,00001000,95.3505,X]
[39,F,0.956266,00010000,95.6266,X]
[79,F,0.965223,00000100,96.5223,X]
[80,F,0.970106,00000100,97.0106,X]
[21,F,0.972198,10000000,97.2198,X]
[64,F,0.980848,00001000,98.0848,X]
[65,F,0.985731,00001000,98.5731,X]
[40,F,0.995328,00010000,99.5328,X]
GUIDE_TREE_PARTITION1=(((((t1:13.62,t2:13.62):20.92,t3:34.54):14.56,t4:49.1):43.87,(t5:65.88,t6:65.88):27.09):7.03,(t7:46.66,t8:46.66):53.34);
