Taxa bit representation:
t1 10000000
t2 01000000
t3 00100000
t4 00010000
t5 00001000
t6 00000100
t7 00000010
t8 00000001
Clade List (<taxon members> = <clade name>): 

>Dataset_0
[11,F,0.0313719,00000010,3.13719,X]
[14,F,0.0566406,00000001,5.66406,X]
[15,F,0.157227,00000001,15.7227,X]
[0,F,0.439039,11100000,43.9039,X]
[1,F,0.488844,11100000,48.8844,X]
[2,F,0.546461,11100000,54.6461,X]
[3,F,0.553297,11100000,55.3297,X]
[9,F,0.557692,00000100,55.7692,X]
[10,F,0.607497,00000100,60.7497,X]
[7,F,0.62332,00100000,62.332,X]
[4,F,0.68875,11000000,68.875,X]
[5,F,0.699492,11000000,69.9492,X]
[12,F,0.811645,00000010,81.1645,X]
[6,F,0.822539,11000000,82.2539,X]
[16,F,0.837891,00000001,83.7891,X]
[8,F,0.892852,00100000,89.2852,X]
[13,F,0.998169,00000010,99.8169,X]
GUIDE_TREE_PARTITION1=(((((((t1:14.95,t2:14.95):25.55,t3:40.5):19.6,t4:60.1):11.92,t5:72.02):1.41,t6:73.43):24.8,t7:98.23):1.77,t8:100);
