Taxa bit representation:
t1 10000000
t2 01000000
t3 00100000
t4 00010000
t5 00001000
t6 00000100
t7 00000010
t8 00000001
Clade List (<taxon members> = <clade name>): 

>Dataset_0
[14,F,0.0478594,00000010,4.78594,X]
[15,F,0.0498125,00000010,4.98125,X]
[16,F,0.0615313,00000010,6.15313,X]
[0,F,0.0853437,11111000,8.53437,X]
[17,F,0.0957109,00000010,9.57109,X]
[21,F,0.166016,00000001,16.6016,X]
[18,F,0.174813,00000010,17.4812,X]
[1,F,0.236711,11111000,23.6711,X]
[7,F,0.452056,00001000,45.2056,X]
[8,F,0.487212,00001000,48.7212,X]
[9,F,0.496978,00001000,49.6978,X]
[5,F,0.581578,00010000,58.1578,X]
[3,F,0.589712,00100000,58.9712,X]
[12,F,0.630266,00000100,63.0266,X]
[6,F,0.663609,00010000,66.3609,X]
[10,F,0.725494,00001000,72.5494,X]
[2,F,0.755966,01000000,75.5966,X]
[4,F,0.758658,00100000,75.8658,X]
[22,F,0.777344,00000001,77.7344,X]
[11,F,0.815337,00001000,81.5337,X]
[19,F,0.903328,00000010,90.3328,X]
[20,F,0.909188,00000010,90.9188,X]
[13,F,0.949602,00000100,94.9602,X]
GUIDE_TREE_PARTITION1=(((((((t1:31.63,t2:31.63):16.43,t3:48.06):8.04,t4:56.1):8.46,t5:64.56):29.64,t6:94.2):1.6,t7:95.8):4.2,t8:100);
