Taxa bit representation:
t1 10000000
t2 01000000
t3 00100000
t4 00010000
t5 00001000
t6 00000100
t7 00000010
t8 00000001
Clade List (<taxon members> = <clade name>): 

>Dataset_0
[8,F,0.0711047,00001100,7.11047,X]
[5,F,0.215853,00010000,21.5853,X]
[23,F,0.226303,00000010,22.6303,X]
[24,F,0.316147,00000010,31.6147,X]
[0,F,0.329134,11100000,32.9134,X]
[6,F,0.431673,00010000,43.1673,X]
[9,F,0.5038,00001000,50.38,X]
[10,F,0.528214,00001000,52.8214,X]
[11,F,0.561417,00001000,56.1417,X]
[17,F,0.630753,00000100,63.0753,X]
[25,F,0.643295,00000001,64.3295,X]
[1,F,0.649353,11000000,64.9353,X]
[18,F,0.658097,00000100,65.8097,X]
[12,F,0.676652,00001000,67.6652,X]
[19,F,0.685441,00000100,68.5441,X]
[13,F,0.720597,00001000,72.0597,X]
[20,F,0.720597,00000100,72.0597,X]
[26,F,0.726303,00000001,72.6303,X]
[2,F,0.789002,00100000,78.9002,X]
[3,F,0.865173,00100000,86.5173,X]
[14,F,0.886613,00001000,88.6612,X]
[21,F,0.916886,00000100,91.6886,X]
[7,F,0.918002,00010000,91.8002,X]
[15,F,0.924698,00001000,92.4698,X]
[4,F,0.926697,00100000,92.6697,X]
[16,F,0.94423,00001000,94.423,X]
[22,F,0.970597,00000100,97.0597,X]
GUIDE_TREE_PARTITION1=(((((t1:33.02,t2:33.02):8.49,t3:41.51):55.85,t4:97.36):0.51,(t5:62.12,t6:62.12):35.75):2.13,(t7:80.69,t8:80.69):19.31);
