Taxa bit representation:
t1 10000000
t2 01000000
t3 00100000
t4 00010000
t5 00001000
t6 00000100
t7 00000010
t8 00000001
Clade List (<taxon members> = <clade name>): 

>Dataset_0
[5,F,0.508156,00010000,50.8156,X]
[8,F,0.511841,00000100,51.1841,X]
[2,F,0.608461,00100000,60.8461,X]
[3,F,0.688539,00100000,68.8539,X]
[0,F,0.716386,10000000,71.6386,X]
[6,F,0.789406,00010000,78.9406,X]
[1,F,0.796464,01000000,79.6464,X]
[11,F,0.853263,00000010,85.3263,X]
[9,F,0.855591,00000100,85.5591,X]
[12,F,0.884513,00000010,88.4513,X]
[13,F,0.892325,00000010,89.2325,X]
[7,F,0.927944,00001000,92.7944,X]
[10,F,0.934692,00000100,93.4692,X]
[4,F,0.979555,00100000,97.9555,X]
GUIDE_TREE_PARTITION1=(((((((t1:50.92,t2:50.92):2.98,t3:53.9):5.05,t4:58.95):0.99,t5:59.94):0.79,t6:60.73):1.6,t7:62.33):37.67,t8:100);
