Taxa bit representation:
t1 10000000
t2 01000000
t3 00100000
t4 00010000
t5 00001000
t6 00000100
t7 00000010
t8 00000001
Clade List (<taxon members> = <clade name>): 

>Dataset_0
[0,F,0.0322266,11111100,3.22266,X]
[1,F,0.0458984,11111100,4.58984,X]
[2,F,0.146036,11110000,14.6036,X]
[98,F,0.146484,00000011,14.6484,X]
[99,F,0.160156,00000011,16.0156,X]
[73,F,0.182169,00001100,18.2169,X]
[3,F,0.230997,11110000,23.0997,X]
[4,F,0.236856,11110000,23.6856,X]
[116,F,0.257795,00000001,25.7795,X]
[74,F,0.260294,00001100,26.0294,X]
[100,F,0.277327,00000010,27.7327,X]
[5,F,0.277719,11100000,27.7719,X]
[101,F,0.27928,00000010,27.928,X]
[117,F,0.283186,00000001,28.3186,X]
[6,F,0.287484,11100000,28.7484,X]
[102,F,0.303694,00000010,30.3694,X]
[7,F,0.310666,11000000,31.0666,X]
[75,F,0.312052,00001100,31.2052,X]
[118,F,0.317366,00000001,31.7366,X]
[33,F,0.323361,00100000,32.3361,X]
[52,F,0.326547,00010000,32.6547,X]
[103,F,0.329084,00000010,32.9084,X]
[8,F,0.336056,11000000,33.6056,X]
[119,F,0.343733,00000001,34.3733,X]
[76,F,0.351114,00001100,35.1114,X]
[34,F,0.364377,00100000,36.4377,X]
[77,F,0.366739,00001100,36.6739,X]
[53,F,0.397836,00010000,39.7836,X]
[104,F,0.39842,00000010,39.842,X]
[35,F,0.398556,00100000,39.8556,X]
[36,F,0.402462,00100000,40.2462,X]
[9,F,0.423947,11000000,42.3947,X]
[37,F,0.426877,00100000,42.6877,X]
[10,F,0.42883,11000000,42.883,X]
[105,F,0.42967,00000010,42.967,X]
[78,F,0.430216,00001100,43.0216,X]
[38,F,0.432736,00100000,43.2736,X]
[54,F,0.442758,00010000,44.2758,X]
[106,F,0.452131,00000010,45.2131,X]
[39,F,0.462033,00100000,46.2033,X]
[11,F,0.470822,11000000,47.0822,X]
[55,F,0.506234,00010000,50.6234,X]
[56,F,0.515023,00010000,51.5023,X]
[79,F,0.525919,00001100,52.5919,X]
[80,F,0.529825,00001100,52.9825,X]
[120,F,0.548811,00000001,54.8811,X]
[40,F,0.5509,00100000,55.09,X]
[57,F,0.552133,00010000,55.2133,X]
[121,F,0.552717,00000001,55.2717,X]
[41,F,0.560666,00100000,56.0666,X]
[58,F,0.576547,00010000,57.6547,X]
[12,F,0.577267,11000000,57.7267,X]
[107,F,0.582991,00000010,58.2991,X]
[13,F,0.584103,11000000,58.4103,X]
[108,F,0.59178,00000010,59.178,X]
[42,F,0.6134,00100000,61.34,X]
[43,F,0.620236,00100000,62.0236,X]
[59,F,0.621469,00010000,62.1469,X]
[109,F,0.634748,00000010,63.4748,X]
[14,F,0.643673,11000000,64.3673,X]
[60,F,0.644906,00010000,64.4906,X]
[15,F,0.645627,11000000,64.5627,X]
[81,F,0.647012,00001100,64.7013,X]
[44,F,0.64758,00100000,64.758,X]
[122,F,0.668928,00000001,66.8928,X]
[61,F,0.679086,00010000,67.9086,X]
[16,F,0.696408,11000000,69.6408,X]
[62,F,0.708383,00010000,70.8383,X]
[17,F,0.713009,11000000,71.3009,X]
[63,F,0.724984,00010000,72.4984,X]
[123,F,0.725569,00000001,72.5569,X]
[64,F,0.726938,00010000,72.6937,X]
[18,F,0.740353,11000000,74.0353,X]
[91,F,0.74707,00000100,74.707,X]
[45,F,0.750119,00100000,75.0119,X]
[92,F,0.754883,00000100,75.4883,X]
[19,F,0.756955,11000000,75.6955,X]
[46,F,0.764767,00100000,76.4767,X]
[20,F,0.776486,11000000,77.6486,X]
[82,F,0.780273,00001000,78.0273,X]
[65,F,0.789438,00010000,78.9437,X]
[83,F,0.791016,00001000,79.1016,X]
[21,F,0.798947,11000000,79.8947,X]
[124,F,0.802717,00000001,80.2717,X]
[66,F,0.815805,00010000,81.5805,X]
[67,F,0.822641,00010000,82.2641,X]
[110,F,0.826155,00000010,82.6155,X]
[22,F,0.827577,10000000,82.7577,X]
[30,F,0.838319,01000000,83.8319,X]
[84,F,0.839844,00001000,83.9844,X]
[85,F,0.841797,00001000,84.1797,X]
[111,F,0.846662,00000010,84.6663,X]
[86,F,0.853516,00001000,85.3516,X]
[87,F,0.863281,00001000,86.3281,X]
[23,F,0.864686,10000000,86.4686,X]
[125,F,0.86717,00000001,86.717,X]
[47,F,0.872189,00100000,87.2189,X]
[24,F,0.878358,10000000,87.8358,X]
[93,F,0.884766,00000100,88.4766,X]
[48,F,0.884884,00100000,88.4884,X]
[68,F,0.890023,00010000,89.0023,X]
[94,F,0.890625,00000100,89.0625,X]
[69,F,0.894906,00010000,89.4906,X]
[95,F,0.90332,00000100,90.332,X]
[96,F,0.905273,00000100,90.5273,X]
[112,F,0.906233,00000010,90.6233,X]
[126,F,0.907209,00000001,90.7209,X]
[31,F,0.907655,01000000,90.7655,X]
[127,F,0.910139,00000001,91.0139,X]
[49,F,0.912228,00100000,91.2228,X]
[32,F,0.912537,01000000,91.2537,X]
[113,F,0.916975,00000010,91.6975,X]
[88,F,0.923828,00001000,92.3828,X]
[25,F,0.926209,10000000,92.6209,X]
[114,F,0.927717,00000010,92.7717,X]
[26,F,0.934022,10000000,93.4022,X]
[89,F,0.935547,00001000,93.5547,X]
[70,F,0.945688,00010000,94.5687,X]
[50,F,0.95422,00100000,95.422,X]
[27,F,0.955506,10000000,95.5506,X]
[71,F,0.95643,00010000,95.643,X]
[28,F,0.958436,10000000,95.8436,X]
[72,F,0.961313,00010000,96.1312,X]
[51,F,0.963986,00100000,96.3986,X]
[97,F,0.983398,00000100,98.3398,X]
[115,F,0.991194,00000010,99.1194,X]
[90,F,0.992188,00001000,99.2188,X]
[29,F,0.995545,10000000,99.5545,X]
GUIDE_TREE_PARTITION1=(((((t1:17.34,t2:17.34):52.57,t3:69.91):3.49,t4:73.4):12.68,(t5:31.25,t6:31.25):54.83):13.92,(t7:75.49,t8:75.49):24.51);
