Taxa bit representation:
t1 10000000
t2 01000000
t3 00100000
t4 00010000
t5 00001000
t6 00000100
t7 00000010
t8 00000001
Clade List (<taxon members> = <clade name>): 

>Dataset_0
[11,F,0.129006,00001100,12.9006,X]
[0,F,0.28125,11110000,28.125,X]
[12,F,0.381936,00001100,38.1936,X]
[1,F,0.435739,11000000,43.5739,X]
[2,F,0.444528,11000000,44.4528,X]
[3,F,0.511911,11000000,51.1911,X]
[22,F,0.516702,00000011,51.6702,X]
[4,F,0.54902,11000000,54.902,X]
[13,F,0.56553,00001100,56.553,X]
[23,F,0.584084,00000011,58.4084,X]
[24,F,0.597756,00000011,59.7756,X]
[6,F,0.624216,00110000,62.4216,X]
[7,F,0.639841,00110000,63.9841,X]
[8,F,0.649606,00110000,64.9606,X]
[14,F,0.650491,00001100,65.0491,X]
[15,F,0.682717,00001100,68.2717,X]
[25,F,0.688577,00000011,68.8577,X]
[26,F,0.691506,00000011,69.1506,X]
[27,F,0.694436,00000011,69.4436,X]
[28,F,0.706155,00000011,70.6155,X]
[9,F,0.713083,00110000,71.3083,X]
[29,F,0.714944,00000011,71.4944,X]
[16,F,0.764748,00001100,76.4748,X]
[30,F,0.772355,00000010,77.2355,X]
[34,F,0.775284,00000001,77.5284,X]
[31,F,0.781144,00000010,78.1144,X]
[32,F,0.791886,00000010,79.1886,X]
[33,F,0.792863,00000010,79.2862,X]
[17,F,0.847756,00001100,84.7756,X]
[10,F,0.856637,00110000,85.6637,X]
[18,F,0.861428,00001100,86.1428,X]
[19,F,0.888772,00001100,88.8772,X]
[35,F,0.922745,00000001,92.2745,X]
[20,F,0.935647,00001100,93.5647,X]
[5,F,0.941323,10000000,94.1323,X]
[21,F,0.960061,00001100,96.0061,X]
[36,F,0.987198,00000001,98.7198,X]
GUIDE_TREE_PARTITION1=(((t1:12.02,t2:12.02):48.41,(t3:9.99,t4:9.99):50.44):39.57,((t5:1.45,t6:1.45):98.54,(t7:24.62,t8:24.62):75.37):0.01);
