Taxa bit representation:
t1 10000000
t2 01000000
t3 00100000
t4 00010000
t5 00001000
t6 00000100
t7 00000010
t8 00000001
Clade List (<taxon members> = <clade name>): 

>Dataset_0
[81,F,0.000976562,00001111,0.0976562,X]
[0,F,0.00390625,11110000,0.390625,X]
[1,F,0.00976562,11110000,0.976562,X]
[2,F,0.0292969,11110000,2.92969,X]
[82,F,0.0498047,00001111,4.98047,X]
[3,F,0.0566406,11110000,5.66406,X]
[83,F,0.0771484,00001111,7.71484,X]
[4,F,0.0888672,11110000,8.88672,X]
[5,F,0.0908203,11110000,9.08203,X]
[84,F,0.112305,00001111,11.2305,X]
[85,F,0.120117,00001111,12.0117,X]
[6,F,0.125,11110000,12.5,X]
[86,F,0.134766,00001111,13.4766,X]
[7,F,0.149414,11110000,14.9414,X]
[48,F,0.165519,00110000,16.5519,X]
[8,F,0.203605,11000000,20.3605,X]
[9,F,0.205558,11000000,20.5558,X]
[10,F,0.230948,11000000,23.0948,X]
[49,F,0.231925,00110000,23.1925,X]
[50,F,0.269034,00110000,26.9034,X]
[11,F,0.279777,11000000,27.9777,X]
[12,F,0.287589,11000000,28.7589,X]
[87,F,0.294922,00001111,29.4922,X]
[13,F,0.297355,11000000,29.7355,X]
[51,F,0.335441,00110000,33.5441,X]
[14,F,0.33837,11000000,33.837,X]
[15,F,0.354972,11000000,35.4972,X]
[88,F,0.363281,00001111,36.3281,X]
[52,F,0.366577,00100000,36.6577,X]
[89,F,0.389648,00001111,38.9648,X]
[69,F,0.392944,00010000,39.2944,X]
[114,F,0.401683,00000011,40.1683,X]
[16,F,0.4038,11000000,40.38,X]
[90,F,0.410472,00001100,41.0472,X]
[70,F,0.426147,00010000,42.6147,X]
[53,F,0.4281,00100000,42.81,X]
[17,F,0.431144,11000000,43.1144,X]
[54,F,0.438842,00100000,43.8842,X]
[91,F,0.444652,00001100,44.4652,X]
[55,F,0.454467,00100000,45.4467,X]
[56,F,0.475952,00100000,47.5952,X]
[92,F,0.501292,00001100,50.1292,X]
[71,F,0.503295,00010000,50.3295,X]
[57,F,0.512084,00100000,51.2084,X]
[18,F,0.526847,11000000,52.6847,X]
[19,F,0.540519,11000000,54.0519,X]
[58,F,0.544311,00100000,54.4311,X]
[93,F,0.551097,00001100,55.1097,X]
[20,F,0.553214,11000000,55.3214,X]
[94,F,0.554027,00001100,55.4027,X]
[72,F,0.555053,00010000,55.5053,X]
[95,F,0.558909,00001100,55.8909,X]
[73,F,0.560913,00010000,56.0913,X]
[96,F,0.572581,00001100,57.2581,X]
[21,F,0.575675,11000000,57.5675,X]
[115,F,0.577464,00000011,57.7464,X]
[22,F,0.586417,11000000,58.6417,X]
[116,F,0.58723,00000011,58.723,X]
[97,F,0.588206,00001100,58.8206,X]
[117,F,0.591136,00000011,59.1136,X]
[35,F,0.606989,01000000,60.6989,X]
[59,F,0.610717,00100000,61.0717,X]
[23,F,0.612848,10000000,61.2848,X]
[24,F,0.614802,10000000,61.4802,X]
[118,F,0.616527,00000011,61.6527,X]
[25,F,0.621637,10000000,62.1637,X]
[74,F,0.636108,00010000,63.6108,X]
[36,F,0.642145,01000000,64.2145,X]
[98,F,0.642894,00001100,64.2894,X]
[37,F,0.658747,01000000,65.8747,X]
[38,F,0.669489,01000000,66.9489,X]
[99,F,0.673167,00001100,67.3167,X]
[26,F,0.678278,10000000,67.8278,X]
[60,F,0.682006,00100000,68.2006,X]
[75,F,0.683959,00010000,68.3959,X]
[27,F,0.686091,10000000,68.6091,X]
[39,F,0.686091,01000000,68.6091,X]
[28,F,0.688044,10000000,68.8044,X]
[76,F,0.696655,00010000,69.6655,X]
[61,F,0.705444,00100000,70.5444,X]
[29,F,0.715387,10000000,71.5387,X]
[62,F,0.723998,00100000,72.3998,X]
[40,F,0.727106,01000000,72.7106,X]
[63,F,0.731811,00100000,73.1811,X]
[119,F,0.738597,00000011,73.8597,X]
[77,F,0.756225,00010000,75.6225,X]
[64,F,0.756225,00100000,75.6225,X]
[30,F,0.760309,10000000,76.0309,X]
[78,F,0.772827,00010000,77.2827,X]
[65,F,0.776733,00100000,77.6733,X]
[120,F,0.778636,00000011,77.8636,X]
[31,F,0.813044,10000000,81.3044,X]
[121,F,0.826488,00000011,82.6488,X]
[106,F,0.82677,00000100,82.677,X]
[41,F,0.828669,01000000,82.8669,X]
[107,F,0.830677,00000100,83.0677,X]
[42,F,0.831598,01000000,83.1598,X]
[66,F,0.853881,00100000,85.3881,X]
[100,F,0.854114,00001000,85.4114,X]
[32,F,0.855036,10000000,85.5036,X]
[108,F,0.877552,00000100,87.7552,X]
[122,F,0.880477,00000010,88.0477,X]
[125,F,0.883406,00000001,88.3406,X]
[101,F,0.902942,00001000,90.2942,X]
[123,F,0.904891,00000010,90.4891,X]
[109,F,0.904895,00000100,90.4895,X]
[102,F,0.904895,00001000,90.4895,X]
[67,F,0.906616,00100000,90.6616,X]
[43,F,0.914606,01000000,91.4606,X]
[110,F,0.915637,00000100,91.5637,X]
[111,F,0.924427,00000100,92.4427,X]
[103,F,0.933216,00001000,93.3216,X]
[33,F,0.937067,10000000,93.7067,X]
[112,F,0.938098,00000100,93.8098,X]
[79,F,0.938842,00010000,93.8842,X]
[80,F,0.940795,00010000,94.0795,X]
[126,F,0.941023,00000001,94.1023,X]
[44,F,0.953669,01000000,95.3669,X]
[45,F,0.954645,01000000,95.4645,X]
[46,F,0.968317,01000000,96.8317,X]
[113,F,0.972278,00000100,97.2278,X]
[124,F,0.975203,00000010,97.5203,X]
[34,F,0.977106,10000000,97.7106,X]
[68,F,0.978881,00100000,97.8881,X]
[104,F,0.982044,00001000,98.2044,X]
[47,F,0.985895,01000000,98.5895,X]
[105,F,0.994739,00001000,99.4739,X]
[127,F,0.995711,00000001,99.5711,X]
GUIDE_TREE_PARTITION1=(((t1:40.18,t2:40.18):44.44,(t3:63.44,t4:63.44):21.18):15.38,((t5:23.28,t6:23.28):37.04,(t7:12.05,t8:12.05):48.27):39.68);
