Taxa bit representation:
t1 10000000
t2 01000000
t3 00100000
t4 00010000
t5 00001000
t6 00000100
t7 00000010
t8 00000001
Clade List (<taxon members> = <clade name>): 

>Dataset_0
[48,F,0.0859375,00000001,8.59375,X]
[49,F,0.111328,00000001,11.1328,X]
[0,F,0.135869,11111000,13.5869,X]
[36,F,0.266728,00000100,26.6728,X]
[44,F,0.305675,00000010,30.5675,X]
[50,F,0.310547,00000001,31.0547,X]
[37,F,0.33997,00000100,33.997,X]
[18,F,0.375297,00001000,37.5297,X]
[38,F,0.388798,00000100,38.8798,X]
[19,F,0.429984,00001000,42.9984,X]
[39,F,0.443486,00000100,44.3486,X]
[40,F,0.445439,00000100,44.5439,X]
[1,F,0.465141,11110000,46.5141,X]
[41,F,0.504033,00000100,50.4033,X]
[20,F,0.508109,00001000,50.8109,X]
[2,F,0.511039,11110000,51.1039,X]
[42,F,0.515752,00000100,51.5752,X]
[21,F,0.517875,00001000,51.7875,X]
[22,F,0.529594,00001000,52.9594,X]
[3,F,0.541119,11100000,54.1119,X]
[23,F,0.546195,00001000,54.6195,X]
[11,F,0.556744,00010000,55.6744,X]
[24,F,0.558891,00001000,55.8891,X]
[25,F,0.574516,00001000,57.4516,X]
[26,F,0.576469,00001000,57.6469,X]
[27,F,0.589164,00001000,58.9164,X]
[28,F,0.596977,00001000,59.6977,X]
[12,F,0.629986,00010000,62.9986,X]
[4,F,0.630962,11100000,63.0962,X]
[13,F,0.638775,00010000,63.8775,X]
[14,F,0.645611,00010000,64.5611,X]
[15,F,0.663189,00010000,66.3189,X]
[5,F,0.669048,11100000,66.9048,X]
[45,F,0.676769,00000010,67.6769,X]
[6,F,0.681744,11100000,68.1744,X]
[29,F,0.691703,00001000,69.1703,X]
[51,F,0.706055,00000001,70.6055,X]
[16,F,0.711041,00010000,71.1041,X]
[30,F,0.732719,00001000,73.2719,X]
[43,F,0.742314,00000100,74.2314,X]
[9,F,0.743847,00100000,74.3847,X]
[31,F,0.756156,00001000,75.6156,X]
[32,F,0.772758,00001000,77.2758,X]
[33,F,0.800102,00001000,80.0102,X]
[10,F,0.841503,00100000,84.1503,X]
[46,F,0.844738,00000010,84.4738,X]
[47,F,0.860363,00000010,86.0363,X]
[17,F,0.874127,00010000,87.4127,X]
[34,F,0.881156,00001000,88.1156,X]
[7,F,0.892284,11000000,89.2284,X]
[35,F,0.897758,00001000,89.7758,X]
[8,F,0.927441,11000000,92.7441,X]
GUIDE_TREE_PARTITION1=(((((((t1:6.48,t2:6.48):25.19,t3:31.67):15.39,t4:47.06):18.34,t5:65.4):25.31,t6:90.71):2.16,t7:92.87):7.13,t8:100);
