Taxa bit representation:
t1 10000000
t2 01000000
t3 00100000
t4 00010000
t5 00001000
t6 00000100
t7 00000010
t8 00000001
Clade List (<taxon members> = <clade name>): 

>Dataset_0
[0,F,0.0302734,11111100,3.02734,X]
[38,F,0.046875,00000011,4.6875,X]
[30,F,0.136328,00000100,13.6328,X]
[21,F,0.146094,00001000,14.6094,X]
[39,F,0.207031,00000011,20.7031,X]
[40,F,0.217773,00000011,21.7773,X]
[31,F,0.254492,00000100,25.4492,X]
[22,F,0.273047,00001000,27.3047,X]
[23,F,0.284766,00001000,28.4766,X]
[24,F,0.316016,00001000,31.6016,X]
[32,F,0.328711,00000100,32.8711,X]
[33,F,0.347266,00000100,34.7266,X]
[41,F,0.36415,00000010,36.415,X]
[42,F,0.368056,00000010,36.8056,X]
[43,F,0.369033,00000010,36.9033,X]
[51,F,0.39833,00000001,39.833,X]
[15,F,0.434966,00010000,43.4966,X]
[34,F,0.453711,00000100,45.3711,X]
[52,F,0.456923,00000001,45.6923,X]
[25,F,0.458594,00001000,45.8594,X]
[35,F,0.470313,00000100,47.0312,X]
[26,F,0.498633,00001000,49.8633,X]
[44,F,0.524306,00000010,52.4306,X]
[27,F,0.537695,00001000,53.7695,X]
[28,F,0.567969,00001000,56.7969,X]
[53,F,0.573134,00000001,57.3134,X]
[29,F,0.59043,00001000,59.043,X]
[1,F,0.592328,11000000,59.2328,X]
[54,F,0.638564,00000001,63.8564,X]
[6,F,0.678734,01000000,67.8734,X]
[36,F,0.68418,00000100,68.418,X]
[16,F,0.687895,00010000,68.7895,X]
[37,F,0.694922,00000100,69.4922,X]
[45,F,0.709853,00000010,70.9853,X]
[10,F,0.721234,00100000,72.1234,X]
[2,F,0.724633,10000000,72.4633,X]
[46,F,0.731337,00000010,73.1337,X]
[55,F,0.746962,00000001,74.6962,X]
[56,F,0.762587,00000001,76.2587,X]
[7,F,0.763695,01000000,76.3695,X]
[17,F,0.767973,00010000,76.7973,X]
[8,F,0.784203,01000000,78.4203,X]
[57,F,0.789931,00000001,78.9931,X]
[11,F,0.792523,00100000,79.2523,X]
[18,F,0.80313,00010000,80.313,X]
[47,F,0.813369,00000010,81.3369,X]
[48,F,0.817275,00000010,81.7275,X]
[49,F,0.818252,00000010,81.8252,X]
[58,F,0.839736,00000001,83.9736,X]
[3,F,0.853539,10000000,85.3539,X]
[19,F,0.874419,00010000,87.4419,X]
[50,F,0.894423,00000010,89.4423,X]
[12,F,0.895062,00100000,89.5062,X]
[4,F,0.900414,10000000,90.0414,X]
[9,F,0.911156,01000000,91.1156,X]
[13,F,0.931195,00100000,93.1195,X]
[59,F,0.974502,00000001,97.4502,X]
[5,F,0.977563,10000000,97.7562,X]
[14,F,0.979047,00100000,97.9047,X]
[20,F,0.9877,00010000,98.77,X]
GUIDE_TREE_PARTITION1=(((((t1:37.4,t2:37.4):8.25,t3:45.65):18.08,t4:63.73):30.46,(t5:91.25,t6:91.25):2.94):5.81,(t7:72.96,t8:72.96):27.04);
