Taxa bit representation:
t1 10000000
t2 01000000
t3 00100000
t4 00010000
t5 00001000
t6 00000100
t7 00000010
t8 00000001
Clade List (<taxon members> = <clade name>): 

>Dataset_0
[25,F,0.0761719,00000001,7.61719,X]
[26,F,0.126953,00000001,12.6953,X]
[0,F,0.205078,11111110,20.5078,X]
[27,F,0.293945,00000001,29.3945,X]
[28,F,0.347656,00000001,34.7656,X]
[29,F,0.349609,00000001,34.9609,X]
[1,F,0.407227,11111110,40.7227,X]
[18,F,0.518877,00000100,51.8877,X]
[19,F,0.596025,00000100,59.6025,X]
[30,F,0.614258,00000001,61.4258,X]
[31,F,0.642578,00000001,64.2578,X]
[20,F,0.67708,00000100,67.708,X]
[2,F,0.679719,11100000,67.9719,X]
[21,F,0.694658,00000100,69.4658,X]
[3,F,0.703156,11100000,70.3156,X]
[4,F,0.736359,11100000,73.6359,X]
[15,F,0.742555,00001000,74.2555,X]
[13,F,0.759797,00010000,75.9797,X]
[32,F,0.764648,00000001,76.4648,X]
[14,F,0.76468,00010000,76.468,X]
[33,F,0.814453,00000001,81.4453,X]
[5,F,0.873775,11000000,87.3775,X]
[12,F,0.891353,00100000,89.1353,X]
[23,F,0.895902,00000010,89.5902,X]
[9,F,0.899853,01000000,89.9853,X]
[16,F,0.916383,00001000,91.6383,X]
[34,F,0.920898,00000001,92.0898,X]
[24,F,0.935941,00000010,93.5941,X]
[22,F,0.95247,00000100,95.247,X]
[35,F,0.954102,00000001,95.4102,X]
[10,F,0.968212,01000000,96.8212,X]
[6,F,0.969189,10000000,96.9189,X]
[7,F,0.974072,10000000,97.4072,X]
[8,F,0.975048,10000000,97.5048,X]
[11,F,0.984814,01000000,98.4814,X]
[17,F,0.999391,00001000,99.9391,X]
GUIDE_TREE_PARTITION1=(((((((t1:10.21,t2:10.21):7.1,t3:17.31):15.89,t4:33.2):0.65,t5:33.85):14.36,t6:48.21):1.36,t7:49.57):50.43,t8:100);
