Taxa bit representation:
t1 10000000
t2 01000000
t3 00100000
t4 00010000
t5 00001000
t6 00000100
t7 00000010
t8 00000001
Clade List (<taxon members> = <clade name>): 

>Dataset_0
[101,F,0.0117188,00000011,1.17188,X]
[0,F,0.0351562,11111100,3.51562,X]
[1,F,0.0371094,11111100,3.71094,X]
[2,F,0.0400391,11111100,4.00391,X]
[3,F,0.0498047,11111100,4.98047,X]
[102,F,0.0556641,00000011,5.56641,X]
[4,F,0.0763953,11110000,7.63953,X]
[5,F,0.120341,11110000,12.0341,X]
[103,F,0.125,00000011,12.5,X]
[104,F,0.147461,00000011,14.7461,X]
[105,F,0.169922,00000011,16.9922,X]
[53,F,0.173555,00001000,17.3555,X]
[84,F,0.187227,00000100,18.7227,X]
[54,F,0.193086,00001000,19.3086,X]
[6,F,0.197489,11110000,19.7489,X]
[106,F,0.200195,00000011,20.0195,X]
[85,F,0.203828,00000100,20.3828,X]
[86,F,0.224336,00000100,22.4336,X]
[87,F,0.230195,00000100,23.0195,X]
[7,F,0.237528,11110000,23.7528,X]
[8,F,0.2512,11110000,25.12,X]
[107,F,0.275391,00000011,27.5391,X]
[9,F,0.277567,11110000,27.7567,X]
[55,F,0.278047,00001000,27.8047,X]
[88,F,0.278047,00000100,27.8047,X]
[108,F,0.291016,00000011,29.1016,X]
[109,F,0.291992,00000011,29.1992,X]
[110,F,0.302734,00000011,30.2734,X]
[111,F,0.305664,00000011,30.5664,X]
[10,F,0.305887,11110000,30.5887,X]
[56,F,0.319063,00001000,31.9063,X]
[112,F,0.329102,00000011,32.9102,X]
[89,F,0.337617,00000100,33.7617,X]
[90,F,0.375703,00000100,37.5703,X]
[113,F,0.388672,00000011,38.8672,X]
[11,F,0.396708,11110000,39.6708,X]
[91,F,0.399141,00000100,39.9141,X]
[57,F,0.403047,00001000,40.3047,X]
[58,F,0.418672,00001000,41.8672,X]
[40,F,0.425219,00010000,42.5219,X]
[59,F,0.426484,00001000,42.6484,X]
[114,F,0.431641,00000011,43.1641,X]
[12,F,0.434984,11100000,43.4984,X]
[13,F,0.438891,11100000,43.8891,X]
[115,F,0.446289,00000011,44.6289,X]
[41,F,0.460375,00010000,46.0375,X]
[116,F,0.47168,00000011,47.168,X]
[14,F,0.475023,11100000,47.5023,X]
[60,F,0.482148,00001000,48.2148,X]
[42,F,0.490648,00010000,49.0648,X]
[43,F,0.50725,00010000,50.725,X]
[61,F,0.522188,00001000,52.2188,X]
[62,F,0.525117,00001000,52.5117,X]
[117,F,0.533203,00000011,53.3203,X]
[92,F,0.536836,00000100,53.6836,X]
[118,F,0.549805,00000011,54.9805,X]
[63,F,0.550508,00001000,55.0508,X]
[15,F,0.558031,11100000,55.8031,X]
[119,F,0.561523,00000011,56.1523,X]
[64,F,0.577852,00001000,57.7852,X]
[44,F,0.578539,00010000,57.8539,X]
[45,F,0.580492,00010000,58.0492,X]
[120,F,0.592773,00000011,59.2773,X]
[16,F,0.593187,11100000,59.3187,X]
[121,F,0.595703,00000011,59.5703,X]
[93,F,0.604219,00000100,60.4219,X]
[46,F,0.614672,00010000,61.4672,X]
[65,F,0.619844,00001000,61.9844,X]
[66,F,0.629609,00001000,62.9609,X]
[67,F,0.635469,00001000,63.5469,X]
[17,F,0.635572,11000000,63.5572,X]
[94,F,0.642305,00000100,64.2305,X]
[122,F,0.650391,00000011,65.0391,X]
[123,F,0.65332,00000011,65.332,X]
[68,F,0.661836,00001000,66.1836,X]
[33,F,0.664869,00100000,66.4869,X]
[47,F,0.667406,00010000,66.7406,X]
[26,F,0.667495,01000000,66.7495,X]
[69,F,0.680391,00001000,68.0391,X]
[124,F,0.681259,00000010,68.1259,X]
[18,F,0.684097,10000000,68.4097,X]
[125,F,0.688095,00000010,68.8095,X]
[70,F,0.693086,00001000,69.3086,X]
[95,F,0.698945,00000100,69.8945,X]
[71,F,0.701875,00001000,70.1875,X]
[27,F,0.706558,01000000,70.6558,X]
[72,F,0.724336,00001000,72.4336,X]
[133,F,0.725205,00000001,72.5205,X]
[126,F,0.727158,00000010,72.7158,X]
[73,F,0.737031,00001000,73.7031,X]
[19,F,0.742691,10000000,74.2691,X]
[134,F,0.745713,00000001,74.5713,X]
[74,F,0.74582,00001000,74.582,X]
[75,F,0.747773,00001000,74.7773,X]
[34,F,0.747877,00100000,74.7877,X]
[48,F,0.752367,00010000,75.2367,X]
[35,F,0.752759,00100000,75.2759,X]
[127,F,0.762314,00000010,76.2314,X]
[96,F,0.762422,00000100,76.2422,X]
[36,F,0.769361,00100000,76.9361,X]
[128,F,0.770127,00000010,77.0127,X]
[135,F,0.771103,00000001,77.1103,X]
[49,F,0.772875,00010000,77.2875,X]
[129,F,0.779892,00000010,77.9892,X]
[136,F,0.781845,00000001,78.1845,X]
[130,F,0.793564,00000010,79.3564,X]
[137,F,0.795517,00000001,79.5517,X]
[131,F,0.799423,00000010,79.9423,X]
[20,F,0.801284,10000000,80.1284,X]
[97,F,0.804414,00000100,80.4414,X]
[98,F,0.807344,00000100,80.7344,X]
[99,F,0.809297,00000100,80.9297,X]
[76,F,0.821016,00001000,82.1016,X]
[21,F,0.821792,10000000,82.1792,X]
[138,F,0.821884,00000001,82.1884,X]
[22,F,0.843277,10000000,84.3277,X]
[132,F,0.854111,00000010,85.4111,X]
[50,F,0.858812,00010000,85.8812,X]
[37,F,0.860181,00100000,86.0181,X]
[77,F,0.871797,00001000,87.1797,X]
[139,F,0.878525,00000001,87.8525,X]
[78,F,0.878633,00001000,87.8633,X]
[28,F,0.893081,01000000,89.3081,X]
[38,F,0.893384,00100000,89.3384,X]
[100,F,0.895234,00000100,89.5234,X]
[29,F,0.900894,01000000,90.0894,X]
[30,F,0.917495,01000000,91.7495,X]
[140,F,0.919541,00000001,91.9541,X]
[79,F,0.923555,00001000,92.3555,X]
[80,F,0.929414,00001000,92.9414,X]
[31,F,0.930191,01000000,93.0191,X]
[32,F,0.93312,01000000,93.312,X]
[51,F,0.937914,00010000,93.7914,X]
[81,F,0.93918,00001000,93.918,X]
[52,F,0.948656,00010000,94.8656,X]
[23,F,0.956558,10000000,95.6558,X]
[82,F,0.957734,00001000,95.7734,X]
[83,F,0.958711,00001000,95.8711,X]
[24,F,0.961441,10000000,96.1441,X]
[141,F,0.966416,00000001,96.6416,X]
[25,F,0.9673,10000000,96.73,X]
[39,F,0.969556,00100000,96.9556,X]
[142,F,0.982041,00000001,98.2041,X]
GUIDE_TREE_PARTITION1=(((((t1:34.52,t2:34.52):3.29,t3:37.81):20.84,t4:58.65):34.98,(t5:84.5,t6:84.5):9.13):6.37,(t7:32.46,t8:32.46):67.54);
