Taxa bit representation:
t1 10000000
t2 01000000
t3 00100000
t4 00010000
t5 00001000
t6 00000100
t7 00000010
t8 00000001
Clade List (<taxon members> = <clade name>): 

>Dataset_0
[0,F,0.00195312,11111110,0.195312,X]
[119,F,0.0078125,00000001,0.78125,X]
[120,F,0.0234375,00000001,2.34375,X]
[91,F,0.0352828,00000010,3.52828,X]
[1,F,0.0636031,11111100,6.36031,X]
[92,F,0.105595,00000010,10.5595,X]
[121,F,0.118164,00000001,11.8164,X]
[93,F,0.125127,00000010,12.5127,X]
[94,F,0.12708,00000010,12.708,X]
[122,F,0.145508,00000001,14.5508,X]
[123,F,0.161133,00000001,16.1133,X]
[95,F,0.162236,00000010,16.2236,X]
[2,F,0.179814,11111100,17.9814,X]
[96,F,0.196416,00000010,19.6416,X]
[97,F,0.255009,00000010,25.5009,X]
[98,F,0.265752,00000010,26.5752,X]
[3,F,0.279423,11111100,27.9423,X]
[99,F,0.297002,00000010,29.7002,X]
[4,F,0.307489,11111000,30.7489,X]
[72,F,0.311395,00000100,31.1395,X]
[100,F,0.315556,00000010,31.5556,X]
[53,F,0.322236,00001000,32.2236,X]
[101,F,0.326298,00000010,32.6298,X]
[102,F,0.335087,00000010,33.5087,X]
[124,F,0.345703,00000001,34.5703,X]
[54,F,0.370087,00001000,37.0087,X]
[103,F,0.372197,00000010,37.2197,X]
[125,F,0.374023,00000001,37.4023,X]
[5,F,0.378877,11110000,37.8877,X]
[104,F,0.380986,00000010,38.0986,X]
[55,F,0.392548,00001000,39.2548,X]
[56,F,0.393525,00001000,39.3525,X]
[126,F,0.397461,00000001,39.7461,X]
[127,F,0.410156,00000001,41.0156,X]
[6,F,0.427705,11110000,42.7705,X]
[7,F,0.430634,11110000,43.0634,X]
[34,F,0.443259,00010000,44.3259,X]
[57,F,0.456025,00001000,45.6025,X]
[35,F,0.458884,00010000,45.8884,X]
[73,F,0.469598,00000100,46.9598,X]
[36,F,0.483298,00010000,48.3298,X]
[128,F,0.494141,00000001,49.4141,X]
[105,F,0.494267,00000010,49.4267,X]
[74,F,0.502802,00000100,50.2802,X]
[129,F,0.506836,00000001,50.6836,X]
[106,F,0.511845,00000010,51.1845,X]
[8,F,0.514548,11100000,51.4548,X]
[75,F,0.531122,00000100,53.1122,X]
[130,F,0.532227,00000001,53.2227,X]
[76,F,0.546747,00000100,54.6747,X]
[9,F,0.5624,11100000,56.24,X]
[107,F,0.566533,00000010,56.6533,X]
[108,F,0.569462,00000010,56.9462,X]
[37,F,0.59072,00010000,59.072,X]
[131,F,0.594727,00000001,59.4727,X]
[10,F,0.610673,11000000,61.0673,X]
[77,F,0.612177,00000100,61.2177,X]
[78,F,0.622919,00000100,62.2919,X]
[132,F,0.625,00000001,62.5,X]
[109,F,0.632939,00000010,63.2939,X]
[79,F,0.636591,00000100,63.6591,X]
[110,F,0.638798,00000010,63.8798,X]
[38,F,0.640525,00010000,64.0525,X]
[133,F,0.641602,00000001,64.1602,X]
[134,F,0.644531,00000001,64.4531,X]
[80,F,0.653192,00000100,65.3192,X]
[11,F,0.659502,11000000,65.9502,X]
[111,F,0.666142,00000010,66.6142,X]
[12,F,0.667314,11000000,66.7314,X]
[112,F,0.669072,00000010,66.9072,X]
[135,F,0.673828,00000001,67.3828,X]
[39,F,0.686423,00010000,68.6423,X]
[58,F,0.692353,00001000,69.2353,X]
[113,F,0.693486,00000010,69.3486,X]
[27,F,0.696611,00100000,69.6611,X]
[40,F,0.699119,00010000,69.9119,X]
[136,F,0.706055,00000001,70.6055,X]
[81,F,0.70788,00000100,70.788,X]
[82,F,0.708856,00000100,70.8856,X]
[83,F,0.710809,00000100,71.0809,X]
[84,F,0.712762,00000100,71.2762,X]
[28,F,0.715166,00100000,71.5166,X]
[41,F,0.71865,00010000,71.865,X]
[137,F,0.723633,00000001,72.3633,X]
[114,F,0.723759,00000010,72.3759,X]
[42,F,0.732322,00010000,73.2322,X]
[13,F,0.73372,11000000,73.372,X]
[29,F,0.741533,00100000,74.1533,X]
[14,F,0.747392,11000000,74.7392,X]
[43,F,0.756736,00010000,75.6736,X]
[59,F,0.756806,00001000,75.6806,X]
[60,F,0.759736,00001000,75.9736,X]
[115,F,0.763798,00000010,76.3798,X]
[85,F,0.76452,00000100,76.452,X]
[44,F,0.771384,00010000,77.1384,X]
[61,F,0.776337,00001000,77.6337,X]
[45,F,0.78115,00010000,78.115,X]
[86,F,0.783075,00000100,78.3075,X]
[62,F,0.790986,00001000,79.0986,X]
[15,F,0.797214,10000000,79.7214,X]
[46,F,0.799705,00010000,79.9705,X]
[47,F,0.805564,00010000,80.5564,X]
[87,F,0.806512,00000100,80.6512,X]
[63,F,0.8154,00001000,81.54,X]
[138,F,0.821289,00000001,82.1289,X]
[64,F,0.824189,00001000,82.4189,X]
[16,F,0.83237,10000000,83.237,X]
[30,F,0.83333,00100000,83.333,X]
[139,F,0.834961,00000001,83.4961,X]
[65,F,0.839814,00001000,83.9814,X]
[140,F,0.842773,00000001,84.2773,X]
[88,F,0.843622,00000100,84.3622,X]
[17,F,0.845066,10000000,84.5066,X]
[31,F,0.849931,00100000,84.9931,X]
[66,F,0.854462,00001000,85.4462,X]
[48,F,0.859275,00010000,85.9275,X]
[20,F,0.885105,01000000,88.5105,X]
[49,F,0.888572,00010000,88.8572,X]
[67,F,0.896455,00001000,89.6455,X]
[21,F,0.899753,01000000,89.9753,X]
[22,F,0.906589,01000000,90.6589,X]
[32,F,0.920244,00100000,92.0244,X]
[89,F,0.92077,00000100,92.077,X]
[68,F,0.924775,00001000,92.4775,X]
[18,F,0.92612,10000000,92.612,X]
[23,F,0.928073,01000000,92.8073,X]
[69,F,0.928681,00001000,92.8681,X]
[24,F,0.93198,01000000,93.198,X]
[90,F,0.935419,00000100,93.5419,X]
[33,F,0.938798,00100000,93.8798,X]
[116,F,0.945439,00000010,94.5439,X]
[50,F,0.946189,00010000,94.6189,X]
[70,F,0.946259,00001000,94.6259,X]
[71,F,0.957978,00001000,95.7978,X]
[117,F,0.96497,00000010,96.497,X]
[25,F,0.975925,01000000,97.5925,X]
[141,F,0.977539,00000001,97.7539,X]
[26,F,0.979831,01000000,97.9831,X]
[19,F,0.981784,10000000,98.1784,X]
[142,F,0.986328,00000001,98.6328,X]
[51,F,0.992088,00010000,99.2087,X]
[52,F,0.993064,00010000,99.3064,X]
[118,F,0.997197,00000010,99.7197,X]
GUIDE_TREE_PARTITION1=(((((((t1:22.72,t2:22.72):19.24,t3:41.96):14.3,t4:56.26):12.2,t5:68.46):1.67,t6:70.13):26.83,t7:96.96):3.04,t8:100);
