Taxa bit representation:
t1 10000000
t2 01000000
t3 00100000
t4 00010000
t5 00001000
t6 00000100
t7 00000010
t8 00000001
Clade List (<taxon members> = <clade name>): 

>Dataset_0
[30,F,0.0224609,00000001,2.24609,X]
[31,F,0.108398,00000001,10.8398,X]
[0,F,0.123047,11111110,12.3047,X]
[32,F,0.133789,00000001,13.3789,X]
[1,F,0.229906,11111100,22.9906,X]
[24,F,0.255297,00000010,25.5297,X]
[2,F,0.29143,11111100,29.143,X]
[3,F,0.295336,11111100,29.5336,X]
[25,F,0.321703,00000010,32.1703,X]
[4,F,0.329516,11111100,32.9516,X]
[5,F,0.336352,11111100,33.6352,X]
[6,F,0.362719,11111100,36.2719,X]
[33,F,0.428711,00000001,42.8711,X]
[26,F,0.449633,00000010,44.9633,X]
[27,F,0.495531,00000010,49.5531,X]
[34,F,0.545898,00000001,54.5898,X]
[7,F,0.550753,11110000,55.0753,X]
[28,F,0.574633,00000010,57.4633,X]
[17,F,0.578097,00001000,57.8097,X]
[18,F,0.594698,00001000,59.4698,X]
[22,F,0.601892,00000100,60.1892,X]
[19,F,0.710909,00001000,71.0909,X]
[12,F,0.711748,00010000,71.1748,X]
[35,F,0.749023,00000001,74.9023,X]
[13,F,0.78792,00010000,78.792,X]
[29,F,0.821703,00000010,82.1703,X]
[8,F,0.826006,11100000,82.6006,X]
[20,F,0.849581,00001000,84.9581,X]
[14,F,0.85335,00010000,85.335,X]
[15,F,0.864092,00010000,86.4092,X]
[10,F,0.892141,00100000,89.2141,X]
[21,F,0.951144,00001000,95.1144,X]
[11,F,0.967336,00100000,96.7336,X]
[16,F,0.977373,00010000,97.7373,X]
[23,F,0.982752,00000100,98.2752,X]
[36,F,0.990234,00000001,99.0234,X]
[9,F,0.994858,10000000,99.4858,X]
GUIDE_TREE_PARTITION1=(((((((t1:5.69,t2:5.69):10.76,t3:16.45):20.09,t4:36.54):8.58,t5:45.12):17.64,t6:62.76):14.64,t7:77.4):22.6,t8:100);
