Taxa bit representation:
t1 10000000
t2 01000000
t3 00100000
t4 00010000
t5 00001000
t6 00000100
t7 00000010
t8 00000001
Clade List (<taxon members> = <clade name>): 

>Dataset_0
[22,F,0.179688,00000011,17.9688,X]
[0,F,0.270508,11111100,27.0508,X]
[23,F,0.336914,00000011,33.6914,X]
[24,F,0.348633,00000011,34.8633,X]
[25,F,0.374023,00000011,37.4023,X]
[1,F,0.471666,11100000,47.1666,X]
[2,F,0.491197,11100000,49.1197,X]
[12,F,0.538072,00010000,53.8072,X]
[9,F,0.542055,00100000,54.2055,X]
[18,F,0.561255,00000100,56.1255,X]
[14,F,0.593481,00001000,59.3481,X]
[15,F,0.623755,00001000,62.3755,X]
[16,F,0.656958,00001000,65.6958,X]
[13,F,0.662095,00010000,66.2095,X]
[3,F,0.704164,11000000,70.4164,X]
[17,F,0.707739,00001000,70.7739,X]
[19,F,0.736059,00000100,73.6059,X]
[20,F,0.748755,00000100,74.8755,X]
[26,F,0.751953,00000011,75.1953,X]
[4,F,0.767469,10000000,76.7469,X]
[10,F,0.80475,00100000,80.475,X]
[11,F,0.83307,00100000,83.307,X]
[7,F,0.84657,01000000,84.657,X]
[5,F,0.848523,10000000,84.8523,X]
[8,F,0.910047,01000000,91.0047,X]
[27,F,0.924317,00000010,92.4317,X]
[28,F,0.928223,00000001,92.8223,X]
[21,F,0.939184,00000100,93.9184,X]
[6,F,0.968641,10000000,96.8641,X]
GUIDE_TREE_PARTITION1=(((((t1:27.55,t2:27.55):20.1,t3:47.65):12.41,t4:60.06):7.23,(t5:58.23,t6:58.23):9.06):32.71,(t7:13.33,t8:13.33):86.67);
