Taxa bit representation:
t1 10000000
t2 01000000
t3 00100000
t4 00010000
t5 00001000
t6 00000100
t7 00000010
t8 00000001
Clade List (<taxon members> = <clade name>): 

>Dataset_0
[0,F,0.137695,11110000,13.7695,X]
[14,F,0.138841,00000011,13.8841,X]
[15,F,0.221848,00000011,22.1848,X]
[1,F,0.238281,11110000,23.8281,X]
[4,F,0.419236,00110000,41.9236,X]
[9,F,0.465989,00001100,46.5989,X]
[2,F,0.50615,11000000,50.615,X]
[10,F,0.507981,00001100,50.7981,X]
[11,F,0.531419,00001100,53.1419,X]
[5,F,0.592088,00110000,59.2088,X]
[6,F,0.612595,00110000,61.2595,X]
[7,F,0.734666,00110000,73.4666,X]
[16,F,0.747239,00000011,74.7239,X]
[12,F,0.752122,00001100,75.2122,X]
[13,F,0.884431,00001000,88.4431,X]
[8,F,0.899795,00100000,89.9795,X]
[17,F,0.90587,00000001,90.587,X]
[3,F,0.947623,10000000,94.7623,X]
[18,F,0.958605,00000001,95.8605,X]
GUIDE_TREE_PARTITION1=(((t1:17.64,t2:17.64):47.37,(t3:23.79,t4:23.79):41.22):34.99,((t5:19.76,t6:19.76):72.02,(t7:15.37,t8:15.37):76.41):8.22);
