Taxa bit representation:
t1 10000000
t2 01000000
t3 00100000
t4 00010000
t5 00001000
t6 00000100
t7 00000010
t8 00000001
Clade List (<taxon members> = <clade name>): 

>Dataset_0
[14,F,0.103516,00000011,10.3516,X]
[0,F,0.373738,11110000,37.3738,X]
[1,F,0.442097,11110000,44.2097,X]
[2,F,0.484089,11110000,48.4089,X]
[15,F,0.518555,00000011,51.8555,X]
[11,F,0.550495,00001100,55.0495,X]
[16,F,0.567383,00000011,56.7383,X]
[3,F,0.583458,11100000,58.3458,X]
[7,F,0.663536,00010000,66.3536,X]
[8,F,0.703575,00010000,70.3575,X]
[12,F,0.749714,00001100,74.9714,X]
[4,F,0.757286,11100000,75.7286,X]
[5,F,0.810997,11100000,81.0997,X]
[9,F,0.865684,00010000,86.5684,X]
[6,F,0.965666,10000000,96.5666,X]
[13,F,0.980541,00001000,98.0541,X]
[10,F,0.983848,00010000,98.3848,X]
GUIDE_TREE_PARTITION1=(((((t1:4.41,t2:4.41):2.01,t3:6.42):40.41,t4:46.83):18.14,(t5:7.61,t6:7.61):57.36):35.03,(t7:7.65,t8:7.65):92.35);
