Taxa bit representation:
t1 10000000
t2 01000000
t3 00100000
t4 00010000
t5 00001000
t6 00000100
t7 00000010
t8 00000001
Clade List (<taxon members> = <clade name>): 

>Dataset_0
[66,F,0.00683594,00000001,0.683594,X]
[0,F,0.0126953,11111110,1.26953,X]
[1,F,0.0253906,11111110,2.53906,X]
[67,F,0.03125,00000001,3.125,X]
[2,F,0.0371094,11111110,3.71094,X]
[3,F,0.0390625,11111110,3.90625,X]
[68,F,0.0634766,00000001,6.34766,X]
[69,F,0.0830078,00000001,8.30078,X]
[70,F,0.0839844,00000001,8.39844,X]
[71,F,0.09375,00000001,9.375,X]
[4,F,0.0947266,11111110,9.47266,X]
[5,F,0.123047,11111110,12.3047,X]
[72,F,0.124023,00000001,12.4023,X]
[6,F,0.12793,11111110,12.793,X]
[73,F,0.199219,00000001,19.9219,X]
[7,F,0.211914,11111110,21.1914,X]
[74,F,0.21582,00000001,21.582,X]
[8,F,0.22168,11111110,22.168,X]
[75,F,0.222656,00000001,22.2656,X]
[76,F,0.292969,00000001,29.2969,X]
[9,F,0.322266,11111110,32.2266,X]
[77,F,0.325195,00000001,32.5195,X]
[10,F,0.378906,11111110,37.8906,X]
[78,F,0.378906,00000001,37.8906,X]
[79,F,0.429688,00000001,42.9688,X]
[80,F,0.467773,00000001,46.7773,X]
[11,F,0.469727,11111110,46.9727,X]
[12,F,0.496094,11111110,49.6094,X]
[81,F,0.496094,00000001,49.6094,X]
[13,F,0.508912,11111100,50.8912,X]
[55,F,0.556764,00000010,55.6764,X]
[82,F,0.577148,00000001,57.7148,X]
[46,F,0.588942,00000100,58.8942,X]
[47,F,0.598708,00000100,59.8708,X]
[56,F,0.606569,00000010,60.6569,X]
[48,F,0.613356,00000100,61.3356,X]
[49,F,0.614333,00000100,61.4333,X]
[83,F,0.616211,00000001,61.6211,X]
[57,F,0.630983,00000010,63.0983,X]
[84,F,0.634766,00000001,63.4766,X]
[14,F,0.666091,11111000,66.6091,X]
[15,F,0.683669,11111000,68.3669,X]
[37,F,0.70143,00001000,70.143,X]
[85,F,0.703125,00000001,70.3125,X]
[86,F,0.71582,00000001,71.582,X]
[50,F,0.717848,00000100,71.7848,X]
[58,F,0.723756,00000010,72.3756,X]
[38,F,0.72682,00001000,72.682,X]
[28,F,0.727491,00010000,72.7491,X]
[59,F,0.734498,00000010,73.4498,X]
[29,F,0.737256,00010000,73.7256,X]
[30,F,0.754834,00010000,75.4834,X]
[16,F,0.759717,11100000,75.9717,X]
[60,F,0.764772,00000010,76.4772,X]
[39,F,0.767836,00001000,76.7836,X]
[61,F,0.774537,00000010,77.4537,X]
[31,F,0.780225,00010000,78.0225,X]
[51,F,0.786208,00000100,78.6208,X]
[62,F,0.788209,00000010,78.8209,X]
[40,F,0.806898,00001000,80.6898,X]
[17,F,0.82417,11100000,82.417,X]
[52,F,0.830153,00000100,83.0153,X]
[32,F,0.847608,00010000,84.7608,X]
[87,F,0.854492,00000001,85.4492,X]
[53,F,0.855544,00000100,85.5544,X]
[18,F,0.859095,11000000,85.9095,X]
[24,F,0.864955,00100000,86.4955,X]
[33,F,0.866162,00010000,86.6162,X]
[25,F,0.866908,00100000,86.6908,X]
[63,F,0.874147,00000010,87.4147,X]
[26,F,0.876673,00100000,87.6673,X]
[27,F,0.87765,00100000,87.765,X]
[64,F,0.885866,00000010,88.5866,X]
[19,F,0.892542,10000000,89.2542,X]
[41,F,0.907484,00001000,90.7484,X]
[22,F,0.922816,01000000,92.2816,X]
[42,F,0.923109,00001000,92.3109,X]
[65,F,0.925905,00000010,92.5905,X]
[43,F,0.935805,00001000,93.5805,X]
[34,F,0.936475,00010000,93.6475,X]
[20,F,0.939417,10000000,93.9417,X]
[35,F,0.940381,00010000,94.0381,X]
[54,F,0.949294,00000100,94.9294,X]
[88,F,0.952148,00000001,95.2148,X]
[44,F,0.954359,00001000,95.4359,X]
[23,F,0.970667,01000000,97.0667,X]
[45,F,0.977797,00001000,97.7797,X]
[21,F,0.984339,10000000,98.4339,X]
[36,F,0.990186,00010000,99.0186,X]
GUIDE_TREE_PARTITION1=(((((((t1:11.82,t2:11.82):3.54,t3:15.36):14.43,t4:29.79):0.36,t5:30.15):12.03,t6:42.18):7.71,t7:49.89):50.11,t8:100);
