Taxa bit representation:
t1 10000000
t2 01000000
t3 00100000
t4 00010000
t5 00001000
t6 00000100
t7 00000010
t8 00000001
Clade List (<taxon members> = <clade name>): 

>Dataset_0
[0,F,0.142578,11111110,14.2578,X]
[1,F,0.240019,11111100,24.0019,X]
[2,F,0.346464,11111100,34.6464,X]
[16,F,0.37207,00000001,37.207,X]
[9,F,0.473159,00000100,47.3159,X]
[10,F,0.544448,00000100,54.4448,X]
[13,F,0.566191,00000010,56.6191,X]
[8,F,0.590327,00010000,59.0327,X]
[3,F,0.602045,11100000,60.2045,X]
[17,F,0.614258,00000001,61.4258,X]
[11,F,0.629409,00000100,62.9409,X]
[14,F,0.654081,00000010,65.4081,X]
[4,F,0.750483,11100000,75.0483,X]
[18,F,0.763672,00000001,76.3672,X]
[12,F,0.781753,00000100,78.1753,X]
[6,F,0.845219,01000000,84.5219,X]
[5,F,0.86475,10000000,86.475,X]
[19,F,0.920898,00000001,92.0898,X]
[7,F,0.944828,01000000,94.4828,X]
[15,F,0.964628,00000010,96.4628,X]
GUIDE_TREE_PARTITION1=(((((((t1:16.65,t2:16.65):1.34,t3:17.99):26.2,t4:44.19):3.28,t5:47.47):5.8,t6:53.27):23.9,t7:77.17):22.83,t8:100);
