Taxa bit representation:
t1 10000000
t2 01000000
t3 00100000
t4 00010000
t5 00001000
t6 00000100
t7 00000010
t8 00000001
Clade List (<taxon members> = <clade name>): 

>Dataset_0
[0,F,0.00390625,11110000,0.390625,X]
[1,F,0.00585938,11110000,0.585938,X]
[80,F,0.0380859,00001111,3.80859,X]
[81,F,0.0429688,00001111,4.29688,X]
[2,F,0.0693359,11110000,6.93359,X]
[82,F,0.0820312,00001111,8.20312,X]
[3,F,0.0957031,11110000,9.57031,X]
[83,F,0.0996094,00001111,9.96094,X]
[4,F,0.12793,11110000,12.793,X]
[5,F,0.141602,11110000,14.1602,X]
[6,F,0.142578,11110000,14.2578,X]
[84,F,0.160156,00001111,16.0156,X]
[7,F,0.174805,11110000,17.4805,X]
[85,F,0.214844,00001111,21.4844,X]
[8,F,0.251953,11110000,25.1953,X]
[35,F,0.281284,00100000,28.1284,X]
[36,F,0.289097,00100000,28.9097,X]
[61,F,0.294956,00010000,29.4956,X]
[62,F,0.318394,00010000,31.8394,X]
[37,F,0.326206,00100000,32.6206,X]
[86,F,0.329102,00001111,32.9102,X]
[9,F,0.35338,11000000,35.338,X]
[87,F,0.364258,00001111,36.4258,X]
[38,F,0.368198,00100000,36.8198,X]
[39,F,0.374058,00100000,37.4058,X]
[63,F,0.374058,00010000,37.4058,X]
[40,F,0.375034,00100000,37.5034,X]
[64,F,0.395542,00010000,39.5542,X]
[41,F,0.403355,00100000,40.3355,X]
[88,F,0.426758,00001111,42.6758,X]
[89,F,0.482422,00001111,48.2422,X]
[65,F,0.482456,00010000,48.2456,X]
[66,F,0.487339,00010000,48.7339,X]
[10,F,0.517442,11000000,51.7442,X]
[42,F,0.519566,00100000,51.9566,X]
[43,F,0.530308,00100000,53.0308,X]
[44,F,0.542027,00100000,54.2027,X]
[45,F,0.543003,00100000,54.3003,X]
[46,F,0.553745,00100000,55.3745,X]
[11,F,0.562364,11000000,56.2364,X]
[47,F,0.563511,00100000,56.3511,X]
[48,F,0.56937,00100000,56.937,X]
[12,F,0.570177,11000000,57.0177,X]
[49,F,0.5723,00100000,57.23,X]
[20,F,0.591708,01000000,59.1708,X]
[67,F,0.604527,00010000,60.4527,X]
[13,F,0.610262,10000000,61.0262,X]
[68,F,0.627964,00010000,62.7964,X]
[21,F,0.63077,01000000,63.077,X]
[22,F,0.642489,01000000,64.2489,X]
[107,F,0.654625,00000011,65.4625,X]
[23,F,0.671786,01000000,67.1786,X]
[50,F,0.674839,00100000,67.4839,X]
[69,F,0.682652,00010000,68.2652,X]
[108,F,0.684898,00000011,68.4898,X]
[24,F,0.688387,01000000,68.8387,X]
[14,F,0.694247,10000000,69.4247,X]
[70,F,0.70023,00010000,70.023,X]
[15,F,0.716708,10000000,71.6708,X]
[51,F,0.717808,00100000,71.7808,X]
[109,F,0.720055,00000011,72.0055,X]
[90,F,0.725914,00001100,72.5914,X]
[25,F,0.736239,01000000,73.6239,X]
[26,F,0.737216,01000000,73.7216,X]
[110,F,0.749352,00000011,74.9352,X]
[52,F,0.750034,00100000,75.0034,X]
[16,F,0.766512,10000000,76.6512,X]
[53,F,0.771519,00100000,77.1519,X]
[91,F,0.773766,00001100,77.3766,X]
[17,F,0.779208,10000000,77.9208,X]
[92,F,0.779625,00001100,77.9625,X]
[27,F,0.784091,01000000,78.4091,X]
[28,F,0.788973,01000000,78.8973,X]
[116,F,0.790277,00000001,79.0277,X]
[101,F,0.793777,00000100,79.3777,X]
[18,F,0.796786,10000000,79.6786,X]
[71,F,0.796909,00010000,79.6909,X]
[93,F,0.807448,00001000,80.7448,X]
[102,F,0.811355,00000100,81.1355,X]
[111,F,0.811761,00000010,81.1761,X]
[29,F,0.813387,01000000,81.3387,X]
[72,F,0.815464,00010000,81.5464,X]
[117,F,0.82055,00000001,82.055,X]
[30,F,0.829012,01000000,82.9012,X]
[54,F,0.829136,00100000,82.9136,X]
[118,F,0.832269,00000001,83.2269,X]
[55,F,0.839878,00100000,83.9878,X]
[119,F,0.845941,00000001,84.5941,X]
[73,F,0.846714,00010000,84.6714,X]
[56,F,0.85062,00100000,85.062,X]
[94,F,0.853347,00001000,85.3347,X]
[120,F,0.856683,00000001,85.6683,X]
[74,F,0.857456,00010000,85.7456,X]
[103,F,0.864089,00000100,86.4089,X]
[75,F,0.879917,00010000,87.9917,X]
[112,F,0.881097,00000010,88.1097,X]
[57,F,0.88187,00100000,88.187,X]
[76,F,0.88773,00010000,88.773,X]
[77,F,0.889683,00010000,88.9683,X]
[113,F,0.892816,00000010,89.2816,X]
[58,F,0.896519,00100000,89.6519,X]
[121,F,0.900628,00000001,90.0628,X]
[95,F,0.916823,00001000,91.6823,X]
[78,F,0.920933,00010000,92.0933,X]
[96,F,0.927566,00001000,92.7566,X]
[104,F,0.938308,00000100,93.8308,X]
[97,F,0.941238,00001000,94.1238,X]
[79,F,0.9473,00010000,94.73,X]
[31,F,0.955966,01000000,95.5966,X]
[122,F,0.960198,00000001,96.0198,X]
[32,F,0.966708,01000000,96.6708,X]
[19,F,0.966708,10000000,96.6708,X]
[98,F,0.967605,00001000,96.7605,X]
[33,F,0.97745,01000000,97.745,X]
[99,F,0.981277,00001000,98.1277,X]
[59,F,0.984409,00100000,98.4409,X]
[114,F,0.985589,00000010,98.5589,X]
[105,F,0.991042,00000100,99.1042,X]
[106,F,0.992995,00000100,99.2995,X]
[34,F,0.993075,01000000,99.3075,X]
[100,F,0.996902,00001000,99.6902,X]
[60,F,0.998081,00100000,99.8081,X]
[115,F,0.998284,00000010,99.8284,X]
GUIDE_TREE_PARTITION1=(((t1:42.88,t2:42.88):31.45,(t3:74.02,t4:74.02):0.31):25.67,((t5:20.72,t6:20.72):15.38,(t7:21.07,t8:21.07):15.03):63.9);
