Taxa bit representation:
t1 10000000
t2 01000000
t3 00100000
t4 00010000
t5 00001000
t6 00000100
t7 00000010
t8 00000001
Clade List (<taxon members> = <clade name>): 

>Dataset_0
[10,F,0.101736,00001100,10.1736,X]
[0,F,0.106445,11110000,10.6445,X]
[11,F,0.1574,00001100,15.74,X]
[12,F,0.225759,00001100,22.5759,X]
[13,F,0.270681,00001100,27.0681,X]
[14,F,0.272634,00001100,27.2634,X]
[15,F,0.365408,00001100,36.5408,X]
[1,F,0.369141,11110000,36.9141,X]
[22,F,0.4699,00000011,46.99,X]
[6,F,0.493406,00110000,49.3406,X]
[16,F,0.529997,00001000,52.9997,X]
[20,F,0.53195,00000100,53.195,X]
[23,F,0.558767,00000011,55.8767,X]
[7,F,0.560789,00110000,56.0789,X]
[2,F,0.634031,11000000,63.4031,X]
[8,F,0.658445,00110000,65.8445,X]
[3,F,0.666258,11000000,66.6258,X]
[21,F,0.666716,00000100,66.6716,X]
[4,F,0.813719,11000000,81.3719,X]
[17,F,0.840544,00001000,84.0544,X]
[9,F,0.862572,00010000,86.2572,X]
[18,F,0.889372,00001000,88.9372,X]
[5,F,0.890977,01000000,89.0977,X]
[24,F,0.921247,00000010,92.1247,X]
[19,F,0.950895,00001000,95.0895,X]
GUIDE_TREE_PARTITION1=(((t1:11,t2:11):40.05,(t3:15.11,t4:15.11):35.94):48.95,((t5:49.93,t6:49.93):46.83,(t7:13.93,t8:13.93):82.83):3.24);
