Taxa bit representation:
t1 10000000
t2 01000000
t3 00100000
t4 00010000
t5 00001000
t6 00000100
t7 00000010
t8 00000001
Clade List (<taxon members> = <clade name>): 

>Dataset_0
[0,F,0.00683594,11111110,0.683594,X]
[79,F,0.0146484,00000001,1.46484,X]
[80,F,0.0244141,00000001,2.44141,X]
[81,F,0.0449219,00000001,4.49219,X]
[1,F,0.0800781,11111110,8.00781,X]
[82,F,0.0898438,00000001,8.98438,X]
[2,F,0.144531,11111110,14.4531,X]
[3,F,0.157227,11111110,15.7227,X]
[4,F,0.164062,11111110,16.4062,X]
[5,F,0.168945,11111110,16.8945,X]
[83,F,0.18457,00000001,18.457,X]
[62,F,0.188612,00000010,18.8612,X]
[84,F,0.225586,00000001,22.5586,X]
[63,F,0.234511,00000010,23.4511,X]
[6,F,0.235487,11111100,23.5487,X]
[85,F,0.282227,00000001,28.2227,X]
[86,F,0.291016,00000001,29.1016,X]
[87,F,0.306641,00000001,30.6641,X]
[7,F,0.324355,11111100,32.4355,X]
[88,F,0.330078,00000001,33.0078,X]
[89,F,0.392578,00000001,39.2578,X]
[64,F,0.419081,00000010,41.9081,X]
[65,F,0.421034,00000010,42.1034,X]
[90,F,0.426758,00000001,42.6758,X]
[8,F,0.475722,11111100,47.5722,X]
[9,F,0.482558,11111100,48.2558,X]
[91,F,0.488281,00000001,48.8281,X]
[66,F,0.491347,00000010,49.1347,X]
[67,F,0.498183,00000010,49.8183,X]
[10,F,0.498183,11111100,49.8183,X]
[11,F,0.52455,11111100,52.455,X]
[12,F,0.529433,11111100,52.9433,X]
[34,F,0.577159,00001000,57.7159,X]
[49,F,0.582325,00000100,58.2325,X]
[92,F,0.587891,00000001,58.7891,X]
[93,F,0.592773,00000001,59.2773,X]
[35,F,0.598644,00001000,59.8644,X]
[50,F,0.604786,00000100,60.4786,X]
[68,F,0.606581,00000010,60.6581,X]
[36,F,0.621105,00001000,62.1105,X]
[37,F,0.629894,00001000,62.9894,X]
[38,F,0.645519,00001000,64.5519,X]
[51,F,0.646778,00000100,64.6778,X]
[69,F,0.650527,00000010,65.0527,X]
[39,F,0.652355,00001000,65.2355,X]
[40,F,0.668956,00001000,66.8956,X]
[70,F,0.674941,00000010,67.4941,X]
[13,F,0.69923,11110000,69.923,X]
[52,F,0.705372,00000100,70.5372,X]
[94,F,0.714844,00000001,71.4844,X]
[53,F,0.717091,00000100,71.7091,X]
[41,F,0.726573,00001000,72.6573,X]
[42,F,0.740245,00001000,74.0245,X]
[43,F,0.757823,00001000,75.7823,X]
[44,F,0.759777,00001000,75.9777,X]
[71,F,0.763808,00000010,76.3808,X]
[54,F,0.771778,00000100,77.1778,X]
[95,F,0.779297,00000001,77.9297,X]
[45,F,0.779308,00001000,77.9308,X]
[14,F,0.783214,11110000,78.3214,X]
[15,F,0.784191,11110000,78.4191,X]
[16,F,0.785167,11110000,78.5167,X]
[17,F,0.806383,11100000,80.6383,X]
[72,F,0.810683,00000010,81.0683,X]
[96,F,0.814453,00000001,81.4453,X]
[46,F,0.819347,00001000,81.9347,X]
[97,F,0.822266,00000001,82.2266,X]
[21,F,0.824283,01000000,82.4283,X]
[73,F,0.830214,00000010,83.0214,X]
[27,F,0.831784,00100000,83.1784,X]
[31,F,0.83275,00010000,83.275,X]
[18,F,0.84772,10000000,84.772,X]
[22,F,0.854556,01000000,85.4556,X]
[55,F,0.877247,00000100,87.7247,X]
[98,F,0.881836,00000001,88.1836,X]
[56,F,0.884083,00000100,88.4083,X]
[99,F,0.888672,00000001,88.8672,X]
[32,F,0.891344,00010000,89.1344,X]
[74,F,0.894667,00000010,89.4667,X]
[19,F,0.896548,10000000,89.6548,X]
[23,F,0.896548,01000000,89.6548,X]
[75,F,0.906386,00000010,90.6386,X]
[76,F,0.912245,00000010,91.2245,X]
[28,F,0.917722,00100000,91.7722,X]
[24,F,0.919009,01000000,91.9009,X]
[77,F,0.932753,00000010,93.2753,X]
[47,F,0.935558,00001000,93.5558,X]
[78,F,0.935683,00000010,93.5683,X]
[29,F,0.953855,00100000,95.3855,X]
[30,F,0.960691,00100000,96.0691,X]
[20,F,0.961002,10000000,96.1002,X]
[57,F,0.967091,00000100,96.7091,X]
[58,F,0.968067,00000100,96.8067,X]
[33,F,0.973375,00010000,97.3375,X]
[59,F,0.973927,00000100,97.3927,X]
[25,F,0.976627,01000000,97.6627,X]
[60,F,0.985645,00000100,98.5645,X]
[61,F,0.987598,00000100,98.7598,X]
[26,F,0.990298,01000000,99.0298,X]
[48,F,0.991222,00001000,99.1222,X]
GUIDE_TREE_PARTITION1=(((((((t1:18.06,t2:18.06):0.91,t3:18.97):0.88,t4:19.85):23.02,t5:42.87):0.46,t6:43.33):38.59,t7:81.92):18.08,t8:100);
