Taxa bit representation:
t1 10000000
t2 01000000
t3 00100000
t4 00010000
t5 00001000
t6 00000100
t7 00000010
t8 00000001
Clade List (<taxon members> = <clade name>): 

>Dataset_0
[0,F,0.230469,11111100,23.0469,X]
[13,F,0.293945,00000011,29.3945,X]
[1,F,0.352539,11111100,35.2539,X]
[14,F,0.454102,00000011,45.4102,X]
[15,F,0.486328,00000011,48.6328,X]
[9,F,0.487653,00001100,48.7653,X]
[2,F,0.49195,11100000,49.195,X]
[16,F,0.5,00000011,50,X]
[17,F,0.510742,00000011,51.0742,X]
[18,F,0.518555,00000011,51.8555,X]
[19,F,0.574219,00000011,57.4219,X]
[10,F,0.602888,00001100,60.2888,X]
[7,F,0.667731,00010000,66.7731,X]
[8,F,0.672614,00010000,67.2614,X]
[20,F,0.712891,00000011,71.2891,X]
[5,F,0.729969,00100000,72.9969,X]
[11,F,0.734723,00001100,73.4723,X]
[21,F,0.745117,00000011,74.5117,X]
[3,F,0.790516,11000000,79.0516,X]
[12,F,0.804059,00001100,80.4059,X]
[22,F,0.950856,00000010,95.0856,X]
[4,F,0.991505,01000000,99.1505,X]
[6,F,0.993641,00100000,99.3641,X]
GUIDE_TREE_PARTITION1=(((((t1:12.08,t2:12.08):25.47,t3:37.55):16.38,t4:53.93):3.75,(t5:9.48,t6:9.48):48.2):42.32,(t7:20.93,t8:20.93):79.07);
