Taxa bit representation:
t1 10000000
t2 01000000
t3 00100000
t4 00010000
t5 00001000
t6 00000100
t7 00000010
t8 00000001
Clade List (<taxon members> = <clade name>): 

>Dataset_0
[0,F,0.0726734,11000000,7.26734,X]
[1,F,0.114666,11000000,11.4666,X]
[2,F,0.158611,11000000,15.8611,X]
[9,F,0.200195,00001111,20.0195,X]
[10,F,0.235352,00001111,23.5352,X]
[3,F,0.262952,10000000,26.2952,X]
[4,F,0.283459,10000000,28.3459,X]
[11,F,0.303711,00001111,30.3711,X]
[12,F,0.398438,00001111,39.8438,X]
[6,F,0.414319,01000000,41.4319,X]
[5,F,0.43678,10000000,43.678,X]
[8,F,0.600994,00110000,60.0994,X]
[7,F,0.931897,01000000,93.1897,X]
GUIDE_TREE_PARTITION1=(((t1:78.49,t2:78.49):17.27,(t3:38.5,t4:38.5):57.26):4.24,((t5:1.46,t6:1.46):7.97,(t7:3.93,t8:3.93):5.5):90.57);
