Taxa bit representation:
t1 10000000
t2 01000000
t3 00100000
t4 00010000
t5 00001000
t6 00000100
t7 00000010
t8 00000001
Clade List (<taxon members> = <clade name>): 

>Dataset_0
[0,F,0.107422,11111110,10.7422,X]
[19,F,0.149414,00000001,14.9414,X]
[1,F,0.17988,11111000,17.988,X]
[15,F,0.183763,00000010,18.3763,X]
[10,F,0.313669,00000100,31.3669,X]
[11,F,0.341013,00000100,34.1013,X]
[16,F,0.381028,00000010,38.1028,X]
[17,F,0.427903,00000010,42.7903,X]
[20,F,0.544922,00000001,54.4922,X]
[12,F,0.571481,00000100,57.1481,X]
[2,F,0.609652,11100000,60.9652,X]
[13,F,0.625192,00000100,62.5192,X]
[3,F,0.638948,11100000,63.8948,X]
[4,F,0.643831,11100000,64.3831,X]
[21,F,0.668945,00000001,66.8945,X]
[14,F,0.704294,00000100,70.4294,X]
[8,F,0.705355,00010000,70.5355,X]
[22,F,0.708984,00000001,70.8984,X]
[18,F,0.76677,00000010,76.677,X]
[5,F,0.803011,11100000,80.3011,X]
[6,F,0.888948,11100000,88.8948,X]
[9,F,0.950472,00010000,95.0472,X]
[7,F,0.952153,11000000,95.2153,X]
GUIDE_TREE_PARTITION1=(((((((t1:2.31,t2:2.31):2.67,t3:4.98):45.09,t4:50.07):8.52,t5:58.59):26.84,t6:85.43):0.1,t7:85.53):14.47,t8:100);
