Taxa bit representation:
t1 10000000
t2 01000000
t3 00100000
t4 00010000
t5 00001000
t6 00000100
t7 00000010
t8 00000001
Clade List (<taxon members> = <clade name>): 

>Dataset_0
[0,F,0.00488281,11111100,0.488281,X]
[1,F,0.00683594,11111100,0.683594,X]
[86,F,0.0234375,00000011,2.34375,X]
[2,F,0.0244141,11111100,2.44141,X]
[87,F,0.0380859,00000011,3.80859,X]
[88,F,0.0703125,00000011,7.03125,X]
[89,F,0.0878906,00000011,8.78906,X]
[90,F,0.0957031,00000011,9.57031,X]
[3,F,0.108398,11111100,10.8398,X]
[4,F,0.121094,11111100,12.1094,X]
[5,F,0.186523,11111100,18.6523,X]
[6,F,0.202148,11111100,20.2148,X]
[91,F,0.230469,00000011,23.0469,X]
[7,F,0.249023,11111100,24.9023,X]
[92,F,0.294922,00000011,29.4922,X]
[60,F,0.315342,00001100,31.5342,X]
[8,F,0.331944,11110000,33.1944,X]
[46,F,0.373597,00010000,37.3597,X]
[47,F,0.37555,00010000,37.555,X]
[93,F,0.384766,00000011,38.4766,X]
[61,F,0.408116,00001100,40.8116,X]
[48,F,0.422425,00010000,42.2425,X]
[94,F,0.429688,00000011,42.9688,X]
[49,F,0.439027,00010000,43.9027,X]
[9,F,0.446477,11000000,44.6477,X]
[62,F,0.447178,00001100,44.7178,X]
[10,F,0.44843,11000000,44.843,X]
[30,F,0.453313,00100000,45.3313,X]
[11,F,0.455266,11000000,45.5266,X]
[63,F,0.458897,00001100,45.8897,X]
[50,F,0.473206,00010000,47.3206,X]
[95,F,0.479492,00000011,47.9492,X]
[31,F,0.47968,00100000,47.968,X]
[12,F,0.485873,10000000,48.5873,X]
[96,F,0.489258,00000011,48.9258,X]
[64,F,0.4921,00001100,49.21,X]
[32,F,0.494328,00100000,49.4328,X]
[33,F,0.514836,00100000,51.4836,X]
[34,F,0.527531,00100000,52.7531,X]
[97,F,0.529297,00000011,52.9297,X]
[65,F,0.543858,00001100,54.3858,X]
[98,F,0.554688,00000011,55.4688,X]
[20,F,0.557163,01000000,55.7163,X]
[51,F,0.573792,00010000,57.3792,X]
[21,F,0.578647,01000000,57.8647,X]
[52,F,0.580628,00010000,58.0628,X]
[99,F,0.585938,00000011,58.5938,X]
[100,F,0.59375,00000011,59.375,X]
[53,F,0.599183,00010000,59.9183,X]
[101,F,0.654297,00000011,65.4297,X]
[76,F,0.665958,00000100,66.5958,X]
[77,F,0.670841,00000100,67.0841,X]
[54,F,0.671448,00010000,67.1448,X]
[13,F,0.672397,10000000,67.2397,X]
[14,F,0.675327,10000000,67.5327,X]
[22,F,0.682163,01000000,68.2163,X]
[66,F,0.700138,00001000,70.0138,X]
[67,F,0.703067,00001000,70.3067,X]
[35,F,0.708195,00100000,70.8195,X]
[36,F,0.711125,00100000,71.1125,X]
[55,F,0.711488,00010000,71.1488,X]
[23,F,0.712436,01000000,71.2436,X]
[78,F,0.732364,00000100,73.2364,X]
[37,F,0.749211,00100000,74.9211,X]
[24,F,0.749545,01000000,74.9545,X]
[25,F,0.750522,01000000,75.0522,X]
[79,F,0.757755,00000100,75.7755,X]
[80,F,0.760684,00000100,76.0684,X]
[68,F,0.762638,00001000,76.2638,X]
[26,F,0.778842,01000000,77.8842,X]
[69,F,0.780216,00001000,78.0216,X]
[38,F,0.790227,00100000,79.0227,X]
[81,F,0.797794,00000100,79.7794,X]
[27,F,0.79935,01000000,79.935,X]
[39,F,0.801945,00100000,80.1945,X]
[56,F,0.803284,00010000,80.3284,X]
[70,F,0.840763,00001000,84.0763,X]
[57,F,0.845277,00010000,84.5277,X]
[102,F,0.858398,00000011,85.8398,X]
[71,F,0.871036,00001000,87.1036,X]
[40,F,0.876164,00100000,87.6164,X]
[41,F,0.878117,00100000,87.8117,X]
[58,F,0.879456,00010000,87.9456,X]
[15,F,0.880405,10000000,88.0405,X]
[72,F,0.881778,00001000,88.1778,X]
[103,F,0.892578,00000011,89.2578,X]
[82,F,0.894473,00000100,89.4473,X]
[42,F,0.898625,00100000,89.8625,X]
[28,F,0.900913,01000000,90.0913,X]
[16,F,0.900913,10000000,90.0913,X]
[43,F,0.908391,00100000,90.8391,X]
[83,F,0.914981,00000100,91.4981,X]
[17,F,0.916538,10000000,91.6538,X]
[84,F,0.920841,00000100,92.0841,X]
[73,F,0.921817,00001000,92.1817,X]
[104,F,0.924805,00000011,92.4805,X]
[59,F,0.933167,00010000,93.3167,X]
[44,F,0.936711,00100000,93.6711,X]
[74,F,0.951114,00001000,95.1114,X]
[75,F,0.964786,00001000,96.4786,X]
[105,F,0.966797,00000011,96.6797,X]
[29,F,0.972202,01000000,97.2202,X]
[18,F,0.973178,10000000,97.3178,X]
[19,F,0.975131,10000000,97.5131,X]
[45,F,0.987492,00100000,98.7492,X]
[85,F,0.988223,00000100,98.8223,X]
GUIDE_TREE_PARTITION1=(((((t1:54.44,t2:54.44):1.01,t3:55.45):10.12,t4:65.57):3.97,(t5:44.83,t6:44.83):24.71):30.46,(t7:0.93,t8:0.93):99.07);
