Taxa bit representation:
t1 10000000
t2 01000000
t3 00100000
t4 00010000
t5 00001000
t6 00000100
t7 00000010
t8 00000001
Clade List (<taxon members> = <clade name>): 

>Dataset_0
[12,F,0.0347203,00001100,3.47203,X]
[29,F,0.0366734,00000011,3.66734,X]
[0,F,0.253906,11110000,25.3906,X]
[13,F,0.319877,00001100,31.9877,X]
[14,F,0.331595,00001100,33.1595,X]
[15,F,0.342338,00001100,34.2338,X]
[16,F,0.37847,00001100,37.847,X]
[17,F,0.393119,00001100,39.3119,X]
[30,F,0.398002,00000011,39.8002,X]
[31,F,0.468314,00000011,46.8314,X]
[18,F,0.541058,00001000,54.1058,X]
[1,F,0.550397,11000000,55.0397,X]
[19,F,0.590863,00001000,59.0863,X]
[32,F,0.632714,00000010,63.2714,X]
[6,F,0.661725,00110000,66.1725,X]
[33,F,0.688378,00000010,68.8378,X]
[37,F,0.691308,00000001,69.1308,X]
[2,F,0.704694,11000000,70.4694,X]
[23,F,0.71098,00000100,71.098,X]
[3,F,0.718366,11000000,71.8366,X]
[24,F,0.741253,00000100,74.1253,X]
[7,F,0.745709,00110000,74.5709,X]
[8,F,0.758405,00110000,75.8405,X]
[4,F,0.781842,11000000,78.1842,X]
[20,F,0.790081,00001000,79.0081,X]
[25,F,0.835003,00000100,83.5003,X]
[21,F,0.839886,00001000,83.9886,X]
[34,F,0.857323,00000010,85.7323,X]
[26,F,0.878948,00000100,87.8948,X]
[38,F,0.900292,00000001,90.0292,X]
[27,F,0.918988,00000100,91.8988,X]
[35,F,0.919823,00000010,91.9823,X]
[10,F,0.944331,00010000,94.4331,X]
[28,F,0.946331,00000100,94.6331,X]
[36,F,0.953027,00000010,95.3027,X]
[11,F,0.955073,00010000,95.5073,X]
[22,F,0.988323,00001000,98.8323,X]
[9,F,0.99023,00100000,99.023,X]
[5,F,0.997366,10000000,99.7366,X]
GUIDE_TREE_PARTITION1=(((t1:7.49,t2:7.49):46.65,(t3:7.52,t4:7.52):46.62):45.86,((t5:51.07,t6:51.07):48.29,(t7:39.17,t8:39.17):60.19):0.64);
