Taxa bit representation:
t1 10000000
t2 01000000
t3 00100000
t4 00010000
t5 00001000
t6 00000100
t7 00000010
t8 00000001
Clade List (<taxon members> = <clade name>): 

>Dataset_0
[16,F,0.00683594,00000001,0.683594,X]
[17,F,0.0224609,00000001,2.24609,X]
[0,F,0.0418828,11111000,4.18828,X]
[18,F,0.174805,00000001,17.4805,X]
[11,F,0.2151,00000010,21.51,X]
[12,F,0.276623,00000010,27.6623,X]
[13,F,0.391858,00000010,39.1858,X]
[19,F,0.398438,00000001,39.8438,X]
[20,F,0.488281,00000001,48.8281,X]
[21,F,0.508789,00000001,50.8789,X]
[6,F,0.54168,00001000,54.168,X]
[4,F,0.592402,00010000,59.2402,X]
[9,F,0.62782,00000100,62.782,X]
[14,F,0.688733,00000010,68.8733,X]
[7,F,0.698906,00001000,69.8906,X]
[8,F,0.779961,00001000,77.9961,X]
[15,F,0.797131,00000010,79.7131,X]
[10,F,0.835828,00000100,83.5828,X]
[5,F,0.856073,00010000,85.6073,X]
[1,F,0.871789,10000000,87.1789,X]
[3,F,0.925987,00100000,92.5987,X]
[2,F,0.968469,10000000,96.8469,X]
GUIDE_TREE_PARTITION1=(((((((t1:26.2,t2:26.2):5.42,t3:31.62):10.8,t4:42.42):6.83,t5:49.25):47.05,t6:96.3):0.94,t7:97.24):2.76,t8:100);
