Taxa bit representation:
t1 10000000
t2 01000000
t3 00100000
t4 00010000
t5 00001000
t6 00000100
t7 00000010
t8 00000001
Clade List (<taxon members> = <clade name>): 

>Dataset_0
[0,F,0.0185547,11110000,1.85547,X]
[58,F,0.0325484,00001100,3.25484,X]
[86,F,0.0354781,00000011,3.54781,X]
[87,F,0.0374312,00000011,3.74313,X]
[1,F,0.0400391,11110000,4.00391,X]
[88,F,0.0735641,00000011,7.35641,X]
[89,F,0.0784469,00000011,7.84469,X]
[2,F,0.0878906,11110000,8.78906,X]
[90,F,0.0911422,00000011,9.11422,X]
[59,F,0.134111,00001100,13.4111,X]
[3,F,0.15918,11110000,15.918,X]
[4,F,0.183594,11110000,18.3594,X]
[91,F,0.222002,00000011,22.2002,X]
[92,F,0.228837,00000011,22.8837,X]
[60,F,0.272783,00001100,27.2783,X]
[5,F,0.31543,11110000,31.543,X]
[93,F,0.316728,00000011,31.6728,X]
[61,F,0.359697,00001100,35.9697,X]
[62,F,0.362627,00001100,36.2627,X]
[6,F,0.367188,11110000,36.7188,X]
[7,F,0.378906,11110000,37.8906,X]
[8,F,0.379883,11110000,37.9883,X]
[63,F,0.39583,00001100,39.583,X]
[78,F,0.421008,00000100,42.1008,X]
[94,F,0.426442,00000010,42.6442,X]
[95,F,0.443044,00000010,44.3044,X]
[35,F,0.443206,00110000,44.3206,X]
[118,F,0.451833,00000001,45.1833,X]
[36,F,0.455902,00110000,45.5902,X]
[119,F,0.465505,00000001,46.5505,X]
[37,F,0.47348,00110000,47.348,X]
[38,F,0.479339,00110000,47.9339,X]
[120,F,0.483083,00000001,48.3083,X]
[19,F,0.490319,01000000,49.0319,X]
[20,F,0.492272,01000000,49.2272,X]
[96,F,0.497731,00000010,49.7731,X]
[9,F,0.500084,10000000,50.0084,X]
[10,F,0.503991,10000000,50.3991,X]
[11,F,0.513756,10000000,51.3756,X]
[97,F,0.515309,00000010,51.5309,X]
[79,F,0.518664,00000100,51.8664,X]
[121,F,0.541677,00000001,54.1677,X]
[122,F,0.547536,00000001,54.7536,X]
[64,F,0.550891,00001000,55.0891,X]
[65,F,0.552844,00001000,55.2844,X]
[39,F,0.555511,00110000,55.5511,X]
[21,F,0.559655,01000000,55.9655,X]
[123,F,0.577809,00000001,57.7809,X]
[66,F,0.592883,00001000,59.2883,X]
[98,F,0.595387,00000010,59.5387,X]
[124,F,0.60027,00000001,60.027,X]
[80,F,0.609484,00000100,60.9484,X]
[99,F,0.610036,00000010,61.0036,X]
[22,F,0.611413,01000000,61.1412,X]
[100,F,0.622731,00000010,62.2731,X]
[23,F,0.623131,01000000,62.3131,X]
[101,F,0.626637,00000010,62.6637,X]
[81,F,0.628039,00000100,62.8039,X]
[12,F,0.63192,10000000,63.192,X]
[125,F,0.642262,00000001,64.2262,X]
[24,F,0.645592,01000000,64.5592,X]
[102,F,0.653981,00000010,65.3981,X]
[103,F,0.655934,00000010,65.5934,X]
[40,F,0.65805,00110000,65.805,X]
[41,F,0.659027,00110000,65.9027,X]
[104,F,0.659841,00000010,65.9841,X]
[105,F,0.664723,00000010,66.4723,X]
[25,F,0.668053,01000000,66.8053,X]
[67,F,0.67882,00001000,67.882,X]
[42,F,0.679534,00110000,67.9534,X]
[106,F,0.681325,00000010,68.1325,X]
[107,F,0.684255,00000010,68.4255,X]
[68,F,0.691516,00001000,69.1516,X]
[108,F,0.69402,00000010,69.402,X]
[13,F,0.716881,10000000,71.6881,X]
[109,F,0.717458,00000010,71.7458,X]
[26,F,0.717858,01000000,71.7858,X]
[69,F,0.718859,00001000,71.8859,X]
[126,F,0.735036,00000001,73.5036,X]
[70,F,0.74132,00001000,74.132,X]
[27,F,0.751061,01000000,75.1061,X]
[71,F,0.758898,00001000,75.8898,X]
[82,F,0.762805,00000100,76.2805,X]
[14,F,0.773522,10000000,77.3522,X]
[72,F,0.779406,00001000,77.9406,X]
[43,F,0.78012,00110000,78.012,X]
[15,F,0.784264,10000000,78.4264,X]
[83,F,0.784289,00000100,78.4289,X]
[73,F,0.786242,00001000,78.6242,X]
[28,F,0.798913,01000000,79.8912,X]
[74,F,0.798937,00001000,79.8937,X]
[84,F,0.804797,00000100,80.4797,X]
[44,F,0.810394,00110000,81.0394,X]
[127,F,0.81902,00000001,81.902,X]
[128,F,0.82195,00000001,82.195,X]
[110,F,0.823903,00000010,82.3903,X]
[129,F,0.82488,00000001,82.488,X]
[45,F,0.826166,00100000,82.6166,X]
[29,F,0.828209,01000000,82.8209,X]
[52,F,0.830072,00010000,83.0072,X]
[46,F,0.830072,00100000,83.0072,X]
[111,F,0.836598,00000010,83.6598,X]
[112,F,0.841481,00000010,84.1481,X]
[75,F,0.841906,00001000,84.1906,X]
[76,F,0.846789,00001000,84.6789,X]
[47,F,0.866205,00100000,86.6205,X]
[113,F,0.868825,00000010,86.8825,X]
[53,F,0.871088,00010000,87.1088,X]
[130,F,0.877614,00000001,87.7614,X]
[54,F,0.891595,00010000,89.1595,X]
[30,F,0.915123,01000000,91.5123,X]
[55,F,0.919916,00010000,91.9916,X]
[48,F,0.920892,00100000,92.0892,X]
[56,F,0.920892,00010000,92.0892,X]
[31,F,0.922936,01000000,92.2936,X]
[131,F,0.923512,00000001,92.3512,X]
[49,F,0.925775,00100000,92.5775,X]
[114,F,0.926442,00000010,92.6442,X]
[16,F,0.926842,10000000,92.6842,X]
[32,F,0.927819,01000000,92.7819,X]
[50,F,0.928705,00100000,92.8705,X]
[132,F,0.940114,00000001,94.0114,X]
[51,F,0.950189,00100000,95.0189,X]
[115,F,0.955739,00000010,95.5739,X]
[33,F,0.964928,01000000,96.4928,X]
[116,F,0.967458,00000010,96.7458,X]
[34,F,0.977623,01000000,97.7623,X]
[17,F,0.977623,10000000,97.7623,X]
[77,F,0.977648,00001000,97.7648,X]
[18,F,0.980553,10000000,98.0553,X]
[57,F,0.989252,00010000,98.9252,X]
[117,F,0.995778,00000010,99.5778,X]
[85,F,0.998156,00000100,99.8156,X]
[133,F,0.999684,00000001,99.9684,X]
GUIDE_TREE_PARTITION1=(((t1:52.14,t2:52.14):3.93,(t3:18.36,t4:18.36):37.71):43.93,((t5:59.95,t6:59.95):38.26,(t7:58.43,t8:58.43):39.78):1.79);
