Taxa bit representation:
t1 10000000
t2 01000000
t3 00100000
t4 00010000
t5 00001000
t6 00000100
t7 00000010
t8 00000001
Clade List (<taxon members> = <clade name>): 

>Dataset_0
[0,F,0.00683594,11110000,0.683594,X]
[12,F,0.176758,00001111,17.6758,X]
[1,F,0.212891,11110000,21.2891,X]
[13,F,0.233398,00001111,23.3398,X]
[3,F,0.469503,01000000,46.9503,X]
[14,F,0.528798,00001100,52.8798,X]
[15,F,0.633291,00001100,63.3291,X]
[4,F,0.635519,01000000,63.5519,X]
[10,F,0.649712,00010000,64.9712,X]
[6,F,0.723931,00100000,72.3931,X]
[19,F,0.72997,00000011,72.997,X]
[20,F,0.760244,00000011,76.0244,X]
[2,F,0.764425,10000000,76.4425,X]
[5,F,0.778097,01000000,77.8097,X]
[7,F,0.805962,00100000,80.5962,X]
[21,F,0.833486,00000011,83.3486,X]
[8,F,0.837212,00100000,83.7212,X]
[16,F,0.866272,00001000,86.6272,X]
[9,F,0.879205,00100000,87.9205,X]
[11,F,0.938775,00010000,93.8775,X]
[17,F,0.948303,00001000,94.8303,X]
[18,F,0.992248,00001000,99.2248,X]
GUIDE_TREE_PARTITION1=(((t1:68.87,t2:68.87):3.29,(t3:67.06,t4:67.06):5.1):27.84,((t5:14.74,t6:14.74):36.97,(t7:1.62,t8:1.62):50.09):48.29);
