Taxa bit representation:
t1 10000000
t2 01000000
t3 00100000
t4 00010000
t5 00001000
t6 00000100
t7 00000010
t8 00000001
Clade List (<taxon members> = <clade name>): 

>Dataset_0
[0,F,0.00292969,11111100,0.292969,X]
[1,F,0.0302734,11111100,3.02734,X]
[2,F,0.0419922,11111100,4.19922,X]
[72,F,0.0595703,00000011,5.95703,X]
[73,F,0.0947266,00000011,9.47266,X]
[3,F,0.125,11111100,12.5,X]
[4,F,0.134766,11111100,13.4766,X]
[5,F,0.149414,11111100,14.9414,X]
[6,F,0.192383,11111100,19.2383,X]
[91,F,0.216131,00000001,21.6131,X]
[74,F,0.223944,00000010,22.3944,X]
[7,F,0.225586,11111100,22.5586,X]
[75,F,0.247381,00000010,24.7381,X]
[92,F,0.251287,00000001,25.1288,X]
[93,F,0.292303,00000001,29.2303,X]
[8,F,0.297852,11111100,29.7852,X]
[94,F,0.298162,00000001,29.8163,X]
[95,F,0.304022,00000001,30.4022,X]
[9,F,0.304688,11111100,30.4688,X]
[10,F,0.326683,11110000,32.6683,X]
[76,F,0.327459,00000010,32.7459,X]
[96,F,0.329412,00000001,32.9412,X]
[97,F,0.334295,00000001,33.4295,X]
[11,F,0.334495,11110000,33.4495,X]
[77,F,0.339178,00000010,33.9178,X]
[12,F,0.346214,11110000,34.6214,X]
[59,F,0.393089,00001100,39.3089,X]
[78,F,0.393866,00000010,39.3866,X]
[13,F,0.395042,11110000,39.5042,X]
[14,F,0.403831,11110000,40.3831,X]
[15,F,0.419456,11110000,41.9456,X]
[98,F,0.420233,00000001,42.0233,X]
[16,F,0.426292,11110000,42.6292,X]
[60,F,0.434105,00001100,43.4105,X]
[61,F,0.447777,00001100,44.7777,X]
[99,F,0.451483,00000001,45.1483,X]
[62,F,0.465355,00001100,46.5355,X]
[79,F,0.472967,00000010,47.2967,X]
[80,F,0.473944,00000010,47.3944,X]
[42,F,0.476325,00010000,47.6325,X]
[43,F,0.49195,00010000,49.195,X]
[100,F,0.493475,00000001,49.3475,X]
[101,F,0.50617,00000001,50.617,X]
[44,F,0.521247,00010000,52.1247,X]
[17,F,0.5232,11100000,52.32,X]
[18,F,0.524177,11100000,52.4177,X]
[102,F,0.524725,00000001,52.4725,X]
[19,F,0.527106,11100000,52.7106,X]
[103,F,0.528631,00000001,52.8631,X]
[20,F,0.552497,11100000,55.2497,X]
[104,F,0.566717,00000001,56.6717,X]
[63,F,0.569847,00001100,56.9847,X]
[105,F,0.573553,00000001,57.3553,X]
[106,F,0.586248,00000001,58.6248,X]
[45,F,0.596442,00010000,59.6442,X]
[81,F,0.60285,00000010,60.285,X]
[107,F,0.604803,00000001,60.4803,X]
[46,F,0.614997,00010000,61.4997,X]
[21,F,0.618453,11000000,61.8453,X]
[108,F,0.628241,00000001,62.8241,X]
[47,F,0.636481,00010000,63.6481,X]
[82,F,0.638006,00000010,63.8006,X]
[64,F,0.638206,00001100,63.8206,X]
[83,F,0.663397,00000010,66.3397,X]
[84,F,0.66535,00000010,66.535,X]
[85,F,0.666327,00000010,66.6327,X]
[29,F,0.678023,00100000,67.8023,X]
[109,F,0.69367,00000001,69.367,X]
[65,F,0.722191,00001100,72.2191,X]
[48,F,0.723395,00010000,72.3395,X]
[30,F,0.727828,00100000,72.7828,X]
[31,F,0.739547,00100000,73.9547,X]
[32,F,0.742477,00100000,74.2477,X]
[86,F,0.752264,00000010,75.2264,X]
[110,F,0.758123,00000001,75.8123,X]
[66,F,0.769066,00001100,76.9066,X]
[111,F,0.776678,00000001,77.6678,X]
[49,F,0.778083,00010000,77.8083,X]
[33,F,0.788375,00100000,78.8375,X]
[50,F,0.788825,00010000,78.8825,X]
[34,F,0.797164,00100000,79.7164,X]
[112,F,0.802069,00000001,80.2069,X]
[113,F,0.804998,00000001,80.4998,X]
[22,F,0.811813,11000000,81.1813,X]
[114,F,0.81867,00000001,81.867,X]
[23,F,0.820602,11000000,82.0602,X]
[35,F,0.827438,00100000,82.7438,X]
[36,F,0.842086,00100000,84.2086,X]
[24,F,0.865523,11000000,86.5523,X]
[87,F,0.868475,00000010,86.8475,X]
[37,F,0.871383,00100000,87.1383,X]
[51,F,0.871833,00010000,87.1833,X]
[67,F,0.875511,00001100,87.5511,X]
[25,F,0.906539,11000000,90.6539,X]
[88,F,0.907537,00000010,90.7537,X]
[68,F,0.919456,00001100,91.9456,X]
[52,F,0.923591,00010000,92.3591,X]
[53,F,0.924567,00010000,92.4567,X]
[26,F,0.925153,10000000,92.5153,X]
[115,F,0.926092,00000001,92.6092,X]
[54,F,0.927497,00010000,92.7497,X]
[116,F,0.932928,00000001,93.2928,X]
[28,F,0.932966,01000000,93.2966,X]
[89,F,0.935858,00000010,93.5858,X]
[55,F,0.938239,00010000,93.8239,X]
[90,F,0.951483,00000010,95.1483,X]
[56,F,0.952887,00010000,95.2887,X]
[38,F,0.956344,00100000,95.6344,X]
[69,F,0.95812,00000100,95.812,X]
[117,F,0.961248,00000001,96.1248,X]
[57,F,0.970466,00010000,97.0466,X]
[70,F,0.970816,00000100,97.0816,X]
[39,F,0.970992,00100000,97.0992,X]
[40,F,0.971969,00100000,97.1969,X]
[27,F,0.972028,10000000,97.2028,X]
[71,F,0.972769,00000100,97.2769,X]
[41,F,0.974898,00100000,97.4898,X]
[58,F,0.998786,00010000,99.8786,X]
GUIDE_TREE_PARTITION1=(((((t1:7.68,t2:7.68):36.92,t3:44.6):9.33,t4:53.93):13.89,(t5:7.02,t6:7.02):60.8):32.18,(t7:80.34,t8:80.34):19.66);
