Taxa bit representation:
t1 10000000
t2 01000000
t3 00100000
t4 00010000
t5 00001000
t6 00000100
t7 00000010
t8 00000001
Clade List (<taxon members> = <clade name>): 

>Dataset_0
[12,F,0.124023,00000001,12.4023,X]
[0,F,0.146484,11111110,14.6484,X]
[1,F,0.180664,11111110,18.0664,X]
[13,F,0.206055,00000001,20.6055,X]
[14,F,0.220703,00000001,22.0703,X]
[2,F,0.354166,11111100,35.4166,X]
[9,F,0.389322,00000010,38.9322,X]
[15,F,0.393555,00000001,39.3555,X]
[16,F,0.443359,00000001,44.3359,X]
[10,F,0.473306,00000010,47.3306,X]
[7,F,0.614877,00000100,61.4877,X]
[8,F,0.694955,00000100,69.4955,X]
[3,F,0.698508,11110000,69.8508,X]
[17,F,0.714844,00000001,71.4844,X]
[4,F,0.738547,11110000,73.8547,X]
[5,F,0.742453,00001000,74.2453,X]
[6,F,0.848898,00001000,84.8898,X]
[11,F,0.859048,00000010,85.9048,X]
[18,F,0.87793,00000001,87.793,X]
GUIDE_TREE_PARTITION1=(((((((t1:0.52,t2:0.52):15.37,t3:15.89):0.15,t4:16.04):16.16,t5:32.2):12.66,t6:44.86):33.2,t7:78.06):21.94,t8:100);
