Taxa bit representation:
t1 10000000
t2 01000000
t3 00100000
t4 00010000
t5 00001000
t6 00000100
t7 00000010
t8 00000001
Clade List (<taxon members> = <clade name>): 

>Dataset_0
[15,F,0.0351562,00001111,3.51562,X]
[0,F,0.0693359,11110000,6.93359,X]
[16,F,0.0722656,00001111,7.22656,X]
[1,F,0.0957031,11110000,9.57031,X]
[2,F,0.131836,11110000,13.1836,X]
[17,F,0.408203,00001111,40.8203,X]
[3,F,0.470703,11110000,47.0703,X]
[18,F,0.52832,00001111,52.832,X]
[9,F,0.675189,00110000,67.5189,X]
[19,F,0.708008,00001111,70.8008,X]
[4,F,0.728064,10000000,72.8064,X]
[8,F,0.732947,01000000,73.2947,X]
[20,F,0.759619,00001100,75.9619,X]
[5,F,0.827673,10000000,82.7673,X]
[21,F,0.852392,00001100,85.2392,X]
[26,F,0.866481,00000010,86.6481,X]
[11,F,0.872347,00010000,87.2347,X]
[28,F,0.8782,00000001,87.82,X]
[12,F,0.913362,00010000,91.3362,X]
[22,F,0.934864,00001000,93.4864,X]
[13,F,0.943636,00010000,94.3636,X]
[29,F,0.946559,00000001,94.6559,X]
[27,F,0.949489,00000010,94.9489,X]
[30,F,0.961208,00000001,96.1208,X]
[6,F,0.973181,10000000,97.3181,X]
[14,F,0.973909,00010000,97.3909,X]
[7,F,0.976111,10000000,97.6111,X]
[24,F,0.979786,00000100,97.9786,X]
[25,F,0.984669,00000100,98.4669,X]
[10,F,0.987581,00100000,98.7581,X]
[23,F,0.989552,00001000,98.9552,X]
GUIDE_TREE_PARTITION1=(((t1:39.01,t2:39.01):13.1,(t3:18.82,t4:18.82):33.29):47.89,((t5:12.08,t6:12.08):13.13,(t7:24.68,t8:24.68):0.53):74.79);
