Taxa bit representation:
t1 10000000
t2 01000000
t3 00100000
t4 00010000
t5 00001000
t6 00000100
t7 00000010
t8 00000001
Clade List (<taxon members> = <clade name>): 

>Dataset_0
[34,F,0.137703,00000010,13.7703,X]
[49,F,0.182617,00000001,18.2617,X]
[35,F,0.184578,00000010,18.4578,X]
[0,F,0.227547,11111100,22.7547,X]
[19,F,0.266206,00001000,26.6206,X]
[30,F,0.267214,00000100,26.7214,X]
[36,F,0.268562,00000010,26.8562,X]
[1,F,0.319917,11110000,31.9917,X]
[20,F,0.330659,00001000,33.0659,X]
[37,F,0.376961,00000010,37.6961,X]
[21,F,0.424409,00001000,42.4409,X]
[14,F,0.439453,00010000,43.9453,X]
[9,F,0.495448,00100000,49.5448,X]
[10,F,0.503261,00100000,50.3261,X]
[38,F,0.525398,00000010,52.5398,X]
[39,F,0.534188,00000010,53.4188,X]
[40,F,0.541023,00000010,54.1023,X]
[31,F,0.542605,00000100,54.2605,X]
[41,F,0.574227,00000010,57.4227,X]
[11,F,0.57455,00100000,57.455,X]
[22,F,0.60605,00001000,60.605,X]
[42,F,0.606453,00000010,60.6453,X]
[15,F,0.628906,00010000,62.8906,X]
[2,F,0.675158,10000000,67.5158,X]
[16,F,0.701172,00010000,70.1172,X]
[50,F,0.707031,00000001,70.7031,X]
[17,F,0.708984,00010000,70.8984,X]
[43,F,0.712898,00000010,71.2898,X]
[23,F,0.715425,00001000,71.5425,X]
[44,F,0.730477,00000010,73.0477,X]
[24,F,0.738862,00001000,73.8863,X]
[8,F,0.7484,01000000,74.84,X]
[25,F,0.751558,00001000,75.1558,X]
[3,F,0.755236,10000000,75.5236,X]
[45,F,0.771492,00000010,77.1492,X]
[12,F,0.771816,00100000,77.1816,X]
[51,F,0.787109,00000001,78.7109,X]
[4,F,0.798205,10000000,79.8205,X]
[46,F,0.806648,00000010,80.6648,X]
[32,F,0.832644,00000100,83.2644,X]
[26,F,0.836519,00001000,83.6519,X]
[27,F,0.854097,00001000,85.4097,X]
[33,F,0.897097,00000100,89.7097,X]
[52,F,0.897461,00000001,89.7461,X]
[47,F,0.898445,00000010,89.8445,X]
[5,F,0.911486,10000000,91.1486,X]
[6,F,0.921252,10000000,92.1252,X]
[28,F,0.927339,00001000,92.7339,X]
[18,F,0.953125,00010000,95.3125,X]
[48,F,0.966805,00000010,96.6805,X]
[13,F,0.967128,00100000,96.7128,X]
[29,F,0.972261,00001000,97.2261,X]
[7,F,0.982775,10000000,98.2775,X]
GUIDE_TREE_PARTITION1=(((((((t1:37.66,t2:37.66):14.26,t3:51.92):4.33,t4:56.25):17.52,t5:73.77):1.95,t6:75.72):13.83,t7:89.55):10.45,t8:100);
