Taxa bit representation:
t1 10000000
t2 01000000
t3 00100000
t4 00010000
t5 00001000
t6 00000100
t7 00000010
t8 00000001
Clade List (<taxon members> = <clade name>): 

>Dataset_0
[0,F,0.0709703,11000000,7.09703,X]
[1,F,0.104173,11000000,10.4173,X]
[2,F,0.188158,11000000,18.8158,X]
[3,F,0.223314,11000000,22.3314,X]
[19,F,0.391602,00001111,39.1602,X]
[14,F,0.413744,00110000,41.3744,X]
[20,F,0.422852,00001111,42.2852,X]
[10,F,0.434998,01000000,43.4998,X]
[21,F,0.456055,00001111,45.6055,X]
[15,F,0.465502,00110000,46.5502,X]
[4,F,0.500428,10000000,50.0428,X]
[22,F,0.506836,00001111,50.6836,X]
[23,F,0.546875,00001111,54.6875,X]
[24,F,0.557617,00001111,55.7617,X]
[25,F,0.569336,00001111,56.9336,X]
[11,F,0.578553,01000000,57.8553,X]
[26,F,0.643555,00001111,64.3555,X]
[27,F,0.68457,00001111,68.457,X]
[5,F,0.711366,10000000,71.1366,X]
[12,F,0.76117,01000000,76.117,X]
[28,F,0.763672,00001111,76.3672,X]
[16,F,0.779158,00100000,77.9158,X]
[17,F,0.780134,00010000,78.0134,X]
[6,F,0.8266,10000000,82.66,X]
[29,F,0.857422,00001111,85.7422,X]
[18,F,0.863142,00010000,86.3142,X]
[30,F,0.887695,00001111,88.7695,X]
[31,F,0.893555,00001111,89.3555,X]
[32,F,0.897461,00001111,89.7461,X]
[7,F,0.906678,10000000,90.6678,X]
[8,F,0.961366,10000000,96.1366,X]
[9,F,0.971131,10000000,97.1131,X]
[34,F,0.992061,00000010,99.2061,X]
[33,F,0.992336,00000100,99.2336,X]
[13,F,0.996522,01000000,99.6522,X]
GUIDE_TREE_PARTITION1=(((t1:61.09,t2:61.09):37.77,(t3:46.01,t4:46.01):52.85):1.14,((t5:1.45,t6:1.45):3.69,(t7:3.04,t8:3.04):2.1):94.86);
