Taxa bit representation:
t1 10000000
t2 01000000
t3 00100000
t4 00010000
t5 00001000
t6 00000100
t7 00000010
t8 00000001
Clade List (<taxon members> = <clade name>): 

>Dataset_0
[11,F,0.137362,00000010,13.7363,X]
[9,F,0.159514,00000100,15.9514,X]
[12,F,0.166659,00000010,16.6659,X]
[15,F,0.194336,00000001,19.4336,X]
[7,F,0.223245,00001000,22.3245,X]
[16,F,0.232422,00000001,23.2422,X]
[6,F,0.472284,00010000,47.2284,X]
[13,F,0.500644,00000010,50.0644,X]
[14,F,0.534823,00000010,53.4823,X]
[0,F,0.559198,11100000,55.9198,X]
[1,F,0.609161,11000000,60.9161,X]
[10,F,0.656584,00000100,65.6584,X]
[2,F,0.695098,11000000,69.5098,X]
[8,F,0.756448,00001000,75.6448,X]
[3,F,0.799591,11000000,79.9591,X]
[4,F,0.80838,00100000,80.838,X]
[5,F,0.840606,00100000,84.0606,X]
[17,F,0.917969,00000001,91.7969,X]
[18,F,0.951172,00000001,95.1172,X]
GUIDE_TREE_PARTITION1=(((((((t1:1.4,t2:1.4):39.93,t3:41.33):13.59,t4:54.92):27.15,t5:82.07):4.42,t6:86.49):3.68,t7:90.17):9.83,t8:100);
