Taxa bit representation:
t1 10000000
t2 01000000
t3 00100000
t4 00010000
t5 00001000
t6 00000100
t7 00000010
t8 00000001
Clade List (<taxon members> = <clade name>): 

>Dataset_0
[6,F,0.111328,00001111,11.1328,X]
[7,F,0.165039,00001111,16.5039,X]
[8,F,0.293945,00001111,29.3945,X]
[0,F,0.381836,11110000,38.1836,X]
[9,F,0.422852,00001111,42.2852,X]
[10,F,0.488281,00001111,48.8281,X]
[4,F,0.737825,00110000,73.7825,X]
[1,F,0.741731,11000000,74.1731,X]
[2,F,0.743684,11000000,74.3684,X]
[5,F,0.916808,00100000,91.6808,X]
[3,F,0.918489,11000000,91.8489,X]
GUIDE_TREE_PARTITION1=(((t1:5.79,t2:5.79):34.49,(t3:22.87,t4:22.87):17.41):59.72,((t5:8.84,t6:8.84):24.42,(t7:7.92,t8:7.92):25.34):66.74);
