Taxa bit representation:
t1 10000000
t2 01000000
t3 00100000
t4 00010000
t5 00001000
t6 00000100
t7 00000010
t8 00000001
Clade List (<taxon members> = <clade name>): 

>Dataset_0
[10,F,0.153775,00001100,15.3775,X]
[0,F,0.303711,11110000,30.3711,X]
[11,F,0.323697,00001100,32.3697,X]
[1,F,0.354492,11110000,35.4492,X]
[13,F,0.354947,00000011,35.4947,X]
[2,F,0.400391,11110000,40.0391,X]
[3,F,0.633858,11000000,63.3858,X]
[4,F,0.711544,10000000,71.1544,X]
[7,F,0.777081,00100000,77.7081,X]
[8,F,0.784894,00100000,78.4894,X]
[14,F,0.841194,00000010,84.1194,X]
[9,F,0.926495,00100000,92.6495,X]
[12,F,0.932038,00000100,93.2038,X]
[6,F,0.970333,01000000,97.0333,X]
[5,F,0.980098,10000000,98.0098,X]
GUIDE_TREE_PARTITION1=(((t1:31.58,t2:31.58):22.71,(t3:39.87,t4:39.87):14.42):45.71,((t5:65.39,t6:65.39):23.92,(t7:21.74,t8:21.74):67.57):10.69);
