Taxa bit representation:
t1 10000000
t2 01000000
t3 00100000
t4 00010000
t5 00001000
t6 00000100
t7 00000010
t8 00000001
Clade List (<taxon members> = <clade name>): 

>Dataset_0
[45,F,0.0644531,00000001,6.44531,X]
[28,F,0.140772,00000010,14.0772,X]
[46,F,0.166992,00000001,16.6992,X]
[12,F,0.183313,00001000,18.3313,X]
[29,F,0.191553,00000010,19.1553,X]
[47,F,0.220703,00000001,22.0703,X]
[13,F,0.23507,00001000,23.507,X]
[14,F,0.238977,00001000,23.8977,X]
[23,F,0.252278,00000100,25.2278,X]
[30,F,0.256006,00000010,25.6006,X]
[15,F,0.270227,00001000,27.0227,X]
[48,F,0.286133,00000001,28.6133,X]
[0,F,0.306359,11110000,30.6359,X]
[24,F,0.315755,00000100,31.5755,X]
[31,F,0.326319,00000010,32.6319,X]
[49,F,0.34668,00000001,34.668,X]
[50,F,0.376953,00000001,37.6953,X]
[16,F,0.406945,00001000,40.6945,X]
[32,F,0.415186,00000010,41.5186,X]
[33,F,0.438623,00000010,43.8623,X]
[51,F,0.464844,00000001,46.4844,X]
[17,F,0.520227,00001000,52.0227,X]
[1,F,0.545408,11100000,54.5408,X]
[2,F,0.55908,11100000,55.908,X]
[34,F,0.56753,00000010,56.753,X]
[35,F,0.613428,00000010,61.3428,X]
[18,F,0.628625,00001000,62.8625,X]
[36,F,0.645655,00000010,64.5655,X]
[52,F,0.695312,00000001,69.5312,X]
[9,F,0.697303,00100000,69.7303,X]
[25,F,0.711262,00000100,71.1262,X]
[37,F,0.714014,00000010,71.4014,X]
[10,F,0.716306,00010000,71.6306,X]
[38,F,0.716944,00000010,71.6944,X]
[3,F,0.75492,11000000,75.492,X]
[19,F,0.756555,00001000,75.6555,X]
[39,F,0.763819,00000010,76.3819,X]
[4,F,0.775872,10000000,77.5872,X]
[53,F,0.786133,00000001,78.6133,X]
[11,F,0.792478,00010000,79.2478,X]
[20,F,0.801477,00001000,80.1477,X]
[8,F,0.804192,01000000,80.4192,X]
[54,F,0.818359,00000001,81.8359,X]
[55,F,0.832031,00000001,83.2031,X]
[5,F,0.835442,10000000,83.5442,X]
[26,F,0.842122,00000100,84.2122,X]
[27,F,0.861653,00000100,86.1653,X]
[21,F,0.866906,00001000,86.6906,X]
[40,F,0.904444,00000010,90.4444,X]
[6,F,0.92138,10000000,92.138,X]
[41,F,0.922998,00000010,92.2998,X]
[22,F,0.945031,00001000,94.5031,X]
[42,F,0.989405,00000010,98.9405,X]
[43,F,0.990381,00000010,99.0381,X]
[7,F,0.993645,10000000,99.3645,X]
[44,F,0.994287,00000010,99.4287,X]
GUIDE_TREE_PARTITION1=(((((((t1:23.78,t2:23.78):9.81,t3:33.59):32.67,t4:66.26):16.19,t5:82.45):6.58,t6:89.03):4.51,t7:93.54):6.46,t8:100);
