Taxa bit representation:
t1 10000000
t2 01000000
t3 00100000
t4 00010000
t5 00001000
t6 00000100
t7 00000010
t8 00000001
Clade List (<taxon members> = <clade name>): 

>Dataset_0
[0,F,0.115831,11111100,11.5831,X]
[1,F,0.181261,11111100,18.1261,X]
[8,F,0.307341,00001000,30.7341,X]
[9,F,0.357145,00001000,35.7145,X]
[18,F,0.378527,00000010,37.8527,X]
[10,F,0.381559,00001000,38.1559,X]
[23,F,0.401367,00000001,40.1367,X]
[24,F,0.467773,00000001,46.7773,X]
[25,F,0.49707,00000001,49.707,X]
[11,F,0.5007,00001000,50.07,X]
[14,F,0.511919,00000100,51.1919,X]
[2,F,0.535562,11100000,53.5562,X]
[15,F,0.567583,00000100,56.7583,X]
[16,F,0.582231,00000100,58.2231,X]
[19,F,0.587511,00000010,58.7511,X]
[20,F,0.719347,00000010,71.9347,X]
[6,F,0.725358,00100000,72.5358,X]
[3,F,0.731217,11000000,73.1217,X]
[7,F,0.82985,00100000,82.985,X]
[26,F,0.84668,00000001,84.668,X]
[12,F,0.864958,00001000,86.4958,X]
[17,F,0.873247,00000100,87.3247,X]
[13,F,0.8757,00001000,87.57,X]
[4,F,0.890202,01000000,89.0202,X]
[5,F,0.927311,01000000,92.7311,X]
[21,F,0.960558,00000010,96.0558,X]
[22,F,0.984972,00000010,98.4972,X]
GUIDE_TREE_PARTITION1=(((((((t1:25.14,t2:25.14):13.75,t3:38.89):30.21,t4:69.1):5.83,t5:74.93):0.05,t6:74.98):21.64,t7:96.62):3.38,t8:100);
