Taxa bit representation:
t1 10000000
t2 01000000
t3 00100000
t4 00010000
t5 00001000
t6 00000100
t7 00000010
t8 00000001
Clade List (<taxon members> = <clade name>): 

>Dataset_0
[51,F,0.00292969,00001111,0.292969,X]
[0,F,0.0341797,11110000,3.41797,X]
[1,F,0.0498047,11110000,4.98047,X]
[52,F,0.0537109,00001111,5.37109,X]
[2,F,0.0576172,11110000,5.76172,X]
[53,F,0.0800781,00001111,8.00781,X]
[3,F,0.139648,11110000,13.9648,X]
[4,F,0.144531,11110000,14.4531,X]
[54,F,0.148438,00001111,14.8438,X]
[55,F,0.15625,00001111,15.625,X]
[56,F,0.165039,00001111,16.5039,X]
[5,F,0.188477,11110000,18.8477,X]
[6,F,0.233398,11110000,23.3398,X]
[76,F,0.276405,00000011,27.6405,X]
[57,F,0.283241,00001100,28.3241,X]
[77,F,0.339881,00000011,33.9881,X]
[27,F,0.353056,00110000,35.3056,X]
[58,F,0.358436,00001100,35.8436,X]
[59,F,0.360389,00001100,36.0389,X]
[60,F,0.364295,00001100,36.4295,X]
[7,F,0.366728,11000000,36.6728,X]
[61,F,0.374061,00001100,37.4061,X]
[8,F,0.376494,11000000,37.6494,X]
[62,F,0.376991,00001100,37.6991,X]
[9,F,0.3804,11000000,38.04,X]
[91,F,0.381667,00000001,38.1667,X]
[78,F,0.38362,00000010,38.362,X]
[92,F,0.395339,00000001,39.5339,X]
[28,F,0.395848,00100000,39.5848,X]
[79,F,0.422683,00000010,42.2683,X]
[40,F,0.425145,00010000,42.5145,X]
[93,F,0.430495,00000001,43.0495,X]
[29,F,0.432958,00100000,43.2958,X]
[80,F,0.437331,00000010,43.7331,X]
[94,F,0.440261,00000001,44.0261,X]
[10,F,0.452666,11000000,45.2666,X]
[95,F,0.452956,00000001,45.2956,X]
[11,F,0.456572,11000000,45.6572,X]
[12,F,0.457548,11000000,45.7548,X]
[81,F,0.460769,00000010,46.0769,X]
[13,F,0.461455,11000000,46.1455,X]
[96,F,0.475417,00000001,47.5417,X]
[63,F,0.478553,00001100,47.8553,X]
[82,F,0.479323,00000010,47.9323,X]
[64,F,0.490272,00001100,49.0272,X]
[83,F,0.494948,00000010,49.4948,X]
[97,F,0.495925,00000001,49.5925,X]
[98,F,0.500808,00000001,50.0808,X]
[84,F,0.504714,00000010,50.4714,X]
[99,F,0.531081,00000001,53.1081,X]
[100,F,0.532058,00000001,53.2058,X]
[30,F,0.541356,00100000,54.1356,X]
[14,F,0.541533,11000000,54.1533,X]
[31,F,0.548192,00100000,54.8192,X]
[101,F,0.559402,00000001,55.9402,X]
[41,F,0.5687,00010000,56.87,X]
[102,F,0.585769,00000001,58.5769,X]
[42,F,0.589208,00010000,58.9208,X]
[15,F,0.593291,11000000,59.3291,X]
[85,F,0.593581,00000010,59.3581,X]
[16,F,0.598173,11000000,59.8173,X]
[65,F,0.599647,00001100,59.9647,X]
[17,F,0.603056,11000000,60.3056,X]
[43,F,0.615575,00010000,61.5575,X]
[32,F,0.632177,00100000,63.2177,X]
[33,F,0.642919,00100000,64.2919,X]
[103,F,0.647292,00000001,64.7292,X]
[18,F,0.647978,11000000,64.7978,X]
[104,F,0.657058,00000001,65.7058,X]
[66,F,0.662147,00001100,66.2147,X]
[86,F,0.665847,00000010,66.5847,X]
[44,F,0.666356,00010000,66.6356,X]
[105,F,0.669753,00000001,66.9753,X]
[67,F,0.681678,00001100,68.1678,X]
[34,F,0.682958,00100000,68.2958,X]
[19,F,0.699736,11000000,69.9736,X]
[45,F,0.702489,00010000,70.2489,X]
[46,F,0.705419,00010000,70.5419,X]
[35,F,0.711278,00100000,71.1278,X]
[106,F,0.728347,00000001,72.8347,X]
[107,F,0.729323,00000001,72.9323,X]
[68,F,0.740272,00001100,74.0272,X]
[47,F,0.749364,00010000,74.9364,X]
[69,F,0.768592,00001100,76.8592,X]
[87,F,0.774245,00000010,77.4245,X]
[20,F,0.777861,11000000,77.7861,X]
[108,F,0.779128,00000001,77.9128,X]
[88,F,0.793777,00000010,79.3777,X]
[36,F,0.799169,00100000,79.9169,X]
[109,F,0.811355,00000001,81.1355,X]
[37,F,0.814794,00100000,81.4794,X]
[89,F,0.815261,00000010,81.5261,X]
[70,F,0.824256,00001100,82.4256,X]
[71,F,0.841834,00001100,84.1834,X]
[38,F,0.861669,00100000,86.1669,X]
[110,F,0.867995,00000001,86.7995,X]
[39,F,0.894872,00100000,89.4872,X]
[48,F,0.895848,00010000,89.5848,X]
[72,F,0.907264,00001100,90.7264,X]
[73,F,0.909953,00001000,90.9953,X]
[21,F,0.915422,10000000,91.5422,X]
[49,F,0.938817,00010000,93.8817,X]
[22,F,0.952531,10000000,95.2531,X]
[74,F,0.953898,00001000,95.3898,X]
[50,F,0.955419,00010000,95.5419,X]
[75,F,0.959758,00000100,95.9758,X]
[25,F,0.960344,01000000,96.0344,X]
[111,F,0.967605,00000001,96.7605,X]
[23,F,0.969133,10000000,96.9133,X]
[26,F,0.972063,01000000,97.2063,X]
[24,F,0.976945,10000000,97.6945,X]
[90,F,0.989089,00000010,98.9089,X]
GUIDE_TREE_PARTITION1=(((t1:12.95,t2:12.95):55.26,(t3:61.88,t4:61.88):6.33):31.79,((t5:9.2,t6:9.2):68.14,(t7:64.47,t8:64.47):12.87):22.66);
