Taxa bit representation:
t1 10000000
t2 01000000
t3 00100000
t4 00010000
t5 00001000
t6 00000100
t7 00000010
t8 00000001
Clade List (<taxon members> = <clade name>): 

>Dataset_0
[17,F,0.138672,00001111,13.8672,X]
[0,F,0.143555,11110000,14.3555,X]
[1,F,0.201172,11110000,20.1172,X]
[2,F,0.210938,11110000,21.0938,X]
[18,F,0.263672,00001111,26.3672,X]
[19,F,0.348633,00001111,34.8633,X]
[3,F,0.445312,11110000,44.5312,X]
[20,F,0.510311,00001100,51.0311,X]
[26,F,0.536678,00000011,53.6678,X]
[31,F,0.573591,00000001,57.3591,X]
[32,F,0.626325,00000001,62.6325,X]
[33,F,0.697614,00000001,69.7614,X]
[27,F,0.700544,00000010,70.0544,X]
[21,F,0.757727,00001000,75.7727,X]
[23,F,0.782141,00000100,78.2141,X]
[28,F,0.7982,00000010,79.82,X]
[12,F,0.798319,00010000,79.8319,X]
[9,F,0.806131,00100000,80.6131,X]
[13,F,0.812967,00010000,81.2967,X]
[29,F,0.819684,00000010,81.9684,X]
[6,F,0.821002,01000000,82.1002,X]
[14,F,0.831522,00010000,83.1522,X]
[34,F,0.850934,00000001,85.0934,X]
[7,F,0.854205,01000000,85.4205,X]
[30,F,0.855817,00000010,85.5817,X]
[24,F,0.872961,00000100,87.2961,X]
[4,F,0.896197,10000000,89.6197,X]
[10,F,0.897928,00100000,89.7928,X]
[25,F,0.903234,00000100,90.3234,X]
[8,F,0.904986,01000000,90.4986,X]
[22,F,0.927648,00001000,92.7648,X]
[5,F,0.928423,10000000,92.8423,X]
[15,F,0.941873,00010000,94.1873,X]
[11,F,0.963358,00100000,96.3358,X]
[16,F,0.964334,00010000,96.4334,X]
GUIDE_TREE_PARTITION1=(((t1:19.56,t2:19.56):3.53,(t3:21.34,t4:21.34):1.75):76.91,((t5:27.45,t6:27.45):26.89,(t7:45.18,t8:45.18):9.16):45.66);
