Taxa bit representation:
t1 10000000
t2 01000000
t3 00100000
t4 00010000
t5 00001000
t6 00000100
t7 00000010
t8 00000001
Clade List (<taxon members> = <clade name>): 

>Dataset_0
[0,F,0.0957031,11111110,9.57031,X]
[1,F,0.121094,11111110,12.1094,X]
[2,F,0.123047,11111110,12.3047,X]
[98,F,0.137695,00000001,13.7695,X]
[99,F,0.189453,00000001,18.9453,X]
[100,F,0.193359,00000001,19.3359,X]
[101,F,0.196289,00000001,19.6289,X]
[102,F,0.197266,00000001,19.7266,X]
[103,F,0.216797,00000001,21.6797,X]
[104,F,0.21875,00000001,21.875,X]
[105,F,0.231445,00000001,23.1445,X]
[3,F,0.255859,11111110,25.5859,X]
[4,F,0.277344,11111110,27.7344,X]
[5,F,0.285156,11111110,28.5156,X]
[106,F,0.292969,00000001,29.2969,X]
[107,F,0.293945,00000001,29.3945,X]
[6,F,0.300781,11111110,30.0781,X]
[108,F,0.308594,00000001,30.8594,X]
[7,F,0.318359,11111110,31.8359,X]
[8,F,0.33223,11111100,33.223,X]
[9,F,0.340042,11111100,34.0042,X]
[78,F,0.362036,00000100,36.2036,X]
[10,F,0.399527,11110000,39.9527,X]
[59,F,0.403433,00001000,40.3433,X]
[11,F,0.413198,11110000,41.3198,X]
[109,F,0.420898,00000001,42.0898,X]
[12,F,0.447378,11110000,44.7378,X]
[79,F,0.465552,00000100,46.5552,X]
[60,F,0.478628,00001000,47.8628,X]
[61,F,0.480581,00001000,48.0581,X]
[62,F,0.490347,00001000,49.0347,X]
[110,F,0.516602,00000001,51.6602,X]
[80,F,0.521216,00000100,52.1216,X]
[63,F,0.525503,00001000,52.5503,X]
[46,F,0.534819,00010000,53.4819,X]
[88,F,0.54805,00000010,54.805,X]
[64,F,0.553823,00001000,55.3823,X]
[65,F,0.555777,00001000,55.5777,X]
[111,F,0.55957,00000001,55.957,X]
[112,F,0.580078,00000001,58.0078,X]
[66,F,0.587027,00001000,58.7027,X]
[89,F,0.604691,00000010,60.4691,X]
[81,F,0.60813,00000100,60.813,X]
[67,F,0.62023,00001000,62.023,X]
[90,F,0.623245,00000010,62.3245,X]
[22,F,0.623742,01000000,62.3742,X]
[31,F,0.629744,00100000,62.9744,X]
[47,F,0.641264,00010000,64.1264,X]
[13,F,0.645227,10000000,64.5227,X]
[113,F,0.651367,00000001,65.1367,X]
[32,F,0.653181,00100000,65.3181,X]
[82,F,0.662817,00000100,66.2817,X]
[48,F,0.670561,00010000,67.0561,X]
[23,F,0.670617,01000000,67.0617,X]
[49,F,0.671537,00010000,67.1537,X]
[14,F,0.671594,10000000,67.1594,X]
[114,F,0.671875,00000001,67.1875,X]
[83,F,0.672583,00000100,67.2583,X]
[68,F,0.67687,00001000,67.687,X]
[91,F,0.683792,00000010,68.3792,X]
[84,F,0.693091,00000100,69.3091,X]
[24,F,0.696984,01000000,69.6984,X]
[115,F,0.698242,00000001,69.8242,X]
[33,F,0.702009,00100000,70.2009,X]
[50,F,0.703764,00010000,70.3764,X]
[51,F,0.709623,00010000,70.9623,X]
[25,F,0.711633,01000000,71.1633,X]
[26,F,0.717492,01000000,71.7492,X]
[69,F,0.717886,00001000,71.7886,X]
[27,F,0.724328,01000000,72.4328,X]
[92,F,0.736527,00000010,73.6527,X]
[34,F,0.744002,00100000,74.4002,X]
[35,F,0.748884,00100000,74.8884,X]
[93,F,0.7668,00000010,76.68,X]
[15,F,0.77218,10000000,77.218,X]
[70,F,0.774527,00001000,77.4527,X]
[28,F,0.784875,01000000,78.4875,X]
[94,F,0.791214,00000010,79.1214,X]
[52,F,0.80142,00010000,80.142,X]
[16,F,0.805383,10000000,80.5383,X]
[17,F,0.806359,10000000,80.6359,X]
[53,F,0.80728,00010000,80.728,X]
[95,F,0.807816,00000010,80.7816,X]
[18,F,0.809289,10000000,80.9289,X]
[36,F,0.815291,00100000,81.5291,X]
[54,F,0.826811,00010000,82.6811,X]
[85,F,0.828833,00000100,82.8833,X]
[71,F,0.834097,00001000,83.4097,X]
[19,F,0.83468,10000000,83.468,X]
[37,F,0.838728,00100000,83.8728,X]
[72,F,0.848745,00001000,84.8745,X]
[29,F,0.854211,01000000,85.4211,X]
[38,F,0.860212,00100000,86.0212,X]
[39,F,0.862166,00100000,86.2166,X]
[96,F,0.868362,00000010,86.8362,X]
[40,F,0.869002,00100000,86.9002,X]
[55,F,0.870756,00010000,87.0756,X]
[30,F,0.875695,01000000,87.5695,X]
[41,F,0.875837,00100000,87.5837,X]
[116,F,0.87793,00000001,87.793,X]
[42,F,0.88658,00100000,88.658,X]
[117,F,0.894531,00000001,89.4531,X]
[43,F,0.898298,00100000,89.8298,X]
[44,F,0.903181,00100000,90.3181,X]
[118,F,0.904297,00000001,90.4297,X]
[20,F,0.910852,10000000,91.0852,X]
[73,F,0.912222,00001000,91.2222,X]
[56,F,0.92642,00010000,92.642,X]
[57,F,0.931303,00010000,93.1303,X]
[119,F,0.935547,00000001,93.5547,X]
[97,F,0.943558,00000010,94.3558,X]
[45,F,0.94615,00100000,94.615,X]
[120,F,0.956055,00000001,95.6055,X]
[86,F,0.957739,00000100,95.7739,X]
[87,F,0.970434,00000100,97.0434,X]
[58,F,0.982084,00010000,98.2084,X]
[74,F,0.990347,00001000,99.0347,X]
[75,F,0.993277,00001000,99.3277,X]
[21,F,0.994836,10000000,99.4836,X]
[121,F,0.996094,00000001,99.6094,X]
[76,F,0.996206,00001000,99.6206,X]
[77,F,0.998159,00001000,99.8159,X]
GUIDE_TREE_PARTITION1=(((((((t1:38.7,t2:38.7):7.31,t3:46.01):1.68,t4:47.69):15.58,t5:63.27):1.21,t6:64.48):2.59,t7:67.07):32.93,t8:100);
