Taxa bit representation:
t1 10000000
t2 01000000
t3 00100000
t4 00010000
t5 00001000
t6 00000100
t7 00000010
t8 00000001
Clade List (<taxon members> = <clade name>): 

>Dataset_0
[109,F,0.0117187,00000001,1.17187,X]
[0,F,0.03125,11111110,3.125,X]
[110,F,0.0917969,00000001,9.17969,X]
[85,F,0.09695,00000010,9.695,X]
[111,F,0.0986328,00000001,9.86328,X]
[1,F,0.119411,11111100,11.9411,X]
[112,F,0.130859,00000001,13.0859,X]
[2,F,0.144802,11111100,14.4802,X]
[113,F,0.181641,00000001,18.1641,X]
[86,F,0.183864,00000010,18.3864,X]
[3,F,0.187112,11111000,18.7112,X]
[87,F,0.202419,00000010,20.2419,X]
[4,F,0.203714,11111000,20.3714,X]
[69,F,0.21348,00000100,21.348,X]
[88,F,0.218044,00000010,21.8044,X]
[5,F,0.226175,11111000,22.6175,X]
[6,F,0.262308,11111000,26.2308,X]
[89,F,0.265895,00000010,26.5895,X]
[90,F,0.28445,00000010,28.445,X]
[91,F,0.301052,00000010,30.1052,X]
[92,F,0.305934,00000010,30.5934,X]
[70,F,0.316019,00000100,31.6019,X]
[7,F,0.320902,11111000,32.0902,X]
[71,F,0.322855,00000100,32.2855,X]
[93,F,0.331325,00000010,33.1325,X]
[114,F,0.34082,00000001,34.082,X]
[115,F,0.34668,00000001,34.668,X]
[116,F,0.347656,00000001,34.7656,X]
[117,F,0.380859,00000001,38.0859,X]
[118,F,0.388672,00000001,38.8672,X]
[119,F,0.401367,00000001,40.1367,X]
[120,F,0.405273,00000001,40.5273,X]
[121,F,0.419922,00000001,41.9922,X]
[57,F,0.472578,00001000,47.2578,X]
[122,F,0.478516,00000001,47.8516,X]
[72,F,0.479105,00000100,47.9105,X]
[94,F,0.50027,00000010,50.027,X]
[123,F,0.510742,00000001,51.0742,X]
[73,F,0.513284,00000100,51.3284,X]
[8,F,0.517977,11100000,51.7977,X]
[36,F,0.522859,00010000,52.2859,X]
[37,F,0.529695,00010000,52.9695,X]
[38,F,0.535555,00010000,53.5555,X]
[39,F,0.538484,00010000,53.8484,X]
[124,F,0.539062,00000001,53.9062,X]
[95,F,0.542262,00000010,54.2262,X]
[40,F,0.549227,00010000,54.9227,X]
[41,F,0.554109,00010000,55.4109,X]
[96,F,0.555934,00000010,55.5934,X]
[97,F,0.556911,00000010,55.6911,X]
[58,F,0.561445,00001000,56.1445,X]
[125,F,0.578125,00000001,57.8125,X]
[74,F,0.584573,00000100,58.4573,X]
[59,F,0.592695,00001000,59.2695,X]
[98,F,0.600856,00000010,60.0856,X]
[126,F,0.616211,00000001,61.6211,X]
[42,F,0.633211,00010000,63.3211,X]
[99,F,0.636989,00000010,63.6989,X]
[43,F,0.63907,00010000,63.907,X]
[100,F,0.645778,00000010,64.5778,X]
[44,F,0.648836,00010000,64.8836,X]
[75,F,0.651956,00000100,65.1956,X]
[60,F,0.654219,00001000,65.4219,X]
[127,F,0.65625,00000001,65.625,X]
[9,F,0.659092,11000000,65.9092,X]
[10,F,0.667881,11000000,66.7881,X]
[76,F,0.668558,00000100,66.8558,X]
[101,F,0.671169,00000010,67.1169,X]
[45,F,0.675203,00010000,67.5203,X]
[28,F,0.6796,00100000,67.96,X]
[46,F,0.688875,00010000,68.8875,X]
[11,F,0.696202,11000000,69.6202,X]
[12,F,0.703037,11000000,70.3037,X]
[29,F,0.704991,00100000,70.4991,X]
[30,F,0.71085,00100000,71.085,X]
[61,F,0.713789,00001000,71.3789,X]
[77,F,0.718362,00000100,71.8362,X]
[31,F,0.730381,00100000,73.0381,X]
[102,F,0.734645,00000010,73.4645,X]
[103,F,0.739528,00000010,73.9528,X]
[104,F,0.745387,00000010,74.5387,X]
[17,F,0.759802,01000000,75.9802,X]
[13,F,0.762731,10000000,76.2731,X]
[14,F,0.770544,10000000,77.0544,X]
[32,F,0.77335,00100000,77.335,X]
[62,F,0.773359,00001000,77.3359,X]
[128,F,0.774414,00000001,77.4414,X]
[47,F,0.776766,00010000,77.6766,X]
[78,F,0.798441,00000100,79.8441,X]
[18,F,0.800817,01000000,80.0817,X]
[48,F,0.803133,00010000,80.3133,X]
[129,F,0.805664,00000001,80.5664,X]
[49,F,0.806062,00010000,80.6062,X]
[105,F,0.813747,00000010,81.3747,X]
[19,F,0.817419,01000000,81.7419,X]
[20,F,0.818395,01000000,81.8395,X]
[79,F,0.821878,00000100,82.1878,X]
[21,F,0.825231,01000000,82.5231,X]
[50,F,0.827547,00010000,82.7547,X]
[106,F,0.838161,00000010,83.8161,X]
[33,F,0.840733,00100000,84.0733,X]
[130,F,0.842773,00000001,84.2773,X]
[131,F,0.845703,00000001,84.5703,X]
[51,F,0.848055,00010000,84.8055,X]
[22,F,0.850622,01000000,85.0622,X]
[63,F,0.86125,00001000,86.125,X]
[107,F,0.863552,00000010,86.3552,X]
[132,F,0.864258,00000001,86.4258,X]
[23,F,0.867223,01000000,86.7223,X]
[34,F,0.871006,00100000,87.1006,X]
[64,F,0.872969,00001000,87.2969,X]
[80,F,0.880472,00000100,88.0472,X]
[65,F,0.881758,00001000,88.1758,X]
[133,F,0.885742,00000001,88.5742,X]
[24,F,0.887731,01000000,88.7731,X]
[81,F,0.912698,00000100,91.2698,X]
[66,F,0.916914,00001000,91.6914,X]
[52,F,0.918367,00010000,91.8367,X]
[82,F,0.922464,00000100,92.2464,X]
[83,F,0.927347,00000100,92.7347,X]
[35,F,0.927647,00100000,92.7647,X]
[25,F,0.937536,01000000,93.7536,X]
[15,F,0.941442,10000000,94.1442,X]
[108,F,0.941677,00000010,94.1677,X]
[26,F,0.948278,01000000,94.8278,X]
[16,F,0.953161,10000000,95.3161,X]
[53,F,0.953523,00010000,95.3523,X]
[84,F,0.954691,00000100,95.4691,X]
[134,F,0.955078,00000001,95.5078,X]
[27,F,0.96195,01000000,96.195,X]
[54,F,0.963289,00010000,96.3289,X]
[67,F,0.980391,00001000,98.0391,X]
[68,F,0.981367,00001000,98.1367,X]
[55,F,0.98575,00010000,98.575,X]
[56,F,0.995516,00010000,99.5516,X]
GUIDE_TREE_PARTITION1=(((((((t1:25.68,t2:25.68):12.61,t3:38.29):10.01,t4:48.3):18.7,t5:67):15.07,t6:82.07):11.36,t7:93.43):6.57,t8:100);
