Taxa bit representation:
t1 10000000
t2 01000000
t3 00100000
t4 00010000
t5 00001000
t6 00000100
t7 00000010
t8 00000001
Clade List (<taxon members> = <clade name>): 

>Dataset_0
[59,F,0.0683594,00000011,6.83594,X]
[60,F,0.0771484,00000011,7.71484,X]
[0,F,0.0800781,11111100,8.00781,X]
[1,F,0.117188,11111100,11.7188,X]
[2,F,0.150391,11111100,15.0391,X]
[3,F,0.151367,11111100,15.1367,X]
[4,F,0.155273,11111100,15.5273,X]
[61,F,0.193359,00000011,19.3359,X]
[62,F,0.200195,00000011,20.0195,X]
[5,F,0.21875,11111100,21.875,X]
[6,F,0.248047,11111100,24.8047,X]
[7,F,0.250977,11111100,25.0977,X]
[8,F,0.321289,11111100,32.1289,X]
[9,F,0.353516,11111100,35.3516,X]
[10,F,0.363281,11111100,36.3281,X]
[73,F,0.392838,00000001,39.2837,X]
[11,F,0.396484,11111100,39.6484,X]
[63,F,0.399673,00000010,39.9673,X]
[12,F,0.452148,11111100,45.2148,X]
[13,F,0.456055,11111100,45.6055,X]
[14,F,0.457031,11111100,45.7031,X]
[64,F,0.46315,00000010,46.315,X]
[15,F,0.487305,11111100,48.7305,X]
[16,F,0.496094,11111100,49.6094,X]
[74,F,0.507095,00000001,50.7095,X]
[75,F,0.512955,00000001,51.2955,X]
[17,F,0.517578,11111100,51.7578,X]
[18,F,0.525391,11111100,52.5391,X]
[65,F,0.542252,00000010,54.2252,X]
[66,F,0.571548,00000010,57.1548,X]
[19,F,0.590538,11110000,59.0538,X]
[20,F,0.591514,11110000,59.1514,X]
[21,F,0.596397,11110000,59.6397,X]
[49,F,0.613303,00000100,61.3303,X]
[50,F,0.61428,00000100,61.428,X]
[22,F,0.614952,11110000,61.4952,X]
[76,F,0.623306,00000001,62.3306,X]
[23,F,0.633506,11110000,63.3506,X]
[77,F,0.657486,00000001,65.7486,X]
[51,F,0.665061,00000100,66.5061,X]
[78,F,0.673111,00000001,67.3111,X]
[41,F,0.674827,00001000,67.4827,X]
[24,F,0.679339,11100000,67.9339,X]
[79,F,0.683853,00000001,68.3853,X]
[80,F,0.68483,00000001,68.483,X]
[67,F,0.702408,00000010,70.2408,X]
[25,F,0.70473,11100000,70.473,X]
[68,F,0.71022,00000010,71.022,X]
[37,F,0.713519,00010000,71.3519,X]
[52,F,0.714866,00000100,71.4866,X]
[42,F,0.722678,00001000,72.2678,X]
[81,F,0.722916,00000001,72.2916,X]
[26,F,0.723284,11100000,72.3284,X]
[53,F,0.730491,00000100,73.0491,X]
[54,F,0.737327,00000100,73.7327,X]
[55,F,0.762717,00000100,76.2717,X]
[38,F,0.769183,00010000,76.9183,X]
[82,F,0.797134,00000001,79.7134,X]
[83,F,0.805923,00000001,80.5923,X]
[43,F,0.809592,00001000,80.9592,X]
[29,F,0.825142,00100000,82.5142,X]
[44,F,0.82717,00001000,82.717,X]
[30,F,0.829048,00100000,82.9048,X]
[69,F,0.831314,00000010,83.1314,X]
[56,F,0.837913,00000100,83.7913,X]
[45,F,0.844748,00001000,84.4748,X]
[84,F,0.848892,00000001,84.8892,X]
[46,F,0.860373,00001000,86.0373,X]
[31,F,0.865181,00100000,86.5181,X]
[70,F,0.867447,00000010,86.7447,X]
[85,F,0.868423,00000001,86.8423,X]
[27,F,0.870064,11000000,87.0064,X]
[57,F,0.874045,00000100,87.4045,X]
[39,F,0.881487,00010000,88.1487,X]
[40,F,0.891253,00010000,89.1253,X]
[71,F,0.912369,00000010,91.2369,X]
[86,F,0.921158,00000001,92.1158,X]
[58,F,0.922873,00000100,92.2873,X]
[47,F,0.924827,00001000,92.4827,X]
[32,F,0.929634,00100000,92.9634,X]
[33,F,0.933541,00100000,93.3541,X]
[34,F,0.943306,00100000,94.3306,X]
[35,F,0.954048,00100000,95.4048,X]
[72,F,0.974869,00000010,97.4869,X]
[87,F,0.977798,00000001,97.7798,X]
[36,F,0.990181,00100000,99.0181,X]
[28,F,0.993853,10000000,99.3853,X]
[48,F,0.999045,00001000,99.9045,X]
GUIDE_TREE_PARTITION1=(((((t1:0.81,t2:0.81):17.75,t3:18.56):17.51,t4:36.07):7.22,(t5:41.99,t6:41.99):1.3):56.71,(t7:63.06,t8:63.06):36.94);
