Taxa bit representation:
t1 10000000
t2 01000000
t3 00100000
t4 00010000
t5 00001000
t6 00000100
t7 00000010
t8 00000001
Clade List (<taxon members> = <clade name>): 

>Dataset_0
[28,F,0.00195312,00001111,0.195312,X]
[29,F,0.0966797,00001111,9.66797,X]
[30,F,0.183158,00001100,18.3158,X]
[13,F,0.211086,00100000,21.1086,X]
[41,F,0.213359,00000010,21.3359,X]
[0,F,0.220742,11000000,22.0742,X]
[42,F,0.242656,00000010,24.2656,X]
[19,F,0.246242,00010000,24.6242,X]
[14,F,0.275539,00100000,27.5539,X]
[31,F,0.276908,00001100,27.6908,X]
[20,F,0.284328,00010000,28.4328,X]
[1,F,0.293008,11000000,29.3008,X]
[43,F,0.309063,00000010,30.9062,X]
[21,F,0.318508,00010000,31.8508,X]
[2,F,0.319375,11000000,31.9375,X]
[22,F,0.358547,00010000,35.8547,X]
[32,F,0.374564,00001100,37.4564,X]
[56,F,0.376445,00000001,37.6445,X]
[57,F,0.422344,00000001,42.2344,X]
[44,F,0.42625,00000010,42.625,X]
[45,F,0.431133,00000010,43.1133,X]
[23,F,0.446438,00010000,44.6438,X]
[46,F,0.456523,00000010,45.6523,X]
[33,F,0.459525,00001100,45.9525,X]
[3,F,0.46,11000000,46,X]
[34,F,0.488822,00001100,48.8822,X]
[15,F,0.491359,00100000,49.1359,X]
[4,F,0.497109,11000000,49.7109,X]
[47,F,0.530742,00000010,53.0742,X]
[24,F,0.554836,00010000,55.4836,X]
[48,F,0.572734,00000010,57.2734,X]
[5,F,0.579141,11000000,57.9141,X]
[49,F,0.590313,00000010,59.0312,X]
[25,F,0.609523,00010000,60.9523,X]
[16,F,0.612453,00100000,61.2453,X]
[35,F,0.625541,00001100,62.5541,X]
[58,F,0.657695,00000001,65.7695,X]
[6,F,0.669961,11000000,66.9961,X]
[7,F,0.676797,11000000,67.6797,X]
[50,F,0.678203,00000010,67.8203,X]
[59,F,0.744609,00000001,74.4609,X]
[9,F,0.752906,01000000,75.2906,X]
[10,F,0.756812,01000000,75.6813,X]
[11,F,0.779273,01000000,77.9273,X]
[39,F,0.808416,00000100,80.8416,X]
[17,F,0.809719,00100000,80.9719,X]
[36,F,0.855291,00001000,85.5291,X]
[40,F,0.860173,00000100,86.0173,X]
[8,F,0.877906,10000000,87.7906,X]
[26,F,0.883938,00010000,88.3938,X]
[37,F,0.885564,00001000,88.5564,X]
[51,F,0.887188,00000010,88.7188,X]
[27,F,0.887844,00010000,88.7844,X]
[12,F,0.890602,01000000,89.0602,X]
[52,F,0.893047,00000010,89.3047,X]
[38,F,0.904119,00001000,90.4119,X]
[53,F,0.915508,00000010,91.5508,X]
[54,F,0.928203,00000010,92.8203,X]
[18,F,0.938625,00100000,93.8625,X]
[55,F,0.943828,00000010,94.3828,X]
GUIDE_TREE_PARTITION1=(((t1:25.1,t2:25.1):66.4,(t3:82.7,t4:82.7):8.8):8.5,((t5:29.51,t6:29.51):57.35,(t7:79.25,t8:79.25):7.61):13.14);
