Taxa bit representation:
t1 10000000
t2 01000000
t3 00100000
t4 00010000
t5 00001000
t6 00000100
t7 00000010
t8 00000001
Clade List (<taxon members> = <clade name>): 

>Dataset_0
[0,F,0.00585938,11110000,0.585938,X]
[68,F,0.0576172,00001111,5.76172,X]
[1,F,0.0673828,11110000,6.73828,X]
[2,F,0.0683594,11110000,6.83594,X]
[69,F,0.0703125,00001111,7.03125,X]
[3,F,0.0820312,11110000,8.20312,X]
[70,F,0.141602,00001111,14.1602,X]
[40,F,0.165859,00110000,16.5859,X]
[4,F,0.180508,11000000,18.0508,X]
[5,F,0.208828,11000000,20.8828,X]
[41,F,0.211758,00110000,21.1758,X]
[6,F,0.213711,11000000,21.3711,X]
[7,F,0.215664,11000000,21.5664,X]
[71,F,0.219727,00001111,21.9727,X]
[72,F,0.22168,00001111,22.168,X]
[8,F,0.237148,11000000,23.7148,X]
[42,F,0.248867,00110000,24.8867,X]
[9,F,0.257656,11000000,25.7656,X]
[43,F,0.271328,00110000,27.1328,X]
[44,F,0.272305,00110000,27.2305,X]
[10,F,0.31332,11000000,31.332,X]
[73,F,0.324219,00001111,32.4219,X]
[74,F,0.336914,00001111,33.6914,X]
[11,F,0.376331,10000000,37.6331,X]
[12,F,0.384144,10000000,38.4144,X]
[29,F,0.438831,01000000,43.8831,X]
[45,F,0.451992,00110000,45.1992,X]
[46,F,0.452969,00110000,45.2969,X]
[75,F,0.457031,00001111,45.7031,X]
[47,F,0.477383,00110000,47.7383,X]
[30,F,0.483753,01000000,48.3753,X]
[31,F,0.488636,01000000,48.8636,X]
[76,F,0.494141,00001111,49.4141,X]
[77,F,0.495117,00001111,49.5117,X]
[78,F,0.5,00001111,50,X]
[48,F,0.50668,00110000,50.668,X]
[13,F,0.51305,10000000,51.305,X]
[14,F,0.517933,10000000,51.7933,X]
[49,F,0.528164,00110000,52.8164,X]
[32,F,0.532581,01000000,53.2581,X]
[79,F,0.535156,00001111,53.5156,X]
[33,F,0.555042,01000000,55.5042,X]
[80,F,0.567383,00001111,56.7383,X]
[15,F,0.57262,10000000,57.262,X]
[50,F,0.585781,00110000,58.5781,X]
[16,F,0.589222,10000000,58.9222,X]
[81,F,0.595703,00001111,59.5703,X]
[17,F,0.597034,10000000,59.7034,X]
[51,F,0.60043,00110000,60.043,X]
[18,F,0.611683,10000000,61.1683,X]
[100,F,0.640027,00000011,64.0027,X]
[82,F,0.649792,00001100,64.9792,X]
[83,F,0.652722,00001100,65.2722,X]
[19,F,0.654652,10000000,65.4652,X]
[62,F,0.674333,00010000,67.4333,X]
[101,F,0.678113,00000011,67.8113,X]
[63,F,0.684098,00010000,68.4098,X]
[34,F,0.690784,01000000,69.0784,X]
[102,F,0.690808,00000011,69.0808,X]
[20,F,0.692738,10000000,69.2738,X]
[103,F,0.697644,00000011,69.7644,X]
[84,F,0.727917,00001100,72.7917,X]
[52,F,0.729997,00100000,72.9997,X]
[35,F,0.7318,01000000,73.18,X]
[104,F,0.731823,00000011,73.1823,X]
[21,F,0.754261,10000000,75.4261,X]
[105,F,0.760144,00000011,76.0144,X]
[85,F,0.773895,00001000,77.3895,X]
[53,F,0.774919,00100000,77.4919,X]
[106,F,0.780652,00000011,78.0652,X]
[36,F,0.786488,01000000,78.6488,X]
[107,F,0.786511,00000011,78.6511,X]
[22,F,0.789417,10000000,78.9417,X]
[86,F,0.804169,00001000,80.4169,X]
[54,F,0.804216,00100000,80.4216,X]
[37,F,0.811878,01000000,81.1878,X]
[38,F,0.814808,01000000,81.4808,X]
[23,F,0.818714,10000000,81.8714,X]
[87,F,0.818817,00001000,81.8817,X]
[88,F,0.819794,00001000,81.9794,X]
[39,F,0.836292,01000000,83.6292,X]
[108,F,0.836316,00000011,83.6316,X]
[24,F,0.843128,10000000,84.3128,X]
[94,F,0.852997,00000100,85.2997,X]
[95,F,0.85495,00000100,85.495,X]
[96,F,0.855927,00000100,85.5927,X]
[55,F,0.855973,00100000,85.5973,X]
[89,F,0.858856,00001000,85.8856,X]
[64,F,0.869645,00010000,86.9645,X]
[56,F,0.871598,00100000,87.1598,X]
[109,F,0.875378,00000011,87.5378,X]
[57,F,0.876481,00100000,87.6481,X]
[110,F,0.879284,00000011,87.9284,X]
[97,F,0.884247,00000100,88.4247,X]
[65,F,0.88527,00010000,88.527,X]
[66,F,0.886247,00010000,88.6247,X]
[90,F,0.907684,00001000,90.7684,X]
[111,F,0.911511,00000011,91.1511,X]
[25,F,0.920277,10000000,92.0277,X]
[98,F,0.931122,00000100,93.1122,X]
[91,F,0.932098,00001000,93.2098,X]
[67,F,0.936052,00010000,93.6052,X]
[26,F,0.943714,10000000,94.3714,X]
[58,F,0.949723,00100000,94.9723,X]
[99,F,0.952606,00000100,95.2606,X]
[27,F,0.958363,10000000,95.8363,X]
[59,F,0.960466,00100000,96.0466,X]
[92,F,0.963348,00001000,96.3348,X]
[60,F,0.973161,00100000,97.3161,X]
[61,F,0.977067,00100000,97.7067,X]
[113,F,0.979666,00000001,97.9666,X]
[93,F,0.994598,00001000,99.4598,X]
[28,F,0.995472,10000000,99.5472,X]
[112,F,0.99822,00000010,99.822,X]
GUIDE_TREE_PARTITION1=(((t1:64.32,t2:64.32):25.93,(t3:36.18,t4:36.18):54.07):9.75,((t5:23.88,t6:23.88):15.34,(t7:3.01,t8:3.01):36.21):60.78);
