Taxa bit representation:
t1 10000000
t2 01000000
t3 00100000
t4 00010000
t5 00001000
t6 00000100
t7 00000010
t8 00000001
Clade List (<taxon members> = <clade name>): 

>Dataset_0
[15,F,0.0888672,00001111,8.88672,X]
[16,F,0.154297,00001111,15.4297,X]
[17,F,0.179688,00001111,17.9688,X]
[18,F,0.275391,00001111,27.5391,X]
[19,F,0.285156,00001111,28.5156,X]
[20,F,0.361328,00001111,36.1328,X]
[21,F,0.368164,00001111,36.8164,X]
[0,F,0.411234,11000000,41.1234,X]
[10,F,0.412211,00110000,41.2211,X]
[1,F,0.422953,11000000,42.2953,X]
[30,F,0.431967,00000011,43.1967,X]
[2,F,0.458109,11000000,45.8109,X]
[31,F,0.494467,00000011,49.4467,X]
[32,F,0.516928,00000011,51.6928,X]
[33,F,0.520834,00000011,52.0834,X]
[11,F,0.535258,00110000,53.5258,X]
[22,F,0.613439,00001000,61.3439,X]
[35,F,0.630855,00000001,63.0855,X]
[26,F,0.649572,00000100,64.9572,X]
[23,F,0.691564,00001000,69.1564,X]
[3,F,0.728617,11000000,72.8617,X]
[34,F,0.756831,00000010,75.6831,X]
[27,F,0.766759,00000100,76.6759,X]
[12,F,0.785258,00110000,78.5258,X]
[4,F,0.794047,11000000,79.4047,X]
[13,F,0.810648,00110000,81.0648,X]
[36,F,0.820308,00000001,82.0308,X]
[37,F,0.842769,00000001,84.2769,X]
[38,F,0.853511,00000001,85.3511,X]
[24,F,0.869298,00001000,86.9298,X]
[5,F,0.884867,11000000,88.4867,X]
[25,F,0.8859,00001000,88.59,X]
[14,F,0.898539,00110000,89.8539,X]
[39,F,0.901363,00000001,90.1363,X]
[40,F,0.916988,00000001,91.6988,X]
[28,F,0.919103,00000100,91.9103,X]
[6,F,0.938578,11000000,93.8578,X]
[41,F,0.944331,00000001,94.4331,X]
[7,F,0.962992,11000000,96.2992,X]
[8,F,0.964945,11000000,96.4945,X]
[29,F,0.975744,00000100,97.5744,X]
[9,F,0.994153,10000000,99.4153,X]
GUIDE_TREE_PARTITION1=(((t1:0.78,t2:0.78):69.62,(t3:3.88,t4:3.88):66.52):29.6,((t5:48.91,t6:48.91):10.53,(t7:45.02,t8:45.02):14.42):40.56);
