Taxa bit representation:
t1 10000000
t2 01000000
t3 00100000
t4 00010000
t5 00001000
t6 00000100
t7 00000010
t8 00000001
Clade List (<taxon members> = <clade name>): 

>Dataset_0
[0,F,0.0126953,11110000,1.26953,X]
[12,F,0.113167,00000011,11.3167,X]
[1,F,0.177734,11110000,17.7734,X]
[2,F,0.199219,11110000,19.9219,X]
[5,F,0.634348,00110000,63.4348,X]
[13,F,0.676644,00000011,67.6644,X]
[6,F,0.714427,00110000,71.4427,X]
[7,F,0.727122,00110000,72.7122,X]
[4,F,0.753012,01000000,75.3012,X]
[3,F,0.765708,10000000,76.5708,X]
[14,F,0.852425,00000011,85.2425,X]
[11,F,0.863422,00001000,86.3422,X]
[15,F,0.876183,00000010,87.6183,X]
[8,F,0.901306,00010000,90.1306,X]
[16,F,0.929894,00000010,92.9894,X]
[9,F,0.954041,00010000,95.4041,X]
[10,F,0.968689,00010000,96.8689,X]
GUIDE_TREE_PARTITION1=(((t1:37.98,t2:37.98):0.05,(t3:10.26,t4:10.26):27.77):61.97,((t5:49.4,t6:49.4):48.17,(t7:12.87,t8:12.87):84.7):2.43);
