Taxa bit representation:
t1 10000000
t2 01000000
t3 00100000
t4 00010000
t5 00001000
t6 00000100
t7 00000010
t8 00000001
Clade List (<taxon members> = <clade name>): 

>Dataset_0
[4,F,0.345044,00001000,34.5044,X]
[5,F,0.380989,00000100,38.0989,X]
[0,F,0.416333,11110000,41.6333,X]
[1,F,0.43977,11110000,43.977,X]
[12,F,0.444336,00000001,44.4336,X]
[9,F,0.473302,00000010,47.3302,X]
[6,F,0.478645,00000100,47.8645,X]
[7,F,0.664192,00000100,66.4192,X]
[8,F,0.709114,00000100,70.9114,X]
[13,F,0.822266,00000001,82.2266,X]
[2,F,0.838355,11100000,83.8355,X]
[10,F,0.842442,00000010,84.2442,X]
[3,F,0.888836,11000000,88.8836,X]
[11,F,0.975255,00000010,97.5255,X]
GUIDE_TREE_PARTITION1=(((((((t1:6.63,t2:6.63):5.17,t3:11.8):37.47,t4:49.27):18.96,t5:68.23):13.3,t6:81.53):16.55,t7:98.08):1.92,t8:100);
