Taxa bit representation:
t1 10000000
t2 01000000
t3 00100000
t4 00010000
t5 00001000
t6 00000100
t7 00000010
t8 00000001
Clade List (<taxon members> = <clade name>): 

>Dataset_0
[37,F,0.015625,00000011,1.5625,X]
[38,F,0.0644531,00000011,6.44531,X]
[0,F,0.0820312,11111100,8.20312,X]
[39,F,0.0947266,00000011,9.47266,X]
[25,F,0.136119,00001100,13.6119,X]
[26,F,0.143931,00001100,14.3931,X]
[40,F,0.148438,00000011,14.8438,X]
[1,F,0.156627,11110000,15.6627,X]
[41,F,0.178711,00000011,17.8711,X]
[2,F,0.206431,11110000,20.6431,X]
[3,F,0.254886,11100000,25.4886,X]
[27,F,0.261119,00001100,26.1119,X]
[4,F,0.278323,11100000,27.8323,X]
[42,F,0.288086,00000011,28.8086,X]
[28,F,0.294322,00001100,29.4322,X]
[29,F,0.297252,00001100,29.7252,X]
[5,F,0.317386,11100000,31.7386,X]
[43,F,0.325195,00000011,32.5195,X]
[17,F,0.327152,00010000,32.7152,X]
[44,F,0.344727,00000011,34.4727,X]
[45,F,0.350586,00000011,35.0586,X]
[30,F,0.378306,00001100,37.8306,X]
[18,F,0.429691,00010000,42.9691,X]
[31,F,0.43397,00001100,43.397,X]
[6,F,0.43555,11100000,43.555,X]
[46,F,0.498047,00000011,49.8047,X]
[7,F,0.506839,11100000,50.6839,X]
[19,F,0.521487,00010000,52.1487,X]
[8,F,0.536136,11100000,53.6136,X]
[20,F,0.559573,00010000,55.9573,X]
[15,F,0.570184,00100000,57.0184,X]
[21,F,0.624027,00010000,62.4027,X]
[47,F,0.628906,00000011,62.8906,X]
[12,F,0.632194,01000000,63.2194,X]
[32,F,0.636119,00001100,63.6119,X]
[48,F,0.642578,00000011,64.2578,X]
[9,F,0.643912,10000000,64.3912,X]
[49,F,0.679688,00000011,67.9688,X]
[33,F,0.694712,00001100,69.4712,X]
[10,F,0.70153,10000000,70.153,X]
[11,F,0.711295,10000000,71.1295,X]
[50,F,0.739258,00000011,73.9258,X]
[51,F,0.771484,00000011,77.1484,X]
[34,F,0.772837,00001100,77.2837,X]
[52,F,0.808594,00000011,80.8594,X]
[13,F,0.810905,01000000,81.0905,X]
[14,F,0.813834,01000000,81.3834,X]
[22,F,0.818362,00010000,81.8362,X]
[23,F,0.846683,00010000,84.6683,X]
[16,F,0.863153,00100000,86.3153,X]
[35,F,0.887725,00001000,88.7725,X]
[36,F,0.926787,00001000,92.6787,X]
[53,F,0.935909,00000001,93.5909,X]
[24,F,0.984378,00010000,98.4378,X]
[54,F,0.985714,00000001,98.5714,X]
GUIDE_TREE_PARTITION1=(((((t1:42.64,t2:42.64):2.49,t3:45.13):33.19,t4:78.32):9.24,(t5:12.79,t6:12.79):74.77):12.44,(t7:10.12,t8:10.12):89.88);
