Taxa bit representation:
t1 10000000
t2 01000000
t3 00100000
t4 00010000
t5 00001000
t6 00000100
t7 00000010
t8 00000001
Clade List (<taxon members> = <clade name>): 

>Dataset_0
[10,F,0.265625,00001111,26.5625,X]
[7,F,0.34118,00010000,34.118,X]
[16,F,0.456677,00000100,45.6677,X]
[19,F,0.513742,00000011,51.3742,X]
[0,F,0.515164,10000000,51.5164,X]
[1,F,0.533719,10000000,53.3719,X]
[2,F,0.639188,01000000,63.9188,X]
[17,F,0.651989,00000100,65.1989,X]
[20,F,0.664133,00000011,66.4133,X]
[11,F,0.712536,00001000,71.2536,X]
[12,F,0.716442,00001000,71.6442,X]
[8,F,0.752313,00010000,75.2313,X]
[9,F,0.796258,00010000,79.6258,X]
[21,F,0.803781,00000011,80.3781,X]
[22,F,0.863352,00000011,86.3352,X]
[3,F,0.863797,01000000,86.3797,X]
[13,F,0.881481,00001000,88.1481,X]
[14,F,0.911755,00001000,91.1755,X]
[4,F,0.913602,01000000,91.3602,X]
[5,F,0.916531,01000000,91.6531,X]
[15,F,0.938122,00001000,93.8122,X]
[6,F,0.978055,01000000,97.8055,X]
[23,F,0.982291,00000001,98.2291,X]
[18,F,0.983044,00000100,98.3044,X]
GUIDE_TREE_PARTITION1=(((t1:54.05,t2:54.05):27.36,(t3:69.3,t4:69.3):12.11):18.59,((t5:60.68,t6:60.68):1.52,(t7:4.31,t8:4.31):57.89):37.8);
