Taxa bit representation:
t1 10000000
t2 01000000
t3 00100000
t4 00010000
t5 00001000
t6 00000100
t7 00000010
t8 00000001
Clade List (<taxon members> = <clade name>): 

>Dataset_0
[11,F,0.0734797,00001100,7.34797,X]
[0,F,0.09375,11110000,9.375,X]
[18,F,0.129144,00000011,12.9144,X]
[1,F,0.257812,11110000,25.7812,X]
[14,F,0.269552,00000100,26.9552,X]
[19,F,0.284417,00000011,28.4417,X]
[15,F,0.309591,00000100,30.9591,X]
[2,F,0.375977,11110000,37.5977,X]
[3,F,0.408203,11110000,40.8203,X]
[4,F,0.462891,11110000,46.2891,X]
[20,F,0.472894,00000011,47.2894,X]
[21,F,0.478753,00000011,47.8753,X]
[12,F,0.514669,00001000,51.4669,X]
[5,F,0.561523,11110000,56.1523,X]
[6,F,0.580078,11110000,58.0078,X]
[16,F,0.587911,00000100,58.7911,X]
[7,F,0.62793,11110000,62.793,X]
[17,F,0.700216,00000100,70.0216,X]
[8,F,0.731445,11110000,73.1445,X]
[9,F,0.743164,11110000,74.3164,X]
[10,F,0.763295,11000000,76.3295,X]
[13,F,0.884786,00001000,88.4786,X]
[22,F,0.927597,00000001,92.7597,X]
[23,F,0.961777,00000001,96.1777,X]
GUIDE_TREE_PARTITION1=(((t1:9.96,t2:9.96):14.98,(t3:13.46,t4:13.46):11.48):75.06,((t5:84.08,t6:84.08):11.99,(t7:35.17,t8:35.17):60.9):3.93);
