Taxa bit representation:
t1 10000000
t2 01000000
t3 00100000
t4 00010000
t5 00001000
t6 00000100
t7 00000010
t8 00000001
Clade List (<taxon members> = <clade name>): 

>Dataset_0
[5,F,0.106477,00001100,10.6477,X]
[2,F,0.152105,00010000,15.2105,X]
[9,F,0.208008,00000011,20.8008,X]
[7,F,0.265695,00000100,26.5695,X]
[6,F,0.269602,00001000,26.9602,X]
[3,F,0.368902,00010000,36.8902,X]
[0,F,0.381278,11000000,38.1278,X]
[12,F,0.563948,00000001,56.3948,X]
[10,F,0.568831,00000010,56.8831,X]
[8,F,0.640695,00000100,64.0695,X]
[13,F,0.686995,00000001,68.6995,X]
[11,F,0.7993,00000010,79.93,X]
[1,F,0.932725,10000000,93.2725,X]
[4,F,0.969488,00010000,96.9488,X]
GUIDE_TREE_PARTITION1=(((((t1:52.04,t2:52.04):17.84,t3:69.88):19.89,t4:89.77):5.93,(t5:80.95,t6:80.95):14.75):4.3,(t7:45.07,t8:45.07):54.93);
