Taxa bit representation:
t1 10000000
t2 01000000
t3 00100000
t4 00010000
t5 00001000
t6 00000100
t7 00000010
t8 00000001
Clade List (<taxon members> = <clade name>): 

>Dataset_0
[0,F,0.124767,11111100,12.4767,X]
[29,F,0.147461,00000001,14.7461,X]
[30,F,0.235352,00000001,23.5352,X]
[19,F,0.239025,00000010,23.9025,X]
[20,F,0.258556,00000010,25.8556,X]
[21,F,0.322033,00000010,32.2033,X]
[22,F,0.334728,00000010,33.4728,X]
[31,F,0.354492,00000001,35.4492,X]
[23,F,0.372814,00000010,37.2814,X]
[32,F,0.376953,00000001,37.6953,X]
[24,F,0.386486,00000010,38.6486,X]
[33,F,0.407227,00000001,40.7227,X]
[15,F,0.477578,00000100,47.7578,X]
[34,F,0.490234,00000001,49.0234,X]
[11,F,0.533266,00001000,53.3266,X]
[25,F,0.546642,00000010,54.6642,X]
[1,F,0.587253,11000000,58.7253,X]
[2,F,0.599948,11000000,59.9948,X]
[12,F,0.609437,00001000,60.9437,X]
[26,F,0.615002,00000010,61.5002,X]
[35,F,0.631836,00000001,63.1836,X]
[3,F,0.649753,11000000,64.9753,X]
[8,F,0.666102,00010000,66.6102,X]
[7,F,0.67612,00100000,67.612,X]
[16,F,0.711953,00000100,71.1953,X]
[4,F,0.825534,11000000,82.5534,X]
[27,F,0.836681,00000010,83.6681,X]
[9,F,0.873133,00010000,87.3133,X]
[17,F,0.882852,00000100,88.2852,X]
[10,F,0.882898,00010000,88.2898,X]
[5,F,0.884666,01000000,88.4666,X]
[28,F,0.901134,00000010,90.1134,X]
[36,F,0.902344,00000001,90.2344,X]
[13,F,0.915102,00001000,91.5102,X]
[14,F,0.968812,00001000,96.8812,X]
[6,F,0.979392,01000000,97.9392,X]
[18,F,0.986367,00000100,98.6367,X]
GUIDE_TREE_PARTITION1=(((((((t1:12.51,t2:12.51):28.96,t3:41.47):6.08,t4:47.55):6.35,t5:53.9):12.6,t6:66.5):23.66,t7:90.16):9.84,t8:100);
