Taxa bit representation:
t1 10000000
t2 01000000
t3 00100000
t4 00010000
t5 00001000
t6 00000100
t7 00000010
t8 00000001
Clade List (<taxon members> = <clade name>): 

>Dataset_0
[10,F,0.0281906,00001100,2.81906,X]
[11,F,0.110514,00000100,11.0514,X]
[3,F,0.155309,00110000,15.5309,X]
[12,F,0.203972,00000011,20.3972,X]
[4,F,0.219762,00110000,21.9762,X]
[0,F,0.286169,11000000,28.6169,X]
[5,F,0.397497,00110000,39.7497,X]
[13,F,0.451805,00000010,45.1805,X]
[6,F,0.452184,00110000,45.2184,X]
[7,F,0.474645,00110000,47.4645,X]
[8,F,0.519567,00110000,51.9567,X]
[9,F,0.567419,00110000,56.7419,X]
[16,F,0.579734,00000001,57.9734,X]
[14,F,0.646141,00000010,64.6141,X]
[1,F,0.658239,11000000,65.8239,X]
[15,F,0.662742,00000010,66.2742,X]
[17,F,0.782859,00000001,78.2859,X]
[18,F,0.790672,00000001,79.0672,X]
[2,F,0.801794,11000000,80.1794,X]
GUIDE_TREE_PARTITION1=(((t1:3.84,t2:3.84):90.59,(t3:32.06,t4:32.06):62.37):5.57,((t5:91.39,t6:91.39):8.33,(t7:78.55,t8:78.55):21.17):0.28);
