Taxa bit representation:
t1 10000000
t2 01000000
t3 00100000
t4 00010000
t5 00001000
t6 00000100
t7 00000010
t8 00000001
Clade List (<taxon members> = <clade name>): 

>Dataset_0
[27,F,0.0438297,00001100,4.38297,X]
[28,F,0.0809391,00001100,8.09391,X]
[29,F,0.16883,00001100,16.883,X]
[30,F,0.201056,00001100,20.1056,X]
[0,F,0.206916,11110000,20.6916,X]
[31,F,0.226447,00001100,22.6447,X]
[32,F,0.294848,00001000,29.4848,X]
[33,F,0.304614,00001000,30.4614,X]
[44,F,0.361255,00000100,36.1255,X]
[34,F,0.383716,00001000,38.3716,X]
[35,F,0.387622,00001000,38.7622,X]
[36,F,0.415942,00001000,41.5942,X]
[1,F,0.451056,11110000,45.1056,X]
[37,F,0.490161,00001000,49.0161,X]
[20,F,0.522195,00010000,52.2195,X]
[2,F,0.523172,11100000,52.3172,X]
[3,F,0.531961,11100000,53.1961,X]
[21,F,0.549539,00010000,54.9539,X]
[38,F,0.575122,00001000,57.5122,X]
[4,F,0.618127,10000000,61.8127,X]
[13,F,0.621056,01000000,62.1056,X]
[45,F,0.640552,00000100,64.0552,X]
[5,F,0.641564,10000000,64.1564,X]
[46,F,0.646411,00000100,64.6411,X]
[39,F,0.649341,00001000,64.9341,X]
[22,F,0.674539,00010000,67.4539,X]
[15,F,0.677606,00100000,67.7606,X]
[6,F,0.698205,10000000,69.8205,X]
[23,F,0.701883,00010000,70.1883,X]
[24,F,0.703836,00010000,70.3836,X]
[16,F,0.70495,00100000,70.495,X]
[47,F,0.706958,00000100,70.6958,X]
[53,F,0.707564,00000001,70.7564,X]
[7,F,0.712853,10000000,71.2853,X]
[48,F,0.715747,00000100,71.5747,X]
[54,F,0.71733,00000001,71.733,X]
[55,F,0.719283,00000001,71.9283,X]
[56,F,0.734908,00000001,73.4908,X]
[40,F,0.735278,00001000,73.5278,X]
[17,F,0.7362,00100000,73.62,X]
[8,F,0.752892,10000000,75.2892,X]
[52,F,0.787642,00000010,78.7642,X]
[9,F,0.80172,10000000,80.172,X]
[41,F,0.805591,00001000,80.5591,X]
[14,F,0.811486,01000000,81.1486,X]
[25,F,0.820047,00010000,82.0047,X]
[42,F,0.820239,00001000,82.0239,X]
[18,F,0.823114,00100000,82.3114,X]
[26,F,0.847391,00010000,84.7391,X]
[10,F,0.858361,10000000,85.8361,X]
[11,F,0.860314,10000000,86.0314,X]
[49,F,0.884692,00000100,88.4692,X]
[50,F,0.886645,00000100,88.6645,X]
[51,F,0.917895,00000100,91.7895,X]
[12,F,0.927697,10000000,92.7697,X]
[57,F,0.958541,00000001,95.8541,X]
[43,F,0.969653,00001000,96.9653,X]
[19,F,0.991083,00100000,99.1083,X]
GUIDE_TREE_PARTITION1=(((((t1:41.41,t2:41.41):3.72,t3:45.13):3.92,t4:49.05):46.86,(t5:71.98,t6:71.98):23.93):4.09,(t7:41.06,t8:41.06):58.94);
