Taxa bit representation:
t1 10000000
t2 01000000
t3 00100000
t4 00010000
t5 00001000
t6 00000100
t7 00000010
t8 00000001
Clade List (<taxon members> = <clade name>): 

>Dataset_0
[15,F,0.195312,00000011,19.5312,X]
[16,F,0.213867,00000011,21.3867,X]
[17,F,0.28418,00000011,28.418,X]
[0,F,0.354292,11110000,35.4292,X]
[18,F,0.385742,00000011,38.5742,X]
[11,F,0.481245,00001100,48.1245,X]
[1,F,0.513142,11100000,51.3142,X]
[12,F,0.539839,00001100,53.9839,X]
[13,F,0.543745,00001100,54.3745,X]
[14,F,0.546675,00001100,54.6675,X]
[19,F,0.567645,00000010,56.7645,X]
[2,F,0.615681,11100000,61.5681,X]
[9,F,0.663533,00010000,66.3533,X]
[22,F,0.697528,00000001,69.7528,X]
[20,F,0.731708,00000010,73.1708,X]
[3,F,0.802648,11000000,80.2648,X]
[6,F,0.802648,00100000,80.2648,X]
[10,F,0.835408,00010000,83.5408,X]
[4,F,0.858313,11000000,85.8312,X]
[23,F,0.863544,00000001,86.3544,X]
[5,F,0.87882,11000000,87.882,X]
[7,F,0.88468,00100000,88.468,X]
[8,F,0.969641,00100000,96.9641,X]
[21,F,0.974872,00000010,97.4872,X]
GUIDE_TREE_PARTITION1=(((((t1:8.75,t2:8.75):12.45,t3:21.2):28.56,t4:49.76):19.01,(t5:17.68,t6:17.68):51.09):31.23,(t7:47.63,t8:47.63):52.37);
