Taxa bit representation:
t1 10000000
t2 01000000
t3 00100000
t4 00010000
t5 00001000
t6 00000100
t7 00000010
t8 00000001
Clade List (<taxon members> = <clade name>): 

>Dataset_0
[0,F,0.0136719,11111110,1.36719,X]
[1,F,0.0380859,11111110,3.80859,X]
[96,F,0.0498047,00000001,4.98047,X]
[75,F,0.0836953,00000010,8.36953,X]
[97,F,0.0849609,00000001,8.49609,X]
[98,F,0.09375,00000001,9.375,X]
[99,F,0.125,00000001,12.5,X]
[100,F,0.140625,00000001,14.0625,X]
[2,F,0.146661,11111000,14.6661,X]
[54,F,0.148614,00000100,14.8614,X]
[101,F,0.155273,00000001,15.5273,X]
[102,F,0.162109,00000001,16.2109,X]
[76,F,0.163773,00000010,16.3773,X]
[103,F,0.181641,00000001,18.1641,X]
[55,F,0.197442,00000100,19.7442,X]
[56,F,0.209161,00000100,20.9161,X]
[3,F,0.221856,11111000,22.1856,X]
[77,F,0.228227,00000010,22.8227,X]
[57,F,0.244317,00000100,24.4317,X]
[78,F,0.246781,00000010,24.6781,X]
[79,F,0.250687,00000010,25.0687,X]
[104,F,0.255859,00000001,25.5859,X]
[80,F,0.279984,00000010,27.9984,X]
[105,F,0.304687,00000001,30.4687,X]
[106,F,0.306641,00000001,30.6641,X]
[81,F,0.330766,00000010,33.0766,X]
[58,F,0.372247,00000100,37.2247,X]
[107,F,0.375977,00000001,37.5977,X]
[59,F,0.379083,00000100,37.9083,X]
[4,F,0.379997,11110000,37.9997,X]
[43,F,0.398552,00001000,39.8552,X]
[5,F,0.406364,11110000,40.6364,X]
[108,F,0.412109,00000001,41.2109,X]
[60,F,0.414239,00000100,41.4239,X]
[109,F,0.418945,00000001,41.8945,X]
[61,F,0.453302,00000100,45.3302,X]
[6,F,0.454216,11110000,45.4216,X]
[110,F,0.466797,00000001,46.6797,X]
[7,F,0.474723,11110000,47.4723,X]
[62,F,0.482598,00000100,48.2598,X]
[63,F,0.486505,00000100,48.6505,X]
[82,F,0.513383,00000010,51.3383,X]
[64,F,0.519708,00000100,51.9708,X]
[83,F,0.521195,00000010,52.1195,X]
[8,F,0.53527,11110000,53.527,X]
[84,F,0.552445,00000010,55.2445,X]
[85,F,0.566117,00000010,56.6117,X]
[44,F,0.582145,00001000,58.2145,X]
[111,F,0.598633,00000001,59.8633,X]
[86,F,0.624711,00000010,62.4711,X]
[65,F,0.630059,00000100,63.0059,X]
[112,F,0.638672,00000001,63.8672,X]
[66,F,0.645684,00000100,64.5684,X]
[25,F,0.649042,00100000,64.9042,X]
[67,F,0.660333,00000100,66.0333,X]
[9,F,0.661737,11000000,66.1737,X]
[87,F,0.66182,00000010,66.182,X]
[34,F,0.662812,00010000,66.2812,X]
[35,F,0.669648,00010000,66.9648,X]
[68,F,0.680841,00000100,68.0841,X]
[113,F,0.686523,00000001,68.6523,X]
[88,F,0.699906,00000010,69.9906,X]
[36,F,0.713594,00010000,71.3594,X]
[26,F,0.721308,00100000,72.1308,X]
[45,F,0.726677,00001000,72.6677,X]
[17,F,0.72772,01000000,72.772,X]
[18,F,0.729673,01000000,72.9673,X]
[46,F,0.734489,00001000,73.4489,X]
[89,F,0.737016,00000010,73.7016,X]
[37,F,0.743867,00010000,74.3867,X]
[19,F,0.746275,01000000,74.6275,X]
[69,F,0.7492,00000100,74.92,X]
[10,F,0.754087,10000000,75.4087,X]
[11,F,0.759947,10000000,75.9947,X]
[70,F,0.767755,00000100,76.7755,X]
[38,F,0.788789,00010000,78.8789,X]
[12,F,0.797056,10000000,79.7056,X]
[39,F,0.804414,00010000,80.4414,X]
[13,F,0.806822,10000000,80.6822,X]
[71,F,0.818536,00000100,81.8536,X]
[14,F,0.82147,10000000,82.147,X]
[47,F,0.823356,00001000,82.3356,X]
[20,F,0.826353,01000000,82.6353,X]
[27,F,0.835566,00100000,83.5566,X]
[48,F,0.840934,00001000,84.0934,X]
[90,F,0.842484,00000010,84.2484,X]
[91,F,0.847367,00000010,84.7367,X]
[28,F,0.864862,00100000,86.4862,X]
[15,F,0.867369,10000000,86.7369,X]
[72,F,0.873223,00000100,87.3223,X]
[92,F,0.876664,00000010,87.6664,X]
[114,F,0.885742,00000001,88.5742,X]
[49,F,0.887809,00001000,88.7809,X]
[29,F,0.8883,00100000,88.83,X]
[50,F,0.889762,00001000,88.9762,X]
[93,F,0.890336,00000010,89.0336,X]
[73,F,0.892755,00000100,89.2755,X]
[30,F,0.898066,00100000,89.8066,X]
[21,F,0.904478,01000000,90.4478,X]
[22,F,0.917173,01000000,91.7173,X]
[23,F,0.920103,01000000,92.0103,X]
[16,F,0.922056,10000000,92.2056,X]
[74,F,0.930841,00000100,93.0841,X]
[94,F,0.934281,00000010,93.4281,X]
[40,F,0.940156,00010000,94.0156,X]
[31,F,0.948847,00100000,94.8847,X]
[41,F,0.948945,00010000,94.8945,X]
[24,F,0.956236,01000000,95.6236,X]
[51,F,0.960075,00001000,96.0075,X]
[52,F,0.965934,00001000,96.5934,X]
[53,F,0.97863,00001000,97.863,X]
[32,F,0.981073,00100000,98.1073,X]
[33,F,0.98498,00100000,98.498,X]
[42,F,0.993867,00010000,99.3867,X]
[95,F,0.999711,00000010,99.9711,X]
GUIDE_TREE_PARTITION1=(((((((t1:30.06,t2:30.06):6.11,t3:36.17):4.58,t4:40.75):24.18,t5:64.93):22.65,t6:87.58):5.32,t7:92.9):7.1,t8:100);
