Taxa bit representation:
t1 10000000
t2 01000000
t3 00100000
t4 00010000
t5 00001000
t6 00000100
t7 00000010
t8 00000001
Clade List (<taxon members> = <clade name>): 

>Dataset_0
[4,F,0.160156,00000001,16.0156,X]
[1,F,0.504144,00001000,50.4144,X]
[0,F,0.517478,11100000,51.7478,X]
[5,F,0.564453,00000001,56.4453,X]
[3,F,0.799891,00000100,79.9891,X]
[6,F,0.882812,00000001,88.2812,X]
[2,F,0.891839,00001000,89.1839,X]
[7,F,0.898438,00000001,89.8438,X]
GUIDE_TREE_PARTITION1=(((((((t1:2.76,t2:2.76):7.49,t3:10.25):39.76,t4:50.01):2.31,t5:52.32):1.48,t6:53.8):6.23,t7:60.03):39.97,t8:100);
