Taxa bit representation:
t1 10000000
t2 01000000
t3 00100000
t4 00010000
t5 00001000
t6 00000100
t7 00000010
t8 00000001
Clade List (<taxon members> = <clade name>): 

>Dataset_0
[0,F,0.0283203,11111110,2.83203,X]
[26,F,0.0507812,00000001,5.07812,X]
[27,F,0.0537109,00000001,5.37109,X]
[1,F,0.0761719,11111110,7.61719,X]
[19,F,0.157845,00000010,15.7845,X]
[20,F,0.17933,00000010,17.933,X]
[2,F,0.27308,11111100,27.308,X]
[21,F,0.289681,00000010,28.9681,X]
[28,F,0.291016,00000001,29.1016,X]
[29,F,0.304688,00000001,30.4688,X]
[22,F,0.358041,00000010,35.8041,X]
[30,F,0.367188,00000001,36.7188,X]
[31,F,0.368164,00000001,36.8164,X]
[23,F,0.382455,00000010,38.2455,X]
[3,F,0.436166,11111100,43.6166,X]
[4,F,0.473275,11111100,47.3275,X]
[32,F,0.485352,00000001,48.5352,X]
[5,F,0.531025,11111000,53.1025,X]
[33,F,0.555664,00000001,55.5664,X]
[6,F,0.634541,11111000,63.4541,X]
[24,F,0.659798,00000010,65.9798,X]
[34,F,0.703125,00000001,70.3125,X]
[35,F,0.756836,00000001,75.6836,X]
[36,F,0.758789,00000001,75.8789,X]
[7,F,0.769636,11110000,76.9636,X]
[10,F,0.804577,00010000,80.4577,X]
[13,F,0.804792,00001000,80.4792,X]
[25,F,0.816048,00000010,81.6048,X]
[18,F,0.820087,00000100,82.0087,X]
[14,F,0.837995,00001000,83.7995,X]
[9,F,0.84015,00100000,84.015,X]
[37,F,0.841797,00000001,84.1797,X]
[15,F,0.850691,00001000,85.0691,X]
[8,F,0.870423,11000000,87.0423,X]
[16,F,0.879987,00001000,87.9987,X]
[38,F,0.905273,00000001,90.5273,X]
[11,F,0.924694,00010000,92.4694,X]
[12,F,0.9286,00010000,92.86,X]
[17,F,0.957136,00001000,95.7136,X]
[39,F,0.969727,00000001,96.9727,X]
GUIDE_TREE_PARTITION1=(((((((t1:4.67,t2:4.67):14.44,t3:19.11):0.53,t4:19.64):4.08,t5:23.72):24.74,t6:48.46):40.15,t7:88.61):11.39,t8:100);
