Taxa bit representation:
t1 10000000
t2 01000000
t3 00100000
t4 00010000
t5 00001000
t6 00000100
t7 00000010
t8 00000001
Clade List (<taxon members> = <clade name>): 

>Dataset_0
[0,F,0.108398,11111110,10.8398,X]
[47,F,0.125,00000001,12.5,X]
[1,F,0.140153,11111100,14.0153,X]
[40,F,0.158708,00000010,15.8708,X]
[2,F,0.188981,11111100,18.8981,X]
[48,F,0.277344,00000001,27.7344,X]
[41,F,0.290544,00000010,29.0544,X]
[42,F,0.313005,00000010,31.3005,X]
[3,F,0.325941,11111000,32.5941,X]
[4,F,0.368909,11111000,36.8909,X]
[35,F,0.384534,00000100,38.4534,X]
[27,F,0.392783,00001000,39.2783,X]
[36,F,0.427503,00000100,42.7503,X]
[43,F,0.437028,00000010,43.7028,X]
[28,F,0.441611,00001000,44.1611,X]
[29,F,0.455283,00001000,45.5283,X]
[22,F,0.4599,00010000,45.99,X]
[23,F,0.465759,00010000,46.5759,X]
[30,F,0.467978,00001000,46.7978,X]
[31,F,0.496298,00001000,49.6298,X]
[13,F,0.508286,00100000,50.8286,X]
[49,F,0.511719,00000001,51.1719,X]
[32,F,0.540244,00001000,54.0244,X]
[14,F,0.546372,00100000,54.6372,X]
[33,F,0.556845,00001000,55.6845,X]
[5,F,0.569759,10000000,56.9759,X]
[24,F,0.579041,00010000,57.9041,X]
[44,F,0.586442,00000010,58.6442,X]
[10,F,0.593197,01000000,59.3197,X]
[37,F,0.611097,00000100,61.1097,X]
[15,F,0.612778,00100000,61.2778,X]
[16,F,0.62352,00100000,62.352,X]
[6,F,0.659603,10000000,65.9603,X]
[11,F,0.659603,01000000,65.9603,X]
[38,F,0.671644,00000100,67.1644,X]
[45,F,0.686052,00000010,68.6052,X]
[17,F,0.690903,00100000,69.0903,X]
[25,F,0.723572,00010000,72.3572,X]
[50,F,0.742187,00000001,74.2187,X]
[7,F,0.759212,10000000,75.9212,X]
[18,F,0.761216,00100000,76.1216,X]
[12,F,0.776791,01000000,77.6791,X]
[8,F,0.793392,10000000,79.3392,X]
[51,F,0.804687,00000001,80.4687,X]
[39,F,0.812269,00000100,81.2269,X]
[19,F,0.853012,00100000,85.3012,X]
[20,F,0.858872,00100000,85.8872,X]
[21,F,0.860825,00100000,86.0825,X]
[9,F,0.897884,10000000,89.7884,X]
[26,F,0.927673,00010000,92.7673,X]
[34,F,0.969931,00001000,96.9931,X]
[52,F,0.978516,00000001,97.8516,X]
[46,F,0.999528,00000010,99.9528,X]
GUIDE_TREE_PARTITION1=(((((((t1:43.61,t2:43.61):15.62,t3:59.23):1.03,t4:60.26):0.95,t5:61.21):18.11,t6:79.32):6.86,t7:86.18):13.82,t8:100);
