Taxa bit representation:
t1 10000000
t2 01000000
t3 00100000
t4 00010000
t5 00001000
t6 00000100
t7 00000010
t8 00000001
Clade List (<taxon members> = <clade name>): 

>Dataset_0
[0,F,0.113281,11111110,11.3281,X]
[38,F,0.129883,00000001,12.9883,X]
[39,F,0.145508,00000001,14.5508,X]
[40,F,0.194336,00000001,19.4336,X]
[20,F,0.216973,00000100,21.6973,X]
[41,F,0.223633,00000001,22.3633,X]
[42,F,0.224609,00000001,22.4609,X]
[29,F,0.242594,00000010,24.2594,X]
[43,F,0.24707,00000001,24.707,X]
[30,F,0.267984,00000010,26.7984,X]
[44,F,0.297852,00000001,29.7852,X]
[45,F,0.316406,00000001,31.6406,X]
[11,F,0.346711,00001000,34.6711,X]
[46,F,0.363281,00000001,36.3281,X]
[31,F,0.372477,00000010,37.2477,X]
[12,F,0.379914,00001000,37.9914,X]
[32,F,0.389078,00000010,38.9078,X]
[33,F,0.407633,00000010,40.7633,X]
[47,F,0.414062,00000001,41.4062,X]
[21,F,0.432794,00000100,43.2794,X]
[1,F,0.45688,11100000,45.688,X]
[22,F,0.474786,00000100,47.4786,X]
[2,F,0.477388,11100000,47.7388,X]
[34,F,0.488687,00000010,48.8687,X]
[3,F,0.492036,11100000,49.2036,X]
[23,F,0.49627,00000100,49.627,X]
[13,F,0.521516,00001000,52.1516,X]
[48,F,0.537109,00000001,53.7109,X]
[24,F,0.541192,00000100,54.1192,X]
[7,F,0.543794,00010000,54.3794,X]
[8,F,0.55063,00010000,55.063,X]
[25,F,0.557794,00000100,55.7794,X]
[49,F,0.584961,00000001,58.4961,X]
[14,F,0.590852,00001000,59.0852,X]
[50,F,0.592773,00000001,59.2773,X]
[26,F,0.605645,00000100,60.5645,X]
[51,F,0.612305,00000001,61.2305,X]
[4,F,0.633638,11100000,63.3638,X]
[27,F,0.649591,00000100,64.9591,X]
[35,F,0.666422,00000010,66.6422,X]
[52,F,0.666992,00000001,66.6992,X]
[15,F,0.674836,00001000,67.4836,X]
[16,F,0.726594,00001000,72.6594,X]
[5,F,0.786978,00100000,78.6978,X]
[36,F,0.796305,00000010,79.6305,X]
[53,F,0.804688,00000001,80.4688,X]
[28,F,0.817559,00000100,81.7559,X]
[17,F,0.856477,00001000,85.6477,X]
[18,F,0.875031,00001000,87.5031,X]
[9,F,0.890473,00010000,89.0473,X]
[6,F,0.917838,00100000,91.7838,X]
[19,F,0.934602,00001000,93.4602,X]
[37,F,0.967203,00000010,96.7203,X]
[54,F,0.969727,00000001,96.9727,X]
[10,F,0.98813,00010000,98.813,X]
GUIDE_TREE_PARTITION1=(((((((t1:0.89,t2:0.89):22.17,t3:23.06):53.42,t4:76.48):0.47,t5:76.95):4.38,t6:81.33):0.27,t7:81.6):18.4,t8:100);
