Taxa bit representation:
t1 10000000
t2 01000000
t3 00100000
t4 00010000
t5 00001000
t6 00000100
t7 00000010
t8 00000001
Clade List (<taxon members> = <clade name>): 

>Dataset_0
[51,F,0.0341797,00000001,3.41797,X]
[52,F,0.0371094,00000001,3.71094,X]
[0,F,0.0400391,11111110,4.00391,X]
[1,F,0.0556641,11111110,5.56641,X]
[2,F,0.0732422,11111110,7.32422,X]
[3,F,0.116211,11111110,11.6211,X]
[53,F,0.145508,00000001,14.5508,X]
[4,F,0.226456,11111000,22.6456,X]
[24,F,0.232316,00000100,23.2316,X]
[25,F,0.238175,00000100,23.8175,X]
[5,F,0.258683,11111000,25.8683,X]
[36,F,0.266248,00000010,26.6248,X]
[26,F,0.273331,00000100,27.3331,X]
[54,F,0.274414,00000001,27.4414,X]
[37,F,0.316053,00000010,31.6053,X]
[38,F,0.333631,00000010,33.3631,X]
[6,F,0.371964,11111000,37.1964,X]
[55,F,0.375,00000001,37.5,X]
[27,F,0.399308,00000100,39.9308,X]
[7,F,0.403214,11111000,40.3214,X]
[8,F,0.405167,11111000,40.5167,X]
[28,F,0.408097,00000100,40.8097,X]
[39,F,0.414686,00000010,41.4686,X]
[29,F,0.44423,00000100,44.423,X]
[30,F,0.489152,00000100,48.9152,X]
[40,F,0.496717,00000010,49.6717,X]
[41,F,0.527967,00000010,52.7967,X]
[42,F,0.552381,00000010,55.2381,X]
[56,F,0.561523,00000001,56.1523,X]
[19,F,0.570419,00001000,57.0419,X]
[31,F,0.587784,00000100,58.7784,X]
[57,F,0.609375,00000001,60.9375,X]
[15,F,0.623436,00010000,62.3436,X]
[9,F,0.628319,11100000,62.8319,X]
[43,F,0.651991,00000010,65.1991,X]
[10,F,0.664452,11100000,66.4452,X]
[32,F,0.676652,00000100,67.6652,X]
[16,F,0.695702,00010000,69.5702,X]
[58,F,0.701172,00000001,70.1172,X]
[20,F,0.705184,00001000,70.5184,X]
[21,F,0.712997,00001000,71.2997,X]
[17,F,0.726952,00010000,72.6952,X]
[44,F,0.7516,00000010,75.16,X]
[18,F,0.756248,00010000,75.6248,X]
[11,F,0.780663,11100000,78.0662,X]
[22,F,0.785262,00001000,78.5263,X]
[12,F,0.811913,11100000,81.1912,X]
[33,F,0.832902,00000100,83.2902,X]
[59,F,0.836914,00000001,83.6914,X]
[13,F,0.856834,11100000,85.6834,X]
[45,F,0.870741,00000010,87.0741,X]
[34,F,0.8788,00000100,87.88,X]
[46,F,0.908827,00000010,90.8827,X]
[14,F,0.909569,11100000,90.9569,X]
[47,F,0.91078,00000010,91.078,X]
[23,F,0.919052,00001000,91.9052,X]
[48,F,0.975233,00000010,97.5233,X]
[49,F,0.982069,00000010,98.2069,X]
[50,F,0.983045,00000010,98.3045,X]
[35,F,0.995988,00000100,99.5987,X]
GUIDE_TREE_PARTITION1=(((((((t1:5.47,t2:5.47):1.97,t3:7.44):30.9,t4:38.34):5.79,t5:44.13):36.74,t6:80.87):0.22,t7:81.09):18.91,t8:100);
