Taxa bit representation:
t1 10000000
t2 01000000
t3 00100000
t4 00010000
t5 00001000
t6 00000100
t7 00000010
t8 00000001
Clade List (<taxon members> = <clade name>): 

>Dataset_0
[0,F,0.00292969,11111100,0.292969,X]
[1,F,0.0166016,11111100,1.66016,X]
[69,F,0.0244141,00000011,2.44141,X]
[70,F,0.0390625,00000011,3.90625,X]
[2,F,0.0419922,11111100,4.19922,X]
[3,F,0.0605469,11111100,6.05469,X]
[71,F,0.0662906,00000010,6.62906,X]
[72,F,0.0731266,00000010,7.31266,X]
[73,F,0.0828922,00000010,8.28922,X]
[88,F,0.0985172,00000001,9.85172,X]
[74,F,0.107306,00000010,10.7306,X]
[89,F,0.121955,00000001,12.1955,X]
[4,F,0.126953,11111100,12.6953,X]
[90,F,0.133673,00000001,13.3673,X]
[75,F,0.163947,00000010,16.3947,X]
[91,F,0.175666,00000001,17.5666,X]
[92,F,0.244025,00000001,24.4025,X]
[5,F,0.254883,11111100,25.4883,X]
[93,F,0.266486,00000001,26.6486,X]
[6,F,0.286133,11111100,28.6133,X]
[94,F,0.305548,00000001,30.5548,X]
[7,F,0.308594,11111100,30.8594,X]
[95,F,0.31922,00000001,31.922,X]
[96,F,0.344611,00000001,34.4611,X]
[76,F,0.35047,00000010,35.047,X]
[8,F,0.350586,11111100,35.0586,X]
[97,F,0.352423,00000001,35.2423,X]
[98,F,0.3534,00000001,35.34,X]
[9,F,0.356445,11111100,35.6445,X]
[99,F,0.361212,00000001,36.1212,X]
[100,F,0.389533,00000001,38.9533,X]
[101,F,0.400275,00000001,40.0275,X]
[10,F,0.417969,11111100,41.7969,X]
[47,F,0.469742,00001100,46.9742,X]
[77,F,0.482306,00000010,48.2306,X]
[102,F,0.483283,00000001,48.3283,X]
[103,F,0.510627,00000001,51.0627,X]
[11,F,0.51975,11100000,51.975,X]
[48,F,0.520523,00001100,52.0523,X]
[36,F,0.524633,00010000,52.4633,X]
[49,F,0.526383,00001100,52.6383,X]
[37,F,0.527562,00010000,52.7562,X]
[104,F,0.5409,00000001,54.09,X]
[50,F,0.541031,00001100,54.1031,X]
[38,F,0.54807,00010000,54.807,X]
[78,F,0.561408,00000010,56.1408,X]
[105,F,0.596564,00000001,59.6564,X]
[106,F,0.623908,00000001,62.3908,X]
[12,F,0.64182,11100000,64.182,X]
[13,F,0.645727,11100000,64.5727,X]
[107,F,0.647345,00000001,64.7345,X]
[51,F,0.662553,00001000,66.2553,X]
[14,F,0.666234,11100000,66.6234,X]
[39,F,0.67893,00010000,67.893,X]
[15,F,0.684789,11100000,68.4789,X]
[40,F,0.687719,00010000,68.7719,X]
[16,F,0.692602,11100000,69.2602,X]
[79,F,0.707892,00000010,70.7892,X]
[17,F,0.708227,11100000,70.8227,X]
[59,F,0.715288,00000100,71.5288,X]
[60,F,0.721147,00000100,72.1147,X]
[52,F,0.724077,00001000,72.4077,X]
[108,F,0.733283,00000001,73.3283,X]
[34,F,0.734261,00100000,73.4261,X]
[18,F,0.739144,11000000,73.9144,X]
[19,F,0.74305,11000000,74.305,X]
[20,F,0.748909,11000000,74.8909,X]
[61,F,0.758256,00000100,75.8256,X]
[109,F,0.75965,00000001,75.965,X]
[80,F,0.764533,00000010,76.4533,X]
[21,F,0.767464,11000000,76.7464,X]
[62,F,0.787553,00000100,78.7553,X]
[22,F,0.789925,11000000,78.9925,X]
[53,F,0.790483,00001000,79.0483,X]
[81,F,0.795783,00000010,79.5783,X]
[23,F,0.796283,10000000,79.6283,X]
[41,F,0.804906,00010000,80.4906,X]
[110,F,0.814338,00000001,81.4338,X]
[111,F,0.815314,00000001,81.5314,X]
[29,F,0.817767,01000000,81.7767,X]
[24,F,0.824603,10000000,82.4603,X]
[35,F,0.828987,00100000,82.8987,X]
[25,F,0.830462,10000000,83.0463,X]
[63,F,0.830522,00000100,83.0522,X]
[82,F,0.832892,00000010,83.2892,X]
[42,F,0.843969,00010000,84.3969,X]
[30,F,0.85097,01000000,85.097,X]
[83,F,0.861213,00000010,86.1213,X]
[43,F,0.862523,00010000,86.2523,X]
[84,F,0.88465,00000010,88.465,X]
[54,F,0.889116,00001000,88.9116,X]
[64,F,0.893998,00000100,89.3998,X]
[55,F,0.902788,00001000,90.2788,X]
[112,F,0.906134,00000001,90.6134,X]
[44,F,0.907445,00010000,90.7445,X]
[85,F,0.913947,00000010,91.3947,X]
[45,F,0.914281,00010000,91.4281,X]
[56,F,0.925248,00001000,92.5248,X]
[113,F,0.927619,00000001,92.7619,X]
[26,F,0.931048,10000000,93.1048,X]
[57,F,0.935991,00001000,93.5991,X]
[65,F,0.939897,00000100,93.9897,X]
[66,F,0.94185,00000100,94.185,X]
[67,F,0.947709,00000100,94.7709,X]
[114,F,0.948127,00000001,94.8127,X]
[86,F,0.952033,00000010,95.2033,X]
[31,F,0.953509,01000000,95.3509,X]
[46,F,0.956273,00010000,95.6273,X]
[32,F,0.965228,01000000,96.5228,X]
[27,F,0.969134,10000000,96.9134,X]
[58,F,0.969194,00001000,96.9194,X]
[115,F,0.973517,00000001,97.3517,X]
[28,F,0.987689,10000000,98.7689,X]
[87,F,0.992072,00000010,99.2072,X]
[68,F,0.994584,00000100,99.4584,X]
[116,F,0.995002,00000001,99.5002,X]
[33,F,0.998431,01000000,99.8431,X]
GUIDE_TREE_PARTITION1=(((((t1:20.86,t2:20.86):7.96,t3:28.82):22.33,t4:51.15):2.95,(t5:33.94,t6:33.94):20.16):45.9,(t7:95.91,t8:95.91):4.09);
