Taxa bit representation:
t1 10000000
t2 01000000
t3 00100000
t4 00010000
t5 00001000
t6 00000100
t7 00000010
t8 00000001
Clade List (<taxon members> = <clade name>): 

>Dataset_0
[18,F,0.0986328,00000001,9.86328,X]
[0,F,0.113281,11111110,11.3281,X]
[13,F,0.377633,00000010,37.7633,X]
[19,F,0.421875,00000001,42.1875,X]
[14,F,0.448922,00000010,44.8922,X]
[1,F,0.450711,11111000,45.0711,X]
[2,F,0.465359,11111000,46.5359,X]
[3,F,0.502097,11110000,50.2097,X]
[9,F,0.609519,00001000,60.9519,X]
[15,F,0.654,00000010,65.4,X]
[10,F,0.668112,00001000,66.8113,X]
[5,F,0.669033,00100000,66.9033,X]
[8,F,0.671745,00010000,67.1745,X]
[11,F,0.692527,00001000,69.2527,X]
[4,F,0.694423,11000000,69.4423,X]
[12,F,0.757352,00000100,75.7352,X]
[16,F,0.779,00000010,77.9,X]
[17,F,0.854195,00000010,85.4195,X]
[6,F,0.8829,00100000,88.29,X]
[7,F,0.926845,00100000,92.6845,X]
GUIDE_TREE_PARTITION1=(((((((t1:1.42,t2:1.42):41.54,t3:42.96):0.51,t4:43.47):9.25,t5:52.72):26.33,t6:79.05):5.55,t7:84.6):15.4,t8:100);
