Taxa bit representation:
t1 10000000
t2 01000000
t3 00100000
t4 00010000
t5 00001000
t6 00000100
t7 00000010
t8 00000001
Clade List (<taxon members> = <clade name>): 

>Dataset_0
[14,F,0.0429688,00000011,4.29688,X]
[0,F,0.078125,11111100,7.8125,X]
[18,F,0.0846719,00000001,8.46719,X]
[19,F,0.119828,00000001,11.9828,X]
[1,F,0.152344,11111100,15.2344,X]
[15,F,0.195023,00000010,19.5023,X]
[20,F,0.278031,00000001,27.8031,X]
[21,F,0.381547,00000001,38.1547,X]
[22,F,0.412797,00000001,41.2797,X]
[3,F,0.520455,00010000,52.0455,X]
[12,F,0.674113,00000100,67.4112,X]
[4,F,0.706978,00010000,70.6978,X]
[5,F,0.71772,00010000,71.772,X]
[2,F,0.750272,00100000,75.0272,X]
[23,F,0.75557,00000001,75.557,X]
[8,F,0.76005,00001000,76.005,X]
[24,F,0.767289,00000001,76.7289,X]
[13,F,0.776652,00000100,77.6652,X]
[16,F,0.779008,00000010,77.9008,X]
[6,F,0.809517,00010000,80.9517,X]
[9,F,0.852823,00001000,85.2823,X]
[10,F,0.866495,00001000,86.6495,X]
[11,F,0.898722,00001000,89.8722,X]
[17,F,0.924516,00000010,92.4516,X]
[7,F,0.929634,00010000,92.9634,X]
GUIDE_TREE_PARTITION1=(((((t1:17.57,t2:17.57):27.52,t3:45.09):17.22,t4:62.31):3.49,(t5:39.62,t6:39.62):26.18):34.2,(t7:92.9,t8:92.9):7.1);
