Taxa bit representation:
t1 10000000
t2 01000000
t3 00100000
t4 00010000
t5 00001000
t6 00000100
t7 00000010
t8 00000001
Clade List (<taxon members> = <clade name>): 

>Dataset_0
[11,F,0.0970734,00110000,9.70734,X]
[0,F,0.120511,11000000,12.0511,X]
[1,F,0.135159,11000000,13.5159,X]
[20,F,0.217789,00001100,21.7789,X]
[2,F,0.237698,11000000,23.7698,X]
[12,F,0.245511,00110000,24.5511,X]
[33,F,0.282502,00000010,28.2502,X]
[34,F,0.284455,00000010,28.4455,X]
[3,F,0.295316,11000000,29.5316,X]
[4,F,0.320706,11000000,32.0706,X]
[21,F,0.342873,00001000,34.2873,X]
[13,F,0.3793,00110000,37.93,X]
[14,F,0.397855,00110000,39.7855,X]
[35,F,0.417267,00000010,41.7267,X]
[15,F,0.448636,00110000,44.8636,X]
[39,F,0.466095,00000001,46.6095,X]
[5,F,0.466214,11000000,46.6214,X]
[16,F,0.47598,00110000,47.598,X]
[17,F,0.481839,00110000,48.1839,X]
[22,F,0.485452,00001000,48.5452,X]
[18,F,0.494534,00110000,49.4534,X]
[6,F,0.520902,11000000,52.0902,X]
[40,F,0.523713,00000001,52.3713,X]
[23,F,0.546975,00001000,54.6975,X]
[28,F,0.586037,00000100,58.6037,X]
[7,F,0.605862,11000000,60.5862,X]
[41,F,0.608673,00000001,60.8673,X]
[24,F,0.649514,00001000,64.9514,X]
[42,F,0.659455,00000001,65.9455,X]
[29,F,0.682717,00000100,68.2717,X]
[8,F,0.692777,11000000,69.2777,X]
[25,F,0.709084,00001000,70.9084,X]
[30,F,0.717873,00000100,71.7873,X]
[31,F,0.836037,00000100,83.6038,X]
[36,F,0.840119,00000010,84.0119,X]
[32,F,0.90635,00000100,90.635,X]
[9,F,0.91348,11000000,91.348,X]
[26,F,0.919045,00001000,91.9045,X]
[43,F,0.924103,00000001,92.4103,X]
[44,F,0.957306,00000001,95.7306,X]
[27,F,0.962991,00001000,96.2991,X]
[45,F,0.976838,00000001,97.6838,X]
[10,F,0.978573,01000000,97.8573,X]
[37,F,0.982697,00000010,98.2697,X]
[19,F,0.983988,00100000,98.3988,X]
[38,F,0.988556,00000010,98.8556,X]
GUIDE_TREE_PARTITION1=(((t1:5.17,t2:5.17):94.4,(t3:32.07,t4:32.07):67.5):0.43,((t5:74.99,t6:74.99):16.61,(t7:73.41,t8:73.41):18.19):8.4);
