Taxa bit representation:
t1 10000000
t2 01000000
t3 00100000
t4 00010000
t5 00001000
t6 00000100
t7 00000010
t8 00000001
Clade List (<taxon members> = <clade name>): 

>Dataset_0
[0,F,0.00390625,11110000,0.390625,X]
[1,F,0.0175781,11110000,1.75781,X]
[2,F,0.0283203,11110000,2.83203,X]
[3,F,0.0341797,11110000,3.41797,X]
[86,F,0.0576172,00001111,5.76172,X]
[39,F,0.0975719,00110000,9.75719,X]
[40,F,0.099525,00110000,9.9525,X]
[4,F,0.106361,11000000,10.6361,X]
[5,F,0.114173,11000000,11.4173,X]
[6,F,0.129798,11000000,12.9798,X]
[7,F,0.132728,11000000,13.2728,X]
[8,F,0.142494,11000000,14.2494,X]
[87,F,0.164062,00001111,16.4062,X]
[9,F,0.173744,11000000,17.3744,X]
[41,F,0.181556,00110000,18.1556,X]
[42,F,0.185463,00110000,18.5463,X]
[10,F,0.185463,11000000,18.5463,X]
[43,F,0.215736,00110000,21.5736,X]
[44,F,0.225502,00110000,22.5502,X]
[88,F,0.232422,00001111,23.2422,X]
[45,F,0.241127,00110000,24.1127,X]
[89,F,0.280273,00001111,28.0273,X]
[46,F,0.281166,00110000,28.1166,X]
[47,F,0.29473,00100000,29.473,X]
[70,F,0.299613,00010000,29.9613,X]
[11,F,0.303627,11000000,30.3627,X]
[12,F,0.316322,11000000,31.6322,X]
[90,F,0.321289,00001111,32.1289,X]
[13,F,0.325111,11000000,32.5111,X]
[48,F,0.327933,00100000,32.7933,X]
[49,F,0.332816,00100000,33.2816,X]
[91,F,0.356445,00001111,35.6445,X]
[71,F,0.378714,00010000,37.8714,X]
[14,F,0.378822,11000000,37.8822,X]
[72,F,0.379691,00010000,37.9691,X]
[15,F,0.384681,11000000,38.4681,X]
[16,F,0.385658,11000000,38.5658,X]
[73,F,0.390433,00010000,39.0433,X]
[17,F,0.391517,11000000,39.1517,X]
[74,F,0.400198,00010000,40.0198,X]
[50,F,0.402152,00100000,40.2152,X]
[51,F,0.405081,00100000,40.5081,X]
[75,F,0.414847,00010000,41.4847,X]
[76,F,0.4168,00010000,41.68,X]
[52,F,0.427542,00100000,42.7542,X]
[53,F,0.457816,00100000,45.7816,X]
[77,F,0.458792,00010000,45.8792,X]
[54,F,0.463675,00100000,46.3675,X]
[18,F,0.466713,11000000,46.6713,X]
[92,F,0.47168,00001111,47.168,X]
[55,F,0.473441,00100000,47.3441,X]
[78,F,0.492972,00010000,49.2972,X]
[19,F,0.496986,11000000,49.6986,X]
[56,F,0.518363,00100000,51.8363,X]
[20,F,0.54972,11000000,54.972,X]
[93,F,0.5625,00001111,56.25,X]
[57,F,0.578909,00100000,57.8909,X]
[21,F,0.581947,11000000,58.1947,X]
[94,F,0.583008,00001111,58.3008,X]
[22,F,0.608684,10000000,60.8684,X]
[58,F,0.612113,00100000,61.2113,X]
[29,F,0.61845,01000000,61.845,X]
[23,F,0.653606,10000000,65.3606,X]
[59,F,0.654105,00100000,65.4105,X]
[60,F,0.655081,00100000,65.5081,X]
[24,F,0.666302,10000000,66.6302,X]
[25,F,0.674114,10000000,67.4114,X]
[30,F,0.679973,01000000,67.9973,X]
[79,F,0.688284,00010000,68.8284,X]
[95,F,0.692383,00001111,69.2383,X]
[26,F,0.70927,10000000,70.927,X]
[61,F,0.722464,00100000,72.2464,X]
[80,F,0.725394,00010000,72.5394,X]
[31,F,0.730755,01000000,73.0755,X]
[62,F,0.739066,00100000,73.9066,X]
[32,F,0.742473,01000000,74.2473,X]
[63,F,0.744925,00100000,74.4925,X]
[81,F,0.747855,00010000,74.7855,X]
[64,F,0.750784,00100000,75.0784,X]
[33,F,0.763958,01000000,76.3958,X]
[96,F,0.783125,00001100,78.3125,X]
[102,F,0.786855,00000010,78.6855,X]
[82,F,0.78887,00010000,78.887,X]
[97,F,0.789961,00001100,78.9961,X]
[111,F,0.790761,00000001,79.0761,X]
[65,F,0.804495,00100000,80.4495,X]
[34,F,0.80888,01000000,80.888,X]
[98,F,0.814375,00001100,81.4375,X]
[35,F,0.816692,01000000,81.6692,X]
[103,F,0.822011,00000010,82.2011,X]
[27,F,0.823528,10000000,82.3528,X]
[36,F,0.825481,01000000,82.5481,X]
[104,F,0.825917,00000010,82.5917,X]
[112,F,0.831777,00000001,83.1777,X]
[105,F,0.846425,00000010,84.6425,X]
[37,F,0.846966,01000000,84.6966,X]
[66,F,0.85137,00100000,85.137,X]
[113,F,0.852284,00000001,85.2284,X]
[106,F,0.870839,00000010,87.0839,X]
[67,F,0.872855,00100000,87.2855,X]
[114,F,0.878652,00000001,87.8652,X]
[107,F,0.912831,00000010,91.2831,X]
[99,F,0.915938,00001100,91.5938,X]
[83,F,0.9168,00010000,91.68,X]
[68,F,0.936331,00100000,93.6331,X]
[100,F,0.940352,00001100,94.0352,X]
[84,F,0.958792,00010000,95.8792,X]
[38,F,0.963177,01000000,96.3177,X]
[69,F,0.965628,00100000,96.5628,X]
[115,F,0.966542,00000001,96.6542,X]
[108,F,0.968495,00000010,96.8495,X]
[109,F,0.974355,00000010,97.4355,X]
[85,F,0.984183,00010000,98.4183,X]
[116,F,0.986073,00000001,98.6073,X]
[101,F,0.991908,00001000,99.1908,X]
[110,F,0.997792,00000010,99.7792,X]
[28,F,0.999309,10000000,99.9309,X]
GUIDE_TREE_PARTITION1=(((t1:41.28,t2:41.28):50.33,(t3:70.82,t4:70.82):20.79):8.39,((t5:2.86,t6:2.86):20.39,(t7:23.17,t8:23.17):0.08):76.75);
