Taxa bit representation:
t1 10000000
t2 01000000
t3 00100000
t4 00010000
t5 00001000
t6 00000100
t7 00000010
t8 00000001
Clade List (<taxon members> = <clade name>): 

>Dataset_0
[22,F,0.0976562,00000001,9.76562,X]
[0,F,0.148438,11111110,14.8438,X]
[1,F,0.207437,11111000,20.7437,X]
[23,F,0.242188,00000001,24.2188,X]
[24,F,0.245117,00000001,24.5117,X]
[17,F,0.378336,00000100,37.8336,X]
[18,F,0.563883,00000100,56.3883,X]
[25,F,0.588867,00000001,58.8867,X]
[2,F,0.613564,11000000,61.3564,X]
[5,F,0.624306,00100000,62.4306,X]
[9,F,0.624709,00010000,62.4709,X]
[13,F,0.633264,00001000,63.3264,X]
[19,F,0.683023,00000100,68.3023,X]
[20,F,0.742594,00000100,74.2594,X]
[6,F,0.763955,00100000,76.3955,X]
[21,F,0.791422,00000100,79.1422,X]
[3,F,0.792864,10000000,79.2864,X]
[10,F,0.880569,00010000,88.0569,X]
[11,F,0.890334,00010000,89.0334,X]
[12,F,0.905959,00010000,90.5959,X]
[7,F,0.907509,00100000,90.7509,X]
[26,F,0.916016,00000001,91.6016,X]
[14,F,0.930139,00001000,93.0139,X]
[15,F,0.944788,00001000,94.4788,X]
[16,F,0.958459,00001000,95.8459,X]
[4,F,0.971575,01000000,97.1575,X]
[8,F,0.990517,00100000,99.0517,X]
GUIDE_TREE_PARTITION1=(((((((t1:32.53,t2:32.53):17.93,t3:50.46):3.28,t4:53.74):7.25,t5:60.99):20.61,t6:81.6):3.05,t7:84.65):15.35,t8:100);
