Taxa bit representation:
t1 10000000
t2 01000000
t3 00100000
t4 00010000
t5 00001000
t6 00000100
t7 00000010
t8 00000001
Clade List (<taxon members> = <clade name>): 

>Dataset_0
[72,F,0.0136719,00000001,1.36719,X]
[0,F,0.0234375,11111110,2.34375,X]
[1,F,0.0410156,11111110,4.10156,X]
[2,F,0.0478516,11111110,4.78516,X]
[3,F,0.0585938,11111110,5.85938,X]
[73,F,0.0585938,00000001,5.85938,X]
[74,F,0.0605469,00000001,6.05469,X]
[75,F,0.0908203,00000001,9.08203,X]
[4,F,0.113281,11111110,11.3281,X]
[76,F,0.146484,00000001,14.6484,X]
[77,F,0.158203,00000001,15.8203,X]
[5,F,0.17512,11111100,17.512,X]
[6,F,0.17805,11111100,17.805,X]
[46,F,0.234691,00000010,23.4691,X]
[78,F,0.236328,00000001,23.6328,X]
[7,F,0.251292,11111100,25.1292,X]
[47,F,0.295238,00000010,29.5238,X]
[8,F,0.296214,11111100,29.6214,X]
[79,F,0.306641,00000001,30.6641,X]
[9,F,0.310863,11111100,31.0863,X]
[48,F,0.318675,00000010,31.8675,X]
[49,F,0.320628,00000010,32.0628,X]
[80,F,0.351562,00000001,35.1562,X]
[81,F,0.358398,00000001,35.8398,X]
[10,F,0.376292,11111100,37.6292,X]
[50,F,0.392894,00000010,39.2894,X]
[51,F,0.397777,00000010,39.7777,X]
[82,F,0.410156,00000001,41.0156,X]
[83,F,0.425781,00000001,42.5781,X]
[11,F,0.434886,11111100,43.4886,X]
[52,F,0.444652,00000010,44.4652,X]
[84,F,0.445312,00000001,44.5312,X]
[85,F,0.455078,00000001,45.5078,X]
[12,F,0.471019,11111100,47.1019,X]
[53,F,0.478831,00000010,47.8831,X]
[86,F,0.485352,00000001,48.5352,X]
[87,F,0.496094,00000001,49.6094,X]
[54,F,0.513988,00000010,51.3988,X]
[13,F,0.548167,11111100,54.8167,X]
[55,F,0.577464,00000010,57.7464,X]
[14,F,0.58137,11111100,58.137,X]
[15,F,0.596019,11111100,59.6019,X]
[56,F,0.602855,00000010,60.2855,X]
[16,F,0.605784,11111100,60.5784,X]
[57,F,0.626292,00000010,62.6292,X]
[17,F,0.626292,11111100,62.6292,X]
[58,F,0.627269,00000010,62.7269,X]
[18,F,0.627269,11111100,62.7269,X]
[59,F,0.645823,00000010,64.5823,X]
[19,F,0.647466,11111000,64.7466,X]
[88,F,0.651367,00000001,65.1367,X]
[60,F,0.658519,00000010,65.8519,X]
[61,F,0.676097,00000010,67.6097,X]
[89,F,0.676758,00000001,67.6758,X]
[90,F,0.677734,00000001,67.7734,X]
[62,F,0.687816,00000010,68.7816,X]
[34,F,0.710627,00001000,71.0627,X]
[91,F,0.724609,00000001,72.4609,X]
[92,F,0.730469,00000001,73.0469,X]
[20,F,0.734064,11110000,73.4064,X]
[63,F,0.744456,00000010,74.4456,X]
[64,F,0.752269,00000010,75.2269,X]
[21,F,0.761408,11110000,76.1408,X]
[93,F,0.769531,00000001,76.9531,X]
[35,F,0.770197,00001000,77.0197,X]
[65,F,0.789378,00000010,78.9378,X]
[66,F,0.791331,00000010,79.1331,X]
[40,F,0.799809,00000100,79.9809,X]
[22,F,0.811213,11110000,81.1213,X]
[41,F,0.837895,00000100,83.7895,X]
[94,F,0.848633,00000001,84.8633,X]
[23,F,0.849298,11110000,84.9298,X]
[24,F,0.853205,11110000,85.3205,X]
[42,F,0.858403,00000100,85.8403,X]
[25,F,0.86883,11110000,86.883,X]
[43,F,0.875005,00000100,87.5005,X]
[26,F,0.880548,11110000,88.0548,X]
[36,F,0.89422,00001000,89.422,X]
[37,F,0.902033,00001000,90.2033,X]
[95,F,0.907227,00000001,90.7227,X]
[27,F,0.918634,11110000,91.8634,X]
[96,F,0.930664,00000001,93.0664,X]
[38,F,0.936213,00001000,93.6213,X]
[67,F,0.942698,00000010,94.2698,X]
[28,F,0.943784,11000000,94.3784,X]
[39,F,0.944025,00001000,94.4025,X]
[68,F,0.946605,00000010,94.6605,X]
[29,F,0.947691,11000000,94.7691,X]
[69,F,0.958323,00000010,95.8323,X]
[31,F,0.960386,00100000,96.0386,X]
[44,F,0.960942,00000100,96.0942,X]
[32,F,0.966245,00100000,96.6245,X]
[97,F,0.972656,00000001,97.2656,X]
[33,F,0.980523,00010000,98.0523,X]
[70,F,0.985667,00000010,98.5667,X]
[45,F,0.989263,00000100,98.9263,X]
[30,F,0.993825,10000000,99.3825,X]
[71,F,0.998363,00000010,99.8363,X]
[98,F,0.999023,00000001,99.9023,X]
GUIDE_TREE_PARTITION1=(((((((t1:2.18,t2:2.18):5.59,t3:7.77):0.33,t4:8.1):24.06,t5:32.16):4.07,t6:36.23):49.09,t7:85.32):14.68,t8:100);
