Taxa bit representation:
t1 10000000
t2 01000000
t3 00100000
t4 00010000
t5 00001000
t6 00000100
t7 00000010
t8 00000001
Clade List (<taxon members> = <clade name>): 

>Dataset_0
[49,F,0.00683594,00000011,0.683594,X]
[50,F,0.0849609,00000011,8.49609,X]
[51,F,0.128906,00000011,12.8906,X]
[0,F,0.132495,11100000,13.2495,X]
[52,F,0.161133,00000011,16.1133,X]
[20,F,0.200855,00010000,20.0855,X]
[21,F,0.207691,00010000,20.7691,X]
[31,F,0.223794,00001100,22.3794,X]
[22,F,0.231128,00010000,23.1128,X]
[32,F,0.240395,00001100,24.0395,X]
[33,F,0.298013,00001100,29.8013,X]
[34,F,0.313638,00001100,31.3638,X]
[23,F,0.315113,00010000,31.5113,X]
[35,F,0.342934,00001100,34.2934,X]
[53,F,0.350586,00000011,35.0586,X]
[36,F,0.351723,00001100,35.1723,X]
[1,F,0.354175,11100000,35.4175,X]
[54,F,0.37793,00000011,37.793,X]
[37,F,0.410695,00001000,41.0695,X]
[9,F,0.422819,00100000,42.2819,X]
[38,F,0.427297,00001000,42.7297,X]
[55,F,0.450195,00000011,45.0195,X]
[39,F,0.465383,00001000,46.5383,X]
[24,F,0.477222,00010000,47.7222,X]
[2,F,0.499967,11000000,49.9967,X]
[10,F,0.50778,00100000,50.778,X]
[11,F,0.531217,00100000,53.1217,X]
[25,F,0.56023,00010000,56.023,X]
[12,F,0.562467,00100000,56.2467,X]
[13,F,0.57028,00100000,57.028,X]
[43,F,0.570852,00000100,57.0852,X]
[3,F,0.576139,11000000,57.6139,X]
[4,F,0.596647,11000000,59.6647,X]
[5,F,0.614225,11000000,61.4225,X]
[56,F,0.629883,00000011,62.9883,X]
[44,F,0.642141,00000100,64.2141,X]
[6,F,0.642545,11000000,64.2545,X]
[57,F,0.663086,00000011,66.3086,X]
[45,F,0.672414,00000100,67.2414,X]
[26,F,0.687183,00010000,68.7183,X]
[14,F,0.716764,00100000,71.6764,X]
[27,F,0.730152,00010000,73.0152,X]
[15,F,0.731413,00100000,73.1412,X]
[46,F,0.736867,00000100,73.6867,X]
[58,F,0.738281,00000011,73.8281,X]
[28,F,0.748706,00010000,74.8706,X]
[40,F,0.757375,00001000,75.7375,X]
[16,F,0.760709,00100000,76.0709,X]
[17,F,0.769498,00100000,76.9498,X]
[18,F,0.773405,00100000,77.3405,X]
[41,F,0.773977,00001000,77.3977,X]
[7,F,0.776334,11000000,77.6334,X]
[19,F,0.778288,00100000,77.8287,X]
[59,F,0.785156,00000011,78.5156,X]
[8,F,0.794889,11000000,79.4889,X]
[60,F,0.8125,00000011,81.25,X]
[61,F,0.828125,00000011,82.8125,X]
[29,F,0.828784,00010000,82.8784,X]
[47,F,0.873586,00000100,87.3586,X]
[42,F,0.888234,00001000,88.8234,X]
[48,F,0.927297,00000100,92.7297,X]
[30,F,0.985034,00010000,98.5034,X]
[62,F,0.997766,00000001,99.7766,X]
GUIDE_TREE_PARTITION1=(((((t1:1.76,t2:1.76):57.13,t3:58.89):29.13,t4:88.02):1.71,(t5:60.2,t6:60.2):29.53):10.27,(t7:7.45,t8:7.45):92.55);
