Taxa bit representation:
t1 10000000
t2 01000000
t3 00100000
t4 00010000
t5 00001000
t6 00000100
t7 00000010
t8 00000001
Clade List (<taxon members> = <clade name>): 

>Dataset_0
[0,F,0.178711,11110000,17.8711,X]
[12,F,0.262972,00000011,26.2972,X]
[10,F,0.415147,00000100,41.5147,X]
[6,F,0.418077,00001000,41.8077,X]
[2,F,0.470661,00110000,47.0661,X]
[7,F,0.541123,00001000,54.1123,X]
[8,F,0.591905,00001000,59.1905,X]
[11,F,0.619248,00000100,61.9248,X]
[3,F,0.636281,00100000,63.6281,X]
[4,F,0.731008,00100000,73.1008,X]
[13,F,0.825302,00000010,82.5302,X]
[15,F,0.83995,00000001,83.995,X]
[14,F,0.857528,00000010,85.7528,X]
[9,F,0.870225,00001000,87.0225,X]
[1,F,0.885061,01000000,88.5061,X]
[5,F,0.997609,00010000,99.7609,X]
GUIDE_TREE_PARTITION1=(((t1:19.99,t2:19.99):35.19,(t3:47.7,t4:47.7):7.48):44.82,((t5:64.54,t6:64.54):16.78,(t7:69.13,t8:69.13):12.19):18.68);
