Taxa bit representation:
t1 10000000
t2 01000000
t3 00100000
t4 00010000
t5 00001000
t6 00000100
t7 00000010
t8 00000001
Clade List (<taxon members> = <clade name>): 

>Dataset_0
[0,F,0.000976562,11110000,0.0976562,X]
[11,F,0.299202,00001100,29.9202,X]
[12,F,0.329475,00001100,32.9475,X]
[13,F,0.366584,00001100,36.6584,X]
[7,F,0.411025,00110000,41.1025,X]
[15,F,0.508186,00000011,50.8186,X]
[1,F,0.540908,11000000,54.0908,X]
[16,F,0.565803,00000011,56.5803,X]
[2,F,0.580947,11000000,58.0947,X]
[3,F,0.601455,11000000,60.1455,X]
[8,F,0.775283,00110000,77.5283,X]
[4,F,0.796687,10000000,79.6688,X]
[5,F,0.822078,10000000,82.2078,X]
[17,F,0.834358,00000011,83.4358,X]
[9,F,0.932664,00100000,93.2664,X]
[6,F,0.942195,10000000,94.2195,X]
[10,F,0.961961,00010000,96.1961,X]
[14,F,0.998883,00001000,99.8883,X]
GUIDE_TREE_PARTITION1=(((t1:38.3,t2:38.3):47.16,(t3:18.55,t4:18.55):66.91):14.54,((t5:56.85,t6:56.85):14.89,(t7:14.87,t8:14.87):56.87):28.26);
