Taxa bit representation:
t1 10000000
t2 01000000
t3 00100000
t4 00010000
t5 00001000
t6 00000100
t7 00000010
t8 00000001
Clade List (<taxon members> = <clade name>): 

>Dataset_0
[24,F,0.00585938,00001111,0.585938,X]
[0,F,0.0322266,11110000,3.22266,X]
[25,F,0.0351562,00001111,3.51562,X]
[26,F,0.0449219,00001111,4.49219,X]
[1,F,0.0537109,11110000,5.37109,X]
[2,F,0.0849609,11110000,8.49609,X]
[27,F,0.0927734,00001111,9.27734,X]
[3,F,0.100459,11000000,10.0459,X]
[16,F,0.111202,00110000,11.1202,X]
[4,F,0.12878,11000000,12.878,X]
[17,F,0.148311,00110000,14.8311,X]
[5,F,0.168497,10000000,16.8497,X]
[28,F,0.210938,00001111,21.0938,X]
[6,F,0.272012,10000000,27.2012,X]
[7,F,0.281778,10000000,28.1778,X]
[12,F,0.338419,01000000,33.8419,X]
[13,F,0.350137,01000000,35.0138,X]
[33,F,0.399708,00000011,39.9708,X]
[8,F,0.419473,10000000,41.9473,X]
[29,F,0.433888,00001100,43.3888,X]
[18,F,0.437373,00110000,43.7373,X]
[19,F,0.519878,00010000,51.9878,X]
[34,F,0.534473,00000011,53.4473,X]
[9,F,0.534708,10000000,53.4708,X]
[35,F,0.610645,00000011,61.0645,X]
[30,F,0.650684,00001100,65.0684,X]
[36,F,0.654591,00000011,65.4591,X]
[20,F,0.703472,00010000,70.3472,X]
[37,F,0.711231,00000011,71.1231,X]
[38,F,0.716114,00000011,71.6114,X]
[39,F,0.737598,00000011,73.7598,X]
[14,F,0.817911,01000000,81.7911,X]
[10,F,0.831583,10000000,83.1583,X]
[31,F,0.856739,00001100,85.6739,X]
[21,F,0.859722,00010000,85.9722,X]
[15,F,0.871622,01000000,87.1622,X]
[32,F,0.91045,00001100,91.045,X]
[22,F,0.928081,00010000,92.8081,X]
[40,F,0.951364,00000001,95.1364,X]
[23,F,0.987652,00010000,98.7652,X]
[11,F,0.991739,10000000,99.1739,X]
GUIDE_TREE_PARTITION1=(((t1:86.08,t2:86.08):4.46,(t3:56.02,t4:56.02):34.52):9.46,((t5:2.66,t6:2.66):71.92,(t7:10.43,t8:10.43):64.15):25.42);
