Taxa bit representation:
t1 10000000
t2 01000000
t3 00100000
t4 00010000
t5 00001000
t6 00000100
t7 00000010
t8 00000001
Clade List (<taxon members> = <clade name>): 

>Dataset_0
[55,F,0.0107422,00001111,1.07422,X]
[56,F,0.0966797,00001111,9.66797,X]
[57,F,0.124023,00001111,12.4023,X]
[0,F,0.133789,11110000,13.3789,X]
[58,F,0.149414,00001111,14.9414,X]
[59,F,0.183594,00001111,18.3594,X]
[1,F,0.202148,11110000,20.2148,X]
[60,F,0.219727,00001111,21.9727,X]
[2,F,0.241211,11110000,24.1211,X]
[61,F,0.273438,00001111,27.3438,X]
[62,F,0.283203,00001111,28.3203,X]
[3,F,0.287366,11000000,28.7366,X]
[4,F,0.289319,11000000,28.9319,X]
[63,F,0.325195,00001111,32.5195,X]
[64,F,0.330078,00001111,33.0078,X]
[5,F,0.336194,11000000,33.6194,X]
[65,F,0.338867,00001111,33.8867,X]
[66,F,0.353516,00001111,35.3516,X]
[67,F,0.382812,00001111,38.2812,X]
[6,F,0.415295,11000000,41.5295,X]
[68,F,0.416992,00001111,41.6992,X]
[69,F,0.431641,00001111,43.1641,X]
[21,F,0.447522,00110000,44.7522,X]
[70,F,0.448242,00001111,44.8242,X]
[22,F,0.450452,00110000,45.0452,X]
[23,F,0.457288,00110000,45.7287,X]
[34,F,0.491337,00010000,49.1337,X]
[24,F,0.501103,00100000,50.1103,X]
[7,F,0.510022,11000000,51.0022,X]
[93,F,0.522925,00000011,52.2925,X]
[94,F,0.523902,00000011,52.3902,X]
[71,F,0.526831,00001100,52.6831,X]
[8,F,0.53053,11000000,53.053,X]
[9,F,0.532483,11000000,53.2483,X]
[95,F,0.552222,00000011,55.2222,X]
[25,F,0.552861,00100000,55.2861,X]
[10,F,0.554944,11000000,55.4944,X]
[11,F,0.55885,11000000,55.885,X]
[96,F,0.559058,00000011,55.9058,X]
[35,F,0.56165,00010000,56.165,X]
[72,F,0.561987,00001100,56.1987,X]
[97,F,0.583472,00000011,58.3472,X]
[73,F,0.600073,00001100,60.0073,X]
[74,F,0.603003,00001100,60.3003,X]
[26,F,0.610478,00100000,61.0478,X]
[75,F,0.610816,00001100,61.0816,X]
[36,F,0.628056,00010000,62.8056,X]
[98,F,0.62937,00000011,62.937,X]
[27,F,0.630009,00100000,63.0009,X]
[37,F,0.634892,00010000,63.4892,X]
[76,F,0.659644,00001100,65.9644,X]
[12,F,0.666272,11000000,66.6272,X]
[38,F,0.68665,00010000,68.665,X]
[99,F,0.694844,00000010,69.4844,X]
[28,F,0.695439,00100000,69.5439,X]
[13,F,0.695569,11000000,69.5569,X]
[77,F,0.69773,00001100,69.773,X]
[109,F,0.707539,00000001,70.7539,X]
[100,F,0.711445,00000010,71.1445,X]
[39,F,0.713017,00010000,71.3017,X]
[78,F,0.731909,00001100,73.1909,X]
[110,F,0.734883,00000001,73.4883,X]
[40,F,0.74622,00010000,74.622,X]
[29,F,0.747197,00100000,74.7197,X]
[30,F,0.748173,00100000,74.8173,X]
[41,F,0.74915,00010000,74.915,X]
[79,F,0.753394,00001100,75.3394,X]
[42,F,0.758916,00010000,75.8916,X]
[14,F,0.760998,11000000,76.0998,X]
[43,F,0.768681,00010000,76.8681,X]
[111,F,0.769062,00000001,76.9062,X]
[44,F,0.776494,00010000,77.6494,X]
[80,F,0.776831,00001100,77.6831,X]
[101,F,0.782734,00000010,78.2734,X]
[81,F,0.783667,00001100,78.3667,X]
[31,F,0.802861,00100000,80.2861,X]
[15,F,0.83717,11000000,83.717,X]
[32,F,0.838017,00100000,83.8017,X]
[16,F,0.8401,11000000,84.01,X]
[112,F,0.840352,00000001,84.0352,X]
[113,F,0.855,00000001,85.5,X]
[82,F,0.858555,00001000,85.8555,X]
[83,F,0.859531,00001000,85.9531,X]
[87,F,0.860508,00000100,86.0508,X]
[45,F,0.865361,00010000,86.5361,X]
[114,F,0.869648,00000001,86.9648,X]
[17,F,0.873303,11000000,87.3303,X]
[102,F,0.881367,00000010,88.1367,X]
[115,F,0.882344,00000001,88.2344,X]
[103,F,0.888203,00000010,88.8203,X]
[18,F,0.888928,11000000,88.8928,X]
[104,F,0.894062,00000010,89.4062,X]
[116,F,0.901875,00000001,90.1875,X]
[46,F,0.90247,00010000,90.247,X]
[105,F,0.910664,00000010,91.0664,X]
[88,F,0.920078,00000100,92.0078,X]
[47,F,0.923955,00010000,92.3955,X]
[48,F,0.924931,00010000,92.4931,X]
[89,F,0.928867,00000100,92.8867,X]
[84,F,0.931797,00001000,93.1797,X]
[33,F,0.93372,00100000,93.372,X]
[49,F,0.940556,00010000,94.0556,X]
[106,F,0.941914,00000010,94.1914,X]
[50,F,0.950322,00010000,95.0322,X]
[90,F,0.950352,00000100,95.0352,X]
[51,F,0.952275,00010000,95.2275,X]
[52,F,0.96497,00010000,96.497,X]
[85,F,0.965977,00001000,96.5977,X]
[91,F,0.968906,00000100,96.8906,X]
[19,F,0.970959,11000000,97.0959,X]
[53,F,0.977666,00010000,97.7666,X]
[54,F,0.980595,00010000,98.0595,X]
[86,F,0.982578,00001000,98.2578,X]
[107,F,0.983906,00000010,98.3906,X]
[108,F,0.986836,00000010,98.6836,X]
[92,F,0.99625,00000100,99.625,X]
[20,F,0.996277,10000000,99.6277,X]
GUIDE_TREE_PARTITION1=(((t1:0.47,t2:0.47):71.77,(t3:53.21,t4:53.21):19.03):27.76,((t5:16,t6:16):33.27,(t7:33.25,t8:33.25):16.02):50.73);
