Taxa bit representation:
t1 10000000
t2 01000000
t3 00100000
t4 00010000
t5 00001000
t6 00000100
t7 00000010
t8 00000001
Clade List (<taxon members> = <clade name>): 

>Dataset_0
[82,F,0.0107422,00000001,1.07422,X]
[0,F,0.0771484,11111110,7.71484,X]
[1,F,0.09375,11111110,9.375,X]
[2,F,0.0957031,11111110,9.57031,X]
[83,F,0.117188,00000001,11.7188,X]
[84,F,0.131836,00000001,13.1836,X]
[85,F,0.194336,00000001,19.4336,X]
[3,F,0.203125,11111110,20.3125,X]
[4,F,0.224609,11111110,22.4609,X]
[61,F,0.277633,00000010,27.7633,X]
[62,F,0.282516,00000010,28.2516,X]
[86,F,0.306641,00000001,30.6641,X]
[87,F,0.331055,00000001,33.1055,X]
[5,F,0.367477,11111100,36.7477,X]
[6,F,0.392867,11111100,39.2867,X]
[63,F,0.428023,00000010,42.8023,X]
[7,F,0.474825,11111000,47.4825,X]
[49,F,0.484591,00000100,48.4591,X]
[50,F,0.504122,00000100,50.4122,X]
[51,F,0.512911,00000100,51.2911,X]
[88,F,0.53418,00000001,53.418,X]
[64,F,0.540328,00000010,54.0328,X]
[38,F,0.545459,00001000,54.5459,X]
[65,F,0.569625,00000010,56.9625,X]
[89,F,0.570312,00000001,57.0312,X]
[39,F,0.589405,00001000,58.9405,X]
[8,F,0.589405,11110000,58.9405,X]
[90,F,0.59082,00000001,59.082,X]
[40,F,0.595264,00001000,59.5264,X]
[66,F,0.605758,00000010,60.5758,X]
[9,F,0.612842,11110000,61.2842,X]
[67,F,0.61357,00000010,61.357,X]
[68,F,0.614547,00000010,61.4547,X]
[91,F,0.618164,00000001,61.8164,X]
[52,F,0.624239,00000100,62.4239,X]
[10,F,0.629444,11110000,62.9444,X]
[53,F,0.631075,00000100,63.1075,X]
[69,F,0.662398,00000010,66.2398,X]
[70,F,0.664352,00000010,66.4352,X]
[54,F,0.668184,00000100,66.8184,X]
[92,F,0.6875,00000001,68.75,X]
[41,F,0.691944,00001000,69.1944,X]
[93,F,0.698242,00000001,69.8242,X]
[42,F,0.699756,00001000,69.9756,X]
[43,F,0.709522,00001000,70.9522,X]
[11,F,0.726123,11110000,72.6123,X]
[71,F,0.728805,00000010,72.8805,X]
[55,F,0.732637,00000100,73.2637,X]
[56,F,0.73752,00000100,73.752,X]
[12,F,0.740772,11110000,74.0772,X]
[57,F,0.746309,00000100,74.6309,X]
[94,F,0.750977,00000001,75.0977,X]
[72,F,0.760055,00000010,76.0055,X]
[73,F,0.762008,00000010,76.2008,X]
[44,F,0.766162,00001000,76.6162,X]
[13,F,0.774952,11110000,77.4952,X]
[14,F,0.78667,11110000,78.667,X]
[95,F,0.796875,00000001,79.6875,X]
[96,F,0.800781,00000001,80.0781,X]
[58,F,0.804903,00000100,80.4903,X]
[74,F,0.813766,00000010,81.3766,X]
[15,F,0.816206,11000000,81.6206,X]
[75,F,0.819625,00000010,81.9625,X]
[27,F,0.836714,00100000,83.6714,X]
[30,F,0.845545,00010000,84.5545,X]
[28,F,0.851363,00100000,85.1363,X]
[19,F,0.854419,01000000,85.4419,X]
[76,F,0.856734,00000010,85.6734,X]
[29,F,0.865034,00100000,86.5034,X]
[16,F,0.869067,10000000,86.9067,X]
[97,F,0.875977,00000001,87.5977,X]
[31,F,0.881678,00010000,88.1678,X]
[17,F,0.881763,10000000,88.1762,X]
[77,F,0.884078,00000010,88.4078,X]
[45,F,0.885303,00001000,88.5303,X]
[98,F,0.888672,00000001,88.8672,X]
[46,F,0.889209,00001000,88.9209,X]
[32,F,0.889491,00010000,88.9491,X]
[47,F,0.896045,00001000,89.6045,X]
[20,F,0.899341,01000000,89.9341,X]
[78,F,0.906539,00000010,90.6539,X]
[33,F,0.917811,00010000,91.7811,X]
[59,F,0.921114,00000100,92.1114,X]
[34,F,0.924647,00010000,92.4647,X]
[79,F,0.929,00000010,92.9,X]
[35,F,0.932459,00010000,93.2459,X]
[21,F,0.942309,01000000,94.2309,X]
[22,F,0.948169,01000000,94.8169,X]
[36,F,0.949061,00010000,94.9061,X]
[48,F,0.952686,00001000,95.2686,X]
[80,F,0.958297,00000010,95.8297,X]
[81,F,0.96025,00000010,96.025,X]
[23,F,0.97063,01000000,97.063,X]
[24,F,0.971606,01000000,97.1606,X]
[99,F,0.97168,00000001,97.168,X]
[18,F,0.978442,10000000,97.8442,X]
[25,F,0.985278,01000000,98.5278,X]
[37,F,0.991053,00010000,99.1053,X]
[26,F,0.994067,01000000,99.4067,X]
[60,F,0.995333,00000100,99.5333,X]
GUIDE_TREE_PARTITION1=(((((((t1:15.73,t2:15.73):3.04,t3:18.77):1.07,t4:19.84):26.2,t5:46.04):8.04,t6:54.08):21.77,t7:75.85):24.15,t8:100);
