Taxa bit representation:
t1 10000000
t2 01000000
t3 00100000
t4 00010000
t5 00001000
t6 00000100
t7 00000010
t8 00000001
Clade List (<taxon members> = <clade name>): 

>Dataset_0
[37,F,0.0324141,00000011,3.24141,X]
[38,F,0.1955,00000011,19.55,X]
[13,F,0.204889,00110000,20.4889,X]
[39,F,0.205266,00000011,20.5266,X]
[14,F,0.214655,00110000,21.4655,X]
[25,F,0.25507,00001100,25.507,X]
[15,F,0.341608,00110000,34.1608,X]
[16,F,0.360162,00110000,36.0162,X]
[17,F,0.432428,00110000,43.2428,X]
[0,F,0.496881,11000000,49.6881,X]
[18,F,0.498834,00110000,49.8834,X]
[26,F,0.509953,00001100,50.9953,X]
[40,F,0.515205,00000010,51.5205,X]
[19,F,0.528131,00110000,52.8131,X]
[47,F,0.538642,00000001,53.8642,X]
[7,F,0.546728,01000000,54.6728,X]
[41,F,0.600166,00000010,60.0166,X]
[20,F,0.629694,00110000,62.9694,X]
[1,F,0.65708,10000000,65.708,X]
[2,F,0.661963,10000000,66.1963,X]
[27,F,0.665003,00001000,66.5003,X]
[3,F,0.671728,10000000,67.1728,X]
[28,F,0.671839,00001000,67.1839,X]
[29,F,0.673792,00001000,67.3792,X]
[34,F,0.689417,00000100,68.9417,X]
[30,F,0.699183,00001000,69.9183,X]
[8,F,0.706884,01000000,70.6884,X]
[48,F,0.717353,00000001,71.7353,X]
[4,F,0.758642,10000000,75.8642,X]
[42,F,0.770088,00000010,77.0088,X]
[31,F,0.791956,00001000,79.1956,X]
[43,F,0.800361,00000010,80.0361,X]
[21,F,0.808405,00110000,80.8405,X]
[22,F,0.814264,00110000,81.4264,X]
[44,F,0.834541,00000010,83.4541,X]
[35,F,0.844691,00000100,84.4691,X]
[32,F,0.85348,00001000,85.348,X]
[9,F,0.855322,01000000,85.5322,X]
[36,F,0.869105,00000100,86.9105,X]
[10,F,0.870947,01000000,87.0947,X]
[5,F,0.886572,10000000,88.6572,X]
[45,F,0.893134,00000010,89.3134,X]
[6,F,0.896338,10000000,89.6338,X]
[33,F,0.905238,00001000,90.5238,X]
[11,F,0.920752,01000000,92.0752,X]
[49,F,0.923408,00000001,92.3408,X]
[46,F,0.936103,00000010,93.6103,X]
[12,F,0.958838,01000000,95.8838,X]
[23,F,0.965712,00010000,96.5712,X]
[24,F,0.976455,00010000,97.6455,X]
GUIDE_TREE_PARTITION1=(((t1:50.21,t2:50.21):42.68,(t3:4.21,t4:4.21):88.68):7.11,((t5:36.82,t6:36.82):62.38,(t7:59.71,t8:59.71):39.49):0.8);
