Taxa bit representation:
t1 10000000
t2 01000000
t3 00100000
t4 00010000
t5 00001000
t6 00000100
t7 00000010
t8 00000001
Clade List (<taxon members> = <clade name>): 

>Dataset_0
[0,F,0.0107422,11111100,1.07422,X]
[87,F,0.03125,00000011,3.125,X]
[88,F,0.0927734,00000011,9.27734,X]
[89,F,0.147461,00000011,14.7461,X]
[90,F,0.149414,00000011,14.9414,X]
[91,F,0.155273,00000011,15.5273,X]
[1,F,0.202148,11111100,20.2148,X]
[64,F,0.229083,00001100,22.9083,X]
[2,F,0.246661,11110000,24.6661,X]
[65,F,0.25252,00001100,25.252,X]
[66,F,0.25545,00001100,25.545,X]
[67,F,0.25838,00001100,25.838,X]
[92,F,0.28418,00000011,28.418,X]
[3,F,0.302325,11110000,30.2325,X]
[68,F,0.326739,00001100,32.6739,X]
[4,F,0.330313,11100000,33.0312,X]
[30,F,0.350019,00100000,35.0019,X]
[69,F,0.361895,00001100,36.1895,X]
[47,F,0.389883,00010000,38.9883,X]
[31,F,0.402753,00100000,40.2753,X]
[93,F,0.404297,00000011,40.4297,X]
[48,F,0.41625,00010000,41.625,X]
[32,F,0.424237,00100000,42.4237,X]
[70,F,0.438067,00001100,43.8067,X]
[71,F,0.441973,00001100,44.1973,X]
[49,F,0.443594,00010000,44.3594,X]
[72,F,0.476153,00001100,47.6153,X]
[33,F,0.479902,00100000,47.9902,X]
[5,F,0.49162,11000000,49.162,X]
[34,F,0.496503,00100000,49.6503,X]
[35,F,0.499433,00100000,49.9433,X]
[50,F,0.502188,00010000,50.2188,X]
[36,F,0.505292,00100000,50.5292,X]
[6,F,0.513489,10000000,51.3489,X]
[73,F,0.518145,00001100,51.8145,X]
[74,F,0.519122,00001100,51.9122,X]
[51,F,0.520742,00010000,52.0742,X]
[75,F,0.522052,00001100,52.2052,X]
[37,F,0.524823,00100000,52.4823,X]
[16,F,0.527161,01000000,52.7161,X]
[52,F,0.543203,00010000,54.3203,X]
[7,F,0.544739,10000000,54.4739,X]
[38,F,0.552167,00100000,55.2167,X]
[76,F,0.557208,00001100,55.7208,X]
[77,F,0.56795,00001100,56.795,X]
[94,F,0.576172,00000011,57.6172,X]
[8,F,0.584778,10000000,58.4778,X]
[78,F,0.585528,00001100,58.5528,X]
[53,F,0.589102,00010000,58.9102,X]
[17,F,0.590637,01000000,59.0637,X]
[54,F,0.593984,00010000,59.3984,X]
[79,F,0.608966,00001100,60.8966,X]
[18,F,0.618958,01000000,61.8958,X]
[80,F,0.635333,00001100,63.5333,X]
[39,F,0.640058,00100000,64.0058,X]
[95,F,0.644531,00000011,64.4531,X]
[40,F,0.649823,00100000,64.9823,X]
[9,F,0.65802,10000000,65.802,X]
[81,F,0.667559,00001100,66.7559,X]
[19,F,0.667786,01000000,66.7786,X]
[10,F,0.672669,10000000,67.2669,X]
[55,F,0.678945,00010000,67.8945,X]
[96,F,0.68457,00000011,68.457,X]
[97,F,0.6875,00000011,68.75,X]
[56,F,0.688711,00010000,68.8711,X]
[41,F,0.688886,00100000,68.8886,X]
[42,F,0.691816,00100000,69.1816,X]
[57,F,0.70043,00010000,70.043,X]
[58,F,0.703359,00010000,70.3359,X]
[98,F,0.713867,00000011,71.3867,X]
[59,F,0.714102,00010000,71.4102,X]
[99,F,0.732422,00000011,73.2422,X]
[43,F,0.735761,00100000,73.5761,X]
[20,F,0.743958,01000000,74.3958,X]
[106,F,0.746436,00000001,74.6436,X]
[11,F,0.753723,10000000,75.3723,X]
[21,F,0.759583,01000000,75.9583,X]
[107,F,0.760108,00000001,76.0108,X]
[100,F,0.763037,00000010,76.3037,X]
[108,F,0.763037,00000001,76.3037,X]
[60,F,0.763906,00010000,76.3906,X]
[22,F,0.765442,01000000,76.5442,X]
[12,F,0.769348,10000000,76.9348,X]
[23,F,0.791809,01000000,79.1809,X]
[24,F,0.797669,01000000,79.7669,X]
[82,F,0.798419,00001100,79.8419,X]
[44,F,0.802167,00100000,80.2167,X]
[83,F,0.806231,00001100,80.6231,X]
[13,F,0.822083,10000000,82.2083,X]
[25,F,0.825012,01000000,82.5012,X]
[26,F,0.836731,01000000,83.6731,X]
[101,F,0.844092,00000010,84.4092,X]
[27,F,0.847473,01000000,84.7473,X]
[109,F,0.873389,00000001,87.3389,X]
[61,F,0.876211,00010000,87.6211,X]
[28,F,0.888489,01000000,88.8489,X]
[102,F,0.889014,00000010,88.9014,X]
[29,F,0.889466,01000000,88.9466,X]
[45,F,0.891034,00100000,89.1034,X]
[103,F,0.894873,00000010,89.4873,X]
[14,F,0.899231,10000000,89.9231,X]
[62,F,0.923086,00010000,92.3086,X]
[15,F,0.928528,10000000,92.8528,X]
[63,F,0.935781,00010000,93.5781,X]
[104,F,0.942725,00000010,94.2725,X]
[85,F,0.943083,00000100,94.3083,X]
[110,F,0.947608,00000001,94.7608,X]
[84,F,0.962614,00001000,96.2614,X]
[46,F,0.971113,00100000,97.1112,X]
[111,F,0.975928,00000001,97.5928,X]
[105,F,0.980811,00000010,98.0811,X]
[86,F,0.990934,00000100,99.0934,X]
GUIDE_TREE_PARTITION1=(((((t1:49.53,t2:49.53):16.64,t3:66.17):1.58,t4:67.75):9.83,(t5:6.18,t6:6.18):71.4):22.42,(t7:26.04,t8:26.04):73.96);
