Taxa bit representation:
t1 10000000
t2 01000000
t3 00100000
t4 00010000
t5 00001000
t6 00000100
t7 00000010
t8 00000001
Clade List (<taxon members> = <clade name>): 

>Dataset_0
[48,F,0.00195312,00001111,0.195312,X]
[49,F,0.00878906,00001111,0.878906,X]
[50,F,0.0205078,00001111,2.05078,X]
[0,F,0.0263672,11110000,2.63672,X]
[51,F,0.0585938,00001111,5.85938,X]
[1,F,0.078125,11110000,7.8125,X]
[52,F,0.0820312,00001111,8.20312,X]
[2,F,0.103516,11110000,10.3516,X]
[53,F,0.15625,00001111,15.625,X]
[3,F,0.165039,11110000,16.5039,X]
[54,F,0.223633,00001111,22.3633,X]
[55,F,0.228516,00001111,22.8516,X]
[56,F,0.230469,00001111,23.0469,X]
[57,F,0.234375,00001111,23.4375,X]
[4,F,0.24707,11110000,24.707,X]
[5,F,0.257812,11110000,25.7812,X]
[58,F,0.278353,00001100,27.8353,X]
[59,F,0.283236,00001100,28.3236,X]
[60,F,0.286166,00001100,28.6166,X]
[94,F,0.292025,00000011,29.2025,X]
[95,F,0.337923,00000011,33.7923,X]
[6,F,0.349609,11110000,34.9609,X]
[61,F,0.349642,00001100,34.9642,X]
[62,F,0.37308,00001100,37.308,X]
[63,F,0.376986,00001100,37.6986,X]
[64,F,0.380892,00001100,38.0892,X]
[65,F,0.393588,00001100,39.3588,X]
[7,F,0.4375,11110000,43.75,X]
[66,F,0.439486,00001100,43.9486,X]
[96,F,0.439486,00000011,43.9486,X]
[97,F,0.442416,00000011,44.2416,X]
[8,F,0.483398,11110000,48.3398,X]
[67,F,0.489291,00001100,48.9291,X]
[98,F,0.499056,00000011,49.9056,X]
[9,F,0.50293,11110000,50.293,X]
[99,F,0.510775,00000011,51.0775,X]
[10,F,0.512695,11110000,51.2695,X]
[11,F,0.516602,11110000,51.6602,X]
[100,F,0.516634,00000011,51.6634,X]
[68,F,0.535189,00001100,53.5189,X]
[12,F,0.537109,11110000,53.7109,X]
[101,F,0.538119,00000011,53.8119,X]
[69,F,0.539095,00001100,53.9095,X]
[102,F,0.551791,00000011,55.1791,X]
[70,F,0.555697,00001100,55.5697,X]
[27,F,0.556013,00110000,55.6013,X]
[83,F,0.564789,00000100,56.4789,X]
[71,F,0.58725,00001000,58.725,X]
[28,F,0.596052,00110000,59.6052,X]
[116,F,0.60063,00000001,60.063,X]
[13,F,0.601911,11000000,60.1911,X]
[103,F,0.602583,00000010,60.2583,X]
[29,F,0.602888,00110000,60.2888,X]
[104,F,0.607466,00000010,60.7466,X]
[30,F,0.6107,00110000,61.07,X]
[31,F,0.614606,00110000,61.4606,X]
[14,F,0.617536,11000000,61.7536,X]
[72,F,0.628266,00001000,62.8266,X]
[73,F,0.639984,00001000,63.9984,X]
[32,F,0.653669,00110000,65.3669,X]
[84,F,0.663422,00000100,66.3422,X]
[74,F,0.67807,00001000,67.807,X]
[85,F,0.679047,00000100,67.9047,X]
[105,F,0.712934,00000010,71.2934,X]
[75,F,0.724945,00001000,72.4945,X]
[117,F,0.738325,00000001,73.8325,X]
[106,F,0.758833,00000010,75.8833,X]
[33,F,0.76063,00100000,76.063,X]
[107,F,0.765669,00000010,76.5669,X]
[34,F,0.771372,00100000,77.1372,X]
[35,F,0.781138,00100000,78.1138,X]
[108,F,0.78227,00000010,78.227,X]
[118,F,0.78227,00000001,78.227,X]
[36,F,0.787973,00100000,78.7973,X]
[40,F,0.789927,00010000,78.9927,X]
[18,F,0.790419,01000000,79.0419,X]
[41,F,0.792856,00010000,79.2856,X]
[109,F,0.794966,00000010,79.4966,X]
[119,F,0.797895,00000001,79.7895,X]
[110,F,0.801802,00000010,80.1802,X]
[86,F,0.809906,00000100,80.9906,X]
[76,F,0.830414,00001000,83.0414,X]
[120,F,0.841841,00000001,84.1841,X]
[77,F,0.845063,00001000,84.5063,X]
[19,F,0.851942,01000000,85.1942,X]
[121,F,0.854536,00000001,85.4536,X]
[78,F,0.855805,00001000,85.5805,X]
[37,F,0.862192,00100000,86.2192,X]
[42,F,0.863169,00010000,86.3169,X]
[38,F,0.864145,00100000,86.4145,X]
[87,F,0.86557,00000100,86.557,X]
[15,F,0.865614,10000000,86.5614,X]
[20,F,0.867567,01000000,86.7567,X]
[111,F,0.870161,00000010,87.0161,X]
[112,F,0.882856,00000010,88.2856,X]
[43,F,0.883677,00010000,88.3677,X]
[44,F,0.886606,00010000,88.6606,X]
[113,F,0.889692,00000010,88.9692,X]
[79,F,0.890961,00001000,89.0961,X]
[16,F,0.892958,10000000,89.2958,X]
[114,F,0.897505,00000010,89.7505,X]
[122,F,0.899458,00000001,89.9458,X]
[88,F,0.929047,00000100,92.9047,X]
[21,F,0.933973,01000000,93.3973,X]
[89,F,0.936859,00000100,93.6859,X]
[80,F,0.939789,00001000,93.9789,X]
[17,F,0.939833,10000000,93.9833,X]
[45,F,0.94227,00010000,94.227,X]
[81,F,0.946625,00001000,94.6625,X]
[123,F,0.947309,00000001,94.7309,X]
[46,F,0.94813,00010000,94.813,X]
[47,F,0.949106,00010000,94.9106,X]
[39,F,0.951059,00100000,95.1059,X]
[22,F,0.953505,01000000,95.3505,X]
[124,F,0.959028,00000001,95.9028,X]
[90,F,0.96225,00000100,96.225,X]
[125,F,0.962934,00000001,96.2934,X]
[115,F,0.964888,00000010,96.4888,X]
[23,F,0.967177,01000000,96.7177,X]
[82,F,0.973969,00001000,97.3969,X]
[24,F,0.977919,01000000,97.7919,X]
[91,F,0.980805,00000100,98.0805,X]
[92,F,0.985688,00000100,98.5688,X]
[25,F,0.989638,01000000,98.9638,X]
[93,F,0.995453,00000100,99.5453,X]
[26,F,0.99745,01000000,99.745,X]
GUIDE_TREE_PARTITION1=(((t1:22.13,t2:22.13):23.05,(t3:24.23,t4:24.23):20.95):54.82,((t5:44.4,t6:44.4):27.96,(t7:40.23,t8:40.23):32.13):27.64);
