Taxa bit representation:
t1 10000000
t2 01000000
t3 00100000
t4 00010000
t5 00001000
t6 00000100
t7 00000010
t8 00000001
Clade List (<taxon members> = <clade name>): 

>Dataset_0
[50,F,0.0234375,00001111,2.34375,X]
[22,F,0.0628937,00110000,6.28937,X]
[0,F,0.0697297,11000000,6.97297,X]
[1,F,0.0931672,11000000,9.31672,X]
[23,F,0.0941437,00110000,9.41437,X]
[51,F,0.114273,00001100,11.4273,X]
[98,F,0.125016,00000011,12.5016,X]
[24,F,0.143948,00110000,14.3948,X]
[52,F,0.147477,00001100,14.7477,X]
[25,F,0.156644,00110000,15.6644,X]
[26,F,0.158597,00110000,15.8597,X]
[27,F,0.162503,00110000,16.2503,X]
[99,F,0.167008,00000011,16.7008,X]
[2,F,0.187894,11000000,18.7894,X]
[53,F,0.204117,00001100,20.4117,X]
[54,F,0.224625,00001100,22.4625,X]
[3,F,0.255277,11000000,25.5277,X]
[4,F,0.265042,11000000,26.5042,X]
[122,F,0.274689,00000001,27.4689,X]
[123,F,0.277619,00000001,27.7619,X]
[5,F,0.277738,11000000,27.7738,X]
[55,F,0.28135,00001000,28.135,X]
[71,F,0.283303,00000100,28.3303,X]
[72,F,0.288186,00000100,28.8186,X]
[73,F,0.297952,00000100,29.7952,X]
[74,F,0.304787,00000100,30.4787,X]
[6,F,0.311917,11000000,31.1917,X]
[100,F,0.312775,00000010,31.2775,X]
[101,F,0.315705,00000010,31.5705,X]
[28,F,0.3168,00110000,31.68,X]
[29,F,0.321683,00110000,32.1683,X]
[7,F,0.330472,11000000,33.0472,X]
[56,F,0.334084,00001000,33.4084,X]
[57,F,0.341897,00001000,34.1897,X]
[75,F,0.363381,00000100,36.3381,X]
[58,F,0.371194,00001000,37.1194,X]
[124,F,0.379181,00000001,37.9181,X]
[125,F,0.381134,00000001,38.1134,X]
[8,F,0.389066,11000000,38.9066,X]
[76,F,0.392678,00000100,39.2678,X]
[9,F,0.405667,11000000,40.5667,X]
[126,F,0.408478,00000001,40.8478,X]
[77,F,0.413186,00000100,41.3186,X]
[78,F,0.414162,00000100,41.4162,X]
[102,F,0.416291,00000010,41.6291,X]
[127,F,0.424103,00000001,42.4103,X]
[103,F,0.430939,00000010,43.0939,X]
[128,F,0.434845,00000001,43.4845,X]
[10,F,0.47305,11000000,47.305,X]
[79,F,0.491311,00000100,49.1311,X]
[104,F,0.494416,00000010,49.4416,X]
[59,F,0.5001,00001000,50.01,X]
[80,F,0.501077,00000100,50.1077,X]
[60,F,0.50303,00001000,50.303,X]
[129,F,0.503205,00000001,50.3205,X]
[81,F,0.516702,00000100,51.6702,X]
[105,F,0.51883,00000010,51.883,X]
[61,F,0.520608,00001000,52.0608,X]
[82,F,0.522561,00000100,52.2561,X]
[30,F,0.527737,00110000,52.7737,X]
[106,F,0.529572,00000010,52.9572,X]
[83,F,0.536233,00000100,53.6233,X]
[62,F,0.537209,00001000,53.7209,X]
[31,F,0.540433,00110000,54.0433,X]
[32,F,0.548245,00110000,54.8245,X]
[33,F,0.560941,00110000,56.0941,X]
[84,F,0.56553,00000100,56.553,X]
[85,F,0.566506,00000100,56.6506,X]
[130,F,0.5784,00000001,57.84,X]
[107,F,0.589142,00000010,58.9142,X]
[11,F,0.589261,11000000,58.9261,X]
[86,F,0.592873,00000100,59.2873,X]
[12,F,0.599027,11000000,59.9027,X]
[87,F,0.604592,00000100,60.4592,X]
[88,F,0.609475,00000100,60.9475,X]
[108,F,0.623322,00000010,62.3322,X]
[89,F,0.624123,00000100,62.4123,X]
[90,F,0.646584,00000100,64.6584,X]
[109,F,0.654572,00000010,65.4572,X]
[13,F,0.671292,11000000,67.1292,X]
[63,F,0.686623,00001000,68.6623,X]
[91,F,0.686623,00000100,68.6623,X]
[110,F,0.696564,00000010,69.6564,X]
[111,F,0.720002,00000010,72.0002,X]
[64,F,0.722756,00001000,72.2756,X]
[34,F,0.725198,00100000,72.5198,X]
[65,F,0.727639,00001000,72.7639,X]
[66,F,0.729592,00001000,72.9592,X]
[112,F,0.735627,00000010,73.5627,X]
[67,F,0.736428,00001000,73.6428,X]
[92,F,0.746194,00000100,74.6194,X]
[35,F,0.751566,00100000,75.1566,X]
[113,F,0.755158,00000010,75.5158,X]
[131,F,0.76883,00000001,76.883,X]
[40,F,0.77598,00010000,77.598,X]
[14,F,0.781644,11000000,78.1644,X]
[41,F,0.781839,00010000,78.1839,X]
[132,F,0.796173,00000001,79.6173,X]
[42,F,0.796488,00010000,79.6488,X]
[114,F,0.79715,00000010,79.715,X]
[15,F,0.797269,11000000,79.7269,X]
[68,F,0.807717,00001000,80.7717,X]
[16,F,0.808987,11000000,80.8987,X]
[115,F,0.815705,00000010,81.5705,X]
[36,F,0.823831,00100000,82.3831,X]
[17,F,0.827542,11000000,82.7542,X]
[133,F,0.839142,00000001,83.9142,X]
[116,F,0.845002,00000010,84.5002,X]
[117,F,0.845978,00000010,84.5978,X]
[43,F,0.846292,00010000,84.6292,X]
[69,F,0.848733,00001000,84.8733,X]
[93,F,0.867287,00000100,86.7288,X]
[37,F,0.876566,00100000,87.6566,X]
[134,F,0.881134,00000001,88.1134,X]
[94,F,0.888772,00000100,88.8772,X]
[135,F,0.8909,00000001,89.09,X]
[44,F,0.89512,00010000,89.512,X]
[38,F,0.906839,00100000,90.6839,X]
[136,F,0.910431,00000001,91.0431,X]
[118,F,0.913361,00000010,91.3361,X]
[70,F,0.915139,00001000,91.5139,X]
[119,F,0.917267,00000010,91.7267,X]
[95,F,0.924905,00000100,92.4905,X]
[39,F,0.92637,00100000,92.637,X]
[96,F,0.93467,00000100,93.467,X]
[45,F,0.936136,00010000,93.6136,X]
[120,F,0.937775,00000010,93.7775,X]
[21,F,0.95123,01000000,95.123,X]
[121,F,0.962189,00000010,96.2189,X]
[137,F,0.963166,00000001,96.3166,X]
[46,F,0.96348,00010000,96.348,X]
[47,F,0.975198,00010000,97.5198,X]
[97,F,0.975686,00000100,97.5686,X]
[138,F,0.976838,00000001,97.6838,X]
[18,F,0.977597,10000000,97.7597,X]
[48,F,0.983011,00010000,98.3011,X]
[49,F,0.98887,00010000,98.887,X]
[19,F,0.996152,10000000,99.6152,X]
[20,F,0.997128,10000000,99.7128,X]
GUIDE_TREE_PARTITION1=(((t1:5.17,t2:5.17):94.4,(t3:32.07,t4:32.07):67.5):0.43,((t5:74.99,t6:74.99):16.61,(t7:73.41,t8:73.41):18.19):8.4);
