Taxa bit representation:
t1 10000000
t2 01000000
t3 00100000
t4 00010000
t5 00001000
t6 00000100
t7 00000010
t8 00000001
Clade List (<taxon members> = <clade name>): 

>Dataset_0
[10,F,0.0380859,00001111,3.80859,X]
[0,F,0.162103,11000000,16.2103,X]
[7,F,0.254877,00110000,25.4877,X]
[8,F,0.325189,00110000,32.5189,X]
[11,F,0.327148,00001111,32.7148,X]
[1,F,0.37597,11000000,37.597,X]
[12,F,0.40918,00001111,40.918,X]
[13,F,0.522461,00001111,52.2461,X]
[14,F,0.524414,00001111,52.4414,X]
[2,F,0.525384,11000000,52.5384,X]
[3,F,0.632806,11000000,63.2806,X]
[15,F,0.635742,00001111,63.5742,X]
[4,F,0.641595,11000000,64.1595,X]
[9,F,0.745111,00110000,74.5111,X]
[5,F,0.791986,11000000,79.1986,X]
[6,F,0.836855,10000000,83.6855,X]
[16,F,0.84823,00001100,84.823,X]
[17,F,0.932144,00000001,93.2144,X]
GUIDE_TREE_PARTITION1=(((t1:18.17,t2:18.17):75.19,(t3:2.41,t4:2.41):90.95):6.64,((t5:10.98,t6:10.98):16.99,(t7:9.52,t8:9.52):18.45):72.03);
