Taxa bit representation:
t1 10000000
t2 01000000
t3 00100000
t4 00010000
t5 00001000
t6 00000100
t7 00000010
t8 00000001
Clade List (<taxon members> = <clade name>): 

>Dataset_0
[0,F,0.00878906,11111100,0.878906,X]
[87,F,0.0507812,00000011,5.07812,X]
[88,F,0.128906,00000011,12.8906,X]
[89,F,0.132812,00000011,13.2812,X]
[1,F,0.142802,11110000,14.2802,X]
[2,F,0.152567,11110000,15.2567,X]
[3,F,0.161356,11110000,16.1356,X]
[62,F,0.176005,00001100,17.6005,X]
[63,F,0.180888,00001100,18.0888,X]
[90,F,0.183594,00000011,18.3594,X]
[4,F,0.197489,11110000,19.7489,X]
[91,F,0.21582,00000011,21.582,X]
[5,F,0.217025,11100000,21.7025,X]
[6,F,0.231673,11100000,23.1673,X]
[31,F,0.23265,00010000,23.265,X]
[32,F,0.234603,00010000,23.4603,X]
[64,F,0.244364,00001100,24.4364,X]
[65,F,0.258036,00001100,25.8036,X]
[33,F,0.2639,00010000,26.39,X]
[92,F,0.274414,00000011,27.4414,X]
[93,F,0.279297,00000011,27.9297,X]
[66,F,0.290262,00001100,29.0262,X]
[34,F,0.307845,00010000,30.7845,X]
[94,F,0.314453,00000011,31.4453,X]
[35,F,0.320541,00010000,32.0541,X]
[95,F,0.336914,00000011,33.6914,X]
[67,F,0.340067,00001100,34.0067,X]
[7,F,0.346908,11100000,34.6908,X]
[36,F,0.350814,00010000,35.0814,X]
[37,F,0.355697,00010000,35.5697,X]
[96,F,0.359375,00000011,35.9375,X]
[38,F,0.369369,00010000,36.9369,X]
[68,F,0.380106,00001100,38.0106,X]
[97,F,0.391602,00000011,39.1602,X]
[98,F,0.395508,00000011,39.5508,X]
[8,F,0.408431,11100000,40.8431,X]
[69,F,0.411356,00001100,41.1356,X]
[39,F,0.421127,00010000,42.1127,X]
[99,F,0.431641,00000011,43.1641,X]
[40,F,0.441634,00010000,44.1634,X]
[70,F,0.47288,00001100,47.288,X]
[9,F,0.477767,11100000,47.7767,X]
[10,F,0.500228,11100000,50.0228,X]
[71,F,0.506083,00001100,50.6083,X]
[100,F,0.506836,00000011,50.6836,X]
[41,F,0.512923,00010000,51.2923,X]
[72,F,0.513895,00001100,51.3895,X]
[101,F,0.517578,00000011,51.7578,X]
[102,F,0.53418,00000011,53.418,X]
[103,F,0.542969,00000011,54.2969,X]
[11,F,0.567611,11100000,56.7611,X]
[104,F,0.568359,00000011,56.8359,X]
[12,F,0.57347,11100000,57.347,X]
[13,F,0.586166,11100000,58.6166,X]
[105,F,0.591797,00000011,59.1797,X]
[42,F,0.599838,00010000,59.9838,X]
[73,F,0.603739,00001100,60.3739,X]
[43,F,0.606673,00010000,60.6673,X]
[44,F,0.61058,00010000,61.058,X]
[14,F,0.611556,11100000,61.1556,X]
[74,F,0.618387,00001100,61.8387,X]
[45,F,0.619369,00010000,61.9369,X]
[106,F,0.624023,00000011,62.4023,X]
[107,F,0.626953,00000011,62.6953,X]
[46,F,0.649642,00010000,64.9642,X]
[75,F,0.661356,00001100,66.1356,X]
[47,F,0.67015,00010000,67.015,X]
[15,F,0.672405,11000000,67.2405,X]
[108,F,0.672852,00000011,67.2852,X]
[76,F,0.699442,00001100,69.9442,X]
[16,F,0.699748,11000000,69.9748,X]
[48,F,0.7014,00010000,70.14,X]
[49,F,0.714095,00010000,71.4095,X]
[50,F,0.719955,00010000,71.9955,X]
[51,F,0.724838,00010000,72.4838,X]
[77,F,0.752177,00001100,75.2177,X]
[52,F,0.755111,00010000,75.5111,X]
[17,F,0.758342,11000000,75.8342,X]
[53,F,0.76683,00010000,76.683,X]
[54,F,0.767806,00010000,76.7806,X]
[18,F,0.777873,11000000,77.7873,X]
[109,F,0.799036,00000010,79.9036,X]
[110,F,0.800013,00000010,80.0012,X]
[55,F,0.801009,00010000,80.1009,X]
[78,F,0.801052,00001000,80.1052,X]
[84,F,0.809841,00000100,80.9841,X]
[19,F,0.811077,11000000,81.1077,X]
[56,F,0.836166,00010000,83.6166,X]
[20,F,0.839397,11000000,83.9397,X]
[111,F,0.841028,00000010,84.1028,X]
[79,F,0.841091,00001000,84.1091,X]
[21,F,0.846233,11000000,84.6233,X]
[112,F,0.849817,00000010,84.9817,X]
[119,F,0.850794,00000001,85.0794,X]
[57,F,0.862533,00010000,86.2533,X]
[22,F,0.86967,11000000,86.967,X]
[113,F,0.870325,00000010,87.0325,X]
[80,F,0.87527,00001000,87.527,X]
[114,F,0.886927,00000010,88.6927,X]
[85,F,0.891872,00000100,89.1872,X]
[58,F,0.894759,00010000,89.4759,X]
[115,F,0.895716,00000010,89.5716,X]
[81,F,0.907497,00001000,90.7497,X]
[26,F,0.912639,00100000,91.2639,X]
[24,F,0.915602,01000000,91.5602,X]
[59,F,0.916244,00010000,91.6244,X]
[116,F,0.926966,00000010,92.6966,X]
[82,F,0.932887,00001000,93.2887,X]
[117,F,0.939661,00000010,93.9661,X]
[25,F,0.940992,01000000,94.0992,X]
[23,F,0.941969,10000000,94.1969,X]
[27,F,0.953655,00100000,95.3655,X]
[60,F,0.956283,00010000,95.6283,X]
[120,F,0.959192,00000001,95.9192,X]
[86,F,0.969997,00000100,96.9997,X]
[28,F,0.972209,00100000,97.2209,X]
[61,F,0.975814,00010000,97.5814,X]
[29,F,0.984905,00100000,98.4905,X]
[83,F,0.987575,00001000,98.7575,X]
[30,F,0.993694,00100000,99.3694,X]
[118,F,0.994348,00000010,99.4348,X]
GUIDE_TREE_PARTITION1=(((((t1:10.1,t2:10.1):27.64,t3:37.74):42.12,t4:79.86):7.52,(t5:24.68,t6:24.68):62.7):12.62,(t7:20.78,t8:20.78):79.22);
