Taxa bit representation:
t1 10000000
t2 01000000
t3 00100000
t4 00010000
t5 00001000
t6 00000100
t7 00000010
t8 00000001
Clade List (<taxon members> = <clade name>): 

>Dataset_0
[0,F,0.0917969,11110000,9.17969,X]
[1,F,0.129719,11000000,12.9719,X]
[2,F,0.137531,11000000,13.7531,X]
[11,F,0.165039,00001111,16.5039,X]
[3,F,0.307453,11000000,30.7453,X]
[12,F,0.333984,00001111,33.3984,X]
[13,F,0.34082,00001111,34.082,X]
[8,F,0.397969,00100000,39.7969,X]
[14,F,0.508106,00001100,50.8106,X]
[15,F,0.529591,00001100,52.9591,X]
[16,F,0.57473,00001000,57.473,X]
[9,F,0.596211,00010000,59.6211,X]
[18,F,0.636036,00000011,63.6036,X]
[10,F,0.672383,00010000,67.2383,X]
[4,F,0.732258,11000000,73.2258,X]
[5,F,0.741047,11000000,74.1047,X]
[6,F,0.796711,11000000,79.6711,X]
[17,F,0.805198,00001000,80.5198,X]
[7,F,0.971522,01000000,97.1522,X]
GUIDE_TREE_PARTITION1=(((t1:13.59,t2:13.59):74.61,(t3:64.5,t4:64.5):23.7):11.8,((t5:42.82,t6:42.82):13.01,(t7:24.07,t8:24.07):31.76):44.17);
