Taxa bit representation:
t1 10000000
t2 01000000
t3 00100000
t4 00010000
t5 00001000
t6 00000100
t7 00000010
t8 00000001
Clade List (<taxon members> = <clade name>): 

>Dataset_0
[14,F,0.0136719,00001111,1.36719,X]
[15,F,0.202148,00001111,20.2148,X]
[16,F,0.230136,00001100,23.0136,X]
[0,F,0.240234,11110000,24.0234,X]
[1,F,0.367188,11110000,36.7188,X]
[2,F,0.411945,11000000,41.1945,X]
[5,F,0.571995,01000000,57.1995,X]
[10,F,0.587697,00100000,58.7697,X]
[11,F,0.593556,00010000,59.3556,X]
[17,F,0.595534,00001000,59.5534,X]
[18,F,0.607253,00000100,60.7253,X]
[23,F,0.635006,00000001,63.5006,X]
[6,F,0.649144,01000000,64.9144,X]
[19,F,0.652175,00000100,65.2175,X]
[7,F,0.671605,01000000,67.1605,X]
[24,F,0.679928,00000001,67.9928,X]
[12,F,0.703908,00010000,70.3908,X]
[3,F,0.722386,10000000,72.2386,X]
[4,F,0.822972,10000000,82.2972,X]
[13,F,0.893361,00010000,89.3361,X]
[25,F,0.928952,00000001,92.8952,X]
[22,F,0.934811,00000010,93.4811,X]
[20,F,0.94612,00000100,94.612,X]
[21,F,0.969558,00000100,96.9558,X]
[8,F,0.976292,01000000,97.6292,X]
[9,F,0.995823,01000000,99.5823,X]
GUIDE_TREE_PARTITION1=(((t1:56.57,t2:56.57):6.63,(t3:44.16,t4:44.16):19.04):36.8,((t5:58.22,t6:58.22):19.45,(t7:49.39,t8:49.39):28.28):22.33);
