Taxa bit representation:
t1 10000000
t2 01000000
t3 00100000
t4 00010000
t5 00001000
t6 00000100
t7 00000010
t8 00000001
Clade List (<taxon members> = <clade name>): 

>Dataset_0
[0,F,0.0146484,11111110,1.46484,X]
[1,F,0.015625,11111110,1.5625,X]
[69,F,0.015625,00000001,1.5625,X]
[2,F,0.0253906,11111110,2.53906,X]
[70,F,0.0556641,00000001,5.56641,X]
[71,F,0.0820312,00000001,8.20312,X]
[3,F,0.106445,11111110,10.6445,X]
[72,F,0.125,00000001,12.5,X]
[48,F,0.130253,00000010,13.0253,X]
[73,F,0.143555,00000001,14.3555,X]
[74,F,0.150391,00000001,15.0391,X]
[4,F,0.155644,11111100,15.5644,X]
[49,F,0.172245,00000010,17.2245,X]
[75,F,0.182617,00000001,18.2617,X]
[50,F,0.186894,00000010,18.6894,X]
[5,F,0.209355,11111100,20.9355,X]
[6,F,0.226933,11111100,22.6933,X]
[76,F,0.244141,00000001,24.4141,X]
[77,F,0.25293,00000001,25.293,X]
[51,F,0.265995,00000010,26.5995,X]
[7,F,0.267948,11111100,26.7948,X]
[78,F,0.305664,00000001,30.5664,X]
[8,F,0.317753,11111100,31.7753,X]
[79,F,0.328125,00000001,32.8125,X]
[80,F,0.357422,00000001,35.7422,X]
[52,F,0.360722,00000010,36.0722,X]
[53,F,0.390995,00000010,39.0995,X]
[9,F,0.398808,11111100,39.8808,X]
[81,F,0.419922,00000001,41.9922,X]
[54,F,0.444706,00000010,44.4706,X]
[10,F,0.453495,11111100,45.3495,X]
[11,F,0.459355,11111100,45.9355,X]
[55,F,0.476933,00000010,47.6933,X]
[82,F,0.501953,00000001,50.1953,X]
[34,F,0.510467,00000100,51.0467,X]
[35,F,0.511444,00000100,51.1444,X]
[83,F,0.540039,00000001,54.0039,X]
[56,F,0.541386,00000010,54.1386,X]
[84,F,0.547852,00000001,54.7852,X]
[85,F,0.550781,00000001,55.0781,X]
[86,F,0.551758,00000001,55.1758,X]
[12,F,0.557342,11111000,55.7342,X]
[87,F,0.558594,00000001,55.8594,X]
[88,F,0.570312,00000001,57.0312,X]
[36,F,0.571991,00000100,57.1991,X]
[37,F,0.591522,00000100,59.1522,X]
[13,F,0.593475,11111000,59.3475,X]
[89,F,0.59375,00000001,59.375,X]
[90,F,0.600586,00000001,60.0586,X]
[57,F,0.602909,00000010,60.2909,X]
[14,F,0.60617,11111000,60.617,X]
[15,F,0.607147,11111000,60.7147,X]
[38,F,0.625702,00000100,62.5702,X]
[16,F,0.631561,11111000,63.1561,X]
[58,F,0.635136,00000010,63.5136,X]
[17,F,0.636444,11111000,63.6444,X]
[91,F,0.658203,00000001,65.8203,X]
[39,F,0.675506,00000100,67.5506,X]
[92,F,0.700195,00000001,70.0195,X]
[40,F,0.701873,00000100,70.1873,X]
[41,F,0.70578,00000100,70.578,X]
[18,F,0.716522,11111000,71.6522,X]
[93,F,0.727539,00000001,72.7539,X]
[19,F,0.736053,11111000,73.6053,X]
[42,F,0.738983,00000100,73.8983,X]
[20,F,0.743866,11111000,74.3866,X]
[59,F,0.752323,00000010,75.2323,X]
[94,F,0.75293,00000001,75.293,X]
[95,F,0.763672,00000001,76.3672,X]
[43,F,0.775116,00000100,77.5116,X]
[21,F,0.782453,11110000,78.2453,X]
[60,F,0.783573,00000010,78.3573,X]
[61,F,0.791386,00000010,79.1386,X]
[62,F,0.802128,00000010,80.2128,X]
[44,F,0.818084,00000100,81.8084,X]
[30,F,0.838117,00001000,83.8117,X]
[31,F,0.853742,00001000,85.3742,X]
[32,F,0.860578,00001000,86.0578,X]
[63,F,0.872441,00000010,87.2441,X]
[22,F,0.873273,11110000,87.3273,X]
[64,F,0.892948,00000010,89.2948,X]
[45,F,0.901092,00000100,90.1092,X]
[46,F,0.908905,00000100,90.8905,X]
[96,F,0.916992,00000001,91.6992,X]
[65,F,0.923222,00000010,92.3222,X]
[23,F,0.925031,11110000,92.5031,X]
[47,F,0.929412,00000100,92.9412,X]
[66,F,0.941777,00000010,94.1777,X]
[67,F,0.942753,00000010,94.2753,X]
[27,F,0.951277,00010000,95.1277,X]
[33,F,0.957258,00001000,95.7258,X]
[24,F,0.972861,11000000,97.2861,X]
[25,F,0.973837,11000000,97.3837,X]
[68,F,0.975956,00000010,97.5956,X]
[28,F,0.991316,00010000,99.1316,X]
[29,F,0.996198,00010000,99.6198,X]
[26,F,0.999228,00100000,99.9228,X]
GUIDE_TREE_PARTITION1=(((((((t1:0.76,t2:0.76):4.2,t3:4.96):0.01,t4:4.97):16.98,t5:21.95):29.64,t6:51.59):35.58,t7:87.17):12.83,t8:100);
