Taxa bit representation:
t1 10000000
t2 01000000
t3 00100000
t4 00010000
t5 00001000
t6 00000100
t7 00000010
t8 00000001
Clade List (<taxon members> = <clade name>): 

>Dataset_0
[97,F,0.0419922,00000011,4.19922,X]
[98,F,0.0517578,00000011,5.17578,X]
[99,F,0.0644531,00000011,6.44531,X]
[0,F,0.0800781,11111100,8.00781,X]
[100,F,0.0800781,00000011,8.00781,X]
[1,F,0.114258,11111100,11.4258,X]
[101,F,0.134766,00000011,13.4766,X]
[102,F,0.151367,00000011,15.1367,X]
[2,F,0.15625,11111100,15.625,X]
[3,F,0.189336,11110000,18.9336,X]
[68,F,0.190312,00001100,19.0312,X]
[4,F,0.200078,11110000,20.0078,X]
[103,F,0.210938,00000011,21.0938,X]
[69,F,0.214727,00001100,21.4727,X]
[70,F,0.230352,00001100,23.0352,X]
[5,F,0.251836,11110000,25.1836,X]
[71,F,0.255742,00001100,25.5742,X]
[72,F,0.256719,00001100,25.6719,X]
[6,F,0.267461,11110000,26.7461,X]
[104,F,0.273438,00000011,27.3438,X]
[105,F,0.279883,00000010,27.9883,X]
[106,F,0.299414,00000010,29.9414,X]
[107,F,0.301367,00000010,30.1367,X]
[56,F,0.311469,00010000,31.1469,X]
[73,F,0.324102,00001100,32.4102,X]
[122,F,0.333594,00000001,33.3594,X]
[57,F,0.334906,00010000,33.4906,X]
[88,F,0.353583,00000100,35.3583,X]
[39,F,0.357772,00100000,35.7772,X]
[7,F,0.358748,11000000,35.8748,X]
[89,F,0.363348,00000100,36.3348,X]
[123,F,0.379492,00000001,37.9492,X]
[8,F,0.383162,11000000,38.3162,X]
[108,F,0.390234,00000010,39.0234,X]
[74,F,0.390692,00001000,39.0692,X]
[40,F,0.393905,00100000,39.3905,X]
[90,F,0.400458,00000100,40.0458,X]
[9,F,0.405623,11000000,40.5623,X]
[91,F,0.406317,00000100,40.6317,X]
[124,F,0.406836,00000001,40.6836,X]
[75,F,0.40827,00001000,40.827,X]
[41,F,0.415389,00100000,41.5389,X]
[10,F,0.420272,11000000,42.0272,X]
[11,F,0.421248,11000000,42.1248,X]
[42,F,0.424178,00100000,42.4178,X]
[58,F,0.42475,00010000,42.475,X]
[59,F,0.445258,00010000,44.5258,X]
[12,F,0.451848,10000000,45.1848,X]
[109,F,0.470313,00000010,47.0312,X]
[76,F,0.478583,00001000,47.8583,X]
[13,F,0.487005,10000000,48.7005,X]
[77,F,0.500067,00001000,50.0067,X]
[110,F,0.500586,00000010,50.0586,X]
[125,F,0.500586,00000001,50.0586,X]
[25,F,0.50263,01000000,50.263,X]
[60,F,0.505805,00010000,50.5805,X]
[92,F,0.50788,00000100,50.788,X]
[43,F,0.529647,00100000,52.9647,X]
[126,F,0.529883,00000001,52.9883,X]
[78,F,0.531317,00001000,53.1317,X]
[44,F,0.5316,00100000,53.16,X]
[45,F,0.541366,00100000,54.1366,X]
[79,F,0.548895,00001000,54.8895,X]
[26,F,0.549505,01000000,54.9505,X]
[127,F,0.554297,00000001,55.4297,X]
[93,F,0.561591,00000100,56.1591,X]
[111,F,0.564063,00000010,56.4062,X]
[128,F,0.564063,00000001,56.4062,X]
[14,F,0.56513,10000000,56.513,X]
[112,F,0.573828,00000010,57.3828,X]
[129,F,0.575781,00000001,57.5781,X]
[130,F,0.577734,00000001,57.7734,X]
[46,F,0.582381,00100000,58.2381,X]
[113,F,0.583594,00000010,58.3594,X]
[61,F,0.589789,00010000,58.9789,X]
[47,F,0.592147,00100000,59.2147,X]
[62,F,0.593695,00010000,59.3695,X]
[63,F,0.596625,00010000,59.6625,X]
[27,F,0.598333,01000000,59.8333,X]
[64,F,0.603461,00010000,60.3461,X]
[94,F,0.605536,00000100,60.5536,X]
[15,F,0.612005,10000000,61.2005,X]
[16,F,0.622747,10000000,62.2747,X]
[80,F,0.639716,00001000,63.9716,X]
[48,F,0.649764,00100000,64.9764,X]
[114,F,0.653906,00000010,65.3906,X]
[17,F,0.659856,10000000,65.9856,X]
[131,F,0.674414,00000001,67.4414,X]
[49,F,0.677108,00100000,67.7108,X]
[132,F,0.685156,00000001,68.5156,X]
[115,F,0.687109,00000010,68.7109,X]
[81,F,0.693427,00001000,69.3427,X]
[133,F,0.700781,00000001,70.0781,X]
[28,F,0.705755,01000000,70.5755,X]
[82,F,0.706122,00001000,70.6122,X]
[95,F,0.708075,00000100,70.8075,X]
[18,F,0.717473,10000000,71.7473,X]
[134,F,0.732031,00000001,73.2031,X]
[135,F,0.733008,00000001,73.3008,X]
[116,F,0.767188,00000010,76.7188,X]
[83,F,0.768622,00001000,76.8622,X]
[29,F,0.769231,01000000,76.9231,X]
[30,F,0.770208,01000000,77.0208,X]
[84,F,0.78913,00001000,78.913,X]
[50,F,0.805037,00100000,80.5037,X]
[85,F,0.806708,00001000,80.6708,X]
[51,F,0.81285,00100000,81.285,X]
[117,F,0.816016,00000010,81.6016,X]
[31,F,0.818059,01000000,81.8059,X]
[32,F,0.822942,01000000,82.2942,X]
[86,F,0.824286,00001000,82.4286,X]
[118,F,0.824805,00000010,82.4805,X]
[119,F,0.825781,00000010,82.5781,X]
[19,F,0.827825,10000000,82.7825,X]
[20,F,0.831731,10000000,83.1731,X]
[120,F,0.83457,00000010,83.457,X]
[33,F,0.84052,01000000,84.052,X]
[21,F,0.84052,10000000,84.052,X]
[65,F,0.854437,00010000,85.4437,X]
[34,F,0.872747,01000000,87.2747,X]
[66,F,0.881781,00010000,88.1781,X]
[87,F,0.88288,00001000,88.288,X]
[35,F,0.894231,01000000,89.4231,X]
[36,F,0.914739,01000000,91.4739,X]
[22,F,0.914739,10000000,91.4739,X]
[52,F,0.923202,00100000,92.3202,X]
[23,F,0.931341,10000000,93.1341,X]
[53,F,0.931991,00100000,93.1991,X]
[136,F,0.937109,00000001,93.7109,X]
[121,F,0.940039,00000010,94.0039,X]
[54,F,0.942733,00100000,94.2733,X]
[137,F,0.945898,00000001,94.5898,X]
[138,F,0.967383,00000001,96.7383,X]
[139,F,0.971289,00000001,97.1289,X]
[24,F,0.975286,10000000,97.5286,X]
[37,F,0.980169,01000000,98.0169,X]
[96,F,0.980536,00000100,98.0536,X]
[38,F,0.988958,01000000,98.8958,X]
[67,F,0.993109,00010000,99.3109,X]
[55,F,0.994491,00100000,99.4491,X]
GUIDE_TREE_PARTITION1=(((((t1:56.28,t2:56.28):9.31,t3:65.59):7.56,t4:73.15):8.6,(t5:65.13,t6:65.13):16.62):18.25,(t7:72.5,t8:72.5):27.5);
