Taxa bit representation:
t1 10000000
t2 01000000
t3 00100000
t4 00010000
t5 00001000
t6 00000100
t7 00000010
t8 00000001
Clade List (<taxon members> = <clade name>): 

>Dataset_0
[0,F,0.0117188,11111110,1.17188,X]
[1,F,0.0410156,11111110,4.10156,X]
[118,F,0.0419922,00000001,4.19922,X]
[119,F,0.0458984,00000001,4.58984,X]
[2,F,0.0498047,11111110,4.98047,X]
[120,F,0.113281,00000001,11.3281,X]
[3,F,0.159359,11111100,15.9359,X]
[4,F,0.177914,11111100,17.7914,X]
[97,F,0.185727,00000010,18.5727,X]
[98,F,0.216,00000010,21.6,X]
[5,F,0.228695,11111100,22.8695,X]
[6,F,0.266255,11111000,26.6255,X]
[75,F,0.272114,00000100,27.2114,X]
[121,F,0.283203,00000001,28.3203,X]
[76,F,0.285786,00000100,28.5786,X]
[122,F,0.296875,00000001,29.6875,X]
[123,F,0.297852,00000001,29.7852,X]
[124,F,0.303711,00000001,30.3711,X]
[99,F,0.308773,00000010,30.8773,X]
[77,F,0.311177,00000100,31.1177,X]
[100,F,0.31268,00000010,31.268,X]
[101,F,0.325375,00000010,32.5375,X]
[78,F,0.381489,00000100,38.1489,X]
[102,F,0.405453,00000010,40.5453,X]
[79,F,0.40688,00000100,40.688,X]
[64,F,0.413731,00001000,41.3731,X]
[103,F,0.426937,00000010,42.6937,X]
[80,F,0.434223,00000100,43.4223,X]
[104,F,0.440609,00000010,44.0609,X]
[65,F,0.441075,00001000,44.1075,X]
[42,F,0.444166,00010000,44.4166,X]
[105,F,0.451352,00000010,45.1352,X]
[81,F,0.483052,00000100,48.3052,X]
[43,F,0.483228,00010000,48.3228,X]
[7,F,0.49003,11000000,49.003,X]
[66,F,0.496739,00001000,49.6739,X]
[125,F,0.505859,00000001,50.5859,X]
[126,F,0.512695,00000001,51.2695,X]
[106,F,0.513852,00000010,51.3852,X]
[44,F,0.516431,00010000,51.6431,X]
[29,F,0.517373,00100000,51.7373,X]
[67,F,0.527012,00001000,52.7013,X]
[127,F,0.529297,00000001,52.9297,X]
[8,F,0.532998,11000000,53.2998,X]
[107,F,0.538266,00000010,53.8266,X]
[128,F,0.561523,00000001,56.1523,X]
[129,F,0.583008,00000001,58.3008,X]
[82,F,0.583638,00000100,58.3638,X]
[30,F,0.58378,00100000,58.378,X]
[108,F,0.586117,00000010,58.6117,X]
[45,F,0.604322,00010000,60.4322,X]
[83,F,0.609028,00000100,60.9028,X]
[68,F,0.609044,00001000,60.9044,X]
[109,F,0.609555,00000010,60.9555,X]
[46,F,0.610181,00010000,61.0181,X]
[110,F,0.632992,00000010,63.2992,X]
[69,F,0.635411,00001000,63.5411,X]
[130,F,0.637695,00000001,63.7695,X]
[31,F,0.642373,00100000,64.2373,X]
[9,F,0.64335,11000000,64.335,X]
[70,F,0.650059,00001000,65.0059,X]
[10,F,0.652139,11000000,65.2139,X]
[84,F,0.652973,00000100,65.2973,X]
[47,F,0.657056,00010000,65.7056,X]
[48,F,0.658033,00010000,65.8033,X]
[11,F,0.675577,11000000,67.5577,X]
[12,F,0.676553,11000000,67.6553,X]
[85,F,0.678364,00000100,67.8364,X]
[13,F,0.679483,11000000,67.9483,X]
[71,F,0.680333,00001000,68.0333,X]
[49,F,0.680494,00010000,68.0494,X]
[111,F,0.68182,00000010,68.182,X]
[32,F,0.693155,00100000,69.3155,X]
[50,F,0.707838,00010000,70.7837,X]
[14,F,0.713662,11000000,71.3662,X]
[51,F,0.716627,00010000,71.6627,X]
[52,F,0.721509,00010000,72.1509,X]
[53,F,0.734205,00010000,73.4205,X]
[15,F,0.7371,11000000,73.71,X]
[86,F,0.740864,00000100,74.0864,X]
[87,F,0.745747,00000100,74.5747,X]
[88,F,0.7477,00000100,74.77,X]
[131,F,0.749023,00000001,74.9023,X]
[89,F,0.756489,00000100,75.6489,X]
[54,F,0.761548,00010000,76.1548,X]
[90,F,0.762348,00000100,76.2348,X]
[33,F,0.76835,00100000,76.835,X]
[55,F,0.779127,00010000,77.9127,X]
[91,F,0.782856,00000100,78.2856,X]
[56,F,0.783033,00010000,78.3033,X]
[57,F,0.784986,00010000,78.4986,X]
[16,F,0.793741,11000000,79.3741,X]
[132,F,0.798828,00000001,79.8828,X]
[17,F,0.801553,11000000,80.1553,X]
[133,F,0.806641,00000001,80.6641,X]
[72,F,0.814122,00001000,81.4122,X]
[73,F,0.821934,00001000,82.1934,X]
[58,F,0.822095,00010000,82.2095,X]
[134,F,0.822266,00000001,82.2266,X]
[92,F,0.829731,00000100,82.9731,X]
[112,F,0.845883,00000010,84.5883,X]
[23,F,0.846792,01000000,84.6792,X]
[18,F,0.858511,10000000,85.8511,X]
[59,F,0.859205,00010000,85.9205,X]
[19,F,0.861441,10000000,86.1441,X]
[60,F,0.870923,00010000,87.0923,X]
[34,F,0.872842,00100000,87.2842,X]
[20,F,0.875112,10000000,87.5112,X]
[113,F,0.877133,00000010,87.7133,X]
[24,F,0.882925,01000000,88.2925,X]
[61,F,0.884595,00010000,88.4595,X]
[25,F,0.890737,01000000,89.0737,X]
[35,F,0.89628,00100000,89.628,X]
[62,F,0.90315,00010000,90.315,X]
[93,F,0.90688,00000100,90.688,X]
[114,F,0.916195,00000010,91.6195,X]
[115,F,0.924008,00000010,92.4008,X]
[63,F,0.927564,00010000,92.7564,X]
[94,F,0.930317,00000100,93.0317,X]
[26,F,0.934683,01000000,93.4683,X]
[36,F,0.941202,00100000,94.1202,X]
[95,F,0.947895,00000100,94.7895,X]
[21,F,0.949331,10000000,94.9331,X]
[27,F,0.951284,01000000,95.1284,X]
[37,F,0.953897,00100000,95.3897,X]
[38,F,0.95585,00100000,95.585,X]
[135,F,0.957031,00000001,95.7031,X]
[39,F,0.964639,00100000,96.4639,X]
[96,F,0.968403,00000100,96.8403,X]
[74,F,0.971348,00001000,97.1348,X]
[40,F,0.971475,00100000,97.1475,X]
[41,F,0.977334,00100000,97.7334,X]
[116,F,0.982602,00000010,98.2602,X]
[28,F,0.98937,01000000,98.937,X]
[117,F,0.991391,00000010,99.1391,X]
[22,F,0.993277,10000000,99.3277,X]
[136,F,0.999023,00000001,99.9023,X]
GUIDE_TREE_PARTITION1=(((((((t1:19.52,t2:19.52):31.77,t3:51.29):5.27,t4:56.56):10.27,t5:66.83):8.4,t6:75.23):9.42,t7:84.65):15.35,t8:100);
