Taxa bit representation:
t1 10000000
t2 01000000
t3 00100000
t4 00010000
t5 00001000
t6 00000100
t7 00000010
t8 00000001
Clade List (<taxon members> = <clade name>): 

>Dataset_0
[0,F,0.0566406,11111100,5.66406,X]
[1,F,0.0585938,11111100,5.85938,X]
[18,F,0.141602,00000011,14.1602,X]
[2,F,0.151367,11111100,15.1367,X]
[3,F,0.232422,11111100,23.2422,X]
[19,F,0.291992,00000011,29.1992,X]
[4,F,0.304688,11111100,30.4688,X]
[20,F,0.389648,00000011,38.9648,X]
[5,F,0.423828,11111100,42.3828,X]
[6,F,0.428711,11111100,42.8711,X]
[7,F,0.441406,11111100,44.1406,X]
[8,F,0.458008,11111100,45.8008,X]
[21,F,0.473633,00000011,47.3633,X]
[9,F,0.487305,11111100,48.7305,X]
[22,F,0.49707,00000011,49.707,X]
[10,F,0.526367,11111100,52.6367,X]
[23,F,0.530273,00000011,53.0273,X]
[11,F,0.59082,11111100,59.082,X]
[12,F,0.679688,11111100,67.9688,X]
[13,F,0.71875,11111100,71.875,X]
[24,F,0.859375,00000011,85.9375,X]
[25,F,0.875977,00000011,87.5977,X]
[16,F,0.935231,00010000,93.5231,X]
[14,F,0.948669,11000000,94.8669,X]
[17,F,0.97385,00001000,97.385,X]
[15,F,0.982848,00100000,98.2848,X]
GUIDE_TREE_PARTITION1=(((((t1:0.33,t2:0.33):15.35,t3:15.68):5.25,t4:20.93):2.93,(t5:5.74,t6:5.74):18.12):76.14,(t7:2.43,t8:2.43):97.57);
