Taxa bit representation:
t1 10000000
t2 01000000
t3 00100000
t4 00010000
t5 00001000
t6 00000100
t7 00000010
t8 00000001
Clade List (<taxon members> = <clade name>): 

>Dataset_0
[14,F,0.0400391,00000001,4.00391,X]
[0,F,0.164062,11111110,16.4062,X]
[1,F,0.344228,11111100,34.4228,X]
[9,F,0.465484,00000100,46.5484,X]
[2,F,0.468414,11111000,46.8414,X]
[3,F,0.524078,11111000,52.4078,X]
[11,F,0.562002,00000010,56.2002,X]
[12,F,0.6079,00000010,60.79,X]
[10,F,0.633453,00000100,63.3453,X]
[7,F,0.803558,00001000,80.3558,X]
[13,F,0.810048,00000010,81.0048,X]
[5,F,0.870678,00100000,87.0678,X]
[8,F,0.870941,00001000,87.0941,X]
[4,F,0.887737,01000000,88.7737,X]
[15,F,0.888672,00000001,88.8672,X]
[16,F,0.908203,00000001,90.8203,X]
[6,F,0.934472,00010000,93.4472,X]
GUIDE_TREE_PARTITION1=(((((((t1:13.57,t2:13.57):1.12,t3:14.69):5.73,t4:20.42):23.15,t5:43.57):12.03,t6:55.6):27.36,t7:82.96):17.04,t8:100);
