Taxa bit representation:
t1 10000000
t2 01000000
t3 00100000
t4 00010000
t5 00001000
t6 00000100
t7 00000010
t8 00000001
Clade List (<taxon members> = <clade name>): 

>Dataset_0
[23,F,0.0740516,00000010,7.40516,X]
[24,F,0.0867469,00000010,8.67469,X]
[25,F,0.0965125,00000010,9.65125,X]
[26,F,0.336747,00000010,33.6747,X]
[27,F,0.371903,00000010,37.1903,X]
[28,F,0.376786,00000010,37.6786,X]
[29,F,0.395341,00000010,39.5341,X]
[30,F,0.436356,00000010,43.6356,X]
[36,F,0.495927,00000001,49.5927,X]
[0,F,0.517191,11110000,51.7191,X]
[13,F,0.523713,00001000,52.3713,X]
[19,F,0.541291,00000100,54.1291,X]
[31,F,0.552567,00000010,55.2567,X]
[1,F,0.556253,11110000,55.6253,X]
[32,F,0.563309,00000010,56.3309,X]
[20,F,0.597931,00000100,59.7931,X]
[37,F,0.620927,00000001,62.0927,X]
[38,F,0.639481,00000001,63.9481,X]
[39,F,0.656083,00000001,65.6083,X]
[14,F,0.660431,00001000,66.0431,X]
[21,F,0.664338,00000100,66.4338,X]
[7,F,0.692638,00010000,69.2638,X]
[15,F,0.722931,00001000,72.2931,X]
[2,F,0.732189,11000000,73.2189,X]
[16,F,0.740509,00001000,74.0509,X]
[22,F,0.744416,00000100,74.4416,X]
[33,F,0.775223,00000010,77.5223,X]
[34,F,0.794755,00000010,79.4755,X]
[8,F,0.801036,00010000,80.1036,X]
[3,F,0.840588,11000000,84.0588,X]
[9,F,0.85963,00010000,85.963,X]
[17,F,0.85965,00001000,85.965,X]
[10,F,0.864513,00010000,86.4513,X]
[11,F,0.866466,00010000,86.6466,X]
[4,F,0.873791,11000000,87.3791,X]
[12,F,0.900645,00010000,90.0645,X]
[5,F,0.905853,10000000,90.5853,X]
[35,F,0.918778,00000010,91.8778,X]
[18,F,0.944611,00001000,94.4611,X]
[40,F,0.971513,00000001,97.1513,X]
[6,F,0.981213,00100000,98.1213,X]
[41,F,0.982255,00000001,98.2255,X]
GUIDE_TREE_PARTITION1=(((((t1:9.61,t2:9.61):24.3,t3:33.91):5.42,t4:39.33):23.99,(t5:60.91,t6:60.91):2.41):36.68,(t7:97.38,t8:97.38):2.62);
