Taxa bit representation:
t1 10000000
t2 01000000
t3 00100000
t4 00010000
t5 00001000
t6 00000100
t7 00000010
t8 00000001
Clade List (<taxon members> = <clade name>): 

>Dataset_0
[0,F,0.0078125,11111100,0.78125,X]
[1,F,0.0214844,11111100,2.14844,X]
[93,F,0.0517578,00000011,5.17578,X]
[94,F,0.0537109,00000011,5.37109,X]
[2,F,0.0683594,11111100,6.83594,X]
[95,F,0.0869141,00000011,8.69141,X]
[52,F,0.107197,00001100,10.7197,X]
[53,F,0.125752,00001100,12.5752,X]
[3,F,0.135517,11110000,13.5517,X]
[54,F,0.145283,00001100,14.5283,X]
[4,F,0.151142,11110000,15.1142,X]
[55,F,0.153095,00001100,15.3095,X]
[56,F,0.180439,00001100,18.0439,X]
[96,F,0.191406,00000011,19.1406,X]
[57,F,0.206806,00001100,20.6806,X]
[58,F,0.215595,00001100,21.5595,X]
[59,F,0.217548,00001100,21.7548,X]
[97,F,0.231445,00000011,23.1445,X]
[98,F,0.236328,00000011,23.6328,X]
[60,F,0.241962,00001100,24.1962,X]
[99,F,0.245117,00000011,24.5117,X]
[5,F,0.267353,11110000,26.7353,X]
[100,F,0.270508,00000011,27.0508,X]
[6,F,0.274189,11110000,27.4189,X]
[101,F,0.277344,00000011,27.7344,X]
[61,F,0.280048,00001100,28.0048,X]
[7,F,0.306416,11110000,30.6416,X]
[62,F,0.314228,00001100,31.4228,X]
[102,F,0.332031,00000011,33.2031,X]
[103,F,0.333984,00000011,33.3984,X]
[104,F,0.334961,00000011,33.4961,X]
[63,F,0.336689,00001100,33.6689,X]
[8,F,0.36208,11110000,36.208,X]
[105,F,0.371094,00000011,37.1094,X]
[9,F,0.379658,11110000,37.9658,X]
[106,F,0.379883,00000011,37.9883,X]
[10,F,0.394306,11110000,39.4306,X]
[107,F,0.402344,00000011,40.2344,X]
[108,F,0.40918,00000011,40.918,X]
[11,F,0.416767,11110000,41.6767,X]
[64,F,0.420673,00001100,42.0673,X]
[109,F,0.452148,00000011,45.2148,X]
[65,F,0.4529,00001100,45.29,X]
[110,F,0.462891,00000011,46.2891,X]
[12,F,0.469502,11110000,46.9502,X]
[13,F,0.482197,11110000,48.2197,X]
[14,F,0.48708,11110000,48.708,X]
[111,F,0.487305,00000011,48.7305,X]
[112,F,0.499023,00000011,49.9023,X]
[66,F,0.507587,00001100,50.7587,X]
[67,F,0.520283,00001100,52.0283,X]
[68,F,0.526142,00001100,52.6142,X]
[15,F,0.532978,11110000,53.2978,X]
[113,F,0.546875,00000011,54.6875,X]
[69,F,0.564228,00001100,56.4228,X]
[16,F,0.572041,11110000,57.2041,X]
[42,F,0.581859,00010000,58.1859,X]
[70,F,0.584736,00001100,58.4736,X]
[114,F,0.587891,00000011,58.7891,X]
[115,F,0.601562,00000011,60.1562,X]
[71,F,0.605244,00001100,60.5244,X]
[43,F,0.636547,00010000,63.6547,X]
[116,F,0.651367,00000011,65.1367,X]
[30,F,0.653039,00100000,65.3039,X]
[72,F,0.659931,00001100,65.9931,X]
[31,F,0.669641,00100000,66.9641,X]
[44,F,0.671703,00010000,67.1703,X]
[32,F,0.67257,00100000,67.257,X]
[33,F,0.6755,00100000,67.55,X]
[45,F,0.676586,00010000,67.6586,X]
[73,F,0.687275,00001100,68.7275,X]
[74,F,0.697041,00001100,69.7041,X]
[117,F,0.699219,00000011,69.9219,X]
[46,F,0.709789,00010000,70.9789,X]
[47,F,0.710766,00010000,71.0766,X]
[34,F,0.716516,00100000,71.6516,X]
[17,F,0.718469,11000000,71.8469,X]
[48,F,0.720531,00010000,72.0531,X]
[118,F,0.726562,00000011,72.6562,X]
[119,F,0.728516,00000011,72.8516,X]
[22,F,0.759531,01000000,75.9531,X]
[75,F,0.761494,00001100,76.1494,X]
[18,F,0.76832,10000000,76.832,X]
[35,F,0.778039,00100000,77.8039,X]
[36,F,0.789758,00100000,78.9758,X]
[49,F,0.795727,00010000,79.5727,X]
[76,F,0.801533,00001100,80.1533,X]
[19,F,0.803477,10000000,80.3477,X]
[77,F,0.805439,00001100,80.5439,X]
[50,F,0.807445,00010000,80.7445,X]
[78,F,0.811298,00001100,81.1298,X]
[23,F,0.812266,01000000,81.2266,X]
[24,F,0.820078,01000000,82.0078,X]
[20,F,0.823984,10000000,82.3984,X]
[129,F,0.825836,00000001,82.5836,X]
[79,F,0.825947,00001100,82.5947,X]
[80,F,0.826923,00001100,82.6923,X]
[51,F,0.836742,00010000,83.6742,X]
[81,F,0.839619,00001100,83.9619,X]
[130,F,0.843414,00000001,84.3414,X]
[120,F,0.845367,00000010,84.5367,X]
[37,F,0.856164,00100000,85.6164,X]
[25,F,0.858164,01000000,85.8164,X]
[26,F,0.86207,01000000,86.207,X]
[82,F,0.87213,00001000,87.213,X]
[131,F,0.875641,00000001,87.5641,X]
[83,F,0.876036,00001000,87.6036,X]
[87,F,0.883848,00000100,88.3848,X]
[132,F,0.885406,00000001,88.5406,X]
[88,F,0.887755,00000100,88.7755,X]
[121,F,0.892242,00000010,89.2242,X]
[133,F,0.901031,00000001,90.1031,X]
[122,F,0.902008,00000010,90.2008,X]
[134,F,0.902008,00000001,90.2008,X]
[123,F,0.91275,00000010,91.275,X]
[27,F,0.912852,01000000,91.2852,X]
[124,F,0.918609,00000010,91.8609,X]
[89,F,0.926817,00000100,92.6817,X]
[38,F,0.92843,00100000,92.843,X]
[84,F,0.92877,00001000,92.877,X]
[135,F,0.934234,00000001,93.4234,X]
[125,F,0.942047,00000010,94.2047,X]
[85,F,0.944395,00001000,94.4395,X]
[126,F,0.944977,00000010,94.4977,X]
[127,F,0.945953,00000010,94.5953,X]
[128,F,0.961578,00000010,96.1578,X]
[86,F,0.963927,00001000,96.3927,X]
[90,F,0.964903,00000100,96.4903,X]
[39,F,0.970422,00100000,97.0422,X]
[28,F,0.981211,01000000,98.1211,X]
[29,F,0.983164,01000000,98.3164,X]
[21,F,0.988047,10000000,98.8047,X]
[40,F,0.992883,00100000,99.2883,X]
[91,F,0.9942,00000100,99.42,X]
[92,F,0.998106,00000100,99.8106,X]
[41,F,0.998742,00100000,99.8742,X]
GUIDE_TREE_PARTITION1=(((((t1:26,t2:26):12.7,t3:38.7):3.7,t4:42.4):49.81,(t5:13.08,t6:13.08):79.13):7.79,(t7:18.1,t8:18.1):81.9);
