Taxa bit representation:
t1 10000000
t2 01000000
t3 00100000
t4 00010000
t5 00001000
t6 00000100
t7 00000010
t8 00000001
Clade List (<taxon members> = <clade name>): 

>Dataset_0
[0,F,0.0361328,11111100,3.61328,X]
[25,F,0.101562,00000011,10.1562,X]
[1,F,0.113281,11111100,11.3281,X]
[2,F,0.150391,11111100,15.0391,X]
[3,F,0.151367,11111100,15.1367,X]
[4,F,0.171875,11111100,17.1875,X]
[26,F,0.21582,00000011,21.582,X]
[5,F,0.286133,11111100,28.6133,X]
[27,F,0.314442,00000010,31.4442,X]
[39,F,0.36327,00000001,36.327,X]
[28,F,0.365223,00000010,36.5223,X]
[29,F,0.36913,00000010,36.913,X]
[40,F,0.382802,00000001,38.2802,X]
[30,F,0.389638,00000010,38.9638,X]
[41,F,0.464833,00000001,46.4833,X]
[42,F,0.544911,00000001,54.4911,X]
[6,F,0.613008,11000000,61.3008,X]
[31,F,0.639638,00000010,63.9638,X]
[23,F,0.639853,00000100,63.9853,X]
[17,F,0.663291,00001000,66.3291,X]
[18,F,0.66622,00001000,66.622,X]
[10,F,0.693086,00100000,69.3086,X]
[24,F,0.694541,00000100,69.4541,X]
[32,F,0.701161,00000010,70.1161,X]
[33,F,0.70702,00000010,70.702,X]
[34,F,0.714833,00000010,71.4833,X]
[11,F,0.738008,00100000,73.8008,X]
[7,F,0.744844,11000000,74.4844,X]
[12,F,0.74582,00100000,74.582,X]
[35,F,0.766591,00000010,76.6591,X]
[13,F,0.767305,00100000,76.7305,X]
[43,F,0.770497,00000001,77.0497,X]
[14,F,0.822969,00100000,82.2969,X]
[36,F,0.842763,00000010,84.2763,X]
[37,F,0.846669,00000010,84.6669,X]
[15,F,0.861442,00010000,86.1442,X]
[9,F,0.873566,01000000,87.3566,X]
[44,F,0.905263,00000001,90.5263,X]
[45,F,0.927723,00000001,92.7723,X]
[16,F,0.945427,00010000,94.5427,X]
[38,F,0.946278,00000010,94.6278,X]
[19,F,0.948447,00001000,94.8447,X]
[20,F,0.957236,00001000,95.7236,X]
[8,F,0.961456,10000000,96.1456,X]
[21,F,0.962119,00001000,96.2119,X]
[22,F,0.968955,00001000,96.8955,X]
GUIDE_TREE_PARTITION1=(((((t1:13.62,t2:13.62):27.13,t3:40.75):5.43,t4:46.18):7.34,(t5:36.21,t6:36.21):17.31):46.48,(t7:69.63,t8:69.63):30.37);
