Taxa bit representation:
t1 10000000
t2 01000000
t3 00100000
t4 00010000
t5 00001000
t6 00000100
t7 00000010
t8 00000001
Clade List (<taxon members> = <clade name>): 

>Dataset_0
[61,F,0.0253906,00000011,2.53906,X]
[0,F,0.0263672,11111100,2.63672,X]
[1,F,0.0361328,11111100,3.61328,X]
[62,F,0.0400391,00000011,4.00391,X]
[2,F,0.0806688,11110000,8.06688,X]
[3,F,0.0835984,11110000,8.35984,X]
[63,F,0.0878906,00000011,8.78906,X]
[34,F,0.107036,00001100,10.7036,X]
[64,F,0.109375,00000011,10.9375,X]
[65,F,0.110352,00000011,11.0352,X]
[35,F,0.111919,00001100,11.1919,X]
[4,F,0.116802,11110000,11.6802,X]
[5,F,0.141216,11110000,14.1216,X]
[66,F,0.141602,00000011,14.1602,X]
[36,F,0.143169,00001100,14.3169,X]
[67,F,0.149414,00000011,14.9414,X]
[6,F,0.160747,11110000,16.0747,X]
[7,F,0.163677,11110000,16.3677,X]
[8,F,0.19102,11110000,19.102,X]
[37,F,0.205669,00001100,20.5669,X]
[68,F,0.259766,00000011,25.9766,X]
[38,F,0.261333,00001100,26.1333,X]
[9,F,0.28477,11110000,28.477,X]
[39,F,0.289653,00001100,28.9653,X]
[69,F,0.311523,00000011,31.1523,X]
[70,F,0.313477,00000011,31.3477,X]
[71,F,0.318359,00000011,31.8359,X]
[40,F,0.320903,00001100,32.0903,X]
[72,F,0.34082,00000011,34.082,X]
[10,F,0.349223,11110000,34.9223,X]
[73,F,0.358398,00000011,35.8398,X]
[74,F,0.380859,00000011,38.0859,X]
[75,F,0.393555,00000011,39.3555,X]
[41,F,0.4127,00001100,41.27,X]
[42,F,0.447856,00001100,44.7856,X]
[76,F,0.485352,00000011,48.5352,X]
[43,F,0.489848,00001100,48.9848,X]
[77,F,0.495117,00000011,49.5117,X]
[11,F,0.495708,11110000,49.5708,X]
[44,F,0.501567,00001100,50.1567,X]
[52,F,0.517077,00000100,51.7077,X]
[12,F,0.529887,11110000,52.9887,X]
[78,F,0.544922,00000011,54.4922,X]
[45,F,0.569811,00001000,56.9811,X]
[13,F,0.626567,11110000,62.6567,X]
[79,F,0.642578,00000011,64.2578,X]
[80,F,0.663086,00000011,66.3086,X]
[14,F,0.677348,11110000,67.7348,X]
[53,F,0.679186,00000100,67.9186,X]
[23,F,0.693753,00010000,69.3753,X]
[46,F,0.7036,00001000,70.36,X]
[15,F,0.704495,11100000,70.4495,X]
[24,F,0.714261,00010000,71.4261,X]
[25,F,0.72012,00010000,72.012,X]
[26,F,0.724027,00010000,72.4027,X]
[81,F,0.725586,00000011,72.5586,X]
[82,F,0.749023,00000011,74.9023,X]
[83,F,0.755859,00000011,75.5859,X]
[27,F,0.758206,00010000,75.8206,X]
[54,F,0.764147,00000100,76.4147,X]
[16,F,0.767972,11100000,76.7972,X]
[28,F,0.776761,00010000,77.6761,X]
[55,F,0.839342,00000100,83.9342,X]
[84,F,0.839844,00000011,83.9844,X]
[20,F,0.845511,00100000,84.5511,X]
[47,F,0.848131,00001000,84.8131,X]
[29,F,0.854886,00010000,85.4886,X]
[17,F,0.858206,11000000,85.8206,X]
[18,F,0.862112,11000000,86.2112,X]
[30,F,0.867581,00010000,86.7581,X]
[85,F,0.880859,00000011,88.0859,X]
[21,F,0.88262,00100000,88.262,X]
[22,F,0.884573,00100000,88.4573,X]
[56,F,0.897936,00000100,89.7936,X]
[57,F,0.909655,00000100,90.9655,X]
[58,F,0.917467,00000100,91.7467,X]
[86,F,0.928711,00000011,92.8711,X]
[31,F,0.929105,00010000,92.9105,X]
[48,F,0.941881,00001000,94.1881,X]
[59,F,0.949694,00000100,94.9694,X]
[19,F,0.950003,11000000,95.0003,X]
[32,F,0.950589,00010000,95.0589,X]
[60,F,0.954577,00000100,95.4577,X]
[87,F,0.959855,00000010,95.9855,X]
[49,F,0.960436,00001000,96.0436,X]
[88,F,0.966691,00000010,96.6691,X]
[50,F,0.98192,00001000,98.192,X]
[33,F,0.990628,00010000,99.0628,X]
[51,F,0.992663,00001000,99.2662,X]
GUIDE_TREE_PARTITION1=(((((t1:0.79,t2:0.79):20.03,t3:20.82):10,t4:30.82):65.41,(t5:48.39,t6:48.39):47.84):3.77,(t7:5.87,t8:5.87):94.13);
