Taxa bit representation:
t1 10000000
t2 01000000
t3 00100000
t4 00010000
t5 00001000
t6 00000100
t7 00000010
t8 00000001
Clade List (<taxon members> = <clade name>): 

>Dataset_0
[0,F,0.00390625,11111110,0.390625,X]
[1,F,0.0166016,11111110,1.66016,X]
[131,F,0.0253906,00000001,2.53906,X]
[2,F,0.0644531,11111110,6.44531,X]
[3,F,0.0703125,11111110,7.03125,X]
[4,F,0.0732422,11111110,7.32422,X]
[132,F,0.0800781,00000001,8.00781,X]
[5,F,0.124072,11111100,12.4072,X]
[133,F,0.125,00000001,12.5,X]
[108,F,0.150439,00000010,15.0439,X]
[134,F,0.152344,00000001,15.2344,X]
[109,F,0.174853,00000010,17.4853,X]
[110,F,0.176806,00000010,17.6806,X]
[85,F,0.180267,00000100,18.0267,X]
[86,F,0.210541,00000100,21.0541,X]
[6,F,0.2164,11111000,21.64,X]
[7,F,0.230072,11111000,23.0072,X]
[135,F,0.255859,00000001,25.5859,X]
[8,F,0.266436,11110000,26.6436,X]
[9,F,0.269366,11110000,26.9366,X]
[63,F,0.283037,00001000,28.3037,X]
[136,F,0.285156,00000001,28.5156,X]
[111,F,0.288134,00000010,28.8134,X]
[112,F,0.290087,00000010,29.0087,X]
[64,F,0.294756,00001000,29.4756,X]
[10,F,0.311358,11110000,31.1358,X]
[113,F,0.318408,00000010,31.8408,X]
[87,F,0.319916,00000100,31.9916,X]
[137,F,0.322266,00000001,32.2266,X]
[138,F,0.327148,00000001,32.7148,X]
[114,F,0.350634,00000010,35.0634,X]
[88,F,0.363861,00000100,36.3861,X]
[115,F,0.373095,00000010,37.3095,X]
[116,F,0.374072,00000010,37.4072,X]
[89,F,0.378509,00000100,37.8509,X]
[11,F,0.38167,11110000,38.167,X]
[65,F,0.3846,00001000,38.46,X]
[90,F,0.386322,00000100,38.6322,X]
[12,F,0.390459,11110000,39.0459,X]
[91,F,0.396087,00000100,39.6088,X]
[13,F,0.41292,11110000,41.292,X]
[14,F,0.413897,11110000,41.3897,X]
[66,F,0.422686,00001000,42.2686,X]
[92,F,0.440033,00000100,44.0033,X]
[67,F,0.443194,00001000,44.3194,X]
[117,F,0.45122,00000010,45.122,X]
[118,F,0.455127,00000010,45.5127,X]
[93,F,0.465423,00000100,46.5423,X]
[119,F,0.473681,00000010,47.3681,X]
[15,F,0.477373,11110000,47.7373,X]
[68,F,0.479327,00001000,47.9327,X]
[16,F,0.484209,11110000,48.4209,X]
[94,F,0.491791,00000100,49.1791,X]
[69,F,0.492998,00001000,49.2998,X]
[49,F,0.493383,00010000,49.3383,X]
[70,F,0.497881,00001000,49.7881,X]
[71,F,0.516436,00001000,51.6436,X]
[17,F,0.51682,11100000,51.682,X]
[18,F,0.52268,11100000,52.268,X]
[139,F,0.524414,00000001,52.4414,X]
[36,F,0.551225,00100000,55.1225,X]
[72,F,0.554522,00001000,55.4522,X]
[50,F,0.556859,00010000,55.6859,X]
[140,F,0.578125,00000001,57.8125,X]
[95,F,0.580658,00000100,58.0658,X]
[37,F,0.585405,00100000,58.5405,X]
[19,F,0.589852,10000000,58.9852,X]
[73,F,0.593584,00001000,59.3584,X]
[141,F,0.594727,00000001,59.4727,X]
[120,F,0.595752,00000010,59.5752,X]
[96,F,0.596283,00000100,59.6283,X]
[121,F,0.60747,00000010,60.747,X]
[51,F,0.611547,00010000,61.1547,X]
[97,F,0.617767,00000100,61.7767,X]
[24,F,0.628914,01000000,62.8914,X]
[98,F,0.629486,00000100,62.9486,X]
[52,F,0.632055,00010000,63.2055,X]
[25,F,0.63282,01000000,63.282,X]
[20,F,0.636727,10000000,63.6727,X]
[53,F,0.642797,00010000,64.2797,X]
[142,F,0.645508,00000001,64.5508,X]
[26,F,0.646492,01000000,64.6492,X]
[74,F,0.652178,00001000,65.2178,X]
[27,F,0.654305,01000000,65.4305,X]
[99,F,0.65683,00000100,65.683,X]
[75,F,0.663897,00001000,66.3897,X]
[143,F,0.668945,00000001,66.8945,X]
[76,F,0.669756,00001000,66.9756,X]
[144,F,0.672852,00000001,67.2852,X]
[54,F,0.679906,00010000,67.9906,X]
[38,F,0.680131,00100000,68.0131,X]
[145,F,0.696289,00000001,69.6289,X]
[28,F,0.697273,01000000,69.7273,X]
[39,F,0.697709,00100000,69.7709,X]
[77,F,0.712725,00001000,71.2725,X]
[40,F,0.7231,00100000,72.31,X]
[146,F,0.726562,00000001,72.6562,X]
[147,F,0.732422,00000001,73.2422,X]
[100,F,0.737884,00000100,73.7884,X]
[55,F,0.746312,00010000,74.6312,X]
[101,F,0.754486,00000100,75.4486,X]
[21,F,0.755867,10000000,75.5867,X]
[41,F,0.758256,00100000,75.8256,X]
[148,F,0.758789,00000001,75.8789,X]
[149,F,0.764648,00000001,76.4648,X]
[122,F,0.765673,00000010,76.5673,X]
[29,F,0.769539,01000000,76.9539,X]
[42,F,0.771928,00100000,77.1928,X]
[123,F,0.780322,00000010,78.0322,X]
[78,F,0.784014,00001000,78.4014,X]
[56,F,0.789281,00010000,78.9281,X]
[124,F,0.790088,00000010,79.0088,X]
[79,F,0.792803,00001000,79.2803,X]
[43,F,0.794389,00100000,79.4389,X]
[44,F,0.797319,00100000,79.7319,X]
[57,F,0.80393,00010000,80.393,X]
[150,F,0.824219,00000001,82.4219,X]
[151,F,0.825195,00000001,82.5195,X]
[152,F,0.826172,00000001,82.6172,X]
[102,F,0.827728,00000100,82.7728,X]
[153,F,0.828125,00000001,82.8125,X]
[103,F,0.853119,00000100,85.3119,X]
[80,F,0.860186,00001000,86.0186,X]
[30,F,0.860359,01000000,86.0359,X]
[58,F,0.864477,00010000,86.4477,X]
[125,F,0.868213,00000010,86.8213,X]
[154,F,0.87207,00000001,87.207,X]
[45,F,0.874467,00100000,87.4467,X]
[59,F,0.881078,00010000,88.1078,X]
[81,F,0.88167,00001000,88.167,X]
[31,F,0.887703,01000000,88.7703,X]
[82,F,0.888506,00001000,88.8506,X]
[83,F,0.890459,00001000,89.0459,X]
[60,F,0.890844,00010000,89.0844,X]
[126,F,0.89165,00000010,89.165,X]
[104,F,0.897064,00000100,89.7064,X]
[105,F,0.899017,00000100,89.9017,X]
[127,F,0.906298,00000010,90.6298,X]
[61,F,0.907445,00010000,90.7445,X]
[32,F,0.912117,01000000,91.2117,X]
[106,F,0.917572,00000100,91.7572,X]
[46,F,0.923295,00100000,92.3295,X]
[22,F,0.926766,10000000,92.6766,X]
[155,F,0.929688,00000001,92.9688,X]
[128,F,0.930713,00000010,93.0713,X]
[107,F,0.941986,00000100,94.1986,X]
[47,F,0.949662,00100000,94.9663,X]
[62,F,0.956273,00010000,95.6273,X]
[23,F,0.969734,10000000,96.9734,X]
[33,F,0.971687,01000000,97.1687,X]
[84,F,0.977373,00001000,97.7373,X]
[129,F,0.979541,00000010,97.9541,X]
[34,F,0.983406,01000000,98.3406,X]
[130,F,0.984423,00000010,98.4423,X]
[35,F,0.996102,01000000,99.6102,X]
[48,F,0.998491,00100000,99.8491,X]
GUIDE_TREE_PARTITION1=(((((((t1:45.8,t2:45.8):0.64,t3:46.44):4.71,t4:51.15):22.89,t5:74.04):10.57,t6:84.61):4.35,t7:88.96):11.04,t8:100);
