Taxa bit representation:
t1 10000000
t2 01000000
t3 00100000
t4 00010000
t5 00001000
t6 00000100
t7 00000010
t8 00000001
Clade List (<taxon members> = <clade name>): 

>Dataset_0
[34,F,0.00292969,00000001,0.292969,X]
[0,F,0.0800781,11111110,8.00781,X]
[1,F,0.0859375,11111110,8.59375,X]
[35,F,0.121094,00000001,12.1094,X]
[26,F,0.153789,00000010,15.3789,X]
[2,F,0.158672,11111100,15.8672,X]
[27,F,0.190898,00000010,19.0898,X]
[3,F,0.220195,11111100,22.0195,X]
[18,F,0.420933,00000100,42.0933,X]
[4,F,0.437534,11111000,43.7534,X]
[28,F,0.467266,00000010,46.7266,X]
[29,F,0.474102,00000010,47.4102,X]
[5,F,0.505894,11111000,50.5894,X]
[6,F,0.50687,11111000,50.687,X]
[36,F,0.521484,00000001,52.1484,X]
[7,F,0.559605,11111000,55.9605,X]
[37,F,0.577148,00000001,57.7148,X]
[8,F,0.584019,11111000,58.4019,X]
[9,F,0.592808,11111000,59.2808,X]
[30,F,0.619609,00000010,61.9609,X]
[38,F,0.654297,00000001,65.4297,X]
[19,F,0.662144,00000100,66.2144,X]
[20,F,0.676792,00000100,67.6792,X]
[10,F,0.707066,11111000,70.7066,X]
[31,F,0.718242,00000010,71.8242,X]
[21,F,0.723667,00000100,72.3667,X]
[17,F,0.749614,00001000,74.9614,X]
[22,F,0.755894,00000100,75.5894,X]
[32,F,0.764141,00000010,76.4141,X]
[23,F,0.783238,00000100,78.3238,X]
[15,F,0.787311,00010000,78.7311,X]
[24,F,0.789097,00000100,78.9097,X]
[25,F,0.847691,00000100,84.7691,X]
[11,F,0.851058,00100000,85.1058,X]
[33,F,0.854961,00000010,85.4961,X]
[12,F,0.883284,00100000,88.3284,X]
[16,F,0.895709,00010000,89.5709,X]
[39,F,0.90918,00000001,90.918,X]
[13,F,0.932113,00100000,93.2113,X]
[14,F,0.936995,00100000,93.6995,X]
GUIDE_TREE_PARTITION1=(((((((t1:1.42,t2:1.42):18.65,t3:20.07):6.57,t4:26.64):0.84,t5:27.48):46.54,t6:74.02):11.48,t7:85.5):14.5,t8:100);
