Taxa bit representation:
t1 10000000
t2 01000000
t3 00100000
t4 00010000
t5 00001000
t6 00000100
t7 00000010
t8 00000001
Clade List (<taxon members> = <clade name>): 

>Dataset_0
[0,F,0.0361328,11111110,3.61328,X]
[1,F,0.101562,11111110,10.1562,X]
[2,F,0.556564,11111100,55.6564,X]
[3,F,0.804741,11000000,80.4741,X]
[8,F,0.819259,00000010,81.9259,X]
[9,F,0.830002,00000010,83.0002,X]
[7,F,0.86717,00000100,86.717,X]
[5,F,0.880912,00100000,88.0913,X]
[6,F,0.942288,00001000,94.2288,X]
[4,F,0.961114,10000000,96.1114,X]
[10,F,0.993164,00000001,99.3164,X]
GUIDE_TREE_PARTITION1=(((((((t1:6.33,t2:6.33):18.86,t3:25.19):4.7,t4:29.89):6.35,t5:36.24):8,t6:44.24):11.92,t7:56.16):43.84,t8:100);
