Taxa bit representation:
t1 10000000
t2 01000000
t3 00100000
t4 00010000
t5 00001000
t6 00000100
t7 00000010
t8 00000001
Clade List (<taxon members> = <clade name>): 

>Dataset_0
[5,F,0.145577,00001100,14.5577,X]
[6,F,0.169991,00001100,16.9991,X]
[7,F,0.400942,00001000,40.0942,X]
[11,F,0.502505,00000100,50.2505,X]
[8,F,0.528872,00001000,52.8872,X]
[9,F,0.534731,00001000,53.4731,X]
[13,F,0.561523,00000011,56.1523,X]
[10,F,0.61188,00001000,61.188,X]
[3,F,0.650256,00100000,65.0256,X]
[4,F,0.669787,00100000,66.9787,X]
[0,F,0.739175,01000000,73.9175,X]
[1,F,0.767495,01000000,76.7495,X]
[12,F,0.938052,00000100,93.8052,X]
[2,F,0.957925,01000000,95.7925,X]
GUIDE_TREE_PARTITION1=(((((t1:30.77,t2:30.77):13.97,t3:44.74):4.16,t4:48.9):42.89,(t5:60.98,t6:60.98):30.81):8.21,(t7:18.07,t8:18.07):81.93);
