Taxa bit representation:
t1 10000000
t2 01000000
t3 00100000
t4 00010000
t5 00001000
t6 00000100
t7 00000010
t8 00000001
Clade List (<taxon members> = <clade name>): 

>Dataset_0
[0,F,0.00292969,11111110,0.292969,X]
[36,F,0.0408766,00000010,4.08766,X]
[1,F,0.0418531,11111100,4.18531,X]
[37,F,0.106306,00000010,10.6306,X]
[46,F,0.126953,00000001,12.6953,X]
[38,F,0.200056,00000010,20.0056,X]
[30,F,0.200934,00000100,20.0934,X]
[47,F,0.206055,00000001,20.6055,X]
[39,F,0.238142,00000010,23.8142,X]
[48,F,0.243164,00000001,24.3164,X]
[40,F,0.259627,00000010,25.9627,X]
[19,F,0.272698,00001000,27.2698,X]
[20,F,0.279534,00001000,27.9534,X]
[2,F,0.288323,11110000,28.8323,X]
[49,F,0.290039,00000001,29.0039,X]
[3,F,0.322503,11110000,32.2503,X]
[41,F,0.332869,00000010,33.2869,X]
[21,F,0.334222,00001000,33.4222,X]
[22,F,0.34887,00001000,34.887,X]
[31,F,0.362067,00000100,36.2067,X]
[50,F,0.386719,00000001,38.6719,X]
[51,F,0.43457,00000001,43.457,X]
[4,F,0.434808,11110000,43.4808,X]
[42,F,0.461775,00000010,46.1775,X]
[32,F,0.469489,00000100,46.9489,X]
[5,F,0.493002,11100000,49.3002,X]
[23,F,0.520745,00001000,52.0745,X]
[6,F,0.530111,11100000,53.0111,X]
[52,F,0.537109,00000001,53.7109,X]
[7,F,0.572103,11100000,57.2103,X]
[53,F,0.584961,00000001,58.4961,X]
[24,F,0.591058,00001000,59.1058,X]
[15,F,0.595541,00010000,59.5541,X]
[25,F,0.618402,00001000,61.8402,X]
[54,F,0.667969,00000001,66.7969,X]
[33,F,0.67652,00000100,67.652,X]
[55,F,0.730469,00000001,73.0469,X]
[8,F,0.739877,11000000,73.9877,X]
[56,F,0.743164,00000001,74.3164,X]
[34,F,0.750739,00000100,75.0739,X]
[26,F,0.751214,00001000,75.1214,X]
[16,F,0.756673,00010000,75.6673,X]
[43,F,0.756697,00000010,75.6697,X]
[9,F,0.759408,11000000,75.9408,X]
[57,F,0.779297,00000001,77.9297,X]
[10,F,0.783012,10000000,78.3012,X]
[27,F,0.798089,00001000,79.8089,X]
[35,F,0.80152,00000100,80.152,X]
[28,F,0.807855,00001000,80.7855,X]
[17,F,0.811361,00010000,81.1361,X]
[29,F,0.818597,00001000,81.8597,X]
[12,F,0.862114,01000000,86.2114,X]
[13,F,0.87188,01000000,87.188,X]
[18,F,0.928548,00010000,92.8548,X]
[44,F,0.931502,00000010,93.1502,X]
[14,F,0.948052,01000000,94.8052,X]
[45,F,0.973494,00000010,97.3494,X]
[11,F,0.981255,10000000,98.1255,X]
GUIDE_TREE_PARTITION1=(((((((t1:22.48,t2:22.48):3.63,t3:26.11):26.25,t4:52.36):31.21,t5:83.57):1.61,t6:85.18):10.83,t7:96.01):3.99,t8:100);
