Taxa bit representation:
t1 10000000
t2 01000000
t3 00100000
t4 00010000
t5 00001000
t6 00000100
t7 00000010
t8 00000001
Clade List (<taxon members> = <clade name>): 

>Dataset_0
[83,F,0.0166016,00001111,1.66016,X]
[0,F,0.0605469,11110000,6.05469,X]
[84,F,0.0898438,00001111,8.98438,X]
[85,F,0.102539,00001111,10.2539,X]
[86,F,0.123047,00001111,12.3047,X]
[87,F,0.131836,00001111,13.1836,X]
[88,F,0.133789,00001111,13.3789,X]
[31,F,0.150528,00110000,15.0528,X]
[89,F,0.151367,00001111,15.1367,X]
[1,F,0.171036,11000000,17.1036,X]
[90,F,0.197266,00001111,19.7266,X]
[91,F,0.204236,00001100,20.4236,X]
[32,F,0.214981,00110000,21.4981,X]
[33,F,0.216934,00110000,21.6934,X]
[92,F,0.217908,00001100,21.7908,X]
[116,F,0.217908,00000011,21.7908,X]
[117,F,0.226697,00000011,22.6697,X]
[2,F,0.22963,11000000,22.963,X]
[118,F,0.236462,00000011,23.6462,X]
[34,F,0.236466,00110000,23.6466,X]
[119,F,0.249158,00000011,24.9158,X]
[3,F,0.252091,11000000,25.2091,X]
[35,F,0.25502,00110000,25.502,X]
[4,F,0.266739,11000000,26.6739,X]
[36,F,0.274552,00110000,27.4552,X]
[120,F,0.310681,00000011,31.0681,X]
[93,F,0.313611,00001100,31.3611,X]
[94,F,0.326306,00001100,32.6306,X]
[37,F,0.326309,00110000,32.6309,X]
[38,F,0.329239,00110000,32.9239,X]
[121,F,0.364392,00000011,36.4392,X]
[39,F,0.38588,00110000,38.588,X]
[40,F,0.404006,00100000,40.4006,X]
[63,F,0.414748,00010000,41.4748,X]
[5,F,0.418106,11000000,41.8106,X]
[41,F,0.419631,00100000,41.9631,X]
[122,F,0.422009,00000011,42.2009,X]
[95,F,0.422986,00001100,42.2986,X]
[6,F,0.430802,11000000,43.0802,X]
[42,F,0.435256,00100000,43.5256,X]
[43,F,0.463577,00100000,46.3577,X]
[96,F,0.465955,00001100,46.5955,X]
[123,F,0.468884,00000011,46.8884,X]
[44,F,0.471389,00100000,47.1389,X]
[64,F,0.473342,00010000,47.3342,X]
[65,F,0.484084,00010000,48.4084,X]
[97,F,0.493298,00001100,49.3298,X]
[7,F,0.495255,11000000,49.5255,X]
[124,F,0.502088,00000011,50.2088,X]
[66,F,0.511428,00010000,51.1428,X]
[45,F,0.512405,00100000,51.2405,X]
[125,F,0.514783,00000011,51.4783,X]
[8,F,0.517716,11000000,51.7716,X]
[98,F,0.522595,00001100,52.2595,X]
[67,F,0.531936,00010000,53.1936,X]
[126,F,0.539197,00000011,53.9197,X]
[68,F,0.539748,00010000,53.9748,X]
[127,F,0.543103,00000011,54.3103,X]
[69,F,0.55342,00010000,55.342,X]
[46,F,0.575881,00100000,57.5881,X]
[70,F,0.59053,00010000,59.053,X]
[47,F,0.593459,00100000,59.3459,X]
[48,F,0.598342,00100000,59.8342,X]
[20,F,0.609337,01000000,60.9337,X]
[99,F,0.611463,00001100,61.1463,X]
[135,F,0.615159,00000001,61.5159,X]
[21,F,0.616173,01000000,61.6173,X]
[9,F,0.61715,10000000,61.715,X]
[22,F,0.625939,01000000,62.5939,X]
[136,F,0.634691,00000001,63.4691,X]
[23,F,0.634728,01000000,63.4728,X]
[10,F,0.637658,10000000,63.7658,X]
[109,F,0.653077,00000100,65.3077,X]
[110,F,0.657959,00000100,65.7959,X]
[24,F,0.658166,01000000,65.8166,X]
[71,F,0.663772,00010000,66.3772,X]
[137,F,0.663987,00000001,66.3987,X]
[11,F,0.664025,10000000,66.4025,X]
[25,F,0.665002,01000000,66.5002,X]
[100,F,0.665772,00001000,66.5772,X]
[72,F,0.674514,00010000,67.4514,X]
[49,F,0.693069,00100000,69.3069,X]
[128,F,0.693284,00000010,69.3284,X]
[73,F,0.694045,00010000,69.4045,X]
[12,F,0.703087,10000000,70.3088,X]
[101,F,0.713623,00001000,71.3623,X]
[74,F,0.735061,00010000,73.5061,X]
[138,F,0.749925,00000001,74.9925,X]
[111,F,0.758545,00000100,75.8545,X]
[13,F,0.759728,10000000,75.9728,X]
[26,F,0.763634,01000000,76.3634,X]
[75,F,0.771194,00010000,77.1194,X]
[129,F,0.777269,00000010,77.7269,X]
[50,F,0.77803,00100000,77.803,X]
[112,F,0.78003,00000100,78.003,X]
[130,F,0.782152,00000010,78.2152,X]
[14,F,0.782189,10000000,78.2189,X]
[76,F,0.795608,00010000,79.5608,X]
[51,F,0.798538,00100000,79.8538,X]
[102,F,0.80542,00001000,80.542,X]
[113,F,0.80542,00000100,80.542,X]
[27,F,0.80758,01000000,80.758,X]
[139,F,0.812425,00000001,81.2425,X]
[140,F,0.817308,00000001,81.7308,X]
[77,F,0.820998,00010000,82.0998,X]
[28,F,0.821252,01000000,82.1252,X]
[114,F,0.823975,00000100,82.3975,X]
[78,F,0.838577,00010000,83.8577,X]
[52,F,0.839553,00100000,83.9553,X]
[79,F,0.850295,00010000,85.0295,X]
[80,F,0.854202,00010000,85.4202,X]
[103,F,0.854248,00001000,85.4248,X]
[141,F,0.855394,00000001,85.5394,X]
[15,F,0.87008,10000000,87.008,X]
[104,F,0.875733,00001000,87.5733,X]
[16,F,0.876916,10000000,87.6916,X]
[131,F,0.882737,00000010,88.2737,X]
[53,F,0.891311,00100000,89.1311,X]
[17,F,0.89547,10000000,89.547,X]
[54,F,0.902053,00100000,90.2053,X]
[55,F,0.904006,00100000,90.4006,X]
[56,F,0.912795,00100000,91.2795,X]
[81,F,0.916702,00010000,91.6702,X]
[57,F,0.923538,00100000,92.3538,X]
[105,F,0.925538,00001000,92.5538,X]
[58,F,0.926467,00100000,92.6467,X]
[59,F,0.930373,00100000,93.0373,X]
[106,F,0.937256,00001000,93.7256,X]
[132,F,0.938402,00000010,93.8402,X]
[82,F,0.948928,00010000,94.8928,X]
[133,F,0.949144,00000010,94.9144,X]
[29,F,0.954064,01000000,95.4064,X]
[18,F,0.961877,10000000,96.1877,X]
[60,F,0.968459,00100000,96.8459,X]
[30,F,0.968712,01000000,96.8713,X]
[115,F,0.970459,00000100,97.0459,X]
[107,F,0.970459,00001000,97.0459,X]
[134,F,0.979417,00000010,97.9417,X]
[142,F,0.980394,00000001,98.0394,X]
[61,F,0.99092,00100000,99.092,X]
[108,F,0.991944,00001000,99.1944,X]
[62,F,0.997756,00100000,99.7756,X]
[19,F,0.999962,10000000,99.9963,X]
GUIDE_TREE_PARTITION1=(((t1:41.41,t2:41.41):48.42,(t3:59.99,t4:59.99):29.84):10.17,((t5:34.79,t6:34.79):45.47,(t7:39.07,t8:39.07):41.19):19.74);
