Taxa bit representation:
t1 10000000
t2 01000000
t3 00100000
t4 00010000
t5 00001000
t6 00000100
t7 00000010
t8 00000001
Clade List (<taxon members> = <clade name>): 

>Dataset_0
[0,F,0.0351562,11111110,3.51562,X]
[1,F,0.0439453,11111110,4.39453,X]
[2,F,0.0615234,11111110,6.15234,X]
[107,F,0.0751953,00000001,7.51953,X]
[108,F,0.0976562,00000001,9.76562,X]
[87,F,0.117533,00000010,11.7533,X]
[3,F,0.122719,11111000,12.2719,X]
[69,F,0.135414,00000100,13.5414,X]
[88,F,0.14683,00000010,14.683,X]
[49,F,0.156766,00001000,15.6766,X]
[89,F,0.168314,00000010,16.8314,X]
[70,F,0.189125,00000100,18.9125,X]
[50,F,0.226102,00001000,22.6102,X]
[90,F,0.227884,00000010,22.7884,X]
[4,F,0.230984,11110000,23.0984,X]
[91,F,0.231791,00000010,23.1791,X]
[71,F,0.242836,00000100,24.2836,X]
[72,F,0.244789,00000100,24.4789,X]
[5,F,0.246609,11110000,24.6609,X]
[6,F,0.251492,11110000,25.1492,X]
[92,F,0.272806,00000010,27.2806,X]
[51,F,0.281766,00001000,28.1766,X]
[73,F,0.289711,00000100,28.9711,X]
[93,F,0.30015,00000010,30.015,X]
[52,F,0.305203,00001000,30.5203,X]
[109,F,0.308594,00000001,30.8594,X]
[53,F,0.312039,00001000,31.2039,X]
[54,F,0.313016,00001000,31.3016,X]
[110,F,0.321289,00000001,32.1289,X]
[111,F,0.322266,00000001,32.2266,X]
[112,F,0.337891,00000001,33.7891,X]
[74,F,0.351234,00000100,35.1234,X]
[7,F,0.360867,11110000,36.0867,X]
[94,F,0.36265,00000010,36.265,X]
[75,F,0.368812,00000100,36.8813,X]
[8,F,0.371609,11110000,37.1609,X]
[113,F,0.375,00000001,37.5,X]
[9,F,0.375516,11110000,37.5516,X]
[10,F,0.384305,11110000,38.4305,X]
[95,F,0.386088,00000010,38.6088,X]
[55,F,0.39407,00001000,39.407,X]
[11,F,0.408719,11110000,40.8719,X]
[114,F,0.431641,00000001,43.1641,X]
[34,F,0.431983,00010000,43.1983,X]
[12,F,0.437842,11100000,43.7842,X]
[76,F,0.445961,00000100,44.5961,X]
[77,F,0.464516,00000100,46.4516,X]
[78,F,0.474281,00000100,47.4281,X]
[35,F,0.474952,00010000,47.4952,X]
[56,F,0.475125,00001000,47.5125,X]
[36,F,0.480811,00010000,48.0811,X]
[57,F,0.499539,00001000,49.9539,X]
[58,F,0.503445,00001000,50.3445,X]
[37,F,0.505225,00010000,50.5225,X]
[96,F,0.523783,00000010,52.3783,X]
[13,F,0.532569,11100000,53.2569,X]
[115,F,0.533203,00000001,53.3203,X]
[97,F,0.533548,00000010,53.3548,X]
[98,F,0.545267,00000010,54.5267,X]
[59,F,0.547391,00001000,54.7391,X]
[116,F,0.549805,00000001,54.9805,X]
[99,F,0.555033,00000010,55.5033,X]
[38,F,0.564795,00010000,56.4795,X]
[60,F,0.576688,00001000,57.6688,X]
[14,F,0.593116,11100000,59.3116,X]
[117,F,0.599609,00000001,59.9609,X]
[79,F,0.603187,00000100,60.3188,X]
[61,F,0.608914,00001000,60.8914,X]
[100,F,0.61265,00000010,61.265,X]
[118,F,0.630859,00000001,63.0859,X]
[15,F,0.641172,11000000,64.1172,X]
[25,F,0.647031,00100000,64.7031,X]
[62,F,0.647977,00001000,64.7977,X]
[26,F,0.675352,00100000,67.5352,X]
[101,F,0.693705,00000010,69.3705,X]
[119,F,0.700195,00000001,70.0195,X]
[39,F,0.702491,00010000,70.2491,X]
[102,F,0.716166,00000010,71.6166,X]
[40,F,0.722998,00010000,72.2998,X]
[41,F,0.729834,00010000,72.9834,X]
[27,F,0.735898,00100000,73.5898,X]
[42,F,0.737647,00010000,73.7647,X]
[103,F,0.739603,00000010,73.9603,X]
[43,F,0.746436,00010000,74.6436,X]
[16,F,0.751523,11000000,75.1523,X]
[120,F,0.760742,00000001,76.0742,X]
[28,F,0.788633,00100000,78.8633,X]
[80,F,0.792641,00000100,79.2641,X]
[44,F,0.797217,00010000,79.7217,X]
[63,F,0.798367,00001000,79.8367,X]
[121,F,0.802734,00000001,80.2734,X]
[81,F,0.807289,00000100,80.7289,X]
[45,F,0.816748,00010000,81.6748,X]
[64,F,0.818875,00001000,81.8875,X]
[17,F,0.831602,11000000,83.1602,X]
[122,F,0.833008,00000001,83.3008,X]
[82,F,0.835609,00000100,83.5609,X]
[123,F,0.835938,00000001,83.5938,X]
[46,F,0.837256,00010000,83.7256,X]
[65,F,0.843289,00001000,84.3289,X]
[104,F,0.844095,00000010,84.4095,X]
[29,F,0.850156,00100000,85.0156,X]
[83,F,0.851234,00000100,85.1234,X]
[66,F,0.853055,00001000,85.3055,X]
[124,F,0.864258,00000001,86.4258,X]
[84,F,0.870766,00000100,87.0766,X]
[30,F,0.876523,00100000,87.6523,X]
[85,F,0.881508,00000100,88.1508,X]
[18,F,0.88262,10000000,88.262,X]
[105,F,0.888041,00000010,88.8041,X]
[19,F,0.890433,10000000,89.0433,X]
[86,F,0.905922,00000100,90.5922,X]
[67,F,0.908719,00001000,90.8719,X]
[22,F,0.908987,01000000,90.8987,X]
[31,F,0.909727,00100000,90.9727,X]
[20,F,0.915823,10000000,91.5823,X]
[32,F,0.924375,00100000,92.4375,X]
[125,F,0.924805,00000001,92.4805,X]
[23,F,0.952933,01000000,95.2933,X]
[126,F,0.957031,00000001,95.7031,X]
[47,F,0.968116,00010000,96.8116,X]
[106,F,0.971048,00000010,97.1048,X]
[21,F,0.972464,10000000,97.2464,X]
[48,F,0.980811,00010000,98.0811,X]
[33,F,0.982969,00100000,98.2969,X]
[68,F,0.989773,00001000,98.9773,X]
[127,F,0.992188,00000001,99.2188,X]
[24,F,0.993948,01000000,99.3948,X]
GUIDE_TREE_PARTITION1=(((((((t1:14.57,t2:14.57):22.68,t3:37.25):20.04,t4:57.29):28.01,t5:85.3):3.6,t6:88.9):2.96,t7:91.86):8.14,t8:100);
