Taxa bit representation:
t1 10000000
t2 01000000
t3 00100000
t4 00010000
t5 00001000
t6 00000100
t7 00000010
t8 00000001
Clade List (<taxon members> = <clade name>): 

>Dataset_0
[16,F,0.0341797,00000001,3.41797,X]
[0,F,0.329102,11111110,32.9102,X]
[13,F,0.393862,00000010,39.3862,X]
[17,F,0.396484,00000001,39.6484,X]
[9,F,0.427191,00000100,42.7191,X]
[10,F,0.518011,00000100,51.8011,X]
[18,F,0.581055,00000001,58.1055,X]
[5,F,0.58567,00010000,58.567,X]
[1,F,0.640973,11000000,64.0973,X]
[14,F,0.672183,00000010,67.2183,X]
[4,F,0.730817,00100000,73.0817,X]
[6,F,0.754616,00010000,75.4616,X]
[8,F,0.773636,00001000,77.3636,X]
[2,F,0.782575,11000000,78.2575,X]
[7,F,0.785866,00010000,78.5866,X]
[11,F,0.786566,00000100,78.6566,X]
[12,F,0.914495,00000100,91.4495,X]
[15,F,0.940738,00000010,94.0738,X]
[3,F,0.999561,10000000,99.9561,X]
GUIDE_TREE_PARTITION1=(((((((t1:2.29,t2:2.29):36.64,t3:38.93):8.46,t4:47.39):7.18,t5:54.57):5.25,t6:59.82):4.7,t7:64.52):35.48,t8:100);
