Taxa bit representation:
t1 10000000
t2 01000000
t3 00100000
t4 00010000
t5 00001000
t6 00000100
t7 00000010
t8 00000001
Clade List (<taxon members> = <clade name>): 

>Dataset_0
[0,F,0.347519,11110000,34.7519,X]
[10,F,0.418986,00000100,41.8986,X]
[15,F,0.501953,00000001,50.1953,X]
[16,F,0.511719,00000001,51.1719,X]
[7,F,0.675644,00001000,67.5644,X]
[8,F,0.678573,00001000,67.8573,X]
[11,F,0.704142,00000100,70.4142,X]
[17,F,0.774414,00000001,77.4414,X]
[1,F,0.783655,10000000,78.3655,X]
[12,F,0.807658,00000100,80.7658,X]
[4,F,0.829564,00100000,82.9564,X]
[9,F,0.839706,00001000,83.9706,X]
[3,F,0.852991,01000000,85.2991,X]
[5,F,0.899877,00100000,89.9877,X]
[6,F,0.933148,00010000,93.3148,X]
[13,F,0.958048,00000100,95.8048,X]
[14,F,0.987694,00000010,98.7694,X]
[2,F,0.998498,10000000,99.8498,X]
GUIDE_TREE_PARTITION1=(((((((t1:23.49,t2:23.49):11.62,t3:35.11):10.54,t4:45.65):20.77,t5:66.42):7.99,t6:74.41):7.68,t7:82.09):17.91,t8:100);
