Taxa bit representation:
t1 10000000
t2 01000000
t3 00100000
t4 00010000
t5 00001000
t6 00000100
t7 00000010
t8 00000001
Clade List (<taxon members> = <clade name>): 

>Dataset_0
[10,F,0.127533,00000010,12.7533,X]
[0,F,0.191986,11111100,19.1986,X]
[11,F,0.2164,00000010,21.64,X]
[1,F,0.265228,11111100,26.5228,X]
[15,F,0.276367,00000001,27.6367,X]
[2,F,0.328705,11111100,32.8705,X]
[3,F,0.343353,11111100,34.3353,X]
[12,F,0.382416,00000010,38.2416,X]
[13,F,0.566009,00000010,56.6009,X]
[16,F,0.566406,00000001,56.6406,X]
[4,F,0.72692,11111000,72.692,X]
[17,F,0.762695,00000001,76.2695,X]
[8,F,0.799186,00000100,79.9186,X]
[6,F,0.827153,00100000,82.7153,X]
[9,F,0.866569,00000100,86.6569,X]
[7,F,0.877383,00001000,87.7383,X]
[5,F,0.963872,11000000,96.3872,X]
[18,F,0.967773,00000001,96.7773,X]
[14,F,0.987884,00000010,98.7884,X]
GUIDE_TREE_PARTITION1=(((((((t1:2.48,t2:2.48):15,t3:17.48):1.39,t4:18.87):6.38,t5:25.25):4.89,t6:30.14):60.72,t7:90.86):9.14,t8:100);
