Taxa bit representation:
t1 10000000
t2 01000000
t3 00100000
t4 00010000
t5 00001000
t6 00000100
t7 00000010
t8 00000001
Clade List (<taxon members> = <clade name>): 

>Dataset_0
[14,F,0.0112828,00001100,1.12828,X]
[19,F,0.0185547,00000011,1.85547,X]
[15,F,0.0465313,00001000,4.65313,X]
[18,F,0.0836406,00000100,8.36406,X]
[0,F,0.186247,11100000,18.6247,X]
[16,F,0.27993,00001000,27.993,X]
[8,F,0.306364,00010000,30.6364,X]
[9,F,0.308317,00010000,30.8317,X]
[20,F,0.365234,00000011,36.5234,X]
[21,F,0.394531,00000011,39.4531,X]
[22,F,0.432617,00000011,43.2617,X]
[1,F,0.485075,11100000,48.5075,X]
[2,F,0.488981,11100000,48.8981,X]
[10,F,0.529997,00010000,52.9997,X]
[26,F,0.538183,00000001,53.8183,X]
[27,F,0.559667,00000001,55.9667,X]
[23,F,0.580175,00000010,58.0175,X]
[17,F,0.584617,00001000,58.4617,X]
[11,F,0.615934,00010000,61.5934,X]
[3,F,0.627661,11000000,62.7661,X]
[28,F,0.684667,00000001,68.4667,X]
[4,F,0.755025,10000000,75.5025,X]
[24,F,0.774511,00000010,77.4511,X]
[6,F,0.793677,00100000,79.3677,X]
[12,F,0.81027,00010000,81.027,X]
[25,F,0.819433,00000010,81.9433,X]
[29,F,0.835058,00000001,83.5058,X]
[5,F,0.838033,10000000,83.8033,X]
[13,F,0.904997,00010000,90.4997,X]
[7,F,0.979223,00100000,97.9223,X]
GUIDE_TREE_PARTITION1=(((((t1:32.31,t2:32.31):13.42,t3:45.73):41.7,t4:87.43):11.93,(t5:97.3,t6:97.3):2.06):0.64,(t7:46.67,t8:46.67):53.33);
