Taxa bit representation:
t1 10000000
t2 01000000
t3 00100000
t4 00010000
t5 00001000
t6 00000100
t7 00000010
t8 00000001
Clade List (<taxon members> = <clade name>): 

>Dataset_0
[0,F,0.0273438,11110000,2.73438,X]
[11,F,0.0605469,00001111,6.05469,X]
[12,F,0.0722656,00001111,7.22656,X]
[13,F,0.0908203,00001111,9.08203,X]
[14,F,0.117188,00001111,11.7188,X]
[1,F,0.176758,11110000,17.6758,X]
[15,F,0.208984,00001111,20.8984,X]
[2,F,0.305664,11110000,30.5664,X]
[3,F,0.314453,11110000,31.4453,X]
[22,F,0.35587,00000011,35.587,X]
[4,F,0.382812,11110000,38.2812,X]
[23,F,0.388097,00000011,38.8097,X]
[16,F,0.576573,00001100,57.6573,X]
[17,F,0.589269,00001100,58.9269,X]
[5,F,0.602539,11110000,60.2539,X]
[6,F,0.617188,11110000,61.7188,X]
[7,F,0.666016,11110000,66.6016,X]
[18,F,0.753653,00001000,75.3653,X]
[24,F,0.798253,00000011,79.8253,X]
[26,F,0.870413,00000001,87.0413,X]
[19,F,0.892325,00001000,89.2325,X]
[25,F,0.903616,00000010,90.3616,X]
[8,F,0.926519,01000000,92.6519,X]
[20,F,0.943106,00001000,94.3106,X]
[27,F,0.960256,00000001,96.0256,X]
[21,F,0.963614,00000100,96.3614,X]
[9,F,0.975347,01000000,97.5347,X]
[10,F,0.976323,01000000,97.6323,X]
GUIDE_TREE_PARTITION1=(((t1:8.52,t2:8.52):2.41,(t3:5.96,t4:5.96):4.97):89.07,((t5:24.83,t6:24.83):45.54,(t7:19.99,t8:19.99):50.38):29.63);
