Taxa bit representation:
t1 10000000
t2 01000000
t3 00100000
t4 00010000
t5 00001000
t6 00000100
t7 00000010
t8 00000001
Clade List (<taxon members> = <clade name>): 

>Dataset_0
[0,F,0.0224609,11111110,2.24609,X]
[17,F,0.190731,00000100,19.0731,X]
[20,F,0.248178,00000010,24.8178,X]
[1,F,0.282528,11111000,28.2528,X]
[18,F,0.297177,00000100,29.7177,X]
[2,F,0.402645,11111000,40.2645,X]
[13,F,0.426313,00001000,42.6313,X]
[14,F,0.492719,00001000,49.2719,X]
[15,F,0.506391,00001000,50.6391,X]
[3,F,0.525922,11110000,52.5922,X]
[4,F,0.541547,11110000,54.1547,X]
[21,F,0.563477,00000001,56.3477,X]
[5,F,0.570844,11110000,57.0844,X]
[22,F,0.619141,00000001,61.9141,X]
[19,F,0.747372,00000100,74.7372,X]
[9,F,0.817061,00010000,81.7061,X]
[10,F,0.821944,00010000,82.1944,X]
[11,F,0.841475,00010000,84.1475,X]
[6,F,0.853194,11100000,85.3194,X]
[8,F,0.898148,00100000,89.8148,X]
[12,F,0.943037,00010000,94.3037,X]
[16,F,0.957563,00001000,95.7563,X]
[7,F,0.964555,11000000,96.4555,X]
GUIDE_TREE_PARTITION1=(((((((t1:3.34,t2:3.34):8.31,t3:11.65):21.39,t4:33.04):25.11,t5:58.15):24.73,t6:82.88):12.81,t7:95.69):4.31,t8:100);
