Taxa bit representation:
t1 10000000
t2 01000000
t3 00100000
t4 00010000
t5 00001000
t6 00000100
t7 00000010
t8 00000001
Clade List (<taxon members> = <clade name>): 

>Dataset_0
[29,F,0.0888672,00000011,8.88672,X]
[0,F,0.119141,11111100,11.9141,X]
[30,F,0.121094,00000011,12.1094,X]
[31,F,0.25293,00000011,25.293,X]
[1,F,0.290039,11111100,29.0039,X]
[32,F,0.325195,00000011,32.5195,X]
[18,F,0.355275,00001100,35.5275,X]
[19,F,0.381642,00001100,38.1642,X]
[2,F,0.414845,11110000,41.4845,X]
[20,F,0.416798,00001100,41.6798,X]
[21,F,0.46758,00001100,46.758,X]
[33,F,0.512695,00000011,51.2695,X]
[22,F,0.52422,00001100,52.422,X]
[23,F,0.546681,00001100,54.6681,X]
[34,F,0.547852,00000011,54.7852,X]
[35,F,0.583984,00000011,58.3984,X]
[36,F,0.584961,00000011,58.4961,X]
[24,F,0.605275,00001100,60.5275,X]
[37,F,0.611328,00000011,61.1328,X]
[38,F,0.623047,00000011,62.3047,X]
[25,F,0.650197,00001100,65.0197,X]
[26,F,0.678517,00001100,67.8517,X]
[3,F,0.708802,11100000,70.8802,X]
[39,F,0.722656,00000011,72.2656,X]
[4,F,0.737122,11100000,73.7122,X]
[27,F,0.768361,00001100,76.8361,X]
[5,F,0.789005,11000000,78.9005,X]
[12,F,0.796692,00010000,79.6692,X]
[9,F,0.838809,00100000,83.8809,X]
[10,F,0.849552,00100000,84.9552,X]
[28,F,0.87383,00001100,87.383,X]
[6,F,0.88152,01000000,88.152,X]
[13,F,0.88263,00010000,88.263,X]
[11,F,0.901309,00100000,90.1309,X]
[40,F,0.912109,00000011,91.2109,X]
[14,F,0.912903,00010000,91.2903,X]
[15,F,0.924622,00010000,92.4622,X]
[16,F,0.932434,00010000,93.2434,X]
[7,F,0.94988,01000000,94.988,X]
[17,F,0.960755,00010000,96.0755,X]
[8,F,0.9782,01000000,97.82,X]
GUIDE_TREE_PARTITION1=(((((t1:14.68,t2:14.68):11.4,t3:26.08):17.2,t4:43.28):25.88,(t5:8.25,t6:8.25):60.91):30.84,(t7:0.18,t8:0.18):99.82);
