Taxa bit representation:
t1 10000000
t2 01000000
t3 00100000
t4 00010000
t5 00001000
t6 00000100
t7 00000010
t8 00000001
Clade List (<taxon members> = <clade name>): 

>Dataset_0
[0,F,0.0672672,11110000,6.72672,X]
[16,F,0.09375,00000011,9.375,X]
[8,F,0.260627,00001100,26.0627,X]
[1,F,0.278205,11110000,27.8205,X]
[9,F,0.317309,00001000,31.7309,X]
[10,F,0.348559,00001000,34.8559,X]
[17,F,0.389648,00000011,38.9648,X]
[18,F,0.429688,00000011,42.9688,X]
[2,F,0.448127,11110000,44.8127,X]
[3,F,0.461798,11110000,46.1798,X]
[12,F,0.511645,00000100,51.1645,X]
[4,F,0.538797,11100000,53.8797,X]
[11,F,0.619067,00001000,61.9067,X]
[19,F,0.732955,00000010,73.2955,X]
[20,F,0.753463,00000010,75.3462,X]
[5,F,0.790002,01000000,79.0002,X]
[7,F,0.857156,00010000,85.7156,X]
[13,F,0.863208,00000100,86.3208,X]
[6,F,0.87008,01000000,87.008,X]
[14,F,0.93938,00000100,93.938,X]
[15,F,0.995044,00000100,99.5044,X]
GUIDE_TREE_PARTITION1=(((((t1:41.41,t2:41.41):3.72,t3:45.13):3.92,t4:49.05):46.86,(t5:71.98,t6:71.98):23.93):4.09,(t7:41.06,t8:41.06):58.94);
