Taxa bit representation:
t1 10000000
t2 01000000
t3 00100000
t4 00010000
t5 00001000
t6 00000100
t7 00000010
t8 00000001
Clade List (<taxon members> = <clade name>): 

>Dataset_0
[0,F,0.131848,11100000,13.1848,X]
[15,F,0.158216,00010000,15.8216,X]
[25,F,0.190177,00001000,19.0177,X]
[26,F,0.199942,00001000,19.9942,X]
[27,F,0.266348,00001000,26.6348,X]
[28,F,0.278067,00001000,27.8067,X]
[29,F,0.313223,00001000,31.3223,X]
[43,F,0.351309,00000100,35.1309,X]
[44,F,0.369864,00000100,36.9864,X]
[30,F,0.375723,00001000,37.5723,X]
[31,F,0.443106,00001000,44.3106,X]
[16,F,0.45802,00010000,45.802,X]
[45,F,0.486075,00000100,48.6075,X]
[1,F,0.500012,11100000,50.0012,X]
[2,F,0.513684,11100000,51.3684,X]
[17,F,0.514661,00010000,51.4661,X]
[18,F,0.519544,00010000,51.9544,X]
[50,F,0.539062,00000011,53.9062,X]
[32,F,0.539786,00001000,53.9786,X]
[51,F,0.55957,00000011,55.957,X]
[33,F,0.570059,00001000,57.0059,X]
[34,F,0.588614,00001000,58.8614,X]
[3,F,0.5981,11000000,59.81,X]
[4,F,0.600053,11000000,60.0053,X]
[35,F,0.613028,00001000,61.3028,X]
[52,F,0.616211,00000011,61.6211,X]
[19,F,0.628919,00010000,62.8919,X]
[46,F,0.635489,00000100,63.5489,X]
[53,F,0.640625,00000011,64.0625,X]
[20,F,0.680677,00010000,68.0677,X]
[5,F,0.685991,11000000,68.5991,X]
[57,F,0.703708,00000001,70.3708,X]
[13,F,0.705522,00100000,70.5522,X]
[58,F,0.706637,00000001,70.6637,X]
[47,F,0.706778,00000100,70.6778,X]
[59,F,0.732028,00000001,73.2028,X]
[8,F,0.748316,01000000,74.8316,X]
[36,F,0.765372,00001000,76.5372,X]
[6,F,0.765894,10000000,76.5894,X]
[21,F,0.768567,00010000,76.8567,X]
[37,F,0.776114,00001000,77.6114,X]
[38,F,0.798575,00001000,79.8575,X]
[60,F,0.799411,00000001,79.9411,X]
[39,F,0.800528,00001000,80.0528,X]
[22,F,0.802747,00010000,80.2747,X]
[48,F,0.806388,00000100,80.6388,X]
[9,F,0.827417,01000000,82.7417,X]
[49,F,0.834708,00000100,83.4708,X]
[54,F,0.837497,00000010,83.7497,X]
[55,F,0.847262,00000010,84.7262,X]
[10,F,0.861597,01000000,86.1597,X]
[7,F,0.868433,10000000,86.8433,X]
[14,F,0.868608,00100000,86.8608,X]
[11,F,0.872339,01000000,87.2339,X]
[40,F,0.889395,00001000,88.9395,X]
[56,F,0.893161,00000010,89.3161,X]
[61,F,0.907809,00000001,90.7809,X]
[23,F,0.918958,00010000,91.8958,X]
[24,F,0.942395,00010000,94.2395,X]
[12,F,0.949487,01000000,94.9487,X]
[41,F,0.963614,00001000,96.3614,X]
[42,F,0.995841,00001000,99.5841,X]
GUIDE_TREE_PARTITION1=(((((t1:29.27,t2:29.27):17.17,t3:46.44):41.84,t4:88.28):8.82,(t5:81.08,t6:81.08):16.02):2.9,(t7:31.68,t8:31.68):68.32);
