Taxa bit representation:
t1 10000000
t2 01000000
t3 00100000
t4 00010000
t5 00001000
t6 00000100
t7 00000010
t8 00000001
Clade List (<taxon members> = <clade name>): 

>Dataset_0
[15,F,0.00195312,00000001,0.195312,X]
[16,F,0.0107422,00000001,1.07422,X]
[17,F,0.0595703,00000001,5.95703,X]
[18,F,0.120117,00000001,12.0117,X]
[19,F,0.128906,00000001,12.8906,X]
[10,F,0.25647,00000010,25.647,X]
[6,F,0.32413,00000100,32.413,X]
[11,F,0.357056,00000010,35.7056,X]
[7,F,0.376864,00000100,37.6864,X]
[12,F,0.442017,00000010,44.2017,X]
[0,F,0.459364,11110000,45.9364,X]
[20,F,0.487305,00000001,48.7305,X]
[8,F,0.565341,00000100,56.5341,X]
[1,F,0.598036,11110000,59.8036,X]
[4,F,0.67488,00010000,67.488,X]
[21,F,0.686523,00000001,68.6523,X]
[9,F,0.728427,00000100,72.8427,X]
[13,F,0.760377,00000010,76.0377,X]
[2,F,0.772536,11100000,77.2536,X]
[14,F,0.896119,00000010,89.6119,X]
[5,F,0.912184,00010000,91.2184,X]
[3,F,0.953444,00100000,95.3444,X]
GUIDE_TREE_PARTITION1=(((((((t1:13.51,t2:13.51):6.38,t3:19.89):16.04,t4:35.93):36.2,t5:72.13):14.5,t6:86.63):6.18,t7:92.81):7.19,t8:100);
