Taxa bit representation:
t1 10000000
t2 01000000
t3 00100000
t4 00010000
t5 00001000
t6 00000100
t7 00000010
t8 00000001
Clade List (<taxon members> = <clade name>): 

>Dataset_0
[33,F,0.0348797,00110000,3.48797,X]
[34,F,0.0397625,00110000,3.97625,X]
[66,F,0.0400391,00001111,4.00391,X]
[35,F,0.0465984,00110000,4.65984,X]
[67,F,0.0537109,00001111,5.37109,X]
[0,F,0.0592937,11000000,5.92938,X]
[68,F,0.0800781,00001111,8.00781,X]
[69,F,0.0878906,00001111,8.78906,X]
[70,F,0.0917969,00001111,9.17969,X]
[71,F,0.117188,00001111,11.7188,X]
[36,F,0.150114,00110000,15.0114,X]
[1,F,0.179411,11000000,17.9411,X]
[72,F,0.181641,00001111,18.1641,X]
[2,F,0.18527,11000000,18.527,X]
[3,F,0.194059,11000000,19.4059,X]
[4,F,0.207731,11000000,20.7731,X]
[73,F,0.208008,00001111,20.8008,X]
[37,F,0.209684,00110000,20.9684,X]
[5,F,0.225309,11000000,22.5309,X]
[74,F,0.26775,00001100,26.775,X]
[38,F,0.269255,00110000,26.9255,X]
[39,F,0.271208,00110000,27.1208,X]
[107,F,0.275562,00000011,27.5562,X]
[75,F,0.281422,00001100,28.1422,X]
[108,F,0.289234,00000011,28.9234,X]
[6,F,0.297575,11000000,29.7575,X]
[76,F,0.299977,00001100,29.9977,X]
[40,F,0.302458,00110000,30.2458,X]
[77,F,0.306812,00001100,30.6812,X]
[7,F,0.312223,11000000,31.2223,X]
[109,F,0.323414,00000011,32.3414,X]
[41,F,0.324919,00110000,32.4919,X]
[8,F,0.324919,11000000,32.4919,X]
[42,F,0.369841,00110000,36.9841,X]
[43,F,0.376677,00110000,37.6677,X]
[78,F,0.379078,00001100,37.9078,X]
[44,F,0.391325,00110000,39.1325,X]
[9,F,0.392302,11000000,39.2302,X]
[45,F,0.40695,00110000,40.695,X]
[46,F,0.416716,00110000,41.6716,X]
[10,F,0.424528,11000000,42.4528,X]
[110,F,0.429859,00000011,42.9859,X]
[47,F,0.445036,00110000,44.5036,X]
[111,F,0.448414,00000011,44.8414,X]
[11,F,0.448942,11000000,44.8942,X]
[112,F,0.460133,00000011,46.0133,X]
[93,F,0.460977,00000100,46.0977,X]
[127,F,0.470266,00000001,47.0266,X]
[128,F,0.478078,00000001,47.8078,X]
[113,F,0.482961,00000010,48.2961,X]
[79,F,0.48832,00001000,48.832,X]
[129,F,0.489797,00000001,48.9797,X]
[114,F,0.49175,00000010,49.175,X]
[130,F,0.507375,00000001,50.7375,X]
[48,F,0.510466,00110000,51.0466,X]
[131,F,0.513234,00000001,51.3234,X]
[132,F,0.516164,00000001,51.6164,X]
[94,F,0.518594,00000100,51.8594,X]
[80,F,0.520547,00001000,52.0547,X]
[12,F,0.523161,11000000,52.3161,X]
[95,F,0.52543,00000100,52.543,X]
[115,F,0.527883,00000010,52.7883,X]
[49,F,0.52902,00110000,52.902,X]
[116,F,0.529836,00000010,52.9836,X]
[50,F,0.536833,00110000,53.6833,X]
[96,F,0.538125,00000100,53.8125,X]
[133,F,0.538625,00000001,53.8625,X]
[97,F,0.544961,00000100,54.4961,X]
[81,F,0.548867,00001000,54.8867,X]
[98,F,0.549844,00000100,54.9844,X]
[82,F,0.555703,00001000,55.5703,X]
[134,F,0.562062,00000001,56.2062,X]
[83,F,0.565469,00001000,56.5469,X]
[99,F,0.566445,00000100,56.6445,X]
[117,F,0.566945,00000010,56.6945,X]
[13,F,0.567106,11000000,56.7106,X]
[51,F,0.568083,00110000,56.8083,X]
[118,F,0.577687,00000010,57.7687,X]
[135,F,0.580617,00000001,58.0617,X]
[84,F,0.591836,00001000,59.1836,X]
[100,F,0.604531,00000100,60.4531,X]
[85,F,0.605508,00001000,60.5508,X]
[119,F,0.606984,00000010,60.6984,X]
[136,F,0.610891,00000001,61.0891,X]
[101,F,0.617227,00000100,61.7227,X]
[14,F,0.632536,11000000,63.2536,X]
[15,F,0.654997,11000000,65.4997,X]
[120,F,0.663625,00000010,66.3625,X]
[52,F,0.670622,00110000,67.0622,X]
[16,F,0.675505,11000000,67.5505,X]
[86,F,0.679727,00001000,67.9727,X]
[53,F,0.682341,00110000,68.2341,X]
[121,F,0.683156,00000010,68.3156,X]
[87,F,0.687539,00001000,68.7539,X]
[88,F,0.699258,00001000,69.9258,X]
[17,F,0.703825,11000000,70.3825,X]
[122,F,0.719289,00000010,71.9289,X]
[54,F,0.736536,00100000,73.6536,X]
[18,F,0.744237,10000000,74.4237,X]
[28,F,0.747167,01000000,74.7167,X]
[89,F,0.751016,00001000,75.1016,X]
[61,F,0.756067,00010000,75.6067,X]
[29,F,0.765722,01000000,76.5722,X]
[137,F,0.773,00000001,77.3,X]
[62,F,0.776575,00010000,77.6575,X]
[55,F,0.791223,00100000,79.1223,X]
[90,F,0.793008,00001000,79.3008,X]
[19,F,0.795995,10000000,79.5995,X]
[138,F,0.800344,00000001,80.0344,X]
[56,F,0.801966,00100000,80.1966,X]
[139,F,0.806203,00000001,80.6203,X]
[57,F,0.813684,00100000,81.3684,X]
[30,F,0.816503,01000000,81.6503,X]
[140,F,0.816945,00000001,81.6945,X]
[141,F,0.83257,00000001,83.257,X]
[123,F,0.83843,00000010,83.843,X]
[20,F,0.839941,10000000,83.9941,X]
[124,F,0.841359,00000010,84.1359,X]
[102,F,0.846719,00000100,84.6719,X]
[58,F,0.847864,00100000,84.7864,X]
[59,F,0.848841,00100000,84.8841,X]
[142,F,0.849172,00000001,84.9172,X]
[143,F,0.854055,00000001,85.4055,X]
[31,F,0.867284,01000000,86.7284,X]
[21,F,0.87412,10000000,87.412,X]
[63,F,0.878138,00010000,87.8137,X]
[60,F,0.881067,00100000,88.1067,X]
[22,F,0.883886,10000000,88.3886,X]
[91,F,0.885781,00001000,88.5781,X]
[64,F,0.88888,00010000,88.888,X]
[125,F,0.894094,00000010,89.4094,X]
[103,F,0.89457,00000100,89.457,X]
[23,F,0.90537,10000000,90.537,X]
[24,F,0.919042,10000000,91.9042,X]
[144,F,0.922414,00000001,92.2414,X]
[104,F,0.946328,00000100,94.6328,X]
[32,F,0.946386,01000000,94.6386,X]
[25,F,0.950292,10000000,95.0292,X]
[105,F,0.954141,00000100,95.4141,X]
[92,F,0.958047,00001000,95.8047,X]
[106,F,0.967812,00000100,96.7812,X]
[26,F,0.980566,10000000,98.0566,X]
[27,F,0.985448,10000000,98.5448,X]
[126,F,0.986867,00000010,98.6867,X]
[65,F,0.987513,00010000,98.7512,X]
GUIDE_TREE_PARTITION1=(((t1:27.92,t2:27.92):72.01,(t3:27.03,t4:27.03):72.9):0.07,((t5:60.25,t6:60.25):16.1,(t7:53.95,t8:53.95):22.4):23.65);
