Taxa bit representation:
t1 10000000
t2 01000000
t3 00100000
t4 00010000
t5 00001000
t6 00000100
t7 00000010
t8 00000001
Clade List (<taxon members> = <clade name>): 

>Dataset_0
[0,F,0.00683594,11111100,0.683594,X]
[1,F,0.0166016,11111100,1.66016,X]
[56,F,0.0458984,00000011,4.58984,X]
[2,F,0.0644531,11111100,6.44531,X]
[3,F,0.0957031,11111100,9.57031,X]
[57,F,0.134766,00000011,13.4766,X]
[4,F,0.194336,11111100,19.4336,X]
[5,F,0.207031,11111100,20.7031,X]
[6,F,0.210938,11111100,21.0938,X]
[58,F,0.213867,00000011,21.3867,X]
[7,F,0.21582,11111100,21.582,X]
[8,F,0.22168,11111100,22.168,X]
[59,F,0.223633,00000011,22.3633,X]
[60,F,0.244141,00000011,24.4141,X]
[61,F,0.291992,00000011,29.1992,X]
[9,F,0.316406,11111100,31.6406,X]
[10,F,0.319336,11111100,31.9336,X]
[11,F,0.337891,11111100,33.7891,X]
[12,F,0.341797,11111100,34.1797,X]
[41,F,0.414348,00001100,41.4348,X]
[42,F,0.427044,00001100,42.7044,X]
[62,F,0.43457,00000011,43.457,X]
[43,F,0.445598,00001100,44.5598,X]
[13,F,0.448528,11110000,44.8528,X]
[63,F,0.454102,00000011,45.4102,X]
[14,F,0.463177,11110000,46.3177,X]
[44,F,0.472942,00001100,47.2942,X]
[15,F,0.480755,11110000,48.0755,X]
[16,F,0.492053,11100000,49.2053,X]
[34,F,0.498889,00010000,49.8889,X]
[64,F,0.502677,00000010,50.2677,X]
[78,F,0.507559,00000001,50.7559,X]
[35,F,0.526233,00010000,52.6233,X]
[36,F,0.534045,00010000,53.4045,X]
[65,F,0.543692,00000010,54.3692,X]
[79,F,0.545645,00000001,54.5645,X]
[45,F,0.55302,00001100,55.302,X]
[66,F,0.555411,00000010,55.5411,X]
[46,F,0.55888,00001100,55.888,X]
[47,F,0.560833,00001100,56.0833,X]
[67,F,0.571036,00000010,57.1036,X]
[80,F,0.577872,00000001,57.7872,X]
[68,F,0.584708,00000010,58.4708,X]
[48,F,0.592083,00001100,59.2083,X]
[81,F,0.612052,00000001,61.2052,X]
[17,F,0.616848,11000000,61.6848,X]
[82,F,0.616934,00000001,61.6934,X]
[25,F,0.640286,00100000,64.0286,X]
[26,F,0.647122,00100000,64.7122,X]
[27,F,0.650052,00100000,65.0052,X]
[28,F,0.656887,00100000,65.6887,X]
[83,F,0.658927,00000001,65.8927,X]
[51,F,0.660338,00000100,66.0337,X]
[18,F,0.677395,11000000,67.7395,X]
[69,F,0.684317,00000010,68.4317,X]
[52,F,0.684752,00000100,68.4752,X]
[29,F,0.69302,00100000,69.302,X]
[19,F,0.693997,11000000,69.3997,X]
[30,F,0.696927,00100000,69.6927,X]
[20,F,0.700833,11000000,70.0833,X]
[31,F,0.713528,00100000,71.3528,X]
[37,F,0.719592,00010000,71.9592,X]
[53,F,0.725767,00000100,72.5767,X]
[32,F,0.733059,00100000,73.3059,X]
[70,F,0.746817,00000010,74.6817,X]
[71,F,0.770255,00000010,77.0255,X]
[84,F,0.772208,00000001,77.2208,X]
[72,F,0.78002,00000010,78.002,X]
[85,F,0.783927,00000001,78.3927,X]
[21,F,0.799466,11000000,79.9466,X]
[73,F,0.805411,00000010,80.5411,X]
[49,F,0.837095,00001000,83.7095,X]
[54,F,0.85272,00000100,85.272,X]
[86,F,0.860098,00000001,86.0098,X]
[87,F,0.875723,00000001,87.5723,X]
[74,F,0.877677,00000010,87.7677,X]
[75,F,0.885489,00000010,88.5489,X]
[88,F,0.885489,00000001,88.5489,X]
[50,F,0.898619,00001000,89.8619,X]
[22,F,0.908841,11000000,90.8841,X]
[33,F,0.9147,00100000,91.47,X]
[76,F,0.933341,00000010,93.3341,X]
[89,F,0.94213,00000001,94.213,X]
[55,F,0.942564,00000100,94.2564,X]
[90,F,0.955802,00000001,95.5802,X]
[38,F,0.975452,00010000,97.5452,X]
[23,F,0.975858,01000000,97.5858,X]
[39,F,0.984241,00010000,98.4241,X]
[24,F,0.987577,01000000,98.7577,X]
[77,F,0.993888,00000010,99.3888,X]
[40,F,0.994006,00010000,99.4006,X]
GUIDE_TREE_PARTITION1=(((((t1:7.59,t2:7.59):32.19,t3:39.78):11.21,t4:50.99):9.04,(t5:36.31,t6:36.31):23.72):39.97,(t7:49.83,t8:49.83):50.17);
