Taxa bit representation:
t1 10000000
t2 01000000
t3 00100000
t4 00010000
t5 00001000
t6 00000100
t7 00000010
t8 00000001
Clade List (<taxon members> = <clade name>): 

>Dataset_0
[24,F,0.0498047,00001111,4.98047,X]
[25,F,0.0771484,00001111,7.71484,X]
[26,F,0.189453,00001111,18.9453,X]
[0,F,0.205078,11110000,20.5078,X]
[1,F,0.222656,11110000,22.2656,X]
[27,F,0.229492,00001111,22.9492,X]
[2,F,0.246094,11110000,24.6094,X]
[3,F,0.28125,11110000,28.125,X]
[4,F,0.318359,11110000,31.8359,X]
[5,F,0.343442,11000000,34.3442,X]
[6,F,0.42352,11000000,42.352,X]
[28,F,0.430806,00001100,43.0806,X]
[37,F,0.48802,00000001,48.802,X]
[15,F,0.501645,00110000,50.1645,X]
[29,F,0.521627,00001100,52.1627,X]
[16,F,0.557309,00110000,55.7309,X]
[7,F,0.566098,11000000,56.6098,X]
[17,F,0.5827,00110000,58.27,X]
[18,F,0.607114,00110000,60.7114,X]
[30,F,0.625142,00001100,62.5142,X]
[38,F,0.659895,00000001,65.9895,X]
[19,F,0.669327,00100000,66.9327,X]
[39,F,0.723372,00000001,72.3372,X]
[20,F,0.732803,00100000,73.2803,X]
[31,F,0.77065,00001100,77.065,X]
[8,F,0.782895,11000000,78.2895,X]
[13,F,0.83353,01000000,83.353,X]
[40,F,0.848372,00000001,84.8372,X]
[32,F,0.868253,00001000,86.8253,X]
[21,F,0.879287,00100000,87.9287,X]
[14,F,0.906772,01000000,90.6772,X]
[22,F,0.920303,00100000,92.0303,X]
[34,F,0.924894,00000100,92.4894,X]
[9,F,0.92728,10000000,92.728,X]
[36,F,0.943098,00000010,94.3098,X]
[35,F,0.952238,00000100,95.2238,X]
[10,F,0.95267,10000000,95.267,X]
[33,F,0.953214,00001000,95.3214,X]
[11,F,0.973178,10000000,97.3178,X]
[12,F,0.976108,10000000,97.6108,X]
[41,F,0.983137,00000001,98.3137,X]
[23,F,0.992569,00100000,99.2569,X]
GUIDE_TREE_PARTITION1=(((t1:16.94,t2:16.94):49.79,(t3:36.29,t4:36.29):30.44):33.27,((t5:13.37,t6:13.37):62.69,(t7:60.28,t8:60.28):15.78):23.94);
