Taxa bit representation:
t1 10000000
t2 01000000
t3 00100000
t4 00010000
t5 00001000
t6 00000100
t7 00000010
t8 00000001
Clade List (<taxon members> = <clade name>): 

>Dataset_0
[28,F,0.0556375,00001100,5.56375,X]
[29,F,0.0585672,00001100,5.85672,X]
[30,F,0.0654031,00001100,6.54031,X]
[16,F,0.109767,00010000,10.9767,X]
[60,F,0.112547,00000001,11.2547,X]
[53,F,0.119383,00000010,11.9383,X]
[17,F,0.171291,00010000,17.1291,X]
[0,F,0.17715,11100000,17.715,X]
[18,F,0.190822,00010000,19.0822,X]
[19,F,0.197658,00010000,19.7658,X]
[40,F,0.199458,00000100,19.9458,X]
[54,F,0.222898,00000010,22.2898,X]
[41,F,0.231684,00000100,23.1684,X]
[42,F,0.236567,00000100,23.6567,X]
[61,F,0.24243,00000001,24.243,X]
[20,F,0.245509,00010000,24.5509,X]
[31,F,0.268794,00001000,26.8794,X]
[55,F,0.29907,00000010,29.907,X]
[43,F,0.312739,00000100,31.2739,X]
[32,F,0.329341,00001000,32.9341,X]
[62,F,0.359617,00000001,35.9617,X]
[21,F,0.368556,00010000,36.8556,X]
[44,F,0.381098,00000100,38.1098,X]
[33,F,0.401606,00001000,40.1606,X]
[1,F,0.410548,11100000,41.0548,X]
[34,F,0.417231,00001000,41.7231,X]
[22,F,0.442775,00010000,44.2775,X]
[45,F,0.452387,00000100,45.2388,X]
[46,F,0.487544,00000100,48.7544,X]
[47,F,0.490473,00000100,49.0473,X]
[2,F,0.497748,10000000,49.7748,X]
[56,F,0.533445,00000010,53.3445,X]
[35,F,0.561762,00001000,56.1762,X]
[48,F,0.562739,00000100,56.2739,X]
[9,F,0.581733,01000000,58.1733,X]
[23,F,0.608791,00010000,60.8791,X]
[24,F,0.644923,00010000,64.4923,X]
[3,F,0.654975,10000000,65.4975,X]
[57,F,0.671141,00000010,67.1141,X]
[4,F,0.680366,10000000,68.0366,X]
[10,F,0.684272,01000000,68.4272,X]
[25,F,0.691798,00010000,69.1798,X]
[26,F,0.699611,00010000,69.9611,X]
[14,F,0.700431,00100000,70.0431,X]
[36,F,0.730708,00001000,73.0708,X]
[5,F,0.732123,10000000,73.2123,X]
[6,F,0.760444,10000000,76.0444,X]
[37,F,0.782466,00001000,78.2466,X]
[11,F,0.789741,01000000,78.9741,X]
[49,F,0.793208,00000100,79.3208,X]
[12,F,0.793647,01000000,79.3647,X]
[50,F,0.827387,00000100,82.7387,X]
[7,F,0.842475,10000000,84.2475,X]
[58,F,0.859617,00000010,85.9617,X]
[38,F,0.874262,00001000,87.4262,X]
[8,F,0.899116,10000000,89.9116,X]
[51,F,0.944575,00000100,94.4575,X]
[63,F,0.950438,00000001,95.0438,X]
[13,F,0.95478,01000000,95.478,X]
[39,F,0.958247,00001000,95.8247,X]
[27,F,0.978908,00010000,97.8908,X]
[52,F,0.989497,00000100,98.9497,X]
[59,F,0.99243,00000010,99.243,X]
[15,F,0.998283,00100000,99.8283,X]
GUIDE_TREE_PARTITION1=(((((t1:51.69,t2:51.69):5.22,t3:56.91):34.75,t4:91.66):5.12,(t5:85.23,t6:85.23):11.55):3.22,(t7:94.8,t8:94.8):5.2);
