Taxa bit representation:
t1 10000000
t2 01000000
t3 00100000
t4 00010000
t5 00001000
t6 00000100
t7 00000010
t8 00000001
Clade List (<taxon members> = <clade name>): 

>Dataset_0
[10,F,0.00292969,00001111,0.292969,X]
[0,F,0.168945,11110000,16.8945,X]
[11,F,0.211948,00001100,21.1948,X]
[15,F,0.320347,00000011,32.0347,X]
[17,F,0.450308,00000001,45.0308,X]
[18,F,0.562612,00000001,56.2612,X]
[19,F,0.564566,00000001,56.4566,X]
[6,F,0.611267,00100000,61.1267,X]
[16,F,0.631948,00000010,63.1948,X]
[12,F,0.654331,00001100,65.4331,X]
[8,F,0.669861,00010000,66.9861,X]
[9,F,0.734314,00010000,73.4314,X]
[1,F,0.766073,11000000,76.6073,X]
[7,F,0.848572,00100000,84.8572,X]
[2,F,0.88912,11000000,88.912,X]
[3,F,0.898886,11000000,89.8886,X]
[14,F,0.936456,00000100,93.6456,X]
[4,F,0.978222,10000000,97.8222,X]
[5,F,0.991894,10000000,99.1894,X]
[13,F,0.99505,00001000,99.505,X]
GUIDE_TREE_PARTITION1=(((t1:6.67,t2:6.67):63.5,(t3:41.51,t4:41.51):28.66):29.83,((t5:22.37,t6:22.37):64.15,(t7:57.02,t8:57.02):29.5):13.48);
