Taxa bit representation:
t1 10000000
t2 01000000
t3 00100000
t4 00010000
t5 00001000
t6 00000100
t7 00000010
t8 00000001
Clade List (<taxon members> = <clade name>): 

>Dataset_0
[38,F,0.0244141,00001111,2.44141,X]
[39,F,0.0332031,00001111,3.32031,X]
[40,F,0.0449219,00001111,4.49219,X]
[0,F,0.0722656,11110000,7.22656,X]
[41,F,0.0908203,00001111,9.08203,X]
[42,F,0.112305,00001111,11.2305,X]
[1,F,0.118164,11110000,11.8164,X]
[2,F,0.120117,11110000,12.0117,X]
[3,F,0.124023,11110000,12.4023,X]
[43,F,0.150391,00001111,15.0391,X]
[44,F,0.171278,00001100,17.1278,X]
[73,F,0.180067,00000011,18.0067,X]
[45,F,0.209364,00001100,20.9364,X]
[46,F,0.21327,00001100,21.327,X]
[47,F,0.220106,00001100,22.0106,X]
[48,F,0.270888,00001100,27.0888,X]
[4,F,0.271484,11110000,27.1484,X]
[5,F,0.277344,11110000,27.7344,X]
[74,F,0.283583,00000011,28.3583,X]
[75,F,0.289442,00000011,28.9442,X]
[76,F,0.291395,00000011,29.1395,X]
[6,F,0.300781,11110000,30.0781,X]
[49,F,0.320692,00001100,32.0692,X]
[7,F,0.321289,11110000,32.1289,X]
[50,F,0.325575,00001100,32.5575,X]
[8,F,0.333984,11110000,33.3984,X]
[9,F,0.34375,11110000,34.375,X]
[51,F,0.356825,00001100,35.6825,X]
[52,F,0.378309,00001100,37.8309,X]
[53,F,0.395888,00001100,39.5887,X]
[10,F,0.412109,11110000,41.2109,X]
[54,F,0.419325,00001100,41.9325,X]
[77,F,0.420302,00000011,42.0302,X]
[55,F,0.427138,00001100,42.7137,X]
[11,F,0.439453,11110000,43.9453,X]
[78,F,0.448622,00000011,44.8622,X]
[56,F,0.453505,00001100,45.3505,X]
[57,F,0.478895,00001100,47.8895,X]
[79,F,0.482802,00000011,48.2802,X]
[80,F,0.49452,00000011,49.452,X]
[81,F,0.513342,00000010,51.3342,X]
[94,F,0.524084,00000001,52.4084,X]
[12,F,0.535156,11110000,53.5156,X]
[13,F,0.541992,11110000,54.1992,X]
[23,F,0.553113,00110000,55.3113,X]
[95,F,0.559241,00000001,55.9241,X]
[82,F,0.567053,00000010,56.7053,X]
[96,F,0.569006,00000001,56.9006,X]
[58,F,0.569716,00001100,56.9716,X]
[97,F,0.575842,00000001,57.5842,X]
[59,F,0.578505,00001100,57.8505,X]
[83,F,0.583655,00000010,58.3655,X]
[98,F,0.583655,00000001,58.3655,X]
[14,F,0.585339,11000000,58.5339,X]
[60,F,0.586317,00001100,58.6317,X]
[99,F,0.606116,00000001,60.6116,X]
[100,F,0.607092,00000001,60.7092,X]
[24,F,0.656628,00110000,65.6628,X]
[61,F,0.657606,00001100,65.7606,X]
[84,F,0.667639,00000010,66.7639,X]
[62,F,0.672255,00001100,67.2255,X]
[15,F,0.676159,11000000,67.6159,X]
[25,F,0.679089,00110000,67.9089,X]
[101,F,0.682287,00000001,68.2287,X]
[102,F,0.685217,00000001,68.5217,X]
[26,F,0.696667,00110000,69.6667,X]
[63,F,0.710341,00001100,71.0341,X]
[64,F,0.714247,00001100,71.4247,X]
[65,F,0.715223,00001100,71.5223,X]
[85,F,0.729162,00000010,72.9162,X]
[66,F,0.740614,00001100,74.0614,X]
[67,F,0.746473,00001100,74.6473,X]
[27,F,0.750378,00110000,75.0378,X]
[68,F,0.755262,00001100,75.5262,X]
[69,F,0.757216,00001100,75.7216,X]
[103,F,0.758459,00000001,75.8459,X]
[28,F,0.760144,00110000,76.0144,X]
[29,F,0.766003,00110000,76.6003,X]
[30,F,0.767956,00110000,76.7956,X]
[16,F,0.773816,11000000,77.3816,X]
[17,F,0.791394,11000000,79.1394,X]
[104,F,0.793616,00000001,79.3616,X]
[105,F,0.797522,00000001,79.7522,X]
[106,F,0.799475,00000001,79.9475,X]
[70,F,0.807997,00001100,80.7997,X]
[71,F,0.814833,00001100,81.4833,X]
[86,F,0.819983,00000010,81.9983,X]
[87,F,0.832678,00000010,83.2678,X]
[31,F,0.834363,00110000,83.4363,X]
[32,F,0.843152,00110000,84.3152,X]
[88,F,0.854162,00000010,85.4162,X]
[107,F,0.876623,00000001,87.6623,X]
[89,F,0.893225,00000010,89.3225,X]
[90,F,0.897131,00000010,89.7131,X]
[108,F,0.901037,00000001,90.1037,X]
[18,F,0.901298,10000000,90.1298,X]
[91,F,0.90592,00000010,90.592,X]
[19,F,0.910087,10000000,91.0087,X]
[20,F,0.91497,10000000,91.497,X]
[33,F,0.922253,00110000,92.2253,X]
[109,F,0.923498,00000001,92.3498,X]
[22,F,0.943291,01000000,94.3291,X]
[35,F,0.946672,00010000,94.6672,X]
[92,F,0.956702,00000010,95.6702,X]
[93,F,0.962561,00000010,96.2561,X]
[110,F,0.963537,00000001,96.3537,X]
[36,F,0.971086,00010000,97.1086,X]
[34,F,0.976945,00100000,97.6945,X]
[37,F,0.987688,00010000,98.7688,X]
[21,F,0.990166,10000000,99.0166,X]
[72,F,0.993283,00000100,99.3283,X]
[111,F,0.993811,00000001,99.3811,X]
GUIDE_TREE_PARTITION1=(((t1:14.46,t2:14.46):31.01,(t3:6.7,t4:6.7):38.77):54.53,((t5:7.41,t6:7.41):77.22,(t7:49.74,t8:49.74):34.89):15.37);
