Taxa bit representation:
t1 10000000
t2 01000000
t3 00100000
t4 00010000
t5 00001000
t6 00000100
t7 00000010
t8 00000001
Clade List (<taxon members> = <clade name>): 

>Dataset_0
[8,F,0.0605469,00001111,6.05469,X]
[9,F,0.133789,00001111,13.3789,X]
[1,F,0.212622,00110000,21.2622,X]
[2,F,0.327856,00110000,32.7856,X]
[0,F,0.643139,10000000,64.3139,X]
[6,F,0.653361,00010000,65.3361,X]
[11,F,0.783209,00000100,78.3209,X]
[3,F,0.804728,00100000,80.4728,X]
[4,F,0.845744,00100000,84.5744,X]
[5,F,0.925822,00100000,92.5822,X]
[7,F,0.931681,00010000,93.1681,X]
[10,F,0.9336,00001000,93.36,X]
GUIDE_TREE_PARTITION1=(((t1:64.69,t2:64.69):24.79,(t3:49.41,t4:49.41):40.07):10.52,((t5:37.89,t6:37.89):26.23,(t7:2.76,t8:2.76):61.36):35.88);
