Taxa bit representation:
t1 10000000
t2 01000000
t3 00100000
t4 00010000
t5 00001000
t6 00000100
t7 00000010
t8 00000001
Clade List (<taxon members> = <clade name>): 

>Dataset_0
[72,F,0.0136719,00001111,1.36719,X]
[0,F,0.0390625,11110000,3.90625,X]
[1,F,0.0449219,11110000,4.49219,X]
[2,F,0.0566406,11110000,5.66406,X]
[73,F,0.0634766,00001111,6.34766,X]
[3,F,0.0859375,11110000,8.59375,X]
[4,F,0.112577,11000000,11.2577,X]
[45,F,0.169217,00110000,16.9217,X]
[5,F,0.175077,11000000,17.5077,X]
[6,F,0.189725,11000000,18.9725,X]
[7,F,0.199491,11000000,19.9491,X]
[74,F,0.224609,00001111,22.4609,X]
[75,F,0.229492,00001111,22.9492,X]
[76,F,0.250977,00001111,25.0977,X]
[8,F,0.275663,11000000,27.5663,X]
[46,F,0.286405,00110000,28.6405,X]
[77,F,0.300237,00001100,30.0237,X]
[9,F,0.303006,11000000,30.3006,X]
[47,F,0.304959,00110000,30.4959,X]
[105,F,0.317362,00000010,31.7362,X]
[10,F,0.318631,11000000,31.8631,X]
[78,F,0.327581,00001100,32.7581,X]
[11,F,0.337186,11000000,33.7186,X]
[106,F,0.346659,00000010,34.6659,X]
[48,F,0.360623,00110000,36.0623,X]
[79,F,0.376409,00001100,37.6409,X]
[107,F,0.383769,00000010,38.3769,X]
[80,F,0.388128,00001100,38.8128,X]
[81,F,0.399847,00001100,39.9847,X]
[49,F,0.403592,00110000,40.3592,X]
[92,F,0.411966,00000100,41.1966,X]
[50,F,0.419217,00110000,41.9217,X]
[108,F,0.421855,00000010,42.1855,X]
[120,F,0.423808,00000001,42.3808,X]
[121,F,0.428691,00000001,42.8691,X]
[12,F,0.445584,11000000,44.5584,X]
[13,F,0.467069,11000000,46.7069,X]
[51,F,0.471952,00110000,47.1952,X]
[52,F,0.479764,00110000,47.9764,X]
[53,F,0.481717,00110000,48.1717,X]
[93,F,0.505716,00000100,50.5716,X]
[94,F,0.514505,00000100,51.4505,X]
[54,F,0.521756,00110000,52.1756,X]
[122,F,0.529277,00000001,52.9277,X]
[109,F,0.534159,00000010,53.4159,X]
[31,F,0.537548,01000000,53.7548,X]
[32,F,0.540478,01000000,54.0478,X]
[55,F,0.54617,00110000,54.617,X]
[14,F,0.550244,10000000,55.0244,X]
[82,F,0.563333,00001000,56.3333,X]
[33,F,0.563916,01000000,56.3916,X]
[95,F,0.566263,00000100,56.6262,X]
[83,F,0.567239,00001000,56.7239,X]
[56,F,0.570584,00110000,57.0584,X]
[34,F,0.575634,01000000,57.5634,X]
[35,F,0.579541,01000000,57.9541,X]
[84,F,0.587747,00001000,58.7747,X]
[85,F,0.594583,00001000,59.4583,X]
[15,F,0.600048,10000000,60.0048,X]
[123,F,0.604472,00000001,60.4472,X]
[86,F,0.607278,00001000,60.7278,X]
[124,F,0.607402,00000001,60.7402,X]
[16,F,0.611767,10000000,61.1767,X]
[110,F,0.620097,00000010,62.0097,X]
[17,F,0.628369,10000000,62.8369,X]
[96,F,0.634622,00000100,63.4622,X]
[111,F,0.645487,00000010,64.5487,X]
[36,F,0.648877,01000000,64.8877,X]
[37,F,0.657666,01000000,65.7666,X]
[87,F,0.659036,00001000,65.9036,X]
[125,F,0.671855,00000001,67.1855,X]
[18,F,0.681103,10000000,68.1103,X]
[88,F,0.681497,00001000,68.1497,X]
[38,F,0.688916,01000000,68.8916,X]
[19,F,0.692822,10000000,69.2822,X]
[57,F,0.693631,00110000,69.3631,X]
[126,F,0.694316,00000001,69.4316,X]
[58,F,0.707303,00110000,70.7303,X]
[59,F,0.711209,00110000,71.1209,X]
[97,F,0.71177,00000100,71.177,X]
[112,F,0.730448,00000010,73.0448,X]
[20,F,0.733838,10000000,73.3838,X]
[60,F,0.737577,00110000,73.7577,X]
[98,F,0.740091,00000100,74.0091,X]
[113,F,0.749003,00000010,74.9003,X]
[21,F,0.751416,10000000,75.1416,X]
[114,F,0.757792,00000010,75.7792,X]
[22,F,0.762158,10000000,76.2158,X]
[89,F,0.763528,00001000,76.3528,X]
[90,F,0.764505,00001000,76.4505,X]
[99,F,0.765481,00000100,76.5481,X]
[39,F,0.7729,01000000,77.29,X]
[67,F,0.790295,00010000,79.0295,X]
[68,F,0.797131,00010000,79.7131,X]
[115,F,0.797831,00000010,79.7831,X]
[100,F,0.799661,00000100,79.9661,X]
[23,F,0.800244,10000000,80.0244,X]
[24,F,0.80122,10000000,80.122,X]
[25,F,0.812939,10000000,81.2939,X]
[26,F,0.813916,10000000,81.3916,X]
[116,F,0.818339,00000010,81.8339,X]
[27,F,0.820752,10000000,82.0752,X]
[40,F,0.822705,01000000,82.2705,X]
[101,F,0.827981,00000100,82.7981,X]
[117,F,0.8408,00000010,84.08,X]
[41,F,0.854931,01000000,85.4931,X]
[61,F,0.863538,00100000,86.3538,X]
[42,F,0.86372,01000000,86.372,X]
[62,F,0.86842,00100000,86.842,X]
[63,F,0.87135,00100000,87.135,X]
[43,F,0.879345,01000000,87.9345,X]
[28,F,0.883252,10000000,88.3252,X]
[69,F,0.885998,00010000,88.5998,X]
[91,F,0.890481,00001000,89.0481,X]
[127,F,0.895487,00000001,89.5487,X]
[70,F,0.895764,00010000,89.5764,X]
[102,F,0.896341,00000100,89.6341,X]
[71,F,0.901623,00010000,90.1623,X]
[128,F,0.905253,00000001,90.5253,X]
[129,F,0.912089,00000001,91.2089,X]
[64,F,0.923108,00100000,92.3108,X]
[130,F,0.926737,00000001,92.6737,X]
[103,F,0.927591,00000100,92.7591,X]
[118,F,0.93455,00000010,93.455,X]
[104,F,0.940286,00000100,94.0286,X]
[65,F,0.945569,00100000,94.5569,X]
[131,F,0.953105,00000001,95.3105,X]
[29,F,0.953564,10000000,95.3564,X]
[30,F,0.954541,10000000,95.4541,X]
[44,F,0.959423,01000000,95.9423,X]
[66,F,0.96217,00100000,96.217,X]
[119,F,0.972636,00000010,97.2636,X]
GUIDE_TREE_PARTITION1=(((t1:47.71,t2:47.71):41.13,(t3:22.24,t4:22.24):66.6):11.16,((t5:59.78,t6:59.78):12.54,(t7:72.17,t8:72.17):0.15):27.68);
