Taxa bit representation:
t1 10000000
t2 01000000
t3 00100000
t4 00010000
t5 00001000
t6 00000100
t7 00000010
t8 00000001
Clade List (<taxon members> = <clade name>): 

>Dataset_0
[0,F,0.00487656,11000000,0.487656,X]
[19,F,0.0517516,00110000,5.17516,X]
[50,F,0.0665031,00000011,6.65031,X]
[20,F,0.0839781,00110000,8.39781,X]
[21,F,0.0908141,00110000,9.08141,X]
[51,F,0.113378,00000011,11.3378,X]
[31,F,0.120214,00001100,12.0214,X]
[11,F,0.156278,01000000,15.6278,X]
[1,F,0.176786,10000000,17.6786,X]
[32,F,0.176855,00001100,17.6855,X]
[33,F,0.204198,00001100,20.4198,X]
[2,F,0.216825,10000000,21.6825,X]
[12,F,0.226591,01000000,22.6591,X]
[52,F,0.245214,00000011,24.5214,X]
[22,F,0.246087,00110000,24.6087,X]
[23,F,0.310541,00110000,31.0541,X]
[13,F,0.32913,01000000,32.913,X]
[24,F,0.363275,00110000,36.3275,X]
[34,F,0.369327,00001000,36.9327,X]
[25,F,0.377923,00110000,37.7923,X]
[45,F,0.388858,00000100,38.8858,X]
[3,F,0.396512,10000000,39.6512,X]
[46,F,0.440616,00000100,44.0616,X]
[47,F,0.450381,00000100,45.0381,X]
[53,F,0.462011,00000011,46.2011,X]
[4,F,0.499052,10000000,49.9052,X]
[14,F,0.552763,01000000,55.2763,X]
[15,F,0.599638,01000000,59.9638,X]
[35,F,0.600772,00001000,60.0772,X]
[36,F,0.655459,00001000,65.5459,X]
[54,F,0.672948,00000011,67.2948,X]
[5,F,0.673856,10000000,67.3856,X]
[37,F,0.68378,00001000,68.378,X]
[38,F,0.724795,00001000,72.4795,X]
[39,F,0.741397,00001000,74.1397,X]
[48,F,0.752139,00000100,75.2139,X]
[26,F,0.760736,00110000,76.0736,X]
[6,F,0.761747,10000000,76.1747,X]
[40,F,0.767764,00001000,76.7764,X]
[7,F,0.771513,10000000,77.1513,X]
[41,F,0.7746,00001000,77.46,X]
[56,F,0.78147,00000001,78.147,X]
[27,F,0.78515,00110000,78.515,X]
[16,F,0.812528,01000000,81.2528,X]
[55,F,0.81565,00000010,81.565,X]
[42,F,0.858584,00001000,85.8584,X]
[57,F,0.874244,00000001,87.4244,X]
[43,F,0.882022,00001000,88.2022,X]
[44,F,0.895694,00001000,89.5694,X]
[28,F,0.909173,00110000,90.9173,X]
[17,F,0.917997,01000000,91.7997,X]
[18,F,0.91995,01000000,91.995,X]
[58,F,0.928931,00000001,92.8931,X]
[49,F,0.953311,00000100,95.3311,X]
[8,F,0.956083,10000000,95.6083,X]
[59,F,0.966041,00000001,96.6041,X]
[9,F,0.969755,10000000,96.9755,X]
[10,F,0.974638,10000000,97.4638,X]
[29,F,0.996169,00100000,99.6169,X]
[30,F,0.999098,00100000,99.9098,X]
GUIDE_TREE_PARTITION1=(((t1:92.38,t2:92.38):7.23,(t3:4.68,t4:4.68):94.93):0.39,((t5:78.79,t6:78.79):17.88,(t7:27.81,t8:27.81):68.86):3.33);
